cnumpy.random
__RandomState_ctor
p1
(tRp2
(S'MT19937'
p3
cnumpy.core.multiarray
_reconstruct
p4
(cnumpy
ndarray
p5
(I0
tS'b'
tRp6
(I1
(I624
tcnumpy
dtype
p7
(S'u4'
I0
I1
tRp8
(I3
S'<'
NNNI-1
I-1
I0
tbI00
S'\xee\xe8\xc2\xbcmn\x92rPx\x8fh\xa4\xfe\xd2\xac\xa0\x01D\xc6a\xb0\xc9!\x85\x9aw\xd7k\xc7\x01\xbbfgu\xaer\xd3\x85\x11G\xa2\x9a\x95\xa0\xe2~\xf5\x02ra\xd2<\xf8\xe8P\xf11\x92\x9a2U\\\xaf\x875\xc5>\xd4ah\xcf\xf7\xc2Fo\x9dB\xbf\xe6H\x81:x\x82\xd2X\xa3\xdaF\xfaXl\xaa\x13\xdb\xc5[\x7fz\x10\xd5\x06AZ\xc3\x1e\x9b\xe3v\xe4(\xd6\xa9\xc2\xaec\xceZ\x1e\x1f\x14^Wn\xaf\xe4I:+4\x9f\xb7\xbc\xdeyg\xd2\xd9\x91\x85\xab\x03!\x88\xa8G\x83\x97G\x10\x18\xab4\xe3!H\xc3W\x83=~\xe3\x9f\xcc\x01\xe2\xb7\\%i\xb7\xee\x08p\xbc2\x9f\xf2\x9a3\x1d\xc4\xec[W\xce%\x9dp\x04<\xebw\xfa\xc7\xa4\xf49\xefs\xbfn\xe8Y\xd1\x1e\xd6\xd2\xact\xa3\x01v\xda\xd3\xd2\x80\xe6\x8c\xddw7\xa8\x9f\xaf;c7\x1f_\x07)\x8b=V+\xd7\xb3\x96\x1bK\x93\x83\x9aX\x82\xef~\xfb\xa7\x19b\xc4\x16%\x0f\x16\xa1\xb2\x04\xaf\x83\x11\x92\x8f\xbd\xbf~-\x17{\xf5\x134^i{-\x17f\t\x17o\xaa\xbci\xde\x03H\xa2\xe4D<PH-\x81\xb9\'\xfc\xce\xa0y\xf6"\xde\x1b\xafM)q\x9a\x1c\x9e\xc3\xa9\x8a\xa5\xe2\\\x99B\x848h}\xe8\x9d\x07g\xca\x9b\xaa\xda\xd3\x9f^\xb9\xdf\x88\x9c\xadd \xc8\xb41\x16\xe5q\xe7\x8a\x04{\x82\xc9Y\x18&\xa5\x18\xd3n\xdd\x84\xbb\xcc\x85ND\xac\x97\xa2\x03\xa2\xe5\xd8\x1e\x8a\xc9\xcf\xd6\xd6\xc0\x88{\xcc\xc2\xa8C\xe8\xd2\xdei\x1e@d^\xfeM\xaeq*\xfb\xa9\xea\xbd\x94\x8f\x8b?\xdf\xf6\x19\xfcwE\xee\x9b\x8b\xbf\x9bg\r7a\xd3\x82Z\x1c\xef]\xcc*\x17h\xcf\xfaHW\x85\xd1\x83\xb9\x16\xf5\x19t\t\xd4\xb3\xe2\xfb`\x1a\xf6\xa2\x80\xd6\x05dgye=0\x15\x01\xd8\xe99\x96m\x04\x11\x90\x1c\x17\t\x1dO\xe2\xa9\xc4\xfcJ\xbfGQ\xc45B\x15\x1b\x9d\x17B\x8d\x9f\xe1\x1f<g\xc7\xb6\xeb\xe8\xc2\x98\xa8\xd5W\xbdm`Y\xa3\xfb\xc5\xf8\xd4\x13t\x02\xc3\xabF\xe8s\xdc\x98\x9aT\xa0\xb08\x05\xab\xb7\x88-K9\xa6\x01h\xc5\x82\xb3i\xc3X){\x91\xda\xb1Ei%\x13\xb7\x91\x16GO\x1aX\x135bm\x04\xa3\xc2!K\xb2Sa\xe45I,\xf2\xdf\x1b\x8c\xc3\x04\x1e\x82\x9a\xf8D_5k!\xf2\xf7\xdc\xc7E\xe0\r\xacA\'\x9b\x83\t\x18-\xf3\xaaVu\xc6\xfa\xfe\xe3\x9b\xf0\x02.8\xa8,\x127\xc0\x1a^L\xe8\x8e\x10\xeck\x1e\xb4\n\t\xb1Y\xd9l\n5\xf0i\xf9\xdc=\xcd\xa2\x1dF49\x1a\xc5x\x88\xdc\xa7L}\xcaIMx\xc9\x18\xe6j\xf3P\xb3\xb0h\t\xea~\x1a,\x01\xb4p\x9a\x89X\xfavg\x1e\x0b\x03p\xf8\x8a\x02\xa7hS*\xa4\xf4&#F\xbf\xd1\x8d\xec\xfd\xf5\xc3\x9b-\x05d\xa1\xa9\xae\xe27\xc0\xc5\xfc \xc2\xbc0\xc3\xced\xbb\xd4\x06.\x13\xbeh\x11\xb6\xef{\xb0,/"\xd0\xd3\xce\xbd\xb2b\x04\xa9\x18\xda\x14\x1c\xcd^\\I\x0bW\xc0\xc1\xdcE\x1b\x1b!\x0c+\x98\x1a@\xb3\xbfd\x03!fr#\xaad\xc8\x06\xd3G\xccN}\xc4\x86\xb8\x0c\xf9y{Q\xb0\xdf-T|4a\xe8\x8b\xcf\x1c\x8au"\x9b\x9c\xda?\xd1*\xf2\xb6\xad!CJIy\xe5\x13\x8d9\xfdF\xa4\rHV#n\xe9\xf8\xe9\xd2\x16\x1f\xf59\xe9\x17\x1f\x95\xe5\xcb4dM\xd6-T\xb5T~8F\x12Z\xcanC\x12"\xe5\xddGiCb\x0fp\xee*Hd\xc4\xa9p\xa2f+\xb4j\xb9?\x06b\xf3\xbe\x14M\xd5\x1c\xd9M\xfd==ve \xd8\xd8PH\x0f|\xcbi\xc1k\xe4\xb0}\x11-g\x02\x89\xfa\xef\xab\xb79\xf1\xa0;\x99a\xf4\x8d\x99`\xe3@\xb5 @x-%\x10\xff\t\xa0\xe1T\x93Vpi\x05\xfc]\x19\xe5\x85\xca\x05\xda\xc7\x15\xd8W)\xf3\xc5\x88\x91\xa1\xce \x91\x181\x90\xe7O\xcf\xa0*\x11\x88\x9e>|\xf2\xa4\xe7\xdf0[Z\x0f\xd4j\xb0\xc7\xa2a\xc7[\xb6V\xec\xe0\xcaFz\x88\x0bZ\x9d\x86s\xa9\x82\xecs\x932\xc5&\xd6H\xec|XZ\x05_c1\xfa\x8f\t\xe49\xf2\xf9\x05\xd6^\x9e7\xa4fX\xe0o6X\x96\xdd\x95\x8740\x05.{\\Fi\xd2P\x87\x0cq\xcco"\x9a\x18\x1f\x94\xec\x06\xfc\x1c,\x12\x9e\xedL\xf3\x1c\xa0\x0eS\x93\x16\x9bX8\xb3;\x81\xa4W\xc82z`\x01\xa2UB\x8c\x05\xd6#GJo\xfd\x9aX%\xae\xe9r_\x91+%\x9d*\x0f>3xkB\xc5b\xed\x7f\xfc\xf0N\xf6\xbb\x02\x0ch\xfb\xcc\xbe\xc9\xfa\x07-\xf5\xe6\x00\xc9k\xbeV\xfd\xfb\xeeP\x0bU\x96\x8eC\xb2\x17"\x9c\x97LP\xa6"qS\x04\x05D\xf9\xb63\xad\x10\xdaW\x87z\x9aqK\x00\xb9\xe8\x85(qvm5\xd2\x10\xe6\xa5\x13\xbe\xc3\x8b\x03\xaa|\x8f\xfe\xc7]\x0f\xc6\x7fZ\xf3\xa4\xdf\xe0\r\xd7l\x8f\x0fg\xf6\x01\x84\xceb\x8aM7>\xda\xff\xe1\xb5\xb9x&jPF\xe1e\xe6\tU\x12\xb5U\x11\x1c\xa7C\xcex\xc2G\xf1\xb0pp\x9eH\xae*(\x13\x00\x16l6\x1e\x0esQX\xddy\x96He\x1b\xfb\xee\'\\\xf2]\xecs\xbd\xff\xd55\xfa+\x86\xce\x8e\x0e\xc37\xb4r\xf3\x9f(KO\x16a\xc0\xff\xe7\x81\xd0_>?@\xba_F\xe5g\xa6j\xac\r\xba6\xb8`fm\xe9\xba\x9aS,\xc2\xb08\xd5^\xbf\xf3m\x11fk\xde\xd3V\xce\xb3[\xee\r5\x90|\xfcQ\xe5G\x8c}\xf4\xb7\x93\x19\xc5\x18\x8c\xbb\x9c\x9f\xd7\xb8\x87)\x12\x1c\x969\x92\xdf\xbf\x9b\x8f\xc8\xee\xa0\xa9\x00\xa5\xaa\xc6G\xab\xa1\xdcDf:\xfe\x19tP:\xb6\xc4\x90\xc9W\xe5RAL\'\xbb\x8e=\x15\xbe\xd3\x05\x96\xc6f\xf09\xfe1\x12\x06\xc3\xa3\x89s\x84\xc5\x01\xf1\xee\xb9\xe0\xeb%\xaf\x0fS\xfcy\xea\xd3<@\r\x1eZ\n\xe7\x1f\xaf\xc9\xc3/\xccn\xb7\xb5\x84\xc6\x96v2I\xacQy\x8b\xc8\x9co\x0e\x19\xac.\xcc\x1b!J\xb3\xa7&X\xcd\xbed\xef\xfd\x11\xd6\xbbI\x96\x9es\x12L\xc6\x9cW\x83R\xbbHj\x12e\xc6\xa6\xaaB\x97\xea\xcbF/k\x14*\xa5\xfbA7z\xcc\xd8RJ\xad\xd5(\xecz\xd4\xb2/\xd3\xf1D0\xf21Z@\xed\x18\xde\x1c\xaf\x93\xb9\xb2&\xfd!]!\r\xcf\xff\xe4Nz\xaa\xab\xa4\xd2\\m\xf9\x80r%\x1f\xd6\xb7\x045\x11[\x0cg]\xde~\\\x16xf\xf7\x86\n-\xa22)f++}\x8f;\x08\xe5\xddc\xbb\xb9\xf4\xd6,\xe5\x0e\xbdx\x1bT\xb0Dfm\x88L\xd1\xf7\x84\xd9MV\x1b$\xbaXtj\xabr$\xfe\xb9\xfc[\x05\xe6\xba\x12\xca\xe3\x82\xdf\x8b\xc1\x95\xdf\xa4*(\x8d\xd6\x82\xd7\x92\x9b\x9f>\xc1\xdc\xadR\xa7:\xde\x91\xd7\x16\xeb\x94jC\xf7\xdc\xf4!j\xb3\xab\xb2\xbd\xaeDll\xff\x83\x1dj6\x1b\xfd+\xb8\xd0\xa6\x94\xd3\xda\xde\xa5G\x11\xedS\x91\x83~\xc5F\x08r\xa8@D\xa3\xd0\xfaW&\x1b\xf3\xba\xa3\xc81\xc7\x0edT`\xc2\x10\xb0\xd1c\xdc\xe9\xa3H\x99+\xc9Gu\xd9K\x0c\x9c\xfbd,\x87\xeb\n\xccD\x99\xdba\x031\xc7g\xc4\xdf\xc0\x17i\xe8CvV\xc4\xc5\x13\xe1\xc4k\xea!\xd72\xef4a\x889hN`\xed\x83\xfb\xfd\xb4\xdd\x89\xcbf\xb0\'j\x05^,\x9a\xbb\xca\x1c\x07\x13\xd35rU\x97\x82\xfc\xab\xbd\xf5\xbacae\x89\xc4\xfd\x16oOM\xb9\x83\x9f\xfd}\xa4O\xc13\xcao\x1e\xefG7\xbd\xfe_a\xee\xae\'\xa1G\x82\xf9t[^\xa4\xd3\xe5*\x85\xb9S0\x8a\x13&l\xbdM\xc3\x12\xb8\x18\x9a;X\xa6\x8az\x9f\xb4\xcc\x91\x1c\x9c\x9e\x8c\xa1\xf1\x1bh/\n@\xe2\x03\xca\x98\xe9{\xff\xd6\x9a\xe3\xe5\xc0\x93\xb82\xced\xf7\x93o\x9czB\xa7v&\xa8\x02\x83\xdc~v\xc6\x82\xf8W\x7f@\x97\x80\x14)8\xb4\xb4<\xf6\x11\xac\xe9\x10\xa3\xedX\xa4\x84\xd8\x0fw\xc6\xa6c\x00\x05q<O\x9c\x89\xf4\x86\xe3\xc2\xbaK\xdai\x8b\xb3vB\x8a\xe0\x14\xc6\xe0\xc08\x088\xbb\x8b{?\xb4)~\x0b\xccZ\x8e\xdehK\xbd\x06m\x0b\x02\xea\x19\xfcI\xba\xe6L(\x94\xea"\xf5\x9e\xff\x07Z)\xfb\x17\x93\t\xd7O\xd7\x17\xb0BJq\x1e\x08\x8aZ\xead\xe1bn\xfe\x05\xdd\x99\x1d\x89c5:d\xa0H\x91\xcf\xdavT\xf2-:$s\x9a\x80@\xabr\xf4\xe0$_\x1eW\x02M\\n\x079\xe6\x95\xf6\xf0\xb9\xb2\xaeo>\x82\xad{\xe0\x98^\x84xy\x80+C\xcaY\x9b\xf4\xc3e\xbf\xb8\xcfp\x13\xcd<\x12?q\x97h\x0b\x0f\x01\xca\x0bt\xa6\xe3\x82Lp\'\x9e\t\xa5\r\xa1)p\x1aO\xc84T(B\x9e\x14\xf1\xa7\xaf\x8b\xf8g\x19\xa0\x9c0\xc5[E$\xb1\xe0\xf3\xff\xfc/\xa9\x19\x9b\xbc\xe2\xaf\xa1\xca>\xd1\xbd\xbc\xbc\x1b\x0f<\xa2\x18\xd9\\\x95\xcfE\x04\xca\xba\xc3\xebI\xe0\x8b;~\xad\xab\xa9x\x02\x99\x11nd\xe8\xda\xf1\xbe\xc9J\xdf\x03x\xb7\x86L\xd7\x84\xb6\x06p\'\x90/6\x10bO\x085q0t\x1c4\xec\x14\x17\xab\xc0\xacJ\x16\xc2\xf0\xd1F\x10\x04n\x1e\x18\xa3\xfc\xcf\x9f\x06\xcc\xd2\xc9\xae\xdc\x19j\xba;\xd3\xfd\xabdd\x85\xe4\x89\xb3\xacg\xe8\t%\xb6*4\x1c lj\xdc\xa2H\x1a\tba\xf9\\;k\x13\xc6\xe8b;\x1eI\x1fef&\xf9p\x80\xb5\xcd\xb8\xe1\xa03\xca{\xf5\xe0\xe6\xa9\x13\x07\x17\xd7\x97\xfb\xd0\xf1\x87\xa0\x91F\xce\x80\xbe+\x9f\xc7\x07\xdf\xdf\x9e\x93\x03\xdf\xaf\t}\xd5`\xb0\x93\x04\xfd~\x9a\x1c\x83\xf8\x82\x17\xd4>\x80m,\x89\'\xa4s\xe8\xa1\xd5\xd9\xef7 \xce\xf0\xb5\xe4J\x8a\x16\x9d\xae^A\x8c\x1a\xbau\xf0T\xdf\xaa\xe3^3U\xd5\xe9\x0c9\xb6\xc7\xfa\xfe\xee\xff\xb2\xc4\xfcA\xd3\'\xfbg\x92R\x08\x0eP\xee\xab\x1c\xf7\xae/'
tbI624
I0
F0
tb.