cnumpy.random
__RandomState_ctor
p1
(tRp2
(S'MT19937'
p3
cnumpy.core.multiarray
_reconstruct
p4
(cnumpy
ndarray
p5
(I0
tS'b'
tRp6
(I1
(I624
tcnumpy
dtype
p7
(S'u4'
I0
I1
tRp8
(I3
S'<'
NNNI-1
I-1
I0
tbI00
S'\xa6\x1f6\x9a(\x01\x96\xf5,\x86T \xe0\xd5\xfd\xbaI\xf9U\x1a\x9bS*\xe7]\xfc!\\\xa32!\xfc\xad\xe4\xcc\xdb\x9d\xbd\xfe9\x88\xc4\xed\x04\xea_ \xd6\x8by\xe3\xda\x91r>\xe3\'\xe8\xf9\xad\x0eA\xb2Td\xcf\xbf\x9fF\x040\xca\xa4\x1c\x0e^\x11\x85\xdew\xc0u\xc4\x8b\x83\xe5%iI\x050II`p\xb8H\xc0\x15}p\xe3:z\xcd\x8du\xec\xaa\x02\x05\xa40N7\xda\x83>OC\x9f&{\xc6U|\xa6\xa75\x96\x89\xe4\x1fK<(\xfc\x8c\x9e\t\xa8F\xd2\x8fdz\xdb\xb5\xa7\xaa\xe0\xbb\xf8\xe7hGl\x0c\x87\x9f\xeb\x82\xdc\'\xc9qQ\xa0\xd7\xc5\x10\xf7\xaf\xdfFBu\xf5\x8c/\x1d\xeb@\x0e\x87\xb4\xd8\x1fx\x18\xf0\xa0u$U\xf0\x80v1\x90\xcd\x95\xeatH\x92?\x90\xdcG\x8e\x82\xf0$yE\x9e1\xa3k\x83\xb3\xee\xdf\x14i\xb4Y!o\'\xb0\xe0\xd4\xbc\xaf\xf7\x8f26^{\xb0\x12\x8b\xcd$\x18B\xc8\xe5\x88\x9e\xfcm\xaai\xab\x91\xd1\xc7\xff\xe0\x10\x18\xda\x0f>\xa2\x8f\x027(\xc7p\xa5\xdd\xa5\x8c"77\xed\xdd\xdb\x8a\t\x9dXxO\x03;\xa0WNU@\x8bL\xd0\xc3H\x10{\x01\xd48\xdb\xc7\x94<I\x91\xbc\'\xa4\xf9CJ\x98Z\x13\xe2\xaaL]t\tX\x81`\x86\x18\x82\xf3\xb2\xe2F\x9a{$\x03\x16\xd6\x9b%\xf3\xd9\xda\x12\x8a-H\x14\x02\xdbS\xbd\xad\xa6\xe4\xf3\xd8\r\xd5\x04\x7f6}1C\x8f\x10\x92wp\xce\x18\x8e\xb82\x933\x15<\x7f\xb0a\x99\xd8\xc08a\x1a\x0es9d}\xbfx\x9e\xd9R\xa1\xada\xc7\xfa,\x96b\x8c8\x99\xfb[\r#F\xb9!\x92\xa1\x99N;#\x163\x87ME\xf7$q\xfd9\xf8\x95[\x05hM}[\x96\x93k\xa8n\xb6p!\xc6\xdeB\xc5!3D\xbe\x92G.Y\xdfv\x16\xa5\xce\xe1\x12\x9d\x94cf\xb5K\xa4\xb0\xb7\x13\xc5e\xe0\xb97H\xf6\xb6.\xc0\xf2\xf1\xb4!\xd8@%.\xea\x8e\xf4\x93\xc8\x93F\x157\x99\xc7\x10\xd0\xe8\x82~}\xf0\x90\xa0\x0e\xa3\xb0\xa6\xfe\xeaS\xa8i\xc1\x07\x86\xceF\x89{L\xa8\x99d\xb6\x8dB\xb9\xa5|\xb9\x9aN_\xbb:(\xad"\x87G\xa0\x15P\xdf\xdd\x98\xc9\xdbQe\xbf\x03C\xd0>4\xdfx\xa5\xe0r\x16\xb9\xdb`\xa1\x9a\xfc \xb9\xcf\x85\xd1\xe1DEp\x1eap\x19\xf4 4\x98\x84\xefQ\xf4\x0c\xa2\nj|\x87\xb1\xa8\xbeW\xad@|3#p\xdd\xb9\x08\xfeDY\x9e\x94\x177\x12\x87\x06B\xf0\xce/\xcf\x8fs\xe2$%\xffl\xc4\x9e\xd0\t\n\xec\xa6\x84\xa3\xf2\xc5\x0c\xed\x1e\xe3\xed\x7f\xa3\xf6\xb0\xafa\xa2m4\x7f\xfb\xb4\xf42T_\xd5\x11\xa5\xb2\xbb\x1d\xfao\x14\xe8\xa1M\xd9\x13\x8b#E\xca\x85F\xea\x93@\xb8\x9a$/\xa6\x97\xc1X\x07\x80\x0b\xc4\x13\xd8QT\x99\xc3t%>\xe4\x1a\xdahW\xcc?\xee@\xba\xcf\xbe,_Ex\xac\x92\x18\xca>\x1a\xef\xa7[\xc0\x04\x82\xa5\xeax\xd0\xee\xed\x1f\\\xebnD5\xe6_E.\xb0\xed\x8d@O|\xde\x15|\xdb\xab<\xd3,Ck\xe7"s\x8e\xa2z\xb3?\xe2#\x1f\xa4\xefx\xf0\x0e\x84__{\xb8\xea\xcf\'A|\xdd\n\xf6\xd7;F(\xf2\x003\xe3\xc4\xb4\xc6=\xa6L\x7f\x90\xa4\x8bL\xc9Ee\xbf\x95!\x12\xe6\xd1\x94)\\D@\xf5\xcd\x01\x8c\x9eU\xe1\x16\x9f\xa5\'Y\x12\x7f\x01\xd3;\xf1\xae\xf5\x87\xc0I\xe4\xbf\x16\x1dd\x9aq\x94\xddXz\xa4\x99\x07Q\xd3<\xd9\x895x&\xfai\xf2e\x12\xe9\x9a(\xa6\xf9g\x1fB\xb7\t#d\xf0\xc9&\xaa\xfd\x89\x10\x02_\x0b\xe7\xdd\xdf\xcc\xe1\x87\xab\xf3\xc22\x0f\xd7\xc7\x82\xac\xea\x7f@\x90\x8a\x94g\xeb\x91\xc1X\x02\xaegxN\xba\rG\xba\x19l\x0f\xb3\xf7\xaaK\xe7\xd43\x9b^\x14\x8a\xc0\xb7\xe6&\x8cO\x07\xa2Cr?vp\xdc\xb2j\xac \xf2\x0e\xcf \tO\xd3\x14\xb7\xcd\x01\xe0]6\xc7\xcd\xe7\r\x8f\x80\x8e;q\xa9G\x9b) /\xe8h\xb4\xcf\xd40+D"\xef\x1e\xe7\xb4(d`7\xb1<xJ\xd4HP\xd3\x85\xbe\xb4\r\xd7\xbd\x1b\xdd\'\xe0.\xbe\xfdr\x98\xa7\xaf\x95\xd3\xd5\x9dM\x15\xaf\xa5hX\xfa\x9d\xa0\x05Hp\x9e\xab\xac\x95&\x15\x98]5\x9c\xbedgKv~\xc4\xe50\xf8\xa2E\xb3O \xc3\xa0\xfbu&\x82\x9d\x97\x04\xf1I\xd7_\xe5U\x8b\x9ejQD\xb1Tk\xb6\x08\xe24\xa1\xde\x0f`\xfd\xce?\x82\x1cc\x88\x82\x7f\xbe\xd9\xcav\xb9|\x05\x89i\xe6\xd5?\xe8]@\xcah\x8c\x1c\xa1\x1d1\xe2\x83\xad\xe2\xa1\xfc\xcc\xc9\xf4\xbd\xabA\xc7j\x08\xcc\x02\xd8\xaeU>J-\xbb\x96\xb0\xe1\x04k\n\xc9\xbd\x07\xce\xe3\xf2\x14$\xd9\xbe\x1d\x17/Jt\xf6\x16\xfc\xac\xe6\x03C\x16\xd9\x0e\x92J\xdb\x0f\xb8\xb3]\xbb3\x93\x17N\x13\x15/,p\n\x87\xd8bqw\x90^\xd6\x1e4\xe7\xe5\xed\xaf!3u\xc5>[U\x93\xee\xa4;8\xf2B\xa3\xbf}m\x13\xa9\xeeDYv\x97mCn\x08\xaf\xa3\xd7\xb5-E\xaa\xfdX\xfd\x19\x07\x91o{\x06\x11Q\xf5\xd5\x81fA\x9c\xff\xff\x0b\xe3\x9e`\x82w\xf4k\xa2\x1a\x9f;\xa6\xde\xd7\xdf\x7fE\xe1\xa4\xfe\xfc\x99s#V4R8\x10%+\xccfU\x9f\xe5\x08R\x03\xff\xc8\xc0\xe7\x8e\xcbX\xfb\xca\xa4\x89\r\xa3\xf4C\x18\x99><\'d+\xb2\xb7\x8cu\xd8\xed\xde\x171\x8a\x17\')\x8c\xd87|\x9a?<\xa8\x15\xb7\xf3\x11[\xfd\xee>\xcf^\x12&\xf3)\xfc\x8b!\xa1\xd7\x9b\xa9\xddRb\xeb\xf0;\r\x11\x89\xed\xc63r\xe3x\xbb\xc9\xb9\xa8b"\xde\xe2\xce\x9b\x9e\x89\xeb\xc1\x19Q\x03|\x02k\x0b\t\xd0rc\x051\x1a%I}\xe8\x11\x08\x94\x08\xff#\xf2L>1\xad\xe0\xcejdJ\x18\xae\x1a\xdc\x80\x92\x0c\x85\x8a\x1c\x8e,\x9f(\x82\t\x03<I\x16|:\x9c\x80z\xc5\x97\xd4_\x14\xcb&\x00d"w\x97\x06G\xf9\r\xb44\xef\xe24\x19=}\xa2A\xb9\xdd^^\xd2P\x91!\x99b\xc4N\xd1\x9a$\xc1CMk6\xbe\xc5\xfa\xd2\xa2\ry\r\xd7\xe6\x03N\xe8\xbb\x0crhp\xcd>\xf0~L\xb1\x043\xd8\x16\xa5\x7f\xfbA:\xean\xe7\xb0\x85\xb8\xfe\xd0iK\x8avG\xa6~N\xde3?-\xbc\x9f\nt \xc7\x9f#k\x14%\xda\x1c\xfb\xdb\xbe\x02\xab\x9a\xae@Gkw5/\x90\xdb\xd0#\xb4\xaa\x0e\x1d\x07(\x7f\xd0\xf3\x1cB\xf2\xdb;YE\xc4\xc4\xc4}[:W\xac\xeb\xa3\x92\x06\x0c\xcc\x8a\x7f\xfdGU\xb2\x0e\x1c\xbcy\xc2\x8f\x80P\xeccd\xb2!.\x8c\xbf]}\xf6\xca\xde)\x117\xe9qvy7\x85\xc6U[\xc8"\'\xe3\xe8\x15\xc0\x0f\x1aQ\xe0\xf4\x17 \xefX\x152p))u\xff$\xa7K-6\xf7\'\xdfn\x9f\x1aQ\xf8\xdd\xdbR\xb2\xaf~\xa9\xc3s5Z:\xe8\x81\x86\x0b\x1e\x8a\xfc\xe8C0\x8f\xe3\xa2\xc4\x8e\x9dE\x02\x0c\x84\xb2(QXH\x1f,\x1dw\xd6\xbf\xc4="\xb9\x82$\xb1j\x90\x13\xbdjn\xd27x\xd5\xc6\xfa\x81\xc8og\xde%&,\xd4\xa6\xb9W\x10\xaf\xda"\x1aC9\x1c~\xf0)|\x9b\xbe\xb2\xeb\x0b\xf4\xa9\x0f\xce};\'O<\x12y6\xab\xda\xdcP!\x08\xa3\x9ct\xe9\x13l\x1f\x85\xfd\xba\xca%\x0b\x99\xa4\x8d\xe4#@\x884Q\x13c\x85\x05rj\x15\x1cU\xb8\xd6\xf4t\xaco\xdf\xe9\xcc\x04\x1b\xe9\x0b\x14E\xc4\x02|\xc0`\x9a\x9cI\x03]\x91\xa7E8\xa8Q&S7\xa9\t}\x9fw\x84\'I\x15\x9f\xfc\x8b\xcdRO\xf4\xee\x1ep\xc57\x89\xb7\xa8\x8c;9\x80\xdd\xdaV[S\xdd\xed\xcf\xce\tI\x8f\x90\x1e0\xf1l&Ru\xd4\xa4\xdb=\x0c\xa5G\xb9\x0fMQ"[n>\xc5`\'\x04\xb2\x80/\x92E\x15\xf4\x0e\xbch\xacS\xe5\x14\r{\xcb{\x05\x8av%,.\x8f\xaa>\xdeU\xbc\x1b\xfb\x122\xa0\x1d\xf3m\x19M#\xb3\xddV\x9aI\xaf\x10\x99\xbfR\x08\xc2m\xea<\xd7_\x02\x03\x16n\xf7\xfc\x87\x96\x06\xea\xb4]:u\xaaT\\\xe4\xff\xbd*\xc3\xec\xee3\x7f\x80\xc6\xd5\x06\xd9\x8bG\x02\x8d\xa8\xe9pa\xaa\x1d\xc1)\x9fJ3\xa3[D\xee\xbd\x0f\xf9nt\xcc\x11H\x87i\xc5\x8bZ`Mh\x99a\xe1\x84\x9f\xb5\x0c\x88W?\xda+`\xa0\xd3\xf4R\x19\xc3\x9e\xac\xbcy\x1bHg\x9aC\xb8Z"\x8c\xf2\xb4u\xdb\x18\xf4\xcb\xbb\x06p<\xdc\xa7\xa8\t\x10\xa4\xc8\xc0\x88\x19\n\xc9\r,\xd1{\x02=\x80\x8c"\x19\xe0g8\xab3\xddG\xea\xef\xb5\xcf\xe9\x01\xdd\xcb\xe6~\xc8S\xe8\x0b\xba<\x0b\xa5\xb9\xc3\xfb\x15\x05\xc5\xea\x90FJ\x07\x06-\xf1\x12W\xaa\xc7%}\xfe\xa7>\xa2\xe3:(N;n\x9e\xc0\xbeZY\xdd3O\x10t\x91+\x07\xa4\'!\x96\x89q\xf7\x97eG\xfbp\xfd\x92x\xb1\x19\xcc\xe3\xf4\xba-8\xe5\xc1:\xb4\xbcR\xab\t10\x11Bs\xf8\xc0\xa6a\xcc\x03\xe5\xaeG\xeb%(\x95\x03\x1b\xdb\x1f\xd1\x85L$\xe2Q\xc3\xe0\x8b\xd6\x97)\xad\xe9\xce0\xce\x8f\\\xc0Z\xa8<\xf5\xe7jE@`3a%>Gt\xbcS*\x11\x96k\xf3\x94\x1aS_lN@\x019\xe1\xa9HE\x9b\xd4\xe9\xef3z\xcd\x93B\x08\xba\x1c\x81\xcd\xc8\x05\xb7v>\xef\x17\xda\xd9\x83\xe3dt\xaa!\x8d\x01\x15}q\xf5/~24\x04\x1eH4\x18e![\x02\\\xcc\x88\x12>V^fX\xffBEaSG\xfe\xcaki\xf1\x970\x03\xfcL\xe0+\xe6!\xd2\xd0%=\xee\x8b<?\xb3\xc7\xa8\xdb\x15\x11\xc9\x93a\xf9\x879\x84\xd9E\x96Z\xef\xafnP\x99-\x05%\xf87\x8b\xe2s\xff\xa5\xab4\x06-\xad\xed\xf8-\x9a\xee\x9d\xed)n\xd6\xd9\xd7\xf0\xedM\xde\xa2\xa9 ,\xe3fF\xd57=\xf8\r\x06k\x1a\xf0\x06\x87\xd4\x81:\x01\x89h'
tbI624
I0
F0
tb.