cnumpy.random
__RandomState_ctor
p1
(tRp2
(S'MT19937'
p3
cnumpy.core.multiarray
_reconstruct
p4
(cnumpy
ndarray
p5
(I0
tS'b'
tRp6
(I1
(I624
tcnumpy
dtype
p7
(S'u4'
I0
I1
tRp8
(I3
S'<'
NNNI-1
I-1
I0
tbI00
S'\x8b)\xe2\xea\x90\x04\xbd\xed.\xfa;\xda\x88\xbd\xa6\xb7.\x1c\x96\xfe\xa8\xec\xd7\r\xc6\xc1\xd2p\xf1\x85\xdeN\x15wl\xd4C\xff\xd1GrO\x07S\x99\x80\xc82\xba\x8f\x81\x9dp\xca\tC\x9c.\xb3\x1b{iS\nv\xc7F7\x8a\xdd\xaa\xeac\xbf\x1e\xca\xaaI\r\xb7\xd6\x8b\x18ot@\xaf(\xda(+\xb8`4\x06A\x1c\xd2\xfcB\xc0\xd0\xad\xfb\xaaf$\xfc\x96^\x0c~\xf0\xc0\xad.\xe5\xf1\xe4\x1f:^\xb9P\xef]}\xcf\x91\xd0n\xea\x08E0N.ro}8Ug\xfb\x1av\'\xcaj9H\xcbKx\x8a\xf8D%\xccB\xee\xe7\x850]\x03\xe8\xbe\xc6\x14\xdfw\xe8)\n\x07\xea\xdb\x14G\xe5\xc6\xaf\x0e\x0f/#\xd4A\xfb\xb27hu\x10\xe4\xad u\x86\x9d\xc3\xfb\xfdy\xc4\xfd"#\x84\xbf\xf62\x85\xc8.\r\xdaH\xb2\xb1A?\xbb\x1eJ\xb2\x0b\xaf P\xec\xb6_W\xb2\xb9\x97\xa2ruO\xe90I\xa7\x17\xf4\x19\x8fK\x9a#\xff\xe1(\xfa\xe2\xebei\xc3\xbep\xf6\\D\xf64\xba\xd3\xa0\x95R\x91\x1bW\xd4\x9e\xf0Z\xa9$7\x94\x1e\xf4\x84\xb3a6\xd9\xa5}\x884\xear6\x9dX\xfdL5\xe9\n\xc5\xba\xb5{\xa6V\x7fIU_\x00\x88Ls\xca3\x0f3\x80\xa0\xbc\xfb\xf2\xd8\xfa\x91+R\xf0\x8d6puU\xf7\xe4gG\xc0f\xbamv\xaaF|\xe1p\t&\x88fW\xc0\x1f\x17\xca\x85\xc4G\x12\xd3#\xe9\x1b\x99\x9cl4$\x96\xcf\x14t\xd9\x1a\xadfc\x00*\n\xec\x93\xeeMxa\xdb\xe6\xf48\x814\ns8\xbc-a\x08\xc8\x7f\x8b\xf7\x89Af\x8e\xdc\x90\xb8W\xea\x96\xff;@]\xa9\x1es(\xf3\x17\x81\xfd)L\x0e\xda\xbb\xdf\x87\xb5y\n8\x1aGg\x98(\xa4|\xde\xe4\xd6\x8e\xda\x01\xb28\xfd\x18\xf1_I\xdf:4\xd8\xef\x0b\xe2\xb7Ev\xce\xd4\xad\x8fI\xc0\xa3\x1fQE\x82q\xf9h>\xff6\xab\xc6U\xa3\xfe\xc84\xa3\xa4\xbd\xa1Su\x1dF<\x80\xfe\xcd\x90\x89\xc0\x15\x92"^\xe2\xca\x14\x1a\xe3\xf27\xc5g\xcd\xe4B\xf7\xadOw\xdcmt\xc1I\x1f\x94\xd7<EZ\xab2\xea@\x94*\x97\x0ezQ7\xc1y\xd9\x9e\xb44o\xc7\xe4\xebN\x98jF\xc7\x17\x82b\xa8\x0ec3\xba\xbf\x9c\xe2\x92T\xf5 \x05\xe8HY\xc2\xc96\x17 \x88\xde\xc7\x8c\xff\xc1\xc3\xce\xc0\x9d\x96\xf1\x80Gz\xfb\x19b\xfdE\xe6\x9b\xf7\xfb$\xfc\xed3\x1e\x85\xd4Q,\xb7\x9f\x1a8\xb3\xa1\x90\x1c\xa6:[\x84\xa0y\x93\xfa\xeb\x13\x1fP\x04\xe8\x8bN\xa9^\xb1\x87\x8a\x0b\xd2k\r\xdcRL#\x0f\xab\x82\xcd\xe5\xa3\x1d\xbb{\xe5i\xc1\x88\x80\x80\xafbUE\xc7\xad7gz}%\n\xa7O(\xf5\xc8\x9aQc1W\xe0i\x0bZ\x82\xe9m\xc5\xc7L\x87<!\xd5(\xcb\x11\xfb\xaf\xf2\xc77\x86 \xcf\x9c\xd20G\xdbt\x96>\xf9n+:\x7f(\x99\xfe\xafy\x84\xdc\x17\xc0\xc6\xf4<\x87\r\xef\xfc\xd8\xb6L\xadbI\x89\xfb\x94\xbfm\xab\xad\x87e2\x11\xc6\x14T\xf1\xffA\xbc5}@f\x95i\n\xb2\xb30\xf5uF\xc89\xd7\x80\xed?\xeb\x94+\xef*;\x05Zq\x025\xe3\xdd\x0bl\xc0\x05\x039\xd2~\xd1\xd9\x82\x91\r\xbb\x15[\xed\x19\x94 \x03\x10\x05\x8bf*\x1a\xd2_\x80\x1b(\xa3\x9d$\x9d\x8b\xaa\xff\xa1F\xb4*Hc\xd8s\x99\rD\xc0\xd4|\x8dQ\xc8\xa2<\x9f\'4\xf1\x80W\xed\xe1\x1alho\x04\xdf\xdc\x85\xb6\xa1{\xb9\x9f\xd62-\x10\xc8\xe1N\x85n\xd1\x82\xe9s\xb4T\xcdd\x89\xd8\xfbv\xed\x8f\xa5]\xcf\xc4":k\x1b\xc4\xc7\x9cX/\xa5\x0e\x14\xba\xaeX\x82|\xfb\x07X\xfb\xe3cR\xc8F\xcd\xa5\xb0]p\x83\xdd\xe4\xaa\'\xcb\x07\xaf\x05A\x8fY\x96$\xd3\x1b\xa1\xd67\xe7\xdd\xf2\x85C\xa9\xef\x8fG\xb8\xea6Ff\xe6E%\x9b\x95\t\xb4\x92\xfd\xf7}\xca\x08\xd2\x02{\xc4\x89E\x8c\xa3\x80\x17\x05{\x8f\x9c[\xba\xd3XWp\x03E\xb8\x082U\xd7\x00*w4\x98\xf0\x86\xc5\xac_\x97t_\x9b\xc2\xb7\x81y\x98\xb9\'\x0e\xdaH\x10\x8a}0\xa2\x8d\xfc\t\x1e\xb1M\xde\xf6\xfa\xaa\xe7\xc1\xe114\x9d\xc6V\xb96\x9d\xdeE\xbc\xbamK\xc5\x90r\x00\xf4:`\x11\x17\xab0\xe7\xa0j\xaa\x8c\xf2V0TA\xfc2o\xb1}\xddv4\x1d8qs\x0b$\xbdJ2M\xf9\xbf\xc9\'\x97\xd0,\xd3\xe1\xc9X\xce$\xcb\xd0\x9cG\x16&\xc5n\xe0\xf7\xd6\xbf}1h3Xa\x14#\xda\xdd(\x9a\t\x9b\xbf7Ax\xcd\x93c\x0b\xe5\xa6\xb9{\x0c]\xe4\x82\xab\x8fF\x98n\xae\x97\xd7,X\x9d\x15\xd2l \xa1\x14\xa7Y\xdc\x16\xe4\xd00\xfe\x12\xad\xd2U\x92>\x9a&\xb6\x08a\xd0\xb4\xfeLd!\x9bX\x11\xadc]\xdf\x8b\x92\x90e\xb3\x10|\xd3\xb6\xd0r\x08;,<*\xf2$%\xb8\x0e\x19\xd5+\x17\xa3\xd4\x02\x91\xd1|\xd8*\xc8\xe9\x8d\xef\xbdn&\xf3l\x8a\x0e@\xcc\xcd\xf3\t3\xdf\xa1A\x0f)\xfb5i\xb7k\x93\xc8\x9d8\xb8K\xdb\xfe\x96\xd3J\x83\xda\xcbn>TA\xc2\xf0\xecJ\xb5F\xf5\x88\xe9\x1c_\xb8\xbc\x07b\x93\xe8\xc4U+\xd3Z\xd3&\xce\xc7\x94\xb7l\x93\xe5\'\nc:,\x01C\x07\xf5\xcb\xb59k\xd2\r{\xf6\x82L\n\x1dY\x10\xa8\x81\xc6\xe9\xf6\xac\x01\xb6\xf3\xd9W_\x84\xf0\xe8\xf8\xa4\xa0\xd3\x0ez\x08\xf5\xcb\xa96Q\xda!_\xc4\xf4T\x03\xecu\xc9\xe4`\x1c\xec\x8f,\xa34\x93\x15\x98\x14\x16\x1a>\x8a\x8d\xa1}\xcc\xf1!\xf7\xa6\xa7\xaa\xcb\xbf\xc1O6\x9e\x114\x80\xc2\x15"\xe1\x0b\xff"\xd1\xaaK:3m\xd9\x1b\x07{1\xc4{v<\xe3\x05\n6\x1b\xd0U\xd1\x17\xf4l\xea}Ai\x06\x94q\xf2\xa1\x14\xb9\x15\xe7\xd72\xf3\x83\x01\x14\x02@&i\xf3\'\x90\xdc\x90\x1b\xabW\x8dY\x84\xde\xfaA\x18\x1a~\x11l*\xf3ZY\xb2N\x1a\x06]\xee\xc8\xcda\xbft\xcdc\x91?\xc7\xd4\xc3\xac\xec\x12>\x0e\xe6\\{^?\xaa\xcc\x1b^\x13\xad\xbc\xb9E\xbb\xa3\xeb\xeaO\x82\x9b\xbd\xa8%d\x97\x0c\xddb\xfd9\x12Z7\x82\xce\xa9\x0f\xd5h\xd1\x943Tim\xf4C\x15#\xed\x89E\xa0_\x1c\xdf\xb7\xd6y\xa1\x9b\xdd@N\x19\xd5\x98\xd9\xa0\x9c\xa4}\xb7\\\x80P\x91\xa5h\xb3u^L\xffI\x1ax\xb0\x80\xe6\x1e\x9f\x00*\x1f2\xc0x\xa2\x04\x05d\xb6\x01\xd4\xb5\x9a\x04s7\xbb8\xd0!\t\x06b\xfb\x06\xd7\x85\xd0\xda@\x1cH\xca3\xac|\x8c\xf7\xd7>L\xb8\x19|\x14\x85\xe2\xaf^A}\xf1\xee|\x94V\xb3\x02\xdb\xfea!=\xb8^\x964#\x80!&au\x1c\x92\x87\xc2\xc0RQ-\x16\xc7U\xc2\x92\xf2\n\xbf\x89:\xef\x8ckjM\xc1!\xd0\xe3\xc0t\xc9N\xe1\xefMB\xeaJ`\xf7\x8a\x8c\xfe\x92\x85\xd4Vk\x0c,\xfd\x97\'O\x01\xdbF!A1\xb5\x94\xbe\x9c\x92\xf2<Q\xb4\xd90\x08#\x9d?\x08\xdf\xbf\xd6-b\x91\xf4\xc5<yQL\xeb\xb7<`\xf7^\x18k\xfcP\x92u\xbd\x86`\x18\xb9\x1d\x99\\\xa0\\\xe9\xf7w\xbbH\x93\xba\xbfomv\xf9w\xffk\xe2N\xb1)q|\xc7#\xd3\x9a\xaf\'\x91\x0f^\xfd\x1a\x98\xa2Z\xebdv\xc8\'!)\x19\xa5~\xc7p_\x04\x08\xe1\xe7\x00\xf8:\xd7p%\xc7c<OKi\x7f\xd9>\xd3|\x87a4\xa8\x8e+\xdem\xf3&\x80{P)\xc4I\xe2\xcd\x88L\xe2\xc8o\x8b\\\xa3\xa9|\xb4a\x91\xbf\xcco\xff\xec\xc77\xc0\xe8\xc0\xdf\x03Cy\x0c\x07P\xc4\xec\xbell2Y\xa34\xcd\xd5c\x17/}\x811\x9b"\xa2F\x81\xf48\x0b\xfex:t\x1du\x88\x90\xa6"O{\xf2\xd4\x9f\x0eO\xf4}\xf3I%\x8aY\'\xaa\x1b_\t\x8aP\xb1)\xe2\x0f\xf9\xf5&\xa4\x95\x11\xe5h\x04\x11\x9eC-\x92\xc3B\x08\xe0;l\'(!\xfe\xc81\x17\x04o\xbd\x18\xb5\x7f\xfc\t\x0c\xdcdD\x9bx\xedI\xcd1\xce\xaf\x89\xe5\xbf\xa4\xe2\x05\xe36p+<\xa77U\xf8$\x88\xd4\xd13\x1c\xc6J\x02\xabC;\xa8<v\xb6\x1d\x1f\xf8\x91;\x13\xd0HH\x03\'\x1e\xd3\xd0\x8cr\t\x16\xce\xaa\x01\xef\xfe\xc8\xa2\n\xb6\r\xa2\xcd\x1e@s}]c\x11ZR\x8f\xbb\xd9@\xc7\xb6F\x1dW5M\xfd\xe4\x88\xd5\x9e\x1a\xed\x8f\t\xed\x8fg^\xcd\xf1\xc1\xf3c\x03\xfc\xd3B8C\xb2\xc3\xdd\xf1Z\x93\x16\xf2\xe1y\x1a&\x93\xb52\x87YF(\xd0I\x01\x9cE\xcd\xa8\xa7\xa74\xd2\xe4\xfe\x9b9\xf4\xc9\x85k\xadm\x84\x9aHa\x7f\xd1\xf4\xe5\xed\x12\xc2\xed\xec\xca\xbf\xa0\x98:\xf5\xff\x8f\xe1\xa48\xf7\x13\xc1\x99>\x9f\xb6\x86\xdebq\xc23\x9d\x8c\xccM\xe8\xfew\x87\x0fm\xa7\xf2\xde\x05\x95\x89*\xcd*\xfbx\x9d\x07\xb0\x0bJ\xd14!!\xcaSpU\xe0\xe0\x92\x88zq\xde\xb0\x8e\x0fq\x94\x87UK\xfaT\x18\xf5\xe3\xe0?\x7fX\t57W\xdb5\xcb\xb9e\xba3\x12\xbaY\x02\xe6NjCK0\xda2!F\xd1ir`\xcf\x05\xb9\xf72\xa4\xe1hjI}\xb4zy\'3\xc2\xcec\x13\xc3\xa9\x88\xb3\xddJ\x03\xc1\n\x9b\xdc\xda\xf6\xb3Ac\xce\xe2\xe9\xa5ZH\xef\xe67\x1ci\x03\xfe?\x1f8\xa1\xf9=)\'\xa1\x7f\xd2\x81\xd6\x805\x85O\xb0\x16q\xd0^X\xaf<\x0b\x9c\xb7u~\x9e\xb2\xf4V\xc4\xc5v\xdf\xc3\xc7A\x1e[\x8e\xbe\xb2\xdb\n\x0f;F\x9a\xc2\xdc^\xd4Y\x0b\xad\x9f*\xeb\xb8\xa2\x1cux\tU\x17p\x80\xc6\xd1?\xc7\xab\xe5\x9d\xac\xe4\xd0\xb1q\x9e\xd7\xfe"L&\x97\x9fB\xa5\x8b\xd3\xe7T1l\xf9\x1c\xba\x19\xe3U\\\xa1\xf2\xe7\xc7\xb7\x0b[P\xd8sN\xf0G\xe9O\xda!\xb5\xcer\xe3_\xb5\x06iu$\xc6\xa4\xf8\xac\x81NJ\xf2\xac\x06\xe0FG\x010\xb0\x0b'
tbI624
I0
F0
tb.