# time 	 divergence 	 # of mutations 	 # IGC chances 	 IGC length 	 # IGC failures 	 Changes due to IGC  	 % change due to IGC 
0.0	0.106339468303	0	0	0	0	0	0.0
0.000791514546443	0.106339468303	0	1	1	0	0	0.0
0.00117754217397	0.106339468303	0	2	1	0	0	0.0
0.0027984825928	0.106339468303	0	3	1	0	0	0.0
0.00304142246863	0.106339468303	0	4	1	0	0	0.0
0.00559559054021	0.106339468303	0	5	1	0	0	0.0
0.00585725762817	0.106339468303	0	6	1	0	0	0.0
0.00643258326509	0.108384458078	1	6	1	0	0	0.0
0.00743323683663	0.108384458078	1	7	1	0	0	0.0
0.00921877277867	0.110429447853	2	7	1	0	0	0.0
0.0100737121252	0.108384458078	3	7	1	0	0	0.0
0.0113683340793	0.108384458078	3	8	1	0	0	0.0
0.0127098782311	0.110429447853	4	8	1	0	0	0.0
0.0168185623314	0.110429447853	4	9	1	0	0	0.0
0.0169947024538	0.112474437628	5	9	1	0	0	0.0
0.0174256963894	0.110429447853	5	10	1	0	1	0.166666666667
0.0176417159847	0.110429447853	5	11	1	0	1	0.166666666667
0.0183502713575	0.110429447853	5	12	1	0	1	0.166666666667
0.0213636495055	0.108384458078	5	13	1	0	2	0.285714285714
0.0222677296461	0.110429447853	6	13	1	0	2	0.25
0.0225587037732	0.112474437628	7	13	1	0	2	0.222222222222
0.0226922855688	0.112474437628	7	14	1	0	2	0.222222222222
0.0247213443877	0.112474437628	7	15	1	0	2	0.222222222222
0.025686658387	0.112474437628	7	16	1	0	2	0.222222222222
0.0259307357883	0.114519427403	8	16	1	0	2	0.2
0.026780056263	0.114519427403	8	17	1	0	2	0.2
0.029495274688	0.114519427403	8	18	1	0	2	0.2
0.0308963424209	0.114519427403	8	19	1	0	2	0.2
0.0314310617196	0.114519427403	8	20	1	0	2	0.2
0.0315086234308	0.114519427403	8	21	1	0	2	0.2
0.0362628773719	0.116564417178	9	21	1	0	2	0.181818181818
0.0375369615708	0.118609406953	10	21	1	0	2	0.166666666667
0.0376765921081	0.118609406953	10	22	1	0	2	0.166666666667
0.0419423106438	0.118609406953	10	23	1	0	2	0.166666666667
0.0419657685257	0.118609406953	10	24	1	0	2	0.166666666667
0.0423611068854	0.118609406953	10	25	1	0	2	0.166666666667
0.0468322882919	0.118609406953	10	26	1	0	2	0.166666666667
0.0488498292932	0.118609406953	10	27	1	0	2	0.166666666667
0.0498129761283	0.118609406953	10	28	1	0	2	0.166666666667
0.0499286028898	0.118609406953	10	29	1	0	2	0.166666666667
0.0508794101128	0.116564417178	11	29	1	0	2	0.153846153846
0.0509345732377	0.114519427403	11	30	1	0	3	0.214285714286
0.0516614736433	0.116564417178	12	30	1	0	3	0.2
0.0521906519782	0.116564417178	12	31	1	0	3	0.2
0.0536272088889	0.116564417178	13	31	1	0	3	0.1875
0.0542033099893	0.116564417178	13	32	1	0	3	0.1875
0.0544060559596	0.118609406953	14	32	1	0	3	0.176470588235
0.0551173766606	0.120654396728	15	32	1	0	3	0.166666666667
0.0558618668856	0.120654396728	15	33	1	0	3	0.166666666667
