cnumpy.random
__RandomState_ctor
p1
(tRp2
(S'MT19937'
p3
cnumpy.core.multiarray
_reconstruct
p4
(cnumpy
ndarray
p5
(I0
tS'b'
tRp6
(I1
(I624
tcnumpy
dtype
p7
(S'u4'
I0
I1
tRp8
(I3
S'<'
NNNI-1
I-1
I0
tbI00
S'\x19\x05r\x9b\x91\'\x85\xa9\x93\xeb\xce\xaa\xd7\xed\x7f\xd8\xa3\x9a\x17\xf8\x96G\'\x96\xd5T1\xdf\xa59\xfbBXo\x9a\x16\xfa\xd0\xbeD\xb5\xc5\xad\xc0\xe5sA)\x83\x99\xbe\xa2\xc7\x90\xfbR.v\xf2S\xdf\x86\xd2\x06\x1b\xed\xaaL\xa7\x85\x0b\x0c\x02{M\xad}~b\xa2\xcb\x06\x1c\x9eJ6\xc6\xe6\xb9=\xddp[\xf48\xc2\xda\x8e\xab*\x14B\xec\xc5\xe3\xec>\x82N\xc9\x9a\x7fw\x10\x01\xd8\x17\x05\xea\xcdPq\x9a\xf0\xd0Xk\xc9\xbdN\x0b\xce\x8d\xa5\xfb\r|\x15\x91\x14\xa1\xa2,\x17\xc6Q\xfd\x0f\x90B\xacz\xe8[\x00\xbc\x02\xc0\xf8\xf9\xdc\xdfy,\xbe\xd6Cd\xc6lx\x98U<]\xd6R\xde\xd8\xc0\x8f\xbf\xbd,\xb0\x83\x01L\xc6m,\xd2Q\xe7\x10_\x90g\x97\x806\x10\x1fw\x7f(\xd7q\\m\x16>+\x94\xb6K\xd5\x13\xc3\xbf^\xc5\x8c\x0f]\xfa[\xc3KR\x9dk\x81\xae\x93\x0b\xdd\x97\xb3\x0b\xf3K\xf3\xd9Yd\xcc\n\x8aS\xce \xd4%\xa7\xa2\xf3Z|\xaeG\xac\x85\xc8$\xa8\xf2CD\x8aH\xad\xd3f\x9cS \xf6.\xb9T\xcd}\x97Q\n\x00\xcb\xa4~K\x8e\x05_\x7f\xad\xd5\xf7C]1v\xc5\xcb\x17\xc7\xa2\x8d0By)8\x92\x98\xaf\xe8\x13!\xea\xd8\x91\xb3j\\4\t\x88\xd1\x17a\x03(\x8b$\xccRn2\xe4Y3\x07\xce\x8b\xd4`V\xed\x93vV\x96KJ\xcd\xfb\x985\xb2\x9b?\xf6(J@G[+N\x11(\x17J4z;\xd5\xf9ty\xe1\x86\xf1\xbe\xe3\x8aS\xb3\xaalT\x1c\x83N\xaam\xff\x8d\x95a7o\x8c\xeb\x924\xbd\xc2\x86e}S\x0e\x0c.\xa8h\xa2\xb3\xf3-\xe0\xe1\x1b\x8b:y\x85\\\xfb\xd21\xe4{\xb1`?\xebTkg\x9b42#I\xc8\xd5\xdf4EU"+\x8e\x83\xd7\xdd\x94\x191H\xb0\xcb\xf57sZ\r\xbf+<\xb3E\x9e\x81l\xe1\xa5?\x06Y\xc7\xf7\xc3\x93\x99\xdcj>\x11\xff\x92\xbazH#rO\x8c\xb9m\xa5\xeb\xfe\xc2yrIYUC\xdcY\x93\xa6\x85\xd9\xef\xb7\x8e\xa8\x05\x01\xda!\xcf\x8bR\x86Z\xea\xfe<\x12\xa9\xfeq\xf2\x10\\\xfaVa\x96\xa1\xee\x81\xb6t\x849R\xb6\x80\xd7o\xc7\xb3\x04\x1c\x119\xce\xa7\x9f\x88*\x96\x18\x82K\xb2k\x13\xfb\x03\xb5\x1a\x9d\x83\xd6\xea\xbd\xceq\t\x04\xda\xbc\xb0\xa8\x1de\xca\xb3\xe4>B\xa8y\'^\x835:*\xef\x88%\xfd\xe7ZzSW\x88\xa3\x9c\x84\xa3pb\x81:\xc5\x98\xe4\xca\xceL\x85\x86a\x15\xf5\xd5j\xd1_\x0e\xc0\xf9c\x97kr\x06eM\xea\xd2\xd6\x17\xf4\xef\xe7\xf4\xb7*\x85S\x12o>\x8f\x9bc j\xf8\x92\xb3\x1c-\xe4\xba-=\xa2SZ\xf1\x8e\xf3\x97\xd3\xe25W\xa8h\xe4\xa9\x89\x08\xe5Z\x07Z;\xa1h\xf2\xce=\xdc\xb9\x86\xc3\xd0\xf3\xdf\xfb\xeaP\x12\xf3\x8d\xd6E\xa3IH\xd9\x8a\xcd?\xdf\x01\xff\x89\x01\xc8\xb3\xb1\x9d~\x87\xa5I\xdc`n\xfa\xee|\\X\xfckT\xc4\xf1\x8c\x9a\xd1?C1\xa3\x06l?\xf5W\nX\xee\x87\xc0\xc6\xdaR\xd9~\xc8\xabF\xd8\xcf\xbf\x9d\x9d\xa5\x91\xea\xae\x96U\r\xdf3\x0f\xedR\xa3\xb8A\x82\xa0\xb7\xf6\x13\xb5_d<\xcf\xd7u\xf2*>\xc6>\x18\xb4\xa8\x14DjY\x04<\xf6-\xff\x1c\x0f\x9f\x15\xf3\xde\x108M\xb5\x897\x95d\xe5\xc1\xe0\x1cL\x99\xa2\x8aN\xde\xd6\xce\xf2\xc2\x9f\xc2\x93\xd7\x7f\xc9\x80\xe6x|.\x8e\xc6\x05/N\x87\xe1V^@i\xd2\xa3\x80q\xed\xe0x\x1e\xdar\x99\x97\x8e\xee\xc7\x03\xad\tb#Q\r|\xcd(\xa1!DeB,\x19\xecy(\xe5vB\x90\x1a\x94\r\xbe\x04]\xcb\xba}o\x1c\x10\xa5s\x8c0\x17\xab\xb1\x8c\xd0w\x9ei\xcd3\x8a a\xdcI\xe4\x95"\xed\x05k~\xc9\xf93\xc4+\xfa\x1b\xe7\xf5\x15\x18\xdd\x10\xeb!5r\xb9I7\xc4\xfdL\xae\xf9/\xb6O\xce]\x90\x92\x10\xd6\x0e\x8b\x8c=h\x9cg\xcb6\xa9z&\x98\x97c\xc0\xbc\x8a.P\x88\x83\xa7\x00P\x8dsP\x02\xe7_\x91/\x8c"\x036l!R \x94[\x95\x9a/\x82\xc1\x8f\xe4_\x91c\x923\xccO=m\xb9\xc5\xee\xc7\x01\x17\xf5\x1e\x928nb\t\xd6I\x9dt 0"\xcf\x88\x175\xa8\x07\xe3\xe7J\xc1\x05c\xf2}\\/\x08\xd6~a\x97T/\xe0I\xe9\x13\x8c\x1c4\x8a\xf5\x07\xc9\x16\x98\x85\x1e\xa8\x97\xf5DS\xa50\xe3\xf0r"\xdfP\xeb\x1dM\xcc\x82\x83\xdb\x0b\x95\xd92\xebR\x86#lK\xe7F8\xeb\xd8\x02BlQ\xcaa\xfb\x07\xb6W8\x97\xe9-\x99\xfc\x85r\x8fm\xae\x13rQz\x87\xc6c/}\xc6VE\xf0V\xddhl`V\x1a~\x93\xb6c\x85\xb2\xb5M\x13\xc7\xe6\x96\x82\x16/\xf9U!\x98\xd2\xfbL\t\xd3U\x08\x01t, \xdd\x8b\x92\x9dj\xb7\x0eo\x8f\xd4\x91\xe9\xa5Q+\xcd\x08\xc4\x84\xca\xa1$\xc5-;q\x85\xf8dm7\x10\xd7\x96#5c\x92\x874\x9e\x82R\x18D\xc0\xc8\xa6JM\xfeT\x97\x02/yb`0\x08\xc0\xdfy4\x0c\xe6&[\xf0\x82m\xc0\x80\x1b\x93D\xff\xa6({\x03z\xealI\x10\xdd\x8bG\x17Szv\\r"\xa5c\xcf\xa3\xe6|^\xf6\xdfH\xae\xfe\xd9G\xae\x03\x8c\xa5\x16\x1e\xf5A\xd9\x0ff5\x13\xc7(B\xf8\xf7k#P\x8a\xaf&\xf4\x92Au\x1e\xf5\xcb";\xf9\x14I~N\xfc\x14\xf4kN\t\xd8\x99\x9c\xc3xP\x81\x99W\xe0\xd2?\x08S\x7f}D\xda\xd8~m\t0\xc6\xf0}\xcal\xf5U~\x0b\xc9\x91i\xe3"\xb8%\xc1\xec\xfe\xd0^\xd6\x1c\x10\xb0\xc3\xd6\r\xf0\xd1\x11\x86\x1e\xf2G\tc\x15\xaa\xc7\xa6\x9679s\x82c\xabv\xf1\xc2q\x17\xb1\x03%\xca\xce\xf6c\xa0\xc0\x13U\xb7\xa7\xda+\xa1\xbe\xd6GrF\xc429\xd6oo\xfe#\xb2\xd2n\xaf\xac\xf7\x00\xd0=\xc0\xb1J"Q,]\xe2w_\x9fr\x15\xc4\xe8)\x890\x8bYJI\xdf\xdct\x0e \xb9Q\xda\x02\xd6n\xf1\x16\x82\xe70\x80I:\xb0\xe1\xb7\xb1\xb8\x16\xbb\xdd\x0c\x86\x1b\x8a\x84\xd6\xe7\x1c\x08\xafp\x1c\xad9,\xc3IB>O\xc5,\x16\x104\x9e\xe0J\x88\x9b\xa2\xa1jv\x08\x1a\x97\x04u\xb4\xa8\xb1!\x91\x1b\xe1\x13`\xfd\xed\xfc*)!1K\xd8\xfb\x86-Z\xba\x0e\xe0u\x93i~\x8dF\xfb\xba\xa9[!\xd1pXa$\x12\xa3\xed\x9e\xdel\xb9V#x\x8e\xf7\xda\x9c^\xe3\r\x819\xebC\xce\x94x(4u\xc7_\x08oT\xe9\x86\xb5\xaf\xeef\xdc\xaaT\xcc&\xdb\xdeq\xa3\xb8$1\x18y\xc3\xd3\x05E\xae\x0cIS-\xfdh;8\xe9\x05\x19\xcb+\x1c[\x9b\xaf\x1fR\n\xe4\xcb2\x00\x1e\rp \xe9KIi\xae\xf0\xeb\x1b\'}\x85N!!2\xbe\xbf&\xa4q0M\x00\xe7&NP\x9d\xc3]\xd9\x18n\\\xee\x81Z\xefw\x97uH\xb1\xddr%\xb3\xcf\xb5\x82$=\\\x99\xbd\x002\xa0\xb2_r\x17\xca\xd5~\xe8!z\xcd\xcbU)\x84\x00\x8b\xfev\xc1\xc9)\xafP\xb0}pI\xd1\x8aZi\xafT\ty\tWT\xc3\x13{4N\xbd;\x98x\x134\x05\x1f\x02\x8f\x80\x86X\xf5\xe3\xb7\xef"\xda\xdb\xd3\x19\xbb\xae\xe6\xfb\xae\xb5\xba\'\x8d\x8e\xad\xfb\x1b\x8b\t4\xdd\xdd/c\x9d\xa0\x10\xbf\xcc\x9a\xd5\x16MB\xb1\xc40\x16\xc2\xaa\x184\xd6[S#\x13k\x05w\xe3Tk\x03\xa7\xdahE\x18\xd7`A9\x99\x03\xd7[\x0cA\x0eN\xf4\xbdz\x8b\xb2\xe5Oh~\x94\x7f@\x8fW;\xb1+\xbf\xea}?b\xf6T\xa2}\xe9\xcf)3\xd2]\xe2\xa1M\x82\xeb$\x1b:f\xa1\xe1\x83\xb5,\x9e\xb9\\*z\t\x95\xbe\x8f\x96\x7fu\xa4\x92\xaa\xd0\xf6q:\x16\x08\x00\xf9B\xda\x15\x85H\xb2\xfb;\xb8\xe7\xa2\x06ST\x96U\xc5\xcb\xd6E\xbf$\xf1\xbf\x95-\xd8"\x01WY\xe1\xca\xa2\xe3Un\x9f\n6\x1d\xe9\x1b\x85"{\x13\x08\xc1\x0fF\xaa\x90\xfe\xa0*\xa9t\xe0N\xdf\x82\xf6a"\x17\xd7\x92?\xc7*\x9c\x03JET\x17\xf1\xb2A[\x9dn\xf5R\xc2\xe7\x0e\xfdT>\xab5\xe3\x1bx)\xe2/\xe9pL\xea\x92%z\xee\x83\xbcr\xb0\x8c8\xb8G\x1coa\xaf\xfa_\x18\xf2\xd5\x0c5\xf6"\x9f\r\xeb\xa6\xdc\xf4\r8^J\xfa\xb88\xa5\x13\x8e\x81\x8fa\x00\xdf?\xd64"\xd9\x17s9\x1e\\1/\xf3\x8c\xc2\x1d\xbb\xb4B\x11\x19\xaf\xb5\xb6\x93s\x8d0\xb3>\x90C\x9b}\x8e\x08\x96\xb5\xeav\xfa\xe0(\xdc\x1a\xa7\x13:o\xc4|\xda\xcb\x9aBN\xbd\xb74\x1d\xb018r?\xaabo\x0b\xdd\x1a\xd5\x91\xeb>\x84F\xe7\xe4g\xae\xdcg\xafBe\x14\xeem\x9f/\xd6\xe7\x9d,G\x1d\xd5\x8e\x18{\x971^\xc9W,q]\xbc\xdc\x8a&\x1e<\xf1\xffTw\xe4WM\x95\x8bi\x9d\xe8\x8e\xcf|\x84\xe4\xc3\x15\x8d~\xda\xc9\xc4\xc5\xe8\xe0-7\xf6\x83\x1b\xc3\x82\x82/h\'\x83O\xe9|5+\x99;\xceO\x1e\x0c\x01\x88\x94%\x8fk\x8c\x1c%\x1dC=`q\x1f\xa83\xb0\x90HU\xddt\nMY\x87<\x7f^:#\xee\xf1Vnc\xc5?6O\x88#\xd6Q\x92\xdb\xc0z\xa6\x19\xdc\x9b2\xb1\xb9\x94\xae\xe0y\x17)\x84\xf2\xb6\xb85\xa4\xab\xec\xc5\xdc(\xccb\xd3\xea\x8b\x0b\x95\x1e1{n\xf8\xeeJ\xd5\x83\xc7SP"\xea\x0b3+)\xecq\xb32\x19\xb0\xfaAR\x9d\x9c4\xd7\x9d\xf6\x8d\x01\xed\x04Q\xec\xc2bb\x03s5XL\x02\xb1\xd3P"Eq2\x12\x8a:\x15&\x127\xfeY\x8aP\xed\xa5\x92g\xbb\x14\x00\x98\xda\xf6Hw\xdbP\x06l/\xc1\x95+\x1cR"6\xfad\xec\xa9\x9bt\x96\xf1/\xdcP]P\x10E:X`y\x85\x95|\'\xc2\xe1\x914\x02*\xa2$\xf9\xb0\xe5\x0cP\x0bD\xa6\x7fc\xc8\x05L*\x8b5n\xfb9\xa2\xa12\xbc\xd6\x11\xa5'
tbI624
I0
F0
tb.