# time 	 divergence 	 # of mutations 	 # IGC chances 	 IGC length 	 # IGC failures 	 Changes due to IGC  	 % change due to IGC 
0.0	0.00613496932515	0	0	0	0	0	0.0
0.000303599861677	0.0081799591002	1	0	0	0	0	0.0
0.000806035140402	0.0081799591002	1	1	1	0	0	0.0
0.00102414208701	0.0081799591002	1	2	1	0	0	0.0
0.00183570135032	0.0081799591002	1	3	1	0	0	0.0
0.00337297286884	0.0081799591002	1	4	1	0	0	0.0
0.00406139209029	0.0102249488753	2	4	1	0	0	0.0
0.00522550199933	0.0102249488753	2	5	1	0	0	0.0
0.00531536883551	0.0102249488753	2	6	1	0	0	0.0
0.00542344400267	0.0102249488753	2	7	1	0	0	0.0
0.00663611125516	0.0102249488753	2	8	1	0	0	0.0
0.00723494913385	0.0102249488753	2	9	1	0	0	0.0
0.00751211424851	0.0102249488753	2	10	1	0	0	0.0
0.0077968904131	0.0102249488753	2	11	1	0	0	0.0
0.00941765562248	0.0081799591002	3	11	1	0	0	0.0
0.0097505550479	0.0081799591002	3	12	1	0	0	0.0
0.0102687196106	0.0102249488753	4	12	1	0	0	0.0
0.0104120469824	0.0102249488753	4	13	1	0	0	0.0
0.0107431766229	0.0102249488753	4	14	1	0	0	0.0
0.0110781012966	0.0122699386503	5	14	1	0	0	0.0
0.011729762165	0.0122699386503	5	15	1	0	0	0.0
0.0118868517433	0.0122699386503	5	16	1	0	0	0.0
0.0121924451032	0.0122699386503	5	17	1	0	0	0.0
0.0124571534888	0.0122699386503	5	18	1	0	0	0.0
0.0129597993666	0.0122699386503	5	19	1	0	0	0.0
0.013437836551	0.0122699386503	5	20	1	0	0	0.0
0.0145582090985	0.0122699386503	5	21	1	0	0	0.0
0.0146208465707	0.0122699386503	5	22	1	0	0	0.0
0.0150799850361	0.0143149284254	6	22	1	0	0	0.0
0.0159118534551	0.0163599182004	7	22	1	0	0	0.0
0.0160796573632	0.0163599182004	7	23	1	0	0	0.0
0.0167376645573	0.0184049079755	8	23	1	0	0	0.0
0.0170317203476	0.0184049079755	8	24	1	0	0	0.0
0.0172044879358	0.0184049079755	8	25	1	0	0	0.0
0.0177476641177	0.0204498977505	9	25	1	0	0	0.0
0.0184222979845	0.0204498977505	9	26	1	0	0	0.0
0.0185983692841	0.0204498977505	9	27	1	0	0	0.0
0.0205412074796	0.0224948875256	10	27	1	0	0	0.0
0.0215502932555	0.0224948875256	10	28	1	0	0	0.0
0.0222516822028	0.0224948875256	10	29	1	0	0	0.0
0.0231640185553	0.0224948875256	10	30	1	0	0	0.0
0.0231832439545	0.0224948875256	10	31	1	0	0	0.0
0.023696316613	0.0224948875256	10	32	1	0	0	0.0
0.025285461315	0.0224948875256	10	33	1	0	0	0.0
0.0253790557884	0.0224948875256	10	34	1	0	0	0.0
0.0254437701336	0.0224948875256	10	35	1	0	0	0.0
0.0256572271146	0.0224948875256	10	36	1	0	0	0.0
0.027623662094	0.0224948875256	10	37	1	0	0	0.0
0.027674271573	0.0224948875256	10	38	1	0	0	0.0
0.0277553104666	0.0224948875256	10	39	1	0	0	0.0
0.0285491785561	0.0224948875256	10	40	1	0	0	0.0
0.0300682249178	0.0224948875256	10	41	1	0	0	0.0
0.0304867977847	0.0224948875256	10	42	1	0	0	0.0
0.0314573541046	0.0224948875256	10	43	1	0	0	0.0
0.0315884727371	0.0224948875256	10	44	1	0	0	0.0
0.0321936699251	0.0224948875256	10	45	1	0	0	0.0
0.0329525155014	0.0224948875256	10	46	1	0	0	0.0
0.0330135348078	0.0224948875256	10	47	1	0	0	0.0
0.0330348320631	0.0204498977505	10	48	1	0	1	0.0909090909091
0.0334349039929	0.0204498977505	10	49	1	0	1	0.0909090909091
0.0343235407706	0.0204498977505	10	50	1	0	1	0.0909090909091
0.0347537831525	0.0204498977505	10	51	1	0	1	0.0909090909091
0.035004904396	0.0204498977505	10	52	1	0	1	0.0909090909091
0.0359745117633	0.0204498977505	10	53	1	0	1	0.0909090909091
0.0363563106986	0.0204498977505	10	54	1	0	1	0.0909090909091
0.0376351772074	0.0204498977505	10	55	1	0	1	0.0909090909091
0.0377801198799	0.0204498977505	10	56	1	0	1	0.0909090909091
0.03820968726	0.0204498977505	10	57	1	0	1	0.0909090909091
0.0385869233912	0.0204498977505	10	58	1	0	1	0.0909090909091
0.0389414870216	0.0204498977505	10	59	1	0	1	0.0909090909091
0.0394636338865	0.0204498977505	10	60	1	0	1	0.0909090909091
0.0400274089096	0.0184049079755	10	61	1	0	2	0.166666666667
0.0402097838293	0.0184049079755	10	62	1	0	2	0.166666666667
0.0403076463727	0.0184049079755	10	63	1	0	2	0.166666666667
0.0415721007592	0.0184049079755	10	64	1	0	2	0.166666666667
0.0423991049291	0.0184049079755	10	65	1	0	2	0.166666666667
0.0429075786193	0.0204498977505	11	65	1	0	2	0.153846153846
0.0437069879427	0.0184049079755	11	66	1	0	3	0.214285714286
0.043840104005	0.0184049079755	11	67	1	0	3	0.214285714286
0.0445056149752	0.0184049079755	11	68	1	0	3	0.214285714286
0.0446558069133	0.0184049079755	11	69	1	0	3	0.214285714286
0.0446895269744	0.0184049079755	11	70	1	0	3	0.214285714286
0.0448191219753	0.0184049079755	11	71	1	0	3	0.214285714286
0.0449244979258	0.0184049079755	11	72	1	0	3	0.214285714286
0.044959278057	0.0184049079755	11	73	1	0	3	0.214285714286
0.047556106567	0.0204498977505	12	73	1	0	3	0.2
0.0477277505461	0.0224948875256	13	73	1	0	3	0.1875
0.0487554314116	0.0224948875256	13	74	1	0	3	0.1875
0.0489573796985	0.0224948875256	13	75	1	0	3	0.1875
0.0498171295855	0.0245398773006	14	75	1	0	3	0.176470588235
0.0504296766918	0.0265848670757	15	75	1	0	3	0.166666666667
0.050827825141	0.0265848670757	15	76	1	0	3	0.166666666667
0.0509982958534	0.0265848670757	15	77	1	0	3	0.166666666667
0.0526199690988	0.0265848670757	15	78	1	0	3	0.166666666667
0.0528628096639	0.0265848670757	15	79	1	0	3	0.166666666667
0.0530514098978	0.0265848670757	15	80	1	0	3	0.166666666667
0.0532799257552	0.0265848670757	15	81	1	0	3	0.166666666667
0.0533310027775	0.0265848670757	15	82	1	0	3	0.166666666667
0.0539915179191	0.0265848670757	15	83	1	0	3	0.166666666667
0.0554470711402	0.0265848670757	15	84	1	0	3	0.166666666667
0.0564918187899	0.0286298568507	16	84	1	0	3	0.157894736842
0.0574839310861	0.0286298568507	16	85	1	0	3	0.157894736842
0.0582498041933	0.0306748466258	17	85	1	0	3	0.15
0.058313279839	0.0306748466258	17	86	1	0	3	0.15
0.0592333302965	0.0306748466258	17	87	1	0	3	0.15
0.0593946525698	0.0306748466258	17	88	1	0	3	0.15
0.0598413797953	0.0327198364008	18	88	1	0	3	0.142857142857
0.0604407870262	0.0327198364008	18	89	1	0	3	0.142857142857
0.0608020795615	0.0327198364008	18	90	1	0	3	0.142857142857
0.0610023535107	0.0327198364008	18	91	1	0	3	0.142857142857
0.0622852333987	0.0327198364008	18	92	1	0	3	0.142857142857
0.0635363479864	0.0327198364008	18	93	1	0	3	0.142857142857
0.0645605888112	0.0327198364008	18	94	1	0	3	0.142857142857
0.0651249872062	0.0327198364008	18	95	1	0	3	0.142857142857
0.0656756079603	0.0327198364008	18	96	1	0	3	0.142857142857
0.0658699263524	0.0327198364008	18	97	1	0	3	0.142857142857
0.0666632258054	0.0327198364008	18	98	1	0	3	0.142857142857
0.0675705517518	0.0327198364008	18	99	1	0	3	0.142857142857
0.0678681102702	0.0327198364008	18	100	1	0	3	0.142857142857
0.0679650022261	0.0327198364008	18	101	1	0	3	0.142857142857
0.0693957086646	0.0327198364008	18	102	1	0	3	0.142857142857
0.0704243735146	0.0347648261759	19	102	1	0	3	0.136363636364
0.0709560179982	0.0347648261759	19	103	1	0	3	0.136363636364
0.0709701431521	0.0347648261759	19	104	1	0	3	0.136363636364
0.071439711915	0.0347648261759	19	105	1	0	3	0.136363636364
0.0716482383814	0.0347648261759	19	106	1	0	3	0.136363636364
0.0729804441327	0.0368098159509	20	106	1	0	3	0.130434782609
0.0734972662763	0.038854805726	21	106	1	0	3	0.125
0.073676069688	0.038854805726	21	107	1	0	3	0.125
0.0742848395721	0.038854805726	21	108	1	0	3	0.125
0.0745966632853	0.040899795501	22	108	1	0	3	0.12
0.0753427408389	0.040899795501	22	109	1	0	3	0.12
0.0773310167229	0.040899795501	22	110	1	0	3	0.12
0.0774291378411	0.040899795501	22	111	1	0	3	0.12
0.0789579793786	0.040899795501	22	112	1	0	3	0.12
0.0797159146514	0.040899795501	22	113	1	0	3	0.12
0.0799787289314	0.040899795501	22	114	1	0	3	0.12
0.0800258209472	0.040899795501	22	115	1	0	3	0.12
0.0803295514916	0.040899795501	22	116	1	0	3	0.12
0.0814651639989	0.040899795501	22	117	1	0	3	0.12
0.0828147797188	0.040899795501	22	118	1	0	3	0.12
0.0829711979929	0.0429447852761	23	118	1	0	3	0.115384615385
0.0841665639472	0.0429447852761	23	119	1	0	3	0.115384615385
0.0843494590901	0.040899795501	23	120	1	0	4	0.148148148148
0.084624766575	0.040899795501	23	121	1	0	4	0.148148148148
0.0848239735245	0.040899795501	23	122	1	0	4	0.148148148148
0.0849122724124	0.040899795501	23	123	1	0	4	0.148148148148
0.0854412238541	0.040899795501	23	124	1	0	4	0.148148148148
0.085521556037	0.040899795501	23	125	1	0	4	0.148148148148
0.0856795140582	0.040899795501	23	126	1	0	4	0.148148148148
0.0862937979235	0.038854805726	24	126	1	0	4	0.142857142857
0.086336148655	0.040899795501	25	126	1	0	4	0.137931034483
0.0866009141246	0.040899795501	25	127	1	0	4	0.137931034483
0.0869154353415	0.040899795501	25	128	1	0	4	0.137931034483
0.0880051777519	0.040899795501	25	129	1	0	4	0.137931034483
0.0880103283287	0.040899795501	25	130	1	0	4	0.137931034483
0.0887132472371	0.0429447852761	26	130	1	0	4	0.133333333333
0.0893725728222	0.0429447852761	26	131	1	0	4	0.133333333333
0.0901357446744	0.0429447852761	26	132	1	0	4	0.133333333333
0.0904903428873	0.0429447852761	26	133	1	0	4	0.133333333333
0.0914197689051	0.0429447852761	26	134	1	0	4	0.133333333333
0.0917112804563	0.0429447852761	26	135	1	0	4	0.133333333333
0.0923381570931	0.0449897750511	27	135	1	0	4	0.129032258065
0.0923403297683	0.0449897750511	27	136	1	0	4	0.129032258065
0.0928552528962	0.0449897750511	27	137	1	0	4	0.129032258065
0.0946810581383	0.0470347648262	28	137	1	0	4	0.125
0.0947396478603	0.0470347648262	28	138	1	0	4	0.125
0.0953684407877	0.0470347648262	28	139	1	0	4	0.125
0.0954325065372	0.0470347648262	28	140	1	0	4	0.125
0.0954988670107	0.0470347648262	28	141	1	0	4	0.125
0.0957483965201	0.0449897750511	28	142	1	0	5	0.151515151515
0.0965485995567	0.0449897750511	28	143	1	0	5	0.151515151515
0.0973489142859	0.0449897750511	28	144	1	0	5	0.151515151515
0.0982544803323	0.0449897750511	28	145	1	0	5	0.151515151515
0.0988528168301	0.0449897750511	28	146	1	0	5	0.151515151515
0.0996233071985	0.0470347648262	29	146	1	0	5	0.147058823529
0.0999483150356	0.0470347648262	29	147	1	0	5	0.147058823529
0.100389744541	0.0470347648262	29	148	1	0	5	0.147058823529
0.100491063289	0.0490797546012	30	148	1	0	5	0.142857142857
0.101041544755	0.0490797546012	30	149	1	0	5	0.142857142857
0.101056064839	0.0490797546012	30	150	1	0	5	0.142857142857
0.103379674392	0.0490797546012	30	151	1	0	5	0.142857142857
0.10341938883	0.0490797546012	30	152	1	0	5	0.142857142857
0.103904184914	0.0490797546012	30	153	1	0	5	0.142857142857
0.104036824648	0.0490797546012	30	154	1	0	5	0.142857142857
0.105291895917	0.0490797546012	30	155	1	0	5	0.142857142857
0.106992662965	0.0490797546012	30	156	1	0	5	0.142857142857
0.107799722295	0.0490797546012	30	157	1	0	5	0.142857142857
0.108553557792	0.0490797546012	30	158	1	0	5	0.142857142857
0.109289971938	0.0490797546012	30	159	1	0	5	0.142857142857
0.109840757085	0.0511247443763	31	159	1	0	5	0.138888888889
0.110095525133	0.0511247443763	31	160	1	0	5	0.138888888889
0.110692830985	0.0511247443763	31	161	1	0	5	0.138888888889
0.111263872162	0.0511247443763	31	162	1	0	5	0.138888888889
0.111354637946	0.0531697341513	32	162	1	0	5	0.135135135135
0.111601644741	0.0531697341513	32	163	1	0	5	0.135135135135
0.113555281402	0.0531697341513	32	164	1	0	5	0.135135135135
0.113620614962	0.0552147239264	33	164	1	0	5	0.131578947368
0.113763895472	0.0552147239264	33	165	1	0	5	0.131578947368
0.114581902732	0.0572597137014	34	165	1	0	5	0.128205128205
0.114840012844	0.0593047034765	35	165	1	0	5	0.125
0.115296386029	0.0613496932515	36	165	1	0	5	0.121951219512
0.115643560389	0.0613496932515	36	166	1	0	5	0.121951219512
0.116360261929	0.0613496932515	36	167	1	0	5	0.121951219512
0.117363538948	0.0613496932515	36	168	1	0	5	0.121951219512
0.118173829352	0.0633946830266	37	168	1	0	5	0.119047619048
0.118949560921	0.0633946830266	37	169	1	0	5	0.119047619048
0.118979625281	0.0633946830266	37	170	1	0	5	0.119047619048
0.119096323784	0.0633946830266	37	171	1	0	5	0.119047619048
0.120095320109	0.0633946830266	37	172	1	0	5	0.119047619048
0.120739409778	0.0633946830266	37	173	1	0	5	0.119047619048
0.121234456164	0.0633946830266	37	174	1	0	5	0.119047619048
0.12131363119	0.0633946830266	37	175	1	0	5	0.119047619048
0.121563911267	0.0633946830266	37	176	1	0	5	0.119047619048
0.122039069082	0.0633946830266	37	177	1	0	5	0.119047619048
0.12224231491	0.0654396728016	38	177	1	0	5	0.116279069767
0.122358212178	0.0654396728016	38	178	1	0	5	0.116279069767
0.122652065903	0.0654396728016	38	179	1	0	5	0.116279069767
0.123265141066	0.0654396728016	38	180	1	0	5	0.116279069767
0.123918136181	0.0654396728016	38	181	1	0	5	0.116279069767
0.124593515935	0.0654396728016	38	182	1	0	5	0.116279069767
0.126677405798	0.0654396728016	38	183	1	0	5	0.116279069767
0.126902118195	0.0674846625767	39	183	1	0	5	0.113636363636
0.127483804484	0.0654396728016	39	184	1	0	6	0.133333333333
0.129872784298	0.0654396728016	39	185	1	0	6	0.133333333333
0.131785625801	0.0633946830266	39	186	1	0	7	0.152173913043
0.131967305052	0.0613496932515	39	187	1	0	8	0.170212765957
0.13281333618	0.0613496932515	39	188	1	0	8	0.170212765957
0.133191693618	0.0613496932515	39	189	1	0	8	0.170212765957
0.133244046154	0.0613496932515	39	190	1	0	8	0.170212765957
0.13372467204	0.0593047034765	39	191	1	0	9	0.1875
0.133779714959	0.0593047034765	39	192	1	0	9	0.1875
0.134259668996	0.0572597137014	40	192	1	0	9	0.183673469388
0.134507789247	0.0572597137014	40	193	1	0	9	0.183673469388
0.13456126894	0.0572597137014	40	194	1	0	9	0.183673469388
0.134590353405	0.0572597137014	40	195	1	0	9	0.183673469388
0.134738911489	0.0572597137014	40	196	1	0	9	0.183673469388
0.135301064088	0.0572597137014	40	197	1	0	9	0.183673469388
0.135759818725	0.0572597137014	40	198	1	0	9	0.183673469388
0.136299012979	0.0572597137014	40	199	1	0	9	0.183673469388
0.137249288954	0.0572597137014	40	200	1	0	9	0.183673469388
0.137532112818	0.0593047034765	41	200	1	0	9	0.18
0.138057017643	0.0593047034765	41	201	1	0	9	0.18
0.138155506467	0.0593047034765	41	202	1	0	9	0.18
0.138531975421	0.0593047034765	41	203	1	0	9	0.18
0.138711037591	0.0613496932515	42	203	1	0	9	0.176470588235
0.139060620259	0.0613496932515	42	204	1	0	9	0.176470588235
0.13989858137	0.0633946830266	43	204	1	0	9	0.173076923077
0.140197029701	0.0633946830266	43	205	1	0	9	0.173076923077
0.140788558594	0.0633946830266	43	206	1	0	9	0.173076923077
0.140886575795	0.0633946830266	43	207	1	0	9	0.173076923077
0.14098885868	0.0633946830266	43	208	1	0	9	0.173076923077
0.141207716162	0.0633946830266	43	209	1	0	9	0.173076923077
0.141681520337	0.0633946830266	43	210	1	0	9	0.173076923077
0.143425598614	0.0633946830266	43	211	1	0	9	0.173076923077
0.145989414658	0.0633946830266	43	212	1	0	9	0.173076923077
0.146160371548	0.0633946830266	43	213	1	0	9	0.173076923077
0.146178454276	0.0633946830266	43	214	1	0	9	0.173076923077
0.147580786892	0.0633946830266	43	215	1	0	9	0.173076923077
0.147704516406	0.0654396728016	44	215	1	0	9	0.169811320755
0.148610520724	0.0674846625767	45	215	1	0	9	0.166666666667
0.149675899494	0.0674846625767	45	216	1	0	9	0.166666666667
0.150234640955	0.0674846625767	46	216	1	0	9	0.163636363636
0.151470872359	0.0674846625767	46	217	1	0	9	0.163636363636
0.151546258118	0.0674846625767	46	218	1	0	9	0.163636363636
0.151847163521	0.0695296523517	47	218	1	0	9	0.160714285714
0.153193613785	0.0695296523517	47	219	1	0	9	0.160714285714
0.15367267101	0.0695296523517	47	220	1	0	9	0.160714285714
0.153762038124	0.0695296523517	47	221	1	0	9	0.160714285714
0.155183062987	0.0715746421268	48	221	1	0	9	0.157894736842
0.155306746769	0.0715746421268	48	222	1	0	9	0.157894736842
0.155860245878	0.0715746421268	48	223	1	0	9	0.157894736842
0.155931352899	0.0715746421268	48	224	1	0	9	0.157894736842
0.15773124499	0.0736196319018	49	224	1	0	9	0.155172413793
0.15859907579	0.0736196319018	49	225	1	0	9	0.155172413793
0.160686196488	0.0756646216769	50	225	1	0	9	0.152542372881
0.161138934153	0.0756646216769	50	226	1	0	9	0.152542372881
0.162108468362	0.0756646216769	50	227	1	0	9	0.152542372881
0.163624696754	0.0756646216769	50	228	1	0	9	0.152542372881
0.16538313275	0.0756646216769	50	229	1	0	9	0.152542372881
0.165692142385	0.0756646216769	50	230	1	0	9	0.152542372881
0.165792000448	0.0756646216769	50	231	1	0	9	0.152542372881
0.166039860314	0.0756646216769	50	232	1	0	9	0.152542372881
0.166999549628	0.0756646216769	50	233	1	0	9	0.152542372881
0.167501573421	0.0736196319018	51	233	1	0	9	0.15
0.167934693646	0.0736196319018	51	234	1	0	9	0.15
0.168052698776	0.0736196319018	51	235	1	0	9	0.15
0.168332839002	0.0736196319018	51	236	1	0	9	0.15
0.16969950361	0.0736196319018	51	237	1	0	9	0.15
0.170011080835	0.0736196319018	52	237	1	0	9	0.147540983607
0.17024158124	0.0736196319018	52	238	1	0	9	0.147540983607
0.171034754535	0.0736196319018	52	239	1	0	9	0.147540983607
0.171380952931	0.0736196319018	52	240	1	0	9	0.147540983607
0.171461258029	0.0736196319018	52	241	1	0	9	0.147540983607
