cnumpy.random
__RandomState_ctor
p1
(tRp2
(S'MT19937'
p3
cnumpy.core.multiarray
_reconstruct
p4
(cnumpy
ndarray
p5
(I0
tS'b'
tRp6
(I1
(I624
tcnumpy
dtype
p7
(S'u4'
I0
I1
tRp8
(I3
S'<'
NNNI-1
I-1
I0
tbI00
S'j\xea\x8d\xca\xf4\x85\xde@#\xfd\xa4\xefm\xbc\xfd\xbd8\xea.\x95\x8e!\x1d\x08\xb6\xdc\xb2\x85\xd1\xa1\xb0l\xac\x97\x8e\x93\xd1U\xafV\x19\xfb\x14W\xc1\x0e\xca\xa1\x827\'\xf6\xdc\xceCQAaNp\x1er\x05\xbf\x03yt\xca\x91`=<\xffU0\xcee\x8d\xd3\xd7\x98\x84\x90."\x8c\x878\xa5\x08\x97\x00R.\x1d+\xb8jM\xa9]\x85\x87Mx\xb2\x89%\n\x85\x90\x9d\xc4\x1c\xfe\xc1C\xb9a\xb3fh[3\x08\xe72\x1b\x81\x11\x08\xa9^\x05D\x95E\xc6i\xea\x13\xb6\xb9,aW\x1e\x06\x03F\xe1\xda[\xbf\x0b\xf6U\xb1f\x05`\xf0^\x85mm$\xfb\xeb\xbe\x00\x98{\x8f\x9c\x96\x8ec^t\x87t+\x19D2\x81\xfa\xc5*8\xb2"\x9c\xff\xcc\x07|\xc5\xd9\x0e0\xd5\xed>\x84\xf7\xc7\xd1\x0e\xccS\xa7u\xbf\xdfI\x9a\xe6\x1e\xf5\x8e\xc6~\xbbsR\x85\x19\xf4\x8b;\xf0\xdb24@\x1a\x07\x81\xb8\xa9$n\xed\xca\xa9\x92\xb0MD\x11+\x87\xf2\x8b$\xc2\t\xdaq>\xe1\xf7\xaa\xc3U\x02n\xe5\r\xfb\x15L\xf0\xc8\x8b\xbeg\xa1\x1d\x81+\xde\xa0<!8\xc6\xfc\x94\x87E\xffV2Y5\xcb\x9d\x81\x9c`\x12\x1b\xbd\xdc\xc9\xe2g\xea\x8e\xdd\xe0\xb5\xc5\xabgcK\xc3 \xf4lE\x97\xa4\xf7\r\xba\x81.\x9fr\x9de\x1c\xe1\xf3\xf6\xea\xf5+\x00\xdd\xa2\xf64%nt\x05S\xea/\xb6\x11\xe9]\xc4F\xeb;+\xf3\xf7}Y\xfe\xf0pN\xf7h\xd7\xbd/\xc7e\xb9\x8f_\xd0GC\xadPg\x19W\xf4\x94\xe2\x05\xf5\x19\xee\xa9\x88R\xe5\xfb\xa1\nda\xa1\x9f&yGf\xff\x02q/\xbe}^\x0bO\x10\x88em}\xad\x86\x8d\x19lF+\xa5\x9d\x8c\xd0).+\xec\xf7\xfd\x85\t\xcc\\\x11\xceP8x\xa4M\xccP!\xc8\xd15-_\xc0\x99\xc6\x1b.\xb3\x0f\xa6+BT,\x9a\xcfu\x944\xe8~n\x8e\x8c\x87\xae"\x1c\x0b\xd9\x9bc\xd5"\x8e\xac\x9dt\x08b\x16\xd3\x0c\xc1q\xc7k`\x17\xd8\xf5c\xcf\xac\xf5\x8b\x00:\x80\x0c\x9527E\xcf>j\x8a\xd4C[\x87\xe5\xd5s\xb1\x88\x849\xd4Y\x1a\xfbc7\n\xa5\xb06\x91\xb6\xc1\x07\xcf\xa6(\x19\x08w\x8a\xdf\x86\xde\x96\x98\x8cf3p\'y}\xfdx\t0J8\xd9\xafBl6\xdb\xe1\xdeH\xdf<a\xd8\xa2M\xc9\x01\x03\xd0\x11\xc9\x1a1\xda\xfb\xe7\xa9\xba\x83\xb4\xb1\xad$\x07|s\r\x1fA0\xf9C"%|[\x19=\x82\x1b\x03`0\xacH\xbe%=\xd8\x9e\x1b\xd9\xdaE0\xccvFhBi/\xf3\xe4\xb3u6\x03,\x8a\xb3\xb5/\xe7B\xae\x02\xf2l\xbc\x84\xf1\xdbp\x8d\x82\xed9\x80:\xef\xee\xe3\x90\xc7\x00^\x8f\xd8;{\xc4\t\xa7\'\xaf\xbdP\xa6\xb42\xf5\x18=wLF\xab\xf4\xac}\x10\x03\x91`\x8b\xa2\x95)\xb4H\xba\xefO\xefP\xa9\xb3yX\xcd\x1e\xfa\xc2\xa5\xf7\xfa\x9e\xab-\xf6_\xd0\xdb \xe6T4\x01f6\xfd\xf0\x1d\xb15,\x06u\xd8\xb1\x82\xf4\r\xa5\xa7g\x0c"\xeb\xb3\nI\xc2#\x82n3\xdbT\xa1\xe8\xfd\x160\x04]/\xb4\xa5s\xba\x87x\\\xde\x14WWH\xc7\x9e\tw\xf1]yZ\xe1\xb0:\x0f\rVI\xfc\n9n1\x0b\x99K\xd1\xb2U\xa3\x9f\x80\xf3\'\x8e\x11Ot\x96\xbb\x83\xf0rO\x97\x1a\xde\x1f\xc2w%\xf5\x87\xcf\xf0}j>3b\x8f\xc2\x83\x7f\\\xee<\x0b\xab\xdeI]k\xee*F\xe4/\xd2o\xbf\xe0\xf10\xb3\x8e%\x86\xe04"\x01\x1c\x8a\xd1-`t0O\xebi;\xd5\xe3\xd0\'\x06\xa0\x9c\xe6\xbf\x13\xc3"\xd5\x18\xd6\x86{\x10\x8fA\xb4!0\xf7Mft\xb8L\x83\xa7\x8c\xeb\x8d4\xc1\x95\xc2>F\xb0\xa1\x971\x90\xdb\x95\xae\x01\x1e\xb2G\xa3{\xde\x7f\'N\x83\xc0\x17\xf4"\xb7\xd8\xcc\xac\xc6\xb0@:3IQ\x15~\xad"\xfb\xd9\xdd\xeb\x08)O\x95\xfc\xe4>\x03f\xe9z\x94\xads\xf0\x86W/\xe6/\xe88\x14T\x1fK\xad\xdd\xd7\x15\xde\xb3"\x9c\xd5\x02\xc9/\xbc\xd1\x9a\xa3\x1a\xf7Y\xf6\xee\xf3\xbc\xfa\xcc\x93\t\xd4^\xe1mc\xd1\xf6\xa0+\x9e\xde\xab+K\xbe4\xfb\x94\xca\x9a\x1cj\x1e.\xa0g\x7f\x16\xfb\x18F\xad\xed)\x82\xe4\x8c\xa6nc 4w\x1a\x02\xdbQ\xd2\x0f\xdea\x05^\xc5\x17\xbcn\xd2<\x05\'\x18<\xf8\xf6\rD\xbd\xe8J{\xfb\xcd{s\ri\x04aK\xd4\xbc\xd3\xfe\xea/\xc6\x99`\xb4\xa2\xaa\xaa\xa1m\xa8\xc2\x9d\xf8\x02E;e\xe9\xea\'\xc1\x82s\xb6\xf7a\x18\x1d\x94\xb7\xed/\xb1\xc0\x12\x93\xcaA\xd5\xc6\xd6\xc5\xbdk\xf1\x08$\xb6\x1e\xd08\x91z~u\x95Q \xea:Y-\xd1b\x1e\xba\xd4\xdd[}d\xa8\xbb\x07g;_\x9eN\xcb;\xd0\xde\xca\xef\x85\xac\xa4\x17%\xd9\xde\xee\x881j\xe0\xd9bE\xbeJ\xeb\x87\xff`\xef\x8a\x87\xfdIo\xc7\xd5Q\xa0\x1b\xcf\xca\xa3\x10\x0b\x15\xc8@\x7f\x19^\xc9I\xf5\xdc\x03]\x84\xd655\xab\xf32%H\xea\xdc\xd3\x90\x0b"nR\x11\xf78b\xc4\x9a\x01\xaa\x13\xab\xfb\x9eE\x92\xeaU\xc3c\x039\x80\xb6:C\x96\x88B\xa7F8\x8a\xd8u\x9f\x13\x12\x11\xfe\xbf\x1e\xdboJ\xe0w\x80\x97\xa9\xd7\xaa\xd6^\xeb\x00D*\x95&\xef\x06\x80\xa8\xefA\xe9-[5\x08whhO\x00L\x8dHV\xa5l\x82LM:\x8f\xb9\x81\xf8\xd0\x91\xee5\x07\x93Np\xacx\xeeK#q\x99\x8c\xdb\xd6%\xe9\xaeu\x1b\xc7\xca\x11\xa3[A\xa4\xa4\xf9)OkL\x088\xccT\x93F\xe0|\x1a\x99X\xbc\xbb\xe6\x9a\xfb\x99\x9d\xc68`\xf0\xe8\xb7\x00c\x1a\xcb\x12\x96RML\xc7\xd7\xca\x9cig\x05O+~Qy~\xea\xae)sm\xba\xd4k\xc0z\x18\x1b\xb3\xb9\x0e0\xcb\xa7\xf1\t\xb4\xdb\xbdOS\x14vB+i\xff3i_#KZ\x1d\xae\xf0\nk\x12\x8eX\x18\x1d\xa9\x00%\xfd\xb1\xca\xcdU\xf1\x11\xec\xca\x04\xe2L\x88\x1a\x91G]m\x8a\x97EX\xf3!\x90\xfa{W9\x9e\xbe\xdf\x08\xb6\xbaT6%wEE\x05r~:\xd7t\xf2b\xf3\x90.Ua\xf5\xd5\xb4\x12\xc9_\x9f\x80\xcc%\x89;\xb4\x0c2\xf9G\xc9\xd0\xf6l\xcb\xe0\xaeu\x1f,W{\xe5Q\xe0\xca\x8a\xf8/\x96\x0f\x94\x9am"\xee8\x94\xe5\xeaYAgs#\x94\xd2\x82$<\xc2\xd4\xa4\xba\x8a4\xf8:\xddG.\xbe?e\xd3 ts\xbc&S\x1ah\xb9~v\x84A\x0b\'\x87\xdb\xd8>\xe1@)e\x12\xbe\x88\x9aO\x1a"!\x08\xeeT\xabz\x998a\xaf\x87\xa1\xe1\x08\xd1\xb4\xb1\x89\x8f\xaf\x8a.\xec]\xea\x06\x10\xe9d\xeckB\x90?\xce\x9d*\xc9\xf4\xbe\xbc\x03\xcb\x01\xb8\x87\xbc\xe2\x8e\x9e\xe7uA\xc4\xd2R&\xba\xa6vUf\xe0\xc0#\xd31+#\xfc\xa4=P\xb5V\xda\x93\xe2Y\xc5(\xb2\xb4\xdf\xee\x18R]\xb9\x9az\xc2\xa9\x07\x18\xcd\xb6\xf04\\8\x85\xd9\xac\x8e\xf8r\x08\xc6DL< j\x82y\x90y_\xa0m\xb7\x0e$\xf0ESLS\x0c\xf9_\x83\xe2\x0eC\x86M\x8a/w>%\x97\x0b\xd4\xbb*\xb0\x87\xeb\xc0\xe7f\xf4\xb7\x05\xe5\xd4\xd7w\x19\xb4XN\x0f\x00\x80\xec\xd4zl`Z{\xad\xf3M\xe9r\xd6\xaf \x0c\xf0\x12\xad\xbd\x99O\xf9(r\x8dV~i\xae\xc3\xe0\xe7\xba\xc8\x91K\xa7\x0b\xe9\xf8\xcb\x86\xa2\xa4\xf6\x00\x0c\xf4ze\xa5\xcd\xfccC\xef\xabun\xb0\xcd\tC\x06~\x8aA\xea\xd0r\xd0kd k\tm\x0b\xeb\xf8\xb4\x17\x81k\xf5\x9f\x98\xc8A\x83\xd0\xe1d\xe6\x85[M\xd4@\xbfZ\xb8\x166\xa8F\x13\x91\xe3\'\x8e\xebQ\xfc\x11q;\xe3\xc5\x11Xt\xbf\x03*\xe6\x85&\x90z\xe2D\xdc#\x94\xe5,\x84\x83Q\x19\x05t\xfc\xbf\xcd\xf2o\x1b\xc3\xb3*\x83<\xe2]J\xc8\xc1\xb40\xb5C\x00\xe1\x99\xd4\xc4\r0\xed{\x87?\xfbF@T~\xf5\x03\xc7\xee\xba\xc6S\xfa\xa8\xc2C^Y\xe5.\xdc\xfc\xe8+^\xf6\x1e\xc4~\xcf(y\xe3\xb1\xf6\xc9\xbdv\x80\xbe\x06\x17=\x855\x1b\x89U\xda\x9e\xab\xdb\x8d\xe2\xcb\xae\x9da\x92uB{B\x17\x15\x0b\x9a\x8f@\xa0\xc8\x92e\x10\xf3\xea\xdc\x90\x01#Q$Cq[\x99\xd9\xe1\x1fGZ\xd8\xa9\xa1.7\x17\xb2\x1c\x9a\xa6\xef\xa5\xe2\x87a\xdf\xf3O\xd3\xfe\xc7&\xa5l\x85d[qq\xd1\x84\x06\x07A\xe3\x12\x1f\xe9\x0b\xee\xba\xf2\x940\x02\xd0\xa0\xc2Gy\xe13{\'te_^r_\x9bo\xc2w\xcfY>\x02\x84\'\x94\x0c\xe4SL\xb3\xe77\x96\xc2$\x07vq\xdf\xc9\x06\xad\x06\x1a\xfe\xb4\xa8,`\xef}v\xd07\x03\xfa\xcc\xe0\xf4/`#_\x98\xb0\xa5#\x05\xe1\x84j7\xb6\xfa\xee\xfb\x08\xd5\x16B\x0e\xa0~\xfb\xb7T\xa3?\x97\xe7\xceh?\x93e\x08\xaf\x89\xe2K\x9f>\xa1\xa9B\xb5\x12\xa1\x9f5\x18\xb0\xbb\\\xd1\xe2\xce\xb8]\xea\x1a|\x95\xba\x8f\x1b\xc1@sx \xf3\xbb\xccZ\xcad\x8b|\xfd\xfb\xff\x1e\x00\xa1\xe2@g\xb4%R>\xc2\x9ekK\xad9\xce2{\x90\nO`i\x07=d\xc4\xab*S\xd8\xb8JL\x02-\xba7\n\xad\xb9=*\x89j6 \xe3\xd3\xe8\x06U\x84k\xda4\x10\x1b\xeb\xa9\x03\x07\x1b"\xba\xd5\xd6\x01p_\x1a99\x92\x0c\x06\xa5\xe4\xb7\x9f\xf8\x93K\xebo\x06\xad\xdf\xf9\x88J\xd7\xd2\xbb\x83\x0e\x83\xad1W\xa0R*\xd1\x88\xc0\x0b\x87\xc0\xc1\x1a\x92Z/\xf12\x10\\\xfd\x8e=\x05\xfb\x11\x17p\xbf\x92\xc8E\xda\xf4\xc7\xb0\xcf\xbd\x82\xd1\xff\xca\xe1F\xcc3wx#\xd7\xc2\x8d(V7\x04`\xa4\xe1\x0e\n\xf3\x06\x96d\x1e\x11\xfc\xdfD)\x94\x93?R 9\x8cQ\xa9q\xd3\xba\xe0\xa6\x13\x03y"\xf3\xb1mn\xc4\x9d\xd9\xd9"On\xd9\xf6uF\xab\xd4p@\x0c\x02\x93\xb1y\xae1F\xc5\x86U~\xe68H&\xfb\xf7r\xe0C'
tbI624
I0
F0
tb.