# time 	 divergence 	 # of mutations 	 # IGC chances 	 IGC length 	 # IGC failures 	 Changes due to IGC  	 % change due to IGC 
0.0	0.130879345603	0	0	0	0	0	0.0
0.00101114231644	0.130879345603	0	1	1	0	0	0.0
0.00170735301777	0.130879345603	0	2	1	0	0	0.0
0.0040855412249	0.130879345603	0	3	1	0	0	0.0
0.0050122155214	0.128834355828	0	4	1	0	1	1.0
0.00545217332838	0.128834355828	0	5	1	0	1	1.0
0.00546591101035	0.128834355828	0	6	1	0	1	1.0
0.00616410137258	0.126789366053	0	7	1	0	2	1.0
0.00623522207901	0.124744376278	1	7	1	0	2	0.666666666667
0.00743135605676	0.124744376278	1	8	1	0	2	0.666666666667
0.00857903527275	0.124744376278	1	9	1	0	2	0.666666666667
0.00876339332058	0.124744376278	1	10	1	0	2	0.666666666667
0.00956814014414	0.124744376278	1	11	1	0	2	0.666666666667
0.0103152491161	0.124744376278	1	12	1	0	2	0.666666666667
0.0108212871349	0.124744376278	1	13	1	0	2	0.666666666667
0.0115600810876	0.124744376278	1	14	1	0	2	0.666666666667
0.0121806188476	0.122699386503	1	15	1	0	3	0.75
0.0126827653199	0.122699386503	1	16	1	0	3	0.75
0.0130051873488	0.122699386503	1	17	1	0	3	0.75
0.01320257561	0.120654396728	1	18	1	0	4	0.8
0.0134272384623	0.122699386503	2	18	1	0	4	0.666666666667
0.0139579771023	0.122699386503	2	19	1	0	4	0.666666666667
0.0141963528103	0.122699386503	2	20	1	0	4	0.666666666667
0.0143743967689	0.122699386503	2	21	1	0	4	0.666666666667
0.0151150522192	0.122699386503	2	22	1	0	4	0.666666666667
0.0153245049934	0.124744376278	3	22	1	0	4	0.571428571429
0.015815067743	0.124744376278	3	23	1	0	4	0.571428571429
0.0159889722022	0.124744376278	3	24	1	0	4	0.571428571429
0.01611312112	0.124744376278	3	25	1	0	4	0.571428571429
0.0169953087303	0.124744376278	3	26	1	0	4	0.571428571429
0.0170737523893	0.124744376278	3	27	1	0	4	0.571428571429
0.0175500829228	0.124744376278	3	28	1	0	4	0.571428571429
0.0186654869955	0.124744376278	3	29	1	0	4	0.571428571429
0.0203717252144	0.124744376278	3	30	1	0	4	0.571428571429
0.0209936876006	0.124744376278	3	31	1	0	4	0.571428571429
0.0210705711604	0.122699386503	3	32	1	0	5	0.625
0.0211380349389	0.122699386503	3	33	1	0	5	0.625
0.0215518151246	0.124744376278	4	33	1	0	5	0.555555555556
0.0219967667801	0.122699386503	4	34	1	0	6	0.6
0.0223136566851	0.122699386503	4	35	1	0	6	0.6
0.0226091311045	0.122699386503	4	36	1	0	6	0.6
0.0228805532294	0.122699386503	4	37	1	0	6	0.6
0.0230755877538	0.122699386503	4	38	1	0	6	0.6
0.0232586163999	0.122699386503	4	39	1	0	6	0.6
0.0233192557816	0.122699386503	4	40	1	0	6	0.6
0.0247030329471	0.122699386503	4	41	1	0	6	0.6
0.0247589780889	0.122699386503	4	42	1	0	6	0.6
0.0248289044714	0.120654396728	4	43	1	0	7	0.636363636364
