cnumpy.random
__RandomState_ctor
p1
(tRp2
(S'MT19937'
p3
cnumpy.core.multiarray
_reconstruct
p4
(cnumpy
ndarray
p5
(I0
tS'b'
tRp6
(I1
(I624
tcnumpy
dtype
p7
(S'u4'
I0
I1
tRp8
(I3
S'<'
NNNI-1
I-1
I0
tbI00
S'\xe1\x1e\x87\x9e\x9a\xac\xa1\x92\x04f\xe6\xde+\xe7\x1e\x13\xb9D\xba$%\x147\x8e\xb1~b7\xbd\xd7v$O\x92"\x1e\xbeF\xb8\xcae*\xcd\xd2I\xa4tY8;\x0e&\xd4\xbe\xd6zw\xd4\x90\x12ZL\x05\xfc\x08\xe8\xf82\xc8\xe4_d\xb8\x0c\xb9\xd9xD\x86\xb8\xfc]\xb9/\xb9\xf1\xc3It\'\xb28@\xf6\xe1\xac\xa5\xc5\xe5\xe5SN\x04\xa8d\x15\x95\xc9\xd0\xb8\x8c\xd27D\x15 )\xed2,\xd4\xac\xa4\xf3J!\x08\xa9\x11\xf5N2\x9at\rF\x0eT\x81\xa54\xb7\xd5\x8f\xeb\xd3C\tP\\\xd5\xc3\x07P= \xed\xaaV\x17r\xdf\x91\xa4V\xde"\xfd\x82\xd4\xbex\xc7A\xdbn\xc1P\x97\xfb\xd5\xd4\xbf\xae\x10\xa0\x10rof\xde\xcf<\xa0\xbbL%\x96\xa95\xbfn2\xd8\xe2\xdd4\xcd\x9a\x91\xacD\x85\xd2\xe7\xa1\xf5\r?I-n\xd7VNxi\xb80j\x94L\xcd\x08\xcer\x9aD\xd0\xbe\xac\xcef\x8c\r\x04\xcb\xb4\xcb\xa6X\xaa\x8a\xcb\x08\x89v+\xaeYw\xd8\x12\'z\x9dUng6i\xf9\xdd\x03\xe5;\xb4\xec\x1dd\xc4]\x92\x06\xa4\x87\xf0\xde\xc9j\xfc\xe0I\x08\xa1v\xb2\xb6\xd1\xf1\xd3J\xd0\xd1[T@R\xcc\x08\x879H 3\xa8\x06\x94\xa0\xe1\xb5\x8c\x98\xcd\x97\x9cL\xec\xb4\xff7\xe0\xd8\x1d\x85F\x13P\x07\x8f\xff\xb5\x8b\xfen\xb1\xb0\xa6\xfe\xd5Z\xe49\xe1\xb1\xc5\x95\x06oW*\xdb!B\x81\x126Fr\xb8\xe7@\xf2\xad\xb2:y*v{l\xab\xaf\xc0\x8avI\x94\xa8\x0e/\x8d/\xc0\xa5\xd3\r\xa6\x8d7\x07?\xb2R\x92W\xc7\xca\xdd\x8e\xeb6 `\xa4\x85\x86p\xf6G\x17i \x01\x13I\xdc\x02\xa1\xb3\x8d\x08&\x8eD\x8d\n:\xbf$\xbd\xe9\xba\xd9\xdd\x8a\xf4x\xbd\x16\x9e\x166^\xbaR\xa8\x02\xb4J\xa2(kJ\x8cY\xad"\x0c\xa9\x0b=\x93\xa4\x93\x81whE\xf3\xb0\x97C\xc4\xbf~L\xdd\xbf\xabgry\xe7\x88\xd6\xa9\xbfgX\x84\x132d\x1f#\xdb\xebe\x1d{\xdc\xc2\r\x19\x197d%|\xcbA\xcer\xe1\xe7\xf2\xf7n\xf4\xb7]`\x18\xdc\xc2I\xbb\x87\xd9\x82N\x9c\xa9\x8df2lu\x04}\xf1\x81\n1\x96\xe0\x8dh\x9bK\xa3\x91\xd4\xd2\xc7_\xc3\x1a[\xa9\xc7\xae\x82\xd0C\\\x8c\x11\xbc\xe1\x06\x07/\xcb\'\xfd\x8c\xeb\x81&`\xab\x0b\xf1\x92G\xbd3C\xc7\xe8\xb9\xa2\x1f6\xbb\x99\x08{$\x0fpM\xe4\xae\x05\xea\xae\xfdb^#\x83\\%\xa7\xaf\xe9W;U\xd8s\xc5;\x86\xad\n~\x86\x81\x10s\x1b\xa8U\xc0{\xb0\x9aasP\xd7M\xa3e\x8fX(\x02\x89\x9d8c\x9d\xf2\xf6?\x0f\xe8\x98\xdbA\xa5\x8eA\x8d\x94\xff\xb5\xa8\xd4{ /\\\xad\x91W\xf5\x128xQ%\x97\xacX\x9e\xbb\xd3\xaauK\x1a\x08_\xba\x10\xc9\xad?\x85wc\x9a\xfa\xc0d\xab@\x12\xf6-\xab>\xd3\xd6\xcf*\xce]\x8a\xfby\xf8\xa3\x8e\xde\xa5jw\x14\xcf\x9a\x91a\x15\xc0!\xffK\xb5&\xd1\xd7?\xda\xec\xc9T\xfaL\xec\x13\xe08-\xea\xa9T\x151\xac\xe4\xa3E\xac\x9fm]\x9b\xe0}f6\xd3\xbaZ\x99D\x9c\x88\xday\x8eQ\xb2\x87t\xaa\xc0\xa0\xd9ay\xd3\xa9\xc9j\xb9\x14\xab\x86\xdfOA\x93\x9a\x0f\x88\xf4\xcf\xd9\xa4\xb4\r\xe89L\xdb\x1a<\xd9\xbe\xd5o_4~0\xf7\x02s\x92hX\xdbp^?\xef\xcd\xe9\x9a\xacH)\xaa\x01\x03\xd5\xb3\x84\xb3\x1eh\x18\x1bz\xed=\xf2\xdc\xd5\xe6\x07,\x8b\xba?\x96F\xff\x1d\xf9\xdf\t/\x81\x97\xcdD\x80}n5\n\x9dX\x15s\xde\xee\x13.\n\x92\xd3\x12h\xe7\x8aFR\x98\xb8^\x82s\xff!wV\x869\xa7\xa4)\xe1\xdc\x1ei\x860\x01@\x83\xfb\x84,\xf1p\xec\x1e\xc2\xc3\xab\xc3\xaag\x98^\n\xa1\x85u\x90\xac7Ds\xbb\xba\xcb\x1c\xcao\xf3\xd8\x10%,\x0f\xa8Sc\x0bI\x9f\xe1\xa8\x8f\xad\xa8~C\xeb\xab\xa4\x00\x87K!\xea\x04b-\xafv3\x94\xc3\xb6 \x10\x9e\xe8\n\x95$m\xfb\xb5\xe2()\x7f\x07-\xd6[eZD\x82BW\xf8K\x1ctW\x0c\xcb\x9a\xdd\x08\xd0\x01\xff\\%W\x82\xf4\xea\xbc#$\xa5\xda\x80\xb5J*\xfd\x9dFo$\x1c\x12x\x9a\xdc\xb2\xb3\xfd\xc2\xb4~\x1bW\x11\xedh\x16\xdf\xaf\xbb\x99\xc9j7\xe6\xf0\xb9\xa9\xf3\xac7\x06yo\x8b10\xb3x\x15\x90\xf1Tm\x1a\x9c\xb9\x9cMN\x1ewVEU\x94p\x1aR\x03\xd4\xe4\xea\x0f\x0bZ&\x96\x85\x8f\xd2,x\x89}\x07C\xba\xc0\xfc8\xb5m\xcc\xee5\x86G\x1d\xaa[+R\x99d\x0f\x94\x10a\x02\xc21\xae&\x1f\xd8\xbd`\xb35z\x82\x1c\x0b\xe2|\x91\xe7\xfdi\xc4Q\x87\x0b\xdd#\x92\xf5\xbd\x1b[\xd9\xa1\x01\xc1\xe7\xac\x03O\xdf\x0f4\xa3\xb7\x84c\x18\xb1\xbc=\xfeg[i\xbb\x14\x05PR\xca\xc8\xce^\x83\xa6\xbe\x06\xdd\xe0.\xfc\x83\r\xdf\x14X\xd0\x1a\xfeHW\xa1\nn\x1e\xc3\xef\xc7\xa2\xbc.\xad4M\xb4US\xa8\'\xe1\xb3\x87Pa\x8e\x03\x08\xae~\x1er\x0b\to\x1b\xc2\xca\xd5\xea\xcaL\xec\xa0\x8b}\x12{Y\xb9@q\xe1\xfa\t\xb8\xc9n\xec \x957\xdc\xa5\xa0N\x85\xd8~B\xdej\x1fO\xbbA\xa8`"K\x1b\xd9\xb7\xbf\x94\xbd\xce&\xaa\xd94\x97o\x18@\x8d\x14\xea\xd9S\xfa=ZR}3njN\xd9\x0fv\x10%E(o9\xf5\x8b/\x9aU\xd4\xc7@\x83\xe0\x10\x05\x85\xc7\xdb\xba"~2\xfd\xc4\xd2{\xa6\xeac\xaa\xc7=\x80\x0cT\'\xd3\x9fk}K\xda\xd4\t\xb5\'F\xf7\x03\xa8wPv\xcdb\x81\x14&\x08U\xf5\x13\x07A\xac\x9e\xce\x99\x14d\xbb\x85\x9a\xe4\x90<\xad\xb1&\xf2e\xfb\x91\x06\xe4\x91\xdc\xa5\xee\x15\x0c\xc0H}\x1a\x0b\\"o\xbf\xf4\xe2\x81\xfd<8\xe20<v;\xc8\xd3X$x\x92mO!\x0cC\xc9\x9f\xab\x80\x93\xcdQ\x99CQDV\xa0\xaf\xd1\xb5gP\x1a\xb0bP|`\xf7\x9dh\xd2\xaba\xd2\x01PA\t\xa9U\xe4o\xb9\xe4\xc2\x88D1P\xfb\xb0\xafW\xe8{\xdd\xd3zeN~\x81b\x82\xb5\x81\xda\x93M\xc9X\xd4\xfbX{\xa7\x87\x01\x1ecq\xc7V\xa1\xa1\xf4\xf8\xcaQ)\x9f=j\x9e\x8bH\xce\n\x96q_\xec$\xe3\xbbeK!\xb7Q\xdd<\x11\xee8H\x03\xfd\xc5\xba\xfb\xa2\xc2\x93\n\x05J\x18#\x12\xc9\x16 \x8a\xab\x8d\r\xd9\x04\x13E4\xa0\xfe\x9f#qB\xd4\xe0ek\xa0\x1f\x1an`\xb5\xa8t\x98}u\x16\xf5\x1b=\x10\xdd\x9b\xfa\x95\xb7\x1axK\xa4\xec\xd9m\x02\xcb\x84s\xf2{\x83\xae\xc7"\x00\xd0.\x85My9\xb8\xe6B\x82{\xe97L\xf1LY\xdd\x06%\r\x04s\xf4\x8fB/\xd3\x1e\'\xeb\xf8\n\x87\xc8\x04\xf8W8f\xdcX\xc9\xe0\x1b\x95x\x0f\xf6\xdb\xd4\xf5\xf7g\x92T6\xc4\xf1%Jne\xb6x\xac\x15\xa2\x0c,\xa0\xd6\xb3\xe0\x9e,\xb0\xe4\x00x\x1a3\x89\xfe\xa6\xcf/,N\xf4w\xb8C\xf0\xf2\xc0\xfc\xbf\xf8+\xe2\xb2]+\xafDs\xee\x8b!\x8ff\xb6uMB\x0c`\xbf\xf3\xbc\xa8\x83%Nu\x88\x8b\r>d\xaf&\xe8\x97\xbf\xe5\x18\x19\x91.\xf0[Nv\xf7\xa1\xf2\x1c\x07\xcdd\xeb\xa49\x94\xbbI2O\xd6\xc8w *\x9e\xda\xebC\xa4\xee}\xab\xdb|J_\xd4v\xe6J\x1b\xb8\x87t\x8b\x06\xd0\xc2\x96kf\x13PO\x19Tl\r\xab1\xa9Y\\\xff6\xbd\x9a\x95O\xb3\xde\x7f\x83\xd0i\xe0\x08\x91\xf9)1@\x08\x8f\xcf\x19l\xfaT\x05\xcf@\xef\xc8\xf5\x06+K`\xe4\x16\xce\xe8\xcc\xcdW)P\xd1\xd2\x8aI\xf9\xa0"\x8b\x0f\'b\xcd\xa7\xca\xf5\xbb\x1a>o\x98\xb0\xb6\xba\xa7[\xd5\xbb\xff\xda\xac\xbd\xd0b\xd5\xff\\\x97\x8agw&=\xc4l\x8c\xf0\xbe\x9e\xdc\xbcB\xf4z`\x0cLY\x8d\xf2\x81\x01\x1c\xb4\xcf\xfe\x8e2\xcd\xfbk\xa5\xb3US\xe3O\xdc\xc6\x05K\xd4\x9b]\xfbS\xf5\xaa$\xc0\xb9\x0b\xa1\x95\x1ek\xdc=E\xbf\xccRj\xef{\xf2\xdb\x08~\xe0=V_\xe5\x07\x19\xdf\tb\xb7\x8d\xdf\xf0ej\x1b+\x07\xfb\xd9n\x9a\x0e\x19*\xca\xac\x9e*\x8a\x9c\xee\xcde\xc5\xb5\xaa\x136\xa4\x842\xc3\x9a@1b\x9c{\xa4\x01\xfc\\" \xb1d\xc1)H\xb2\xbd\xa1\xc4\xec4\xcd\xc91=*#\x81Ft[b\x0e\xbd\xebF\xe9\x97\xce\xd5\x80\x96\xae\x86}(\xf5\xb3\xdf\xb1\x80\xc5\xfcdq\xe6\xdd\x99B\x129\xfcp.\xdcG\xb9\xdeb#^\xc3\xf5)3\xa9<6~4\x98\xf3P\x0cA\x01\x7f\xcdh\x11f\x92w ;P\xa0\xcd\xbd\xc9\xda\x9fG.q\xfd\xb3dP\xff\xed\xb7\x12\xd8\xef\x1c\xc8DM\xa4\xbb\xa2\x11\xd4.bf\xb4\x00^"\xfepJ\xb6\x9b\xf8ms&-<\x06|\xffx\\\xe9\x82\xa1tm(\x82k\x7f{,\x07~9b\x1f\xc6\x9cZ\xc3\xaf\xb8-\x7f\x1f\xa2\x1f\xc2b\t\x91,u\x80\x0b6\xb0\xb6\x80\xb0"-P\x92p\x07S\xf3p\xb6\t\x16G\x18G\x95\x089\xc4\xf8\x14N\xb7\xed*\x9c\xe2\xc5\xec8\xf8\xa9*o\x94_W)w\xd7?\xe3\xdb\r\x02[\x1a\x91O\x1aI\xca\xbe\xa8\xe2\xecA6\x89\x01\xda\xd8MpCD\xa6\xf0\xdfPJ%\xa6y\xdd\xf8w\xca\x93dLX\x04\xb2#;"\xd1\x8c\x0eQ\xb3\xc7\x0c\xff"f\x00\xb27\x06\xfe\xa0\x0f\x95}\xc4\x7f;}Tx\x95\x91\xe2b\x05\x02%\x84\x00\xa6\x10*\x93\xc0\xee%\xa1\x1e\x83\xb0\xcfh\x1fJ\xfa\xdf\x98\xa4\x7fp\x10\xd3\xaf\xab\xaf\xbd*\xb2\xd6\xb7\x03\xef\xf1\x01.\nd\xa0\x90\xf9\xaf\xbc\xad\x9e,q\xdag\xe5[\xa9NyNl\xac\xdd\xed\xfc\xf6\xae\xfbf\xa2\xde\xceq~\xf1\x95\x94\x1b<\x81uD\x19\xba\x14\xfd\x16\xb6?N\x9a\xd7\xa6lymY\x07\xcc@a\xdb\xab\x03(7\xe4\x82 \x86\xa7\x0bg@\x82\x1a\xc3[f\x90\xf2<%'
tbI624
I0
F0
tb.