cnumpy.random
__RandomState_ctor
p1
(tRp2
(S'MT19937'
p3
cnumpy.core.multiarray
_reconstruct
p4
(cnumpy
ndarray
p5
(I0
tS'b'
tRp6
(I1
(I624
tcnumpy
dtype
p7
(S'u4'
I0
I1
tRp8
(I3
S'<'
NNNI-1
I-1
I0
tbI00
S'\xdf\xe3\x8e\xd2\xf2\xd934W~lG\x17\xfa\xad\xc1\xcee\x87\x8b\x8ci\x1e\x0c\x96gvG\xad\xba\xca\x1e\xca8\x82\x7f 7\xf5\xfe\xf6/\xae0\xc2tE\x99\x84\x07\xd7\xea\x15GSX\xae\xe6\x9c\x96\xfb\x8bc\x1c\xbf\'_k5|\x17"P\xa9\xe5\x08uJ\xec\xdd\xdf\xf5\x18\xc9\x8d\xd8\xa5&p0\xce\xeb\x84\xdf\xa9pz\x02\xdc\x90\xe9\x84\x08Q\xd8\xf3 \xf8{\xdf\xa5\xf0\xd5\xba\xf9\t\x1f\xfe\xd8\xf5[l\xa4\x11P\xc1\xc75\xa7R\xffmh\xa0\x80J\xd7\x86!I\xabW\x13u\xd2\xb7\x8b)\x8ex\xdaQ.]\xe2\xbaXrx\xd8\xf3^\xf6@\x08\xf8\x85\x08\xbdW(y\xbf`\x17}\xa7\x9a\xe0\xf7/\xa2\xde>\xabC\xb0\xc2\xe6=\xd6\x9a\x8b\xbb(\xe5\xba&\x9b\xa4\x96w\xd6\x8b\x1d\x1a\x06W7\xea\xed"f\xaf!\x06\xd4K1O!\x01\x03\x0eX\xd2\xc4\xbb\xb9>\xce\x04\xc6\xbb%]FBQ\x06\rZ9D=\x81iQ\xad\x8eb\x13\xcb\xd2#MF}\xd3\x0e`\xa4Y\xab\x8f\x9c\xfc\x05\xc4.\x05\xff\xd1\xe2\x00.\xd5>\x86\xeaw\x1a8\x92\xc5\x94\xba\xd9NO\x84\xdf\x81Yg\x86\xd6\x9em\xd4zYG7\x8c\x90\x87\xc0\xabe>G\xe0\xd5\xb6*\x0f^\xb7~\xf1Q44\x88\n\x82\x0f\x13\xf4\x82\x82\xc8.\xfe\xa3\xcf\x8a\x16\xcfR\x02\xfe\xc4\xb2\x9cT\x0e\x12\xc0w4\xf1\xda\xab\xa6\x1a[)\xa9\xd7\x0f\xbfP\x14K\xdb\xde \xe1\xac-\xd1\x8fsh\x9b\xe5\x9d\xb6\x95.\tPV\xf9\xb945j\xb9e\xd6\xf7:5\xe6\x93\xb1DU0v\xbd\xdf\xf8\xe3:\xaf\x97\xe4\x1e\x8f\x1dw\xfc\xca\x0c-\x03\x00\x91\x13\xd143\xd0\x02\x1d=tx\x02\xdb\x94\x8f\xd2\x06-\xb0\xc3\xf2\xf5\x85Y\x9f\xf9d"S\x0f\xbfw>\xcfr\x14\x9b\xf6O\xeb\xe4\xf5\x14\xd9\x1c\xbb\x7fS\x08\x84#\'3\x85\x10o8\xee\xd4\x16\x83\x94\x16\x0c\xc5\xe0Wt\xf7\xf8\xb8\xba\x15\xe4\x93\xf4\xa0\xbb\x8f\xc9\xe3\xb5\xa5g\x81\xe7;6\x08M\\\xb5b(\xf5\xdb\xb3\xc9LO\x03\xee\xfb\xbbg\xdatfOa\xcb\xadA(\x1a1i\'\xae\xee\x1c\'i\x81\xf8bJ\xc8\xfc\xdd\xdaZ=\xa3[\xe5\x16\x07\xe7\x18u,\xd2>\x16x&Z\xef\t5\xd2L\r2\x07\xd0$<\xcc2\x00\x88;\xeb+\xbd\xe2K\xae$<=\xf1\x0cU\xaf\xcdL\xd3\xc6UBmj\xdd\x19Y\xf3\xd3`\xf90\xfbz\x0f\xa4\xcb\xcf4SAG\xb35\xdf\xe2\x1a\xd8\xb0c\xc9\x1eA\xb3T\xab\xc1\x8eN\xd2G2?I\xae6\x82\x92BM\x8c]*_\x08e\xa4\xcf\x9f[\xd9C\xffB\xdc\x9d\xa0\x06\xac\x83z\xd5H\x16\xb9\xaa\x0e,\x19\xec\xc1\x17\xee\x88\x7f\xbe\xc3\xf4\xaaL\x9a6\xb3\xb5\xc7\x19\xcfg\xf1\x89V\xc5\x16\xb8\xbd\xe7\x95\xeb\x1e\xf2\x8a\x1e\xbb\xe4\xf9\x10\xcb\xda\x1c\xe9.]`\xd4\x1a\x9e\xd51\x9al\xf7\xd6O\xcdZ)B\xa7\xd4{\x03\xe2F\x8dpRL\xc3\x83\\j\x1b\xff\x86\x15\x05\xd9\xfd3\xa2\xd8\x05f\xaa&7b\xbfsat\xb9\xbe\xa3\xefs\xd8\x8e\xa24\x1e\xb2?\xacW\xbe\x15|-E\xcfd\xac\x07O\xa4\x02l\x12\x12c"\x0f\t\xb0\xd5\x89\xd1@\xba$\x01\x05\xc7\xc7\xdd\xb8\xa8\x1a\xb1\xa6\xd9y\x89\xbd\xa3)_&\x91\x7fS\xba\xdf\xc8\xec\n\xeb\x1bu\xf9\xc4_\xf1;~\x83\xad\x1f\xdc\x06\x87n:\xce0\xbd\xfa\x07\xde>\xf0\xb7(u!\xb6\x9c\xd0\x8c\xd9f_\xce\xa1\xc6`\x97~\xb4\x9f\xfd\xe0U\xa7\x8f\x07A\x0f)\xb83{\xc4\xeaN\xa4\x1e\xe7\x97\xfb\x10_d\x80k\x88!\x1e\xf5.PXZ\xbdA\x81\x99x\xbd\xd7\xe1\xa0\xd3K#\xb0\x96\xea\xbd\r\xee\x8eG}f[@\xe6]xX\x843zp\xda,p\xba@%\xda\xa0A\x93\xcb\xa5v\xfc\x15\x9c]-^&6`\xb2\x13|q5\x08H\x92t;\x86O;\x90tL\xcf.\xde\x1b\xdf/R\xfe\xf5B\xafB\x81\x9d \xb3\x99\x9a\xdff\x0c\x0f1\xadpo\x9f\x01COK\xec\x14\xc0/Lm\x10\x18\xa9s#r\x1cW^\x81\x07\x15\xee\xa5\xdb\x7f\x9edH\x1c\xe9=*\x1f\xb2\xfd\xe1z\xc2\xf6\xf7\xc1p\xb0\xbd\xe68\xb1-Vu\xbb\xca\xfd\x1e/13b[#\xccK}\x0c\x81\xca\xf4DK\xc1\x18h\x1a\xe1\xc7\x0c\xaa<o\xa5\x9b\xd7\xf7\xdf\xe270V\xde\xc2\xfbZ\x91"\xdc!J\xc0~_g\x01\xba\xd0\xce\x82\xc7\x9c\x1aq\x80\xf1T\xaca\xc2\x04\xfa\x1b\xa5\x1c\xf5\xa1\xc7\x98\x98\'uw4\xa6\x16\xe4/\x858%oD\xb5\xca\xf6Cc\xda|^\xd3\x18\x97\x05\x08Q\xad\xec\xe6\x9e\xbd\x9cf![\x92\x93\x10hG\xa7\x15\xa7\xb2f\x9f\xdb\xf2z\xe4\xe3\xab\xe9l\xa6\x9d\x91\x86\xd6t\x15\xbc\xef\xb8\xf9#\xa9\xf9h\xfd/S\x14\x07\xe6JK\xb71\xf3\xf5[\xf3\x80 \xef\x977\xe7o_\x8b2\xdd!`\xf0\xa4\x9c\xa8Z\x03\xbc-V\x149^\xb95\x9e\xd1\xef\xba\xed\x02\x0cd\xdd\xc1\x0f\xaa\x1b7\x82\xd9\x89\x0bZ\xbcE\xdd\x90\xf5n\x8b\x1bX\xc0\xa5sY{\x88\x10\x1a\xcc\xe0!\xc8\x81\\/9~\xf4\xf0L\xe1\x0e\xb1\xfdF/\xb9j\xd4\xca\xe5\x06|*:\x8d\xe1g\xf0\xbf\xe9O\xb0\xa7\x1cZ\xa5d\xad\xb2T5:\xed\x97\xa2\xc4\x96!\xb9R\xa0\xab\xa2K0z\x81\xe2W\xe6@gN}6\x18\x9ds\x8b\xffc*:\xcf\xaf\x88\x18\xbcC\xbblL\x15N\x10I\x0b\xae\x97l\xfbZI\r\x7f"\xb4\xe4\xec\xb7\xc5X\xfer83N\xae(\x19\xd3d,\xe8\xca\xa2\xe4\x1a\xf4\x1d\x18\xd1\xaa\xef\x8d\x0c|\x07&\xcb\x08\xbeG\x86\x11 >\x8bnr\xeei8\x89\xb6\xca\x0b\xdd\xe0\\M\xa8\xd4\xbe\xear"\x85\xf4\xb792,\xa5\xa0\xed\xca\r\x13\x9b\xae\x84\x93\xa0\x1d01\xd0\xcb\x8b\x806\xcdl\x81\x8f=\xd3tO\xac\x06*\x94\xf6\xc8\xb4m\xbf\xa9\x00`\x82\xca\x00\xccl\x9d\xec\x96\xcd\x8c\',\x86Y$~\x07\xde57\xdcB\x96"\xee\xb2\x1f\x16\xbfq\x87I\xecN\xd3Le8_b\xa6\'\xf9\x97^\xff\x19iO\x9e\x18\x91\xe4&\xfb\x9e\x0f\xe3\x13\xb3\xe2\xb2\xfa\x8d\x96\xc5\x9c\x1d\x00\x07\x147\xe7\xea+\xe5\\\xc7\x1aY\x0c\x88\xc1\xcb\xee\xbf8\x8a!\xce\xaf\x1f\xb2[\xc8\x92\x1fF\xf8\xd1p\xe5pB\xc3\xc7\x9a\x8bt7\xcb\x87\x07\xffd\x9cs\xf8Zt\x86\xa7\x83\xdf\xfag\x04\xf2\xc2\x8a\xb9\x94\xfe\x0c\xecK\xb0\xee\xe7L\x9ecn^\xbe\x10E\x07\x16\x7f]\x81\x96Z\xec\xeb\xa5\x11\x1b9|&\xf4\x97\xd0\xcd\xc9\xfa\xacnO\x18\xaf\xde\xfd\xb2\xe9\x15\xf2\xc3\xe9\xa8\xd5\xbd\xbf\t\xaf>$\xe0\xca=\xe2\x85-\xf8\x97UA6u\xb5\xc8\xb7E9;?,*\xea#k\xeb\x83\xedxOH\xd2\\\xcb\xb0\xce.\x0e\xa8\xacM;\x00\xacn_O|\x1eR\x18{G\x94Cm\xd3?#\x92\xb7\xb9\xd8\x92\xcdd\xee\xcd\x0f\xbf\xe9\xf5w\xdd\x16%\xbb\xa2S\x04\xa0i6\x01\xe1b7\xfb\x11\x11n-r\xd2:\xb0\xfas\x0f\xc7\'Q\xe9]\x80\x93\x04\xe2\xbd\xf8\x9bq4\x8fP\x01\xb3~\xa5n\xa8W\xc3p#\xc88Ao1*\x9dUm\x1c\xb9\x95\xd4\xda\x19\xf8iYr\xd5\x84\x00\xf2\xa5#\x81\xbdD\x9dK\xe8\x00G\xa1\xf3#.\xd3\xde\xf3{l\xbc2\xbe^\xb3\x0c\\\x91J\x17\x13\xb5\xc8\xdb\x93\x07\xcc\xabJ]6\xb8\x1d@\xfc\xae\x9e\xb7\xf3\x04\xaeD \xf3\xa6*.\x12\x87\xd2^\xdb\x0be\xae\xeb\xe0\xd10S\xe9\x98g\xb6\r\xbe\x86R\xe4\xabC\xb5C\xc6u\xd5\x7f\x15%Y\xea\xb4t\xa1\xd5\x83"\x88\xfb)LAO\x03\x90\xf8\r\xca\x97\xf26\x14G\xb2C\xef7\x94\xa2=\xae6G\x03\'\xe2K\xc0\xc4l5\x13j\xee}P\xbc\xf2\xf4\xb2P^G2\x95b\x8aV\x841\xbda\xb3\xd2!\xb4\xad\xc28gb4\x10\xb2\xc9\xe7\xd1\xaeKdv\x12\x0c\x96\x99\xfb\xc8\xe7\xdf\xfe\xa5_\xbc\xcez\x82$\xa3d\xf2\xa9\x19"^$\x9d\xd0\t\x07V\xc9\x91(@\xb1\xd8h\'?\xbc\xe5\xb4\xb2\xcb`\xef\x89\xf7\xeap^E\x95\x04\xd0\xfa\x8c\xa0\xb4\x12xbK\x0b\x9f\x1b\xd9\xdc?7\xa8\xa5. \xbc8\xa3\xd1\xe94\x90 1\xc2X\x0b\xd9\xca-\x11a\xff\x01P\xf6\x0b%\xa2\xd8\xb2 \x06\x13f0_\x01\x9c"%\xb3+S\x96\x15\x19\xa9\xe9\xc6\x06\xb9QD\xe5\xcb\xe1\x89\xe8\xe6\xb8\xdfB`\xc0\\\xb5Y\xe5\xc1\xb4o\x83\xeb\x97\x83`\xd1\xda\x18\xedK\xafs\x17\xac\xac\x9d\x89_y\x995l\xcc\x85H\xe2\x9f$\x02\x7f\xb3"\xde\x98\xa7\xd3\xe3\xac\x00\xcd\xedX\xa4\xa8.F\xca\xe9\xdb\xea\xd6\x12\x9c\xfa!\x8f\xed:\xc4[2\xec\xd0{\x1f\xe6\xc0\xb1\xebq\xfa\xb6\xc3A\r\xb6\n\xd1\xf9k\xff\x10\xac\x14&\x8a\x19Tk\xfdzG\x8ca\x92\xaf=2\xfcK\xe4\x19\xd7wr\xf1\x887\xb4\xbb\x8ep\xe0\xf7\xb8l\xf4\xf9\xbd\x16\\Pn\xa1v \x0f_\t\xfd\x08?`\x85\xad&\x08\x01u\xf8d\xf7\x1e\t\xb1\x93\xfe\xed\xda\xc9l\x98\xb2er\xe9\xc7;Y\x80S\xbe\xcd\xd3\x08\x10\x89B\x929;3\xfb\xf1\x0c\xc7`\x9e\x93\x871\x8eL_d\x03\xde\x8e\x1a\xc1G\x95\xad#\xdf\x94l\xdd\xca@\x13\xa6\xc1\x02-6(\n\xbb\x14|Q\x9c\'\x0b\xed\xd8\xc9\xf98C\x9d\xb0\xfe\x11\x96H\xba \xff\\\x9dq7~\x907\xa1\x16!]L\xcd\x94^\xcc\xbb\xc3\xf5\xdd\xaf\xc0o}e^\xa8\xc78\xba%\x83\xdb\r\'\xe3P)\x87E\xa8\r\xb2<\xbb\x8a\xd6\x18\x9c\xd0R`\\\x81\xad\x83\x84|\xec\x847\xb8\x8b\xe74^~M"\x12\xaa\x9f\xf9Y\x88\x98\x8e\xa6\xb9,QMM|\x7f\x1c\x05\'tqrJ\xcc\x99d\xcc\xabK\x966\xad\x94\xfa\x95\xb2\x0e;\x0b-\x94;q\x85\xc3\xa2,e$\x8d$e\xbeNY\xa6\tLS'
tbI624
I0
F0
tb.