cnumpy.random
__RandomState_ctor
p1
(tRp2
(S'MT19937'
p3
cnumpy.core.multiarray
_reconstruct
p4
(cnumpy
ndarray
p5
(I0
tS'b'
tRp6
(I1
(I624
tcnumpy
dtype
p7
(S'u4'
I0
I1
tRp8
(I3
S'<'
NNNI-1
I-1
I0
tbI00
S'\x1f\r\x13\xe5\x01+\x15hY\xd0$\x8ePF\x15\xd0AU\xc1+\xdc\x9c\xe2Bc\x03\\\xb8Mj\xef\xfb%qs\xcaa\xe4\xf0\xa7L\x92Zt~vV\x84\xb8\xaf\xab+]P\x8f\xd05\xb7\x9c,EOfT\xb2\x11\xff\xca\xd0\x8b\xc1Y\x8fk9\xcbSB\xf8SB\xc7\xefY\x88\x1cP\xbf\xafeu\\\xc0P\xce6s\xcf\xd6\xbfge\xd2h\xcd\xdap:\\\xf7Q\x01\x9eR\xb4C(\x7fJ\xe6\x9f2\xda\xc9\xb9\x82\\o\x85;[\x16\xa2I\x95\xa2\xbfv\x93)\xa6hbF\xdd\xdc\x93\xeb\x19\x16\xe9b%\xf7\xa1\xcd\xe1{OC\xd0\x17P\xcaUD\xf5\xe9\xcd\xfa!\x89\xd7/\x94\xbd\xd5\x96\x1d`=\x06\x9d_\x04\xe7VC\xde\xfe\x15\x19n\x8d\x0e\x18\xf8\xe23\x1b\x90\xb1>\xf9\x9b\xda\x93iO\x7f\xa1)m\x8e|"\xaf\x16\x03\xd9\xfc\xab\xf7d\\f\xc7nm\xcc".\xda\xbc\xb7\xe1B=g\xfa\xe4\xb3Gu\x87\xe7\xd3/\x8bA\xec\xcb\x9e\x84] \x8f\xd1\xe5\xd3\xdc\x1d\n\x81\xee]\x89_Ro\x81}\x88\x1ef\xa1\xb8\xdc%\xf9/o\xf82\x8a\xfb)1\xf6\x1b\x95+yO\x18\xc5\xad\xf6\xa9 \xf4\xce\xee\x87\x95\xb0Y*\xd4\xa9\x92Rza\xff\xf3\x84\xf8(n\xf4wra\x14\x01P\x7f\xe1\x7fb\xde\xce\xd0z\xc2\xf0\xdb\xa9\r3\xf5\x9e\xf5\x7f\xd23\x9d\xed\x13\xc6\xc6\xb7\xbaF\x1cw\xaexFaN\x13\x86\xea\x07(\x7f\\*\xf8R\xa5\xf2\x7f\xcc\xae\xd3\xe0\xe1|\xf8\n\xb3\xc9<\xca\xb7\x0c\x94;0\xcf\xfc\xc5\xa1\xe4\x9a\x9bN\x95\xe8\xcb\x89\xa5]\xcd,\xef{\xbd\xaf\x8f\'z~\xa6\xc53\x99\xc9\xb5\x91\xdeu\xb5x\xdb\xb4\x13\xf0)\xd67\xf6\x1a7\x16\xca\xbe~i\x91\x9f\xbc!\xba\x90\xc28M\x91N\\q\x89\x11.\xefq\x01(\xf4v:*\x05\x1f%^\x11\x9f\xd2\xfeNL\xf3\xef\xf7\x19;\xfe\x04\xcb\xbd_\xf3\\d+\xe0\x953\xca\x81\xb2\x06\x0fj\xed?&q\xb0\xfb\x90\xfd\xca\x8f\xc3fsV\xc0S\n\xaf\x920^L\xfar\x1a\xfe\x15\x94!\x03#\xbd\xd1\xbe\x93\xcfJZW\xd3\xa1\xe1\xa9\xce\xc2\xf8\x93\x92\xde\\\xd6\xa9\x91x\xe9O\x84\xd2\xd0R\x1b\xbcQl\xd8M\xca\xf2\xc4\x8b\xa32U\xc6\x03X\x07N\xd9\rn\x82\xc8\xa0ys\x88Q\x0c\xe8\x95\xea gXXk\xc3\x1a\xf4\x18\x89\xda*8\xa6?X\x02\xcbt|\x03\x80\xe5\xd3/\x88\x9f\x8f\xf0\x9c\xf0\xea\x0b\x98\x8c\xbd\xf9\x81t\x1c\x0e\xff\xea\x98\xd4A\xbd\xfd\x96\xea\xe0\xe6\xe2%6yF\x05(1\x8a\xf5@\x13\xf6\xfaZ\xd3\xde\x1e\xf7II&{\xc4\xc9\xb1 \xa2\x81\xe5LP\xff\x1f\xf3\xd2RJ\xe3\xd8\x8f\x8f\x856\xea\x02\xef\xb2\x1d6\x9c\xb8/\xa0\xb7j\x0c\xecLW\xf6\xf3\xc5[1\x0f\xd52\x0c\x95\xa3\x12\x00?\x1b\x968&\xc5A\xa8\xe1\xe3\x07\xe8\' \x08\tY\x92\x03\x84\xc6E\x00\x08&\xb74\xe2\xbc\\\x80\x88\xfa\x95\xaay\x98mW\x7f@\xe2\xfa\xc8\xc4\x19\x06\x84\xa5\x1f\x1dn5/@\x10V\x1a\x1e\x16\x18\x0b\xd9\x86t\x1e7\x8c\xcf\x17\xd5\xc9\xed@\x10\xc4&\xbb\xd0\x83\x9f\xb2\x1a\x10\xd8\xcf\xa3\xbf\xce\xe4\xc5R}_\xb8#\x9f\x85\xe2\xf7{\xab\xe6R\x14\xb3\x96\x002\x19\x9e\xb9\x00\xfb\xf8\xe5\x12}\x1ejC\x1d\xdc\x83\xf1\xbfw\x04\x8b\xa7\x85Az\xe4\xe39t\xda\xa6\x05\xfc\xb8\xdc\xb7\x00s(M\xe1\x89Yw\xff\x8b\xd7\nSy\x07\x8aS1\xafC\x16\xf93w\xcd\xb3\x0f\xd3\xec\xc7m\xfc\x04\xe9\xf5\xd4\t(\xd5I\xa0+e\x1cY\xc4\x84\x1f\xa3\x12\xd3-[\xfb\xcf\xec]\xe8\xfb\xfc\xa3\x15\xc1\x18\xb9\xa7*\xbe\x16\x1c\x05ICu\xed\xfc\xd4{<\xa0!\xd6X\xcd+\x95\xc8\xe3Y\xc6\xb5:!f)\xcd\xfc:B\xd6\x1f\x90\x95\x0e\x83\xa9\xd8\xd28\xa9$7t\xc6=\xbd!\x9b\xed\xe3\xdf\'8YT\xd2=\xd2\x13t\xad\xd9l\xdf\x07\x06!Ad\xdd=\x02\x1b\x83\xe6B2\xe3\xcc\xa6\x02|uQ\xbbz\x85\xedb\xe2\xa96\xd0*RwC\x1f\x8f\xa6q\xa2\x08\xc1\x17\x0cL-\xe4O=\x1f\xdew\x9cy\xe2\rW\x07p\x0b\xda7\xaf \xe9s)\xd2\r\xf94\xf1\x9f\xdf\x9cM\x10\x9d\x80Z\xe6?L\'=\xe2x\x0cS\xb8\x8c\xa3\xbdr\xbd\xe2E\x85\n\xc3\x9d\xac\xe4+\xe3\xca\x98\x90,\x128\x08\x0fU.\xec\xeeh>\xa2\xb0\rh#\xd8\x0f\xc1;\xa9\xd2\x01\xa9\xe4\xd1\xfc\x80\x80v\n\xdae\x9b+\x95\xca\xbc\xcbxj\x81\x12D\xd9G\xd0X\xa9\xe1j\xae\x82\x0f\xfdZ\x8d\xddZ\xb7Q\xc8\x14u\xcf:\xb6\xf1\xe5\x941\x05E_g=\xfb\x11\xc8c\x95\xbe\x03\xcf\xfc\x04 \xf4\xc5\x84:\xbd\xf7\x89&\xc6\xec\x9f\xe5\xb1\xc4K2Y=\xe0=\xb3\xc9\x05\xdfu\xc1\xb3\n\xea\xf4\x06c,\xd5+g\xe8\xcbL!\xbf\x8d\xc1\'\xff\xa1\x97\x15\xadI\xf7\xdb\x8b\xc2\x98u\xb6U\x1a\xc2m\x01\x84\xa4\x01\x15\xd2Q\xbdP4\xfe\xfbG\t{\x8d\x05\x16\x8e\xa76\x11\x0c\x81\x0f4\xd6\xbb\x01mW\x91m\xe6\xa9\xa6A\xcd\xc5\xbf\x17i\xac\x178\xc5\xe2-\x18c\xab\x13sjw>*P\x8f\xa3\'l\x12\xcc\xf4\r\x07\x14O\xfc:\x16\x8f@Z\x9b\xd8\xdeRB\x04\xdc\xd5\xc9\xfdd\x81\x89\xcb\x8cY\xb5\xa3\xd9\xea\xdb=\xd4\x9cM\x11\xfe\xd5\xa0\xcaui\xb2\x84\x0eV#>\xca>\xb2}Z\xdfz$\xed\x1a\x8e\xdd\x11\x02\xb5d\x98\xa0\x161\xb7\xc2\xbb\x96\xa3\xd5\xd5&c#\x98\xf18\xa6\xd3\xa7w\xc1E\xfcj\xc8 d7\x95^V~V\x08\xb4(\x9c\xdb\xb9^\xe7pD\xaaE\x07p\\\xfa+/d\xf5\x9a\xdeL4\xe6\xc3\xaa\x9a\xf3\xfa%\xd5p\n\x19$A\xee\x1c\x9f{i\xb5ys\xa5\n\x0f\xed\x12\xc88\x16U\x0f\x0c 9!\x01!\x06\xb2`LK\x9c\x97]\x8e\x12\x7fi\x89\x0f\xb9\t\x92\xfch\xb9\x1a#\xacfP\x9cE\x7f\xb6\x06r\x89k\xad\xee\xec\xe3\xe4\xa7\xf1<\xf7\x84\x11Rz\xbb0\x84\x11x\xdc\xf2\xd3\'\xdd\x0eB\xf7\x1d\xccn\xc9Wg\x00v\xdd:k3\x1b\xdd\x91\x1b0\r\xd89#!4\xab\x9f\xa2h`{\xc7\xf4\x94AZ\x17-Y\xc6Xz\xdb\xe7\x05 S\xef\xec\x1dn\xde(\x93\x13W!\xc2F\x99Qj\x89s\x95\xcc\x05\xed\x0fL\xad0\x90\xcb\x8e\xe4"\x90\x1c\xa8\x04g\x11\xd1\xbe\xf5\xe7\x99\xd7MF\xd4\xd6\x90H\xe9\x1ew\xbfe\xf6\xde\xc0\x10\xa3\'\xa5\xf7\xf3T\x1ba\x03\x89\x19\x1c;\x91\xdc\xf8X#\xebU\x999eD\xd2Lv\xa8\xbe\xea\x95\xee\x92A\xc0\xd7\xaf\xe16\xd2\xd6_\x15\xdf\x81\xa50F\xe9\x17\xba\xa6\x015_\xb6\xcc\x1da\x05\xb0LT\xed\x1dHj*\xde\xba\x90\x96\xa6\xed\xd2W\xbe\xec\x87l\xf0Rv\x9e)\x94\n\n1\xaf\nS\xd3Ucs\x91Oiq\x93\xcbpt;\xbe\x03x\xb8V\xd8H\\\x91\xfc\'\xe0\xd6\x7fo.<\xf2\xa2\x8b\xed\x16\x88\xcd_\xb8\xc6\xe2\xf8u\x0c\xfc\xb8\x88\x95\x92v\x7f\x1c\x97\xe0\x83,\xed\x17Uzr\xf9h\xb8d\x84\x13\xc2\xae\'>$2\xc2U\\\xd5\xb0\xde\xa0\x06\xfb\x05\x81\x9c\x19e\xb8\x84U\xa97H\xc5\x94z\xa0\xee\xcc\xd0>\xba\t\xe7\xdc\x14u\x87\x8bo\xe7&\x81i\x18+;\x0b\xe5;\xf9{y\xb9\x13\x8d\x19&\xac\xcf\xe0B\x8d\x9fNH.\xa11k\x16}L^\x0f,8a)\\\xe3\xc0U\xef\\\x08X\t?\xa9O>zfZ\xf2\x17+\xb5\xe0vI\x0c\xfb\xdcm\xd8\x87\xa3c9\x1f\xaf\xe8\xb8+7\xdb\xaf\rxlI!5\x88\x96\x93\x08\xee;\xffW\xd1#\xa6\x9b\x9c\xfdWu\xb2\x11/A\x07Ef\x89\x8c2\xe3\x19\x1c\xd8\xd3p\x14.7vB(\xf9||!\xfeI\x11\x06\xe5\xee\xd8\xf7W\xb3\xff\xa1\xf8fv\xfe\xeeq\x11\xed\xefM\xb6\xcf\xaf\xa8\xa0\x05|\x02\x1b\xe4\x81r\x7fY\x0cf\xb432\x7f\xad\x14\xfa_\x85\x9a\x86\xee\xac\x02}\'\x1c\xbdt^$\xd5PX"\xcf\x0b\xb0{}\xb9\x13\x05\xb5\xc1\xf9rG\xbe\x08\xae\xd1F\xbaw_\xde\xfd\xd7\xee\xcfEm\x99\xd9\xd84T\x9a\xf5\x99\xb3\x83\x05\x89G\xe7\xf37J\x1e\x03$\x13\xe3\x07\xd9#F\xf5\xf0\x9c\xcdj\xd2\x8e\nx\xc53<\x1eVL\xc5\x02\xdd\x9bA\xaf\xcbG\xce\xd1\x8f\xdf\x0fJU]\xeb\xba\x0b\x9b+\xdbC\xa0\x92\xe0l\xbe\x8c$\xf4\x84\xdf\xb5>\xe8\xc3\x9a\xecu\xd0\x93j\xa6I\xbeu\xe0\xc6\xc2\x89\xf9.\xd1\xbd\x84\x1f\xa8\xe0\xe7\xc1\x03r9\'c\x9e_L\x90!\x00[\x9e\x0e?5y0\xac*\xc4\r\t#\x8e%\x87+x\xf9V^]\xde\xccb=\xd8a\x89\xde\xfc\xf7,\x18\xfb\xe7\xec\xdb\x97\xe5%\x11WQ\x01Y=\x1a8\xfc\xeexH\x1c\xfe\x02\xf4\x18\x7f\x19\x1e\xcc\xe4\xe3&\xb5\xd1\xfc\x8c\x93d\xddOtZ\xa9\xdc\xc1J\x05E8H&\xab\xb0\xc5\xf0^g\x95C\xde\xfb\x06\xe3|\x97\x8e9\x9c\x9e\xe3\x12\xc2\x13\xff\xf2c\x00\xf2\x1e\x16\x81\xd9:N\x03\x1d\xb9,j&#\x13\x12\xc5\xcc9t\xb6xq\xa5h\x87$\x91\x05\xc0\xe9^\x9b\xbb\xcf\x0b\x07\x9c\x171\x0b\xc1M@\xa0\xa0\xdd\xb2{=?\x92\xdc.\xc7\x04_\xde\xf0\xb7\xe8\x99\xdea\x84\x17\x9bO\xd8IS np\xc3\xac\xfcAZ\xde\x87\xc8/b\x0b\x11;6`\x11h\xf1\xbd\xba\ncj\xe17x\x1b\xbf\x1c\x87\n\xe1~\x82\x08j9\x99\xb1\xe9\xe64-T\xd9\x04TV\t!7d\xb4s\xdc\x10C\xcd\x11\x02\xe1\xe9F\xb3\xd6<\xe9\xc1\x19\x14\x8aM\x1a)\xff\x0f\x1eb\x84\xdb\xc8\xb0\x87\x94\xbd\xf5[\xad\x1es\x07\x00w]?P5|\xde\xaa\xdc\xe9cHMz\xf9\x05\x9d\x85\x8a\xe8\xc0/\x96_\x10\nKZ\x90 \xb2JEypO\xc3\x0c\x1c\xaa\xfc3\xd6\x94~\x8c\xae=o1\x9f\xd1\x152'
tbI624
I0
F0
tb.