# time 	 divergence 	 # of mutations 	 # IGC chances 	 IGC length 	 # IGC failures 	 Changes due to IGC  	 % change due to IGC 
0.0	0.0	0	0	0	0	0	0.0
0.00585792474603	0.00204498977505	1	0	0	0	0	0.0
0.00743637893568	0.0040899795501	2	0	0	0	0	0.0
0.00914285777137	0.00613496932515	3	0	0	0	0	0.0
0.00944538337445	0.0081799591002	4	0	0	0	0	0.0
0.00964623060464	0.0102249488753	5	0	0	0	0	0.0
0.0116166451267	0.0122699386503	6	0	0	0	0	0.0
0.0168539158558	0.0143149284254	7	0	0	0	0	0.0
0.0249581127354	0.0163599182004	8	0	0	0	0	0.0
0.0353595837327	0.0163599182004	9	0	0	0	0	0.0
0.0359701011652	0.0184049079755	10	0	0	0	0	0.0
0.0362968645763	0.0204498977505	11	0	0	0	0	0.0
0.0389127580565	0.0204498977505	12	0	0	0	0	0.0
0.0399845461199	0.0224948875256	13	0	0	0	0	0.0
0.0433116470955	0.0245398773006	14	0	0	0	0	0.0
0.0434837454588	0.0265848670757	15	0	0	0	0	0.0
0.0470949794038	0.0286298568507	16	0	0	0	0	0.0
0.0549759110955	0.0306748466258	17	0	0	0	0	0.0
0.0582156261644	0.0327198364008	18	0	0	0	0	0.0
0.0634310078332	0.0347648261759	19	0	0	0	0	0.0
0.065113272671	0.0368098159509	20	0	0	0	0	0.0
0.0676509049275	0.038854805726	21	0	0	0	0	0.0
0.0682972140941	0.038854805726	22	0	0	0	0	0.0
0.0739763769425	0.040899795501	23	0	0	0	0	0.0
0.0754307444551	0.0429447852761	24	0	0	0	0	0.0
0.0791266796842	0.0449897750511	25	0	0	0	0	0.0
0.0799945993237	0.0470347648262	26	0	0	0	0	0.0
0.0806200152472	0.0490797546012	27	0	0	0	0	0.0
0.0831332549203	0.0511247443763	28	0	0	0	0	0.0
0.085365888514	0.0531697341513	29	0	0	0	0	0.0
0.0893817939255	0.0531697341513	30	0	0	0	0	0.0
0.0896824920186	0.0552147239264	31	0	0	0	0	0.0
0.0906881353549	0.0572597137014	32	0	0	0	0	0.0
0.0909763133853	0.0593047034765	33	0	0	0	0	0.0
0.0917900328053	0.0613496932515	34	0	0	0	0	0.0
0.0958904125363	0.0633946830266	35	0	0	0	0	0.0
0.0960666739431	0.0654396728016	36	0	0	0	0	0.0
0.102645248663	0.0674846625767	37	0	0	0	0	0.0
0.109996966936	0.0695296523517	38	0	0	0	0	0.0
0.110876362236	0.0715746421268	39	0	0	0	0	0.0
0.113215657851	0.0736196319018	40	0	0	0	0	0.0
0.118237022898	0.0756646216769	41	0	0	0	0	0.0
0.120632875377	0.0777096114519	42	0	0	0	0	0.0
0.126766579909	0.0777096114519	43	0	0	0	0	0.0
0.127163389328	0.079754601227	44	0	0	0	0	0.0
0.130032173832	0.081799591002	45	0	0	0	0	0.0
0.131142051174	0.0838445807771	46	0	0	0	0	0.0
0.134522856677	0.0858895705521	47	0	0	0	0	0.0
0.143673865172	0.0879345603272	48	0	0	0	0	0.0
0.145057089543	0.0899795501022	49	0	0	0	0	0.0
0.14570822518	0.0879345603272	50	0	0	0	0	0.0
0.148738335069	0.0879345603272	51	0	0	0	0	0.0
0.153294971018	0.0899795501022	52	0	0	0	0	0.0
0.155386187916	0.0920245398773	53	0	0	0	0	0.0
0.163210325138	0.0920245398773	54	0	0	0	0	0.0
0.170956191583	0.0940695296524	55	0	0	0	0	0.0
0.172675914344	0.0961145194274	56	0	0	0	0	0.0
0.178254656392	0.0981595092025	57	0	0	0	0	0.0
0.180937419626	0.100204498978	58	0	0	0	0	0.0
0.181883829621	0.102249488753	59	0	0	0	0	0.0
0.186798260857	0.104294478528	60	0	0	0	0	0.0
0.188669796519	0.106339468303	61	0	0	0	0	0.0
0.189557025159	0.108384458078	62	0	0	0	0	0.0
0.191624510975	0.106339468303	63	0	0	0	0	0.0
0.194567595966	0.108384458078	64	0	0	0	0	0.0
0.197071530227	0.110429447853	65	0	0	0	0	0.0
0.197125921509	0.112474437628	66	0	0	0	0	0.0
0.199660007997	0.114519427403	67	0	0	0	0	0.0
0.200898643569	0.116564417178	68	0	0	0	0	0.0
0.205575254804	0.118609406953	69	0	0	0	0	0.0
0.209825922081	0.120654396728	70	0	0	0	0	0.0
0.210276476562	0.122699386503	71	0	0	0	0	0.0
