cnumpy.random
__RandomState_ctor
p1
(tRp2
(S'MT19937'
p3
cnumpy.core.multiarray
_reconstruct
p4
(cnumpy
ndarray
p5
(I0
tS'b'
tRp6
(I1
(I624
tcnumpy
dtype
p7
(S'u4'
I0
I1
tRp8
(I3
S'<'
NNNI-1
I-1
I0
tbI00
S'\x00\xd5\x84\xcc-5\x9c\x02\x1d\xcb\xe7\x87.\xd7\xee\x9e\x06\xf0>\xfb\xe4\xd710\x044\xe3\x99\x01\x04\xcd{\xc4\x82\x88t\x13-p\xaf\xcd\xa0\x90k\x91\x8a2\x8b\xc5#\x99\x92_}d\xefKU\xfd\xb9$&\x9b\xdf\xd1~\x14\xa6\xf6\x1cw\x98O\xac\x0b\xeb\xdc\x0ftSx\xa3\x9cX\xaaE\x9az\x10\x8d\xac\xaf\xaf\xa8\xc6H$\x9a\xf2\xbd\x7f\xf0\xbfAeC\xc6\xae\xf9,|\xcaQVv\x97\xf3G\xb2\x13\xd5\xb8<\xcav\xe8\xe1\x9b.\x88\xc1\xa7/c\x1b\xf3\xf5\xa0\xfb=\xcc^\x13\x96\xe3(\xd3\x12\xb26\xf3D?F9\x04\xaa\x1eE\xb6\xa4\x9ctp,}\x87\x08\xec\xd5\xbb$w\x02\xf7@\xd2B\x1eI\xa1\xdb4KX\xc2\x96\x89\xbfJ\x9b^@.\xed\x85\x18\xd8\xab\xf6*4\xc0\xec\x00\xc2\x97\xa0\xd1\x8bF4\x90\xe5\x04\xe5\x1c\xb6%\x92;2\x86\xc52\xea\xf5\xfe\xc5%8\x18\xf0[\x8c\xb6\x86\x16\xd0\xc9B\xc1e\xccEw\xe6U\n\xe5|v\x146\xf56S`\xca!\x12_&T\x1d\xd2\x89\xd0\xdf\xdf \x19M]\xc4\xbb\xae\x85\x95\xe1y\x9f5\x00<e\xae$\xe5~\x1c\xd0M\xd1\xb2u\xb3(i\x9d\x82\xb1bPU\x1bP8\xf8\x04.440\xf4\xdf^\x9b\xde\x0b\xd5^\x85\x98$\x06\xd3{\xb7\tg\xb1\xec\xd0\x13>\xfd\xac_\x89N\xc2U\x94;1\xd4\xc0\x93\x88\xd2\xcc\xd41Z[\xdd\xa5\xf4\nZ=k\'f\xe1\x0e,R8\xf5\xfe\x04\xc4\xf6\xac\n\xe3\x86oG\xb1\x19\xbc\xa4W\x9c\xbe\'\xba\x0ca\xa9e\xff\x1b\x8f\xec\xf0fc\xcc\xaa\x01_nu\x0b\xe56\x8d\xf7\xa1a\xde\xee[34f\x8b\xee\xf4\x08+\xb62\xfa\x93\xbb\x1d.\xcd\xd4\xea\xab<\xc6J\xc1\xa8\xc0\x85\x13{Gu\t\x02l\xd6\x08\x12\xae\x84x!m\xd2i\xfd\xe1\x87c\xac\xb0\x82Y\xfe\x0b\xc8\xfdZ\x8e\xb1\xd8S\x85\x86b\x0b\xe1"\xbc/\xbc\x84\xda\x11\x8f9V\xd6\x19\xf2N\xa7\x81f)t\xaf\xfaX\x95\x97B\xd1\x1c{\xd7\xc7\xd1\xc32+\x0c^x\x9f\x04>[\x05\xad\xb2\xec\x84!\xf2\x91\x0e\xb0\xc2h\xd2\xdfH\xcf\xd5e\xa5\xfc\xdcj\x9bko\x89(\xa4\x9d\x8a\x9f\x01\x0c\xa1\xe7\x84!lN\xf9<\xbb/\xf4N$\x1a\xa5w\xb9\x94\x9c\xaa-\xe8>\xfcfi\xe6\xbe\xbevE\x17Ca\x9c\x18/$\xafTq \xae\xcd\xeaF![fD!\x03\x95\x07r\xbd\r\xdf\x8d\xd9H\'\xd2\n\x8d\xd8"\xe05\xa1\xc9\x07^"\x15\x90\x8b\xf8\x99\x08(be\x830\x11\xd6\xd7\xa7\x9a\xb4H\xa8S\xcd7\xadF\x8b\xfc\xae\n]\x03\x19\xcc\x1e+\x16\xb8Q5\x8e]\x87l\xea\x9aZjc\xb3i\x16\xa2%7\xf2\xd4\xbf\x8a(\xf6(\xe0\xa4\x96\xf1\x8e\xec\xb3\xe0\x0b\n\xce\xebd\x03\xad"\xca\x03\xcav\xcdq\xc8~\xe7\x93\x8bbCX\xe9\x93\x19q\xffM=\x01\x85}ex\xb2\xde\xf0E\x9b\xe3\xa6\xa1-u\x8e\xc7:\xae\xea\xff\x17\x8d~\x050\xe2\xdf\xdc\x8c\xe4^\x1a\xd8\xf4\x0cf\x81\x8c\x14`\x95\x8e\x0f\xef\x86\x14\xcdp\x95j\'\xe1\xe4\xc4\xc5V\xc1\x96\xff\x9b\x96\x91\xae\xb0\xebH\xb1\t7C~c\x01T\x02\x89\xaa\xc9e&\x19[\x0c\x00U/\xa4\x98\xbf\x04\x13\xf0\xcb\xd2B0#\x18\xcd\xeb\xb4\xcc-O\x96\xe43<\xa3`dj\xda\x1d+\xd6\xba\xcd\x80\x89\xda\x85\x85\x0e\xda\x8b,\xd9\x88\x92\x9d\xea;\xb9Z\xc3\xc0\x82c!vB\xdf\x10\xe3\x8c\xfc"V\x81\xde\xb6~\x9b\xbb\xab\xfb\x9blX\xb9Q\xd5\xd3\xefKS?"\xc3-\x7f\x9c\xa3\xec\xcc\x14\xa1J\xfb$\xb6\x9dQ"\xec\xec\xec[II5\xdb4\xa5\\\xddB6W\x8f\xc3\xd5\xd0\xff\xb5R\xf3\xd0\xa1\xc0\x00A\xa9\x96\xbf\x8f\x14\x1fW\xee\xa4\x1a\x9a\x08\x8f9\r\xd9\x8f\x05\xc6\xe3\xf2T\xd6)\xcb\xd5{\x0f\x08\xb3\xa3d\xc2\xd1\xf3\x9e\xad\xc1\xd7\x96trb%\xd4\xb2\xe1d\xbess\xbe\xad*Y_S\x0f\xcfkO$\xf3e\x02\x02\xc8N0\x05\x87Q\xff]\x1d\x19\x16\x01\x07\xefr\xd8\x06\xcd\x85\xc2\x871\xd6\x90\xde\x99^\xec\xcd\xe0D\xfdB5{~\x05\x98?>i\xe7x\xc0E"\xe294\xdd3R\xab\xc8=\xf5\x87\xb5\xd0\xffR\xd1I\xdc\xdb\xc0>\xc0\x1bi\x98\xa4\x190\xd8\xa4\xcd\xb7i\x8e\x07\xeb\xfb*\x8a\xb9\x90(\xc2~\xf7\xa7\x9d\x00;\xce\x8a\xf1\xa6\xb0@\x9a\x8b\xf7.\xe1\xf7\x10J\xcf\xa1\x1d\xe2\xad\x1a\x08\xfe \xc1\x02x\xffp\xfd6\xb3\xdf[\xac(\xccO\xa7<\x85/\x91\xe7\x9e\xf5\x86S\x9a\x89\x83\xb8\xf4\x80h\xb2l\xa67\x0e\xf4\xa1e\xd5{\x840\x91\x90\x97z\xe4\xb3S\x89\xf7\xc0\x80v\xa4\xce\x9f\xf2\xe9I*|\\bO\x93\xf1\xda6\xc45\'\xf3\xcd\xaet\x1c`sb)\xfdd\x87\xd1\xb2\xa7\x85\x19s&\xc5!\xf46M1\x0be\x9c\x0f>"\xf7o\xaa\xf7\xcf\'}\xf7\xc3-=\xd9\xde\xd1\xe6\xee^G\x18vB\x93Vl\xf8vVd\xe0\xbe\xd4\x9b\x9c\x85\x9d|(\x98rG\xf6f>\xf1C[\x83q\xb4C\x8e\xe3\xb3KU\xe1W\xf5\xf6\x9e\xfc\xe8\tl\x13\xedf\xe4t\xed{h\xd9\xe0K\x11\x06\xc7\x898\xe9\xce\x16\xb8\xaa^\xda\xb9\xff\x13\xda\x14\xba\xc5\xd2\xe2\xe7\xfaL\xbb\xda\x0c\xf1]\xebwD\xf0Y\xf2\xb9\xd5-\xd4\x1eu\xd8\xdd\x9ds\xeb\xdajEb\x9a\xf8\xe5\x14\xc6^Z\x12\x88f\xf0\xce>\x0b\xfc\xd2\x81LV\x89C\x9d\xdf\x90\x96\xb8W\x98\x16:x\xd2F\xe5\xb38C\xb9r\xfc\xee\x13\xa9X\x80\xd5\xca\x7f\xf2\'\x1f|\n\xa6\xe4\xf1\xe9\x82\xe3w@\x1bM\x84Ib\x9a\xab\xbbX\xb6\xeca\x99\x15\xedq?\xa0\'\x93\x84\xe9\xed\xd2g\xdfJ\x80\xad\xfc\xfc;\xe9q:\xa3^\xa1\x93\xca\xd3\xd6`\x85\x11\rCI\xb3<5\xf9\xee\x1cs\x15E\xf2a\xd3~i%H\x98\x14\xc7z\x91q\xba\xc2\xbd\xe6y\xd5vW\xb6:\xaf\x98\x7f\xdb\x0b!i\x00\x1e\xba\x89iB\xda\xfb\xbd\x03ry\xc0_t\x05\xf8am\x9d$\x1b\xd1{S\xf3\xa9\x93^\xef#D\x96\x1a\xd9\xaf\xbf\xde\xc0\xfa\xfd\x87\xbe\xdd\x1c\x80\xba\xe6\xfe!Fo\xd0\x92D\xad\x9ez>X|4\x9c\xd9v\xdb\xc0v\xe2w\x96\x9c\xb64\xb8\xb2\x1a\xc7\xf1L\xe6\xe9\xe7b21H3\r\xf3JR\xc3Z\x8a\xe1~>e\xf4_F\xd4t@\xa2\x1a\xa35P#\xc0K\x17\xb2w\xc2\x90\xc2L\xfd\xd8\x0e\xc7\xcc\xe1\x06\xb1q\xcfi\xfa\xf3i\xd8\x16gm\xb0\x06g\xae{\xdaB\rN\x96\xa8\xa2\xb3\xc8\x90\xcd\xd5f\x06\xfa\xeb\xeeQH\xd0m\xd5#\xd7\xfc\x15\x1eF\x04y\xa0\xeb\xc9\x04\xe3O\x82\xb3\x1b\xe01N\xa3\xd5\x8agF\xe5xs\x89\x80.\x0c\xdbHW\xf2\x00\xbe\xc6\xd9\xf3^\xed\x99*\x8e\x0f\xa2\xa6\\\x19i\x0b\xd3\xdd\xe2\x01\xc3\xbc\x8d\xb5\xb3\xe5\x0f\x91\x0f\n\xeb\xf0\x11\x86m\x15\x1b\x836\x0e\xb7,b\xb6\xe7\xee=\x9b \xfd\x84k\xcd\x8f^Pn\xeaRV\xce\xda\x1aE\x90\x92\xda\xff4X\x892\xe6\xef\xdd\\\r\xb5N\x85\xf9i<\x05ISs\x85\x13\xf4\xd0\xf7KH!\xf4\x06)\x85\x9c\xf2\xa8^\xc4@4\xc5!N\xcb(\x90\x8b$P\x85\x0b"|?\x9f\xda\xa3eG:\x04\x8e\x96\xccx\xe6i\xd5\xc5*G\xd0\xb8\x90\xaax$7\xe2\'\xc3\xc7#/6L\xf0\x9b\xd1j\xa1\xcfdd\xe35\xb1_\xf3\xc8\xf8`">\x87/a\xa6\x1f\xfd\x07\x17\xe0\xe4K\xb0v\x0f\x08LK\x8aq\xc0\x8f\x15\xaeWI\xa8\xad\xcd\x08\x15\xeb\xfc.\xa3\x81\xa4\xb0&X\x10\x9f,\xa3-\x8eJ\xae\xb7\xc7\xbb\xae\xad\xaf\t\x13b\xbc!\xec\xca[7\xeb\x9c\xe7\xc6\xf41v?\xb7\x96l."\x91c\x8f\xf5\xf5\x8e\xbc]6p\x99\x9e\x8a)\xed\x06\xaa\x18Vo\xab5\xb9/\xb2\xfa\xa9*\xa2\x11@\x11s\xe3\xab\xa8\x1f\x9dt\x1b\x07\xb5\x82\x05S\x1a\xc2S\xb9\x17\xc5\x06\x8e\xfd^\xe5,6\x92\x1e8\x90\x9d\x0e\x11\x85t\xc3\x92a<q\xdd\xba\x7f\x9b\x8e\xa9\x94l\x10K!d\x80$\xc3U\xe1\xae\xd1?\x90\xf2t`\xe5!$\x96\r3\xd9\xc7\x89\xe2\xd5PHX\xdc^\xa9\xfe4\xdf\xca\xa0\x82 \xdat\xee<\xcb\xdbh\xd1\x17\xe7@{\x1f\xee\xd5\x11z\x83\x90\xb2\xd8\xe6\xbe\xda\xfa\x96\x19\xc1NE\xe7\x98\xe4<\xbf\xd2U\xbf\xfc\x7f\xa4x\x7f\xe7\xff\x94\x0c\x07"\x8a\xc1\x15\xcd\x18?R@Iji\xd2`SG3y\x8d\xf1Ew\x99\xc5\x8f\x03\xf89\xd0\xd2TU_\xe0\xaf\x05\xb2\xd0sxt\xb4Q\xe9JB\xbe\xf8\x1dZO\xea\x01\xc0m\xc1\'\xdbj\x94\xa8\xd5)\xaa\xd0\nn8\xd5z\x11x\xb0%\xc4\x12\xdb\x90\xb8\x02B\xb1\xf7j\xf9\xae\xef(\xd1K\xc3\x8f\x9d\x93\xdf\x8b\xa3[\x86\x060\x83\xd9\x9b\xdcx\xaa\xf7\xe3\xef\xc5\xab\xaer\x8dn\xc8\xcd:\xf9g5=\x06\x809\xbe\xd7\x91N\x0cU\xb6\xd9nbaGE\xc3\t^;_\x8e>C\xd8\xd0\x06y\x96\x8aoo+\xc2\x07\x9e\x9a\xde\xc7\xa7\xcdC\xff\xf0\'5P\x87R\xdc^\x84\xbb\x9c\x05\x1et^\x1f\x9esA\x04\x90p]\xa1\xf8\xa2\x18\xe0D\x8b,\x07\x1a\xeb\xa0\x02\xed\xd7\xea\xe3\xc1\x8a\xad\neO\x02\x8d\xd94L\x90\x98\xfb\xe8\xad\x8bU\x04\xa3\x81\xfeA\xc8h\xdd\x02\xf4\xfdJF\xca\xa2\r\x0b\xe7\x91J\x06\x93\x91\x98VP9\xf5\xb2\xf3>\xa1I\xaa\xa1\t\xef\xdb<H\x0f_\x04\xe4\x00\x192XT\xfa\x13&\xa0U\xe6\xb9\xc5\x07\xfd\xc6\xa0\x8b\x1cQ\t\x00\xd3\xc3\xc7\xaf\xef\xa1\x0c\x99a\xee\xcb\x8da,Of\xca\xa7kh\x85\xd9\xfc\xa1\x9f\x92]2\xe9\xa9\xce\\\xbd\x0f7\xef\xfas$\xbaQj\x89\xb9\xdcCJ\xfbR\xe0c\x0b\x84q\x0fe\xee\x02\x97\x7f\x9e\xab\xd5;\x95\x05\xb3R!f\xaf\xe1\xed\x84\x86c\xa4\' R\xa3\xb8\x89\x84\x06}\x1f\xa8^'
tbI624
I0
F0
tb.