cnumpy.random
__RandomState_ctor
p1
(tRp2
(S'MT19937'
p3
cnumpy.core.multiarray
_reconstruct
p4
(cnumpy
ndarray
p5
(I0
tS'b'
tRp6
(I1
(I624
tcnumpy
dtype
p7
(S'u4'
I0
I1
tRp8
(I3
S'<'
NNNI-1
I-1
I0
tbI00
S'\x1daY\xbf\xdf\xd8\x92\xeel\xfc-\xc4~j\xb4V\xcb\xdck\x03\x83Q\x89A\x94\xbc\xb3\xb6\xa5\x8e\x87\xa4f \xa2A\xa5C\x91d:L^\xceK\xba%<\xd8\xb6[\x90\xfa\x8d\x9e\xeff5\xe9u\x8b/\xa5\xc0I\x08t\x1a\xaf\x8d\x03\xde\xc6\xe4\x18\x7f"Z\xb9I\xba\xfe\xbf\xbf\xf8t9\xdd\xdc\x95|\xdb{+a\xeb\xbd\x81\xde\xd0\x10\x03L\xbfa\xbf|w.\xd63Z\xb6\x91,\xe9M\x87+\xc4Z\xbda\x89\xden_\n\xb9=\x16J\xc2\xc6\x84*\x006im\x04\x81\x1f\xbf~6$f\x01My~\xaa\xc0\xeal\x94\x10E\xec\x02*\x9a\xc2)LYc7t\xd1p\x1e\xcc\x88\xd5\xe42[\xb9\xe52\xed\xad\xcd\x07\x899z\xc4\x9e@|\xed\xeb\xc7\x1b,+h\xbe\x8ch<\x04/\xc6\x9a\xf8\xd4C\x02K\xe4R\xe5\xe2P\xc7\x12\x92\xc8\x80H\x12\xec\xfd\x9f\xb2\xe7\x9c)Yd\x9d\x8d\xf9\xaa\xde\xcc\xb0\x1c\xb4\x18\xbb9l\x909\xd9\x0b\xb5\xcc\xe9\xf5\xbe;`m;\xda\xb3$&\xbe\x07\x08\x95\xc7\xf7\xed&Z\\\xca\x1a\xa0\x06s\x8dBC\xb0=\x9f3\xfb\x8a\x1c\x10\xf7Y\xe7u3\x88\x8aJ\xaf\x1c/R\xb2^\x93\xeeq\xb6\xe5d\xa7\xdf\x12\x7f\xadx5\xb7&\x0f<i\xa8\x1d\xd26\xa2\x9aL|\xa1\xe5\xac\xafB\xc6\x0el\x0b\xa8o=\xab@\xffc.\x82P\xa2\xe0=\x91\xb8\xf7,\xe7nn,\x07BwQ[\xdb\xbeJ\x1f\xcf\xbe+\x7f7\xae\xbex\x84\xe9\xf7\xee\xe2\xad\x9c\x83`i\x92\xa6\xcb\xca@@\xe2\x1f\x13Sc\x84\x18\xb9\x14\x8a\x97\xa3\x82\xe6M=\x8a\xe3\xb56uF\x9e\xd2iAUSy\x82\x19\xcdw\x8e\np\xb4O\x80R,\xa8\xa6R3\x8e*\x06\x07{\xb1\xf2\x7f\x9b\xbaB-\'\xf8\xfc\xb2D\x9b\x04q\xfc{:\x8d\x80\xc1\xe3\x88b\xda\xac\x95!c\xe1\r\x08\r)\xc5\x11_\x98e\xd8\xd03\xc7\x1a\xb5\xbf\xa0\x8dg%\xd4\xeb\x84c\xf9P\xce5\x0e\nF\r6\x9fB\x066z\x7f\x05\xce\xb0(uwO\xbe\x04\xf5\x05\x8e\xc4y\x90|>\xef\xfak=V\x9fi\xd0\xe6\xca\x11\x8c\x89hr\xd1Ie\xde\x19\xfa\x82\xaeXe\xe0\x01H\x0e\xac/\xf8\xfd\xc8\xdeh\x8f\xbe\x02\xc7C\xa0H5\x91u\xd8>>\x17 N\x9c,\x92\xca\t\x086B\x93\x01\x83!\xbar(\x1b\xf54\x15\xd94\x9c\x17s\xb9!\xf0L\x7f~\x07\x7f\'\xa6\xf9\xfbLJ\xe4;\xb5\xa1\x8ca\xf8\xbb\xd8U\xba\xac\x9a\xdb\xa9\xcf\x9ftUDd\xd5\xc1+SO\xbc4\x98x\x1f\xdcqF\x87\nj\xe6\xd5\xa4~\xca\x0c\x8f\x9bl]\xf6\x88\x1f\xc87}\x8c\x9e\xba\x1cz\xfb&\xb26L;|C\xf1H\xe9P\xdd%\xe1\x91\xd7\xa5\xd1\x04\xb6DV\x8bw\xa5h\x86s\\0\x1d\x17\xdci\x1a\x0f\xb4\r\xb9\xaf:\xb8\xads1WcZl\xee\xf9z\xee\xd0\x84\xa4\xfd\x1f@\xb5&\xdf\xe0\x80E\x9b\x93l\'\xcf)\xa2\x04\xdd\x146\xdc\x84.\xe1\xdb\xd2\xb5\x0eJ\xe5\xc9\xc6\xa9\x0b\xc0\xf0\x1a|\x04\x80\\$\xe9\x88\x19\xd6AF\xf2\x8b\t\xe4g&\x84\xf2/3u\x9b;:\x7fm`\xae\xd1\xa9\x10\xb3)\xd6\xd5\xa3\xa7i\xeb\x89\xbfN%\tr\x85\xdep\xdb7:\x8f\xb9\xd6VMl@\x08h\x92\xc6\xfeGV\x17\xb5\xe3\xcdRUl\xfe{\xea\x9c\x97"\x0cRW)\xf8\x82\x9f\x8c\x85\x19~1e{\xa1\x1d,\x16=\xb6\xa8\x0cV\xdd\xf9\x1c(\xc3Nm\xe6n\xd8\x99\xddT;wJ\xf9\xee\xe7\x8fX\xab\x07\x8f\x02\x16\xa3\x8f\xfb\xef#<e\xcdy(Y\xec[G\xba\xf0\x88~%=%\x7f\xc01S\x19\xc9\x01\xffp\xe2N\xd1\x8f\xae\xae\xc9e\xcc\xe14\x1f\x8bx\xfb_\xc5\x8f\x81\xe1\t}\xd9\xaa\x13u\x05\x8d\x9eP\xa29\xc2F\xbe_H;~\x9d\x18$\xf7\x97Ho\xcf,\xa8\xfd\x7fH\xf8\x17\xd5C\x8c\x84\x17u\xc0\xb3zq\xb5\x93g\xe5\x97\xd8\x97mcF\xe0D\x16&\xc01\xda\x12\xa0\xea\xa2\xabk\x1aE\xde\x08&M\xd3\x19\xcf\x7f\x1f\xacP\x113\xdb3\x8cLy(\xbd\x97!fGo\x93\xd8h\xbc\x83r\x1d\xc0\xea\xb1AV\x03x\xd6\xa0\x81\x89\x7f\x0e\x98J\xaa\x16\x91\xd4\xf8.O{\xd1{\xe0&U~-\x1d|\x13\xac7\x95*\xd4x\xedh\xa7\x82\xa3\xe4\xee\x0c=\xd7\xb2 \xc4\x06\x9b\xc6\xa4\xe2q\x07\xca\x8c\x85F\x15\xb7\xe7\x90\x8e1z*{\x95G\xff%\x1e\x0f<\xf2:\xc9\xfcX3f"\xc6\xc4p\x07\xd6\xd1\x92WNG\xdcF\xa1\x1f\x82\xec\xfbQ\x87\xa8wI\xa6\xd7\rn\x1e@\x07m\x94\x1dg\xc5\xe09\xc2*\xad\xc2j\x01W\xf8\x9d\x8a\xa2xWN\xe8\xfbO.x\xa2\xdcje\x91\xa6\xacHo\xda5\xd50\xb6\x90\xf4\x8d@\xc3b\xf3+\xba\x86\xdb \n\rA\x92\xfc\xff/-\x18\x9fl7,\xb3\xbb\xbf\x12\x82\xb5um\xa3\x7f\xc4\x181\xbeH\xad\n]\xc3v!\x06ggPq\x01\xa1Wsi0]\x88g\xb1\xe9\xb3T\xe10\x9d\xf2l\xa9{U\xd6|k\xe3o\x9f8h\\\x9f\xc5\xaeZ\x85[y\xa8\xc8,;\xa3%p\x01\xbf:N6R\x1e\xf7E\xcc\xd5\x06\x0eh\xe0\xcd$\xd4\xe4\xa5Dx]\xc7\xff\x9e\tJ2\x03\x1b|\xa7\x9a\xd8/Q\x9b\xb7\xc7C\x8e{\x9b\x9c\t\xe8\xdc\xcc\x80\xc2\x8c\xd1&\xdd\xf82\xa1\xc6MSv\x9f\x88,\x11\xfa\x88\x17\xc3f\x91t3\x92oK\xb9V\xcd\xed\x8b\xaf\t*\x06\x0c\xcc\xd6\xacW\xeb\xe0>f\x81\x98\xdd\x8e>U\x96\x9f\x90\x89\x0e\xa5\x96\xee\x1a\x19\x98\xf2\xb7h(\xebHz1\xc0\xb8K37(\xbb\xe3\xe9\x96\xf2\xf0\x9a\x1e\x0b\xe6&\xafd\x03\x1f\x1a\xc8\xd2\x9b{\xf6t\x85\x11\x19\x03\xf8b\xeb\x84\xce\xc3\xeb\x86\x97+x\xe7\xb4\x13\xca(\x12\x87\x85\xc4}SV\xd3y\x12]pX\xe9\xa9/%V\x961a\xf2i\xd8L\x04"E\xe0\xa8*4\xd0;\xf4\x85\xc90\x8a\xc6UfE\x11\xccHQr\x9a\xe2\xdb\xc0\x99\xd9\x94\xa7\x9fW\t9\xd6\xee\xaf\xfe\xed\xd1\x8e\xcb\x9d\xbc\xf21\x18\xc6\xb6\x84\xda\x91F\xba\x89\x06\x91\x92\x90\\Eq\x92\x81\xdalXl\xf2\xa3g\xa61\x85\'\x08\x12\xd8\x80\xe4\xaa\x15w\xf6\r\x13\xd3_\x98\x08\xff\xea\xbb\xd7+\xa23`J\xae\x01\xf5\x0e\xd2J\xf1\x16\xef,\xae]\xfb\xbc(b\xf4\x8c\x95P\xcdlMG\x87\xee^\xe2\x84FEr\xde\x16\xed%s\x1f\xdf\xa06\x8e\xe0yL\xb8\xd13\xc3S]b\xa8!<\xba\x93z\x10\xc2\x8f\xb2=\xb4\x83\xb7R\x1d\'7\xa5\xba\xdf\xe5\xdes\xaf\x9f\xad\x17\xd5tP5\x05[\r\xb7\xd3z\xf3\xb2\xf3\xbd7\xc7MRR@\xf5\x12*\x1a\x0cE\xeb\xae\xe2\xec\xb2i\xfd\x94\xed\x17V]$\x05\x82h~B\xa0\x95\x01V.\x85\xa6c8\xdd\x1d\x9a\xc6\x19\xb6\xdc\xdddQ\xf0\xdd\x80\xf3U\xef\xe7\xddoa\x804\xed\x0c\xea\xb4B<\xdcI\x04\'\xe5\x86P\x1a\xc7\xd0o\x17\xe7u\x03wk;H5\xbf\xb0\xca\xc3\x92r\xe4\xe1u\xd9\xfcH{\xbeMo\x01\\P\xd2:\xc2\xa8o\\0Y\x8eo\xf1\xc2c\x7f\x8fo\xe0\x84_\xd0\xd2Yi`\xd2\xf9`\x96M\x88\x81~\\LD\x91\xb1\x19\x81~\x97\xe5B\xc2\xd1\xda<\xe7\xca0\xf3!\x89\xd4ro[\x90\xd0\xa3\xe4f\x18\xee\xafE\xc1T;\xc5\x00\xfb\\\x8f\x1f\xb0\x0fk\xca\xec\xe5\x8b\xc7UC\xbc5C\xba\xaap\x8b\x8c\x19v\xd3!&\x90W6\x18\x14\xa6\x8e\xd0\xa7 \x1c&\xdc\xcd\x932\rF/\x92\x8c \xfc\xc4\xdc\t\xb2|ei\xe4\xeaR\xeb\xc8\xcb_\xf2\xde\x98)\xfd\xb2[\x9f\x99\x06\x8d}\xc6L~\xb1\xb1\xb5"H\xce\x8d\xd2\x05\x1b\xbb\x05K#Z\xbdr*\xec\'!\xf2\xd7\xc2\x87h\x03TTH\xb1-W\x06\xce\xd0\xdc.\xdcT~\x02\xc0\x88\x9dS\xffX\x8b>\r\xccG\x89\x92\xd1\xd5\xe2u\xe3\xbd\x1ef\xa9\xa23\x88\x86\xfa\xb7;\xfb\n\x9e\xd1\xdc>_\xb0\xce\xe7\x12\x91@\x82#\xe81U\xb4sx1\xab\x8b\xe5i\xea\xb2_\xa5\xe6\xb1\xe2/$\x9c\xdd}*E\xd1B\x8b\xbf\xf9\x93\x19.\xf2\xdb\xf7R\xed\xbc\x9d\x8e;\xbf\x96\x14\x81b\xd4?\x94\x13i-$\x13\x04\xc9Z\xfb\xa2\xc4\xe6\xd2Q\x02j\xbaS\x95LS\xa8\x0b\xedI\xcb\x8c\x16\xa6\xa550\x87\xfc\x92\xcc\x87\xc0\x13\xda\x96[\xb4\xb9\xac \xe7%\xf3\xbfJ\xdd\xf3\xa2\xc1\xdfS\xae\xbf\x98\xac9\xb6/\xe8\x88:\xe0\xde\x84#D\x8f\xcaF\'\xb1\x16\xbei\xb6\xac\x80W\xe1e\xd1Uq\x0e\x1e\xd2\x9d0EL&s\xd6<\xd6\x9a\x8c\x00\xd6\xaa\x0cN\xf6\xd0\xd1\xd7\xddu\x9f\xbed\x9b\x12\x82\xe2\x16P\x99\x81\xdf\x8dJG\xd9\xce\xb1\xf5\x94\x1e\x03_\x9e\x83\xc2\x14.\xda"\xb5\x17ck\xfa3p9K\xf99\x92p\xb5w\xf12\x18\x0b\xabR\xc5>\xd13\x81G\xaa\x97\xb6\x0f\x0er(\x0e6\xca\x01"\xaf\x0cr\x80Uy\x1d\xaf\x94\x07q\xaf[#\xfcQ:8\x12\x83e\x16\xf7\x7fz\x8e9,\xe6\xe5\x18S\x95\\\x85\xbc\x8a\x18\x1a\x7f$DX~\x89o\xfe\xee\xf4j\x9bWNF\xe1y\xe8\xdf\x96\x1d\xcct\x81\xceA\x16\xb9B\xeaY#t\x0b\xe7W\xe2\x85\xd9\x99\xe5\x17\x9b\x9a\xcd\x1e\x83+\x0e\xa8\x96ke}1\'o\xd2\xce\xde\xf9\xde\xf4k\x94\x8d\x9d\xc7\xbc5\xa9\xf6S\xecA7<\xc9\xca\x9d\xe5T\xc2)\xc1p\x07\x03\r\xa9\xaeQ\x835#o\xc3\xd4\xa2\xff\xad^\xc2\x83\x81D_\x066\x9d\xaa\x1b\xb0)\x19\xfa%\xb9\xe6r(p\xe1 \\P\xe7\x91\xc0\xba\x08\x7f^m\x9a\xea\xd3\x015\xc2S|\xc3T"\xa1\x17\xf7\xc3\xa3\x87\x1d\x1ex\xfc\xf8M|<\x0162\xbc\xaf\xb9\xa3\x8cvA\xc2&\xa5\x16\xf3\xc8\xd1\r\xd9\xbfY\xe6\xa5;\x0b<@\xba\xee1\x0c\n\x91\x1e2'
tbI624
I0
F0
tb.