# time 	 divergence 	 # of mutations 	 # IGC chances 	 IGC length 	 # IGC failures 	 Changes due to IGC  	 % change due to IGC 
0.0	0.081799591002	0	0	0	0	0	0.0
0.000337962602418	0.081799591002	0	1	1	0	0	0.0
0.00173748544367	0.081799591002	0	2	1	0	0	0.0
0.00210549024936	0.081799591002	0	3	1	0	0	0.0
0.0045558518437	0.081799591002	0	4	1	0	0	0.0
0.00640774838324	0.081799591002	0	5	1	0	0	0.0
0.00645029140718	0.0838445807771	1	5	1	0	0	0.0
0.00647656965344	0.0838445807771	1	6	1	0	0	0.0
0.00702002730693	0.0838445807771	1	7	1	0	0	0.0
0.00775823299718	0.0858895705521	2	7	1	0	0	0.0
0.00787148781538	0.0858895705521	2	8	1	0	0	0.0
0.00870861922004	0.0858895705521	2	9	1	0	0	0.0
0.00927157509062	0.0858895705521	2	10	1	0	0	0.0
0.00943929490364	0.0858895705521	2	11	1	0	0	0.0
0.00955200134899	0.0879345603272	3	11	1	0	0	0.0
0.0110442212773	0.0858895705521	3	12	1	0	1	0.25
0.0119489251856	0.0858895705521	3	13	1	0	1	0.25
0.0119796204229	0.0858895705521	3	14	1	0	1	0.25
0.0119856409315	0.0858895705521	3	15	1	0	1	0.25
0.0135961236037	0.0838445807771	3	16	1	0	2	0.4
0.0139902888861	0.0838445807771	3	17	1	0	2	0.4
0.0144149228365	0.0838445807771	3	18	1	0	2	0.4
0.0151530909709	0.0838445807771	3	19	1	0	2	0.4
0.0153226234066	0.0858895705521	4	19	1	0	2	0.333333333333
0.0165615948496	0.0858895705521	4	20	1	0	2	0.333333333333
0.0168890236951	0.0858895705521	4	21	1	0	2	0.333333333333
0.0170750326106	0.0858895705521	4	22	1	0	2	0.333333333333
0.018013567323	0.0858895705521	4	23	1	0	2	0.333333333333
0.0186220205375	0.0858895705521	4	24	1	0	2	0.333333333333
0.0187667028433	0.0858895705521	4	25	1	0	2	0.333333333333
0.0196824394135	0.0858895705521	4	26	1	0	2	0.333333333333
0.020376253076	0.0838445807771	4	27	1	0	3	0.428571428571
0.0214688419721	0.0858895705521	5	27	1	0	3	0.375
0.0216539646651	0.0879345603272	6	27	1	0	3	0.333333333333
0.0217579017243	0.0858895705521	6	28	1	0	4	0.4
0.0221227116742	0.0858895705521	6	29	1	0	4	0.4
0.0232114766277	0.0858895705521	6	30	1	0	4	0.4
0.0241870730539	0.0858895705521	6	31	1	0	4	0.4
0.024879484802	0.0838445807771	6	32	1	0	5	0.454545454545
0.0257186631837	0.0858895705521	7	32	1	0	5	0.416666666667
0.0257732276232	0.0858895705521	7	33	1	0	5	0.416666666667
0.0259955794679	0.0858895705521	7	34	1	0	5	0.416666666667
0.0262472120736	0.0858895705521	7	35	1	0	5	0.416666666667
0.026320520414	0.0858895705521	7	36	1	0	5	0.416666666667
0.0273567975609	0.0858895705521	7	37	1	0	5	0.416666666667
0.0277172356895	0.0858895705521	7	38	1	0	5	0.416666666667
0.0284967066159	0.0858895705521	7	39	1	0	5	0.416666666667
0.0293091705662	0.0858895705521	7	40	1	0	5	0.416666666667
0.0297299364874	0.0858895705521	7	41	1	0	5	0.416666666667
0.0299551445284	0.0858895705521	7	42	1	0	5	0.416666666667
0.0301801848033	0.0858895705521	7	43	1	0	5	0.416666666667
0.0304658614741	0.0858895705521	7	44	1	0	5	0.416666666667
0.0305902339418	0.0858895705521	7	45	1	0	5	0.416666666667
0.0309635263143	0.0879345603272	8	45	1	0	5	0.384615384615
0.0310533287734	0.0899795501022	9	45	1	0	5	0.357142857143
0.0312299718612	0.0899795501022	9	46	1	0	5	0.357142857143
0.0320505367051	0.0899795501022	9	47	1	0	5	0.357142857143
0.0352841450907	0.0899795501022	9	48	1	0	5	0.357142857143
0.0354327222915	0.0879345603272	10	48	1	0	5	0.333333333333
0.0355355107922	0.0879345603272	10	49	1	0	5	0.333333333333
0.0366551862759	0.0879345603272	10	50	1	0	5	0.333333333333
0.0369108475215	0.0879345603272	10	51	1	0	5	0.333333333333
0.0385693583126	0.0879345603272	10	52	1	0	5	0.333333333333
0.0386420836033	0.0879345603272	10	53	1	0	5	0.333333333333
0.0388344674631	0.0879345603272	10	54	1	0	5	0.333333333333
0.0396428981422	0.0879345603272	10	55	1	0	5	0.333333333333
0.0399550003359	0.0879345603272	10	56	1	0	5	0.333333333333
0.041151883623	0.0879345603272	10	57	1	0	5	0.333333333333
0.0432722107241	0.0879345603272	10	58	1	0	5	0.333333333333
0.043370919993	0.0879345603272	10	59	1	0	5	0.333333333333
0.0434192478505	0.0879345603272	10	60	1	0	5	0.333333333333
0.0435897471298	0.0879345603272	10	61	1	0	5	0.333333333333
0.0440334695668	0.0879345603272	10	62	1	0	5	0.333333333333
0.0444056969278	0.0879345603272	10	63	1	0	5	0.333333333333
0.0456766036639	0.0879345603272	10	64	1	0	5	0.333333333333
0.0466409771286	0.0879345603272	10	65	1	0	5	0.333333333333
0.047233539415	0.0879345603272	10	66	1	0	5	0.333333333333
0.0485915859522	0.0879345603272	10	67	1	0	5	0.333333333333
0.0490959691401	0.0879345603272	10	68	1	0	5	0.333333333333
0.0491588135971	0.0858895705521	10	69	1	0	6	0.375
0.0491596666068	0.0838445807771	10	70	1	0	7	0.411764705882
0.0499746382586	0.0838445807771	10	71	1	0	7	0.411764705882
0.0509516765103	0.0838445807771	10	72	1	0	7	0.411764705882
0.051361953738	0.0858895705521	11	72	1	0	7	0.388888888889
0.0516066714692	0.0858895705521	11	73	1	0	7	0.388888888889
0.0519488429583	0.0858895705521	11	74	1	0	7	0.388888888889
0.0538028795095	0.0879345603272	12	74	1	0	7	0.368421052632
0.0542869819014	0.0879345603272	12	75	1	0	7	0.368421052632
0.054780248667	0.0899795501022	13	75	1	0	7	0.35
0.0548947097009	0.0920245398773	14	75	1	0	7	0.333333333333
0.0561508258379	0.0920245398773	14	76	1	0	7	0.333333333333
0.0568302242698	0.0920245398773	14	77	1	0	7	0.333333333333
0.0570048440439	0.0920245398773	14	78	1	0	7	0.333333333333
0.05751700669	0.0920245398773	14	79	1	0	7	0.333333333333
0.0585122997662	0.0940695296524	15	79	1	0	7	0.318181818182
0.058819765034	0.0940695296524	15	80	1	0	7	0.318181818182
0.0599990736754	0.0940695296524	15	81	1	0	7	0.318181818182
0.0609317005788	0.0940695296524	15	82	1	0	7	0.318181818182
0.061349876772	0.0961145194274	16	82	1	0	7	0.304347826087
0.0613520539724	0.0961145194274	16	83	1	0	7	0.304347826087
0.062141292257	0.0961145194274	16	84	1	0	7	0.304347826087
0.0642660632043	0.0940695296524	16	85	1	0	8	0.333333333333
0.0643764489444	0.0961145194274	17	85	1	0	8	0.32
0.0645797065554	0.0961145194274	17	86	1	0	8	0.32
0.0646200741117	0.0961145194274	17	87	1	0	8	0.32
0.0659285257931	0.0961145194274	17	88	1	0	8	0.32
0.0682162710889	0.0961145194274	17	89	1	0	8	0.32
0.069737078678	0.0940695296524	17	90	1	0	9	0.346153846154
0.0700912806681	0.0940695296524	17	91	1	0	9	0.346153846154
0.070918354731	0.0920245398773	17	92	1	0	10	0.37037037037
0.0713969472537	0.0920245398773	17	93	1	0	10	0.37037037037
0.0721945973825	0.0920245398773	17	94	1	0	10	0.37037037037
0.0722239598737	0.0920245398773	17	95	1	0	10	0.37037037037
0.0731601862053	0.0940695296524	18	95	1	0	10	0.357142857143
0.0734196403328	0.0961145194274	19	95	1	0	10	0.344827586207
0.0741264906774	0.0961145194274	19	96	1	0	10	0.344827586207
0.0743728589952	0.0961145194274	19	97	1	0	10	0.344827586207
0.0744131261847	0.0961145194274	19	98	1	0	10	0.344827586207
0.0761266728882	0.0961145194274	19	99	1	0	10	0.344827586207
0.0780804896964	0.0940695296524	19	100	1	0	11	0.366666666667
0.0792983261095	0.0940695296524	19	101	1	0	11	0.366666666667
0.0796925705236	0.0940695296524	19	102	1	0	11	0.366666666667
0.0809663502842	0.0961145194274	20	102	1	0	11	0.354838709677
0.081670350353	0.0940695296524	21	102	1	0	11	0.34375
0.0818188004841	0.0940695296524	21	103	1	0	11	0.34375
0.0821961513818	0.0940695296524	21	104	1	0	11	0.34375
0.0828901872175	0.0940695296524	21	105	1	0	11	0.34375
0.0835937268824	0.0940695296524	21	106	1	0	11	0.34375
0.0844325616655	0.0940695296524	21	107	1	0	11	0.34375
0.0846649501032	0.0940695296524	21	108	1	0	11	0.34375
0.0853022320601	0.0940695296524	21	109	1	0	11	0.34375
