cnumpy.random
__RandomState_ctor
p1
(tRp2
(S'MT19937'
p3
cnumpy.core.multiarray
_reconstruct
p4
(cnumpy
ndarray
p5
(I0
tS'b'
tRp6
(I1
(I624
tcnumpy
dtype
p7
(S'u4'
I0
I1
tRp8
(I3
S'<'
NNNI-1
I-1
I0
tbI00
S'\x1d\x188\xd2s\xb1\xa6OGR\xa8\x9c\xe7\xa9A\x1aYD\xe4\xa5\x14`\x01\x80\x12\x06P\xbe[\xa9\xfa\x96f\x18\xf4\xd5\xf9\x84\xef\xcf\xfe\xe3\\\x80|\x1c\xf1Bw\xe1\xb8e\x0c\xd5\x9a\xf6\x8d\xa7\xe8\x94\x8e\xecD\xb5\xa1I\xb6/@\xabr\xea6\x8c\xdb\xbd\xc3K\x0f\xa4#\xb6\xf9\x0c\xe70Z\x9b@\xcf>x\xe0eW\x04wc\x8da}\xc9Y$\xb3\xf0\xd9%\x1e\xb1n\x03\xa8\xcc\xae\xf5Q\xa6\xea]\xca\xf1\xa2i\x13\xe7|s\xeb\xb5\x92\x8cd}\xa8\xfbJR\xa5<EBO\xe6\xcdj\x97>t\xff\xb7\xed4\x81\x1f\x87R\xdf\x146\xc1\x8a\xa9\xac\x82\xbd\x8a\x0b\x99E\xb5xG\xc1\xe8;!\xd60UY\x84\xbck\xcd\xd5\xa0\xd8\xfdZ\xcd\x16\x15\x88{\xf3\xc01\xe8\xb2M}\x0f\x1fG\xb5LUKb\xfd\xc2K\x02\xf2+\x0b\x0f.\xed\ra\xf8\x06\xd2\t\x8cXc\x80!N\x01%\xec\x9eY\xab:K\x10\xd5t\x9d\x84\xbb\xd6\xd0\x932\x13\xb2\x9b\\\x965\xa7q\xa2\x00\xfe\x06T\x11\x00\xbf\xdd\xe4\xd7(U$\x1a\xf7\xdb\xfe\xa6:\xc3\x10\xddQY\xcb\x06;|\x17\x8e\xa9J\x0boJ\xa8<\\0\xb3.\x97+\x10\x111|j\xf0lQD\xe7:\x80\x07i\xca\x0b\xff\xf0\xd6\x04\xaf\x1b\x91\xa2\xb1c\xdc5\x84\xcf\x1d\x993+\xae\x11\xd0h<=JQ\'S2l=\x03\xa8\xa0o*\xe2\x0f\xe5\xc9\x1aYE\xdf{\x06\xc6\xe4\x80\x1a]\xeb\xe9\x0c\xdc\x0e^\x8c\xd7\x98\x00\x85dc\x8fi\xc2B\xd0\x92\xa3g0\x92\xa4\xfc\x16}L\x11K\x1d\xb2\xa6\x8f\xb7\xda\xf0\x94\xdbqj\xba-\xc8\xd0 \x90L,Z\xa6I\xae\x8c\\[&\xed\x86\x90\'\\@\x9cY\xcb\xa4g\xfb\x16\xf5$pk\xd2(\x1d\x7f\xd56\\\xc8\x129\x14\x17\x00\xa5\x1fj\xf6Kx\x03\n\x8e\x00\xee^\xa4\xf4\xa9\x8eY9v\xa2\xc8\x9e\xbc\xf1\xda*\xa0\xb7\x9d\x80;c*\xd2MX8\xdf\xae\xd3\xc1a\xf0\xc1#\x80\x00B\x15\x01=\xd9MH\x0c\x8c\xbbP?1\x08\xd9\xf8\xe1\xe1\xc1\xd5\xe6\xea\xe6\xc1\x95\xc0\xff\x96\xde\xed{\xd0\xd7\xb6\x84w\xcb\x90\xf7\x93M\xf0L\xb6\x85\x863\xc9\x9e\x92\x83\x06J\r\xc0\xac{\xef\xd8\x0f\x9e\x16\x97[\xb8\x9eH\xdfo5q\xf8\xd4\xc6%\xc8\xfc\xe3QYl\x92N\x18\x08e\x95\x0f\x06X\xe2\x0ectT\xaf^\xcc\x97\x7f+\xe0\x86i\x1a\xca\x9e\xf5jHg\xef\xa6\rO\xa3Q\xdd).\xb5\xf0\x1b\xc9\xdf\x90r\x97\x9e wph\x8a\xec\x8d+\xc8gi\x8a\ny\xf0H\x90\xe9c\xad\xfa\rWS$G\x94\xb5\xf5\x98^D\x9d3s,v\xaf^\xce\x08\xb7\x8f\xd2=\x15T@\x95\xf3\x91)\xad\x1f|\x8c\x83+\xa7\x94b\x0cE\xebv\xb7w\xe6\x94F\xdesZ\x82\xbbo \xdb\xa6\xbe\xe1\xf6\xb8h;\x13\xe1\xce}\x18\xd8\xc1\xac-\x9bx{\xeb\xca<T\xfe\xe6\rOK\xaa744n\x1f\xa1\x08\x860\xfe\xf3\xf3\x06f\x81\xad\xf1HM\x12\xfd\xec\x97\x14=\x87\xbdp\xec\xed\xa1J\xcd\xa6\xf49M\x90\x95\xce\xbftf\x1eX\x90\x88\xb2y\x00V\xf5\xbf\xc4\x8b-\xe7\x85\xb5\xc1\xca\x14D\x13p\xc8YUX\xc0\xf5\x8d\x04\x8bGp\xb4\x89%\xf0\xe2<\x8aY\xe8X\xdf\xda\xfa\x96m\xabn\x1af\xe8\x809m\x98\x8d\x8a\xae\x18\x87\x19\xa5d\x9a~\xaa;\x95\x93\xad\x85\xe5_Nk0\xb2$\xec\xd9\xb6\x1b\xf5\xca\xabt^7\xc6\x9c\x18H\xa0RoPQ\x0c\xb0\xeb \x15\xa2{\x9f\xa7\x02iP\x1a\xf6\x1ce\xb9\xf3\xb6\x98\x8a\xec\xb9v\xe1\x11\x93/\x043S\xc2^\x88\x0fQ\xe3!\xe4\xa9\xb3\xba\xc9=\x88b\t\x07J\xa8\x16\xcb\xec\xea\x9a\xd8\x92HB\xe9\xda\x9a\xa1p\xa6\xae\xa8HS\x86\x1c\x83\x17V\x06mf\x17O\x08\x86\xaeBC\xa0\t8\xf3MP7\xdf\x8d(\xa52\x1fD\xe8(\xf9H\xaet\x19\xcfpq\x9ayaaG\x1a\xc58\xf02_\x1c\x1f%\xfb\xed\xddk\x0buA|\xe8+\xcd\xed\xe7vj+\xadm\xb0W\x89|d" $\t)\xc0\xa6\xe9f+\xaal\xe6\xaa\xf7p \xd7\tE\n\xcbK(\x16MF4\xfa\x98z\xe5\x83\t\xc4\x0b\xd0\x894\x0c\xc2\xe26\xb9/a\xd0\x1c\xfe\x8a`\xd8\x0b\xe0\xf5\xaa\xa2\x04\xd8UK\xe9i\x15c\xfc\x0f\x9a\xd08\x91\xfe\x1b\xe5S/?\xf0\xc3E\xa0x&\xe5R\xa4\x1c \xb7\xfa\nF\xb4\xa3\x83\\`\xce\x16b\xfd\x19\xb6"\t\xebW\x98\x0fI\xc6Y\xae\x80\xa5\xd1y\xf7/\x02O\x9c\xbd\x06\x07\xa3\x06\xbc\xebM\x9dD\xc7\xbf\xef1\xd5\xb4\xe6b\x1d\x81:\x8a\xb4\x8f\\\xb5@\xd5\x10\xe1-r\x07MV\xc8 N\xa3.r\xe4\xe5;\xed\xa0T\x84}TDCY8`\x82\x95t\x03 \xbb\xbc]\x84w\xee\x8a\xb2\xfbR\xcf)\xaeu\x1a\xc7\xf6\xa1}i\xc0\xcc\xb4Y\xaf\xcfJ\x1e L\xf1\xf2,\xdb!\xff.\xdd\xec8\x86\xd0z;\xfd\\\xd6\x90}@0\xc3\x8aAB\xf7\xa4\xa0\x9a\x19|\x89\x1fq\x88P\xdf;r\x80\xea\xbb)3gDJe\xeb\x84\xe9\xdef\x17\xec\x17\xf4o\x99\xa7\x08P\x18\xe9\x08\xa9\xad\xb44\xa0v\xfb\x03$\x8eKB\xe5\xf9\x9au\x1d\xf2\xc5l\x8b#5\x07M-P\xb5\xba#ZLX\xb6\x1fR\x0f\xd8\x9d\x16\xac\xc5\xe8_\xe9\x173\xb6\xa5\xf3\xea\xc8^\xeb-\xf1\xb8\\rB\xc2\x8e\x908~\x8c\xff\xf0\xe4^:\x1a\\\x96\xc4\x9e9\xc8-\x15\xee\x92q\xf5\xb7\x05\xfa_w\xcd\x17\x1fhv\x8aA\xbb\xebp3S\x7fK\x06\x02\xf6_\xbe\x80E5@Od\xb6\xc26\xed\xd8B\xf4\x85\xd6\'\x1e\xa7^\x1a\x95\x04\x9a\x91,\x1d7\xc0\xae\xca[\x152\xe9\xb9Z\xd2\xa7\x15S\'\xe6g\x93\x84W\x9d\xf9\xe4!\x8e`\xbf\xfb_J\xd9*\xd5\x0b\xe1\x8f\x19\xd3M\x92\xe2\x9d\xb1\xab\xb6\xbe\xe8d\xe8\'\xdb\x00.s\x8a\x1bjz\xae$z\xf6\xd9E\x8d0)\xd9\xc2\x0f\xb5{\x8fM\x1fv\xaf\xb30\xb8\xfe\xa4&\xb0at-\xe8_\x8e~\xcc\x14\x8e\xa4l\x9c\x1eE\x9b\x18ab\xa9\xd8Z\x1fF\'+\xbb\x9a \xd6\x8e\xf4\x1eF\x03\x9f\x80\xbd\xb8\x9a*8\xd0KQ\x9c\xc6!\xe5p\x99m\xfep\x89W\r\xc2\xee\xdcb\x16\xe3\x89\xb4\xd1^V\xc5d\xa7S\xd3_~D\xaa\xe2 \x08\x06@:\xcfn\xc7\x9d\x90\x12\xa3\xef\x83\x83\x1f\x90\x1fI\x85}\xc3\xeb\xe2Z1Z\xd0&F\xa4\x8doO\xdf\x14\xec\xf4B\x1e&\xf9\xc8d\x11\xce\xceb\x07`\xccI\xc2\xd5\xbaD\xa9\\\xd0\xe4\x9b\tf\n:\xeb\x11Cml\xe6\xe1\xaea\x90\xf0/\xdb:\xe1Ry\x84\x07T^\x80Y[\xdfV1t!\x086\x08\xb4n?\xb9Y\xf7\xb8\xa0[9I\x11\xf6\x0fs\xf9\xa9\x15L\xcd\xe3\xf6\x9f\xfa.\x85n\xdc2c\xea\x15\xf3h\xacv\xfc|r*\xb9\xb8\xb1s\xcb\xe6Y\xc8\xd7c\xb8\x17M\nC\xc5\xc9\xcf\xac{\x15\x11hZ">\xc46\xd9X\x98\xbb{\x18\xb7A\x12\x970\x0122\x85E6\xc2j+R\x08_/\xf9\xab\x85\xbc\xa3\xf7\x9c\xb1.\x8a\xddB\xca\x04.\xa5\x80\x8eX\xe4\xc6\x04\xf5ME\x12!\xcf\x9b\xac\x8b\xa5\xfeP1^\x01k\'qF\x14b\xe2\xdc\xcdi}\x94N\x9d\xd4\xda\xd7<\x9a\x03\x00\xa7\xce\x88w\xc1IFYHM=\xa2\xfd?\x81a\x0fr\x85\x9a\xa6\xf1@\xb53}\'\xab\x00\xa3\x84.\x07}+HgP`/\x8f9\x91\x8f\x06\xfa5!\xd6B\xc8#$\xa3\xab\x83\xda\xd9\xdcK\x85\x8b\x95?\x1d\x1a\xa0\xd0RPi"(\xe7\x8a\x15\x9d \xeb-\xbd\x1c^\x80\xc3\xf2\xce\x07?\xcf$\xff\xd9\x16\t\xcc,\xf1b\x13\x97\x11\xd7q\x1c\x01\xbed`\xe4\x827\x05D\xc3Wr\x0c\xfd\x0c\xd5JMI;G\x9a\n\x0c\xcf\x0b\xda\xdb\xa0r\x19.\x9dDF\xf1`7\x91\xfe\xf2N\xb9\x8eS\xe5\xe2\x10"W\xc2h"Q\xf3\xb7\x88s\x02\xe9\xdc\xf7\xb2\x84\xbc\x0c\xdc52\xa9\xa1\xfc!\x08\xe1\x94\x80\xe5\xfc\xa5\xb1\xd8eb\xcf#\xd0.\xa4\x8f,A\xb9\xa5_\x11 \xc3\x000%\xe0V\xfcn\xef\xc6\xa5\xba\x9f\x81u\xfa\xb2Et\'\xda\xafH\xef\x01\xd9{_\x17\xee\xac6\xf0\x1a\x16\xdcv\xea\xc8\x8a\xebSS\x1c\x060\x90\xbehh#(\xa9\xd7P\xaa\x1c\xc5\x95\x19\xa34\xc6~^\xa2\xdbM#U,]\xd4\xd2\xd4gi\xc4m\xd3\xcd\xfd\xde\xdf&\xd73\xab\x89\xd3S\x10\xff\x93\n\xfe+\t1N\x90\xd3|\r\x9d\xc7Eu\xc7\xee5O\x8f\x8d\xc6\xd47\xaa\x15\x9b\x00\x06\x14fu\xbaalN\x1b\x15c\x90C7\ne\xba\xa7\x18^\xac\x0e@:X\x98\xd4/\xfa\n\x85\t\xd8:\xaf\xb7\xb0\xa3\r\xf9\x025^\xd79f[\xfd)\xfa\xfd\t[\xee!}\xc1\xcf_\xaaW[\x15m\xb0\xc5\xc7\x0e\x95\xa3\xab\x15~\xe6\x8a\xd9\xd3l\x14ul\xa0\x9d8/\xce\x1dR\xbe\xfdH#\xd4iv,1\xf3\x86g\x86-\x13o|\xdaj\xba\xc3\x19\x88\x0e{00\xb5\xf2[kiB)`\xde\x94fL$dx\xca\xf6m\x98>A\xf2\x13,Y|\'\'|\x04(87W\x16{\r\x18\xa5\x00{_\x16o+\xd7B\xea;\xcb\xfdd\xba\x84 \x91\xf2|\x1cB \x8b\r&a)\xf3\xc9\xa9\x9e\xe1\x9e\x1a\x19\xdd\xb7\x8b\xeaa\xe1\x15Y\xf7\xa7[k\x12V\xf2}\xae2\xfc\xc3\x1a\x03\xeb\xc7-D\x08fH\x88\x0b}.(K \x8cq\xd4\x9e\xacj\x1f$|\x8e\xc6\x98D\x00p\xfe\x01\xfa\xab@\xa5:\xd9\x1c\xeb2/\xbd\xc8>j\xfcS\xcb\xc6\xcf\xe2\x04f\x14\x1dl\xb1\xf5I\xad\xe7\x8e\x18\xd4\x1d\xa5\xd79\x8f\x0f>\tGg~|b\x05C\xe1lD\x8f\x07:%\xdbE\xfe\xe6\'\xe6\x02\xc6\x82\x96\xf0\xe1\xa4\xd1\xae\xb9\x1bb*\xbc\x86ex\x10\xf3\xf6\xc7\xfa\xd4S'
tbI624
I0
F0
tb.