cnumpy.random
__RandomState_ctor
p1
(tRp2
(S'MT19937'
p3
cnumpy.core.multiarray
_reconstruct
p4
(cnumpy
ndarray
p5
(I0
tS'b'
tRp6
(I1
(I624
tcnumpy
dtype
p7
(S'u4'
I0
I1
tRp8
(I3
S'<'
NNNI-1
I-1
I0
tbI00
S'\xe5qC\x8d#I\xc8\xac\xb8\x1a\xabyF\xe0q\x0cM*\xcd;>Db\x8bu\xef\xc7\xe2\x9b;\xf4\xf0\xeb\x10\xe4Os\x8c\xd5\x9c\xaf\xae\x86\xc2\xdag\xa5\xeb\xd2\x13A@b5\x00c;\xcc\xb6\xccx\r}\xaeU\xcb\xcf\xdah>O\x1b\x10\x0c\x10[\xad\xdcIH\xf4v\xdb\x8d\xd6\x88E+2^\xbe\x8e\xba\x81\x85\xef\x7f\x81\xe8\xd6\x08\xa3\x12Z\xc43\r\x04\xa3\x8f \x18\xfd<\xd6A9\xcb\x96\x99\x9b!\xc2\xd2"\xd4\x89\xd7\xa2\xe4c\xed\xf1\xc3\xcb;\xc9\x16\xda\xdd\xa6c\xe3\xc5\x12\x86n\x1d\x8d\n\x9fE\x91<w_\x80DW>`\xc5>^\x8d\xa4\xef\x16pb1\xdf3\xf4\x84\x058.\x80\xd6n\xeat=\x116\x1en\x837f\xca\x88\xbcXo+\xee\x88\t\x9f\xca\x16\x18\x1b\x9a$E\xc8\xae\xc5\x93\x97\xab\x86\xc7\xeax\x13\x89q\x16\xffZ\t\x12\x86(\xda+\xb7\xe8R!\xd7l\x04O\x9d\xea\xa3\x8b\x1f\xa7\xf5+\xb0\n>\xf7}L\xdc\x96]\xe3\x08"\xcdV\x81\xf5\x94Lx\xf7\xb6\xf6Mb\x80\xf1b\xec\xb2\xfd\x11V\xa3\xec\xb7\xf8\x86u\x1e\xdc\x82@\x8fH\xf3;I\x1f\x8b\x9e\xdb\x11\xdb8\xeba-Y\xc3\xe5\x0b90\x1cl q~MUW\x07\xf8\x93\xae\xe0\xfc\xe6\x05\xa2\x89D\xe9\xcf\x00\x05\xa2\\\xf4>X\xdcgAz$y]\x00UK\xe3\xf0\x9eXn\xa11\xed\xdd\xdbD\xeb\xe6\xab\xc6\x83>.f\xd1\x10\xea4\xa9\xc3\xca\xedL\xfag\x9b\xcas\x89\xa4\x86_\x8b\xfaw,\xa9\xd9~\xdb\x9e\x9b\xed\xc9\x06\xcc{h\xfcG\xf9\x13\x04\x89\xcbp\x19\xab\\\xf5;\xfalS|8Q\x80Y)\xa7Y\x95\x88\xad h\xbfqa\xd3\xd5\x1b\xe8\xf4\xed\xa0\x1f\x956g8\x06w\xe9\xd6\xaa2uzKHd\xeb9n\xd3\xee\xf4j\xa3n\x95h\xca\xe8\xd5\xa3\xce\xc2\x1a\x8d\xd2{\xf1\xaa\xce\x15\x9d,\x1aa\x95\xf2tS\x17V\x8c{E\xbd\x1c\xa1\xdd\xbc\x87\x17\xd3\xb2\xd6\xaf\xc1\xf0-\x18\x00\x9cM\xb0\x82\xe6\x82\xe1G\xbb\x84i\x1dA\xf8E\x9a\xa3!\x86@\xb7\x8d\x9c\xe5\xbf\x9c\x8e\xb68\xaez\xfe\xce\xf9~\x1eZ\x7f?\xa0\xde\xb6\x07\x8aC\xc4\x9826`\xed)\xf3\x96H\x12\xb7\xf3\x81O=^G\xf5@\x19O\x0b\xba\xa9\xf9i\xb8j\x1c\xedz#\xe9C\xf8\xf4\x94\xe1u!\xf7\xa3AHW\x92\xf6\xa9\x90\xb41~\xddG\x1b\xae\x05S\x1d\xd3\xb2%p\x9a\xd1\xaa\xea{\x87\t\x9fd\x9f\x8a\xf6\x03\xd4\xf5\xc1\x06\x90\xaf\xfd\xb8\xe3\x83\x9e)aA8#\x88\x96\x89\xfa\xaeU\x10g\xffx\xe0\xea;\xf4j\xd5\x98K\xf7j\xae\x15\x89=\x00\xa6\xdf\xe6#\xa6\x94$6\xb9\xe6&\xb4\xe6\x99\xdd\x18\x17F\xcd)\x80\xfdg\x12`O\xdc\xac\xa3\xf3\x91\xf1\x80\xc2\xd6\xc9.>\x16\xaf\x88\xb1\xaa\xa9\x0e4\xc3-r\xc9n\xcd\xd2\x07\x06\xd4]3\xed\x1e\xc3\xfe\xe8\xee\x7f\xee\r\xf4\x1f\xd0\x0f\x18\xb3r3\x8f\xca\xba\t?[*\xc8\x0b\xae\xcd\x15wD"\xcc\xae0+`dH\xcdPD\xbe\x93!\x88\x02\x1a\xa4N;Z\xb9\x1f_\xf2\xb3\x81u\xf18L\xb5\xd5V\xa2\xa5\xa9\x1a5d)\xa4\xf6\xc0[\xf2HR\x84\x19\xfa\xcf\xdd\xf0\x8fo\x8b\x03Z\x9a \x18\xc3\xe6\x17\x06]\x9e\x1c\xd4\xf1-t\xc4\xe3\x98\xa8H\x15\xc1\xb8\xcc\x19\xe1n\xbf\xa4\xfb\xfd\xb6\x11\xa3jTW\xe3\xbb\xb6\x12\xeb]\xfe`[\xa9\x9d^\xc8c\xc1\xad\x18x\x0e>^q\xfb\x13\x10>\xad]\x05E4e]\xa85@\x0e\xde;\xe5\x99\x03\x90\x7f\xd5@\xaf\xab\xc4\xb5a\tB\x10)TS\xf9\x07a.\x0b\xf4sx\xe4\x82\x8d\xf8\xaa\xa5\x95\xabp\x89pg\x1a\xa0\xd9\xc0\xb6\xef\xc9/$\xd2\x19\xb1\xdd=\xe2\\\xeb\x97\x12?g\xe55\xd6\xaf8\x89\x13\x108o\xc6\xe1\xd4\xd2\xb3[\xf8\xba\x0fa-\xb5\xd1\r\xd3\x00\r.+\xbaF\xdd"\xbea\x8e\xe6;\xb9\x0c\xeb\xaf\xf4\xb0\x9e\x00-f\xa0\x89&\xe1?\x90\xd1\x06)\'q\x92\x91\xdf\xba?\\z\x12\xc7\xf2\x9e\x0f\x91P\x8d\xf0\x80\x12Z\x17]\xfe\x8b^\xcb\x83\xc66\x9fep[\x92\xa9\xb2\x8d\x1a\xc5z\xa0\xccl\xaa}\xb29\xe1\x04\x90\x85*?P\xf8\xf2\xf7\xc0FS\xa3\xf9.\xd2t\x11\xa0\xe6X\x12:\xf2\x7fS\xecE\xba\xd4\xb4\xf6f\xc1n,\x85\x9b]\xb9\xb4\xbd\xaa81\xe8\xf3_tq=\xa3*,\x9a\xe3S\x9b\xc06\x00j\x01,\xb7\xf5\xe67\xbbv\xe9m\x94\xaf\xf7\xc5\r`{\x0c~c6|\xcb\x0f\x98e\xb6\x9a\xa8\x84m\x9f\xb2\xe94\xf5,\xce\x86q\xfe\x9d\xbb\x8bm\xb3\xdc\xe0\xaf\xaf\xc3\xb2\xe8\xd0\xa5%\x83\r\xc0\xceE\xfbyG\x82\x023\x86\x97\x90\xf1\x08R\xae\xa2\xc2\xf2\x94\xf6\xfe\xad\xfd\xa4\x93\xe9]8:\x7f=\xe5\xeeI0\x16^Nm\xe6\xcdI\xfcD\x19\x00\xfb\xf9\xf9\xcd(Xn\xe1\x06q\xa5\xc2\xcd\x08\xfc\x84\xe3\xefh\x94%2O!\xad\x95i\xa9\xaa\x07\xd7i\xb8\x00x\xd3\xa4\x19@\xfc\x83\x1b?\xf1\xc6\xd0\xac\x9f\xd7\x90\x8e\x10\xd0e\x04\xa0\x86~\xc3\x8fE\xe9\x1a\xa8\xda\x88\xe7\xfe\x1b\xe2p0\xa2\xc6%_\x05\xe5f9!\xa7Yn\xd1\x0c\x89\xc4\xecx\xfc\xeeU\xf76\xb1\xcc\xbb\x1c\x07uJ\xe8P\x83R\xa3.Jq\x9a\x08\xb0\x8c\xc6A\x15\xb1M\xd9\x12P\xcam\xf5Z\xd4\x0bS\x1a\x92\xa5\x11}\xb6u\xc0\x07\xbd@5\x06\xd4B\xb4\xe2\xcaJ\xea\xec\xb9\xa7\xfe15\x9d\x1f\xae\xa8\x02\xf6\xc8\xba\xde\x05\x05\x82,2\x94\xf3\xda\xf6\x89\x96\xeeh\x85\xbaOO\xce")\xc3\x1a\x08\x1dY\xab\xddN\xceak\xd3\x86\xff"\x8ftV\xac\xec\xb64z\xa3j\\\xd8(\xaem\x9c\x03\xf0Lg|\x93\xc4\xed\x03;\x05R\xba4\xb6.;\x1a?\xdd\x87\x17H\xf5\xc9\x82\xf5\xd9=)4(@\xffC\xb2L8\xbd(i\xd0;\xc8F\xbeb\x80\xf1!\xee\xa3\xfe\x1c\xf8\xaf\xb9\x8c\x0b\x10`\xa7\xda\x06\x08$\x0e\x81\x16\xcc\xe9\xbc\x93\x8d\t\x94P\x9d\xf1\x9a\x9b\xf6\x9e\xd2\xc9\xef\xc8\x1e\xa3\xcb9\xc0\x15\xe4\xc7\xa5E+\x04m\x02\xcd\x81\x9e\xd8\x95\xdd:\xa4\x8f~9\xb6#2ka\x19\x9e\x9a\x86j#\rz&\xc1/\xaf\xb7Dz9~75_E\xc6\xe9\x1c\xa2\x06\xa6\x15\x18\xa9W\'\x1dd\xc4\x7f-\xa7o_y\xa9\x0f\x07\x03\xc8\xc9\x92|\x1c:\x8c\x18\xafH\\\x13\xddt\xae\xechx\x0fbf\xfe\xb2\xaa9\x95\n\x1b\x92\xf5\x8c\xb0k\x11m\xca\x02\r\x00\x9f\x92\xc5\xfe\xba\x92\x19\xa98\x13\x08\x8a\xaar\x0fm\xa8\x8e\x14j\x844\xdf\xfb\x1d7~\x03\xdf\xc4\x80c\xbdEC\t\xfa\xf6c\xaa\xbb\x89\xb9K\x88t\x08\xc6\taKj\x8d}\xd0=\x0b\x07OJ\x9d\x80\x9e\xe7\x08\xc4F\xbf\x99\x86\x9b4v\xad\x14\x8a\x06js!\xc5\xbc\xbb>\x0c\x0c\x8a\xd3\xeev\xdd&\x94`\x03\xe1\xf3n\xa8\xe1\xd17\xe4\x86\xa1(\x98\xe9D&\xff\x1a4\xbc\x9aX\x85\xb0\xf5^E\x9f\xf9\x8d\x92NH\x0b\xfb\xdc\x9f\xbb\xb7\x0bFF\xce7`\xdf\xf4\xabx\xfd\xb2K\x8d\x1d\xfe\xb96\xa0\x9b\xb4~\x83o\xf1\xc2\x9c\xc2\x19\xa6Y\xb5\xa49\x15\x9f\xc0\x9e\xb6\x9d\xa1F\x041]\xa4@;\x96\xfaFi\x05\x81\xf8\xe9~m\x17\xf6\xc4\x1f\xb6n\x13\xc6\x07\x80\x9e%\xd9\xd0=\x0b\x17/Jju\xd19\xba\x8al\xe2)P\xeb6\xf7Oo\xea 5\x12\x8b\xdb\xd1\x9a{\x0f\xe6t\xb2K~iu\x81U\x9c\xe3\xe0\xa2\xb4\xa3Is\xefm3\x16W<#\x0c\xc4Vj3\xe6O\xcd\x8f\x94\xd9\xa7\x9fq0\xb9<kO\xa7\x80\x8c\x04\xe5znY\xbb\x14\xf6#\xae\xd7^\x0e\xa2\r\nY|\xc1\x02Zm?\xa8\x85h\x12\xbe&\xdfQ\xdfWBE\x07j\x91\xabn\xd2\xbb\x17d\x05!\xaa\x85\xb8O\xf8U\x97\xbb\xe0\xbdl\xca\x19Az]^v\xf7B\x84\xa8`\xb4\xab\xd4\x96\xe5\x98\x15\xa9w@\xafT\xba\n\x99u\x14\x14\x87\xe0\xd0\xb6\xb6t\xb72S\x8dj\xf6\xf2\xe5\xbc\xefb\xfd2\xdd\xef\x93\x8c\xec\xaaCN\xff\x99\x89\x88\xdbj\x82S\x922%\x9b\x0cG^\xb5\x17\x03\x1bt\n\xa8\xe4:k\x08(id\xdb\xd5k\x02\xdc\x0e\x7f4\x01a\x92\x9e\x99\x86.\x90\x9f\xf8$\xff\x80\xa0\xef5A\x89u\x1e\xe6\xd9\'\xa3 o\x8e%\xfdL\xed\xad\xec(\xc7\x04\x8c\x8e\\\xcck\x91\x1c\x0cK\xca\xca\xc7^\r\x99\xc9\x8f\\\x16\xf6~|\x17\xd4B\xa9\xfa\xf8\xc4\xfa\xa3\xcc\xac0\x8c \xbe\x08T\x18A\xf8\x86\xaf\x02\x0b\xf4\x8d\x08\xbeu0\xfc\xb2\xd9\x086^\xce\x17_\x95\xa9\xf2D\xe6\xc3\xd2\xb1\xf0,Y\xd3N\xaa\xc5\x80\xf6Xs\xe3\xfbWT\x85\x0f\xdex\x17?\n\xf4\xfc\xc6\xe2JN)\xa6\x1b\x80-c\x90E\xe5B\x86\x9a\x90\xfat\x01M\xe4\x1e\x8aq\x8d\xc9/\xf6\x1f\x1b\xcc\xd6\xae9\xadJ\xaf_\xd0\xb4\xaf.\x02}\xe4\x1b\xa7\x12\xc5\xb0\r\xd2\xf6\xcc \xf6B\xc8\tL\xf1\xc9\x1d\x84a\xaf\x94\xa2\x18\xa9\x8aY\x1d\x8a\x07\x80f\xccc\x9eV\x0c+\x17C\x05\xc2\xe6\x0b\x86\xf0\xd48p\xcd\x1e\xb0q\xcc4\x8e\x07\xe4b\x8b\xce\x9aC\x11\xcc\x8fa\xf1\x10\x9e\x89\x08\x91s\xb4[F"\x91\xe7\x02\xffe\xb3\x81e\xe72\xda\xc9\x97\x9a\xceR\xbd\x85\xb4\x85\xa1\xe0\xc9\x87\x07CP\xf3F.\xcb\x8ax\xc1\xd6\x17\xfb\x95\xfb+\xaap\x16SpTs\xa5\xc4\xa2\x86\xa2+G-k~\x99w\x18\x82\xafs\xfa\xeb\xd2\xd0;\xb3\xf2fd9\x8f@R\x88\xf6a!/\xf4\xbc\x92J\xc7B\x85\x87\xcb\xb3k\xc6\x9b\x1b\xef\xa7i\x16\xa7e\xff\xd5p\xdfqW\x13\xe4\xcf8(\xaf\xb6*\xf4ep\x17\xc9*\x85\xcb\xa8\x01\x0f\x17\xd7^\xf9\xa3\x033\xbby7\xb9\xcd\xa4\xf21#\xa31\x088K\x85K>\x81P\xa7W?\x02\x0c\xf7\xa7#\xc4b\xd3\xa7[]h\x94'
tbI624
I0
F0
tb.