cnumpy.random
__RandomState_ctor
p1
(tRp2
(S'MT19937'
p3
cnumpy.core.multiarray
_reconstruct
p4
(cnumpy
ndarray
p5
(I0
tS'b'
tRp6
(I1
(I624
tcnumpy
dtype
p7
(S'u4'
I0
I1
tRp8
(I3
S'<'
NNNI-1
I-1
I0
tbI00
S'2\x05\x89\xd1X\x19YEP\xe2\xf8\x03%\xd17\xe9\xc0\xee\xca\xba\xecp\xb5\x06\xae\x9fD$g\xcc\xea\xfcc<\xab\xed\xf4\x88\xc1Z\x08gNG|\xb0\xa7B\xcd{Y\xbf\x12\x08b\xc7g\xec.0\x1f\x16a~\xb6\x97\x8dp\x9c\xd8\xe4\x96\x19#\x9f\xbd\xa9\xebl\xf2t\x0e\xa7\x00\x93[\xd3\xdf\x06\xd4\x0fKTj\x8e{zM\x0cv"\x84\x14\xee\xb4\xb3\x15\xc4\x1f\xcem\xfa\xfb\xf9\x18W\x0cKk\xfdL\xb1\x16\xfb\x04$hj_h~\x0b[I\xaa\x97\xdbc\x99\xcc\xa9\xb6\xde\xc5k\xd3Qs4\xc5%\xeb\x1d\x06\xe6|\xe9\xe3\\\xda\xee\xc5\r\xbc\xc6\x9e\xfc]k\x9f\x13\x7f\xba\xb5L\xa1\xeb\xe5j\xe7\xe1\x9b\xcfZ\xb8\x07\x0f\xa5xB\xdb\xfe\xd2\xc9\xb3D*U\xdfQ\x95wGlb\xab\xc3\xdeZ\xc18\x8e\x9eF\xbb\x12\xd4=\xd0<o\x17\xa1\x16\xf1\xb5\xdd6\x8d\xdd\xe4\xad\x18\xcf%\x8aY\xa8Q\xd1@\xcd\x8a\xcd\x13 5\xd6\xae\xa6\xe0\xff\xa8\x82\xf6}\x05\x99\x88\x153\xab\x82\xedTo\x9a0\x88\x14\x80>\xb2\xd7\x04\x15\xf2\xfeXS\xfa Wa\x11\x89\xb6\xd6\x8c\\*\x12\x06]{3v-\x9b?F\x99\xacI(\x89\xf2\xc2\xbf\xe3\x99\x19b\xef\xa2\xf0\x9d\x9c@\xf8\xfb\xdcj\x07\xc5X\x04vx\x96\xed\xda\x1b\xf5\xf6\xb4\xe3\xe7NjP\xde#;\xa1\xdb\x05\xc355\xf8\xf3O\x04\xec\xca\x89\x16\xcc*\x0e5.\xc3\xb8\xc7\x07k\xa3L\x9c\x89Y\xa6\x93UoTT\xed\x86\xe8MW\xcd6f3\xb3P\x96\x04\xdb\xdf\xcb\xee\xac<c\xe5\xd44\xd4L,N\xd3\x80r\xbcD\xb6\xac \xec\xb2.\xc1\x89\x812 1L;\x1d\x05\xbf\xa9\x8c\xc7\x14\xd0\xff\x8e,\xab\x07%\xd9\x98\x01L\x95\xaff\xa0\xfb_\x10"\xe6S\x01K\xba\xd1Z\xfer\x95\x02\xd6u\xe3\xc6\x05x\xbe\xf92Zv\xc5B\x91\x91Z\x88w\xa2\xacLi\'>\x17\xf5T\xaf\xdb\x1d\xedR\xecY\xea\xae,\xf0a%\xe4\xea\xa1K\xfb\xcc\x1d\x9e\x05\xe8\xfa~\xe8\xf2\xac\xfe\x16zC+\xdb9\x87\xea\x04\x88\x8b\x98\xf2>\n`\xf9\xcfS!\xe6\xb7\xdew\x1fJ\x1c\xe1\xce\xfe\xdbyj\xa8\x1f\xcd\xd5\\6\xda\x80\xef\xc2\x08\x82\x0el\x0f~\x17\xeaU\xec\xac/\xfbE\x00j\x82\xbeGf\x11\x8f\xee\x85\xaclxy-\xf9\xda\x9bfk_\xe7\xa37\xad\x9f\xea\xdbaj\xc6\x01!\xb1\xda\x99\xd9\xb2p\xac\xeeG(\x83R\xea\x08\x9d\x01.\xf6~?\xf7:Az\xd9\xf5\xef\x0f\xd2\xfal\x87\xb6U\xa3\xb5Q\xfd\xa6K\x1c\xe0\x8e\xf3\xbe=\x19xP.\xf7f9\x86\x1b\x00\x93t\xee]t0\x05\xbb>zu\xe6\xdf>\x03\xd6\x0fBf\xa0.\xc4\x92\x80/\x98\x08\x90\x01\x8b\xf7\x92[\xd5U\xa6K1b\x1f\xabIO\xb7\xf8\xb3\xec\r\xf4@\x1b\x81P\xc3\xf8>\x16\\.wU\xcc\x02\xf4\xbd\x0c\xd7Z\x9a\xee)\xc9Zz3\xbb\x95\xe4@\xd7J\x90\xa49\x05\x1aM\xe7\xafSI\x9f\x82\x9e\xe0\x85\x0b\x95\xced\xa7\xba\xd1?-\xd2\x10\x14lqEbf=\x17\xa0a\xf2\xea\xdc?DBb\xdc\xa2\xe3$N\x88\xc4\x07x\x17\xc9\xd3\xee\x90\xd0\x921I\xb5S\x8e\x15\x84R\xf1R\x9d"\x94S\xb6y\xc4\xf9\x12\xaa{\xe6\x8d\xae\xf8\x0b%\xb0\x88\xaa\r\xbd\xa2\xc2Z\xb2b|+\x0b\xa5t\'&h\xea \xc5\xe9\xdf\x16\x9f\x800\xe7v\x1b%u\x92\x9a\xc7t\x06\xd2\xc8\xf7\xfec\xe3YW\xb8\xde\xdcG\x91\x1a\x9a\xfe\xf6\xaf\xd1A\xd1\xe7\x00\x0f2QJv\xed\x16\xc8M\xa4\x94L\xba\'}\xcb\xee\x1f.O\x143\x97\x0b\x89\xd3\x16K\x84\xe3\x1e.\xcd~\xd0\xfb\x8c+\x9d\xec\x7f\xc4\x89\x16\xb1\xb2\xb17-\x9e\x07\x96\xe8\xacP\xfdb\xf3\x13L\xb2\xe3\x92\x8d_\x06\xcbT\x169\\\x1b\xc4\xcfz\x02\x80A\xd2\x04{\x87\x86\xa8\x91#\x83a\xe9\xe9bD;\xf2\x0c\x1c,\x90N\xc6Ms0"K\xb4\x01\xc8s\xef\xa3oy\x91\xdf[7\x04\x01\xcb\xf3\xe3o\xbaOT\x96p\x0c\x1e\x9d\xde\xd2\xb9S\xdbm"\xe1\xe5*o\x13\x94\xafI\xe9d mf\xb23\x94\xdafc\x8c\x90V\x15\xb4\xae]\x93\xbb\x7f\x9b\xaf\xe9\xef\xcb,7\x1e3\xbb\xd8\xfc\x80s\xaa:|\xe0\xf0@;\xb9w\xd2]\xbc\xe1\x1b\xb6:/)\x16\xd5\xae\x03\xf9R\x0f*W\x1cx\x96\xfa\xbfX\x00u\xd3\xe2d\x80[\x9f\xcd\xc3\x8c\xa5\x82;\x1f\x95\xe3\xdaR\xdb\x04\x19\xf9{\x8c:\xd7|\xdax7\xc8H`p,\x99\xdc\x8d3d\x17C\x7f\'\xa6\xb4Ws\x16[pk\xdd(jq\x12\xb7\x92\xa0l\x05\x90\x16\xc84}\xb6\x18\xd3\xa4G\xe3\xe8\xdc\x1e=b\x1b\x1b\x8a\xda\xc31e\xbe\xd9\x0c\xc638\x97\x1a\xdb\x80!N\xe2\xae\x02&\\\x82\x8d\xc3\xda\xb5Nw\x1f\x13>\xde\xa80\x02\xac#V\x12^;8\xbb \xd9w\x0bu\xb0\xd8\xd9\x90i@\x9e\xd1\xddhc\x9c\x98\xc7\xf5m\r\xb2_FC\xbd\xec[o\xd7\xc4FR\x8b\xf7[B\xdb\xb2\xa33\xfc\x14\xca\xaa\xea\xfbo\xec\x9c\xfe\xc7\xa2\xd0\xb2\x96\xa9\x87\xdd\x84\xd9\x95,\x82\x1c\xd4\r\x9eE\xbf\x91\xeb-\x89\x82\x8e\xf6+\xdcY\x18\xf5{\x9c\x12\xd1^\xb0\x18]\x05Q\xd4\xc6\xd2\xf8\xb6\x92\xda\x8d_\x1e\x18\xcfP\x1a\xba\xa5\x99\x12\x15x=\xfc`\xe6\xc5\xe9n\xb8\x0cLV\x7f_\x96\xa6x\xed\x8eD\xe4\xfeM\xd6\xe0L\x00j\xda\r\x16\xfe\xa7\x14\xadvd\x8c-\x9b\xb1\x935\xdf)\x16j<\x06\xa7\xbd\xe4&,\xef>\xb7v\xbbI\xaa\x9e\xdd\x1b\xc9q\xeeC\xb1L\x9b\x8a\xfb\r\xd5]G >\xd4\x0f\xfbQ\x00\x05\x13\x1a1\x02\x83\x08\xa9}k\x9en\xf3\xab&\xb1\xb9\xd7\x0fB\xf1s\xb0\xa5\xc8\x15\x9f\x08\xbd\xc3\'`,g,\xd4\x8d\x8c\x19\xdfU\x91k\xb1\xf0\xff\xd6\xe7gu)4zty\xfb\xaf\x0cP\xd9*\xcb\xb8^t\x8d\xab"\x85\xa1\x06\n\xf9T\xb6\xc2\xbaW\xd2yW\xbe3A\x810L_\xabH\x06\xec\xe4\xb9=\xe7\xdc\xafF\xe7\xb5\x15\x1c\x15\xfb\x8cc_T\xe2\x86d0\xf3c\x01V\x83\x89K\xea\xe9\x89!)i\xf2\xc3\xee\xa19\xa0l\x93\x18\xfa$S&\x1b\x93f\xc5P\x81-\xc5\x9c\xb6?\xdcA9\x15\x99|\x03z2\xb8\x12\x8c\xd2\xeen\xaa\x94X\xdd\xef\xa9r\xbb>i\xe38\x95\xd2\xa9\x0f\x08*\xf6\xa3\x1b\x15\xc8F\xd6\x05\xf6w\x8eG\xb8}\xd3\xa3V\xc3\x89\xd2\xa1\xda\x9b]3U\x9a\xd3\x89\xcdq(3(0\xcf\xc4\x95\xb1\xcf\xb2\xa4~\x8aa\xd8d\n O\xbc#\xac)#\xfbGN\xfb,D\x16\r-\xf5\xd9\xb7H\x0b\xdcBM\xaf>2 H\xe2Hm\xef<5\xccH\x8fT\x95I\x01,H\x06\xd2G\xc6\x90\x94\tcp\x86\xfd\xee\x17\xb4P\xcf\x11\x9cL\x8c*[oR\x12`\xea\x07nCN,\xb3\x95{\xa2Pl\xca\xb26u\xa3\xac\x0b-\x0f=LF\xd0\x88Y[\x03\x15\xde\xd0\xa7\xa1\x02u\xde\xc61.\xae\xd3\xed\xc9\x91hzx\xb6\xedLy\xf1b\x01C&\xb1\r\xf86&\x01\xaf\xce\xca\x7f\xce C+\xe9\xbb \xaf0\x14\xe9)"\xc0\xb5]\xa1\x1a{\xbf\x12\x934W\x8c\\\x88\xf6\xa0\x1bu$\xb2\x92*.\xe5\n\xb5\xdb{\xda\xa4\x8b\x1a\x17\xc2\x86\x82\\\xf6\xf6\x03\x8e\x82\xf0\xadq\xedn\xfc\xcdQ@\xb4\x96|\x9d\x89:w:h\xa5\xa7\xa4;\xab\xcdrV\xf0\x99$\xa0\x1f\x8b\x16\xcd\xf4\xff\x94\xd56\xe4\xb0\xff\xc3\x8f\xbe\xdb\x1e\xe6\x9c\xe5a\xaa\x9c5\xfa#\xfc\xca87\xaaf\xf1\x03]\x81\xf8\xea\xcd\x18\xd5\xcd\x96\xb6\xa6_$\xe7\xd7\xb2\xdf\x9a\x94\xbfEO`\xee\xfd\x9eS\xe6V!\xf3_8\xd9\x92y\x08\xd8\x17\xe4\xcd7\xfb\tGbE\xf5\xffH\xe7\xbcR\\\xe5\xeb\xd1\xec\xb5XU\xd0\xb6iN\x0c\t\xad\xd6\x12\\e\xc0\xd9P\x03.\xa8\xdd\x8c\x91\xbc\xf6f 9\xd24\xefi\xe8;\xbb`\x1e\xcf\x0ba\x94\x9f\xb6\x9a\xc7\x01\xbfWT\x8f\xfa\xfa\xc6g$\xa9\xca\x10"\xcf\x0e9\xd1\x03d\x85\x13\r\x8e\xbf\x08\xca\xbe};J{\x0e\x84$Q\xf4sQ\xee\xa6\x06\xe2\x98\x96\xab\xd3\x14-\x81\xfel\xd5\x07\x97\xc6\xe3?\xfa\xc5\xb1Sa_a\xe0\xe9\x1e\xe0x\xe1\xc98\xaa\x00\x81\x17]\x8e\x8a$k2zw\x9a\xd5\x84\xe3\x01D#{\xe2\x0b\xf6\xc2\xc2\x0b\xbdKzt\x86\xf0\x8e\xbci\x90"\xad\xe9^_\x7fL\xa21)\xd2\xd8\xcb\xd29gK\x9b^9\x9b4Y\x0f\xed\xcb\x87\xda\xfa\xa9\x7f\xde\n\xd0]X\x7f\xf9\xfb\xa0]\x98\xd1dc\xec\xa4\x0fz\xb6\xd1\xb2\xefP\xe1g)G\xca\xaa\x8b\x8f:<;A\xb5\x8d\xe8\x9em7\x12\xd7~\x8f\x16\x9d\x9e\xc0\xa3\xac?\x8d\xf2/\xa2\xdd\xe5\x9b&B;L\x84\x19v\xad\re\xc9\xe7Y\xa53C\xb8\x06\x81\x14\x01\xbb2\x91\xebW\xd2\x849\xa1a*\xff\x17V\xc5>b|R\xae\x80\xb9\xf2\x0c\xb9\x94\x19j/T\xfd\x83d\x05{\xa0 \xcd\xf5G\x14\x80\x8f"\x04\xe4=\x80\xa1q0b\x01\xfd\xe5]\xbcfG\x91\xdf&\xf1\x81[G\x99\xfa\x1e\xd6\x9a!\x06\xd7\xe6\xc3\xfd\x14\xe7M\rLG\xc5\xb7\x12A1DZ\x07K\xeb\xbc\x12.\xf2A\x7f\x85{0\x8d\x9cR\x84\xe1\xd4C\x92\xdag#t\x0c\x07-\xfa\x1cUvm"\xa1K:%\xa9OC\x92\x86\x92xm\\3\x17\xa6\r\xe8\x9dg\'4c\xf3\xccG&\n\xd8\xff\xc2\xbe\xd8\xd5\xbdN\xb0C9h:\x14\x8e\x83S\xe3\xc9-\xc8\x7f\xbfyz\x9f\xff\x1d\x8a*\xe6\x0c\x8d\xd3\xf2\r\x9a;\xe6\x976\x15%\xdd*\x9ef+\xb0\xdeA\x8cc\xcd~\xd5\xf6\x8d\xa7X\xe7\x7fQ\xc3+@Q\xb4&^\xe7)\x01F\xa2\x96\xbc\xae\xab\xeeVs\xb8\xc1\xc5\xb2\x8a\x07\xd5\x8e\xe2W\xa6T\xca\xfe\xdb\xb8\x99_\xf6\x8d\x0f\x80\xae\xef\xe0\xa82'
tbI624
I0
F0
tb.