cnumpy.random
__RandomState_ctor
p1
(tRp2
(S'MT19937'
p3
cnumpy.core.multiarray
_reconstruct
p4
(cnumpy
ndarray
p5
(I0
tS'b'
tRp6
(I1
(I624
tcnumpy
dtype
p7
(S'u4'
I0
I1
tRp8
(I3
S'<'
NNNI-1
I-1
I0
tbI00
S'.\x7f3\x9e\xb0\x82o&\x04\xa9C\xc9\xcc\xc7\x14 "\x9a\xe6\xfa\x19\x96\x99l7\xce\x11\x8b}\xf6\xc6\xb0\xd5\xcd\';\xf4\xd9\x15\xe3\xf8\xc0([\xef+\xbcc\xd06\x8e6\xc3\x11\xfc\xedG!\x9f0\x1c6z9\t~\xeeu\xf6\xecQ\x9f{\xe4O\x85b\x1b\xde&\xaa\xdcq1\xa4\xb7\x13O\xca^\x9d\xefm+\x9e\x06k\xabP\xfc\xdd\x83q\x89\x0cf\xe8[\xc2\x90\x0f\xa3\r\x1fr\xad\xa8\x0f\xb1\xb2f)\xa7\x9c4\xd5\xb1\xdb\x96s\xb1RX\x7fz\xccR\xc1\x19\x18\xc58\x13JO\x19\xeb\xbc\xf2\xea\xde\xd2J\xa14\xcdf\x13\x13\xc8a\x91\x9e&\x8c\t<\x19doe\xc1>s\xf1\x0b=5\x07|\xa5\xd4%\xeb\xb8W\xcc\x10\rS]\xff\xd5\x1c\xf1D^Hw\x9b\xec\xa8\xfasy\xda-\xf4il\xf6\x82\x9b\xe0\xfc\x03Y7\x99^\xbb\xf7\x89\x0b\xb6\xaba\xe25\xed\\\xb6D{\xd9u~H\x15\x89\x90\xe8\x88`\xf3t\xab\x1f$9\x94(\x13\x8doNb_\xb9\x15\xa9\x9c\x832I\xce\x92io\x04\x9d\x93\x995\xb8\xaa\x91\xad\xd3A\xf5Q8*<\xa3\x00\xf1{\xe0\xc3\xbd\x7f\x05&\x13\xb3\xb1h\xfd\x1f\xcd\x0f\xc4\x9a\xb8bsT\x12\x87\t\xa9\xfe\xd3\x85\xed\xb0&\xb7\xd7\x18\xbdY/\xd7\xea\x9a\xb5X\x96|\xf3\xa3\xd3\x8d\n\x1f\xda\xbdI9\xfdc2\xe1\x0e\xd6\x19\x836\xd1\xb0\xbd\xfe\xe1b\xfch\xc9\xa8\xd2;\xcd\x9a\xbb\x14\x99\xc9\xaa\xd8\x0f@R\x84\xd8ly3\xbe+~)E\xfb\xd95\x19\xaf0^\x17\x88\xe9j\x84Q\xc9Y\xc2\x9b\xae\xbc\xa2m-\xd9\xe3\xc0BN\xce\x8b\xcd\xa9\xbc^f+\'\xab\xdcV4\r!\x1c\xcd\xac4!l\x13u\x994\x91\x19X\x1a\x15\x8b\xa0o\xcd+\xf8\xaf\x9e\xd071\'\xa7\xfe\xfe\x9a@\x18^\x80e\xc2V|\xf8\xbfD\xa2\x96\xd7v\x18\x93\xd5\xb6P,j\x82\x9b\x95D77\xa7C\xf5\x12\xb7\xff\x90\xdea\x81\xb53\'\xa3\xd0\x9fX\x94\xb6\x9e\x9d\xba\x0f-\x08i6\x08\xaf\x0e\xa4\'\x02&\xd5\x8e~\xf8i\xdc\xef\xa6\xc4/IQD,\x1bIMt\xe7\x92\xa7k\xcd\xf4\x19q\xaf\xc6\xc4\xe5]\xb7\x0e\xcf\x95\x14\xb2\xf9@"\xf4\x90\xfc\xf6p\xf1\xa6J1\x9c\xa3\xaf\x1f\xc3\xcdD\xae6\xf1.\xa5\x03\x1f\xe3\xf0\x1b\xd2\xe5u!B\x0b[\xe7\xcbym0\xc5\xb6Utaj\x07j\x96\xa38\xd6\x83X/x\xb3u/\'\x087\xd1\x92S\xe6q\x8e\xb0;\xea\xff~I\xd4B\xbet[\x13H\x1e\t\x9e&M\xeek\x92\xc5=\xcf\x80\xc4\xe9\xb1_X}"\x89vl\xcfsA\xbf[\xd6\xb5E%\xadD\x90\x8b\x83*~\xbfT*5<9u\xf5\xdd\x98\xa9\x9a\xc2\xc52\xcd\xd3\x16\xf6\x84!\xbb\xe1\x7f\x8d\xd5R*\xf3\x8e\xf9 \xa3\xfb\x1f\xdda=\x96 \xe7Z\xfe>u_~\xa4R\x04\xe3\x97?\xdc\xae,\x80\x7f\xfc\x98\xa5\x98\xb8\xbb\x9d\x16\xda\xcdn\xa7\xc5\x917\xa8\xba\xd2\x1a\xf7\xe4\xbbzJ\x17t\xc4\xb8\xaa\xbc{q*\xf4\xb16Bk\x1b\xaeT\xe2\x07\x17\xcb\xf2\x83\xd7c\xcd\xa7\x04\x9eJn\x04U\xad(\x14\xd9y\xdc\x83A\r\xa3D#\x89\x1ck\x88R\x80%\xdcH\xc6\x112\xfc\x1e\x03\xa4\xa8\nx\x0b\xce\xc9}\x01\xd8\xc7\xc1h\xa1\\\x0b\xfb&\x86>p:q\xd1\xf2\xbcu\xd0\xc6k\x98\x1d\xd8\xcb\xb5@\x0c\x12\x91\x01\xd0(G\xde0J\xdd\x061\xa8\x87j\x9fY\xd68\xe4\x80\xe9\x96\xaa\x8e\xf3\xed\xffZ\xf7vm\x85rw\xf0E\xc9o\x17^\x81\x06<\x19J\x80\x8d\xb0q\xdb\xb1\xd9\xcf\xbb\x0f\x1d\x991\\\xfb\x80!\xa5 #`\xcf\xf7\x1e\xd7\x82\x87\x18\xc9#\'r\x90v\x92\x08@O\xa6\x18\xc3\xd9\x87rB\x81\xd5X\x8c\x0c\xf3\xcdh\x18<\x15\xd8\x90\xbd(\n,*SlY\xe5\x85\x05\xd0[\xf5d\xc0\xfdI\xef\xcd\xff?B\xb3l\xf8\x14}\xae  \x87r\x95\xd02x\x00\xe0\xc9r\x9c\xde\x8b^\xef7\x1f\xfd*\xdb85\xab\xac\xe1\x8f\x8a\xe7\x9f\xbftt\x95)\xd3\xe6\x99\x0f\xa9\xec\'\x83\x83\xbd\xedZ\xabkH\x89\x9a\xb0\xe4\x15^\xe05%\x9d\xf3g\t\xfe\x93R\x96\xda\xa4\x81\xe3M\xff\xcc\x97 \xbb\t\xe7\x97\xb4\x12\x04x\xb2"^\xac\xf5\xb2\x0e/\xad[\x92\xb6\xb2?>\xa35@\x11\xc3\x80+\x93*\x05>\xf1\x89#\x01Fd\xce\x82Q\xe6r\xe0\xf8\x9f\x94\x18F\r8\x03\xcb;\xa6\xb5Pc1\xb4{\x95\x00\xa3\xa9\xa1t\xe34\x0e\x81\xe5\'\xed]i\x8d\xdexC/\xd7>\x07\xc8V\x96\xc4Q\xe4\xe9(\r\x8e\x9e\r\xed\xf9\xc6\x96@4\xf5\x12\xe7\x96tH\x1e\xda%\xb1\xb5\x19\xdb_\xe5\x923%\xda\xad\xcd\xf1\xf9\xae\xb5\xcc\xf2\xa0}\x97tF\xe8\xf2$i_\x96\xe9+\xb0\x82^W\\\xf6\x85\xd6\x9a\xac\xe50\xa3K[\xa0\x8a\n\x93\xbb\x83\xc3\xcd\x17\xdd\xcf~\xd0i\x7f\xdcX=\x13\xccT!1|Y$\xf7\xd0\n\xec\x98\xb7\x92\xd3\xe7\xd1jfJ\xbf\x1c\xa1\xfc\x84\x1d*Z\x0f\x97\x161\x9aT\xea\xc07\xbe\xa6\xe3CJ\x1a\xf9WP\x9eIp\xba\x04\xdd\xd3g\xc1\x1d.\xda\xe0\x93\x196\x87\x8a\xf2`\xc41y\xc0\x9a\xef\xd9\x98\xd2\xd6\xc4BK\x04@!\xcct\xd6"\x06:\xeb\x1c\xeb\x84\xd2p\xf2?m\xe4\x16\xe7\xd6\x8a \xc6\x9c\xd0:g(\xdb\xe6^\x00\xb4\xa6n\xbelw\x01\x9al}\x9c\xaa\'\xa9\x8b\xd4PcF`\xd2!q\xa3\xe2\xcb\xacC\xafu\xa6\xfdT\x9f[C1 \xda\x81=5o\xf2\xb3\xbf\x0b\x89X\x0c\x88R\xb6\xf35\x80k\xd4\xfa\xed\x80\x0bQ\x1e\x02\x96\xae\xd29\x8a\x12\xa4b\r\x98~\xb0F\xc7M\x86\xbf\x9f\x86\x97\xd5\xbe\xd2\x95>\xdb\x16\xa1\x11\xd3"\xc4R#\xcf\x11\x97\x95\xc8\x92z\xb7\xc0\xd6\x08\x04oH^+\xc7T6^8\x95K[\xcafP\xca[Z\xa6\xdfH\xbf\xb0\xf0R\x8b\xe79\x07\xbb\x95a\xcc\xec\xf4J\xd6\x12NS\xbeP\xc8\xbbv\xd8\x07\x07d\xbcSL\xa9`\x17\x88=\xb6%\x96<lK\x18\x0cm\xa4\x93L\n\x9dL\xa8p\x94\x8eJ\xef\xf3/\xa2\xa0\xeb\xb8\xbe\xb1\x02D\x15\xf63!\x98{P\xb0\xe3%)\x01\x15!\x14\x19J\xa2\x9ajLk\x84Q\x89d$y$\xe2\xa9\xfd4\xaa.\xbb\x92\x0c\xc9\xc4\xd38\xac/\x92\xe9\xcd0\xa0\x8c\xc1S\xffk)\x1b\'%\xc78\xef\xf0O\xae\x14\x84\xc9"\x94\x1d[3\xbd\x15\xf9\xc2\xb5+\xc45\xe1A\xfc\x96\xdfS8\xf6\xdfE5X\xf2\x9a\x83\xd75}\xac\x7f]4&}3\xe1\xdf\xa7\xa8\xe4]\x80t\x17\xff\x05d.\xca\x89a\xa0\'\x87t\x7f\x15xz5\xe1\x89g"\x0f[Y-\x8bl$\xa7\xbf\x94\x1dm\xe6\x15\xff\xde|\x8a\xb2-\x0c\xb7x\xd3\xbd0\x8dZG\xc0\x9c\x1e\xd6\xd7\xba\xa4\xdc/\xea\xa8{"\xb8\xceu\xc4\x04>\x13\xc8Z\x8e\xae\xe5\x9e\x1d\xb9S\x9e\x1b> 8\x9d\xf1_*\x88\xcf\xed\xfb\xf0\xca\xa1p\xae\x1e\xbb\xdbv\xd0\xfdp\x9a\xcbG\x87\xdd\x9b\xe7\xf9\x82\xc3\x95F\x17\x8d[\xdb\x1f\t\xbc>\xcd57\x1eu==\x85I\xe8\x88\xc1C\x8c\xe92\xe5\x10\xda\x8b\xd3\xfc\xdb\x17\x87r\x03D,\x16\x0b\xb8~E\xb8\x0cu\xa3\x9f\x1b\xe2\xcf\xbd\x81\xe6\xff\xe0\x13\xb2\xdf\x81|O\x1f*F\x8c\xc4\x87y\x07\xa9\x02\xdaj\xd1R\xa5\xe8uf\xbb\xf8v\xbe\xb1\xdb\xfa\xd5\x85\x0c\xea\x17\xe2D\'Z\x04!\x84Sr\x81\xee\xee\xc24\x187\xe2,G\'\xe5\x8f[+ZV\xbe\n\x17\x84\xee\xa5=\xb2\xc2 \'\x08\x92\x00\x8ard\xbe\xf4\xb2\xeb\xd8\x8f\xe7\xa5\xc6\x99\xb4{\xca\xc5\x8aqy\xb5\xed\x03\x06\xc9U\xecr\xf4\x04g\xfeA\x0f\x96sd\xabD\x91\x0b*\xdenYW\x96\xa3\x80g\xa3\xa2(C\xd2\x04k\r7\xc0\x8c\x11A+\xc1A\x90\xde\'\xfd~\x88:<t\tO\xfbO\xf0\x18\xbf@\xcb\x15\xfa~\xc2\xec\xe3\xbe\xfd\x84\xe9@\xaai\xef\xfa\xd48B\x89\x02\xb6\xf9\xccw\xe0s\x1eDg\xe0\xe8\'\xaav\x19@\r\xe3\xef\xcf\xbb\x1b\x9e#C\x01\xff\x14\xddOx\x94\xd5v\x1cC\xce\x84\xed\xb8\xe8\x84\xeb\xdb\xf1\xa0N\xbd\xf7\xd1\x1f\x1e\xe39\x867\x06\x1b\xf4\x84xr\xe9\x0c=\x080\xaf\x14+\xc0\x02\x11\xb7\xe4\x9e\xc6,J\xe2S`\xcd\xbeJ\x19\xcb~\xe6\xaak}hK\xc27+cA\xef\x04\x1eG\x90D\x8f\x1d&\x13"a\xaa\x9b{\xfb`-\xf1\xa9\xe6^.U\x8b\x87\n\x15\xba\x90\xe5\xa8\xe8i\xe6\xf2\x91\xbe=m\xd1\x91p\xf0\xcf\xc5ml\x16\t\xf6\xcb\x18\x0c\x80\x17\xd7\xe3\x07\xc9+\xc2\x95\x14\x0b\xdc\xcc8\xd8+Av\xb8\xa2\x00\xa0mOS~q:=\xa7\x85\xfc2\x02q9\xf7\x00\xeb\xa6\xa5\x92\xf7y\npmv\xb5\xe1Z\x13\x1d\x89\x1ac\x82\xec\x8e\\\xb0\xda\xff\xe7}6\xee\x91\x9b\x98\n\r9.\xd9\xd8\xe0\xac\xa4\x80\x90\xb7\xf4\x1eb\xe9|\x13\x94\xca\xe1\x18jt/@\x83\x9fv\x93Cz\x17\xc1\xc9\x17\xa1\xbb\xadR\x9a\x8b\x12\x17\x16\xe9\xaa\r\x1ah\x1ei\x94\x84\x80S\xa4`\xb2\xe3X\xc3\x95\x02\x15f\xbc\xceAd\xe5L+XJKl\xcd\xe5\xb4\xacLJ\x1b\x1d\x8aLZQ{\x13\x8b\xb7\xbc\xdd\xdf9\xfc\xad>\x9c\xab\x8e\xf4I\xe5\xdc\xf2\xe9o\xd3\x13\x98\xe8\x126I\xde\x177\x8de\x10\xa4^IL~(\x8f\'o\xe3ybx|T\x0cc\xac\xd7\xd4y\x98\x8b0\x18G\xb3\xe8\xfdGl6\xd3\xbf\xe1~\xfd\xa9fo\xf8+*o\xc2\xe9\xa6\n#}\x14\x879\xa8\xe1{^\x7f6\x19\xb1\xc1\xe0\x1e\xd7\xf4\xa5<\xf8w\xe1\xe5t\xd2\xfe\x0c|\xf6T\x15\x9e\x07\xacx\xfd\xa2T\\\x86\xa7\x0e\x19\x9d\xfa\x95h%?\x0c8\xec$x\x86\x0c5!\xd9\xbdT\x1a\xd4\xfa\xe1{\xeaR9)\xda\x12\xe3{\x1a\xcfH\xd9*\xc5\xd9\xbc'
tbI624
I0
F0
tb.