cnumpy.random
__RandomState_ctor
p1
(tRp2
(S'MT19937'
p3
cnumpy.core.multiarray
_reconstruct
p4
(cnumpy
ndarray
p5
(I0
tS'b'
tRp6
(I1
(I624
tcnumpy
dtype
p7
(S'u4'
I0
I1
tRp8
(I3
S'<'
NNNI-1
I-1
I0
tbI00
S'\xf2\x87V\xe3\xbc\\2\x9dO\xf3\xab\xd7\xcan\x80m\xf1`\x1d\x1bGY\xc5\x00]\x9c\x08}\xe1\xfbR\xe6A\r[\x1e2\xe4\x18\t\x97\xab\xaf\xc9\xf0\xc0\x16?M\xf3\xbb\xef{\x1fFD\xb1\xc6\xe6ls"\x07\x8f>1P\xaeQ\x10\xad5O{\x1e\xe1yRA\x81c%<\x19}\x96\xae\xbc\xac\xd1\xc5RP\x941\xac\x14([\x03\xc2\xcd3]\xe8\xbf4\xc8\xb3\xba\xf3\xdc\x89\xd6q\xeb5\xd6AE\x05\x1e~y\xf5\xaa\x81Q\xd3\x84[\xde)\xf1\x08\xc9N\x1f\x10nj\x12\xe5qZ\xfd\x19!VN \xec\x10\xcd\t\xc0\xd9\x96\rJ\xc5O\xccu\xf3cm\xfa\xcd\xe1\x16\xa8\xc0\xc4\x1d\xcb\xd5;\x86\x92\x13q((q\x1c\xb8\x8c\x95\xe8\x07\xc0\t~\xfa\x13\x19w\x89v#\xcc\xb2\x8e\x8a\xc8^T\xed\x14\xc6\xf5\x0e\xc7\xf4\xe6%\xa5\x8bef\xc0d\xe9\r\x97\xab\xb9\xa6\xfb\x16a\xc2j5J\xef\x9b\x9e\xa6)\xc2\x912\xb3\xcf\x82\x96i\xd4\xc8 \xb40\x83\xa3\x8b\xfeG\x1c\x1fs\xa3u\xef\xed14\xbeD\xb4\xab\x85\xa7!\xe0\xa9;\xfd\x9d\xc3\x84U\xb4\x9f\xc7\xd8\x9d\x1eF\x9e6\xbf\x00\xe9\xe3\xcc\x18\xed\xd5\xca\xd9\xdb\xee2QC\x05\xae\xe5\x17\xc1\x8c\x1cM7\xa9\xea\xe8\x85!\xb3=\xfe\x8f\x8b\xb2H\x1d\xf3!\x8c\xb9G>\x0cZ\xc8\xb6\xad\xe6\x0b\x7f\x158|rtS\xed\xaaD\'b\x0b>\xe84\x14l\x93\x88q\x0b\xd9 \x10.\xb5\x05\x902=!\x07\xa2\xc9\x03u\xceW\x07T\xbbr8\x016\x89R\xa7\xe8\xdd\xd6\x08\x1e\xf8y\xae\xfbE\xc4z7KB\xe2\xcd\xff\xed\x07\xdb\xf7\xd1k\x05\xa3\x0cA\xef\x8d\xcb\x93\xb6\xa9R\xb5e(a\xd2\x9bV\x0e,\xe2x\xb7\x90G@\x8f\x85\xce\xc4f\xfa\x02\x9d\x90\xa2\xfa>\x08@u^\x86n\xb03\xf2\xf5\xee\xfe\xb3\x17\x12\x9f\\|@\x86C\x89\xa4\x1a\xc9\xd9Af\xb6\x97S3"O\xd5\xd4\x7fQ$"\xbbuNM#)\x03\xeaI>\x93\xfd=\x96\xe2\xab\xcb\xfcLGo\x8a\xf2\x93\x82\xb6\xf0E\xa8I\xeeQ\x0f\x05b\x7fG\xcd\xc4g\xa4\x02F\x00\xaf\xa1\xee\\\xe3\x1c"I\x9e:,\xab\x99\x83\xbe\x13\xb1h\x99\x8b@\xe3\xe2\x10&\xbco\xb2S\xe6\xf51\xca\xef\xb3y\xf5\xdc\xf8w~\x18\xdfbB\xd4\x12\xb2\xd0U\x06\xa4\x17\x05\xf4\xfag1\xd0$S\x8b\xe9J\xf1\xee\xc7;"\xec\x860Q\xb1\xb2T\xa9\x86\x87R\xc4n\xe7[\xd5\'\x11\xeei\xe4\x82\xab\xa34\x896\xb7Y\x9e\x97Z\x9cZ\xdcJD<\xb9\x1b\xc8(\x9b\xe4\xce\xc1.S\x1br\xf1 b\x18J\xba"-\xb4AC\x85\x84\x0bu \xce\x10\xa7_\x00\x9f\x95\x8b4\xe4\xa4\x1bo\x8c\xf7\xf0\x05\x8f\xbf\x10\'\xb2\xaf\xc9\x8c\t\xd0\x1b\xc3\xa3\xca\xafa\x8b\x16\x88\x107e\x0c\xe9\xf6\xb7\xb1l\x87\xd7\x85?\xc8[\xf7j\xa7\xeb&\x8f\x84\x81\xea\xdb\x83?\xfc\xa0\xa4Xr\xc0\xcb\xb5\xe4&r\xf2\xdbTf0\x93\t\x9f\x1a{\xad1\xd6\xe6\xb6?\x84\xda8\x02t{\x81\xaa\xdf\x1e\xe5j}_]\x89_\xc0\xe6}Wk[A\xaf\xdfi\xbf\xee.\xb9\xc9\xb9\xb3\xb8^^\xb7|\xc7D\xb8\xb6\xb4\xca\x97h\x0b\xd99\xe3\xc6\xd6\xc8\xa2\xcd\x0c=<\xd7\x8d\x84h\xe3yV:/\xc4\xf0C\xf5IA\xd6`\xa9<S9\xf9\xabp\xe9\x1a\x7fS\xa8A\xa7\xe1\xee\xed$RJ\xc6Z\xdfL\xc8\x03\xc0\xd1\xcd\x87\x9b\x92\xa7\'\xa1\xc1\xac\xaag\xcf\xf6\x9bV\xc5\xcc1\x80\x8bL\x0f+<Tn\xc1\xf4\x9e\xc3T\xb1\xb4\xce\xa0?\x172zC\xf3\x1ba0\x9cf\xbd\xc5X? \xd0\xa0|\x01\xea\x1c\x13\x08\xac\x8e\xeb\xa6\x0b\xac*\x14\n\x97W\x98\xb3\xb0y\x0ev\xab\x7f\x84l\x92%\x07\xcf\x86>\xe3\xb2\xac\xcee\x83\x1c\xc2!\xdb\xda\xd0\xc8\t5\x08\x81d\xfb\x12k\x16\x91+\xdcU\xbc<\x10\x059\x87\xf4@\x1d\x82\xf9\x99]x`\xbe\xfa^c\x1a\xca\xeeM\xfa[\xfd\xcb??l\xaf\x88\xa4Z \xb5\xd4\xbc\tU\x92f+\xb8\xc4\xce\xfd4\xfc*\xb4N\x8b\x0f\xd3\x81\xa2\x16\x06\xe0\x0b\x1a\x83\\k\xd8|1\xf7\xf8\xba\xa5\x9f\xc4RP\xd4 !4\xe4&c&\x87t,\xa9\xf1Kl\xf8\xd7"\xcfhZ\x81\xe4\xe3_\xdck\x11V\xd3r\x1f\x94\xf9\x1f\xf6W\x82\xfe2\x12F.P\x81z_\x10\x18\xce\xeb\xd4\xa4\x99\x03\xbd\x85\x97\xde\xa1\xfe\xfd\x13,\xc5\x0f\x07\xe9\xd68\x8f\xa1\nl\xf9\x1e1[\x91j\xa4Y\xf0p\xb8V,e\xcdT\x12SW.\x83p\x16qd\xec\x7f-\xa4\xe3X\xed\xb1X9\xa54o\x8ck\x1cNP\xb0\x1f\x84\x91\tz\xfb\xbd\x8f\xa4\xa6g\xf1\xe9\xd6\xcb\xe9b\x7fVQ\xf9\xc3yU\x1b\xb5\xadr|\xf0\xa6k\xca\xf3\x96\x03\xddg&Z\x90\xd6\xe5\xa3\xed\x84\xc5\x15\x0b\xeaa&\x86\xddX\xa3\x969\x03`\xb4O\xe1K\xaf\xb3\x14y\xfb\x08\xcc\xdd\x1e\xb2\xf9\rd>\x8c-\xbb\xc8\x8e\xf5\xd5\xcd\t\x9ea\xb2\x84zs\xf6K\xec\x15\xfb\r\xa3Fw\x84\r\x91\xec\xb7\xf0Q\xfc<>\x91\x11\x99Z\xbf\x92\xbe\xde>\xc12D\xf9T<\xc0\xa7\xd0\xc7\xbbu\xaeg\x9aq\xb7U\xfa@w"2\xd9#\xd1ic4j\xf2f\x9e\xb9\xc1\x84/\xad\xe6\xc9\xf7Q\x14\xa2i\xae<\xe8id\xd7\xb7\xab\xe6\xcb=2\xb0\xf22\x906\xbf\xc7l\x80\x91Vo\x01B\xd7\xbcO\x92\xe1\x9d\xf3\xcd.\xac\x9c\xf1\x1b\xd5T\x16xou^\x86\xb0\xec\xf6\xc1\xaa\n\xa3!$\x0e\xd5\xbb\x85\xc9yP\x0fKh(<\xe3\x1d\xfa\x0c\x1e/\xad\xf4\t\xa8Z\x9d\x00\xa7\xf7\x17:s\xfc\x1c\x085\x0bD\x8b\x9f\xcco\xcf\x9c\x01lb\xae\xa2x\xb65\xe7\x02\xe2\x90X5\xfb4\x16\x8a\x04\x14\xa24\xf1&\x96\x90\x9dU\t7\xe0\xee40-\xd66\xae\xb8q\x17\xbe\xf8u\xe1\xee\xd3\xba\x7f\x00\x8e.\xd1Z\xcel\xe4T\xa2/\xa8\x89\xdf\x96\x03\xa7V1\x7f\x1b\xd1\xfe\x8f\xc1N\xd2\x8a\xa4\x1f\xa9\x1a\xa4\xa5\x8d|-H\xf39~\xa1\x8e.\x17Y\xc5\x89\xe6\x16\x91\xc8fx\xe1\xe3\x02B)\xe3\x8a\xb4\xaa\x93\x93}\xdd\xb6\xf6\xd4\x0b"(T\x11[c\\\xcc\x91P*\'\x05\x0e\\\xd8\x9a1p\x92\x1b\xe7\xe6\x9d\x15\xb0"yA5L ]\x92\xd92\xf8\x99$\xf0\'B\x10\xe0\xf2\xd5<k\xf50\xa0lpf7H\xaeyBTy\x80\x11n\xdf\x9f\xfc\xff\x8f\x81\n\xa9\x96t\x0b\x10\xa2\n\xd2\x80\xd8\xeb\xafr\xf4\xcd\x9b\xfc\t\x8e\xdfu\xf43\xd6\xba\x19R\xcf\xd2.\xb9~\xce!A\x83\x9c\x92m\\i\xbc\x97\x99\xb8d\xac}\xaf\x1b\xfe\xa1\xbf\xeb\xa85\xbe\xccY\xf7$\xe3\xbc\x91\\L^G@\xe0\xacr\x17\xe7\xdc\xaf%\xa8\xa6\x02U\xda\xfa\xc7M:\x8a\x11\xc6%\x14\x1ef\xd4\x9a/>\xb5-\xcd!\xe2\x19$~\x07\xc0\x83\xa4\x96\xb7\x82\x1d\x1a\x1dWr\xc6x\x90 \x00OCX7Wb-\xb6\x7fj\xac\xd62}\x87!\x10\xa41d\xd6I\xd9\xcc\x94\xaa\r\xc7\'<\x8e\xcdOD\xbeo5\x0c\xa6\x9e{\xf6=I\xa6\xf2qZ\xa9\xe1\xefo0d\x17!MF[\x08vh\xa5\x7f\\`\xd7^7\xb4\xcb\xb6\xb1\x01\x0eY\xd8~?\x0e\x95\x1b\xb9M_6C\xc5x\x0e.\x13\xcd#Am\x01\x8f\xbf\xba\xb1\xdc\x87\x88\xe3\xcfM\x9f\x93f\xb8\x94W4t\x87\xb7\xf6\xc5\x84\xb7\x83\x1d\xfd\xde2\xfag\xb0U\xb3\x9dzO$\x8b~\x8b\x92\xb4&?\xe1\xce\xee\xc8S\xcb\r\x03\xc4\xc3\xf9c\x01\xd0\x91\xa9k\x88\x10Y\xed\x02\x9d\x07\xd2\xaaf\xa3;&\xeeY\xf9\x1d~\xda\x80\xda\xcbqF\xe3\xb7\xa8\xbc{t\xad\xc5\xeb\xd9\x0e\x83\x1d\xbfyW\x9c\xb0\x19E\xb4\xad}\xd7\x0c\xb0\x858\xc8[\xa3:\xe0\x8dt\x99X\xa4`\xfb"\x85?f\xd7H\xcc*\xeeV]\xd4em1\x07\x97w?\x13\xf0N\xa4\xd1\xbe\xb0.\xf8\x87\xfa\xb9m2M"K\x97.Y\xb7\xc5\x03\xa7/\xc5\xbf\x9b\x93Iq/\'\xe7=\xd6U\xa7\xb4\x90\xc8{M^$\xc0\x9e=t.\xde\xc6f\xa9h\xfa\x8f"\x92v\xca3t.\x03\xb7\xed\xc4p\x9f\xd8\xfdz\x17W\xbd\x94\xa5]\x8d8Y8g\xfc$\xc28\xfd\xb2\x8d\x1b)B\xce\x1a\xf9\\\x92U\xb4{\x1f\x8a\xb9\xafXF{\x8e|\xa7\xa4\x8d\xb8\x9e\xe7\xd7<\xeeM\x81\xcc\x02"*\xb6\xdf}\xfa6\xa9\x05\xff\xe2Z\x13\xcf\xa4:\x14)\x9e\xcd\xcc\x08(\xcc\x0crE\xb9\xa2\xbb^GQ\xf9e\xc8O3FY\x7f!\x0eR\xd5\x14\xfc\x88\xcfg\x0bj\xb0\xf5\x83\xf1_\xb1\xc6\x7f2\xf3\x11G\x8f\xcc\x95\xd6\x84\xcc?w\xaa\xd6\xd7f\xa3\xe8\xf8\xba\x7f\xc1\xeaj\xc1\xfb%\xdf\xe7L)\xb0\x169\xad2\xa9\x8d\x8e\xec\x92\xf9\xc5\xa5\xd2\xd10\xe7\x05\xe9\x94\x81\xce\xc1\xfe\x90\xbbG\xe4x\x19]\xf3\x89\x85\x9c\\6\x8c\x16<\xcc\x86\xf7\xaeK{\x8c\xdf\xccw\x88\xcb\'\xd7\xeai\xbf\xe4\x92\xcb\x8fP\x8f]\xf6M\x03\x1d\xe8\xda\xe2\xd2\xc1\x8b\x1a\x9a3[\xc8e\\\xcd\xb6\xadm\x91I\x9b\xf5n2\x15M2X\xd9}^$\xd1@E\x7fg:rj\xea}p\xe3uJ\xf8\xb4\x80\xda\xb1Q\xcb_\xca-\xadD_\x8d~\x16\x03\x86n\xa7\xbc.L\xc4\x7f\x01\xb2\xf1)\r\xe0\xd6\xaa\x07;\x17\xeby\xc9\xa9j)N\xf4\xedV\x15\xb5!\xc7kr\x05.\xd24\xda\x8ab<\x1c.\xdf_\x17s\xffD\xbc\xd2\x10t(\xdf$`\xcd\xf61\x92RY\x14\xcb\xb4\xbf\x7f\xa1QS\x14\x0c\xd6\x86\xf6g\x9c\xb4\\,H\xcfX(\xf1\xa0J\xad\xcc\xb6^\xa7\x9c\x16\xc5\xcc8`K\x81/\x97m\xd2\xbf\xdf#\x82\x14\x00\xf2\x1d\x0c\x95\x0bF\x07UsI\xbf\x15G\t\xaf\x84\xb1-\xd1\x08\x1f\x9dx\xbe\x8e\xf7\xb7\x11\xe6\xe3r\x1f\xa2K\x9a\xa5\xcb\xb6\x96\x87\xf62J\xce\x08\n\xb7'
tbI624
I0
F0
tb.