cnumpy.random
__RandomState_ctor
p1
(tRp2
(S'MT19937'
p3
cnumpy.core.multiarray
_reconstruct
p4
(cnumpy
ndarray
p5
(I0
tS'b'
tRp6
(I1
(I624
tcnumpy
dtype
p7
(S'u4'
I0
I1
tRp8
(I3
S'<'
NNNI-1
I-1
I0
tbI00
S'\x89#0\xb4\xb4ET\xc8\xcaN\xc8\xf8^\xbbs\xf4\xadn\xbb\xda\xceLF\xb8\xdbf\x93|\x85\xcd\xd4\x0b\x08\xe4n3^fEZ\xae\xafU\xb3\xf9w\xd2\xfbq6odU\x8e\x058\xdb\x99l\x13\xb2l\x05\xab\xaaUq\xad\x95R\xbeq\xfe\x02\xe7~\xd5\x88\\\xde~\xd9\x9f,}M\xdd\x0f\xae\x00>\xa5\x06(C\x03\xce\xbb6\xa0\x87\x8b\xbdRpcL\x8e"U\xde\xeeA\xe9F`\xc4\xf9\xb2\xcd\xfam\xc9\x91\x11\t\xa1\xc53\xb2b\xe2\x8ba\x8e\xdd\x06\xaa\xf2\x19^\xdc\xab\xe5\x1f\x8a\x12ez\xec\x1cH\xb2\x07\xf6\xf9\xa7Y\xf9\x8dku\x08W\x01\x8d\x14\x0f\xaf\x9c\xd9\x14\xb1\xd9S\x0e;\xb4\ta\xe7\x05g\xf8$\xd29\x94\xd4\x9ey\x8c\xac#\xfc\xf0\xfbH9L@{`\xdf\xce\xfe\xca\x06%86WV\xe3y\xc6L-\xa9\x84\xd2\x16g\xf0-\x89\xd9\x7f\xb3\xb6\xdc\xb8\xcel\x1d>\n\xac\xd8\x1c\xbd\x9c\xaf\xc6iy\xb1!\x16\x80;\xf7\xa2 \xe7o\xbb 3\xc6\xb3%f\xdc$8\x9a~\xbbq\xfcZ\x15\x16ven\xa6\x84\x15\x1a\xccM\xe11\x1eK\xaf\xc7Jg55Q\xa8\xb90\xb7\xae5\x0eE\x7f\xddbp#\x08\x81\x9c\xad]\x8e##\x04\'D[\x81J\'w<\x9b\xef~\x83\x17\x8f\x03\xabw\xed\xd0\xfdy\x8c\x01\x9bX\xcde\xdaMj\x8e\x1e\x1d_\x86-\x95\xa6p\xadM\xee\xc4\xa0\x8a\x1e\x0c\xcf6\xb2h\xbbm\x15.\xc1\xcd_\x98\xd1AX\xb2Er\x80\x92f\x8c[\x0b\'\xb4\x1a\xaa\x13\x88"\xe2\x02\x9c\xab\x83T\xe2\xe4\x1f\x8c^-x\x05\x14\xc0r\x14\xf8\x12\xf99\xc8\x1e.\x05\x14\x86u\x05A\xdc\xdf\xeb\x0f\xd8V-^K\xdc^k5\x9e\t\xf1b\xcf\x89\xbduB8\xb7\n\x07$\x9b\xa8e*NX\xb5\xc3\x7f\x08]D\xb6f\xb8\xa0\xac\x1bt\x18\xb9U\x9c\xb3o\xca\xda9\xdd:R\'\x81\x87\xb2(\xefT\xf1&7\xe1\xb8V\x9b\r)\xa8\x0c\xefY\x00!\xe6\xf6\xef\x0e\xd4\xed\x1cz\xb9\xb8fx0\x13\xf0\x92k\xe7\xfc W\xb4\xd9\x9d\n\xb3)R}\xe2\x95\x91\xbe\xaa<n\xbfe[\x97\xcc\xd7\xcex\xb3NJ\xe3M64e\x92\xd1T\x18\xf8\xac[\xd0\xd1\xe6\xe8#\x96pF\xed9\xc0\xe1\x1a9\x10%\xd5\x04\xb5L\xdf\xd2\x89\x8dx\xc8\xaf\xa5\xfdq\x99\xba\xea\xa34rS#2\xa5\x18\xd4<\xb9s\x81\xb3\x01\xf5\x0e\xd1\x06!`sw\xc3VLid\x03\xf0:$\x034\x1c\xb1\xa2epx\xe8\xe8~Y8\xbf\x89P$\x14\xad\xd8\x81\x1a\x9a;U\xf8\'\x84R\xfb\xaa\xb0\xd7\x8c\xa5\x8f\xc5\xe9.@$\xfb\xf8\xf4\x0c\x03\x9f2\xa3\x89q\x17\xadl%\x0fiQJ\x88\xcf\x13\xc9\xac\x96\x16sT\xc02\x850w6\x06\xd7I\xcc\x98\xf94\xd3!\xe2\xb1\x1d\x9a\xcd\x04\xa3m\xff\xa9~\x90\xfe!\x80\x95\xfa\xbe\xa1\x01\xd5;\xb1\x93\xc3$\xf6\xb1\xc3\xd3\xf8\xbe\xa0\x90\xf8\x0c\x01y\xe7\x0c\xf7k\x80n\xc7\xc6A\xc1.\x9d]?\xea\x84bu\xa4 h~\x951b\\\x97e\xd8\x1be\rI{\xd3C\x08_\xc0\xfdLtk?\xaf\xeb\x8d($9\xc9\x94L\xf9\x7f\xff\x93Lo\xe4\xda\x84\x13\x86\x16i\x90\xa3>\xa0\x85\x8e\x85A\xb2\xb3.\xb5\x8db\xeeo\xa2g\xf2\x93\x01\x9a9Yc\xcf/q-\x01\x1e\x94e\xe0y4\xe43\xf8]\xf5c\x96O\xc8\x12\x07\x07[& \x1a\xac\x9e\xfaX\xf2\x7f\xee\xd9\xcb\xf9Qw\xd5K:g(\xaf\xb5\xc8a2\x81|B\xce\xf1\x9d\x10\xf8\x1a2\xdd\xad\xdc\x1a\xb0ws\xba\x91\xb0\x05\xf0\x8e\xf2\\\xad\x06\xefh\\\xa0\x10\xce}\xfd\xce\xb8\xad\x87\xc1\xaf|\xd0G\x9e\xc6\xc4\xf6\xa7\x0f\xafkA04\xc3\xe3i<\x1a\xb5`\x8b\xcf\xdf;\xf6\xe1\xa4\x04\xea\xe4\x96\xa6\x9b\xbd\x82|\xf1\xab\xb9\xb0M-e\xba\x89\xebV6OQk\xa4\x8c\x97\x80\xa6)\x9b\x8bT`l\xc9\xd1i\x9b3\xc4\xbf\xa1sC\xba\x94\xb3z\'\xd1\x17\xa7\x96\'\xdf\xe7\x03e)S\x8e0\x19\x85 $\xa4\x98\x95MkVv\xc7\x18e?\xe1\x92\xf7@\xc2\xec\xeb$\xcd\xd1v\xb2\xbc\xc4\xcf\x04,\x0e\xddT\xde\xd60\xa9\xeb\xe8tW\xafi\xd3\xa8+\x9c9\xdc\xfe\xfa\x8fE\xd7\xbd\xcc\x07\x98g\x8a\xde\x03\xa6\x9e\x01\xa4\xe8c\x8a\xe3{\x1f\xff\x9d\t0\xa0\x82\xfe,\xd90*\x08f\x93\xe1\x1d\xcd\xb3\xec\xb1\xb63\xb5#\xfay>J7,\xad\xc9Z\xb7\xc9-R\xbdH\xd8\xd8^\xac\xf7\xbbV\xbb\\\x85\xd7\x84L\xdei\x15\x95\xe1\xae\x81\xf2n)\xbe3\xda\xf9\x93\x8f\x9d\xda\xf6[\x9aE~\x98\n\xf4I\xef6\xaa\xff\xf2\xbb\xdbE)\xf8]"\xc8\x16v\x1fXz\x8ev\xeb\xcc]\xac\xff\x9d\x1c\xff\xfb\xc5\x89\'\xd6\xb3_\x98Zi\x9e\xd8\xf4\x862L9\xbb\xdb_\x0e\xc4!\xc7\xcew\xe8\x81\x8f\xa9\xe8\x12c\x04\x12 \x97cK\x07t"\xce+\xbbO\xc4\x17\x9c\\\x0b\x00\xbbI\xddR\xe2\xfd\x8c\x87n\xb1\x83.\x19u\xd5_\xa7\x1c\xfd+\xbc\xca\xdf J\x8etR\xc4\x83#N\xd3\xae\x90\x92nm\x1e\xc5\x84OU"\xe3\xe7W\x99\x12\xad\x8aT@\x823v\xaep\xca\x0e\x1b\x80\xf5\xe3\xb7\xea3\x1ezyg6\xd8+\xb8\x91\xc6\xc6/\x95\x02\x94`M\xc3$\xb40\x89\xc5\xb0\xce\x9a\x8f\xa7\xbd\xad\xf67\xc35\x0f\xcf\x10\xd0\x0fZ\x8a\xb0A\xc9s\xc2P!pp.v\xc8\xeb\xfa:+\x11,\x9bJk\xae\xf3\xd0k*\xa1V\xf3=[E\'\x07\xc8\xebc\x1dG\xf3\xaa \x8a\x80\x1f\xb0\x1ay\x10\xec\x9bD\x95\x08\xc1>\xf4)\xba\xbe\xe2\x7f\xae#\x0e\xca#\xc0Z<\xbe\x80\xa7f\xcb?\x99l\xf8P\xa5^\x8c\xba\xa2\x8a\xf7v\x8a\xc3\xd3\x03O\xe1\x18\xcd\xd3l\x19\xb1/\xe6\xfb\xe3\xb0@\xa5\xd1\x8f\x95^\xdb\x90\xb7\x94ynx\xeb\x86\x92v\xd9y\x94\xc5=pZ\xdeL\xea-\xa7\xa6\xa3I\x9bh\x8d\xe8\xf1W\x1b\x99\xdc;G\xf1\xab\x062\x0e\x10e\xb8\n\xc5\xe2Bm\xbd\x99\x12\x03\x15\xe3\xb8\xaf\xfbw\x165\xb0\x98(\xf6\xd1\xe5\xfaQ\x82u)\xf0\xd0s\x14\xc9Ce\\\x06Z/#\xfe\xf2\xd5\xc3t2\x9e\x89\xf0\xd5J\xda*\xf2\x85\xcd\x84\xa4O\t\xfbxfD\x0c\xb9\x8e+.I\xe0E\x01\x0e\xe9\xf9,\xeak\t\t6\x12U\xd5\xac\xf6F\x84\xe8\xb7\x89\xcf\xa1CT@\xa1\xb16\x17\x88\xfa\x1d\xa9Y)v\x88\xb9\x9e]\xb1W\xaa]\x80w\x03\xdb"N\xb9\x1b;\x14Z\x8a\xe7\x08Ov\xdfrV\x00\x1e\x9f)W\x1b\xaf\x97W\x8d*\x1cs4\xe3h\x01p\xbb\x1d\x93:c\x19HM0\x01\x8aU\xf6Ls\xe0\xc3\xf5\xc7\x0b\xff\xf8\xc7\xfc{\xe7s#\tD<\xda\x01p\xa8\xf1\xc4\x9c,\r\xdd\xbd\x96\xf2\xcdA\xcc\xe88\xa2Y\xb3j-e\xf0\xbf\x83\xd1~\x17\xe4\xf4U/\xba\xce\xdfr\xf7%\n\xcae\x1d\xff\x07c\x98\xc7\xc9\xa8]\xdd\xe5\x1f\x18]@0\x1dT\xf1\xa5\xd0\x0b\xc1\xf6\x04\xce\x01H\xbf\x92\x88mh\x13M\xaf\xb3\x14g\xa2\xbfpA\x8e\xe1\xcf)\x7f\xe2j|\x05\x1d\x1b\x15\xec\x17{\x8b\xc3w\xf5_\xf8\xc0(&\x92`\xb4\xdfc_\x81\xec+fTfO\xa4@z1\xed>\xb9}\x84\x85\xefFU\x1b\xfa\x1ai5+\x9b\x87\x0cS o\n\x02d\x00\xb1\x0e\xb5\xcf\xe2\x97\xf9\x8eX\xca\xde\x90\x07\xca\xe9\xfee=\xd6\x84\xeb\xbf\'w\xea\x91\x19\x94\xdaD\x90\x98m^\xebn$\x82"\x02\'2\xbc\x97\x03\x96\xca\xd8\xa0c\xda\x0f\x0ed\x96\xec\xc0\x05\x9c"\xc2\x91`\x91\xc0A\x83\xcd\x97M\xdb\xca6\x93\x92\x7fu\x132\xcc\\\xffG[\xff\xfc\x1e\xff\x81\xd3\xe61]\x12\x11\xa0\xf6\xfe?L0\xf4\xdet\xb5\xaf\xdf \xc1\xaau\xa0\xf9\xaeb\x9fg\x16X\xf2S\x12Ao\xa1\xac\xff \xdd\xca)\xf7\xd8\xban\xb6\x0bg/\xb1/\x0e5Ff5P\xcd\'<O\xf27\xb6\x13M\xe6\xcf/E\xd8A\xe2+\xf6\xda\xda\x06\xc3\xe8)P*\xa6\x01\xf2\xa6\x90\xfb\xb3\x91\xf7\xe0\x9b,\xc9\x915U\x96\xcc\x19\x89\x95J\xd2\xc5\xa5\xdc\xb8\x11\x0f\xfa\x0ek\xb9(C\x1b\x9d=\xe1\xd6I\xdd;{\xf7\xa7\xd5\x06\x86\xae\rJ!\xb51\x9e\n\xc1\xb7[\xec3\x1fo\xfb\x96n\xb2\xd2j7W\x92\xd3\x9b\xdc>5\xb8\x8e\x82\xda\x9b\xc3\xff\xa0\xcf+\xdf\x8f\'\xb1\xc2\xccg}\xd5\xf8\x1b\'z\x96\x03\x16\x10\x19\'\x9a\xe7O\xbd\xa1\xd6\x89\xa3<8\x8f=\x02\x9bM|K\x13\x95\xda%\x14\xa8\x0e8k\xd6*^\\\x87\xdd\xa3\xbc\xb4\x01\xb5\xe6\xc5s\x891\xc9d\xba\xce\xd1\xae?\xcf\xf6\xe4\xb6\xa0[\xcb\xdci]\xbfa\xa2\xce\xbc\xd4w\x93#I\x14_\xaa7\x92\xb8\xae\xc4\xbb\x9d\r\x93\x16\xe0\xc41M/\x8dr\x08\x9bA\xef\xd3m\x12\x99\x9f\xe2\xe8}2\xbb\xaa\xe7\x1e\x12\xce\x8d\xc7\x8dX\xe1\xb9R\x83\x1d\xfb\xdb\xcd\xfd\xad\x81ciV\xf0\x98\x07\xdaT\xde{Uq\xa0$\x02\xd4\x9ey\x0c\x86L\xaa\xab\\\xa8 \x87\x83h\xddV\xb91\x8bk\xeb\x89\xd3\x94\xbc\x1a\x19\x15\x10\x9e\x13\x80\xbaj\xd2\x99\xc8\x10\xfe\xce\x9e\xb17\x02\x05s\x1eDjfU\x0e\xa1`M&\xe5\x89\xe0\xd1\'\xec\x98\xb3\x00\xe2\x02I\x0bR\x05C\'y\x00Kw*\xe6\xd4\xf5\xef\x8b>\xa8\xb7\x13\xe2\x13\x0c1\xf9|[\xf6\x88w\x05\\\xa1\xd3\xdd\x020&3\xe2y\x19$\xa4)\xc5\x1fB:\xcbq\xa1\xdc\x9e\xad\xb8\xf1\x8d\t\x01\xaebF\x92\x14&\xa5\x97\x1ck\x7f\x06\'\xa2M;S\x07PLY\xd4\'\xb6bh\xef\xe5\x85\xde\x99\xe2\xf3\xf2\xd2\x14\xe1\x17\xfb\xd7\xf2IR\x8f~\xcf\x937i\xaf\xab]K\xbd\xaf\xc5\xec\xea\xe0j\xc0\xa8\x90!\xe1\xe8\t\xea\xf9\xeea|\xfd\xe6\x8b\xd1u\x07[R`\x87c\xd1*\xdetW\xfb\xf6w-+\x032\n'
tbI624
I0
F0
tb.