# time 	 divergence 	 # of mutations 	 # IGC chances 	 IGC length 	 # IGC failures 	 Changes due to IGC  	 % change due to IGC 
0.0	0.124744376278	0	0	0	0	0	0.0
0.000193386272238	0.124744376278	0	1	1	0	0	0.0
0.000326065584669	0.122699386503	0	2	1	0	1	1.0
0.000347651549214	0.124744376278	1	2	1	0	1	0.5
0.00132118291216	0.124744376278	1	3	1	0	1	0.5
0.00155436121053	0.124744376278	1	4	1	0	1	0.5
0.00167324875433	0.124744376278	1	5	1	0	1	0.5
0.00172981963886	0.124744376278	1	6	1	0	1	0.5
0.00258591904102	0.124744376278	1	7	1	0	1	0.5
0.00261939107302	0.124744376278	1	8	1	0	1	0.5
0.00388191221272	0.124744376278	1	9	1	0	1	0.5
0.00518123939164	0.124744376278	1	10	1	0	1	0.5
0.00660404657763	0.126789366053	2	10	1	0	1	0.333333333333
0.00683917298551	0.126789366053	2	11	1	0	1	0.333333333333
0.00745575876415	0.126789366053	2	12	1	0	1	0.333333333333
0.00794585473276	0.126789366053	2	13	1	0	1	0.333333333333
0.00845255192759	0.126789366053	2	14	1	0	1	0.333333333333
0.00869863366108	0.128834355828	3	14	1	0	1	0.25
0.00911449838586	0.128834355828	3	15	1	0	1	0.25
0.0107656042046	0.128834355828	3	16	1	0	1	0.25
0.0113071137083	0.128834355828	3	17	1	0	1	0.25
0.0115774186027	0.128834355828	3	18	1	0	1	0.25
0.0118596735646	0.128834355828	3	19	1	0	1	0.25
0.0121657818276	0.128834355828	3	20	1	0	1	0.25
0.0142080657901	0.128834355828	3	21	1	0	1	0.25
0.015637497125	0.130879345603	4	21	1	0	1	0.2
0.0157873254495	0.128834355828	4	22	1	0	2	0.333333333333
0.016265623046	0.128834355828	4	23	1	0	2	0.333333333333
0.016459839901	0.126789366053	4	24	1	0	3	0.428571428571
0.019521719645	0.126789366053	4	25	1	0	3	0.428571428571
0.0199131875941	0.126789366053	4	26	1	0	3	0.428571428571
0.0202513488416	0.126789366053	4	27	1	0	3	0.428571428571
0.0204961243598	0.124744376278	4	28	1	0	4	0.5
0.0206060246313	0.124744376278	4	29	1	0	4	0.5
0.0217522685663	0.126789366053	5	29	1	0	4	0.444444444444
0.0222486516269	0.128834355828	6	29	1	0	4	0.4
0.022768572785	0.128834355828	6	30	1	0	4	0.4
0.0230582332275	0.128834355828	6	31	1	0	4	0.4
0.0241140531541	0.128834355828	6	32	1	0	4	0.4
0.0248844985167	0.128834355828	6	33	1	0	4	0.4
0.0250043934746	0.126789366053	6	34	1	0	5	0.454545454545
0.0251171817837	0.126789366053	6	35	1	0	5	0.454545454545
0.0253630026474	0.126789366053	6	36	1	0	5	0.454545454545
0.0265503437287	0.126789366053	6	37	1	0	5	0.454545454545
0.0267672224534	0.126789366053	6	38	1	0	5	0.454545454545
0.0284203260763	0.126789366053	6	39	1	0	5	0.454545454545
0.0287540835151	0.126789366053	6	40	1	0	5	0.454545454545
0.029065606042	0.126789366053	6	41	1	0	5	0.454545454545
0.0301983531488	0.124744376278	6	42	1	0	6	0.5
0.0305094151504	0.124744376278	6	43	1	0	6	0.5
0.0305669528447	0.124744376278	6	44	1	0	6	0.5
0.031207631349	0.122699386503	6	45	1	0	7	0.538461538462
0.031301586517	0.122699386503	6	46	1	0	7	0.538461538462
0.032350585615	0.120654396728	6	47	1	0	8	0.571428571429
0.0329772466217	0.120654396728	6	48	1	0	8	0.571428571429
0.0340329406863	0.122699386503	7	48	1	0	8	0.533333333333
0.0346544303641	0.122699386503	7	49	1	0	8	0.533333333333
0.0350979797071	0.124744376278	8	49	1	0	8	0.5
0.0360253680879	0.124744376278	8	50	1	0	8	0.5
0.0363143657672	0.124744376278	8	51	1	0	8	0.5
0.0365440514524	0.122699386503	9	51	1	0	8	0.470588235294
0.0387009401906	0.122699386503	9	52	1	0	8	0.470588235294
0.0388199982561	0.122699386503	9	53	1	0	8	0.470588235294
0.0410746001333	0.120654396728	9	54	1	0	9	0.5
0.0417177940362	0.120654396728	9	55	1	0	9	0.5
0.0417816666662	0.120654396728	9	56	1	0	9	0.5
0.0432170758295	0.120654396728	9	57	1	0	9	0.5
0.0454493995159	0.120654396728	9	58	1	0	9	0.5
0.0462372116407	0.122699386503	10	58	1	0	9	0.473684210526
0.0473424826628	0.122699386503	10	59	1	0	9	0.473684210526
0.0477976813034	0.122699386503	10	60	1	0	9	0.473684210526
0.0482086464053	0.124744376278	11	60	1	0	9	0.45
0.0487706288936	0.124744376278	11	61	1	0	9	0.45
0.0495453608635	0.124744376278	11	62	1	0	9	0.45
0.0497255171703	0.124744376278	11	63	1	0	9	0.45
0.0497656424624	0.124744376278	11	64	1	0	9	0.45
0.0509899532532	0.122699386503	11	65	1	0	10	0.47619047619
0.0515699940487	0.122699386503	11	66	1	0	10	0.47619047619
0.0515818957662	0.122699386503	11	67	1	0	10	0.47619047619
0.0517080565389	0.122699386503	11	68	1	0	10	0.47619047619
0.0521884709387	0.124744376278	12	68	1	0	10	0.454545454545
0.054389880879	0.122699386503	12	69	1	0	11	0.478260869565
0.0558068307656	0.122699386503	12	70	1	0	11	0.478260869565
0.0582450808542	0.124744376278	13	70	1	0	11	0.458333333333
0.0583013133697	0.124744376278	13	71	1	0	11	0.458333333333
0.0585342411621	0.124744376278	13	72	1	0	11	0.458333333333
0.0588988039052	0.124744376278	13	73	1	0	11	0.458333333333
0.0598430399652	0.124744376278	13	74	1	0	11	0.458333333333
0.0598485598491	0.124744376278	13	75	1	0	11	0.458333333333
0.0600937573444	0.122699386503	13	76	1	0	12	0.48
0.0609028148863	0.124744376278	14	76	1	0	12	0.461538461538
0.0613935860447	0.126789366053	15	76	1	0	12	0.444444444444
0.0614612512341	0.126789366053	15	77	1	0	12	0.444444444444
0.0617642154102	0.126789366053	15	78	1	0	12	0.444444444444
0.0624678390033	0.126789366053	15	79	1	0	12	0.444444444444
0.0627337799749	0.126789366053	15	80	1	0	12	0.444444444444
0.0648751153156	0.126789366053	15	81	1	0	12	0.444444444444
0.0662756408603	0.128834355828	16	81	1	0	12	0.428571428571
0.0671076842936	0.128834355828	16	82	1	0	12	0.428571428571
0.0680914702159	0.128834355828	16	83	1	0	12	0.428571428571
0.0682450522823	0.126789366053	16	84	1	0	13	0.448275862069
0.0683582398616	0.126789366053	16	85	1	0	13	0.448275862069
0.0692473745985	0.128834355828	17	85	1	0	13	0.433333333333
0.0698385041529	0.128834355828	17	86	1	0	13	0.433333333333
0.0699082173062	0.128834355828	17	87	1	0	13	0.433333333333
0.0699488471616	0.128834355828	17	88	1	0	13	0.433333333333
0.0700859019658	0.128834355828	17	89	1	0	13	0.433333333333
0.0702089587659	0.128834355828	17	90	1	0	13	0.433333333333
0.0709718491599	0.128834355828	17	91	1	0	13	0.433333333333
0.071139931763	0.128834355828	17	92	1	0	13	0.433333333333
0.0715434539421	0.128834355828	17	93	1	0	13	0.433333333333
0.0731399360759	0.128834355828	17	94	1	0	13	0.433333333333
0.0740482558542	0.128834355828	17	95	1	0	13	0.433333333333
0.0748430660816	0.128834355828	17	96	1	0	13	0.433333333333
0.0760627205002	0.128834355828	17	97	1	0	13	0.433333333333
0.076785455904	0.128834355828	17	98	1	0	13	0.433333333333
0.0768125399481	0.128834355828	17	99	1	0	13	0.433333333333
0.0771403027593	0.128834355828	17	100	1	0	13	0.433333333333
0.0777816195411	0.128834355828	17	101	1	0	13	0.433333333333
0.0785346698439	0.130879345603	18	101	1	0	13	0.41935483871
0.0791002916233	0.130879345603	18	102	1	0	13	0.41935483871
0.0797181087951	0.130879345603	18	103	1	0	13	0.41935483871
0.0810958473189	0.130879345603	18	104	1	0	13	0.41935483871
0.0812015076808	0.130879345603	18	105	1	0	13	0.41935483871
0.0817104503388	0.132924335378	19	105	1	0	13	0.40625
0.0831104109573	0.132924335378	19	106	1	0	13	0.40625
0.0831228002357	0.134969325153	20	106	1	0	13	0.393939393939
0.0834743109656	0.137014314928	21	106	1	0	13	0.382352941176
0.0839351097108	0.137014314928	21	107	1	0	13	0.382352941176
0.0839851074568	0.139059304703	22	107	1	0	13	0.371428571429
0.084702348325	0.137014314928	22	108	1	0	14	0.388888888889
