# time 	 divergence 	 # of mutations 	 # IGC chances 	 IGC length 	 # IGC failures 	 Changes due to IGC  	 % change due to IGC 
0.0	0.0	0	0	0	0	0	0.0
0.0030270352838	0.00204498977505	1	0	0	0	0	0.0
0.00568041615583	0.0040899795501	2	0	0	0	0	0.0
0.0063195864938	0.00613496932515	3	0	0	0	0	0.0
0.00750308106022	0.0081799591002	4	0	0	0	0	0.0
0.0144633137282	0.0102249488753	5	0	0	0	0	0.0
0.0205206569696	0.0122699386503	6	0	0	0	0	0.0
0.0227138264835	0.0143149284254	7	0	0	0	0	0.0
0.0228473687922	0.0163599182004	8	0	0	0	0	0.0
0.0249763471678	0.0143149284254	9	0	0	0	0	0.0
0.0261149436848	0.0163599182004	10	0	0	0	0	0.0
0.0296086106219	0.0184049079755	11	0	0	0	0	0.0
0.030809055908	0.0204498977505	12	0	0	0	0	0.0
0.0391382443348	0.0224948875256	13	0	0	0	0	0.0
0.0397103825809	0.0245398773006	14	0	0	0	0	0.0
0.044134475121	0.0245398773006	15	0	0	0	0	0.0
0.0457009414526	0.0265848670757	16	0	0	0	0	0.0
0.0459082494372	0.0286298568507	17	0	0	0	0	0.0
0.0482762028648	0.0306748466258	18	0	0	0	0	0.0
0.0508871217093	0.0286298568507	19	0	0	0	0	0.0
0.0545880925615	0.0306748466258	20	0	0	0	0	0.0
0.0551922931532	0.0327198364008	21	0	0	0	0	0.0
0.0625076036508	0.0347648261759	22	0	0	0	0	0.0
0.0688796267073	0.0347648261759	23	0	0	0	0	0.0
0.0702153142775	0.0368098159509	24	0	0	0	0	0.0
0.071959280719	0.038854805726	25	0	0	0	0	0.0
0.0728958052461	0.040899795501	26	0	0	0	0	0.0
0.0787618399779	0.0429447852761	27	0	0	0	0	0.0
0.0798932985485	0.0449897750511	28	0	0	0	0	0.0
0.082381317654	0.0470347648262	29	0	0	0	0	0.0
0.0843424653001	0.0490797546012	30	0	0	0	0	0.0
0.0865855503794	0.0511247443763	31	0	0	0	0	0.0
0.0888414894753	0.0531697341513	32	0	0	0	0	0.0
0.0928227618651	0.0552147239264	33	0	0	0	0	0.0
0.0933978509516	0.0572597137014	34	0	0	0	0	0.0
0.0943098260063	0.0552147239264	35	0	0	0	0	0.0
0.0957603331381	0.0572597137014	36	0	0	0	0	0.0
0.0979806750082	0.0593047034765	37	0	0	0	0	0.0
0.100901987823	0.0613496932515	38	0	0	0	0	0.0
0.103652430979	0.0633946830266	39	0	0	0	0	0.0
0.11323775814	0.0654396728016	40	0	0	0	0	0.0
0.113619330083	0.0674846625767	41	0	0	0	0	0.0
0.114589246656	0.0695296523517	42	0	0	0	0	0.0
0.115057152519	0.0715746421268	43	0	0	0	0	0.0
0.117081139161	0.0736196319018	44	0	0	0	0	0.0
0.122601170524	0.0756646216769	45	0	0	0	0	0.0
0.126013158615	0.0777096114519	46	0	0	0	0	0.0
0.131126148334	0.079754601227	47	0	0	0	0	0.0
0.135439273732	0.081799591002	48	0	0	0	0	0.0
0.138683477974	0.0838445807771	49	0	0	0	0	0.0
0.144239272647	0.0858895705521	50	0	0	0	0	0.0
0.14504260418	0.0879345603272	51	0	0	0	0	0.0
0.145531432965	0.0899795501022	52	0	0	0	0	0.0
0.14561900786	0.0920245398773	53	0	0	0	0	0.0
0.147984268626	0.0940695296524	54	0	0	0	0	0.0
0.153208933316	0.0961145194274	55	0	0	0	0	0.0
0.154694819156	0.0981595092025	56	0	0	0	0	0.0
0.158078008877	0.0961145194274	57	0	0	0	0	0.0
0.159335154087	0.0981595092025	58	0	0	0	0	0.0
0.161323255312	0.100204498978	59	0	0	0	0	0.0
0.161547765364	0.102249488753	60	0	0	0	0	0.0
0.165995803177	0.104294478528	61	0	0	0	0	0.0
0.169203586872	0.102249488753	62	0	0	0	0	0.0
0.169571934859	0.104294478528	63	0	0	0	0	0.0
0.170601306656	0.106339468303	64	0	0	0	0	0.0
0.185570407892	0.108384458078	65	0	0	0	0	0.0
0.187492796338	0.110429447853	66	0	0	0	0	0.0
0.19284837986	0.112474437628	67	0	0	0	0	0.0
0.193091255788	0.114519427403	68	0	0	0	0	0.0
0.196384282679	0.112474437628	69	0	0	0	0	0.0
0.196982448135	0.114519427403	70	0	0	0	0	0.0
0.199281207385	0.114519427403	71	0	0	0	0	0.0
0.20388563518	0.112474437628	72	0	0	0	0	0.0
0.205625685616	0.114519427403	73	0	0	0	0	0.0
0.207654373024	0.116564417178	74	0	0	0	0	0.0
0.211428160853	0.114519427403	75	0	0	0	0	0.0
0.212974087685	0.114519427403	76	0	0	0	0	0.0
