cnumpy.random
__RandomState_ctor
p1
(tRp2
(S'MT19937'
p3
cnumpy.core.multiarray
_reconstruct
p4
(cnumpy
ndarray
p5
(I0
tS'b'
tRp6
(I1
(I624
tcnumpy
dtype
p7
(S'u4'
I0
I1
tRp8
(I3
S'<'
NNNI-1
I-1
I0
tbI00
S'\tq\xed\xeb\xd1\x18\xc2p\xca6\xc6iZ(\xd98C\xd6\xa3\xe0\xdd3\xde\xe9\xb0\x1e(;\xf9\xdd\x90\x93\xed\x10\xfd\\a\xc1P\xc9\x816\x1e\xe0\x16{I\x00\x1agn\xfc\x1a\x88N\xe8\x91\x8c\x1d\x12sFE\xb2\xcc\xef\xe3\xc7O\x89_p*h\xa6\xbe=8\xd8\x02\xe8\x8ey\x9eHF\x01\xa3\x1f\xaf\n!,\xb8e}\xf9\xb6\x12\x98\xa9uQ*\xcdL\x8f\xa0\xd72\xa6\xceTQILa\xa8o\xa5\xc5\x97\x9ac\n\x8bH\x1f\xb7O\xe1\x15eX/\xfd#(\n\x0e\x10k\xdb\xbd\xc0L\xa1Q3\x993,\xa3\xc3\x0f\xdaf\x8b\x1c<\xbc\xc9\xd0;S\xb6\x92r\xfb\x93\xf9y\x0e\xbf7\x13\xabT\xadO\x07W\x11\x9a\x8f\xab@\xc9u?\xb4\xcd\xc6Crtm\xae\x05@\xd5\x01\xe8E<NNh\x8e\x1b4\n\x9e\x1e\x1d\x06\x98\xc3\x90\x1d\xdb\xca\xef+\x01\xc3\xe6\xf9\xa5\xde2[q\x87\x0e1\x0c\xf1~>\xeapk\x86%\xaaBJ\x93#\xde\xf0j\x9b\xfbc\xdfSu8\x83\x10\x8cI9>\xdeE\xd9\x95\xf6q,W\x7f\xbaM\x1c\xfc\n\xeac\xde\xc3\xd9U\xa7\xfe \xd7\xf4\xf5X\xe2\x86\xa8\xedc\x19\xd7\xadH{\x8e\xc8\xcc}\xb7\xe1\xbe\x00ug\x98b\x82\xa1\x88\x1f\x9e^\xcd{\xe8\xe5<\r&Z\x8cY$\xcc\x83\xa3\x83\xfe\x81R\xad\xfe\x98V\xa5\xc7\xa1\xcfwE\xaf\xd7WN\x87{\xd9\xceU\xa7R\x10m\x16;>r\xa0\xbf\xf5\x11@\x04qS\xac\x80\xd8\xd9fb\xa1\x9d\x83\x12c\x14\x985\x8a\x06\r\xf7,F\'6o\xda\x17\xae\x1c\xe7l\xc0\x11\x9dr)\x01{\x01P\xb3\xe3|\xc1.\x19$m\xeb\xfe.+\x04x\r\xbe#W\x923\xa8\xa3\x08L\x146\xc6\x04\x9f\xc2\xdd\xa1MB\xd2\xbb\x08\xf1\xb1gQN\x9d\xb6\xdd\n\xfe\xb8pA\xd3\xfd\xdad\xad\xcd\xd6$%\xa6"\x0c\xc7\xd2)\xdayh\xcf \xab\x80&r\xab\x0c\xfd\x10t\rG\x0c\x02^;{\n\xc5\x00l\\\xf6B\x1f|#\x1aD;Z\x1c\x9cE(sK\x06\xf6,4\x16\x98>\xdb\xcb\x8d\xd1W\xfa\xb3\x94\xc2\x97\x13\x90\x92\xa7\xe6\xe5o\x8cV\xbc\x0cH^sO$\xd2}\xa8"\xf1\xc7\x92:\x9a\xf5\xdcGu\x91\xd9\xa9/\xcc\xfb\xae\xc6,\x93\xfa\x992\xe3\xd7s\xdcQ\xa9\xfb\xfcr\xb6\x9fS\xc0wi\x8c\x91\xc2$\x18\x87\xbf\'\x17\x7f5\xd0z/\x87\xdc\x06\x19\xcd.J\xd3\x86\xdb\x8a_\x9ag_\x10\x06\xb4\xa3!\x05C\xb1\xf6\xdb\xc8\xe0\x03\xb9\x01\xab&"\xbcvC>\xefJ\xa1\x95\xf7\\\x04\xca\xb6-\xae9\x10sKD\xd2\x93Z\x15V\x08\x1e\t\xdb*XE"\x9d\xde\x8b\xcb\x13\xce\x94ow\'\x9e|HS\xa2\xb3\xa4\xd7\xc1\x9a\xc9\\\x08p\xbe:\xb7\x88\x1c\xc4P Ke\x8d\xc5p>\xa6pdx\xa9f\xb7\xb3\xbf\xc9E\x1ed{\xd8\xd6\x19$\xa6\xc6A\x1a\x9f\xe8&\x9c>\x93\x8f\x94`\x7f\x05\r\xab\xd9\xf8\xbc\xaa\x91x\xff\x1a\x15>\x00\xbe\x90\xe5\x05\xc9\xd7D\xe6\xebM2P:z\xfeJ\xa9\xd1\x83\xb6je\x80v\x1fym\xb1\xd6O\xf8\xb5\xffW\x97\xd8\x8d\xcd\xfb\x18\x0f\xb3\x01U\xb4G\xefb\xc1\xa6:/\xf7\xab\x80I?\x8c\x83|\x9dv\x19\x96\x8d\x81\x17\x1dh\x14\xc3\x88_\xd8W\xcf?\x9b\xc1ISfbK\\\x81\xce\xc3{\xd4\xba\xf3\x9e\xcb\xd1\xb2\xd3b\xd1\x0b\xfb\x9eq\x9d\x17\xa5L\xbd\xa2j-*\xaa=\xfd\xa8\xa5W0Gx\xefa\xd1\x06y\'-\xb9Y\'z\x9e\xf3\xac@\x87\x980\xe7\'\xd2\xae:\xb1+\xc8\x9bO`\x17\xfb\xc7\xb2\x02\xa3\xcccU\xce\x16#\x19\xf5\xbaT\xebi\xd2\xc5lq;L\x80jk\xa8\xd2\xb4\tvQ\xdc\xd3;\xb0O\xf8C\x0cc/a\xcb\xe4\x9b\r\xda-\x17v\xcbg\xf0\xd5\x94\x886\xd9R\xcbs\x94\x0f\x0b_.\x82FU\xbb\xce\xf3\xcd@\xf0\x12u\x9a\x94i\xc0\x92\xf2\xb5q\xbf\x05$\xbd\xbc\x90<\xe1\x85\xf1\x9f\xc9\x17h2\x85\x14\xd3\xac:\xd5$.\x95\xed\xd6\xec2x\xab\xef\x00\xf2\xb7\xec\xb3\x94\xa8\xec<5b\x9f7\xe1M\xd2u\xe8\x97=u\x1b\xdc\xaa\xefL\xcb\xf5\x05\xa5v\xa5\xbe0\xb3z\xca5\xe7Fn\xbc\xbe\xca 7iha\xeeJ\xbc[\x10\xb1X\xd7k\xe1\x95v\xf1Eo\xef./\xbf)\x0cu\xde\xf6\x8a7\xb2\xad\x8b\x9a\x1a\x95\xd7\xb8\x83\xc7\x1a\x04V\x9f\x9b\x0e\xa6\xb6\xf4`8\x8d\xfa\xda\x82\xa50 \xe2;\xfe\x12\x07\xad\xde\xa0\xfe\xf6h\xeaa-d\xdei\xbd\xb9\x8d\x13`h\xbd\xf3\x08\xefu\x7f\xc8eS\\\x7f\xc8BE\xea\x18\xd4\xf8H\t\xdd\xf2Z\xb0\xac\xda\x919\xb7\xd6R]\xc7\x12\x93\xe00\xb3y)\xf2Z\xf5\xcc\xdc\x84\xd2\x8b\x1c\xd9\xf8\x98\xa4\xfe\x93\xb2\x9a\x1c\xd4\n\xe6\xb8\xa9\n/=\x06\xee\xfaw\xebZ;\x9fif\x1dF\xe0\xb0b\xaf?\xe4BlC\xcak\xe9\x93\xba\xccE\xd7@m,\x1bq1\x8f\xfc\x14\xad\x17h@\xa3\x9bR.R\xf0\xca\xa0\xfd\xf3\xcd\xd7zf\t\xbf\x1cL\x9d\xf8\x8e\x1c`\xba\xf2-\xb1 \x1cl\x80U%9N\xc9\xe0:\xcf\xe5\xcd\x96\xdd\xbd\xb7\x84b\xc8\x10\xa6\xf8\xc1\xa5\xab\xb5\x85.\xe7\x04}n\x142\x85\x05\xf0=\xa1\xcf\rk\xa7\x0b\x9f>\xcaG\x97\x88\x8d&\xa4E\xeb\x88\xa9\xee\x9c\x1cOV\xcb\x07\x85\xb9\x1b\x100\x12\xcf\xd6X\x94\xebD\xffd\x08\xa2\xc2\x04m\xea1e<\xbft\x08\xc0g\x8f\xab\x8c\xdbB]-N\x8f\x12\x80/Z)\xb7\xa7\x8bx\x0f$\xe8Q\x7fa\xf07\xc3\'\xa6\\\x11!^\xe7\x9dV\x853_\x0e\xc5B\xf4\xc6\xcf+nQLH\xed\xbe%;[(2\xbb"O\xdc\xa2!\xaea\xe7\xa7\x1f\xf80\x88\xd8\x0e\xe4\x8d\xbe\x02\xef\x9a\xd5\x00\x04\x0b\xe5\t\x19\x1b\xbe\xd5X\x86\x1bD\xcd\xe9N\x00\x96";\xbf\xc6\x13l.\xcc\x05\x8a\xbe\xf5d\x18\xbaeD\xbf\xfa>\x0c[QyK\xb5?\xfb_\xc2\xcb Z\x89\xa1\x1b\x12\'\x18g\xcd\xe3\x85~*H \xc1\xaa\xd9\xc2\x93,Dx\xf7+\xf0\x0em\xc1j4n\x08\tP\xa5a\xdf\xde\x99\xf1\xe9\xb2\xfb5\xf1}.\x03\xe7\xcaa\xef\x16j\xba\tC)\t\xe1\xc152\x91\x12\xecp\xa2\x13\x89\x19\xb6\xb1\x0b\xa4\xbdtJ_rF\xce]\x18\xda\xe9!M\xc2-r\xfd\xc2;\xc4\x93<<\xfcI\xa1\x94\x1f\x7fB\x91(\xa1\x98\xbf\xd7\x96@\x97\xa4\x18\xc2\xee=\x92\x18\xb1\x05\xf8\xa1m\x89\xd7sA\x97E\xe4L\x0ego\x13&\x93 \x98\xe9\xf3\xdf!\xf7\xf3\xa3\xc5g\x04iSQ\xcb{\xc1Z\x95Q\x98\x92\xb4\xdd\xb4\x93~\x8c\x1bI\xc2?\xdew\x8de\xd4\x93\xef\x04%\x97\xcb\x11H\xe7\x1f\xc4\x01\x01\x82-\xf8\x9a!\xc02!\xfa\xa1\xdf\xb1c*\xe9x\xa5\xccV\xdd\xd7m`\x01\xc7;\x96A\xb1"8o\xe9\xe5t\xbb\x8c\xae\xf8I\x03\x06=\xf7\xd0\xdd\xafR\xee\xdf\xfd\xac\xe5\xaa\xaezi\xca\xa7\xfdDAp4\x89s\xc4-+\xf3p\x94#\xb6\x84\xc0\xfd\xee\xef\x82\xa8\xfa9\xaa\xad\xd9\xa1zK\x069_ET\t\x16&\x03u!c\xa5\x95\\?G\x106T\x19\x82\x02\xb7t\x9dD\xe9!\x90\x17\xdd\x91\xdbr#\xcd\x08\xc4U>skS0\xa9\xa2,5\xd8sr\x93\x0b:[\xfd\xb2)\x88W&\x83\xba\x8d\xd1\xb3\xfbCX:NoRQ>5UU\xbeO w\xb7\x9bR\xd1U\xbf\xbf\xd7\xde\xa0S,\x04i\x84)\xb7!\xa5\tV\x8f^\xe8\xc4fUy\xe0_!\xac\xbc\xd1\xaf\x04N~y>\x9eH\x03\x0bjd\xc9\xd7>\xd5F\x92%\xfb\xc5\xe4)0y&\xc3\xb7]\xb1%0\xf3\xc5K\xc1\x10\xa3c\xcf\x7f\x9dL\x1a\x1a\xe4\x17G!3\x81\xa9\xceq\xf5P\x98Ie\xfft\xa9d\x9c\xef\x16\xd7\xdd/\xfa\xb0;\xf6\x1d\xd7\x8e-\xa0W\xb9\x87\xb9\xb7h\x01\xd4@\x0b"\x9d\xbdS\x98\xa0q/\x1b;Olb]\xffz3O\x16/\xb0\xf7\x96\x12\x10\n\xc6\xb38\x9e\x01\x9b\xf2^\x98\xf8\xe9\xd2p\xa3X\xfd\xaa\xa8\xf44tz\xd7\xeeZ\xde\xf4\xf4\xe6\x97\xd8e\xbb\xd5J\x1b,<\x1d\xf0x!T\t\x08\xb9%\xa3Lz\x92a\xd9\xeb.\xc3\xd3\x96\xebs\x0f\x16\x9f)\x8a3E\x88\x168q\xe9\xee\xf04\xe6\xa6^\x1eM\x05kJ=\x82fD\xa1\xef<c\xf6%h\xb2g\xcc\x93\x8f"B\xf8\xe0y\x0f\x08\xb7Y\'\xb8Z\xe17\x8a\x84L\xd4\xdd\x1e\x1aR\xad"\r\xff\xc6\x04\x13a\xe8\xfc\to,\x17\x87\xad\n\xceX,\xebR|\x95Z\xb4W\\\xae|\x91\xf3Q\x8d\xca\x90\xfc\xd0\xfb\xdd\xfe\xdf\\\x1c\xe9r\xd0q\x1f2\x9e<\xb8\x8f\x9f\x100\xbf\r\xc9\xe6\x05+M\xdbR(\x0e\xecj\xa7?,\xbf\x8d\xb0\xfd\xc6^\xdd\x93\xe2\xcf\r\x95\x7f\xd2\xdd5\xcf\xc4\xe0\xbd\xa6QI\xde\xcd\x8aQ\xb5\x8d]\xd1\x84\xf2\xef\xa8\x10\x80A\x97\xb2.og\xc0e\xf6\x10\x8d\xee\xb6)k\x16r\x98\x9c\xa5`\x87\xcb\xf8\xcb?9m\x1d\xf7\xc3\xd2\x05T\x9fh\x7f=\x7fyE\xa6m>\xeb\xd6\xa6\xef\xcc\'_\xf3\xffg \xf6\xeb\x96\xe9\x8a\xb9\xc8F\x07FO+9\xd1\x86\xe0\xa0j0N\xff/\xc5i\xdan\xae\xe5d\xdc\x81K\xd8\x1dK\xf5\xc8\xa2\xc7#\x03\xea>\x19\x1c\x97\xceA\xf6I\x82\'&\xdck8s\xe5#\x89Z\xaf\x87\xa0(\xf3\x88\xf27_\xda\xa6\x03\xfc\xec?R\xcb\x13\x0en\x1b\xeb\xe8s\xaa\xef.\xe6^\xdd#(1\xbd\xa3\xe4\xe0\xb5\xa8~\x91WK# }2\xb8\x9cXMH\x92c\xa9<\x9f+\x10\xc4 mu6\xb09\xc1Z\xe3\xef\n\x04H\xf1Hi\xb2"\xb6h \\\xd3\xb5\xd6<\x13\xa2\xa9i\x80}o)sy\xf0\xd0\x02\xd3i]\xbb\xa5\xcbM\xd2\x9e\xd5W\x0c\x17\xc3\x82\xda\xb1\x02\xefN\xa0C\x97\xa3\xf0\xad\xa8\x07d'
tbI624
I0
F0
tb.