# time 	 divergence 	 # of mutations 	 # IGC chances 	 IGC length 	 # IGC failures 	 Changes due to IGC  	 % change due to IGC 
0.0	0.161554192229	0	0	0	0	0	0.0
0.0150628446523	0.163599182004	1	0	0	0	0	0.0
0.0200346649123	0.161554192229	2	0	0	0	0	0.0
0.0221786323812	0.163599182004	3	0	0	0	0	0.0
0.0231877921325	0.161554192229	4	0	0	0	0	0.0
0.0249769066197	0.161554192229	5	0	0	0	0	0.0
0.0263843089121	0.159509202454	6	0	0	0	0	0.0
0.0271175719768	0.161554192229	7	0	0	0	0	0.0
0.0295307201963	0.163599182004	8	0	0	0	0	0.0
0.0296418231348	0.165644171779	9	0	0	0	0	0.0
0.0310673149203	0.167689161554	10	0	0	0	0	0.0
0.0319161623143	0.165644171779	11	0	0	0	0	0.0
0.0327265409573	0.165644171779	12	0	0	0	0	0.0
0.0335130006503	0.165644171779	13	0	0	0	0	0.0
0.033803159579	0.163599182004	14	0	0	0	0	0.0
0.034251066802	0.165644171779	15	0	0	0	0	0.0
0.0350254816879	0.167689161554	16	0	0	0	0	0.0
0.0391047428469	0.165644171779	17	0	0	0	0	0.0
0.0405673804361	0.167689161554	18	0	0	0	0	0.0
0.0409313423238	0.165644171779	19	0	0	0	0	0.0
0.043061615108	0.167689161554	20	0	0	0	0	0.0
0.0496110551384	0.169734151329	21	0	0	0	0	0.0
0.0543794410994	0.171779141104	22	0	0	0	0	0.0
0.0565292707514	0.173824130879	23	0	0	0	0	0.0
