cnumpy.random
__RandomState_ctor
p1
(tRp2
(S'MT19937'
p3
cnumpy.core.multiarray
_reconstruct
p4
(cnumpy
ndarray
p5
(I0
tS'b'
tRp6
(I1
(I624
tcnumpy
dtype
p7
(S'u4'
I0
I1
tRp8
(I3
S'<'
NNNI-1
I-1
I0
tbI00
S'\x80\xed/\xd2\x0bwi\xde&\x97\xaa\x14\x88\x11\xb7\x9c=>\x1f\xe2&\xed\xa2\x04\x91`\x83uGM2\xb6gR"\x8e\xf8{j\xf6\x0c\xd0A\xda\xb6\x80\x89\xfe\xef#\xf86f\x93\xac\xfa\xc5iX>\xd4\xb4\xc9\x0bF\xb2W\x97Ls;\x8aL\xd68\xd0HV?\xe3\xa9@\r\x8e\xc5\xe4\xd8\xa6iiO\x8c\xce\x165x\xe6\xcc\xc7\x13\x06\x83\xee\xda\x11\x80V\xb6q\xa1\xa61Ak\x9ax9.\x81\xf1FQi;n&\x14\xc1\x00Q\xe5\r]b\xc2$up\x95\xf1XaS/\x0b\x0b\x99\xbd\xfd=\x85Z\t\x97k\x1b\x132\x9a\xee\xabvX\x8c\xe4:\xc4\xfe\xa5\x86\xd8\xc3\x90\x02P\xf7\x0b-\xf4\x86\xa84\xe8&\xcaOD\x01?i(?\xcd\xe1\x00\xd9o=5\xf4"\x0e\xd0\xf6\xd1~\x8d\xa5h\xc6\x002H=\xc2[#\xe3\xd35d\x18\xd5\x8b\x9c\xdb<\x0b\xe3\x81\xc8:\xe9\xb7\xfe\x07a\xd8\x10I\x91_A\x0cw\xcd>\x9b\xd5voi\xe8\x1e[\xbe/6\x8a\x90\xecA\xaa\x9c\x94\x0c`\x14\x16\xd4Un*~\xaaA\xe2?\x7fM\x8b\x1e\xa2I`\x80\x8c\xc2\xaakSuo\xa4\x88\xbf]\xe9\xeak\xfa\xc6\xd7\xd1P\xa4\xd7\x96NX\xe1\x9aNFKs\x146\x96\xf9{T\xe5\xa8P_\xc4\\7c\x8azF\xc9\xde<\x05\x02\xc6\xb1A@\x1a\x85\xcd\x868@\x89\xff\x81\xb2\x18\x0c\x0e\xc1?_:\x04\xc1\t\xc4\x1f\xc9\x97\x7f\x13\x13I\x9f\xd7\xa3\xfc\x1a\x96\xaf&.\x89f\x06-\x1dgG\xe7\xf1\xe2g\xf6Y\x85$\xb5\x1faF\xd2\xbd\xa0\x18W\xef\xb2\x92\xd3?\r\xdbt\xd7\xb4\xf5\x8fJl\xb4\x7f\x92\xd9\x7f\xac\xf7\x96\xb0\x1aQ\x91\x0b\t\x9c[\x0b=\xda1\xb6?\xb8\x1cd5(\xdc\xeb\n\x12\xb4_`J$\xa4\x80\x82\xe2\x08\t\xe8\x87\xd5\xe1\xccw\xb2\xdd\xfe\xa5\x10Z\xd5Y\xd5bo\x92\xf7\xc3\x00\xfc\xd5\xfea\xf2\\W\xbf\xf7\xcbA\xbd\xb7\xd1t%\x8f\xce\x0b.\xaa\xbfMP\x9b\xe5\xda\x13\x92\xf3\x07\x877^v\x05R\xe4\xd0\xcfJ\x062\xd3\xc1\x1fo(E\xcbkg\x0e\xb3\xad\xa6G\x84\x86s\rm\xe0:o\xcb2\xd5v\xc0\xdey\x0e7\x00\xc2A(\x95,\x92\xcf\x1b\x92\xad\xe5\rc \xbf\x8b\x02\xben\x18\xfd\xac\xc5-F\x0e\xa2ri\x11\x0f\xe0t\xc6\xce&\x96\xacG\xcf\xc1\x03\x1f\xde\x88\xead\xd6WG\x11\xb2\x9b\x0c\xf0n\xb7A\x83Xc\xff\xa7\xf5\xdf\xefsY\xd2\xe9\xec\x03}\x02\x92\xc2\x0co;\xba?\xa2\xb7\t\xfe\x96\xef\xa1Jn\xa1k\xc6\xd8\xb339\x9b\x96k*\x1d\t5\xdetP\xe9cL\x9a\xeb\xe8\xa0\xc3\xe4\x00\xc6\x1dws\xb4\xd9\xc9\x18x90\x18\x89\xa4\xe5)MX\x14e\xc7\xc6\xc7\xc3-\x1dK`\xaep\xa7_\x85\xa3\xc7\xea{\xd9\xf9\xa7\xa1<Dx\xa8\n\xac\xda\x0e\xe3fs\xcf\xd3\x8aZwZ\xbc\x11\xb58\x06\xe9\x08\xf5<\xd6\x15\xec\x0b{\xcc\xcb\x13\xd2\x97$\t\xd4\x95\xe5\x84\xb3\xf8\x83\xc1r_\t\xd32\x91\x98H4\xc4\xceU/\x19\xa3\x85\xdeO\x8aFo\xe2N\xb7\xac\xf58\x83\xe3\x9f\x81\xcc6&\x97\x8b\xec\xdd8\xa8\xae\xba\xa4E\xa8\x13\xd3\xac\x9a\xce*N{\xd2\xfcQ\r\xde\x8e\xf9zP\x19&\xc4\x86\xf2\xee\xac\x82\xf2\xad\xc4M\x9cC\x8f1\x9f\xf5\x01\xcf\x10\xd8\xbe\xd1\x03\x1d\xaeM\x8f\xda\xc2j\n\x06\xa5\xad\xb4\xd0\x99\xf4\xb3\xd8\xef\xce"\x90\x02\xc0\x9c\x92\xe815w\xf3\x85\xb1\x954\xb6\t\xe1\xc8\x97\x19\xfc\xbd\xfa\x03S\x04\xf9\xf5X\xd8\xb0\xbe%\x8fF\x80\xd4*UY\xd9\x81\x8a\xc5\xa7\x11\x96\x02Q7\xfcCK\xd7\x91d\x8c +\x04\x16\xeb\x8e\x8b\xa6\xd7{\x97\xb4f\x0bp?N\xb3=lT:\xf1\xfcYj\xa3\t8\xfaB)\xcf"U\xe8\x9a9\xae\xafL\xcd7\xe3nU3\xf6\x03\xd4^\xa8n\xbd9\xb8eA\x8e6m\xc9i\xa3\xe0\xff\xf6!\xe8a\xcb\xbc&"\xf2\x1b}\x0c\\\x83\xcc\x1e1i\x97\xa5\x902\xbb\xfd>p\x0f\x8e\xefY\xde\x1b\rl\x13\xb2e\xbe\xfa\xa8\x0c\x11\xd5\xb0\xbcI7T1\xf0\xb9Q\xce\x11\x1a\x10\xe6\xb9@\xfbB\x8b^\xc82&\xac\xf8\xeb\xfe\xf9z5\xd7\r\x11\x8a\x00\xc5\x8c\xc6\xdd\xe5\x13\t\xe6\x85\xa0\xb0#/\x9e\x05\xae+w\x83oZ\xf7\xfaf]L^\xe0\xe2\x99\xd7a8\x160\xe2t\xeb\x06\x97\x14\x0cL\xca\xec\x84\xca\xb1,\xf0\xaf\xa1\xc1%SL\x18\x0e\x19M\x7f\x04/\x07\x1dxA\xf2\xdb\x12Wz\x18\\\xc9R\t\x8f\x16F\xc6\x856.\xbc\x87\xe1+\xbf\xfc\x1d\x0f!\xbdh|\xe8\xee\x0c\xe7o\xc3u\x91\xc0*\x07\xd0\xaf\xb0\xdd\xae\x12\xf0\xac\xbf\xf5o0E-;7\xc0,\x83\x9f\xa8\xd3_\xefu-K.\xf9r\xa3M\xfeE\x97\x0e21\xec\xad\xd0\x14:\xb3\xee\xfa\xa6\xf1\xe9\x86a"\xceBQU\x04Xw$\xb5\x80\x19\x1e\xea7\xe7\xac\x89\x95d\x1a\xfc\xddpf\x8c\'\x1d\xa9o\xbdftA\xd4Q\x90\xf5}\xb6\x86\x18\x0b\xc1\x03\xa8\xc9\x9d\xf4\x08\xeeK\xd3\xa7\xa6\xea\x1f\xfb!\xdd4\xc4\x08!=~\x83ko6\xecN\xab\xe6QF\x03\xaa\xcb\xc5\xec{\xfc\x12\x1d\xd4\r\x02,\x1c"\xbb4@\x0f\xf2\xce\xf2K\x92\xe4\xc6\'K\x06\xc4)\xed\x98\xa95|\x99<\x98\x81<8\xf2\x18\x1f\xc3>EN\xa4\xa7\xd0\xe2\x10\x1c\x92\x06NzX\x87\xe7\xd0\xe0\xb9{\x19\xebg\xb47\xae\xc5d\x12\\X\x13W\xee`_\xa1)\tQ#\xe97t\x83\x94Jdn9\xf8\xd8\x8e\x08\x83-\x978\xaa\xdc@\x10\xf5\xa2\xeb\xd8R\xc3\xc8D\xed\x99a{[\xf94b\xb1\x03\x8b\x04\x95\x99\xb3\xa4\xafZ\xfdu\xa9\xce\xd6a\xe5h\xb4S\xdb1\xb7g\x00l.>\xb5\xc1\xb37ewf\x80\xbbB"\xb4\xc2T\x06\x8b\x82\xc8\xf5\xad[\x08\x9f\r\xdc,\x12\x11\xb2\x19\\#.^\x1c\x13;\x1cle\xee\x08\x8a\xe0\xbdjF\x9e\x91\x9dL\x84\x98\x9b\xb6\xfe-b\xd1wYS\x7f\t\x03\x02\xdd\xbe\x87n\xf8c\x06C\xec{\xa7\xdd\x0b\x9c\x94\xdcPWI\x1e\xdc\x96\x97\x89\xb9\x0f0\x05\xbb\xdc\xd4\xac\xd9\xa8\x9f\x90\xe4\xb4\x08#\x8aJw\x95>f!\xad\xf19\t\xef\xb3Z\xf9/\xc93\xc7\xbb\xbcd\x876\xaeqw5gvN\xade\xfc\xac\x84\xc4\x84`\xa4\xc9\x1b\x105\xec\xca\xdf\xe2\xc7\xb41\xd5\xa1\xff\xd0\xbf\xb8+(\x8ahz\x91\xc5"\xed\xcbj\xf0\xe2\x06\xe1mc\xf8\x1f\xd8\xdf\xc9\xe2\xbd\xfe\xf7\xc2\x86\x84/\xe6d\xab\xf4\xb9Fu\x8c\x94\xcb\xb9[\x91\x91i\xcd1P\xdcrY\x10\x04\xa6\xf5\x9f\x0b\xa8\x8d\x91\xf3r\xad\x02Z\xaf\x95M \x8c\x91\x94\xa2Nx\x11\xbc\xd7p\xd7\x8cR@\x10\xe4\x7f\xe9\xb1\x06\x03\xc9\xceL\xeel\x1fc\xd5a\xa8;\x1e\xb3\t\x04\xc4\xb2\'\x96\xaa\x1fu\x0e/|\xa4c\xb5*\x83\x18Y&U^\xeb\xf5\xd0%\x80_\x9b\xfd\xf4gv\xfa\xa5\xfd\xf4,\xcd\xa9\xe3\rkX\xc3S\xdc\xad6\x00:L\xbf_@\xea\xa8,\x10\x8bK\xd2\x877[0\xb4e\xbd\x1d\x93\xf2\x1f\xecCg8\xeeyR\xad\xf67!\xd1\x9fC\xa0EC\x1b\x8d!\xc2\x0fzj\x0f\x08\xe3)\x94\xab\xc4\xa6\xa5\xa9\x14\xda`R\xf5\x10?\x1dY\xb6>\xb1\xd1B\xa6\xa2\x14?\xfd\'\x01$\xd6\x0b\xc7\xbek\xa7\xa5FV\xd7z&\xe6\xcc\xe1\xd2\xbf\x97dw\xd9m\xbc\xf0\xb5\xad\xb7\xd0\xed\xd4\x18\xe3\x0f\x01ktU\xe7\x89F}c<\xd7\x0eo\xd7\xf5\xefe\xccm\x19\xea\xdc\xf5g\x0e\x96\x80\x18\xbe\x87\x00\x83\xf5\x9d\xe70\xb0\x98\xb2\x83i>\xb9\x1b)h@\xbf\x8c\xeb_\xb6\xa9{\x1a\xd5\x13\xae\x17\xc7\x98\xea9K\xba\xe6\x01\xd6h, \xd1\xed\x92\xe1\x99\xb7c@*&SOt\x84\xff\xe1\xab\x0e+G\xa8Ya3\x8c\xd6\xf3,\xb6b\x06N\x8e%\x04=\xb4v\x0f\x91\xe4\x8a\xd3\x9b\xb3b\xc1*\x0b\xab\xc0\xb7s\x93\xd8\x0c\x8c\x1c\xe7P\xd4\xc3u\xd9\xb6\xc1\x19m_\xa6,3\x84\xf4;\xf8\xa1\x06\x11\x01\xd3\x97{\xbcr,\xceX\xc1\xf8"\xe3T!\xbf-\xb5\x8eW1+\xdb\xe5\xf2\xb6\xbc\xae\xdbwK_Jd\xc5\x08\xc8\x16\x8a\xf3\xbc<L\x9f\x9b\x9c\x15\xd0\x01\xc5\xd9\x93W\xe7mSeo\xb8\xac\n#B\x9d3\x99\x9e\x0fN\xc7\xbby\xe2\xd4\xea)\x91V)\xf3]\x9f\xe0H\x00Du\xf5\x16\xe298U\xfc\x1ca\xa3nG3\x12\xddDd=lH\xe8vk\xb2qBB\xa3\x89\xf3\x82v\xb9=\xe8\x9e\xb2\x039\x18\xc6=H/fW\x80\xc7\xb0\r\xd0\x9f\xd5f  \xf0\xf0\xf8\xceC~>Q\xda^\x17q\xe2\x98E?\'m\xf2\x18\x8f\x80\xe5\x06\x1e\x8cR\xbc>\xb6F)\x0cd7\x99\xbb;\xd0\xd5\xf5\x7fJ\xbe\x11\xd2D\xf1\x7f\x05d#$\xea\xabE\x10\xe0\x98\n\xb7\xe5\x94\xda\xa5\xef{\x0f\xd4S\xbcKyX\xae\x8bf\xbb/\x94L\xf2\xa9\xff\xb0\xb2\x9e\xfa\xc8\xaa\x02<*\xaf\xfa~\x1fb\x8f\xc4k\xb4\xe19s\x0e\x83\xe5Dp\x8d\x05\xf1\x83\xa4\x10\xf2\x1fr\xc15#\xe6a\x9d\xeb\x8f\xae\xad\xf5@\x9b\xdd$\xfeN\xbc\x86\x8c\xa8?S\x16_\xee\x11vZY?\x18\x86\xcd\x02\x05$3\xa12v\xa8\xc9"\x9f\xb00w<Y\xb1\x93\xe2\xdd\xf5\xce\xde\x1aS\xd0\xa0\x0cZ\x1d\x04\xa6\xb9\xcf}\xfdrz\x8d8\xcfemQ\xf1}\xd9\x9c\xa41\xba\xdf\xc4Q\x90u0\xaf\xa2A\xf4\xfb\x87nb\x00\xe7\xab\x1eTP\rJ\x83\xc3K\xda\xab\xdf\x0fc\xc6\x8f\xf3\x07cI\xbb\xdd\xa1\xad\xce\xcff)\x1a){9O\x9eX\xafgO\xb7\x8c\x9d<t\x06\xed\n\x9e/\xda\xa2\x933\xccdL\xb7r\xe4Dn.V\xcfx\xb1\x96\xb3\xb5\xaeK\xad\xd7\x8c\xd4c\x03\x12\t\xad\xecI\x9b\xda9\x83\xc6\xd3:\xee\xef\xba\t\x87\xd4\xd2\xa8\xe1\x90\xcd^\xb8\x05'
tbI624
I0
F0
tb.