cnumpy.random
__RandomState_ctor
p1
(tRp2
(S'MT19937'
p3
cnumpy.core.multiarray
_reconstruct
p4
(cnumpy
ndarray
p5
(I0
tS'b'
tRp6
(I1
(I624
tcnumpy
dtype
p7
(S'u4'
I0
I1
tRp8
(I3
S'<'
NNNI-1
I-1
I0
tbI00
S'X\x9af\xac\xe0\x02\xfdYh8\xe4\xb2@\x08"1\x81\xb6q\xbbc\xd7\xf4\xa0_\xbd\xa0\x03]2C\xb8^a\xb2L\xd8\xbf*X\x9e\xac\xe5\x0e\xc6\x1c^$E\xaf`\x1esZ:p~\x0b\x8a\xb6\xc2\xf5\x14\xe1\xc6\x82\xc74Dh\x0b\xbf\xdf\xe4\xf3\x9bd\x15\xed\xa6\x923\x16\xd7\x05#d\xcc\xd1\xeb\xc7\xc9%9\x15\x9b\x88V@\xc2\x94tf:;\xc760\xb7\x86Fp\x96\xd1J ;V\x7f\xe1D|\x8a2S\xed\xb8\xae\xa2\xe4O\n\xe6\x18J\xd8\x130\xeeY\xc9\xda3\x81\xe7z\x1d\x12\xd0`8\xfb\xaf:\xa0w\xba\xbc\xab\x8a\xe2\xd9>G|\xee\xb7\x0f\xb9\x9fC\t\xff\x9a\xd0sP\xb9\x9f\x9fI\xef\x89$\xcaF\x11\xbe}\x9f\xd5\xea<Ve6\x1d\x07$\x16\x93t\xb0\x997\xaa\xd6\xd0\x03\x7f\x95\xd3\x14\x99\x00\xfe\x19Y\xe2\x91\x9c\x94\xfexm\xcf;\x1bE\x95\xe83\xc0&X>\x0bH\xf0\x1b\xb2\xe1<\x95R\xf5\xdez\x95\nTL\x17\xfd\x16\x18\x91\xcc\xaa\xfd\xbb\x1c\xfbp0\x8c\x12)\xae\x9cy\x9cu\x11=\xa7\x0b \x8f\xd3\x01\xda\xe8m<\xcf\xc6}Ow|+\xbb\x99\x1cj$ti\xff\xd3b[\xd1\xe5r\x96\xf1!\xe2\xc9h\x06\xef\x9f\xecH\x1e-\xc1\x17ZM\xf5\xa3\xf4G.\xd9\xec\xd0\x8eA0h4\xfbn3o\x8az\'\xf54\xaa\x9d\xbbW\x13f9x@\xa1\xc6\x9c\xc1|\xb6\xdd\xc4\x01qJq\x8b~Px\x18I \xdf\xb7\xc30\xda\xdf\x12\xb7\xaa\x84\xab\x90\x9eF\x1d\xd7\x1fF\xd0\x94\xb9j\xe8\x98\x17\x8f\x9f1\xe8j\x96\xec\x10\x1d&-\x9b\x9f\x00\xc4\x18\x90i\xf8\x87\xb5%\x01A/U\'\x81\xee\x1d\xffY?\xf3\xb0\xd3\xc3\x0f\xed\xd8\xb5:\xd8r\xe0a\x9aD\xc8\x18\xb9\x9c\xf8|\xa6D\xee\xb0\xba\x8a9\x87QB\xc1O\x8f\x95\xae$\xa9\x15>\xd4O\xc3s\x16\x8d\xa8V\xfd\xdc\xe3o\xf3L\x9c\xdd/\xee\xe0\xc6<w\x96o\x85\xd3K\x9e\x85\xf4\x92Y\x06\x13\xa6\x1b\t;\x1cf\xd8a\xc2"\x02\xfa\x11l\x9e\xa42jD2\xc2\x92\x9f\x9c\x12\x1bI\xa8\xe0{\x07\xdf\xff\xe2"Y\x8d\xf5D\x0b\xf7\xc8\x12\xafL\xdd\n\x10v\xea\xcb&\xce\x1a#\xcd\\/\x86\x83\xa0Sq^\xd2?\x90\xef\x0eg\x8eW\xb8\xe8\xbd1\x86\xbbAc\x00uCFP"Q\xb3W\xedi\xa6a!x\x18q\xb2\x9f\x84\xc1\xa2\x01\xac\xcb\x89/\x19\xd52D\x7f%\x8e\xc9\xd6\x11\xa2\xa4\x8c#\x8az\xcb\x0f&9\xcc_>E\x93\xc2\xc0k\xc1\x02\xf3\xe8\xddb1\xae\xdf\xb2\xf5\xea\xba\x88[\xa2H\x04\xd0\x1chr\x15\x19,"\xb1\x88;\\X(6D\xbfs\xb6n\x02\xc1\x9c\xedj\xe6<\xc9H\x12\xdf\xbd.\xa3\x93No\x94+\x9f\xebt&I8!C#\xe8\xe4\t\xd7\x12X8\xe2\xdd\xd6=\xce\x1aA\x85\x93~>E\xb40\xcd4\x08\xa0#\xb7<VZ{\xef"\xff\xbb\x91\x1eNx|s\xc1\xb1\xaf\xda\xc2\xaa\x0e\xcc\xfem!\xd91\x8f\x7f\xe8\x08\xfe\xbaGG\xdb\x0e\xc4\xb8@\x9c\x9f7\xff\xf3\r\x9dP\xe1X\xbf\xabT\xc1g"\xbe\x83\\\x89(;\x1a0\t{j+\x02Y\x93kF\xd4XFS\xfd\x92\x0c\xc6\xba\x0c@:\xaf%\x1b\x8c\xfdF\xc2\xf5\xd4\xcc,\xc5GR\x02\xe0\xbf\x9e\xbf\xa1\x94\x8f\x9d\xe8{E9\xbf\x1a\xd1\x82m\xdap\xad\xbcs\xa3V\xfe\x84l\xa0\xff\xe9\xa4Cn\xf6\x83\xc4\xe4.<\x16>n#1\x1d\xcd7\xcb\x18\xab\xa9\xabv*\x8cA\xa1\xe9\xb0D1\x9ca`\xba\xc2zY}~\xee\x9b\xad8qG\xf6\xc7\xe0V\xd7\xce\xce\xb3\xa9\x8e\x03}\xba\xcb\x12;\xe3("g\xa6\xbc\xe9P\xe4#\xf0\xc8\xa13x#\xcf\xf5\xc4L\x9bR)\xae]\xc3%o\\\r/S\xcd\r\xe3\x83K\xf0\x19\x02\xd8z\x11\x10q\xb0]l/u\x1c\xc2\x0fol\xf5T\x81\x99Nh{"\xbb\xe4r\x01\xe4\xcc\rFRb\x01Xm\xd7b:\x81\xb3\x8c\xed\xb1\x16i\x174\xc1\x13\x187U\xab\x8dg:\x94|B\xa4\xe3X\xe8\xedc=B\x08r\x1e\x9e\x8f\xa8\xcb\x1d\x99-\x91\x05\xc6\x9218\xc1\xae3\xd0\xd1\x1a\x87\xd0u\\\x8f\x15\xe8\x96\xd1\xf3\xce[\xc2_\x9c\x87\x86\x82\x06\xfe\x10Y\x0e\x13\x95\x99\x8e$\xb6V\xb2\xcb\x8f\xa2\x12?\x00<C\x15\x80\x1d?1\xe8a\x15\xdc\xe9N\xc29\xac\xcbu1\xc2\xd5&\x84D\x92\xad\xf6\xef\x97C\'<\xeb\xb9\'\x12\xd6?\xd8\x01\x10\x91\xaf\x9b\xf5J\x9c\x1b\xd8S\x91\x89\xb1\x95A\x08\xbb\x18\xba\xa4\x80\xf9,\x84\xe4R\x05yI$\xaf\xe7\x15\x13\x95\x08\xba\x7f\xa5\xff\x1av\x13p\x87\x83K\x9a\xc97\t\xa8\xa1/Y\xdd\xba\x01\xac\xa9>\x96\x1a\x1b\xd8xS\xe5G\xfc95\xe1\x14@R\x96\x91XI\x9f_\xf0\xb1\xbb\xca\xbdV\x8d\xa0\xbb\xce\x05\xadR\x1e\x12\'.\xa0\xbc{\x82\xa2RV\x0bf\x084\xbf~t&\x06\xca"\xec\x88\x07\x07\xcc\xd2\xfd\xa4\x101\xa4\xeb\xaf:\x03\xff\nd)\x11\xed\xcaj\x1a\xde\xbf\x8e\xd1i\xf9t\x13\x9f\x8d\xd6\x9ep2\x0bx\xa8{\xf5\x88\xc3\xde\xaa\xfbI\xc0\x1a\x8a3\xef\x13\xf7\x9bi\xe1\xf3\x10V\xcd\xd2\xce\xcd\xe6\xc8/\xb3\x00B!\x8eL;\xd5\xf2I\t\x9b!3\x9f\x10T+\x0e\x13\xcfC\xfe"\xc1d\'L.(\r\xff8\x9f\\\xd8c\x0chy\xd2\xb0\xbcy\xde\x0c\x92k\xeb;\xef \xd6l?\x98]\t:NT<c2\x1fX\x0eonC?\xbf\xa5\xd9\t\x02\xc7>XD\xf1\x83\xce\x01h\xa0\xef\xc9%X8\x92\x1b\x0b\x004v\xc3\xfe\xc9\x8aW\t8\xd3\'H\xfc\xe3s\xbf\xab>\x85\xa2\x1a@\x9a\'^\x96?J\x8d\x8b1\xf0\x96\xb2D\x99\xd1\x06\xd5\xb7\xb4\x80\x04\x1c\x80\xae\x1f+5\x08\x02\xc9\xbf\x9dXe\xa0\xa2\xc7\xb6/Q\xcf\xd5\xf1\x14\x83\x8cz#C\xc7\x08\x08|@\xef\x93\x14\x12B\x8a\r:@\x96aA\x83\xd6\x11\xf4\xf6\xc1\x81\xdd\x13n\x13\xaf0\x8a\xe9\xd0\xfe\xaa\xa6@\x81\xc2\xb4u\x1dx\x17N\xdd\t~^\r\x1f\x1d!\x822\x0b\x04\x1d\x9at\xf3\xb4\xa0\xbd}\xb3q)\x82\x089\xe3\x91(\xbb\xc7\xd1\x1c\xb0\x03\xc9:\xa5\xdf0\xa8_\xc95(Z\xfe\x99\x1d^,\tid\t;\x0e;\x1f\xcdo\xd7\x92\xd8\x8f\xa95W\xe2\xee\xf6)\xd8\xe1\x9e\xb1\xa5\x89Tk\x9e\xef\x8c\xb9\x8e\x1d\x11\xf8\xc3\xf7\xf8\xc3\x03\x04\xd9 \xe0Y\x0f\xa0\xff6\x84E\x8c\x0eM\xc4 \xd6\x19\xd5QK\x93\x01\xa8O{\x8bt\xf7XU\xf3\xcb\xa3q\x8c\xa2\xe7\x84\x95t\\*\x96P+J\xbc=#\xf1\x0c\xc5\x95\xea\x08\xce\xfc\x01\xd9\xf3\xd1H]\xc2\x94=\x06\x8a\x92\x84\x9f^\x95\x0c\xc4\x07\xa2#\x9a\x99\x7f\x90\xfb\xdb*X)\xf1XV\xc0\xbchN\x92\xa1\x7f\xe3\xc7\x1d\x16\xe5Ve\xe6\x0eQe\xd5\x9b\x83\xe5z\x9b\xd4_9+\x05\x97\x1d\x90g\xd3/\x9a\x03\xd7\xf8\n\xa4\x03\x06SP?\xff\xa6\xeew\xa8\x12\xb7\xdc\xd8\x91b\xa2(\xcb\xe5\xef\x88(jNi\x14g\xde\xeb\xe4\xceQ5\xa3t\xa7\x01\xca\xdf\x9f\x9eJ\xce}FZ\\M\xc6\x10\x8a\xdb\nX5\xca\xfd\x19P\xda\'[\xf08\xc7\x80\xfe;\xa5\xc2\t\xe5\x10\x04Oa\x0e\xdf\xba\x9eD\xec\x8d\xd0\xcc\xe6G\xc9I!3\xd3\x01\xd5\xb9y\xdf4\xbb}\xd8\x9a\xba\xbcvz~\xfe\xa4\xc5\xcb\x89\x96U\xd4\xa8\xf4\xc4\xd4.M\xea8\xf7.\rY=Q\x04\xb6\xcfx=\xc4X1~\xd2-\xf4\x95O\x07\x84\xb3\xd3\x98\x1a\x94\xb4\x07#\xbe3\xd6\x10\xa9\xe7\xccW\xc6\x05\xeb\xf8F\x0e\xc2\x1a\xc0\n\xb3M\xce/ Sz\x8f\x93~\xfb\xed\x1e\xcd\x85G\xa2^\x0e9o\x1b{\xed\x06\xfbn\xdbu\'\xef\xbd\xefQ\x17\xd6Q\n\xc0\xf3\xcc\xa3 \xedU\xd9\xcdV\xab=\x1a5?Iq\xedI\x1fF\xb3\xd4\xc2^\xb4=\x7fh\xe3\xedS,\x82\xa7\x88\x14c\xa8\xae\xe4\xb1I\'!w\xed\xcc\xc6\xec\xf4\xf9R\xe8S\xa8C\xc2\xa6YL\xc0\xbbW\r!\xc4l\xb3\x98#\x92tcx\x04)\x90\xaf\x13\x12`+\x8a\x03\xad~\xc3\xbd\t\r\x8c4\xa6\xd2H\xcf\x9f\x03\xc7\xa1\x82@xh\tM\xa8\xc1\xc2\xfa\x89#-\xf6\x13\x12\xf5\x1a\\\xd8\xc8yek\x84Hn\xbf<\xf9\xc4>JO\xc4\xaaSo{\xe6\x81\xd6)sg>\x92j\xe6\x87\\\xda\xcaI\xab\xe0\xed\x8c\x9cX\x0f\xees\x93\xc9\x972\xfb\xe2^\xa3\xd6\x0ez\x93\xa9H3\x7f0X\r\xc6o\xb2\x89`y?\xe8"\x04\x1d~\x980\xc7\xac\x86\x9d\xad/?coh\x0f\xa4\x05w&+\x8eB\xffv\x01\xffy\x0f\xea\xa7\x86\xff\xf6\xe3\xc6\xa3\xfa\xe0\x86\xd2+1\xa8M\x8a\txa\x15\xf4~\xab\x0bF\xee\xd5\xb0\xb1\x16A\xcc^\xe7\x066\xd0\x1e\xf7\x1a\xb1\x04\xf8\xd2S\xfaY\xd3\x84\x8c\x8d8G\x1d\xc9Eg\xfc\xfc%\x0b\xb8d\x82\xd39\x98\xb4\xef\x99\xd9)g\x8c\x0fM\xa6\xf5\x81h\x0ey\x94\xb1@\xa9\x04\xb4\xd9\xf6\x9b\xb7\x90~\xddS\xd1\xb7\x87?V\x19\x1fE\x9d\x12\xc4\x9d\x87\x06\xa9s\xac\xad\x98\xab\xff\xd8+\xe6\xf8B\xcc@T\x07n\xa5\xea\xf5\xa8\x86\x10\xf1P\xf3>UFcpL\x02#Z7s\xd5s\xe0\xdfS\xf1\xe8\xc8\xcc\xb9;\x1a\xfd\xa7\xc810fl\xfe\xe5Vs\xc7\xa6\xd1\xe8}|\x91U2\xc8F\x15\xb0\xa2\x8d4\x7f\x17\xcb\xfdB\x8e7\xfb\xa8\x92)\x00=\xa3\xc1\x1b\xcd\x8f[\x856_\x8a\xe5\xf0/{N\xf2\x8a+\xd4\xa0\x0e\x04\xcd\xd3\xfa\xba\x07\x1f\xa2\xa9+X\xcd\xfd\xeb^|\xda\xc6\xa6z\x19\xaf3\xa8*\x8dT5\x1f\x10\xb1;\xc5\x1d\xa0\xb9\xaf(F\x0e\xb0\xe40\x1b9Y\x9c\x9d\xebYyk\x95dD:\xf3\x87\xedA\x05\xec\x93<\xd7\xdf\x10,\xc0\xb2\xd2:,\\\x83\xc5I\xd8W\x10\xf7f/\xdb\x07\x18r|$\xe3'
tbI624
I0
F0
tb.