# time 	 divergence 	 # of mutations 	 # IGC chances 	 IGC length 	 # IGC failures 	 Changes due to IGC  	 % change due to IGC 
0.0	0.0920245398773	0	0	0	0	0	0.0
0.000352689609293	0.0899795501022	0	1	1	0	1	1.0
0.00154305228912	0.0899795501022	0	2	1	0	1	1.0
0.00254623987816	0.0899795501022	0	3	1	0	1	1.0
0.00406116527652	0.0899795501022	0	4	1	0	1	1.0
0.00440594893746	0.0899795501022	0	5	1	0	1	1.0
0.00517824642654	0.0899795501022	0	6	1	0	1	1.0
0.00546834033114	0.0899795501022	0	7	1	0	1	1.0
0.00613626789717	0.0899795501022	0	8	1	0	1	1.0
0.00671393253863	0.0899795501022	0	9	1	0	1	1.0
0.00988946441021	0.0899795501022	0	10	1	0	1	1.0
0.0106086144908	0.0920245398773	1	10	1	0	1	0.5
0.0106864309112	0.0940695296524	2	10	1	0	1	0.333333333333
0.011424819561	0.0940695296524	2	11	1	0	1	0.333333333333
0.0116025645897	0.0961145194274	3	11	1	0	1	0.25
0.011686615843	0.0961145194274	3	12	1	0	1	0.25
0.0117355653942	0.0961145194274	3	13	1	0	1	0.25
0.0122222781169	0.0961145194274	3	14	1	0	1	0.25
0.0125494515749	0.0981595092025	4	14	1	0	1	0.2
0.0133574526073	0.0981595092025	4	15	1	0	1	0.2
0.013582664853	0.0981595092025	4	16	1	0	1	0.2
0.0141079368406	0.100204498978	5	16	1	0	1	0.166666666667
0.0149250226968	0.100204498978	5	17	1	0	1	0.166666666667
0.0155405571107	0.100204498978	5	18	1	0	1	0.166666666667
0.0169311321915	0.100204498978	5	19	1	0	1	0.166666666667
0.0173426314059	0.100204498978	5	20	1	0	1	0.166666666667
0.0176887912997	0.100204498978	5	21	1	0	1	0.166666666667
0.0179902175144	0.100204498978	5	22	1	0	1	0.166666666667
0.018029573264	0.102249488753	6	22	1	0	1	0.142857142857
0.0184356252615	0.102249488753	6	23	1	0	1	0.142857142857
0.0189979575762	0.102249488753	6	24	1	0	1	0.142857142857
0.0192870563753	0.102249488753	6	25	1	0	1	0.142857142857
0.0199689229829	0.102249488753	6	26	1	0	1	0.142857142857
0.0200179664774	0.102249488753	6	27	1	0	1	0.142857142857
0.0202149240683	0.102249488753	6	28	1	0	1	0.142857142857
0.0204114947892	0.102249488753	6	29	1	0	1	0.142857142857
0.0204822111294	0.102249488753	6	30	1	0	1	0.142857142857
0.0207335375603	0.102249488753	6	31	1	0	1	0.142857142857
0.0222429030082	0.102249488753	6	32	1	0	1	0.142857142857
0.02300216823	0.102249488753	6	33	1	0	1	0.142857142857
0.0234652978218	0.100204498978	6	34	1	0	2	0.25
0.0240050985149	0.100204498978	6	35	1	0	2	0.25
0.0276101541478	0.100204498978	6	36	1	0	2	0.25
0.0279247438711	0.100204498978	6	37	1	0	2	0.25
0.0280641748471	0.100204498978	6	38	1	0	2	0.25
0.0283118054282	0.100204498978	6	39	1	0	2	0.25
0.0298065041223	0.100204498978	6	40	1	0	2	0.25
0.0298248001395	0.100204498978	6	41	1	0	2	0.25
0.0299222304199	0.100204498978	6	42	1	0	2	0.25
0.030144034418	0.100204498978	6	43	1	0	2	0.25
0.031941436568	0.100204498978	6	44	1	0	2	0.25
0.0319710301716	0.100204498978	6	45	1	0	2	0.25
0.0328060097482	0.100204498978	6	46	1	0	2	0.25
0.0331786186843	0.100204498978	6	47	1	0	2	0.25
0.033261905019	0.100204498978	6	48	1	0	2	0.25
0.0333805153167	0.100204498978	6	49	1	0	2	0.25
0.0335348403985	0.100204498978	6	50	1	0	2	0.25
0.0340538492902	0.102249488753	7	50	1	0	2	0.222222222222
0.0347388924566	0.102249488753	7	51	1	0	2	0.222222222222
0.0351530808324	0.102249488753	7	52	1	0	2	0.222222222222
0.0353580548035	0.102249488753	8	52	1	0	2	0.2
0.0357397736239	0.104294478528	9	52	1	0	2	0.181818181818
0.0359595594309	0.104294478528	9	53	1	0	2	0.181818181818
0.0360832767925	0.104294478528	9	54	1	0	2	0.181818181818
0.037524400083	0.104294478528	9	55	1	0	2	0.181818181818
0.0387627532415	0.104294478528	9	56	1	0	2	0.181818181818
0.0395339106353	0.104294478528	9	57	1	0	2	0.181818181818
0.0398630948792	0.106339468303	10	57	1	0	2	0.166666666667
0.0403135856641	0.106339468303	10	58	1	0	2	0.166666666667
0.0403520861241	0.104294478528	10	59	1	0	3	0.230769230769
0.0404166628989	0.104294478528	10	60	1	0	3	0.230769230769
0.0404720671131	0.104294478528	10	61	1	0	3	0.230769230769
0.0413934125531	0.102249488753	10	62	1	0	4	0.285714285714
0.0415650252262	0.102249488753	10	63	1	0	4	0.285714285714
0.0417637600849	0.102249488753	10	64	1	0	4	0.285714285714
0.0418557298545	0.102249488753	10	65	1	0	4	0.285714285714
0.0421012062142	0.102249488753	10	66	1	0	4	0.285714285714
0.0428505918672	0.100204498978	10	67	1	0	5	0.333333333333
0.0429998232862	0.100204498978	10	68	1	0	5	0.333333333333
0.043906865047	0.100204498978	10	69	1	0	5	0.333333333333
0.0442314781197	0.100204498978	10	70	1	0	5	0.333333333333
0.0442794512131	0.100204498978	10	71	1	0	5	0.333333333333
0.0451770103636	0.100204498978	10	72	1	0	5	0.333333333333
0.0451962480967	0.100204498978	10	73	1	0	5	0.333333333333
0.0456273415433	0.102249488753	11	73	1	0	5	0.3125
0.0464593591176	0.102249488753	11	74	1	0	5	0.3125
0.0469477484602	0.102249488753	11	75	1	0	5	0.3125
0.0478184288532	0.102249488753	11	76	1	0	5	0.3125
0.0480438818499	0.100204498978	11	77	1	0	6	0.352941176471
0.0488928131788	0.100204498978	11	78	1	0	6	0.352941176471
0.0489081116696	0.102249488753	12	78	1	0	6	0.333333333333
0.0508103736509	0.102249488753	12	79	1	0	6	0.333333333333
0.0508431172027	0.102249488753	12	80	1	0	6	0.333333333333
0.0515470037663	0.102249488753	12	81	1	0	6	0.333333333333
0.0518679839128	0.104294478528	13	81	1	0	6	0.315789473684
0.0519092229869	0.104294478528	13	82	1	0	6	0.315789473684
0.0519600282531	0.104294478528	13	83	1	0	6	0.315789473684
0.0519664166205	0.104294478528	13	84	1	0	6	0.315789473684
0.0520060819843	0.104294478528	13	85	1	0	6	0.315789473684
0.0526564487238	0.104294478528	13	86	1	0	6	0.315789473684
0.0532313208266	0.104294478528	13	87	1	0	6	0.315789473684
0.054919305363	0.104294478528	13	88	1	0	6	0.315789473684
0.0550939765918	0.104294478528	13	89	1	0	6	0.315789473684
0.0552941590057	0.104294478528	13	90	1	0	6	0.315789473684
0.058051296967	0.104294478528	13	91	1	0	6	0.315789473684
0.0588579127767	0.104294478528	13	92	1	0	6	0.315789473684
0.0598737882632	0.106339468303	14	92	1	0	6	0.3
0.0604612235088	0.106339468303	14	93	1	0	6	0.3
0.0605062544896	0.106339468303	14	94	1	0	6	0.3
0.062207576783	0.106339468303	14	95	1	0	6	0.3
0.0626321191626	0.106339468303	14	96	1	0	6	0.3
0.0629789937836	0.106339468303	14	97	1	0	6	0.3
0.0632542833176	0.106339468303	14	98	1	0	6	0.3
0.0636810839525	0.106339468303	14	99	1	0	6	0.3
0.0637502154855	0.106339468303	14	100	1	0	6	0.3
0.0640358268889	0.108384458078	15	100	1	0	6	0.285714285714
0.0641525241076	0.108384458078	15	101	1	0	6	0.285714285714
0.0642750361341	0.108384458078	15	102	1	0	6	0.285714285714
0.0643392566378	0.108384458078	15	103	1	0	6	0.285714285714
0.0643954641291	0.108384458078	15	104	1	0	6	0.285714285714
0.0645953908167	0.108384458078	15	105	1	0	6	0.285714285714
0.0651191831704	0.108384458078	15	106	1	0	6	0.285714285714
0.0651418843933	0.110429447853	16	106	1	0	6	0.272727272727
0.0655285632963	0.112474437628	17	106	1	0	6	0.260869565217
0.0664496576327	0.114519427403	18	106	1	0	6	0.25
0.0666619247738	0.114519427403	18	107	1	0	6	0.25
0.0666881600493	0.114519427403	18	108	1	0	6	0.25
0.0697297243978	0.114519427403	18	109	1	0	6	0.25
0.0701316032737	0.114519427403	18	110	1	0	6	0.25
0.0701499300194	0.114519427403	18	111	1	0	6	0.25
0.0710737742858	0.114519427403	18	112	1	0	6	0.25
0.0717194592048	0.114519427403	18	113	1	0	6	0.25
0.0721693907886	0.114519427403	18	114	1	0	6	0.25
0.0726915389753	0.114519427403	18	115	1	0	6	0.25
0.0728182712947	0.114519427403	18	116	1	0	6	0.25
0.0739594433691	0.114519427403	18	117	1	0	6	0.25
0.0750067404607	0.116564417178	19	117	1	0	6	0.24
0.0754248390414	0.116564417178	19	118	1	0	6	0.24
0.0756162730409	0.116564417178	19	119	1	0	6	0.24
0.0759384340091	0.116564417178	19	120	1	0	6	0.24
0.0777792011783	0.116564417178	19	121	1	0	6	0.24
0.078195767158	0.116564417178	19	122	1	0	6	0.24
0.0783676139655	0.118609406953	20	122	1	0	6	0.230769230769
0.0794608460689	0.118609406953	20	123	1	0	6	0.230769230769
0.0795765073586	0.118609406953	20	124	1	0	6	0.230769230769
0.0803551854591	0.118609406953	20	125	1	0	6	0.230769230769
0.0806982759652	0.118609406953	20	126	1	0	6	0.230769230769
0.080713061729	0.118609406953	20	127	1	0	6	0.230769230769
0.0814946507572	0.118609406953	20	128	1	0	6	0.230769230769
0.0816442523012	0.118609406953	20	129	1	0	6	0.230769230769
0.0820946623411	0.116564417178	20	130	1	0	7	0.259259259259
0.0823680784824	0.118609406953	21	130	1	0	7	0.25
0.0828939598657	0.118609406953	21	131	1	0	7	0.25
0.0829371601655	0.118609406953	21	132	1	0	7	0.25
0.0832990029027	0.118609406953	21	133	1	0	7	0.25
0.084874781785	0.118609406953	21	134	1	0	7	0.25
