# time 	 divergence 	 # of mutations 	 # IGC chances 	 IGC length 	 # IGC failures 	 Changes due to IGC  	 % change due to IGC 
0.0	0.0081799591002	0	0	0	0	0	0.0
0.000507358939282	0.0102249488753	1	0	0	0	0	0.0
0.00381030706633	0.0122699386503	2	0	0	0	0	0.0
0.00540444734786	0.0143149284254	3	0	0	0	0	0.0
0.0111457965316	0.0163599182004	4	0	0	0	0	0.0
0.0113825583008	0.0184049079755	5	0	0	0	0	0.0
0.0147968853645	0.0204498977505	6	0	0	0	0	0.0
0.0149846777978	0.0224948875256	7	0	0	0	0	0.0
0.018086432393	0.0245398773006	8	0	0	0	0	0.0
0.0193564631029	0.0265848670757	9	0	0	0	0	0.0
0.0279272450134	0.0286298568507	10	0	0	0	0	0.0
0.0313694836258	0.0306748466258	11	0	0	0	0	0.0
0.0320469337488	0.0327198364008	12	0	0	0	0	0.0
0.0347413328182	0.0347648261759	13	0	0	0	0	0.0
0.0438770156871	0.0368098159509	14	0	0	0	0	0.0
0.0443693995988	0.038854805726	15	0	0	0	0	0.0
0.0456196674227	0.040899795501	16	0	0	0	0	0.0
0.0487333030154	0.0429447852761	17	0	0	0	0	0.0
0.0530607797118	0.0449897750511	18	0	0	0	0	0.0
0.058975175799	0.0470347648262	19	0	0	0	0	0.0
0.0626059920248	0.0490797546012	20	0	0	0	0	0.0
0.0746223148978	0.0511247443763	21	0	0	0	0	0.0
0.0899032866222	0.0531697341513	22	0	0	0	0	0.0
0.0928513656148	0.0552147239264	23	0	0	0	0	0.0
0.0946341002703	0.0572597137014	24	0	0	0	0	0.0
0.0985215421904	0.0593047034765	25	0	0	0	0	0.0
0.107617651475	0.0613496932515	26	0	0	0	0	0.0
0.111460169798	0.0633946830266	27	0	0	0	0	0.0
0.112047974397	0.0613496932515	28	0	0	0	0	0.0
0.11350050537	0.0593047034765	29	0	0	0	0	0.0
0.113707789831	0.0593047034765	30	0	0	0	0	0.0
0.115819729119	0.0613496932515	31	0	0	0	0	0.0
0.119351658832	0.0633946830266	32	0	0	0	0	0.0
0.11990384771	0.0654396728016	33	0	0	0	0	0.0
0.123322088708	0.0674846625767	34	0	0	0	0	0.0
0.124536057653	0.0695296523517	35	0	0	0	0	0.0
0.130139265679	0.0674846625767	36	0	0	0	0	0.0
0.131155080705	0.0695296523517	37	0	0	0	0	0.0
0.131276327032	0.0715746421268	38	0	0	0	0	0.0
0.134811187418	0.0736196319018	39	0	0	0	0	0.0
0.135792253672	0.0715746421268	40	0	0	0	0	0.0
0.138323048815	0.0736196319018	41	0	0	0	0	0.0
0.138429615447	0.0756646216769	42	0	0	0	0	0.0
0.142761535445	0.0777096114519	43	0	0	0	0	0.0
0.143095196063	0.079754601227	44	0	0	0	0	0.0
0.149482340363	0.0777096114519	45	0	0	0	0	0.0
0.149830899654	0.079754601227	46	0	0	0	0	0.0
0.151276984247	0.081799591002	47	0	0	0	0	0.0
0.153660546041	0.0838445807771	48	0	0	0	0	0.0
0.155069254659	0.0858895705521	49	0	0	0	0	0.0
0.155933089637	0.0879345603272	50	0	0	0	0	0.0
0.156418808949	0.0899795501022	51	0	0	0	0	0.0
0.157083893747	0.0920245398773	52	0	0	0	0	0.0
0.157280542347	0.0940695296524	53	0	0	0	0	0.0
0.159977458467	0.0961145194274	54	0	0	0	0	0.0
0.1603956013	0.0981595092025	55	0	0	0	0	0.0
0.168776223288	0.0961145194274	56	0	0	0	0	0.0
0.169581807451	0.0981595092025	57	0	0	0	0	0.0
0.171508427113	0.0961145194274	58	0	0	0	0	0.0
