cnumpy.random
__RandomState_ctor
p1
(tRp2
(S'MT19937'
p3
cnumpy.core.multiarray
_reconstruct
p4
(cnumpy
ndarray
p5
(I0
tS'b'
tRp6
(I1
(I624
tcnumpy
dtype
p7
(S'u4'
I0
I1
tRp8
(I3
S'<'
NNNI-1
I-1
I0
tbI00
S'\x10f\x8b\x96\x10\x17J\xbb)\xcb\x04\x0b\x9c,?l\x87\xdd\xbds\x97\xd4\xce=o\xec\x87\x11\x07\xc3"Gm(\xdbUv\xb9\xee}\xe2k\xd8\xc4\x84k\x7f\x17B\xa7\x8e\x07\xb6\xb4\xb1\x0c\xde\x1b\xb7\xc1|\xab\xc8\x18R\xeemt\xae\x83J\xd4\xa2Q\x95\xfb\xc1\x1e\xa9\x98"\xf5y-\xcb\x1b=y\xd3\x8a\xcb\x1ei_\x1f6B\x1d\x8fu\xdf\xe9g8\xaa\x90\x99\x11\xd4\x86\x06\\\x1d\xcd&\x81\xf6\x94+\xb1V\xd2\xaf8\xed\x08\xfb\xdc\xa1\xf7\xf7\xcf\x0c\xde\xf7\x9b\xd7\xeb\xe2D\xf2w\\\x1f\x1eD\x912\xe7\xbc\x84Q\x8c\x8b\xe4\x8d\xf1+\x19\xad\x97r\x02Qb\x12\xfc\xfb\xf6\x99U\x9a=\xa9\xc4Q\x04\xc0\xe1\xe8xI\xae\xf0L\xadMG@\x14\x92\x96)\xd43\xaf1\x06\xcf\x90E\xd6s\xab\x1b\xfccG\xe0\x87\x85\xf3>\x8c\xe2\xe9gG\xf8\x1d\xc5_\xcb\x13/Gs\x9d\xd4L3`\x07p\xac\xb7o\x1a:\x9d\xba\xf4V\xb90N\xda\xc6\xbfy\xec\xe4\xf2\xc3\xb6\x182\xdf]d\x89\xf3\xd4:\xf5d{\x17\xcc\x9c\xe6\xbfA79\x8b\x9e\xd4\x1c.\xf6\xda\r\xb2\x9f\xd1e\xe3<j\xdbi\xbf\xe0\xb6\x84\x1e\x83\x8f\xa4\xca\xe2Q-#\xf9\xa2\x8fV\xdaFP5b\xa30\xf1m.\x0c8\xab[\xf1?\x94\xd6Uo]\xcb\xd9/m\xf3\x80\xb5#\xb8\x14\xc9eCm\x8czF\xe0\x9a\x06\xf5e\x88\x84\xa4\xe0\xc22g\xb4\xcc\x89\x01L\x9d\x82Q\x9c\xd9\xed\xd1\xbby\xd9\xf0\x8b\x10g\x17\xb4\x04;\x05\xfe\xb9\xe5LR\x97m\x87\xf5\x87_\xd0\xfe\xa7\x81R\x18\xb0g}\xb8\x11FB\x19\xf8\xfd\xfd\xfeR\xad\xa7\xffeJs\xc9R\xb4\xca9\xb9\x03\xf0\x86\x16jB\xee{\x1eO\xdbz\xff\n\x90\xfc\xc0z\xf0 &\xd1\x8d\tz-[\x01!\xf8Z\xc5\xaf\xdf<\t\xde\xc7}\x17,\xef)Y\xe6\xc3\xe7\xd3\x92\xd4@\x1e\xca\xac\xf5\x9e/B\xef\xf0oCG)U\x93\x9b\xa9\xb1\x91\xa3\x9b\xbd\xd5\xbeR\x81x\xec\x8e\xaac~<\x7f0\x88I\xde\x8b ~\xeb\x94\xaba\x8d\x9fb(\x1e\x0b\xb7:\xab\x140\xb3\xf6\xf2\xb1\x1c\xb5qB\x1c\xee\x12\xf9\x86\xec\x17\xf7\xe7\xa1\xcd.\x96$\xe4v\x06\xd2\xf5l(\x9e\'\xe3\x15h\xf5&y\xd1|\xf1\x8a*!C\xa9*\xd9\x8aJf\xec\xb6h\xb7\xc1\'\xb3a\xb7F\xf6\xf5\xca\xb9+MQ;\x0656\xeb\x08\xa0\xdc\xf7\xfa\xe2O\xfe\x9c\xbb\xf1?2\xde\xc6t\x13\x93\tv\x92\xa8\xf6\xb7\x05\xde~\x8e\x94\xbf\xaa_o\xf9\x14\xaa1Y\xb9u\xfa\x1f`3%k\x82\xab\xc9\xc8J=0\xd8\xd5\xb8j\x9c\x93\x8b\x1a{@\xdc\xff?~\xed\xf8\x906c\xf4\xcf\xff\xf0\x025Z\x08TU\xcf>U\xc5O\x11N\x03\xb7\x0b\xe9\xab\x8d\x01\xa1%\x97\xca\x84\xb52.\xc4W3\xab\xd8|\x99 ,\xeeQ\xc2C\x8aX2\xa5\xd3g\x0f\xe1]\x07%r\x11\x00\x95\xd3\xe0\xc7\x85\x19f\x0f)d\xd0:#q\xb3R\x1c}\x07\x10\x1aM\xab\x9b06\xb3\x04hL\xb0\xbd\xf0A\xf9\x87]\x06!\x8e\xda\xbe\xa9`\xc4 u\xb1\xaf\xca9\x8b\xec\t\xb7\xf2\xb6\x93h\x1b\xfcc\x9aC\x92\x05\xda\xc8\xe8l\x19O7\xca\x16q\'\xdb\xe8!\x89\xc0\xc8\xd9+I\xfa\x97\x98\xfe\xedK\xc2\xafO7`\xf2%\xa9\xde\xdd+C\xbft\xdej\x864\xd62Dt\xd1\xe5\'\x16\x7fi\x17\xd5qe`\xba0<I\x19!\x86\xa8\xfaZ\x7f\x02\x89\x1f\x0fL\xee\xf0c\x0bI\xec\x9b\xb2\xca8&t1\x97\x12\x14\xcb\xb3g\xf5@F^r\xbd\\\x0f\xb8\xefi\x8fVdc\xfb\x00\xce\x92g\xd9\x0cj\x8eS_\xc8`\xe8\xc8\x11*I\xd5\xda\xe0\xf8K\xbd}4)\xb2\t\x99\xca0\xe4\xef\xa5S\xfe\xab\x8d\x82\x99\xd9n\xffW\xa0`\x1e\xe2`\x86\xcbA\x881\xc6\xec\xa4se\xb0\xcb\xe1\x99T@\x18\xa7\r}\t&\xafz\xa4\x8f\xc5?+tt\x80(|\xfdY\xc3~F\xae\x8fx\xfe(!e\x02\xed\x06\xd2I\x80wT\x99\xce\xebNB\x89\x12\xb0$!w\x92\xdd\xff\xc7\x12\x97\xa9W\x94\x07\x8e\x89sT\xac\x7f\xd0\xb7i\xca\xf8\xd5\xd7~UE\rn\xd3]#\xb4\x11\xc2\xbe\xcaA\x19<\xc1O\x93\r\xb5\xe8\x9c \xec\xda\x93\xae\xa9\xdc\xd6\x89y\xb2\xec\x08\xb0\xa3\x0e=\xe3\xa7\xeb-\x84\x02\xbdz\xa9\x8c4\x82\x05 \xe3H\xdd\x10\xa0\x9d\xf1y\x0fg\xfbr\xdf\xec\x07%7\xb0s\xcdQ\xae\xd3"\xd4m~\xdd\x02\xf7\xe0\x9c\xafI\x8b\xa4\xab\x06\xc0[\r\xbf\x8c\xffg\xe4\xc8\x01\xe4\xfb\x02\x99\x14\xc1{p\x19\xb6L\xe7=n\xafAE\x88\xfdx[B&\x03h@E\xf7\xe0\xc1\xa6J\xe1N\xdcw\xe7\xa7?mxb\xd4#\x9a\x964\x07\x06\xc98VaF1\xd0\x92\xea\xdd\r\xed\x82\x13\xcb-\xa4:Z\x88)\xe0|\xe8\xbe\x8a\xe8\x8a-/\x9b\x0eNu-;J\xbc\xc3(\xfe\x82\xf5%\xb1\xe0\xa4\xaa=r\xa6\r\xe6\xb7\x95R#|\xb3X\xaf\xc3o\xee\xea\x13b[\x9f\xe6\x0f \x86\x03\xe8\xe7a\x80\x82%De\xf5:\xb2X\xden\xc6\xad\x0eK|\x11\x1d\xe1]\xcb\x81Fl\xfa\xac\x1aW\xc0\xf0\xdb\x11}xW\x8c\x11\xf6v>F\x0e\x0bZB\xba\xc1\x114C\xcdLW\x12\x14\x7f\xff\x07\xde3@\x11`\xaf\xdc\xac\x141c4t\xe8\x8e]\x8f\x08\x84\xa5&\xb0\x8c\xf5\xfa\xf1$\xf1\x7f\x99*.\xf0\\\xebL\x13y\x1d)c\x9f\xae\x82\xf91\x7f\t\xd1H\xf7\xce6\xb8\xe1\xd1\xb7%\xd08\xaeI\x01\xb2\x1d\xf1\xfc\x11:\xeb\xc3\x7f\xb4\x85QGoI?\xbb\x00\xc9\xda\xaf\x1b\xc2E\x7fZ\xf9oj-6\x94W\x18\xf7\xd3\x9dmz\xd2\x93\x9c\x8b\xde`$a\xea\x8d\xab\xcd[S\x17\x13\xcd\x91a*\x10\x92\x9e\x00"\xb1+d!\xea\xd2\x1f\x81\xc7*\x86@\xf5\x108s\x9b5\x9f\x1f:z\x04L\x98|v\xd9\xdd\xa2=\xc4\x7fHM[\xc0>\xad\xb3\xae\xacd\x84\xee\x17\xf8}\xa4\x10\x9e\x19.E\xfcxf\x91\xa8\xe4\x81\xb9\xeb?lw\xcaqV\xae\xa4\t\xf2\xf1i\xdb\xd4t\xa8\x98,w\xaci,\x9c\xd3"\xcaqdl\xa5\xb2^\x92Kh)\x1f\x8c\x86\xc3\xbf\xcf\r&lk!Bc\xdc\x8d\xd6\xc7(\xa3\xcd\x1c\xde\x9f/AI\xbdv\xe16ob\x08C\xdb\x9e\x89\x82L\n-#\xf6I3?\xda2\x81\x87\xa0\xfc\x9foO\xeb\xe0u`\x81\xf0\x989\x7f\x92\x97\xa9\xa9\xbe#\xee,\xe5)\x00}\x96\x05I\x01\xc1\xa3\x80^\x9e\x88b6\xf1|74\xc3\n\xd6\xd1_\x8e\xdc\x95m\x0e\xab\xd8\x98\xec\\\'\x17\xd8\xfeB\x9a\x9f\xf7\xc6gcT\xffG\xeaJ\xc2$\x965\xac\xf4\xc5\x9e\xbe^\xbe1\x97\xd9,+"\x84\xda\n\x83\xbd\x1e\xd3\xc6\xbdry\xc0\xb2&\xa3\xe0O\x07\xf3\x9c\xf4~\x07\r^\xdd\xab\xe6\xb6\xa4\xfc\x1d\xb31`k"\x8e\x87\x01\xc5l\xeb\n\xc5;x6\x96\xe2\xf8->a\x8f`\x12\xc6--\' mt\xb4\x8f\x87\xa7\xe3<\x88\xd9!9\x1a\x8e\xb2\x19E\xa3\x18\xec7\xa1\x88.\x8f \x17=\x91\xd5^\x9aK\xe1*\xe2J\xd0\x19\x84_\x96\xb6\x8b\xccY\xd0O/\xa5\xfa\x15\xb2\x1di\xac\xfevo\xb0\xa02\xe3lx\x14X\xba\x96\xd47\xea\xa8A\x08\x188\xbcDi\x02\xcc\x11\xe5\xe5\xc5_\xf4\xee\x99\x1c\xe3\xcf\x08\xf2z\x00\xcd\xd8\xf2\xb1\xa2\xae\x9f\xe3\x07U\xf1;gS,r\x18\xc4\x8d\xbe3\xf3 ^A\xa1\xc4\x84\xa2\xfd\xe5\x1a.\xa5\xbe"\xedjg%;\x80#\xb3\x99\xb7\x03\x18uq\xf5\x02\x9e\x91)\x85Q\xa7\x92\x02=\xab\xd4\x82"\x86\xc3\xf0<}\xcdk\x98\x81)-8Rdh\xe8\xdf\xc2\xac\x7fD+\xebE\xf9\xdc\x17h\x94<Wp\xdc\xf9\x1c2\xfb\xfe\xad\\\xb7\xaa\x9a\x96\xdd\x92\x95\xfa\xfa\xbd\xd1\x1d\x17\xeb\x98\xce\x07\x98\x852\xd6]\x8a\xde!\xed-\x1c\xac\x08\n\xb7\x15ze\xb7\xb3\xf4>\xeaR\x13R\xc5\xa9\xd2\xc8\xed\xb9r\x16wM\x9aWw\xd7\x80\nb_\xe8`\xbc\x1a%\xec\'_B\x874\xa8\xdb\x14\x7f\x13\xc3\xa1\x849\xe5\x96\xad;8\x01\x99\x7f\xe9\x86\xc9|\xcb\xf3\xb5ZF\xc7\x1f\xff\xf0\xb0/\xc2s&\x04Z\x9c\xbb\x1eF\x08\x9aCe\x9ew\xae\xb7\xffbmu\xb0\x05\x97\x15\x8e9\x02\x99\xbe\x95\xc3\x92\x1f\xfd\xc6\x07,\xc1.\xa0c\xdd\xea7\xf9\xcc\xe8\xdb\x93\xd4\x99\xe2w/`\xd8\xd6\xb3\xec\xe7\xf1\x8ej\x15U\n4\xe1\xcf\xb4\x9c\xfe\xef\xa4. \xfa\x86gF\x93\xd1i \xd1\xe7\xbb\xfb)\xe7!\xa9\xcd\x01\xe8%Y/\xed<\x84@.f\xad\xf3\x16Z\x98\xdc\xe6\xf7\xb2\x1b\n\xccd&\xf1?\xa3\xa7\x87I\x05\x81\xa8\x12\xdd\xc1e4z\xf2\xac\xb1\xa7\x90\xb9\xd3C\xb8\xcd\x16\x13n\xb2\x93\xc4\x82gi,A\xb5\x87D\xe9\xdf\xafI\x9dg.\x98D\x03R\xdf\xdcx5\x9fmW\xda\x15\xa4F}\xb6\x94\x97\x89\x84+\x90#\x8f@\xf8\x80\xd4G\x19l{,\x98\xa4\xcb\xf0\x9a\xbb`\xa9\x1fo6\xa4c\xdc\xcb 7\xcb`\xc0\xc1/f\x07\xff\xa3T\xa16xvl\x90\x08\xc2\xc3\x9dD-\xc6\x15\x81\x8e\xb4Lt\xfdLR\xd8e\xe0\x91tf\xed\xa5/\x8c\xa7\xcb\xdd\xf0|\x90\x0c[\x93UPX\xb4\x1c\x8aM=\xe5\xe0\xb5\x86\xa2\x8bJ.\xb8\x96\x99\x8a^m\x9d\xce\xa1?\x04\xbb\\Zn<S]Z\xe7:\x8f)\x1ch\x1a\x02\xa4Z|E\xeb\xc6z\xfbeA\xa4\xa9*)\x85\xff\xc0\xe44Y>\xc3x\xec7`Q\x1b&\xfa\x90\xbeA\xab\x8ew\xe3Q\xed\xcc\xac\x17\x11\xf1R)\x8e\x8e\x92*\xbd*\xaa\xc8\xff}\xbc\xcf\x10\x18\x1f\x08,\xd5,#I\xb7a\xf6\x90\xd7>\xe7\xbc\xa2\x86\xe3)a\xdfXa\xdeY\xb8?^\x80\x94\xa1\x19\xec\xa7\x04m\xaft;&g/C\x84V\xa7\xb2\xdb`\xa4\xfa\xaa\x00\xf2\x16+\xba-'
tbI624
I0
F0
tb.