cnumpy.random
__RandomState_ctor
p1
(tRp2
(S'MT19937'
p3
cnumpy.core.multiarray
_reconstruct
p4
(cnumpy
ndarray
p5
(I0
tS'b'
tRp6
(I1
(I624
tcnumpy
dtype
p7
(S'u4'
I0
I1
tRp8
(I3
S'<'
NNNI-1
I-1
I0
tbI00
S'\xa5*i\xcd\x12\xb9\xc9\x8c\xb4\x06\xd0\xae\xa7\xb7c#y\xe3p\xabM\xce\x02\xf2\x16\x9a\xc2\x98\xd6\xbf\xb5\xa8\xd9\xcc\x93\x9b\x99\x07?\xea\x92\x9f\xb1f,\x8c\xba&\x90\xfc\x0c\xa5\x12\x01\x17`\xf5\x1f\xd9N\xe7\xeb\xbd\xdalf\xc1\x8b\xbb(\xf9K\x08Ou\xdf{\xe0\xda\x9d\xb3\xf2\xf3\xf6v\xd0\xba}\x17\x1e\xc4\x0e\x00\xe2\xd6t\xe6\x16\x02\x17PP\xbc=\x05\xa5\x85\xc6\x0b\xda\x154x/\xd8\xb7:\x02\xbf\x1f\xaf\x96dO\xe2\xaaNd~=\x94\xac?\xc9\xc0\xc6\x98\x15\xcf$\x11<\xeeY\x9e\xefN\x96\xde \xfb\xce\xd3\xf9\xe1\x83C\xabk\x84\xc3\x05\xc3\xe4\xc1\xfc\xa4\xd6\xce\x80T^\x86\xb1)2\xf2\x0bk\xc7\xe2\xfe\xd4S\xf2.\xf1~\xae?\x94\xa6\xbe\n\xc1o\xb0>`\x10_\xfb\xd3Bw\xd3N\x80\xe3\xff\xb9\xc1}\xb5)\xc2wg\xa3/\xd5\xde\x16g\x0fo\x96\xef\x9aE\xa1\xdf\xef\x1f\x17\x9b\xb5\x15\x84\x12\xdb\xb4o\xb0\xf5HT?\xd8G\xdb\x13\x06\xe8\x16;\x7ft\xd7F<Q\xc5\xca\x93\x7f\xd3\x84~\xf2\x1f#\xb1\x9c\x0b\xc2\x03\x94\n\xdc\xa7-\x92`\xf0[\x0e\xd2UI\x93W\xaa\xa5s\xe1\x9f;\xe4i\xa5\x86\xe0\x15?#\xa5\xcd\x97\x86\xba\x1c\xde\xe4d\xb3\xcdR\xa0L\x9c\xbe\x19\x1b1\xeePe\xe3\xf3\xdc\xbd\xf9\xf8\x936L\xeas^\x96\x97\x10\xe3\x00\xb5\x8d\xfa=i\t\xb1\xc30K.\xae\x89|\x870\xe3\xa6X\x1f\xef\xd5l\x15P4\xec\x06V\xe9\x048\xaf^\xca\xda\xa9\x8a\r\x9c]\'\xb3\n8\xddKc91E\xba#>\xe8j\x97t\x92\xd0!\xfd\xb7m\x18\xbc\xeeDb"\x04\xac\x1e\x9a\xfc\xe8\xcc\xaf\xfd;S\xd6c\xfb\xb5\x9a\x12\xbe@EV{F\xc9\x90\xcd=\x10\x1c:^\x9e\x95\x0cb\xab\x908\xe7\x07V-\xfbnE\xe7\xcee\xa2\xe1\xa7\xe9\x95\x08\xe093\xca\xe9\x96\x12MY4U\xc8\xbd\x00\xf3\x86\x9a_\xd8}\x97\xe0\xb5\xc6^\xc2`t\x81\x0c\xa5}\x88b\x83Y\xc3\xccZZ\xef\x06\xedH\xe9\x00\xc3\xf19N\rX\xd1\x9d]\xa4\xcd\xf7\xab\x8e\xb3\x11^\xb7\x88\xdb\xa7W\xb0\xe2Z\x8e\xa8\xc9\xfa\xfb\xc5\x16+\xa5\xd8\xda\x15\xfd*vyh\x81\xd4\x00\xbcd@\x8d\x02\x13R\x18\x11\x8cp\xa3!\xc6\xf6\rq\x0fvp\xe6Hp\xd3(s\x17\x7fe\xfc4Ih\x9eT\xb1\xfej\xecx\xba\x8f\x13MMu\xb2\x05am\x04\xbb\x97%\x9d \xc1\xa0\x90_\x97\xd66\x05*\x06`\x01\x0e7\xf3\x17{\n\xa1\x94\x1d\rN5\x92\xfe\x96\xces\'7g\n\xf3\xd5\xc1\x98?\xd9\x99\xeb\xcd\xb8\xcd6\xc9\t\xa6\x1a\xc85\x84&<\x1f}\x1d\x91\xa3PpQ@\x05o\xe0\x99W \x96,s\xc3&\x1e\x01\xcfua\x19\x08\x0f\r\xdd\x0f\xccC\x05\xd0\x15H\xacp\xe3\xdfH\x92Hy\x0e\x18\x82\x03\x9c\x8e\xad\x00\xfa\x03\x0b\x16Q\x0c\xd8\xe3\xa8P\x90;\x95\xfc\xc3\x84\xa2\xbd\x987\x18\xcd\xf0y\x15\xee\x18\xea|O\xe8\x04\xe4\x8f%Ew\xc0\x03\xeb\xab\xc3~\x06)\xadN\x992q\r\t\x119\xc6\xdb\x00\xb7\x19_\x90\x1c\xa9\x9d?\xc2U?\xed\xaaOa\x81\xf2.\xed1WM\xf6k \xc7\xe05J\x9c\x93\xff\xb3\x1f\x89%\xff\xf2\xff\xc40\xde\xd4\n\x08\x93\x8d"\xf1\xeb\xf2Q!O\x92%\xc4\xf8\x95\xc6\xa48X\xc7\xe0\xae\x81BRU\xb4\x80(9\xe7\xb9\xc8V \xff\x17\x0e2iz\x91;.\xef\x14\x06Jd\x18g\xba\x8cv\x90\xa8g\xafRX\n\x8a\x1a\x8a\xa5\xdfzP\xee\xd5\xd4\xe1\xc1\x14\x7f\x97\xcd\x9aPO\xfd\x1dnk|\xc9P\xbfX\x989\xe3\xe0\xd3C\xf5\x93m\x004\x00\x11\xd7F\x12\xf1]\x12\xfdp\x8c\xb96=\x88j\xf8\xf9\xe9V\xd6\x83\xe7\x03\x85\xd74|P\x96!^\xcf\x9f\x8a\x90_\xb19\x11\x11\x17%\xd2\xe5\xed\xab\xbbo\xfc\xbe\xf1\x1dq7\xe8\xad\x07f\xc5\xcd\xf7\xe6\x82o\x10m<pCg\xc98\x08\x17\xbf\xf7\xcdGe\xfa\xd28\x95?\xc8+\xe3\x9a\xdaM\x7f\x1f\xa8y\xb1uA\xcc\xd9\xaf\xc8\x86\xdd\xae\xab\xfa k\xc8U\xcd\x13}\xadsz4\x03y\xbc\xc8\xb5\xae\x01s\x15\x1cSJ\xf0\x10\xfc]:9\xd4\xe5\x1c\xf7\x8b\xcd\x12\x194v\xcdO\xf7\xf5\xeb;\x93\x90\xc3\x88\x05\xfe\xa2\x92\xcc\x00b\x1c\x08\xe8"\x1ai\xa7\xa6&\xec\x98\xb8\xdc\xbf\xde\xe5\xe6D\x85\xa8\x81\x1e\xaa\xb0dS\xf4\xf0:\x08\xbb&5B&\xa6=\xde$&B\x9d\xd6\xb3\xe5A\x91+u\x1a!\xbd\xf1\x08\x8d\x01n\x82:V3*jq{p\xdb\xf1\xe5<N\xe7\x86*F\xfb\'?\xd4z\xe6iyB\x85/UN\xcc\xc8\x97fT\xb6SQ\x94\xd8E+]y\xca|\n\xe6\x0f\x83\xac$\xdci\xc0\xebH\xea\xb9\x1b\x86<\xfc\x17*NJ@\x1c%\x98\';-\x91?\x1dI/\xf0\x19\xcc\xfd\xa0\x9dv\x90\xd8\x11hs\xb1#\xe3Aa\xe25\x8b\xa8Y)9\xd7\xe4\xa4G\xd5\xa2\xbe\x9f\xd2!o\x84v\x82i\xce\x80`\x07\x89\x94E\xae\xcd\x18X\x9d\xd5mT\xd7r\x80SC\xd9Zu\x87\xc3\xd0\x12y\xed\xaf\x95_\xc0S|\xf1T\x9b\xffE\x1e\x8a8\xb4\x0c\x94\xe0\x01n\r\x11#>h\x9b`\xb1\x08\xdc\xab\xc5V\xd1\xe4+\x11_\xdb\xcd\x97oT\xd0\r\x1c\x06@\xd4n\x10!\x05\xb6\xd0\x84S\xc7$\xef \x10\xd5\xf3\xf7$I\xfd\xf3\xf1\x9d\x13\xaa\xe0\x98Y~\x14=s\x10\x88\xcd\x91_\xeb\xfa\x1a`3[\xaf\tX`\xe4T\xfd\xf4|$\xfaSrdL\x81z\xf2\xb0\x7f_\xeb\xbf\xa7C/2\xca\x96TX\x10r^\x84\xf7\xa3d|?\x15\x9d2\x19\xa4\xac(\xe2\xae\x96\xb2\x9a\xde\xca\xb1N\xe2\x97\x0c\xa5\xa8\x00\x11\x98Mk>b\xbc\x12\xdb`Vh\x1f[\x1f\xe9]\x039\xae\xb7\xae\xc4\xea8\x9b\x85\x9e\xbeA\xc3en\x10x[$\x95\x82\x83\xf7R\xf0\xe7\xec \xa2\x19mzE3l5{\x00\xf9\xdcX\xb3\xbe\x8b\x1e\xf9Po\xb7u\xa1\xedO\xaa9\xd7\xb7\xa87J\xf2Y\xef\xd5\x17\xc2X\xecn\xa9S\x7f\xef\x0cS~4\xc6^\x8a\'\xe9\\\x9a\\\xb5?E7\x84 Q\xb2!q4s\xd9\xf3\xca\x95\xfe\xe3\xec\xa3g\x95\x8c\xe5D\xceF\xed\xa1\x01\x9d\r\x02\x90\x1e\xe5\xd1\x97\xd8\x11E\x8eh\xeed\xb4\xa6\xb07j\xd4h\xce\x9a\x94\xf9\x8a|\x1d\xce\x8el\x03:\xf0\xe6\x19\xce\xba\'+R\x11\x19\x160m\x9c8\tQ\xdd\x89\x11FN\x1c\xbf\x18\xc8\xb6\xff\xfdo]o2\xeb-G\xc7\xcd\x0ej\xc0\xf5\xcb\x13\xd4\'\xb5i\x8e{\xfb5\xa0Z@s\xf1\xaa\x8f\xf0\x84G\x19:\xc0\x84V\x1e\x03\xb2t\xedF\x98\xa8S7\xb8\xa0\xb1\xa3;e\xc3(K\xb1\x17~\xb2\xe5dp[\xe1\xba\xe9Nt\xe3\xca\x97\xb3|\x1e\x99O\x8bS[\xbf\xcem\x18\xa6e\x11\x9b!\xc3\xe0V\xa9\xa5fm\xaa\xe0\xd8\x8bl\xed\x02\x95&8\x10\x019\x06_\xd4A\xda\xdd\x8dtm\xa2\xd2J\x18iQ\x18\xcf\xd2$\x85\xad\x9f\xb5\xb0]U\n\x0b\x08\x9b3\xaa\xab\x8d\xa1\xce\t\xff\xb2M\xfe\xda\x99\x11\xd2\x13\xc3\xd86#?C\xcdxb\x1d\x17\xe41\xd48\xa0\x8d\xdf\x00\xd5\x8d\x84\xea\x0eb\xee\xf7K\xcc\xcd\xf3\xfe\n\x05\xf2\x12n=o"\xabr\x91\xfd`\xe0\xca\xa73l\xc1\x97$\x8dVx:Q^tfP\xea{2\xd4\x83\x15zd\xb2\xf9\xfdH\xec\xf5\x18\xea\x9a\xfb\x17\xf5\xd5\xcf{#@$\xa5\xfe\xbe\x12V\xf6\xd6\xdbi\xb6$\xb3\x1b\x7f\xd3+\xfbz\xc0h\x8a.\x96\x11\x84\xbc\xe9\xcc\xd3:\x18"\xd9\x90\xdf\x8ct\x84\xf2\xe9\xbb\x93\x00E\xa6[\xcaDHg\xa5\xae"\x00\x0b\x04\xc0\x91\x9cmJ\xc0NKe}\x9f2\xa5\x1e\xafa\x86\xf6T\x16\xef[\xc6\xb9\x9b\xaa\xcc\xe6\xd8p0\xbeh\x81\x12\x8d>\x850;y\xb8O|\x04/\xb2w\x08\x8a\xbc\xcd\x7f\x06\xb0\xceA\xdf \xb0\xe6\xfe\xf6\xc7\xef?\xabb\x9d\\\x1c\x14Ga\xb2V\x80\xf8\x06\xcd\x83g_\xed\xd8\x87y\x1e\xa2\x84\xfa\xe3\xf0\x1c\xb9\xf3\xb7\xa4\x10\xb8\x81\xcd\xcc\xf6\xad\xa5\xb2d=\x83\xa3\xea\xecF\x00|h9\xf7\x87\xe6R\xf0\x17\xa7`\x9f^^\x17\xf8 \x00\x97$&\xc2\x18\xe1\n\x19\xae\xa4\xba\x06\x11/\x15\x04\x11S\xcfX\xff\xba\x0ef\x87\xb7\xda\xf8\x89\xe7\xb0\xdaq\x7f\xac\x16\xaa\r\x17\x00\x10X\\Yc\xd15~\x15\xa7,\xe4a H;\x82\xa5\xad\xde\x03\xc4\x13\n\xc4}n\x1c\x12S\xf6\x0f\xff\xfa\xef\xd5\xc0\xcd\xd6g\xa8\xbf\xbei\xc10\xa6\xc4#\xe6=\x84g6\xd1\xe5\x0e\xdf\xc1\x06-\x07\x9aQ\x9b\xb9\xb7\xbd\xea\t\xb4B\xe5\x92bW4v\x0f\xdf@l\x08\xe2Q\xa8\x04\xbc\xc7\x1e\x04`H\xb4Nu\x1cN\x97]\xd5\t\xdc\x0cT\xea\xb9\xf2\xf9\xb8-O\x03\xcb\xba\x02j\xe6\xaa+b\xb0\xfdZ\x9ee#.1sb\xca\x9e\xd6\xeb\x19\x91\xcfG\xad\xb5\xa6D\xe4q\xdf\x17\xdc\x93\x8a5\xdf;ee\x8e\xf4\xf3\x0b\x04\x9cH(S\xab\x97\xea\xf8\x14\xc6\x96\xb3\xe7\xa7\xe4\xb0V\xa0Zp\xc1{i\xc1\xd6)\x1d\x8d\xa2<kkr9r\xcb\x1e\xc2m\x9e]U.\xcf\xbb\xed\xe7\xf8zz\xd5\xf2J\x89\x0b\x95\x14\xf9\xd9!f%,\x95a\')\xdf\xe3E\xa0\xe6\x91\xb4y<;\rg\xd6 /\x90z\xc2\x8132]\x9f\xd6\xed3\xdb/\xfd\xc09Y\'\x8f\x99\x9dYH\x88\xe7\x15I\xb2\xccf\xfb\xdd-\x82\xba\xe0g\xd1\x04\xe6b\xd7a\x18\xc9\x05<\xb2S\x1f\xfdq\\\x90\x03\xf0\xc4\xb82\xea|\xcf!\xc2\xf8\x16bq\x11\xfaa\xe8\xad\xe1\xfd=\x85=\xf1\x88\x00\xd5\x85\xb4\x10\x984\xdaT\x8du\xe94\xb9\x9c\x1b \x9b\xb6\x991\xabr*mW~\xa7#5z\x98\xef\x83\xa3\xd5\rk\xb3a\x1dV\xf4.\x83\xd1/Y\xba\xecF@K~\x9e\x88\xadM\x1a\xce'
tbI624
I0
F0
tb.