cnumpy.random
__RandomState_ctor
p1
(tRp2
(S'MT19937'
p3
cnumpy.core.multiarray
_reconstruct
p4
(cnumpy
ndarray
p5
(I0
tS'b'
tRp6
(I1
(I624
tcnumpy
dtype
p7
(S'u4'
I0
I1
tRp8
(I3
S'<'
NNNI-1
I-1
I0
tbI00
S'\x91k\xeb\xb0\xca\xc4P\x80\x1a\xa3;\xa6\x1d\xd3\xef\xba\xc3\xaf\xf5VA0\x08l\x8a\x94\xa7N\xf8?\xa1f\xfd\x1e\xed\x967\xa8\x911Q<6\xa4\xa1P\x9a\x88\x14G\xdd&\xb5d\xaf\x0f$\xa12\xa1\x84[[\xa5Pk5f\x15\xca\x7f\xf94\x7f\xf8\xba\xf6\x81\xd0\x87*\xe0\x83\xa8\x17\xf6%\x91\x92|\xa4d{ \x86\xb2 *\x0f\x91\xaa\xbd\x82(\x14\xc5\xf8\xef\x82\xd2[o\t7\xb9\xe9,$\xae\xc5\xb1\x04Y\x1e\xfc>\xfc\xf2\x13\x15\xad\xec@\xfd_\xd5-\xf3"\xac\xa3\xf9\xe84\xed\xc0O2\xd0\xeb\xd0H\xe9\xe8\x1a\xa5\x84,\xe9b\xf9(\xe6\x95b\xa9[qx\xe6\x06G\xc6\xbb/\xc2X\xce\x10{g\x19\xc6\xf6\xcd\x92>-\xde\x90\xb6\'\xc7\t\xc1\xa0Z\xb8\x10\x02\xf2\xaf:`\xe5\xea\xe3&c\x82\xb5\xf1\xb1\xc4gE"\xf2=\xbc"\xeeL\xc7\xf7|w\nJ\xaf\xcei3\xd7\xc6\xbe;\x01\x9bq\x7f\xf3+\xaaS8O?\x10\x81\x89\xc4+T\xeeY\x05\xa3\xe4`:\xbaF\xcc\x8ei\x0f\xb9\x02\x0c\xc2\xf1\x83R#[\x98\x1a"U\xfa\x98\x04\xce\xe8\xb9S\x0f\x02\xdau\xcbgn\x03\xb7K\x14nl<\xfc\x16\x02\xcc7\xf3\xd3am\xd0H\xfc\xc8\xc7Jn\x1b\xbd\x0f\xb4R\x1c\xc5\x11T\xd3\xc6\xb7fVz\xe6E)\xb9\x94\xb0\x05\xbf\xa4\xa3"\n_\x1a\xe1dj\x9cJO\x97\x98\xcd\xa8p\xfe@G\xbc\x18\xee\xbb\x10\x98{\x94\x11M\xa2\xd1\xc8f+|1\xa5\x7f\xed\x81\x8e\xcc#\x8eiu\xb3\xfb\xf7\x84\x0f&_\x8b\xc8\xf7\xfd\xa9)@\xdc\x9f\x94[\x88\xc3m\x03\x95~n\xa8Rt\x8b\xdbJ\xe5\x15\xd4\xff\xb9\xff\xcb48r\xb8u\x90\x96\xdf\xdf\xf1=\x1f\x14\xce\xbbB\xfe\x14u\x9c\xc7\xd8BTTV\x8e\')\x1e\x06\x13\xf2\x18\xed\xf1]\x88\xff\xfb\rIJ\xcc\x9c0\x06\xc6\x05\xcfw\xcfBij\x80\xdd!\x81\xa88\xfc\x06\x8b\xd1\xc2\x9cf\x13\xe0\xf8\x08\xae\x8e\x9e\x02;\x95\x8e\xe3\x10\xa9\xf8v\x97\xb8\x83\xe1\x9c9C\xca\x125\x8e\xe6\x00\xbd)(h\x1bG\xff\xe7\x11[^\xba\xee\xd0\xd8\x1b\xe6\xb77;&\xc9n\x9c$\xa8\x9e.\xafJ\x8f#\x93x\xb4.-|0\x89\x92}\xb9j[.\x8b(\x06\xde\x04\xf7\x06 \xaf\xc9m\x0b\x9c9\xc2+^[!i\xa2\xe8i)R\xb3\x8a\xf9\x9aZo\xd0\xed\x00\x05\xe9"\x88\x02n\xbbu\xb2\xae\xc0qnuLC\x04\x81\xf7;a\x83\xfa3Rs:\xaeq\xce\x9a\xe6\xf4\x81m\x1f(\x19D\x00<\xc3\x1a\xae\xd5/5\x07[n,z\xa3\xa1d0\xf8\x17n\x97\xa4\xcf]\xff\xe3\x0e\xf9?vK&\xe6i\xbd;\x9fq\x1d\xea\xb89\xbbt\xb8\xb1\xee\xae\xf6\x86\xe8\x9b\xc0\x1aH\xe3d{\xfd\xdc\x05\xb2\xe6\x13hh\x06\x98\xc8\xf7q\x83\xc3\xba8[\'N\xf5\xa5]\x14\xb4\xbf\x8a`\xcf\x1ac}6\x1e\xd5\xb1\xc7d\xec\xd20\xb6F\xbd\xec\xb7\x11K)g\xaf`\xfe\\\xb1\xd2\x1a\x8c!\xb7\\l"\x9eK2\xe4yP\x86Th5\x02;\xf65\xff\x89X\xf31\xc1\x19U3\x8d\xcf[\xe0.\x1c\r\xaaZ\x991\nk\xe4\xc3\xc5\xf7\x91\xb0`\x19\xfc\xc5\xb1\xb3K\x1d\xf0\xc0\xda\xdc\xa1\x18R\xbd\x81\x88m\xbd02|D\x83\xa1\x89\x81\x9ez\x1c\x83\x96LS\x0c\x03\x17\xfc\xc0+/1\xb8UD\xb3\x0f\xf1\xa1X/r\x82\x11,\xb4\xf2\xca\xad\xb6;x\xe7\xa5\x1el\xbf\xb0\x82)\xdf/\x1b7\x90\xf8\xc7\x99\xe2U\x11JS\xe6\x84\xeak#\xa3RA\t\x89\xa9\xd4\xdc\x16DB\x84\xf1\x06}\xbdd\xd1\xa3\xce\xf4\xb7\x9f\xf4\x81\x05\xd4\xb3\xca\xc22\x89\x1f\xa7\xb1\x8b\xd0\x9d\xd4\xe1\x05\x05rr\x92\x0e\x0f\xf5\xd6\x0b\xd4^`\xc7\xb9\xb8\xf7\nPH\x1f\xbe\xd4\x11\xf4\xb0#\x18\xf7\xa2\xe8\xf4U\x14\xa1\x04i\xde2\x93\xd5\x8ex\x81\xe3\r\x98\xf4-\x1fx\x8b\xe4\xd1\xa6\xa0"\xfa\xb7\xcf\x8c\x9e=\xcd\x1a\xd3\xee\xcab\xf7z\xfcd\x0c?I\xcb\x96\xf7\xf6Qh\x85n\xfbv\xf5\x03\x84\xacS\x92\xbfx2iX\xa8[A\xd1\x8cG\xf3\x84\xd8\xe6\x164tq\xf9\xd4\xee\xc0\xe69\x86\xc1yu\x8f\xa0;/6~Y\xb7\xcc\x9f\xde\xbc\xb1\x17\x8a \x0c\xb4g!\x8d\xf8\xc6\xb5\x1f\xa7s\xc9\x15\tV\xab\'aU\xf5*\xe1\xcd\xc8\x12;\xea`L\x9d\xe1\x0c:\xd9b\xc4\xd8\xfb0\x1cM~_3i?\x113\x1a\x1c\xe023h\x0f1\xc1\xd2qh<\xe9\x8a\x12\xa7q\xbd\x9a\x905\x11Hs<\xe7\xf5f\xf5\x9bJ|\xd5`\x17\xff\xc6\x15\xe4.\x87Q\x7f\x05\xa7cN@{\xab\xea\xe4\x0c\xf1\xbf\xc2^B\x0c\x00\x91Y\xaev\xfd\x85\xd4\x86g>Kz\x8ewg?\xcc\xc3q\xb4\xf4\x98\x1fb\x99\x156\x027o\xab\xefV\xa5\x1f\xe6\xf9&\\N\xf7\x1d\x086\x8an&\xe7L\xb9\x97\x08\x1b\xbb\xfeK\xf6ga_\xbc\x8dHT\xbd9\xbecMx=\xa7W\x7f~?H\x9d\xdb\x03\xb4%-\xee\x92UN\x9eG\xbc\x89\x15\x10Y\x88\xafS\xff\x1e\xe5\x10n\x16\xeb.F\x96Y9\x83L\x16I\xdd\x18Q\xfc\x05?\xc8i\xeb\x9a\x96P\xdbl_`\xc5\xf1\xf8n0\xcaM\xa88\x98[)b.\x89\xb7J\xf6\xb2\x07\xa9\xf3\xaf"\x80\x11U7\xa0X@\xae\x03\x9f\xab\x8f\xcca\xce\xae,\x98\xc0\xb3\xe1\xea\xe4\x9ctt\x9f\x9f\xb9{\xbf+\xed\xa6\xc1rE\xb1\x8dT\xad\x0c$\x08T\x17\xc5\x98\xe6/o\x7f\x15\xb00\xe9\x873\xbc\xbf\xa1\x88\xc3\xba\x91\x98\xd9\x18JQ\xa99Ui\x1fD>4\xdc\xd5\x1b\x8dt^h\t\xf6T\x06O3p\xb0b\x1b\x18\x06d\x80\x83!<\xbe\xeb\x0b]\x11\x9e\xf4Z\xc2$\x9c\x8b\xee\xabj\xe5\xebX\xa0\x00\xc8\xd5\xf0\xd3\xcc\xf2\x87\x91\xc00\xb1\x13\x1f\xb5\x05\xf7\x01\x0eF\xed\x835\xeb\x9b\x9e\x91\xcd\x90\xb7\x9a\xf9\xb1\x9b\xfc<\xc9%\x9c\xd11\xf5\x00O\x8e\x0bLO\xa5\xd5r\x12\xde^l(\xac\xff\n\x99\xc9\x7fU\xd6\xd6[\xef\x97]\x93\xa1\xe8\x19=\x91b\xdc!+\xc3\xe3\xc4\xd0\xd4\xfbph\x83\xccY\x12\x8cU\xed\xbfv\x07\x87T\x0b\\\xdc~\xe4;a\x15(\xad\xa44\x07\x05\xea\x10eO\x1f\xff\xcc\x1a\r\x03&v\xb3oZ7\xe6\xe7\x12\x10WONz-\xc3E8\x1a\xd2\xafK\x13\x1b`\xa0\x1f\x7f\xeamTE\xf5\xad\x90\x96q\x85J\xf1K\xec\xcdt\xc2Qxv\xd61\xc5\x88\x04v\xda\x19:/\xde\x1c\xb5\xfa9\x00kd\xeaE&7\xadA\n\xf2\xaf\x9c\xd1\xb7^\xa8dXW\n[\xb90\xec\x99\xcbd\xc6\xfa\xa6\'\x98\xf6\x94\x83\x11\x1d\xbc\xa3\x13\xcd/\x97\xa7]`{\xe1\x9d\x10\xad\xcdr\xfe\xd4\x93\x81\x11W\x98lz\x9d/\xeb\xeb>\xcex\x12\xeb\x99\xfb,\xbbv}d\'\xec\xd7\xca\x8d1\xd3SJ\x9f\x01\x11\x85\xe6\x1e\xfe\xa5\t\x89)\xa7\x90&\xa8\x9b\xe9\x9eO\x85\xb9\xda\x15\xb2\x8b\x11\x01Yv\xb1)\xe9\x80%\x87\xefV\x930 \x1bG\xdb;\x00\xb7\x8b\x027\xa6\xb2\x02\x1a\xfd\xd8/\x88R\xc5?w\xe3`\x83Ha\x19\xe9[\xb0i\xf0\xf0G\x93\xcd5\xd0\xa1V\xb9\x85\xb8\x95\xe9&b\x03\x8a\xf9\x10\xb57\xb8\xab\xad6\x85\x85\xe2G\x89\x84\x9bov\xc3>~\xda\xdd\xd5=\xd7\xb3R\x9d\'P\xc4f\xad\x04\xd9\xb4\xbb\xf0\xed9\xb4\xd9\xfd\xcf\xbck\xe7\x80\xd4\xaa\x88\xf6\x00`\xc9#}\xb1\xfcJ\xebvu\xd7|\xdf\xef\xa4\x96:j[!r+~\x01\xd0\xb7{H\xa9\'W\xb4X\x85\xdc\xc5\xc3\x03\xeb\xa1\xd6\x94\xd5\xa7)\xdfD\xf1\xc3\x9d\xbbA:\xab\x0e\x14\x85q\x9a\xc7\x1b\xfa\xab\xe2[-u\xfeJ\'\xff\xa2e\x0cB\x9c=F\xda\x02^\xac\x82\xcf!Z]d\xaf6\xe3\x1dB\xd3\x81\x1d(\xb8I\xea\xe5Mu>v\xb7\xab\x18\xe8(K\xf7\x1f\xb9\x03\xefE\x98\xbb\xf4\x8a~\xef\x06\xa1\x97\x9d\x9c\x1e\x07\xd5|KY\xa1\x93%s_\xa0\xec\x81w.\xc8\xd9PK\x05\t\x8c\xb6\x9f\xaf\xf6\xe9o\xe4\xe8L\xb6so\xfa\x05\xee5Q\xfe\xe8c%\xcdk8kYM\x9es8\x83+\xf3)\xb0\xc6\x92\x97\xb7;\x0f\xedX:\xa7J\x16\xa0Pb\xd6\x96U\xed\xc8]\xdc\xfd\'\xf4B8\xb7\xc3\xe6\x9e\x84\xdf\x0e\x89\x937-\xc9\xf1\x8bf\x9e--\xc4\xb7\x99\xb8\x00;\xa6\x8c\x04\x03\x81\xc1\xfd\xab\x88\xfa\xb1\xea\xd3|\xe3\n9\x03\xc2\xca\xee%\x99\xbc\xb2v\xc6\x99%K#^\xef\x9f&\xb0}JU\x93\xbe\xd5s\x8a\xb3d\xa8x\x08\xdc4\x11\xe5\x03U\xce\x90\t\xd4\x06\\\x9f=S\xc2\x86~\xf7L\x047\x18\xcfa\x1b|h\x18gh\x95\x8d\xd5\x93\xcb\xbc\xa4\xf4\xb8\xe3\xd2\xbf\x90\x8ai\x14Jd5\xa1\xc7\x9e\x07-K$-4W\xb5\xdfD\x9b\xfb\x039x\xc4\xea`\x18\xbb\xfd\x1d@\xf7\xaevhv\x96\x96\tj.wxE\xe6?&S\xeb\xf2\xde\\\x98.\xba\xdf\x05\xa4c\xbf\xa5Im\x1a\x13\n\xc1\xbafR\x12\x96l\x85\xe7\x02x\xe2`\xda\xceKH\x11\xbdz\xc5_$\xb2\x85\x12\x81yP\xb3W\x90\xa1(\x04\xf3_\xf9]\x14I\x80\x07\xc9\xee2\x91\xca\xfb\x9b\x99W\xe4\xef\xc3&n\x1a\xfa\xd4C\xc6\x13ZyV\xc5~\x8b\x89mC\xd2{PT\x02D\xdb\xc2\xabDO\xa9fZ\x1e)\xae>p\x19\x16\x89\\\x8c\xf1\xad\x06\x1b\x7f\x91\xa0\x875!\xb9\x98\xac\xe2\xfb3\xf99\xef\xd5\xcf\xb6\xfd\xc8\x98\x1d\xfa\x96U\xf5aq\x17-\xe7QUvj\xe86\xa6\x90\xf7\x85\tY\xe2\x14\x9f\x8f\x83\xff\xf2~?\xe3\xf1T\x88\xcdy\x95C9\xe1\x96\x92\xdf\xf7i\x1e\xe5Jd\x1d\x13x6HO\x9c.\xd8\xb3\x08\x89fM-\xca\x1cvc\xe0\x13\r\t\x97|\x8e\x1e!\xe4\x14\xbb\x9b\xaf\xc9\x82\x85\x00\xa3\xf5\xea]\x05\xba\x97\xa7d\x02\xe8D\xa2\xbd\xf1">\xe3\xce\x10\x16@'
tbI624
I0
F0
tb.