cnumpy.random
__RandomState_ctor
p1
(tRp2
(S'MT19937'
p3
cnumpy.core.multiarray
_reconstruct
p4
(cnumpy
ndarray
p5
(I0
tS'b'
tRp6
(I1
(I624
tcnumpy
dtype
p7
(S'u4'
I0
I1
tRp8
(I3
S'<'
NNNI-1
I-1
I0
tbI00
S'}\x04+\x9e\x08p_!\xdb\xf6W\xf7/\xe2\\\x86\xb2.\xec#\xa1>3$s}\x08|{\x84=y\xf7=\xb6\xdf\x95]X\xc9\xf1\xfa\xcc\xc6\x9buB:\xe0\x9f\x19_<\xe1f\xa5-M :\x12ei\xba\xe6~\xe7\xba@$\xd6Tx \x99\xba\x9d\x8c\x83\xf8\x02\x06\xa7\x9f\xcb\xd1\x1e\x81\xf3-\xdap`d\xc8\xd2\xcc7\xd1\xe9\x90[\x15\xb2\xb3\x06\x84\xa3k\xdc\x88\x89\xf9\nACsO\xd1\x9b\xce\xdd\x08_\xb4\x18s\xdd\xc1\x95\xce/\xfb,\xc2\xf7\xf6$5e\xfd\x1e~$O\x93)P\xb2\xc0\xcd8\x84\x9a\xd7\xd7\xc2\xee\x9f\xf93+(m\xf0#;\xd0\xf6.\xfb\xde$3ks\xeeo\xf4 \xb7\x94\x03\xb5\xeb\xd2\x1e\xfa\x8bz\xfchZ\xc6HW\x00\xa4\x94<=\x93\xa5\x8aKua\xf5df\x99\xa0\x04\x18\x9b\x19W\xcbW\xfe\xadf,\x86\x82\xa3\xa8\xf8j\x7f>a\xd0\xe4\x7f\xfc\x16\x93\xb5\xefu=\xf7%\x14\x0e\xc7\xef%\xbc%(\x01\x18G\xdd\x0b\xd7\xb1\x86*\xe1t\xab\xef\x0e\x0b\xd1_\xf2\xecLv`\xcc%\xb7,FF-\xe43\x99\x9a\x91z\xbe\r\x109\xe8\xb3W\xe3\x9cK\rv\xdf7\xf5\xfd\x92\x8c2\xaaJ\xb2\xac\xe1k\x08\xda\xd9c\xa0\xa4\xb5\x1eB\x11_;\xd3\x8b$WF\x90\xa6\xdc\xca\xfd\x12\xa5\x1c\x888\x83Q\xaa\xe4\xfet\x83\xd8{UM\xec\xd6\xa1\x92\x0e\xec\x0f\xbd\xc6\\\xb9;\x00\x99\xb7^\x93\xdf\x90\xe1~\x1f!{\xd6Pr\xcb\x1a\x95rS\xce\x03\xa7\tD\xfd4\x81\x98\x837i\xfa\x9c\xa6\xb2\x94\x0e\xf5E\xa2\xb5L\xb2\x92\xd5\xcc\x05\x1c\xc2$\xbaBs\x8b\xb3\x92\r\x87\r\xdf\xcemT\x9f\x82C\x0euK}:\xef\xfan\x8a\xf8\xe8\x86\x15 \xff\xd1A\xfa\xf2C\xaf\xb9ni\xc5O\xbeI\xfc\x92\xe8f\t\xcc\xe1s\x98\xd8\xe3Ww~\x8a\xe1\xdd)E\x06\x1fd\xe6\xbaM\x07\xf2)r\xad\xbb&[Rg\x88f2^[z"\xe4\x10Q\x8dO\xcb.\xe5\x05\x9e9o$\x91\xda|g\x1b\xcag\x81\xb3\xe1aa\x85\xb5\xe8\xf9d\t\xc9\xb2\xa3+\xd76\xf9\x83\x00\xe8\xddp\xf0\xc0w[\x03\x06\xad\x18\xe8v\xdd\x82(\xd8\x89\x9aK<\xac\x80\xf55\xfds<\xb9\x1b\xb4\xdc5\xf0\xcc\xfaa\xcd\x11\x0f)\xbf\xa5c\xb8\x18\xfe\xb1\xfe\x82<=V\x07\x9fT\xbf\xda\xc5\xc2\x19\xa2\x85\xa6\x92\xfa\xd0\xa4\x1b\xf2\x05+\xc6\xa2W\'\xed\xd1\x97\x0e\xab>|\x0b\x99\xc7J\xfb\x9eGH\'[\xcbDs\xd2\x89\xd4\xd7\x81\x8f\xfaK\xeeC\x89\xa9\x9f\xff7\x12\xa6#\xa6f\x86\xd7:\x85A\x06\xce&/\xa3c+\x00\xfb&\xc4:\x06?\xc7\x1a4\x1c\x03\xa7GN\x82\xa6\xebk0\x1a1\xa5%)hn{\n\xe6l.\xc6\xd3EG\xc9\x89|W\xbf\x036"\x01\xcb\xbb\x81=\xaav\x94\xae\x15\xa0\xcbh:N\xed\xeb\xc3\xc7\xe96\x98\xdf\x8f\xa0\xb9\x15\xd7\xc2\x06,\xd4w\xa4\xebV\x88\x93\xa7\xb8\xc7L{/2x;\xcb-xc\xc3\nT\x00\xf5\x84$6\xabZ\x9e;#]\x06\xa0\xe5\x99i\x9d\xb7r\x1e\xe9\x86\x0b\x0fr\x04@\xe74\xedj[\x15\xc6\xf8=\xa5%g:t\xce\xb90H\x0e\t\x15|VGn\x9fz\x8e\x8a\xc8>\x14\xf5\xa7GF\x123rh\xff\x18\xac\xf85Y\x15\xe7p+\x1e\x01f\x1e>)\xc70b\xfb]\x1d\xd82\xdf\xc5)\x05l\x92\xde\x0f\xd4\xd2\x14\xb4l\xf9!%n\x85\xe3\xb5\xd6\xfe\x16!Lm\xc7\xf5\xcfh\x96\xd3\xc6\x90\xbao\xe6sT\xd5\x9d\xd0\x03\x02\xfd\xbd\x08\xcfT\xf7\xa1}\x1f\xb6g\x8f29\x1anY\xa5\xa8_\xd6\x85P_g\xd7v\xe0\xdaY\xdf\x0e\xec\xc3\xc9A\xa6|\xb9\xbc0\xb7\x98\xc3\xc2\xefn\xcf\n\x07\xb9\x17Q\x01~\x7f\x1duPZ\xde!\xde\x9fGb\xb05P\xfa\xcb>\xc5\x12b\x91\xdb\x81\x8a\xbe\x1d\xba\xe0P\x8a\xe13\xa5<^9E\xf5\xde\xd8]\\\xee\xb3(\xbd/\xc9\xe5\x17\xcc7\xe1q\x14R\xcf\xe2\x95\xcbS\x95q/X\xc1\xec\x10\xfd\x9d\xe9RE\x1eg;\xc5\xfdkf\xca\xcbC\xdf\xa5;9\xc4\xd0\x94\xf84\x18Thn\x82m\xae\xbf\xbd\x7fO_\xe3\x9bC\xa1\xc0\\\x0eu\r3\x1a\xfeKR\x15W\xb6)\x1a\xbe}9&\xd7\xe8\xb3r\x0e\xb2sO\xe2Y9\xda:@"\x82\x83\x97\xce\x99\xa2"\xaa\x10\xe9\xe0@@k\xd3\x10v\xb2\x82\xe4=2\xf5\x82\xfb\xc5mcj\xd8\x87\xe8\xcd$\xdd\xad\xfa\x84\x87\xec\xb7K\x93\xfc\xa8\xa3|\x86|a\xd2c\x05N/HI\x16\xe2\x9b\xc8\x1f\x08\x81*tE\xd7\x12\x83<\xf3\xb2mq\n\x9f\x13\xd9\xfb:\x8d\x86L\xc8\xf2C\\\x185\xa1\x13\xe9\xbc\x9a\xd35>?B\xdb\xbd\xc0\x17F0\x9d\x8b\xfd\xec\x00x\x10%5\xca.D\x04\xaa\xe9|\x0f\xacr\xa0\x8e\xd4b\x85\x08\x95\x88\xd0S\x93b\xf9#\xd3x2\xbbR\x14\xc6\xb8\x82\xe6\xc5\xc1\xc3\xfb\xddS\xd6,\xe6\xad\xec\xbe\xb8\x9c\x1e\xe6\xa5\xd5C\xfb\x82\xc7\x85\x0cU\xb3\x82\xe9\xcdu\xc5*\xc6=\xc3\x871P\xb2\xb1#8\x08\xcaW\x13r\xe9\xa2\x00/]\xc4(^\x95\x94V\xa8\xa8\xbe\xc0\xdc\xc7`\x92\xca\xd7A\xec\xa1\xbf\xe0\xeezc\x0f\x8e \xf3\xfa\xa8L\xd2\xa0\x9f\x84d|\xb3\xfaimO\x12\\\x8f\x0f\xf4}!\xcf\xeb\x1di~\xd1\xd8\xb7\xacY\x16\x80\x83\xbaM\xf0\xdf\xbb{p\xee=\xe7!\xe9\x89\xf3&\x8c\x06\x15\x0cD\xaa\xf96\x9c\xde+d\x17W\xdftB\xd73)}g\xf7\xd3\x8eL\x18\'[\xeb\xd4$\x9e\xf8\x08Fh\t?\x15\xc3\xfb\x94\t\xcb\xbd!\x11\r=\x9f\xc4\xda{+\x93a\xac\\%\xb3({\x8bQ\xa9\xc5\rA\x82\xaa\x8a\'?\x94|\'*\x90\xa0Mq\x97`_@dg\x10r\x19y\x02\xceRJ\xcf#\x04\x8b\xf3I\x83\xc7&*$\x8d\xefN\xac\xfd\xe2\xd8\xdf\xbde9\x05!\xbc\xcb\xf6\xc3\xdak\xb3\xb1\x98c\x0f]\xc2OQ19f\xb6i\xaa\xc7\xfa\xb7C\xcf\x1bQdvh\x88\xb5\xd2{\xb9\xfc\xa7X=k \xd6\xcd@\x8dA\xcd"{\x90\xa9py)kAN\xfa\xb7\xeeh\xee9D\xb2,\xf0\xc3.`\x9e?\xe4dj\x1f:c\x9f8 <T1)\x1cR\xc1\x8f\xc1\xd9W\xe3\xa5\xcc\x80$"\xd1\x7f\xbe\xef\xc6\xe3\x80:\xb1\xac\x04\x83\xbe}\x1d\xf6\xa6\x19\xb0\xe5h\xc8*-C\x96\x9b0B\x82\xe2\xc8+\xf1;\xeb\xe8ay\x1c\x8c9r\x03y\x9c@\x0frB\x0f\xcd\xc2;O\xce\xce\xd6t\xed\x14\xe3\x80\xfe\xa3\xbeM\xf8\xb3\x98m\xd4\x11\xfe\xc8\x81s\xcd\xbd\xb2H\x1b\xc1RD\x8b\xe2\xe4\xa9\x8d\x9b\xba.\x0c\xad\t[\xcb\n\x9b\x9d\x95\xf3\x96p\x83]\x86S5\xabS\x9e\x84\x92U%\x0c\xf9\xb9\xe9\xb7\xd6\x94\xddU\xaa\xae\xa3dW\xed\'\xf9\xe5\xdb\xe8(\xde\x00jv|5[g\x03\x97\xa3[\x13)\x05j\xc7t=\x80b\x14\x89\x819\xc7\xac\\\x8e\x1c?\xdaf\xc3\xdd\xb6\x11\x8a\xd7\x0b(|,\xbe\xa5\xeb\xc7\xacE6\x93 \xa6\\\x8f\x87g\xe5&\xd5\x0c\x9f\xb35\x80AD-R\t\x1c\x10\x11\x13\xc9\x11\xf6\x8d\xb4\x12\x84z\xd9z^\x14u\xa5\x97O\x16/6\x97BR\x13\xda<\xbd\xbd\x13P\xd0\xa94uQ\x05A\x00N\xb2\xd1\xe4\x94^\x84\x88\xe0:\xbb\xdf<\x95\xc4\xea\x9dXv\x7f\xfe\x9b|2tIi\xc1`\xcaY\x0f\xe1rk1\xd6{f\x02\x8al\xcd \xfa\xf0\xaa\x05\xe3Z\x13\xc14V|\xb5\xd9\x93\xae\x1bs\xae-\x9b$(M5\xe1\xb5\xd5\x03\xae4\xf9\xd5o\x02\xe6\xd0\x18\x85%&\xbc\xb5\xaf=\xb8\x90\xf0\xd1\xa4\xb6\x1f\x82\xa0\x03,\xf0 \x8c\x96\xce\x975\x1dE\xb0\xc9\xa4\x8e"\xebc\x8c\xc0\xef\xb7g\xa5>\xa1Z\xd9\xd0}\xad\x8b\xdd\xfc\x05SW\xb12b\xf73\xbb\xa1\xe2\xa0&\xcd\xf6\rw\x99\x14\x1b\xb0\xa0Q\xd7\x00\x15\x91;G\x05\x19e\xabI\x9b*\x810\xd0\x7f#\xccm\xdc[\xd1\xabT:\xf7\x91\x8e\xaf\xa2\xb9\xe2\xe1\x94f\x1f\xf9i\xb6\xfc\x05\xd5l\xa5\xa5\xad\x89>yUt \xb1\x8e?\xf1\xa7\x83C\xb2d\r}\xe2\x85\xd4+\x88\x10VDqJ \xa2\x80\xbf\xd22\nj5\x84G\x17S\x86\x0fn\xc0\xc0\xa1\xfa\x1en\xee\xaf\x94\x9eY\xfa70\x16\x10\xd8u\x1d\xedu\x18\xa4\x01\xb4W\x98\xe3o\xc6\x10k\xbaR"\xab\xce\x82\xcd\xfe\x1e\xa3\xad3\xf7\x83\xe2\xb6\xe1\x92\xd5]w\x15\xd6\x1c\x99H\xa8\x84\x86\xb4@n\xe8\x82\xff\xfd\x95\xac\xff\xd4H9\x83\xd4\xbfj%\x10u\x87?\x9d\xb2\x83s\x92\r\x1e\xbb\xe1\xc4\x16\xfa\xc3\xf9\xde\x82;\x97xs\xa2\xadi\xb5c\x8fy\xc1\xbd\x90!\x85\xe6&\xf6R\x7fi\xf4\xd3\xdcH\xe5,W_a,P\xf3\xfb\xde\xcd\x8d4T\xf69\x92K\x89\x97AHQs\x1d\xc9\xd1}\x9e\xeb\rD\xef\xd7\x9a2\x98\xb5\xede\xd0,0\xd1p\xa0d\xb7j\x97\xf4\x84\xd5d>\xbb=\xc5\xcaR@\xac\xbd\xdfL\xad\xf8h\x92\x13\xfeU\xf2\x86\xce\x87\xeeqj\x892\x05\xae\x19/\xe7d4n\x85wr\xaf\x08\xab\xb4\xeb\x8d\x1aa\xa5\x1b\xa1\xd6\xeff\x1cg\xb5\xa6\xe6\x89\xf5vEd\xf3W\xbf\x03\x05\xecs\x8e@G\x02@Y^\x87\x83\xdc\xe2Xm]\xd9P\xd4\x97\xdf\x81\x1a}\x1d\x0b\xab\xc5\x19\x88P\x88\x82\x1eO\xe1\x83\xa2;\x16&\x82\x96ls\x15\xccQ-\xeb\x9b\xca\xf5B\xf5nG\xc8R\xc5\x1c\xbe9a:\xb5\xb5\xd6_o\xa0Vl\xc1\xfc\xc6_\xb8\x13"v\xe0\x80p\xfd\x18\x18\x82[!\xccR\x07\xcd\xa9\x92\xc3\xff^\xc0\xad\xe9\x87H~\xb5\n\xc2D\xcc\x80r\xa1)b\xa3I/\xc7\x93\xc4\xae\xdc\xba\x8d\xfemj`\x15-\xb3\xcb\xb7\x92\xc5G:<^{g\xbb\x88\x9f\xb0\xd7\x08O\xda\x00\x1aIkS\xf5\xc6=e\xe85\xb9_'
tbI624
I0
F0
tb.