cnumpy.random
__RandomState_ctor
p1
(tRp2
(S'MT19937'
p3
cnumpy.core.multiarray
_reconstruct
p4
(cnumpy
ndarray
p5
(I0
tS'b'
tRp6
(I1
(I624
tcnumpy
dtype
p7
(S'u4'
I0
I1
tRp8
(I3
S'<'
NNNI-1
I-1
I0
tbI00
S'\xd3\xaf\x1e\x8f\xe7\xd0\\\x97\x07\x07\\k\xc4\\\x0b<k\x99Je\xc3JI\xcd\x16\xe2S7\x7fY\xd8\xd0\xf4|\xa4\x10\xd5c}\xc9_R\xb6"\n5\xa1\xb2@\xa6\x15m\xa1\x97q\xc0\xa7\x97 T\x02\x86\x91\x8cD\x02:,\\F#\x04\xc7\x064\xc8\xd9\x02<\x86\x96\x91\xc7fos?Pd\xe9\x92\xf6Z\xc5l\x9fj\xf0\xca%\xe9y;$\x8b\xb5\xce\x91\x1e\rIn\x90\xca\x9e\'\x04\xe0|91\xef\xc6\x15\xdf\x10\xb4u\xb4\xf0\x0b\x8d\xf9k\xc2?\x9f\x05\x98\xd3\xe3X\x071WW\xdd8x\x13!\xb7\x92\x8amL\x9b\xb6\xf1,\xb0\xb5S\x86K\xdc\xfbe\x02\xd3\x02\xed\x8b\x98\xfa\xa7{\x05ih\xb3\xb2\xcdn*\x1e3s\xdb\xc3y\xcf\x15hbd\xcc[x\xa4d\x81x8\xa8\xfc\xd4W\xf2\xbb\xdd2\x18\x84v\x90o\xb4\xaa\x1cM\x9eE\xb4tB\nHmK\x1dO\x13\r\x1aW+\xcd\xa0\xdc\xbc\r\xcb\xc7\xd3\xd7\x0f\x86\xbe\x8cq\x92\xa9\x19\x19.\xc0\x11G\xef\x92J]\x03\x11\xe8%;\x03\x8d\x152\xb1\xcd\x07\x1eXcr\\\xa45\xc9\x11\x85\xba\x878\xa3ot\xfd`}\x0cj\xb9\xf6\xbd\rm\x89\x9f\xea\xbd0v\x1e"\xad\xd5\xb0\x01\x8b\x11\xa4h\xdd\x84\r\xc2G\x9f\xed\xaaU\\\x07\xfc8-q\xa9\x80O\xb9_jV\x91\xe2<\x8b\xdbP\xfc\xdf\xb2mZ\xc8\xe6\xd7\xb7\x9f>\xe1\xee\xccz\x1a8\xe1g\xc7\xaf\xf4\xc4\x12\x0ehnh\xdf\xe1fB\x1e\xc9\x0b\xa9\x17)\xc7:\xde}\xa14\xae\xbf\x8fQj^\n\xc4\xdb~\t#3\x82!#24\xb86\xf2\x1er\x88\x07\xb5\x88L\xad\xac]\x06`\xd2\xac1\x8fU\x8d}\x12\xd9\xfd\xd0?g*\xea\xd3\xce\x954\x7f\xa5u\xd4/D\xf2\x83d32/D\xfe+\x00\xe6\x8b\x8b\xf7B^\x0cl\xf0\x13W\x0fMP-[\xbd\x98\xbeU\x03\xaf\xf6\x9e0H\xc8\x14\x9e\xb4\xca^\x06\x148\xf3\xbe\xf7\xda\xbe\xc0z\xa0\xde\x1164\xa5^b\x8b\x16\x91\xb5L\xf5"1R\xccC*\x89\xe8h\x8a\x83<\xc6\x1a@\x18\x10(\xfb\xd6\x8b!n\x01\xd5\x8bN2\xe4\x16o^z\xd8\xd3\xbf\xd1\xb5\xa1}CY\xe2\xa4\xad\r\x13e\xf1\xc4\x91\x81r\xc5\xbdv\xdcs\xd9In5\x1a\x14\xfaX|Q9\xbc\xf3p\xde\xe9!l\x1c\xa4\xa6\x16\x963\x9f\x0c\x0f\xbaO}\xbb\xbdm\xe7\xc4\x1az,\x0fr8\xe6\x8e\xe1\xb3\xc84\xe1\xe6%h\x91,\xb1\x977\xe5#t9\xff\xae`\x84\xceCD\x8e\x10&\x93m\xe9\x9a\x04W[\\\x90\x92\x9e-\xe2N8\xfd\xac\xcd\x89\x18=\xe8r8\xea\x04\xf4\x93\x1c~@q\x9div\x80\x8cI`7\xcd~uRz\xe3\xc8\x15\xe2\x1f^0H\xb2\xf8\xfe\xff\x83]\xcf$\x88\xfb\xc1^_\xdc\x0eV~l\xbc\xb0\xc1\xa7\xfc\xf4\x96\xc0t\xb4\xa1+\xfe/\xfc%\xd7q\xc1\xe9\xde\x05\x10\x83\xd0\xcce\x0f\x13\x8e\x19\xba \xc0\xe0\xc9\xa8\x19x\xc1H\xd8\xd8\xe4\'\x89\x02\xc6\xc8\x97P\xf4\xf9\xf80Y\x96\xb1mZ\xc3g\x07\xfe\x94\xc3\t~kx\x88\x99\xa3\x99\xce\x18Nv\x137\xde\xe6\xa1[\x82H\xf3H\xa4l\x04\x9ep@v\xc5\xbb\xd6Q\x00;\xd3\x88u\xbf\xb9\xb0\xfa\xed>\xbezC\xdc\xc7Q\xe2AEz\x8e\xee\xa10*\xb06r\x8d\xaf\xa0\xe9]\x93=\xdd\xc6\xab<\xb3A\xb1>\xb4\xa0&\xd0\xe8\xe4\xde\x9ax\xa8\x18}\xbd|\x947\xd92\xd1) \xed9\xb3\xf7\xc4\x19WcA1*\xecD;)\x92\xdcF9\xf7\x97!\xa6\xe6\xf5a\x1a\xdb<J\xea\x1a\xc0\xa9a_V\xa0\x00\x9b\xc6ix\x8c\x06[L\x90o\xe9\xa6\xee\x92l\xb8\xb7\xa1\xf5\x1eMK\xe9\x13\xd6\x9bB\xc4\xa3\x1f-\xa8n\xd8\xf86\xda\xe1\xde/\x93\x16\xf1\xcb\xb2\x91\x08(\xd8H[/\x00M\xe7[\x834/G"\xdc\xd8\xc2\x12\x1f\xbb\xb6?\xcby\xbf\x0c_|cp\xc0\xf7\xe3 \xdc/.\xc9\xc3\xcdJ\xb0\xa5\xfe\xd7\x03\xa5\xb6\xc9\xa0\x1e\xf7\x89\xad\xc8\xcc\n\x13\x86L\xc1\x8a\xf9\x80\xf1-a\x85\x0c\xfa\x98\x8e\xa1\no\xac\xa8\x04@k\x0b\xaf \x07\n\x7f\xb5\x07\x81p\x18\xbaZ\t\xe3\x913\x82k\xbc\x17\x8cA*\xc4]\xfd2\xa9(e\x08&\xea\x15\xdb\xe8\x9e\xbcy\xb3\x91\xe5\xe7\xf1]_\xd1c\x8f\xf5[\xe4\xd8\xf6Mv\xc0\xff\xa7EO\xff}H(\x9cTFC\xc6V\xb2\xf9t_\xd1-\x8b*?E\x08IwN\x04C^\x9b\x93\x7f<c\xbb\x8c.\xc8\xad\x85\xce\xc6\xfb\xa2\xa9\xe1v\xc0\x080\xc5\xf1\x8f\xea\xd6/\x97E\x06\x0b.\xd1\x7f}WR\xe2\xa4R\n!\x06\x82W~k-P\x9bWP\x94\xd7g\xb6\x8b\x9a\x1a\x01\xf6\xe9_|s\x8fq\xc9\xd6\x12\x16<8&\xe5\x12\x9c\x84\xfd]tL\xb4\xb1\xd2\xd1\x99\x17\x83\x16\xc4s\x0b5\xd5V\x80\x1b\x93\xa2\xb4\x86\xdc\xe9\xe5\xefEN\xaa\xc1\xfc\x0c\x9f\xc74u]"\x9d\x06L\n\x97"\xa4:}%\xd0\xf3\xbd;]\n|\xef$\xa3\xc3\xa5l\xc2M_7b\x90#\xd9**~\xf8\x00\xb5\x94h?\x82ux\xbb\xe2\xa1\xdaL\xac\x01\xbf\x1c\x1b4x\x95?8\x90\xa2\xa6\x05`>\x0e3$\x03\x98\x94e]k\xa1u\x90\x82\x08\xfbis\x14v\xb4\x11[\x12\xf6\tm\xf6T"\xf2wC\x8f\xf7\x87]\x01\xbe\xd4Y\xfdi\x9b\xe5\x00\xe4{\xf6R${\x13-\xc4\xb0\xdc\xed\x96\xe1\xbb\xb0DLl\xde\x17|\xbe\xa8\xef\xcf>uA\xc4\x842\x03\xb7\x1a\xb2\xf4\x80z\x95\x92\\\xc2\xfa6(\xcc\'\xb9\xeb\x01w^_\xbe\x05hJ\xdd\xb5\xc5\xd7\xb1\xaf\x07N\xc5\xdc\xd2g\x17\xc3y\x99U_\xb4+\xde\x13\x073\x86\x84\xfcu \x12\xe2\x1c0\xb9u\x9dn\xf5W[Un-\x15\x13~r/\xa3\x8e{\x03&W\xda\xacgw8\xe4\x05\xc9\xd7\xf1\xd0\x11\xc9w_h\xcf"\x88\xff\x01\xc7@7\xeb\x83\xff:\x9d\x9b\x93\xa4\xf9\xda\xefn\xba\xee\xcd\xf5\xc3,*?\x8c<nR\x99\xfe\xc3BO\xdc6\x0f\x14=A\xec^+\xaf\xc7\xf0\x81\x982\x8a\xef;v\xc9\xe5\r\xdf\x98n\xf7\xd4F\xae\xb1\xe3\xc8\xb7K\xbd&\x82\x08hx\xfdQ+\x16s\x84\x0f%\xa3\xd9p|\x8e\x15g7\xafi\x17\xe0\xd4\x1b\xd1y\x8a\xafY\xff\xde=\x98\x05~\x0cX@<*\x075\x0b\xd9W\xfd\xe2\x9e\xde\x18vu\x1eWH\x16V\xc7p\xebf\x010\x13H\xdf\x95\xcb`\xff\x0f\xb9z\xef\xf4lg\x991\xf8\xf7b\x8fJ\xb7\xb7u1\xd4\xef.>\xf0\xf6\x98\x19\x8b\xa9\xd0r\xad1^,\xaf\xc0\x03\xb1~qg]\x95\x84\xc9\x03Cz\xe53\xb0~d\xed\nZ\x84\xde\xde\x97}q\xb6\xfby\x19?W\x8a\xccO\xa9D\x7f\x8dX\x90\x1e\x16\xa1\x0f:Q\xec\xb9\x1a\ni[\xaf\xf0f\xf7\x83?\xa8\x82\xf4\xfbd$h\x1dss\x0f\x1f\xfc\x084=\xe5$v\x06\xc4\t/\xe2\x95\xc6V\x94\x9e\xf4\x96\x8b\x02\x95\xd1\xe3V,:\xe4\xfc27,\x88J\x1f\x90\x08\xc3\x1d\x81\x06\xa40\xf2\x06p"\x84K\xf6q\xd1\xa3j\xbaHL}\x1e{\xd1\x1f\xa4\xc8\x8cw\xb5\xe9\x04\x8e\xd1\x9e\x80\x9a\x8d\xa3\xe7\x87\xcd\x97"\x0f\xc2Z@\x99\xb1Q\xb9F\x8aSm\x82OO\xf1\xae\xd5\x0f\x94L\x00yV\x82\xfbm\x969\xd7\xd0\r\xea\x8c\xc5R%\xbd\xbc\x8b\x06\xf8\x97\x04\xe2/\x89>\x81?>\xaa^\xd9\xa3FE5\xbc\xc4M\x17\x80\xa8B\xc1\xe4\xb8\x08\xd8\xd0%\xcb\xf5\x83?\xfcS\xb7\xec\xa8^"\x1b-\xf2`n\xf5\xbb\xd7\xe6\x8795q\xa9&}8VH@\x14\xb0\xac\x0e\xc1h@w\x00\xc0\x1c\x87Z\xe0:`\x86\x883z\xd2\xcc1\x16\xa7H\xae\xf2Q\xb6\x11\xa5U\x06\xe0\xd7\x9e=\xe9\x1c\x0fF\xd4\xb6u\xefb\xf3CBF\xc8Z:\x9a\xa2\x15\x06\xa6\xe5\x07A\xb8\xd8\xbb~!J\r\x84\x7f\xc7\xec\xb6\xbbuQ*\xbe\x8e\x1aa\x94f\xf4\x91\xbe\xd2\xce\xb2\xff\xbc\xb5\xb1\x8636M:\xd4\xa3\xb4Mr/\xd7.-{*yQ\xbf\x19\xab\xbdy\xa7\xc2\xee|$\xce\x11\x86?\xbf\xf6\x0e\x11s\xab\xdd\xf80\x82\xb9\xdc|\x7f&\xd6\x9b\x94\xcb\xb9n!r\xd1\xcez\x1b\xc6\xe3~\x0f\xd2F!\x13\x98H\xfb\x9d\xb6}\x84?\xaa\xa8Q\x8445\xe5jM\xeb\x9c\xa1\x05\x18\x1d)5(AE\x92\xdf\xae"\xe7hf\xc8\xf9\xf7Hj8\x94\xf0\xd9\x03LD?\x9dK}\xe1\x05\x07\xe4\xba,\xfd\x0f\t\x87\xb3\n\x19\xec\xfa\x81\x8c\xa7\x16\xf9\xfa\xe1:\xe2\xe6\x84R9\x8cW\xbd\x86\xa6\x9d\xa3M\xf2\x15\xff\xd8*\xa9\xf1\x0c\xd2V\xf7\xd5\x99\x10\xeb\xccw\x03\xb0\xa1\xe7F\x0f\xb1x\x97\xd6\x02I\xc9\xa7`J\xd1\x0e\x93v\xcb\x05\x88r\x15\x1d\xd54\xee\xb5\xcef}\x88\x8f\xb3D)\x8eG\xc7\xc6V%\x11\xaf\x1f\xc6w\x977"\xea\x8ep\xd0q\xf7DS\x86\xb4Ay\x12F\xfc\xfc\x8aj)\x98\x91\x19\x04\xba\xed0\xc8\xd4\xb5cTX>G\xa5\x8fwj\xc9\x95\xd1O\xcdz\x14\xa8\x08@\xdc\xf9z\x83\x84]\xff\xc7v\xf7\xd2\xd5\xabs\xf9\x11C\x80\xcaD\xccr\xddBS\x80\x1b\xdc}e\'\x13\x89\x15\xd4\x1d\xe0\xa4\xa9\xa8\x10\xaa\xc7\xb3\x05\xc6]\x10\xe3aO\xab\x0c\x18\xcb\x0f\xc5d\x05i\xf3Ll\xa8\xc7\xf0\x87k\x9e\x12>\x9f\xec5\x87\x95\xb8_\x15\xf0^\xd6\xe3DVw\'Q\xa5\x0f\xa2]?\x10\xf7\xa2\xdao\x16\x069\x95s\xbb\xc7\xc5\xa9\xdf\x03\x02;I\x84\\x\x99\xd2R\xd0\\\xea\xc4{\xa0G3^\nI\xf5u\x91\xc7\x9c\x18+\xb7\x11\xea\xf2s\x0c\xba~\xb1/62\xd3E\xdd\xfb9\xe6_OR\xf1\xef\xdd\x80=\xa1[\xdb60D\x00\x03\x15S\x88\xde\x87\x11\x9c\x81\xce\x90\xff\x15\x1d\x7f\x95!\xbd\xa5\x13\n\xacJL\xa2\x8c\xaa\x87\xc9\xda\xb8\xe6\'+\xff\x8c_\x90\xccy'
tbI624
I0
F0
tb.