cnumpy.random
__RandomState_ctor
p1
(tRp2
(S'MT19937'
p3
cnumpy.core.multiarray
_reconstruct
p4
(cnumpy
ndarray
p5
(I0
tS'b'
tRp6
(I1
(I624
tcnumpy
dtype
p7
(S'u4'
I0
I1
tRp8
(I3
S'<'
NNNI-1
I-1
I0
tbI00
S'\x07\xd4A\xacK\xd0-V\xf0\xeb\x87c\x1a\xca\xbb\xcd\xd7%wl7G.WYz"\xaaz\xeb\x91\xbb\xd8sJ\xbb9\x94\xc2.T\xefDD\x1d]^\xab\xbf\xeac\xec\x91s\xc5\x05l\x13\x1a|\xdc\xba\xa4\xad\x97T\xe0\xf7f\x93R\x9e\xd1\x15h\xd6\xc7\xa4\xad\x9d\xd1j9\x08w\x99\x9b/\x91:\xf5\r\xb6:\xb2\x9a\xac\xdc\x82\xdf\x92\x19\xc7[\xd3;Z\xd2\xf1Wd>f\x81cS\x11M>\xb9\xba\x8ei\xda\xf1c\xebTH\xdbc\x86Y\x99\xae}\xb6\x17\\\xd1D\xd6\xe2\xe8\xe3\xde1%\x01\xfa\xc9\xa3\xd6\xae.!\x98\xd2/\xc3\x98\xf8\'\xd1\x97\x0f\xd3\xf2\xc77Z\x9e\xe8&\x84\x1e\xdd^\xf0VgRUud\xbc\xa6\x9b3\xe70r\xfe\x11p\x1d\x0c\xa17\x9b\x1b\xda!\x85\x89MZgq\xe1Z~2\xa8(\xc2\x85#7\x989\x87v*\xf8,\x83$\x0e`>(\xc0\xc1@\xa3\x1c$\x96\xd3x\x8f\xf3\xa9\x921\xf3\x06\x11L\xd6\xbb\xd6\xcdh6\x85\x1a\x1cAfU\x1f\xa5\xb6\x0c4U\x16\xb2k\xec\xe5\xf0-\x00\xc5\x16Y\xa2#RE\x16\x84\xf3po\xba\x8fd\x88\xd7\xd9a\x13\xc5?o\x1d\xf2\xc9\xf1\xf5:;\x8e\xde*7\xe3\x9f\xdeF\xa0\xc7zk"\xa4\x1d\xefGf\xa4\xf5\r\x1e\x97\x8b{\x96\xc7\x8ft\xac+\xbav\xac\xae$\x00b`\xd6I\xff\xac\xdc7%\x0bx/\x10\x9aZ\xb6XT6\xa9c3r#\xae\x9b\xd4<6\x9a\t\x1c\xe6\xab\xf0Q\xd0\x08\xc1\xe1qS\xb0~\x1c\xa8\xdd\x8c\xd8uo\xde\xfc\x8bW\xf8\x81\xa7\x12\xc6\x19\xdf\xab}\xa4x\xb9\x86\x83\xd3\xde\xe0\xac"\nWT\x06\xd5Av\xb8e\xb8\x87\xb2@ES\xbe\xc7\xd7\xd2\xbcDX~k\xb9,/\xd3 Ln\xe6DT\xe4G\x86\x96S\x06\x92\xd7P=\xef\xeaBG\xc4\x9cf\xb1\xf7\x06\xd7\xc5\x90nb\xde\x99@\x9e\x7f#\x8a\xdc\xf3\xbeT3R\xcc\xd9\xbc\xca\xa4\xb9G\xdb\x83\x1f\xf7\x13-\x1d\x16R&#~"`m\xeb\x14\x94L~\xf6\xae\xd2\xe0\x94\xcfL\x03\xad\xe0\xb0\x89\xafW\xe1\x8dyB\x97:\xa5d\xef\xb8\x16\xe0\xc5\x13\x19\x14\xb7\xd0\x84\t\xd3,=R\xee\xd3oa\xf6\xb2jL)\xf1\xac8\xa8\x08\xd1\x1c\xb8Q\xdd,\x95\x02\x99\x10\x9aZ\x0fAX\xd2\x90\x88bQ\xf2\x83\xcf)\x7fh\xf3\x99*\x95|\xef*gzE\xd7\xda\x90O\xdas\xccs,\xd3\xcf\x12\x0f\xa8\xe5\x99(\xd7\xbd\xfds(s\x16*\x16\xc1\x024G\x06,\x00\xc5Sa\xa2\x86956\xcc\xd3\xed\x15\xa5\x84\x03\xbdHb>f\x9c;\x0c\xd1t\x1eZ\n0<\xce\x0f\xe0\xe3\xd8\t\xd9\xaa/\x90\x8f\xc2df\x04w\x81v\x02y\x1b\xcb\x19\xb0"\xb2iB<%\x11\x14\xcd\xce\xd73\xedq\xc8\xc6e\xc3\xb8\xbb\xf4^\xa3XW+:\xbf\x0c=\xf0\x0e:\x88\xeb\xb4\xa1gt^[\xac\x04\xbc\xb1\x88\xb8o\x03h\xfe^\xf4\t\xbb\x0b$\xb0+\xb8yi\x06N\xec\xee\xb0\x97\x9e\xb8Z]Y{\xf91\xfd\x08\xca\xd3\x9aC\xac\xd9\x97\xf3\x07\'2Xrk\xa0ki:\xae\xf9yF\xf7o\x80\x183\x01\xcd\x88\xdeEe\xe7zF\xa8\x16\xbf\xcf\x9b%U\xd0\xba\xc8\xd6\x14\xed\xc5\xc3\x9e\x994\xd9\xcf\xb7>\xda\xbc\xb0\xaa\x18\x83\xdd\xae\x08\x80\x8d\x99\x7f\x17\xb6\x97\xcd\x83\x9b\xd6k\n\xf2\x93e\x95\x82n\xa2\x05mD\xde\x04>\xe2\x90\xca*\x93xC:/\x1f\xddm4-I\x1c\x9b\xbd\xc9Y"X\xa3\xd5hY\x06\xfa\xc8\x14^\xdc\r\xb0\xfbl\x97H\xed:\xc1\x1fnFp\xbf\xa1\xf7\xcd\x12\xe1\xc6\xbe\x1d7\x02n\xad~\x0b\x00\x83m\xfb3\xafQ\xa7)#c\x13t\x89\xeaC\x07\xa6\xfb\x90\xe9x\xa1\xc6\x88N\x12y\xf7K\x03\x87i\xc0\x1c\xc8\x85i\xfb,\xbd\xf6\x1c\x1cT\xaeT\xd0S\x8d\xd2\xc1^n\xae\xa0\xd6c#\xd9\xbc\xdf\xd5\xcb\t0)\x8f[\x92\xd8\xd3\xfe\x8f\xb8<\x96c\x9fLV\xaa=\x8b?\x1e\x96h\x18\xf5\n@\x08f\x9a\xea\xf4\xac\x08\xca\x15\xef\xb5\xc1\x8d\xaf\xf2\x07\xa6\x12\xccX\x1f\xb70d\xac\xbb\xca_\xa3\xcc.+\xcf\x96\xb5\xa8\xb6<=b\xb5\x94\x83Q\xcd;\x1e>X0\xd7\xf8\x93\xd1c\x1a\xc5\xd8m\x04\xaaA`\xbf\x99i\xac*\xb6_\x94\x95\xf2\xb5\x19\xa4\x0ba\x8d\x04\t\xd3\xd1\xf0j\xab\xfdM\x89\x93\x05\x95\x9dQQ^\x95\xde\xa8\xdcK\xa8t\x0e:Rd\xeb\x10Z\xb8\x01fU\xf5V\xeaU\x92<\xfd1\xa6\r\xecx\xb2\xc7\x1cV\x93\xb8\xda:\x93\x943\xd7k\x0e\xed\x16\xc6\xa8M\x9f5\x8d\xe7\xb6\x9d\xd9\x04D\x93b\xb6q0\xdd\xe7\\o\xef\x87\xf6K\xf8\xfe\xf3U\x7fh\xb7\xe5\x809yt\xa6?F\xb6\xd6x\xc4m\xe9U\xff\x03\x8b\xf1\xf5\xd5\xc4epd\xc8U\xf6\xb0\xfa\xc7T\x974n\xc1\xf1\x0b;|T\xa1_I"\x13O\xee\x96\xfc\xed\xd2\xb2\x88h\xaa\x10\xd2\xf7A\x7f\xc5>\xa7\xbb(\x11\xc4\x0b#\n\xcb\xaf\xa4\x02\xb5lY\xee\x00\x9b\xca\xeb\xbe\xe4^\xf9~r\x9cH\x91\x9bI\x81,"Xo\xec\xdd5b<\xb6\xb2-]\x1e\xabJs\xc6C\xa1\x92\xba\xf6\x1f\r\x94XF\xabY\x10\xe6W-{\xa6\xb6m\x1a\xf6{q9\x18Q\x97-<\xe01%\x9e0\xa0\xe9w\xf9\x13&\xda\xa9\xde\x97\x17Om\xce|\x07\x0frs\xfdI\x15z\xd8{\x02\x9f\x1cZ\x88N\xf2\xc8K%\xa5\x1e\xe5\xe4L\x0b\x88\xe4\xf5G7\x10\x01WIMq\xc0\\[\xa5o\xbdF\x85\xe9\xf2\xf2\x8c\x84;\xec"jkS\x0c \tt\x96\xf6\xdb\xd2\t\'e>\x859&*e\xef:\x8b\x8cL\xd6\xd8\xbd\x02n\xe4\xbb\xe5#S\xa6\x1e\xc8\xe0\xe2\x80\x0f\xc2\x89\x8a~,\x0e\xbfTi\xea,\xd8\x14\x0f\xf3Q\xa4O\xb5l\xff=\xcb\xd3X\xa9\xe5\xe5\xa4q\xed\xae:;\xa1\xd4\xa3/\\\x8a?\x06!\x9c\xef\xd7\xb9\x045\xc6\xb9\xcb\x1e\x08u%\xd0\x0b\xc5w\x80\xf1\x11\x0cV\x8a+;i\x99\x0b\xf7&\x9b]Eu:\xf6p8\xa8\xd0FvB\x8c\x9e\xa5&\x1dXO\x14i(\xea\xcf`\xa9\x05\xbc\xb9\xca\xe0<a\xd4(\xa6l/*T\x97\xdc\x10\xc5e\xd6`.\xa3\xd5\xe2.4\x8a+d\xaf\x11\x84\r\x86T\xeaD\xb3\x07\xd8\xfei+\xb9\xed\x9a\xb0g\xca\x02\x08\xb8\xf0\xbb\xa8\xaf\x18\x93\xb2\x973\xe6)\xfe%\xd9]\xd9\n\xcbt\xb41\x13w+\xba\x03\xbctFn\xda\x93\xfal[\x05\xed\x03\xdff\xcc\x86\xb3\x14\x07\x0b\x17\x84\xcdH\xc4o\xacc\x15O&\x8b\xd1\x03\xce\xb7=\xcc\xc8\xc7\xc0\x05_1h\xfaa\xff@\xb7\xb0\xc6I\xeaK\x08-\x82\t\x07\xf6%iR$\x90\xef\xab\xcf\n\x97\xb1\x0ea}Y\x16\xa1g!\xa4\xf3\x87\xd3\xb3b\x8c\xeai\xcc\x96m\xa1Qc\xb5X\x8a\xa8\x98|\xa71\xc7$\xd7\x12\xda\x98\x8b\x14F\x94\xfb\xe3\xe4\x1b\xe0\xcc5\x1e\x02V?\x98A\xdf\x13u\x93\x0em\xeb\xd4\x85\xa6H\x03\xfc\t5>J\xdbR\xd5\xc8\xfd\xefV\xaaO\xb0\x86\xfdSV\xcf\xb2\x0f\xa0m\xa8\xf0\x98-\xe4\x18\n\x08o9\xf1\xf2o+\x17\t\xd2\xc2\xe7\x1a)\xda\x01\xd3\x83)H\x8d-\xd7\x10bM\x8b\xed\xc3\x13N\xfb\x16\xe7\x8b\xe0E&\x13\xd3\xb2\xfc\x1e\xb3 \xb3Y\xa7y\xbas%\xc1H\xbeC\xbf\x8b\xa76\xef\x0c\x00\xb1\xc8\x92\x04l\xf3d\xf1$=\x13\x02\xb2\xbc\x9c\xeb.\xf1\x8fI\xd4\xffnJ"\xed\xf6d?\n\xaf\xddY\x00\x0fIVy\xf02\xb1\xfaD\xf7fm33\x80\xaex\xcf\xb6v\xccp\xbbm\xe3\xa5\x11\xff2\xf7\xd7Hi\xe5\x9b\x9e@r\xcev\xcb\xadM\ri\x11\x93,\xfa!h\x84\x8f\xdd\xa5x\x14\x13\x04>u\xa4m\xd6[\xc1\xc5\xee\xd8[F\x90G\xa9Y\xb3\xe2\xd2\x01\x04\xd7\x9b\xd0\xa0\xdexW\xd2=\xad\x8a\x14\xfe\xaa\rZHG\xffT\x0c\xf1l\x08\x9cx\x15q\xf7o,\xd1\x9bngc\x18@\xebe/\x92\xad\xa5\x88e,}\xda\xa8\xce\x9c#\x87\x883f0\x9c\xe1\xc8\xaee\xf4\x00\x84{\x8a\x98A[-:^\x9fQ6\xd9\x85O\x87\x97e 5\x9b\x14i`F\x93\xb0H\xf0\xc7H\x01B!}\x17W\xba7 H\x02\xe1I\xb70\xa7Y\xc7\xb3\xc4{\xd9\x96\x9f\x92\x16\x96<5\xbc92\xbb\xf8A\xc2z\x10\xef\xa1)\xb4\x02\x8c`}\x8a\x16%\xc3\x9eB\xe0i\xfa\xd0\xc6J\x92\xc5\xb4o\x8arY\xf9\xd0\n\xbe\x89\xadJ87\xce\x98q[\x19\x1cR\xbc\x85\'\xc0\\!\x0e70N\x03\x17\x01\xb2\x05A\x81\xf6\xc8\xb0u\x80\xf8\xe5\xdf\xb5\xdb\x01\x90\xc5\x02\xe0]\xd5r\xef@\xfb\x19\xf5\xc3\xa5%\x8a\x0c\x8aX\xc7v[\xd5\x8bK\xaf\xf7n\xe4\r\xbcj\xb3\xf08\xbe2OP\x03(_\xa0\xfb"\xcb"_\xfc2$\x0b\xa7\xb7\xec\xbee\x1b\x7f\xf1\xe2y\xde\xa4@FQ\xc6\xf5o(\xd4\xbd_`\x1ew\x84\xfbz\xfe\x03BO\x91\xe4\x07\xa2\x9d\xb6nv\xed\x11\x01\xfbB\xf1\x9d\xd7\x02A\xf2\x1c\r6sc\xac\x03o/\xfe\xaf\xfb\xdfi\xa1\x9e\xf1\x91\x15\xea\xd2\xeb\x8db@\x89g\xe0\x1c\xc9y\x9c\xef\x94\xb7\xec\x94\r#:\xda]\xaf+IW\xe1bO\xce\xb3\xbaF\xe0\xd0\xf7\xdb\x7f\x05\xbc\x92\x1a\xfb*\x9c\x9c\x16\x96\xd2\x0f\xb2M\x04\xf6\xd7\xcf\xe4t\x8f\xbd\xbfR\xc3\x1d{2\xb5\xc5\x10\xdb\x16H\r3\xaf\xbc\x00\x0c\xc54\xf3\x19\x81\xdf\xbd\x93\xbf\x97\xd7\x98\xc60\xc6\xdcO\x98\xdf\xe8Mp\xcb\x89\xcdcI\xca\xe1\xf0\x01S\xb7\x0c\'#)e\xcc\xf7\xa0j\xc3\x0eE\xdfbp\xf63\x08Cw\x11G\x9b)VcrOkq(\xf5\xec2\x93F\xf2\xedW\x17\xd6\x99uK\xdd\xa5T\xd1-\xbcY\x1b\xb9R:$\xff\x84\xaa\x80\xf1\xd0\xdd\xb6-D\xf8\x96"\x8e\x9a=M\x00\xea?\x9d\xdf\x8fV\x07\xf3\xb2\xb3\xed\x0c'
tbI624
I0
F0
tb.