cnumpy.random
__RandomState_ctor
p1
(tRp2
(S'MT19937'
p3
cnumpy.core.multiarray
_reconstruct
p4
(cnumpy
ndarray
p5
(I0
tS'b'
tRp6
(I1
(I624
tcnumpy
dtype
p7
(S'u4'
I0
I1
tRp8
(I3
S'<'
NNNI-1
I-1
I0
tbI00
S'}\x05}\xadT\x03U\xebQ\x1e\xbc[\xa7)\xa6\xb3D\xe8\xe3\xefG\x8fV\xc9R\xcf\x05\xc7\x05W\x7f\x0e\x84J(%\xad^\xc8\x8f1\x98\xfa\xcdz8|\x95V\x9f\xe6t\xad\xeco\x1fa\xf5hG\xbf?\xdb\xd0 mQ\xa8\xe3zL\xfc@\xc9\x9d2%K\xda{\xe8G\xa0\xc0o\x16\x1a\x8f\xe0\x1f\xde\xe3\x98\xd5\xec\x95\xee\xbf\x19e"\x06!\x05\x98\xe8+\xfa\xe5\x85\x0e\xd3\x15\x81\xf6\x9b\xc4\x19\x7f\xecI\x16 \xf4O{\xd6\xa5E\x94xd\xaeg\xf6y\xc0\xbd2\x0f9\x85\xe2be\xdb\xdd\xb7\ng\x0c\xa9\x11g}\xb7\xdc\xbc\x84G1\xa1[!H\xdf\x88\xca+I\x8b\x94s\xa3VOn\xc2H\xb5s\x17\xe1\x04\x8f`\xf3@`Tfx\xb8[\xc6l\x97\xe7\x97[\x80\xbe\x8b\x18t\xe0\xce/\xf7\x88y%\x86\x9b\xe3\xf6b\x08J\x98\x18L\xd8\x98\x18vJ\xbe?\x0c\xf9\xd2\xc6\x87y_\t\xc4Y\xf2\x18\xe6\xdf\xf1\x0bO\x86\xe7\x0f\x9d\xad\xba\xf8\xe8*3\xa4G\xba=C\x1bG\xd3I\xa4g\x89\x85s\x96*\xbcX\xa35)t\x0f\xa8\xe1\xd3\xa6\xce\xf7\xd0\x08\x164X\xd9\x91\xb2\xe0\x00\xa5,W\xf9>\xd4\x11\x1a\x94b\x1f\x03\x08d\x7fg\x12\x90Y\xe9"\xa1\x1e_bA\xeb\xdb(\xaa\x04\xca\x91\xd4N\xe4\xdf\x91Sk\x0f\xe0G\xc4\t\xfa\x8c\x13/\xb1\xd2\xaa\x01\x0c:\xc2\x8dM\xc6\x1b)\xa93\x13!{\x15c\xad=\x7f\xecs ~I\xca\xc3BL\xd2U">,\xe3\xb0Z$\xcb\xd9G+\n\xf7v\xfb\xc2\n\x85\xc2)@}\xc4Z\xcf\xe60\x1c\xb5c\x97\x9a\xa3`\xfc\x8aUF\xe6\xa74\x9a\x16\xdb\x15,f\x90\xfbG\xef@\xb0\xc4\xca\xbe\xb1\xab\x1d1U\xc3\x886\x08\xd1\xa1\xbawUv\xf4\xa2:\x02\x10Y/\xec\x01t)L\xc0\xb3}\xc1.7:\x12\xb0\xcb\'\xa0-U\xcf\xd5\xa2\x0c\x83^~\xe4\xd2\xd0\xa7,\xa3PJ\x16\t\x1dB\xe6\xd7X\x11wW\xcdek:\x1c|\xcf\x91\x12\xf4\xfb\x03\xabn&\xc07\x12\xf2m\xd8X\xe1\x80\xc7\xfc\xa06\xa6u\xfc\\\x8by]\x05o\xc6\x91\x7fO\xfa-\xbd0wlv\xa8\xea\x85\x85K\xea\x16\xf9~\xe7\xf7eH\xd4G\xb9<\xc0Ki\xeb\x9b\xaccm\xb3\xc8\xf5\ti\xf0,%\xe4\x88J\x95\xedN\\M\xc5_t\xb8\xd4[>\xc7\xf8D\xf0\xf0oZ\xda\xfd-k\xedg\xaf\xc0\xb5\xd9[5\x13N\xa6r\xf0\x1a\x84r\x86i&`\x97\xbc\x13\xc2\xd6\x7f[\xd7U]/\xd1\xd7G\xc4\xbbN\xdd0\x8d#c\xe7"\x16zx8\nW\x0c\x9fx\x90\x08\xd0\xe6\x00M\xbc\xf2\xaca\xff\xa5\xa3\x1e[\x8b\xc7\xa2\xc6\x9e\xc5\xa9>\x0fGb`)\x9c\x03P?\xc6\xfa&h\xa2\x89\x15xXQO\x1fM\xedc\x88qD\xaa/\xabfx-\x0c\xa1O\x1b\xabr\x02\xa0Q\x11\x18\xa0p+\x19\xbc!\xad3z\x13\xd8q;\x8b\x9fz\xbb\xa5W|d\x98\xa5\x81o\x92\xcaHZ\xfe}t\xb3\\X\xcd\t\xa9\xe91o\xdezo\xef"\xf4\xda\xcc\xbcV\xc6\xe1\xe5^d\xb9?\xea\x1aS\xefG\xcf\xc81;Q\x91H>\xfbtE\xe0Y\xe9*~]\xd3\xe5\xfc\xa2\x17\x10\x93\xa1>\xe7t\xb96\xc5\x8d4N\xa3@(xo\x84\xa8\x1b\xfb\x9fc\xc8\xa3\xe6\xd4bF\xd5\xbeS\xfd\xc4M\xc9"\x0b\xd4n\xff\xea\t\x06F\xe9oK\x91\xa5o\xfa\xec\x95]\xd7\xf8\xc5.\xdc\x93\xb6\x906\xd3[\xc2\xffz\xbd\x16\xaaM(\x10\xd5\xd5eB\xe2\x86I/\xd1\xa6\xcb*\x0e\xff\xc3\x99\x80\xe1\xe2A\x8aSf\xb1\xdaL\x8a#\xfa\xba\xaaL\xfe\x93\x95,\x10\xd47*t2\xb6\xc1yE\xa8\xe1\xabzUA\r\xd5\xb0C\xca\xa5\xf7gl1;\xf1ylN\xbc\x84\xc2\x85\xd1\x90V\xd5g\xa6\xa5GC\xc7\xa5\xf9rF0\xdc\xd9KM\xb3\xc1?3\xd0#\x1b\xcc\xdf;\xd5\x10\xc7>\xce\xd9\x16c#\xc2c\xb5\x9fl-\xc6\xdc\x16\xc3\x91\xc2O\x0c\xf4`\'\xa0\xdeO\xc8m\x84\xe8\xf0\xbc\x08\xee)|_/\xaeM\x82w\xe4\x15PJ\xe9rO\x15\x84\xc4k\xd4\x04v\xa0\x9f\x1b\xad\x90.c\xdb>\x9a\xca\'\x06\xefZc\xb0\x95P\x86(L\x13\x98\xf0\x95\x1a\xf1V\xd5|\xae\x02\xfa\xb0>\xa6\x9f\xd1-\x1d\xaf\xea\xf6\x08\xa2\x99\xfa\x1b\x7f\xd2\x0f\xd5\x82a\x01\x8f\xbd\x91\xf0d\xf9\x19\xb6B\x07\xff\xc9+{}\x8bl\xe4\xd4/\x0e\x1f\x9bq\x1e\x92]\xab%#\x85\x02\xa3\xb3\x81\xe5Q\xf6\xae\xec\\X@\x0c\xb56aH\xbd\xb6\xe6U\x0e\xce\x08\xdeZ\xc6\x12`rS\x13>6\x9f\xffP\n\xa2\xa3\xdc\x98M\xbc\x87\xcd\x9b\x9c\xdd\x99Q\xc7(\x1b\xe8S\x88\xd0\xe9$-\xc0\xd4e\xc2H\x80\x11<_r\xf4\x80\xaf)j\x13J\xc2f\xb8\x81\x18\xcaW\x01\xb0\xa3\xb1(\xfd;\xb7.\x9eL\xfc\xb3Q\xe7U\xb4\x81\x96raI\xdb\xc5T<\xaa\x91g#\xb9\xaeQ|\x08?g\xe1\xa8\xeb\xbb\x93s\x03\x17i\x1e\x9f}J\xceU"Bw\xfdl\xec\x81\xa0Dt__\xd5\x00\xc1\x0bY\xde\t\xc5\xe9\x91B4\xfb\x84\xce\x04\x15\x9fa\x15b\x0e\xcf\xc6\x16\x92\xb0\x8do\x93\xe5\x18\xcb\x82% D\xc8\xa3\xd22\xe7\x82\t\\!\x0e\x86l\xb5\x12o\xd3o\xb7A\xba\xef\x7f\xc5\xd3\xb8\xd3`\r(\xd5\x8eC\x1d)\x00c\x9cO\x9fov\xf4;\xd0\x1a\x86+\x81\x1bq\x85s2\xfd\x0b\x8a\xdc\xc3\x92\x04o\xc0\xc2\xd0db\xbcM\xe7\x0cu\x93\xd5\xd7\xda\xe6\xf7\xb7<\x96\xbc\n\xf5_K\t\x05b\xc2I\xe5\xcf\x9d\xb6)\xc5\xb0LE\xc0\xb1\x98#\xf9\xd3\x00\xc93\x08u\xe2,\xcf\\\x97~\xcbV\x1d\xfbO\x8dL\xc7\xf0\xe63\xbezb\x13c(\xe1mH\xc8\xa2@\xe8\x7f2\xeb\xb3\xb7\x13\x80\x97\xd5\xfdi\xd4j\xd5\xa1;\x89\xd6\x94\xdcxGq\x9f\xd7\x1bClW\x05\t^u4_R\x80\xf7\xf7\x8d\x94\x10\xd6\xe9\x08N\x84\x10w}*\x817\x1d\xcf\xef1>\xf8\xf4\x90\x88\x85\x80\x89\xd57\xfa\x13\x0b\xee\x83n4JN\xe5\xb7\\ea\xe3,\x81\xcc\x0f\x00H\xc2&\xcc\xf9W\xa6V\xad)\x82/1\x19\xf5wY>\xa1[\xb6I\x95P\x05,\x17qa\xb9\xb8\x10\xa4\xce7V\xf4\x0f\xca\xadB\xf35\xac\xb8\x10\xdc\xaeS6\xb7\xb1\xe4\xf4\xbe\x1a\xc7\xc8\xc0\x02GSDl\x90\xc2\xbfG\x0f,\xb9E\x87\t`\xd6\xd1\x89\x98%x\xe0\xce\xdd\xdfzwT\x119\x15\xd4\xb3\xa2\xfcN\xa9f\xb2Zd\x99,\x04\x17}\'@&P$\xe8\'$\xc3@\xfe\xb9\xe1*;\xaa\x93\xa2(c\x90\xcap\xc6fS=\xa4\x0e\x1c^\xf4\xbad\xa7\xcdg\x8d.c\x07@:Y\x12\xf0=^\xb0\x16\xa4M\xf7\xe4\xdd=ln\xa6\xecO\xd3\x16\xdaQ\x1a\x1b\xfd0)o3h\xc4\x1e\xaf@\xa9\x0e@\xd4\xef\x81\x1a\xe7\xe1\xc7\xf0\n\\\xe3\xa9TjK\xb2\x80N\xcb8$Gs\xb3\x19\x0f\x10\xba^P\xbd\xbb\xa3\x14\x88\xd1I\xe9L\xba\x18\x8c#\xf9\xd0\xc4P|\xff\x12\xb0\xfbd\xfe\xe18^n\xa6\xbc\xc8\xf4*\xee\xa39v\x1a\xd1m*\xd3*,\xe8\x02\xf2\xc6k\xc6."\x07\xff\xf4\xf0\x8f\xbe\x0c\xaa\t\x85N]\x9df0;\x15Wy\xea\x9b\xa4%\xeeB\x99\x93x\xfd\x95la(\x1a?\xff\xad\xb9\xa6\xfb.6`Q\x01A\xef\xf1\x96\x1c\xfb\xd2o"\xb0}\xa3O\xa8\x80\xf4\xbd\x92\xb4zcwY\xf0\xea\x03\xe4\x87\xfe\xbe\xd5+\x99f~\xfb\x9a \x9d5hK\xf8\xe1\x86b\xb2\xf5\xe5z\x12\x8a\x80)X\x8f\x92@\xa6\xff\xae\x16O\xa44\x06\xddZ4\xddd\x92\xc3\xc1\x97zq\xdb\x1d>,\x94d\x1f\x0e;\xc4\xeaY\xc0.!\x06\xc9\x8fo8"\x86\xc1Z\x0e\xf3U\xd4\x94\x02\xc1\xc7":\xf7S+\xb9\xd3\xde\'\xcaf\x04\xb8<1\xf1\xb1\xf9\xce\xd7\x96\xde\xab\x84*U\x1c^\x93\xb2\x1c\xa9\xe9TM\xb2\xfd&2\xdb\xc8\xee$\xd5\xceQ\xf5\xcd\xa7\x8c\xb9\xc1/\x81\x1a\xa7\xea`\xfacc\xfa\xcb\xe3\xff$1\xa2j\xd3\x1doj\xb2hs\xb0\xd3AM$Z\xb5\x02JV4V\x81h\xf8 h_j^\xc0P\x1a\xdb\x89\xd1k\xe0\xfb\x01\xc3\xd1}w~\x93{\xb7 er6\xe1\x03U\x82\xee%\xca,+\n1\xc1\xa6\x8eO0\xfb\xb9\xc5K\xbe\xb8\xbdp\xde\xb3&\x8a\x01\xf0\x19\xe6\x1c\x1e\xd4\xaa\xad\x98\xfa\xa1\xf8\x1f\xe8\xdb\xfei1\x06\xa8\xbc!\xff\x19\x00#\xdf\xf2\x9bH\x91%\x13\xc4\x81\xfe\xdf\x12\xb9\xb2C\xe6\xf1ou\xa7Q\x8a\xea\x1ew\xb64G\x0c5@\x04\x95\x1c\xba\x07\xddp\xf8\x16\x918L\x85\xe1\xa4\xbb\x81,\xbb\\\x18\xd1F\x00\x89\xb6=\xcb\x86\xf9\x8c\x10r\x01mA\xa8\x81\xc7\xcf\xa1\xf7\x92 \xb2[\x10 L*\x86\x8e\x90tS9.L\x01\x08\xdb\x12\xc6\xdd~\xf4L/\xc8\xe4\xb8\x04\x04\xff\xf8\'\xf8\xe0\x00\xb1\x18T\x95\x8e^\xf5.L\x7f\x00\xdc\xb6g\x82\xa8\xec8bc\x92\x1b\xd5\x9c\xe1\xa8L?\x98\x89\xc0\x01\xa8.\x0e\xbdu\xeb|\xe6u1s\xbc\r2\xaa0\xea\xa9\x88\xda8\xa2\xecaD\t9@}\xbcW\xb9\x9bg\x12\xa0\xfb\xad\\\x06\x1cb\xda\xa6\xbe \xd1\xc1\xb6\x13\xa3|\x82*\x8e\x06\xa91\x85\xb9+\xc4f\xc3_\xf4\xa1\xd1\xa8z\x9e\x1f\t\xd4\xa2\xef8\x0e\x8a\xa5\x0f\xc7YU\xd0\x04\xccDb~\xc7\xc3\xe5Mhf\x93\xbd&w\xc7\xa5\xd3\xbe#><\xff\xdd#2~\xb3\xa3\x8f\xe7\x8e\xf3\xed\x19)\xd1u\xa9\x1f\xa1\xc5/f\xca\x9d\xd8\xd2\xab:\x08\x0b3N\xbf\x85\x0c\xc3\x93\x97F\n\xc4\xd2\xe4a>\xdd\xac:Ok\xf3\xf4\xba\xbb&[\xb4\xe3\x17\xd4\x89 =w\'I\xcc\xc9\x1d\x02\x11O{\xb1{I\xbf\x036\xfaI\xf7\xdc\xfc\xb1mg\xdd\x82P\xd5\xb4O\x16\xc9\xb2\xb27\xd9)\xe1G\x16R\x99m\x1b'
tbI624
I0
F0
tb.