cnumpy.random
__RandomState_ctor
p1
(tRp2
(S'MT19937'
p3
cnumpy.core.multiarray
_reconstruct
p4
(cnumpy
ndarray
p5
(I0
tS'b'
tRp6
(I1
(I624
tcnumpy
dtype
p7
(S'u4'
I0
I1
tRp8
(I3
S'<'
NNNI-1
I-1
I0
tbI00
S'\x9a\x13\r\xbb\xe3\xcdA\xa9\xf3\xb8\xa5\x1c#sv\x08\xc1\xacj\x81\x979\xdf\xdf \xf1\x1c\xcdo.\xfb\xf5\xf6\xaf\x06\xe0\xc7y,\xafT\xceXBuS\x83\xa9\x19\xc6\xc3\x12\xc0\x9dB\xadq\x95\xb8P]}\x19l\xbe4Sa\x95%HU`\xad\\/+\xa3&\xd8O\x9dD\xab\x80u\xf9\xf1\x10\x80M\xa1\xb1\x87G\xf9#\x18l\xe6\x7f\x7f\x9a\xaf\xf4\xf1\x7f\xf9\xf7R\xca\x8a \xc0Z\xbf\x8b\x9e\xb9\xd8`\xb3\x1a\x87\xc2\x8c\xa3jw`\x91\xbdB\xae8\xf2\xc7%06\x95\x8a\x91\x9a$\xbby\xc8\xff\xb2\x19p[\x1c\x8d`&\x90\x08\xff\xd4D\x13\xa3\xd4\x86\xe8\xfcn\x8e\xc3\x85\x86\xa6\x1a`\xfe6\xed\x82\xe4@\xef\xe6\x15r\xee\x91\xd5\xc6\xeeL)~\xe2\x04\xc6\xb1\x08h\xf5\xe4\xa2\xe4\x94\x07\x94\xc3\xec\x0bM\x90_\x05\xccC+3f=Y \xfb\xb5\'I\xba\xe5\xf5\x86^!^H\x16+\xd08\xb1\x95\xf5\xb1\x01, *\xe8\x84"\x17\x8e-\xe5t\xaek\x10Z\x8bh\x13\x82\xa2y\xd2\xed\x06\xc4\xb9\x0b\xc4|\x93\xd0\xeb7\xb1F\xe6t\xe8A\x88\xcaB\xb0\xc2\x14Ov_\xe6t\xa9\x1a\x07u\xcb\x9b\r\xf6?\x19%\n\xcc72e#\xfd\xa0\x86\x85\xe7\xd0\xda\x8e\xfd\xf2B\x95\x198\xb5\xc4*\xbfu\xa5i\xe8}\xd9\xac\x8c\x9b\x12\x8bN\xd7\xa3\xf3\x82q\x8f\x10e\x1e\xf1\xf8=\xc4g\x11\xc4\x1d5a\x7f\x00Ke\xd8\xdaJ:G\x87\x15\xf7; \x03b\xaf0\xc8g\x8e(\x9cgh\xc7\x8d\xc4`h\x85\xaf\x82\x9a\x12\x93\xbfc\xa1?\x94"\xdd\xc5\xfe\xd2WC\xc3\xc6\xf9\xf2\xda\xeciH7q\xcapG\x14\xad\xdc[\x0c\x1a-\xb7S\xa1o\x18\xdf\xf9VO\x1c\x9b\x86I\xc08\x86\xcc\x90\x96\xda\x9cZ\xe7\xc8,\x9a\x9f"v\xc4\'\x1cv=\x1b$\xe6FF;f\x82\xee\xfb}\xc3\xabY\xce\xc6[\xbb\xb3\xb1\xea\x90\xfelA\x88\xd5\xce\x9d\xcc\xd8Y\x1aN\xde\x1b"R\xc9T\xd7Y!i\xa1\x14\x1f\xc4n\xb3h\\\xe2\xcfa7\xe1\xae\xd0\x9b\xb1\x9f\xeb\xda\xb4\xef.\xc0\x936t\xc6@9n\x1b`\xc7\x9eS\xbe\xb5\x195j=\xa6\xed\xe5\x96\xe9\xb5%\xff\x92nv\xa7\xbbI\xa5X\xf7\xeb\x01:\r\x19+\xb8\x01\x8b\x1f\x9d\xd6\xe2\xc3O\xcb.%\xfe\x90\xd36\xbf\xb1\xcb@\x0c\xa2)\xb6NK\x9a\x9eb\x19D\xb4u]m\x1fy\xf0df0\xbf\xfe\x9a(RE\xdc\xc9\xd2\xe7"\xfe8\xb6\xed;\x10\xe8\x84\xd6X\x88\x8e\xc4\xfe\xd6\x80\xaf\xa0\xbc\x81*\xe70\x94f\xaeO\xfd\xe5~#<\x7f\xa0*3+\xfa\x0f\xde_m\xb8\x00\xb4)P8i\x89\xc9\xd1P\x19Xz\xc4\xc4u\x9a\x85y\xf9\x14\x07so\xe2\xed\x10\xf6\x03\xc3\xc0Z\xc0\xc9\xdb\x8f\xf6\x80D!\x86\x80\xdb"\r\x8f<\x85\x05\x81\xc0=?Q\xb0\xe4\x9e\xb4\x83\xff\xbb\xcf\xf9U=J\x08\x80F\t\xe7-B\x08\x95f\xe0f90\x02\r\x84aB\xb3\xdb\x04Y\xebI3\xc0\xaf\xc5k\x9c\x17Y\x19\xcb\x15\xa3\xdb\xaf\xc13\xfc\xdbI\x92\xe8S-\x9d\xb6\x0c\xfb\x0e\x93\r"\x88H\x0f\x16\xb1\xdc\xa6\x80\x00\xd4\xcd\xcf\xf1\xd6\xc6i\xfc\xf6UeK\x95\xc8\xa7\xb6/\xb1f.\x95J\xd3\xc5T\x0b\x8d\xab\x13\x8d]\x9a{\xf6\xf4\x0c\xaa\x1e\xcca6\xbf\xa9\xd7s{\xf1\xc5@=m*\xd3\xa9\xa5\x9e\xd83\xce\x8c:\xa3\xbe\x18\xcb~\x0e\xfa\xc6r\x08A\xfb^\xb3\x8e\xa0\xec\x88\xaf\x03\xbe$P\xe2<t\x88~W7\x11\xaa\xff\xdd\xa2[\x15w\xd81P\xb0\x07\xb3\x06\xf6\x88#H\x06\x80\xacS\xbc<\\H\xa1\x10e\xeb\xd95FAP\xa5sli\xab\x9f\x0eJ(\x1f\x1cT.\xdf%&\xa1\xe48>x\xf2\xa2\xc3\xe6\xb4K\xf3UcU,\xba\xa48\xe2\xf4x<\x13\xf5\xa4\x032\xea\xdf\xdc\x0f1^\xc9\xf8\xfd\xf7*\xa2O\xac\x96\x9a^8+\xf5\xac(jk\xe7\xe0x\x9b\xcc\xb9\x1ak\'T\xde\x87X\xddx\x84e\xa0\xaf@#\xd7\x8cW\x08@\xd4_v\xfe\xeb\xfa\xba\xf9^bj\x1b\n\x1b\xb3\xcc\xcd3\x12\x178\xc6\x83\xed^\x1e\x98\xe1\xf9\xfdn\xb7\xed\xc4\xa0`\x1e\xd6\xf7\x0f&\x9b\xb5\xba\x1ed\xbc\xb1\xdd\x0c\xd5\xa0J\x07i\xb6\x1b\xb0{\x9a\xaczT\xa0\x19 \xf9*\xbe^R\x07BG\xbd\x8eh\x00\x1b~\x14\x9f\xe8UL\x06\xe5\x8fi\xe5\x1e\xdb\x00\xcc$\xdb\xe8\xf6*\xfa\xc5\x06\xe4\xcd\xacQ\xf2a@Z\x16J\x15\xc1\xefF*\xca\x15\x19\x0b\xc7\x84-*\x87\x9e}\x0cq\x84v{\xc7\x81\x0c915\xc1_ 0{\x9c]A\xdf*\xf4 \x08[\x01.L\x99\x89\xfa\r\x8a\x1a\xef99\x19\xa9\x0c\xe2\x97n+o\x80\xe8\xa3\xb9:\x0c\xd6\x02\x1c\xb8\xad\x89\xac\x8d\xf4%\x0c\xd50\xd5\x8d=\x12\x02\x04v\xe233V\xd8HwQ\xac\xafk\xa8\x1d\x867,?CK5yp9\x9b~\x04\x121O\xac\xe5\xedGNK\xf9\xf7\xb8T\xba>\xce\xc8O3\xc0\x18\x86\xe8\xa8\x80\xbckw\n\x0b)[\xc4\x93Z\xef1\x9e\x00\xbd\x06T\xc2\xa2\xe8\x08\x1ag\x0ew\xb6\xccl\xeb\xd2\x17\xa3\xe2\xd9\x059\xc9\xfb\x02a\xbe\xf8;\xe9\xbf\xa2\x9b~\xcd\xf0\xfe\xed\x85C\xa2\xef\xcb\xc5o\xa5\xb4\x15\x8b3Zi\x17\xbf#\xe30Q\xe6\xd5\x86\x1b\x85\xd4F\x97\x17\x87k^\xb3\x18}L\xa3Q\xbb\x1c\x96\x995\xb7\x1f\xa2Q\xa6\xb4\x82\x8a4\xf2\x8b4Oj\xe2O\xf2\xe6\xb8\xe6\xf2G\x99FwN\xd6\x0e\xa2\xe8\x81c\xe4n b;\xb3\xa9\x0f\x97\xd1T\xfd\x88Y(s.\xc9\x05B\xad?\x18\x88\xce[\xefS\xc8\x0ea\x04\xa7\xbaj\xd4\xa2j`8)\xd4\x12c\xd4\x1a;\xf7\xcaL\x8d\xb0\rL\xbc\xe4\xf6\xb5\xd5(1(*9\xdawLo)\x91e\x14\xae-\x95\xbc$U\xaa\xfcG\x08b\xa4\xaf\xb2\xfce\xff\xdc\xda\xe6\x92\x0f=\x05\xe8$z\x08\xe6s\xf5\xa9\'\xbd\xa8\x17\r\xc0\xbc\xbeX\xff\x1ay\xda\xcf\x01o\x08\xf8)\x83\xcc\x0c{\rc3\xd0\xdfO\x1bI\x81h\xdb\xad\xb5\x1c\x9e9?W\xe3\xbf\xa0\xffK\x86\x8bWE\xa0G>s\xc9M}\x8b\xc9js\x07j\xed\x19\x1a\xfc?\xf5y\x01og]\xbf\xb0&\xdd\xa5\xf0\xa6\x9f\xdb\xf8\xda\xe8t\xd9\\)q\x1a\xe8\xf3\xb7\r,\xc3J\xdd\xc3s\xa4\xe6\xcb#?\xcc\x84\xc92\xc6`\x1c\x8ad\xcf\xdf?\x84\xf9\x84\xab\xba\x11Cp\xf0\x96Q\xdb\x8f\xd7\xfa\x07\xf5~v#Z\xba\xf5\x89\xf5\x90l{\x00)\xa7D\x18t\x8e;.UW(\xaa|\x88\x1cX\xb0m\x9eI\xf0\xaa\x8cy\xb8\xa4\xc2md\xba\x90\x96\x91j\x91\x1c\x1c\xebE\xb7B\x88\x99Z\xb9V\xc9\x94i5c\xfe\xca\x80\x1c\x9e\x1c\xee\xdb:3\xfbW\xdeqGI\xcb\x10\xa9\xda}\x1a\x8aL*C\xbfY\x1d.\xa3\x8df\xa0\x85\xfa@\xd4\x8f\xfc\xea\x9e\xf5\xd5\xbb\xb4\xb7-\x8eQj\xf5P\x96_\xd7\x8a\xb7\x15\xd8\xf6\x93\x98\x8f\x12\xd1&\xdc\xe0pgX#\x1d\x84\xd1\xbd\x9b\xee \xce]\xe5\x18\x05\xcd\xf6\x17\xdd\xa1\xd7\x91\x19I7X\xaf\x04\x03d5\xf6X\xe8\xf4<\xa6Q\x06\xef\xb0W\x89\xd0aY\xefV\x03\xe0g\xc6\x81Y\x9a\xaa\x8aL\x0cY\xa0\x93;yi\xfec\x1d\xb1cO5\xdb\xf6\xb9f#\xbe|\xab\x94\x0f\xb5\x8b\xa1\x92\xab\x88\x93/;QS"\x7f\xeaYI\x16\x9a\xb2^S0\xb7\xb8\xe2Hjl\xb2\xb57\x1b\xe9f\x108F\xb9\xbct\xccE\xf2\x89\xc4\xbe[|\x938\xf7=\x88L\x81j\xfe\xcc\x1a\x1c\xf2\x91\xfc\xa0m\xff(\xf5\x07\xfd>\xbc\x10xO\x10\xcb\xc1{($2\xaf7W\x05\x84\xc0sXn\xb3z\xa0\xd1\xb5H\x9a\xa5\x82\x9a\xbe\x19\x8eW\xdb\xf1\xca\x8cp\xd3v\x17\xc0$vL\x13\xae\xee\x9d3HD?k\xbe\x07\xbaC\x15\x1b[\x007Va\x9c\xbf\xbb\n\xc7\x026\x0b\x08M\x06\xbb\xcf\xe4\xfdr\xfc\xae\xbf\x9f\xad\xd8\xa1\x94bD,\x04\x80\xfe\xa1\xa6\xa2\xd6J\xa5W\xc5\xf0L\x0e{Zy\x19\x9e\x9cj\x1d\x8c<\n3X\x12\x0ce\xa07\xb1\xe6\xb9\xc6\xd6\x85F\xcc\xb7\xd24b\xe4s\xea\xeaI\xc1\x8a)\x9eg\xaaC\xde\x1c\xa3X\x11u\xe9:X\x9b\xa2\x07\xc4DR\xb7"-m\x8cJ\x93<\x0b[\x1f\x00?!z\x1dr[\x99\x0b\xb5)h\nP\x13\xcb"x0F#)7\xc6#\x03\x1f\xf5$zO\x1d\xbd\xa4+\xe0\xc6>;\xef\x1eZ\xc3\x12o\xbd\x93\x06\x99{\'y\xe9\xb6"\r#\xfa\xaa\xaf\xc2\x0f\xb4\x17!\x0e\xf5\xcc\xd5\x82s]\xd2\xdew\x03\x93\x86\xf1\x884VG\x02t\xbf3\x88\xa2\xad\xb2\xf8S\x83\xfb\xd9\x8afI\x93\xa8\xe5\x1f\xf9\xfd\xca\x91\xbe\x9a\xcce)\x97\xcc\xcd\x83I\x90A\xcb\xe2\xaav\xf4p\x1b\xac\x0b\xeb\xc1ru\xc5s\xb6\xaf\x80\xd7\xf3\xb9:\xae\xf8k\x08@6O\x0e\xfd*\xe4\xef\xf0d\x1f\x1d1\xe5\x12\xcc\xb6\\\xd4\x9bI\xc1\xa3U\xfa=\xd57\xa1\xd3\xaa\xc7\n\x19\xf2\xff\xa0\x01fyp\xc3\xf0\xb6\xe2P\x8e\xde\xaf\x8d\xb3%\xd0\x80\x93K+@\x05\xc0.\xe8\xe3\xfa\t\xb2,\xa8\xa90\x92$V\xa3\x97z\xed\x9b4\xbe\xaf\xd4(\'c\x95\x16\x95\xb29u\x07\x97\x8e \x88\x01\xb7p\xd9[\x8b\xccR\x1f:r\x03W\x12\x86\xe9\x90\x14\x18\xfc\x03\xe1T\xb5\xb6\xca\xe8e\xac\x151\x08\x16\xda~\x8c`\xae\xe6t\x12z\x1ab\xc8cO\xea\xc1$\xde\xa5l\xa89\xe5\x94T\xd3\xce.\xfb\xc8\xdb7\x1f\xd3T\x19\xc8I q\xe2\xc3\xe5\xeex\x93\xa6i\x83\x9f\xfd\x8fH~t\xe8\n/\xd3Jc\xd7\x90\xc7UR!d\x1c\xfe\xecy\xe9_-\x95D\xdf\xe9\xd4\xd8\xebS3\xbf_.\t\xf5\xdf\xce%_.H\xf4\xca\xd3\xa8\xa4(\xe1\xbd\xa4\x9e\xd1Y\x8a1\xcf\xbc\x80\xd56\xcc\xc5Y:x\x04\xa7\xc4g\x98\xb6\x9b\x98'
tbI624
I0
F0
tb.