cnumpy.random
__RandomState_ctor
p1
(tRp2
(S'MT19937'
p3
cnumpy.core.multiarray
_reconstruct
p4
(cnumpy
ndarray
p5
(I0
tS'b'
tRp6
(I1
(I624
tcnumpy
dtype
p7
(S'u4'
I0
I1
tRp8
(I3
S'<'
NNNI-1
I-1
I0
tbI00
S'\xb0\xc0\xf7\xe5\x89\xa8C\xb7aQ\xd8\x1a\xebR\x11\xeb\x18\x06z}aX\x9aZ\xa8\x99C\xb6\x82{S\xda\xb0\xb7\x05\x14\xdbIi91\xa6?\xb8-\x87\xe9m"b^\x0eo\x08\x1d\xbe\xbb\x04p\x92z)\xb7\x86\xff\xd7\xd5\x1a\xe6\xbc\x88\xaaY\n\x90;\xbee\x88\xaf\xcf\x11\tj\x14\x14\xc9\xe9\x19H\x92U\x89n\xa2\x0f\x02\xfbc\xf7\xc0\x1f\x0bHT\xee\xaf`L&h8\x91\x9aH\xda\x1b\x82\xa8j\xe9\x02\xd3l1\xb9+]\xfe=\xee\xc8\xe8C\xd8\\C5\xf5\xe3Eoi?\x80\x87\xd3\x13\xe1%\x8a{\t\x82\xe2\x92\x94\n\xc4\xdfR\xba\x7f\xd3:Zx\xa5\x9b\xa7\xa5\n\xa2\x17\x16\xcaG\x07\x04\xdc\x18\xd2]\x89Z*\xa6\x13\x9f\x18\x87\tB/t,\xb7W\xd7\xc7\xdbf|\xd66Z\xcbz\x97H\x16\xe5\x18\xcbN\xd5\x0cA\xef\xf9\xd1p\xe0\xde\x91\x05\x1c\x97\x9c\x0cR\xef;=z\xf4\xf5\xd3\xcf*\x0c\x1c\x11\xb3\xb9\x0c@\xa4\x90(A\xcc!\xa3\xb22i3\xa0\xfaL\xf0\x08\x97\xaf\xa0\xa0\x82\xd7m\x94h\xa1|zm\xfa\xdb\xb0\xe5\xda\xa4U\x0e\xb8\x9cM\x07\xfe\xa7>\x17\xfds\xc6\xc3/\xe8\tX\xe0\xdanR\xfe\r\xc7J\x9f\xa2\x8bGT\xcf\xa7\xb0U`y\x91\x8d\x8b\xb1\xf7#\x04_\xa0\x81\rM\xc9\xaa\xb8H%\x15\xcf\xe0v\xa3\x97\x11B\xa1\x93\xeb\xbf\xee\x03y\xd0c\x1adTcj\x0b\x13\xa7\x03^<W\xdb!\xc5o\x8f\x10\x88\xec\x89\xf1\x88\xf3q\x7f\xac?\x9e\xfd9lr\xc6d$-\x8d\xae>\x00l\x0e\xfb\x8c\xe1\xed\x9d\xc1\t\'\xe3\xafr\r\x0e\xaf\xef\xa7\xf8\xc6O\xa6\x11\xb9\xb1\x81\xf0l\x90}x\x95_\xacyK\xbb|M\xb6\xa3(=%\xa4u@_F\x85\xb0\xb7\xaf(8\x1a\xda\xc4\t\xe6\xf7\x89\xaa\xe0%@\xf9\xda\xf7I.}\xf1\x95X\x034Uy\xcb\x15\x00\'\x1a\x1e\xef;zJ\x88\xa6\xcdl(\xec\xda\xa5Dd\t\xf2\xc6\x81\xe1-^b\xb8\x1cn\x0e\xc5~\';(\xfc:O5$:\x9b\x10C\x1e\x1eA\xb5\xe8\xdf\xb7\xb0\x8c\xfd\xdfZ+i\xac\xd4I\xa4&l\r,X;wU\xa9L8\x89\xe5E\x0f\x96\xa7\xd0Y\x92\xdan\xe7|h\xfdth\xc7\xb8\x0b\xe6\x82\xce2h\x8cU\x92KP\x89\xe1\xbe\x02\x08\xca*\xbf\xeb\x04\x88\x13\xcf\x06\xf9-7\x01\x1f\xef\xe0V\x81C\'\xff\x16\xe7\r\x8a\xacf\xde\xb2[<\xc8\x02\xca\x8f:\x8b\xaf\x15p\x0b\x08`7\xa3D\x05\x83\x7fx^Z\x88\xb5\xffn\x03\xd0t4\xb3k\xa4\x14\x94\x08I?\xdf\xbc3j\x97Dr\xfa;\xe9\xee\xc2\xadS\x07\x8bT\x96\xa4\xb4\xcbu\xe4~L\x84*\xc7\xaaG\xc7\xf0\xa1\x03\x1a\xb3\x80S\xe8E\x89\x1c\x7f\xd7HF\x07\xde\x8b\xe25\xd9E\xd7\xeb\x04\xbc\xfe\xc0\xb5.\x00\x94\x82:\xa0W\xa0\xc5h.\x1e\x01\x1d)\x10\xee\x9c\x87\x83\xc5\x84\x92D\xa1\x1c[\xfd\xb3\x9a\xbd\xe8\xa0\x91\x1ci\x04\x12\xdb\x87f5\x92!V\x91\xdf\xaf_M\xac\xf2\xc1\x14\xc6\x1e\xf8\r\xa7\xfdn\x08~\x16\x17C\xcf\x93HY\x1d\x00R\xd5\x97I\xfc\xf0\x15\xfc\x03u\xd2\xe6\x19\xf5F\xdf\xe4O\x19\xc8R-\x85\xef\x8b@\xcfc\xbb\x89\xa5"\xa9[\xe6\x1c\r\x84\xd3M\xc3oik#J\xcf\xb62s\x01\xac\x87a:\\c\xcb\xb2\xffxpO\xcdw/\x1d\xf3\x17\x99[\xb4\x04\x8b7\xcd\xf1\xcd@m\xec\xbb/\x83\xffL\xe8\x89\xc9\x93\xda\x82]\xa3\xb9\xf9s\xc5\xaf\xe23\x13\xfeO\xb8f\x16\x17G\xberRn:\\w\xd9yf\x1141\xb9\x95\t\x9c#u9\x87\x10\n\xa9I\x10H\x8df\x01\xa1\xf6\xfe\xbc\x84\x96pf\x05\xf4\xb3\xf6\xff\xc6M\x97\xbe{\xc2\xf8\xd9Uv}\x13\x8f\xb8\xc32\xfc\x7f\x0f\x01XNcb\x86+h\xfbGF\xf1/\x13?!m\xac\xe4\x9b(\x83\xd6;\x04\x80w\x98\x96\xa2\xb0>\xe5\x17\x8b\xd8\xd7\xf6\xb1|\xe3\xc5y%\x83\x1c\x14\xd1\x8f\xa6\x05\x1eF1\x82\xd1\xb9\xca\xd4lP\x83G\xebx+\x07\x13\xf3\x81\x07]\xd8\xa8\xa1n\xdbrE\xce\xc4A\xe9\xc4\xd6Ww".u\x0bp\x14\xda\xc0\n\x84c\x1e^\x05\x84!\x8f>\x93\x19VW\xe5\xf2e\xfbX\x04\xf2`^\xd9HG\xa3w\x80,\xe1\'t\xe5\xb1C5G)W\xcb\xb1\x8b\xad\x9b\x88\x18\xa5\xd8\x9e\xf2\x8c|[5\xf9\xdfv\x14s\x88\xdc8]t!\xb7@\x85\xafa]\xe9\xb6\x05\x9f\xaa.\x80\x15\x02|\xa8\xad(V\x9a\x8c1\r\xe2;\xfb\xdag\xbfX\xc7i\x92x\x1c}\x98\t\xd6\x83jy\x1bm\x87n\xe8%\xb0\xfb\xb8\xd9\r\xfb\xce\xea\xccn\xceO\xa1=\x9a\\\xbb\x9a\xe64\xcc\x84y4\x8d\xde\x10Ko\xeeq\xd1\xb5H\x05\xcd\x97\xf7(\xb7\xd5_\x82\xe3\xc0\x8a\x96\xc15<\xe1\x0f\xd4c\x90fE\xdb\x94\x95\xd1\x92\xaa\x15!|Fk\x1fv!\x8f\xd2\xe7\x8b,\xad@sh\xeeFl\x0f\xe3\xf7IkLUP\x1f\xbc\xd2\xbe\xee+\xa5\x86R2\xdd\x80\xfb\xe8\x01\xc0\x16x\xb4\x0b\xb2$\x8em\xcd\xa7\x97\xef\x01:M\ne\xc8j\x8b\xd9fI}\xf2\x9d\xd7g\xf3\x12l\x18\x93\x84\xc8f\x01y\xb69qK?M\xe5\xc7\xcd\x90v\xa4\xc9t>\xb8\xf2\xe3\xab\x0c\xb4\xd0\'\xa9<\xdf\xb58\xd6s\x8a,\xaa,J+H\xe2\x955\xc3\xab\xcc\xb6\xe3\xf5\xec\xc6\xe1\x824L\xe0|T\xc6\xca\xdf\xed\x1b\xd5\x1f\x8eO6\xf5qN\xb4\x0e\x83\xb2\xa6\xab\x81JA\xe2yvjI-\xd3\x1c3\xc1\xc7\xd2>z\xd7\xbd\xe5\x05eW{\x04\x90\x83#\x83\xad\x84\xd6LYb\xd3D\x11T\xb1\x9b\xb0\xaco\\F<\x99c=\xc5M\x13\x18EoT\r\xfer\xd4t\\\x87\x9f8vf@\xa2\xd8\xf6\xf46\xeaf\xb5\xb7\x8b\xcb\xb7u\x14Y\xc0\xb3\x87\xcf\xd5\xa2LJ\x01\xad\xd7]\xd6l\xff\xba\xb9\xa1H\x83\xd8U\x98\x08\xe8\x19\xaf\x1e\x82\xcc\xa7w.\x9c\x86\x87\xf3c\xef\xb9\r\xed\x1an\x1f\xd5\x1b\x92\xffd\x13\x03\xa0Y\\\xbf\xa3G\xd1\xd5D\x16\x800\xb6\xa1\x11ye\xcb\xb3>O\xffB\xf4\x11\xa1\xf7\xcf\x98\xc1\x00\xcf\xea\xbb\xd8(\xbf|\x18\xaf\xb2B/$\xe6\x02I\xd9@!\xfaqy\x94j\x10\xe7MM\xe4\x00\x0c\xba \xbb{\x17a\xe4\xa8\x96i-\xc73\x9f\xbe\xd9xCh>\xb8N/\xfc\xb6c;\xd3\xa3\xa5\x84\x83R\xe5h)R\x83\xf5\xbd\xef\x8d\'`[\xd4\xb7\x9d\xd9\xcf\x85\x9a#\xf1\xf3|\xd3\xb0\x95\x82\xb4T\xca=8\xf4)_\xc8\n\x1d\xf4\xd0\xe5\xd0T\x85\x92\xc5&\xca\x8bX?z\x8d-\xeeeU\x9d\x96\x92S\xf9\tz(\xf8\xec\x04\xf8\xcf)\x8c\x1f\xf9\xd5\x7f\xa3\xceG1\xb4\xd6T(K\x9dD\xa4\x0e3Q\x91\n?\x16\xc4P\xc5\xe2@\xef\xd8#T\xf7\xde\x15bNI\xafH\xfe\xe1\x04\x95\xbewx!oKi^\x95\xcd\xbe\xcc\x16$\x9aD\x17_\xa4\xd2-#-a\xa1\x04\xcb\x1d\x147/\xa3\xc1\x01\xfa\x13\x95\xa2\x9b9\x82y\x91\x03\xf4\xfb\xe3pOT\xf9\xc9\xa8\x85\x1dZ\xdf\xd9\xb2\xb4\x97\xb3\xe0\x91\xf5\xaf\rV\xd553\xf5\xb3\xc8`\xba\x88\x11\xbdh#Ql\x06\xb5\xca\x16\xe0\xa5:1\xcf\xda=\x85\x02xC\x17B\x14\xd7z7x\xf4\xda\n\xbc\xb1m-,+\xd6b\x17\x8bCSD%Y|D\xac\xf4(\xd2[\x1ea\xb5B\xf9\x0f\xac\xab\x05>\xfdS\xe8\x97~>\x14L5\xb3\xfd\x92\xa20 \xf4\xe0\x10\xd9m\x10\x0f\xf6\xaf\xae\xd1~/\xf6c9\x83\x11u\\\x80Z<|\xaf\xd7V\xb5\x0e\xb4\x1c\xdc\x01d\x8a$\'\x02$SN\xe7\xa8\xd1\x03\\K\xcb\xda\xcf\x14\xf4n\xd5\x93G\xdb\xbb\xeenr\xf5\xf8\x08\xb8\xe7A*\x1d\xa9n(\xf6_\xd3\x1f\xb3j\xb3\xec\xd7\xb3Z\xa4\xfa\x10\xd5\xf1\x90DS\x8a\xa4&\x9bC|\xa9\x7f\x7f\x04\xa3V\xc0\xb5\xdfb\x81\x89\xaa\x19\x84\xcb>\xa6\xf6\xcdV\xdfD\xf3jv\xd7-b*\xe3g\x81&w\xcc\x13b\xcc\xed\xb8\x0f\x8f\xe3\xb3$\x99\xa8\x18\xfc\x03\x99a\xeb\xa1P\xca\xad\xc7\xe6\xd2\xfc\xb8@\xae\xa0\x15~\x0f+\xb7\xd8\t\xe2@\xec\x19\xf8\x7f\xdb;\x8cG\x15=\xb5$\x10\xbaIMft\xd4\x129\xe9\xbaH\xce\x1f\x8aM\xca.y=\x83\xb7\xaa\x11\x04\xddF\xcc?\xb5]!\xff\x8dBV\x8e5tZ\xb2\xa7\xb46\xc4\x1a\xe9fT>\xe1\xd1{\x95\xca`\xb0\xc5\xbd\xa7\x08t>\xd5\xbf\x00\xfd\xf3\xc9m*l\xe3\x8dP\xed\x03\xf3\xcc\xa72\xdc\x10c@\x9e\x82`\x9brVG\x9f\xd78\x88\xe1\n\xd3y\x07\x82L\x88\xb7\x01\x1f\x95\t_\x025\xa0\x19\x91\xcd\xcb,R\\\xb9z\xa9:\x16A\r\xe3\xc7\xe1;\xd7/zZ\xf3\xb7\x03\x94\x9e\xcb\xe0\xbc\xa1\x92\x8e7I\x80._\xd6;+\xc3UPx\xb1\x80\tz[\x97\xdap\xc3\x9f\xdf\xa7\xff\xe9\xa8\xd2\xee\xfc2m-\xbeq\x959\xcb\xcc\x1fZ\x86@\xa5\xbd\xa1\xc1\xd0,{\x8ae\x99\xeb\xaap\xd6\x13\xb4\xffMC\xc4N#\x07@\xf1\xa8\xeet\xf7\x8aS\xdcE\xfb\x91\xfd\x8f\n\x05Hq%t\x1by3\xe6\xcf\xc9y\xff\xe84\xb6\xe5\x93\xb1LtP\x04\xd6=\xe2\xc2\\\x89\xaa\x16\xf7\xecsC\xeb\xbfSX\xfd\xf8s\xb3\xae\xd4\xef\xa5\xaek?z\xef^\xed\xb3\'\xc8>\xd3?\xaa\r\x05\x11\xeb\x0b\xa5\x88\xfc\xd4\xd3\x8d\xaf\xd3l\xe4HS\xdc\xd8d\xcf\xf8 \xa9\xe7Q#\xa8\xee\xb0;z\xf7;q\x8e\xfb\xb4\x8f2C/c\x95\xe1\xaaL\x9d\x89\xce\x18\xc0\xac\xa3YD<{\xe4\xe25\xc8Qo\x8bu<4\xfc\x82\x04.c]\\\xf5\x1d\x91\xfb\x07\xfe\x06\xa1\x15\xa7\xa3\xb9N\xa9\xcbC\x11\xcb\x89]\xb2\xb5G\x90\x133\xa1\xd6\xc1A\xd2\xda\x012\xa0\x0f:a\xdc\xfdk\xf1\'\xdc\xb47\x1c\xa4\xf1\x83\xd8\x89n\xf1\xd7\xb2\xf0\xb5\xf1\xf7\xa17\xf6\xad'
tbI624
I0
F0
tb.