# time 	 divergence 	 # of mutations 	 # IGC chances 	 IGC length 	 # IGC failures 	 Changes due to IGC  	 % change due to IGC 
0.0	0.0163599182004	0	0	0	0	0	0.0
0.000520550929731	0.0163599182004	0	1	6	0	0	0.0
0.00230815410293	0.0163599182004	0	2	2	0	0	0.0
0.00735626613542	0.0184049079755	1	2	2	0	0	0.0
0.00746295979794	0.0184049079755	1	3	7	0	0	0.0
0.00776301921221	0.0184049079755	1	4	1	0	0	0.0
0.00805818004111	0.0184049079755	1	5	2	0	0	0.0
0.014524433131	0.0184049079755	1	6	1	0	0	0.0
0.017078361956	0.0184049079755	1	7	7	0	0	0.0
0.0170952459159	0.0184049079755	1	8	2	0	0	0.0
0.0177183439945	0.0184049079755	1	9	3	0	0	0.0
0.0182855835842	0.0184049079755	1	10	4	0	0	0.0
0.0183107022651	0.0204498977505	2	10	4	0	0	0.0
0.0190640119482	0.0204498977505	2	11	2	0	0	0.0
0.0196409171496	0.0224948875256	3	11	2	0	0	0.0
0.0199752613768	0.0245398773006	4	11	2	0	0	0.0
0.0208240279751	0.0245398773006	4	12	5	0	0	0.0
0.0213009612998	0.0245398773006	4	13	5	0	0	0.0
0.0213232774902	0.0245398773006	4	14	3	0	0	0.0
0.021619693131	0.0265848670757	5	14	3	0	0	0.0
0.0233762757176	0.0286298568507	6	14	3	0	0	0.0
0.0236955639319	0.0286298568507	6	15	4	0	0	0.0
0.0238278229442	0.0306748466258	7	15	4	0	0	0.0
0.0240597403255	0.0327198364008	8	15	4	0	0	0.0
0.0251758310331	0.0327198364008	8	16	2	0	0	0.0
0.0255595488679	0.0347648261759	9	16	2	0	0	0.0
0.0282705277507	0.0368098159509	10	16	2	0	0	0.0
0.0321601693446	0.038854805726	11	16	2	0	0	0.0
0.0339619505414	0.038854805726	11	17	2	0	0	0.0
0.034571610897	0.038854805726	12	17	2	0	0	0.0
0.0360070821564	0.038854805726	12	18	1	0	0	0.0
0.0371978912335	0.040899795501	13	18	1	0	0	0.0
0.0382425822231	0.0429447852761	14	18	1	0	0	0.0
0.0388257105934	0.0429447852761	14	19	4	0	0	0.0
0.039739923487	0.0429447852761	14	20	8	0	0	0.0
0.0414336617279	0.0429447852761	14	21	1	0	0	0.0
0.0425396382805	0.0429447852761	14	22	2	0	0	0.0
0.0433500569047	0.0449897750511	15	22	2	0	0	0.0
0.0443080725978	0.0449897750511	15	23	6	0	0	0.0
0.0443595170999	0.0470347648262	16	23	6	0	0	0.0
0.0459018985624	0.0470347648262	16	24	1	0	0	0.0
0.0466950840924	0.0490797546012	17	24	1	0	0	0.0
0.0513012319885	0.0490797546012	17	25	3	0	0	0.0
0.0522668091404	0.0470347648262	17	26	3	0	1	0.0555555555556
0.0525262270557	0.0490797546012	18	26	3	0	1	0.0526315789474
0.0530187088989	0.0449897750511	18	27	8	0	3	0.142857142857
0.0531237023398	0.0449897750511	18	28	3	0	3	0.142857142857
0.0541753932516	0.0470347648262	19	28	3	0	3	0.136363636364
0.0546319683402	0.0490797546012	20	28	3	0	3	0.130434782609
0.054749710924	0.0511247443763	21	28	3	0	3	0.125
0.056266304421	0.0511247443763	21	29	2	0	3	0.125
0.0573541335187	0.0511247443763	21	30	1	0	3	0.125
0.0576132464556	0.0511247443763	21	31	2	0	3	0.125
0.0582933150131	0.0511247443763	21	32	4	0	3	0.125
0.0583377657347	0.0531697341513	22	32	4	0	3	0.12
0.0586444550543	0.0511247443763	22	33	4	0	4	0.153846153846
0.0594835171608	0.0511247443763	22	34	3	0	4	0.153846153846
0.0595048104607	0.0531697341513	23	34	3	0	4	0.148148148148
0.059657670209	0.0531697341513	23	35	1	0	4	0.148148148148
0.0599227368715	0.0531697341513	23	36	1	0	4	0.148148148148
0.0608950455687	0.0531697341513	24	36	1	0	4	0.142857142857
0.0612932454863	0.0552147239264	25	36	1	0	4	0.137931034483
0.0622897065676	0.0531697341513	25	37	8	0	5	0.166666666667
0.0643400773873	0.0552147239264	26	37	8	0	5	0.161290322581
0.064998211174	0.0511247443763	26	38	6	0	7	0.212121212121
0.065486360974	0.0511247443763	26	39	5	0	7	0.212121212121
0.069306412123	0.0531697341513	27	39	5	0	7	0.205882352941
0.0708032623939	0.0531697341513	27	40	10	0	7	0.205882352941
0.0716899847066	0.0531697341513	27	41	2	0	7	0.205882352941
0.0728176457201	0.0552147239264	28	41	2	0	7	0.2
0.0731848902936	0.0552147239264	28	42	1	0	7	0.2
0.0737808476094	0.0572597137014	29	42	1	0	7	0.194444444444
0.074902826022	0.0593047034765	30	42	1	0	7	0.189189189189
0.0752980829498	0.0613496932515	31	42	1	0	7	0.184210526316
0.0760487573603	0.0633946830266	32	42	1	0	7	0.179487179487
0.0763340414968	0.0633946830266	32	43	3	0	7	0.179487179487
0.076436351504	0.0633946830266	32	44	1	0	7	0.179487179487
0.0767725745739	0.0633946830266	32	45	1	0	7	0.179487179487
0.0782093838838	0.0633946830266	32	46	2	0	7	0.179487179487
0.0801308459532	0.0654396728016	33	46	2	0	7	0.175
0.0805673397956	0.0674846625767	34	46	2	0	7	0.170731707317
0.0833006454462	0.0633946830266	34	47	4	0	9	0.209302325581
0.0848045800355	0.0633946830266	34	48	3	0	9	0.209302325581
0.0863322384385	0.0654396728016	35	48	3	0	9	0.204545454545
0.0873913544172	0.0654396728016	35	49	1	0	9	0.204545454545
0.0937208417874	0.0654396728016	35	50	1	0	9	0.204545454545
0.0941635456167	0.0654396728016	35	51	1	0	9	0.204545454545
0.0954749882852	0.0654396728016	35	52	6	0	9	0.204545454545
0.096429252503	0.0674846625767	36	52	6	0	9	0.2
0.0970466075995	0.0654396728016	37	52	6	0	9	0.195652173913
0.0977207659126	0.0674846625767	38	52	6	0	9	0.191489361702
0.0979811436849	0.0695296523517	39	52	6	0	9	0.1875
0.0979863743597	0.0695296523517	39	53	2	0	9	0.1875
0.0983013980314	0.0715746421268	40	53	2	0	9	0.183673469388
0.0986532345561	0.0674846625767	40	54	8	0	11	0.21568627451
0.0989640101243	0.0695296523517	41	54	8	0	11	0.211538461538
0.0997472649253	0.0715746421268	42	54	8	0	11	0.207547169811
0.101512679518	0.0736196319018	43	54	8	0	11	0.203703703704
0.101679191006	0.0756646216769	44	54	8	0	11	0.2
0.102073989338	0.0756646216769	44	55	2	0	11	0.2
0.102733468537	0.0777096114519	45	55	2	0	11	0.196428571429
0.103791086565	0.0777096114519	45	56	1	0	11	0.196428571429
0.106109970304	0.0777096114519	45	57	2	0	11	0.196428571429
0.107080951547	0.0777096114519	45	58	1	0	11	0.196428571429
0.10749279896	0.0777096114519	45	59	1	0	11	0.196428571429
0.107741146839	0.0777096114519	45	60	1	0	11	0.196428571429
0.111960544107	0.079754601227	46	60	1	0	11	0.19298245614
0.113153311458	0.079754601227	46	61	1	0	11	0.19298245614
0.113377978362	0.081799591002	47	61	1	0	11	0.189655172414
0.114299546807	0.0838445807771	48	61	1	0	11	0.186440677966
0.114539037231	0.0838445807771	48	62	1	0	11	0.186440677966
0.117311188309	0.0858895705521	49	62	1	0	11	0.183333333333
0.118817615328	0.0879345603272	50	62	1	0	11	0.180327868852
0.120049192288	0.0879345603272	50	63	6	0	11	0.180327868852
0.123338515277	0.0879345603272	50	64	9	0	11	0.180327868852
0.124190808966	0.0879345603272	50	65	3	0	11	0.180327868852
0.126461130617	0.0858895705521	50	66	2	0	12	0.193548387097
0.127240152781	0.0838445807771	50	67	4	0	13	0.206349206349
0.127404318202	0.0858895705521	51	67	4	0	13	0.203125
0.12829413464	0.0879345603272	52	67	4	0	13	0.2
0.130554960447	0.0879345603272	52	68	3	0	13	0.2
0.131677362687	0.0879345603272	52	69	1	0	13	0.2
0.133882886815	0.0879345603272	53	69	1	0	13	0.19696969697
0.138807705646	0.0879345603272	53	70	1	0	13	0.19696969697
0.139041335886	0.0858895705521	54	70	1	0	13	0.194029850746
0.139328725079	0.0838445807771	54	71	2	0	14	0.205882352941
0.140510458577	0.081799591002	54	72	2	0	15	0.217391304348
0.141924717215	0.0838445807771	55	72	2	0	15	0.214285714286
0.143982125253	0.0838445807771	55	73	14	0	15	0.214285714286
0.145400667523	0.0858895705521	56	73	14	0	15	0.211267605634
0.146449623357	0.0879345603272	57	73	14	0	15	0.208333333333
0.146879815309	0.0879345603272	57	74	3	0	15	0.208333333333
0.147512689965	0.0899795501022	58	74	3	0	15	0.205479452055
0.147612972973	0.0920245398773	59	74	3	0	15	0.202702702703
0.149718924441	0.0920245398773	59	75	2	0	15	0.202702702703
0.150261328038	0.0920245398773	59	76	1	0	15	0.202702702703
0.152009434331	0.0920245398773	59	77	1	0	15	0.202702702703
0.152445738468	0.0920245398773	59	78	3	0	15	0.202702702703
0.152574520381	0.0920245398773	59	79	1	0	15	0.202702702703
0.155035087366	0.0940695296524	60	79	1	0	15	0.2
0.162043082549	0.0961145194274	61	79	1	0	15	0.197368421053
0.162194234782	0.0981595092025	62	79	1	0	15	0.194805194805
0.163263990216	0.100204498978	63	79	1	0	15	0.192307692308
0.164472445455	0.0981595092025	63	80	4	0	16	0.20253164557
0.166132536168	0.0981595092025	63	81	12	0	16	0.20253164557
0.166442274303	0.100204498978	64	81	12	0	16	0.2
0.166617365923	0.102249488753	65	81	12	0	16	0.197530864198
0.169320135929	0.102249488753	65	82	2	0	16	0.197530864198
0.172060643741	0.102249488753	66	82	2	0	16	0.19512195122
0.174605618299	0.102249488753	66	83	2	0	16	0.19512195122
0.175215461091	0.102249488753	66	84	1	0	16	0.19512195122
0.176109776323	0.104294478528	67	84	1	0	16	0.192771084337
0.176463716211	0.106339468303	68	84	1	0	16	0.190476190476
0.176682517687	0.104294478528	69	84	1	0	16	0.188235294118
0.178139387272	0.104294478528	69	85	1	0	16	0.188235294118
0.178820435511	0.104294478528	69	86	2	0	16	0.188235294118
0.18250809936	0.102249488753	69	87	8	0	17	0.197674418605
0.185274154941	0.104294478528	70	87	8	0	17	0.195402298851
0.186243900021	0.104294478528	70	88	1	0	17	0.195402298851
0.187453372694	0.106339468303	71	88	1	0	17	0.193181818182
0.187946428358	0.106339468303	71	89	2	0	17	0.193181818182
0.191901843265	0.108384458078	72	89	2	0	17	0.191011235955
0.19221167903	0.108384458078	72	90	1	0	17	0.191011235955
0.194409769894	0.110429447853	73	90	1	0	17	0.188888888889
0.197933556012	0.112474437628	74	90	1	0	17	0.186813186813
0.198188382417	0.110429447853	74	91	4	0	18	0.195652173913
0.198686245848	0.110429447853	74	92	1	0	18	0.195652173913
0.199054550255	0.110429447853	74	93	3	0	18	0.195652173913
0.200268318028	0.112474437628	75	93	3	0	18	0.193548387097
0.200496102559	0.112474437628	75	94	2	0	18	0.193548387097
0.201504851576	0.112474437628	75	95	1	0	18	0.193548387097
0.202799326873	0.110429447853	75	96	8	0	19	0.202127659574
0.203195667735	0.110429447853	75	97	1	0	19	0.202127659574
0.2065317056	0.110429447853	75	98	2	0	19	0.202127659574
0.207683450153	0.110429447853	75	99	6	0	19	0.202127659574
0.208400271664	0.110429447853	75	100	1	0	19	0.202127659574
0.208541391142	0.110429447853	75	101	2	0	19	0.202127659574
0.209127729462	0.110429447853	75	102	2	0	19	0.202127659574
0.209194656142	0.112474437628	76	102	2	0	19	0.2
