cnumpy.random
__RandomState_ctor
p1
(tRp2
(S'MT19937'
p3
cnumpy.core.multiarray
_reconstruct
p4
(cnumpy
ndarray
p5
(I0
tS'b'
tRp6
(I1
(I624
tcnumpy
dtype
p7
(S'u4'
I0
I1
tRp8
(I3
S'<'
NNNI-1
I-1
I0
tbI00
S'\x8e\xaea\xb5\xf1k\xa6lk\xad\xdcF\xf0-\xe9\xe3("\xf5,\xe5\xc3\xd7Tm\x81\x1c\x9e\x8b\x8d\x15\x0b)\xb1\x97\x8f&\x1d1\xb3\xc3\xe6u\x99\x8d\xe1;\x9f\xefb\x06\x8e[\xe6o\x0e\x17\xef\xcfz\x86X\xacP\xea*\xc9\xffW\xc2\x9c\x02\xcc\tQB\x84\xc9\xd9b\x18C\x1b\x7f`e>\x1e\xd6\xc5L\xc1\xd3\x80\x9e\xecb\x9fbbt\xb1|\xd0\xe2\xea\x1b2\xd0`\x91\xa4Za\xb3<\x07;\xe6\xba\xb7\xb4\x8d\xd4\x033\x84W\x17\x92SaU\x18\xac\xd6T7\x8c\xb8s\xc3e|Qf\xd5v\x01d*\xd1t\x1a\x1fz\xb7\xceR\xc7\xf3g\xfe\x12B\xc6\xee\x96\x8dy\x94\xff\x8c{\xff\xd5\xd8\xe8=\x8a\xa8_\xad/\x14Z\xd5L\xf3A,\xcbw\x04P\tDD\xca\x07\x13\x9a\x98\xa7!\x17\x10\xf1\x02l\x86`\x01+)Ef\x8e\xe9\xfd\x0c\xa4\xb6\xb8U7\x17\x1d\x18\xa63c\x13\x85\x82\n\xcb#Q&\x83\xc7\xb8\xb9H\xec\x14!\x90\xa8x\xa8\x1f\xfe\xdf^\x05\x9e/\x04\x92\xc3 \x85\rp\xb5L]\xad|;/H\xc3\xb8\x92kM\xf6<\x91\x96\x0c\xfb\x93l\xa4>\xef\xcf\xcf\x13N+X\xc9\xac\x80\x10\xf9\xd4\xbc\xd2i\xa7\xf5\r9\xbd\x9b\xa2\x9a\x916\x95\xe0TT\xdc?\xd8\xbc\x0c\xa3$\xd9H5C\xf5\xa6\xe3\x9fu\x89:N\x05@C7\xb9}\xd3)Z?Ik:\x1e/\'.\xd8JQ\x91E[F\xa3\xcf\t[\xe8\x9bJ\xc5\x9f\x02]\xae\x97\xd9\x92\xbeg\xc7\xffK\xbaa\xfa\x1e\xc6\x0f\\d\xf3\xd2\x14\x04?d\x9a\xd8\xc7zBb\x84\xdd\xd0\xf7sR\x07\x98\x9a\xbcS\'\x0c\\nU\xdc\xb7M\xd5j\xa6\xfa\x9f\x9f)7\x88\xd3\x12\x8a\xbbxx\x19u<\rcU]\x94\x16V\xd8\x11.\x17\xcf`)\x0f\xe9a\x9d\xbf\x11\xb1g\xe2\xb9\xa9\xf4\xa7]n\x15\x92fg\xfe\x81\x13\x18\x0b\xb9Kz\xdbk\xaeO\x82&\xe4\xcf\xd2xEH\xb5c\xdc\xb4\x91\x0b[\x94;K^\xa9\xc0\x8ec\xd7\x0f.\x00*x\xcd+\x7f\xe6\xb7\x04Ch\x9bn\xbf)f\x83\xa1J\x1b*\xce\xf1\xae\xe0\x99\x80\xfaRC\x91\xc7\xa3\xe7\xfc\r*j\xc9\xfaC\xaf\x87\xc0\xfe\xaa\r|\xba\xd5\x83%e_`\xb8\xc1\xfd\xe5\xc3\x16\t\xff\xb9\x8e\n\x84\x05\xf1e\xbcP\xba\xc9J\x7fr\x8e9\xfd\x14\x01\xcf\xa8\x1d\x16\x99\xe0\xfc\x9d\xbf\xf1\x12\x85\xcd\xd8\x807\xee\xdc(\xdc\xc9\x14H\xcd\xa4\xd25^\\\xeb\x11\x82t\x18N\xc1\xf4\x1a\xf7>\x954\xc0\xc8\x8f^\xd6\xdf\x93\x99\x95\xe4\xa7k}X|,\xfd\x7f|-\xc9?\x14\x9f\xc7\xf21\xd3\xd0D\x98\x9b\xea?V\xaa\x97q\xfdhIb~\xd6\x05\x1bS\xf6\xa3\xe0\xc7bv"\x13\xbfS\xf8W\x89Y9\xa8\xdb\xdb\xbe\xa9\t\xf7\xbb\x987pnJz\x1coA\x9bUk\xea\x15H\x9e\xf5\x85\xa7\xab}\xca\xb3aL_\x98\x7f"\xa5\xb0\xa9\x8b\xe8\xc0\xc6|*\xb1\xdb\x1c\x02<\xab\xe2\xf43\x8fe\x05\x9d\x80\x8a\xaf8\xd0k\xdd\xa9\xff>\xfc\x040\xcc\xf2\r\xef;(%\xc6\xa7\xdf\xfcf\xa5\x03\xb39Y\xcbl\xba\xdcB\xde\xeb\xfe>\x12\x81<VvQ\xf0\xde\xb3\xf7\xf3a\xef\xbf\xd7)\x0e-\xa5\x07Z\xceFP*\xfd\x0c\xdb\x98\xde\x19V"\x7f\x1cN\xa1\xb1\x92\xc5\xfa\xe6\xb7\xcbu\xe4\xab\r\x9a\xbd\x87\x97\xd3\x83Xt\x97V/\x02r\xadk\x97h\x13\xac\xf3}.\x94T\xc1\x06P\\!\xfe\xa5\x98$\x86\x04\x8dRVY\xcf\xd3?\xbb>Z\xa4\xdb,\xa5B\xa0\x94+&\xe3\xdc0\x17\xbf\xd3\xb8Zj^\xf2\x99=G\xee\xa4\xc6d\xa1)\xef\xb7\xdc\xdb\x08\x00\x89\xd5v\xdb\xd0\xe4\x97\xd6_\xe3b\x02n\x1f,%\xc9{*P\x05\x07\xda\xa6\xe6u\xbd\x95\x05|;\xf2,\xefv\xeacs~\xee\xf19\x1a\xe0\x85\xba\xa5H\xc5\xceO\x15i\xd5\x9c\xc0J\xae\xe90\xa5\xf8|\x9c\x98o\x17\xd6\xdf\xc0\x0f\x9a\xe0\x87t\xbb\x89\x01\xa5\x8d>\x81\xf5\xbb\xb8\x10\x18|\xdc\xaaU\xd2.\x01R\x86\xde\xdb\xee\x1a\x89\xf4\xd9\xab\xb5`6\t\xabZ\x1a\xbf4\x93d\xfeX\xd8\xa6\xfe\x90\x0e\xaf\xd7\xc8^tx\x03vps\xd5L\xf5\xfe\x14\xa1\xd9s\xe3y\xec\xfc\x06\xddA\xdc;R\xc0 w\x14\xc0\xe8q\xc8\\:\xab\xac&W\x9e\x0e\x0e\x16\x00~T\x07\xa1\xc0\xcd\x14\xf9\xf4\xb0u\x87\xa9\xd1\x9f\xa2 \xbe"\xee,^a\xf2-\xc4\xc6\xe0\x15=b?p^\x8f7\x03\xae\xc3\xba!;\x83=\x0f\xcf\xae\n\x01.\x1a\x9c\xc4\xf22E\x0f\xaa\x17M\x1b\x0f9<\x9bd?\xa1<DA\xa9\x0f\xd8\xd1\xb2\xf12o\x15:-\x0b/ %d\xb8\x04\xa9q\xd9\xf9\xf7NvF\xa3l\xd35\x148\xe4:\xc1\xad\x1fl\x15\x05\xdbLn%\xfff\x98Na<-\t\xba\x89\xa0\xa8\xb2\x11\x08\xb1i"\xa3XYmd\xa1%\x96f\xde\xa0Y\x06sO\x9d\xef\x16\xa9\xc8*\x15\x06\xa1\x1fd\x07\x8a\xad\x91\xca@\xa0\x89\'\x91\x81\xa3R|\xd7~0cb\x10N\xe5a\x01"\xc4U.i\xdd\xb0I\x9cr\xcf\xd3>\xb4\x9a\x94sZ\x99S\xeb\x19\xc1\xb0\xb5\xeb\xefq\x01u^e:@\xaf\x17\xf2?@y$\xc3<\xb8$%\xb5\xd3\xbd\x00\x04Xa4l\xd9P\xf8\x11J!\x07\xa8\xda6\x89\x83\x8c0oPtM\xc1z\x1fMH\x10\x06\xe0\xd8Q\x17\x9eiQ5\xd5\xa1\x92\xbc1.\xad\xe5h\xa2\xb3O\x96\x1a\x9c\x8f\xc6\xbb\x08\xfb5\x10F\\\xe5\x1e\t)2\x8fU\xc6\x10\xb5\x90B.\xc8e\xc4\x90\x0e\'\xba1N\xb9\xdboc\xc6%\xf4\xdf\xf6\x91\xec\xaaU\xc4\xa2\xd2\xf3\x01\x99Nq\\\x8bavwp\xb3\xe6\x82\xe2X\x00\x10t\x8c>\xfb,\xf0\x05\x993\xdb\x9e\xa9O\xe6\x18 \'y\xf2[:\x04\x0c\xbb\\0\xad\xc4b\xb8\xden\x04.6\x89\xaf(X\x01T\x1bn\xefy\x9c.\x9b\xd1\xb1\x03\x90%\x11\xcd\x05\x0e\x17\xb0\xcf\xbbJ\xed.\xa2\xdb\xe9\xfa\xb8\xd8\xd5P\xd3\xe2\xc5\x8eaC\x8f\xd5\x92\x03\xb8\xd6pzYi\xc9&3\x12\x93+\xc2P\xc5\x0b:z\x82Q"\x12M\x8e5:\xba\xec\xba\xf8\xe57\xff\x98\xb0S\xb3\x8d\x8fq\xca\x94\x89J\xf5\x1f`\xb2\x0e\xbc\x00\xd6\xa4P\xe8\xfa\xdd\x06-p\xfb;G\x06\x1e^\xc4\x1f\xc5\x07\x7f(\xe4\x9a\x9e\\\xe0o\xe2\x94-\xf8\x024\x9a\xc4CJ\x83"\x84\xd0lS\x11\xa47\x14k\x8d\x9d\x98%%\xaf\x04\xef+\x19\xb2Q\rB\xb2\'\xb4\x12sj\xdd\xfc\xf5r\xbf\x07N\xbc\x9d\xfd\xeb2#\xa4\x01u\xe1u\xf6\x12\xcb\x17\xcc\xae\xfaP\\\xf2h\xf8Z\x0b\xbc/\xb5\xcf\x9b1\x0e(\xba\xfbL\xa14\\\xcf\x0cP\xc7\xc1\xecF\xb6\xde\xb3\xd9\xdcBt\x11\xdc\xfd\xe7\x01|\xb4\xd4s\x1f\xc2\\\xd8#z\xbd\xb4\x82\xbb!\x03\x9a\xf9\xe1\x82z0\x08\x98)\xaa\xcb\xebh\xe9\xa8\x82#\xd3\xe1\xec\xd3\xbaFO\x153\xdb%Z\x19O\x0eS\xa9%\x06l4\xb9\x07\xdf\xa0Y\xf9L\xa3\xc1\xf7\x99`K\xb7\xe6m\xa1\xe1`q]\x0eX_\xe4XcA\x96\x9e\xecZ\x1a\xb8\xb8o\xda\x93\x07{\xd0\xcd\xaf\tx\xf7z\xd3r\x08\x8c-\xeb|K\xfcW\x86\x8d\xeb@7Kb\x02\xd1\xb2\xa3eS&\x04\xdei\x86\xda\xd1\xce\xf3\x9a\xda\x8a\xbd\xa1\x0b\x9c\xff\xef\xc7\x01\xdb\x02\xb2X2)\xe8d\x94mAl\x86\xc6I\x00M$\x00[l\xa10\xe9?,?\xf8:lfEr\x00\x07\xc6\x14\xe7(\xf2\x98\x1fN\x82\x95\x84\xe4\xe0\xcf;\xb1s\xa0~\xa0%\xea\xb0\x99\xcc$\x879vgIs:I\xeb\xd5Mb^`\xd7\xc2\xb2\xa5\xe3\x84f\x86\xe1\x88\xc4Z\x9d\x08\x88\x96^b\x1c\xe5\x9fR\x8b\xfb\xe3\xd7I\xb1\xc7.\x7fi\xff|\xc8g\x8a\x1e\xe1\x9fqJ\xef+\xa3\x97\xc279a\xc9\xd5\xa1\xbcT\xf3\x8a\x1aEgL/\x8f;(\xcf\x9cQsk/v\xf7R\xf4Ao\xd9\x92\xeb\x0b\x14\xefF\x95\x83+W7-4\x13\x1bQI\xd8\xbbP\x947\xfdz\xcc\x80\x17\xb6\xbe\x15\xae(\xfe\xa6\xd3\xfe\xde\xbd\xca\xd8\x08\xec \x02\xa0\x18\x046\xeb=\xc9\xaf\xfc"/\x8d(0\x18mOB\x05h\xf58\xaf\x9f\xc4\xc8p"\x84T7!\xc3\xe7\x03oY\xdf\xef\xde\x84\x82\xc6\xb2?\xe4\r\x19\xb2z\xd5\xf3\xda\xaf:\x13\x19u\x13=\x10/`M\xd9n#\xe7*\xdbaLs\x05\xcbz\x89\x0f\xd3\xfe\'U\xb3\xf4\xf9\xf2\xed\x9e?\xeat\xcd\x9a\xe0\xce\xabzG-\x87\xa4f]\x97/Mai\x9fd\xe2.\xfa\xad\x89\x12\xa9\x93|0\x83\x98\x02d\x9b\x1e\xf1\xce{?\x853\xb8\x98\xb7U\xb5;6)Q\xb0\x03O\xd2\x7fMM\xcc\xf5_\xf0]\xe5L\xd8n^\x1b\x15\xed5\xe3\x84\x9c=?\xbd\xb7\xcc8\xae\xcb\xca\xb0H\x8d\xb6U\xe7\xa8\xdb\x1f/\xaa\xb9\xbc|\x03\xbda\xba\xdb\xda\x03Og\xa8\xc4s\x98\x11\x8d\xfa\'\x92\xca\xec#\xf1%\x86z)D\xe9E\xaf\xa9\x85\xfd)\xd8\xe8\x7fC\x15\x0e{5\x16k\x04\xd2\xb3\x05\x1b%\xda\xab\xbdD{\x0c\x9dD/\xeb\xf3.\xd8\xe5-\xd8U\xce\xa0e\xbcw\xfd&\x16\xc7\xbc%\x10\xba\xa0\xfd\xde%\xe5GF\xc5;\xaed\xba\xe5\xf6H\xe6\x14qT~\xcf\xa4pc\xcf<\x01.\xb3\x85\x07\x84UE\x9a\xb8\x89_`/.w\x1bV`9aU:\x0e\x8a\xcf\xb9\x82\x1cA\x92\'\xf6\x7f\xee\x05F\xb64\xda."\xf7s5\xd5\x99)O\x91\x94\xa0IL\x0e"v\x83c\xc4\t\xaf@,\x18@\x85r\xd6\x99\xfa\xc2\xc1f\xe9\xe5\xb8d\xd0Q\xd7\xc6\x07\x05\xe7M\xfa\x88jm*\xd0S\xf1\xa6\x02g\x81\xa0v\\\xee\xda\x92\x9b\xd0\xaa\xe5\xf7N\xc6\xd5\x19p,\n\xdc\xfe*\xc8\xa9B\xe5\xd3\x8d\xd6}\xba\xbb8\xa9\xedz\xc1\xd6[\xf4W\xc4\x8c_\xf5,&\x95YZ\x90\xad\xfa\x86I\x84'
tbI624
I0
F0
tb.