cnumpy.random
__RandomState_ctor
p1
(tRp2
(S'MT19937'
p3
cnumpy.core.multiarray
_reconstruct
p4
(cnumpy
ndarray
p5
(I0
tS'b'
tRp6
(I1
(I624
tcnumpy
dtype
p7
(S'u4'
I0
I1
tRp8
(I3
S'<'
NNNI-1
I-1
I0
tbI00
S'Z[\xa8\xe1y\xac)\x8aCy7o\x8fkPc\x87Z|\xda\xb3\xdd\xd6#}\xec\xde\xbb\xb4)\xcc+\xce\xa2\xc4\xe6\xfcX"\t\xf5|^\xf0\xc8\x94\xdc|\xffee\xde\xf0\xc3\xc9R\x01(7\xbd\x06\xcfH\x1a)\xef\xe0K\xec\xe2%<\x0b\xdac\x89\x10L\xe6\x1f.xr\xa7W\xa4\x06\xdc\x051\x97\x8dvw\xe4\xcb|\xfa\x1f\x88\xd1\xca\xbazl\x08\xc0\xd5\xcb*\xbd\xb2#l\xa9\x10\xc5\xb1\x1c\x12%\xfe\x1f\x97\xcf\xb5]\xfc!WJo\xd8\xa3\xe3R\xd3\xbc\x90b)\x85\x9b\xe9\xbc&f\xac\x05\xf86>\xf7Z5\xb2\xda\xa1\xc8\xe2au\xbc\x00|\xc4\xc5\xef\x85\xf9\xb6\x97\x03rO,3T\xd9,\xc2\x82\x1b\xfbq\x18\'z\xa6\x96J5\xb7\xc7\x9cO\xed\x94\xffb\x06\tV\x92\x9a\x1f\xbf>0\x04\x8cs\x1e\xabC\'\x90\x85\x92\xf0\xf3\x87C6L\xd6V1\x0b\xf8\x12\xad\xc0f\xdf\x01C\xb8\x98\x19\xf6\xf2e\x1e\x84p\xa8\xbc\xbb\xba\xad\xbb(\xcc\x15\xbe\x86\xee^\xff\xee\x01F\x82\xddK\xc0\x04$\xc1\xb3\x98*\xf7\xbd^AX!\x9c\x0c;\x86\xc2\x987\x8a\xc2\xf4\xed?\xe80\xb6\x91\xea\x1c\x01-\xbaL0\x04\xfca\x82,/d\x93\x19\x8b\xfe\xaf\x1c\xb0\xa0\x8c\xf0\xa3\x1f2\x06\x8e\x93\xacP\x98\xfe?\xff_\xe6:\xbc\xd9\x1f\x93\xba\xe9\xca\xb3V0~\xa2\xecH\x10\x9c\xe3\xaa\x93\xdd\xf7\xf4\xc5\x98.\x1a\x9f\x1e\xf9`,?k\xae\xf1\n$\x12-\x17C\x10\x7f\xf5T\xe5B\xa2\xdc\x96\xe8\x01`H\xbe?\xae.\xcaie\x93\xfa\x99@:q \xa5\xbe\x1e}\x06W\xd7h\xeb\xc4&\xa1E@\x1dM\x9e\xc7r\x14\xaajz\xce*dt\xd6\xd6\x890\x9d\x11\xe4z\x14\xc1\r0n\xa85o\x06\xe4#3\xd7\x81@\x99V5\xfb\x9f\x04%T\x03\x8cf\x12\x105\'\xbde\xc1\x8d\x80\xc4~e\xc8\xb4\x05\xc9!\x9a"\'^`7\r\x98\x90\x9d\xf81\xe2\xe7\xcaR?B\x92K\x00\x06\xba\xc2=\xc1P\x1e\xdcZ\xaf?\xf8\xc1\xf4\x91`\xf5s\x0c\xdb\x8c\x8ft\xbb<\xc0\x97\xeac\xe7o\xa4`\xc1\x89)\xa9\x82\xb9Y5\x05A\xc8\x9bS7\xfbY\xd2\xe8\xc3(\x95\xa2G\x10\xc8\xea\xd8\xf1\xaa\x0f\xa4"v\x0c?9\x8c\xcc\x82\xb7\xe1\xa6\r O\xde\x8d\xf7\xddE|\xc1)\xa6\x9d\xfbd=\xb4\x02\x89\x19\xf5\x06gZ}A\r?k\xdd\xbf\xcc\x7f\x16wK=r\x1f\xcfY\x1f\xe1h*J\xf6\xb9\xd0=[\xbb\x8c\xb8\x13{\x7f\xd0\xa0\xdb\xfe\x17\xe4\x9d\xcb\xff\xa5G@`\x03\x88\xfd\xa6\xd9t\xceO\xa4\x87\xbe\xbe\xb6,}\x8d\xdb\xe3\x00\xecU\xcf!\xfe\x0f^\x93\xe9\x8b}5\xb2Z\x0b~\x8b\x1e,\xc2\x94\xd8\x1e\x87\x19?JIQ\x8c5\x8e5=\xbc4\x90\xb7\xe6%\xb4|U\x0f\x8f\xec\x8d\xd7\x87_\x7f\x92\xc3\\\x81\x85\xd9\xcc\xf7\x07\xce\x85\xd1\x0e\x12F\xd35\xbd\x94B\x02\xf8\xd3\x00m\xd0}\xa7aY\x0b\xc5\x08\x8dG\xf5@\xa3\'\xf6\x96_\xb0\xc2{\xf7I\x824\x19\xe8\x06d\x90\x81\xc0\x8cC\x9a\xa97\x83\xe7\xbdN\xfb \x13#\xfa\x95b\x07u!\xab\x9f\xa5Oh=5\x99\xd6\xa1\xd7m\xd1\x82z\xb9\xd6\\G\x9f\x1ei\xf1\xd7Z\x89\xf4\x0b\xf1\x9a!A\xe1\xda\x10\n%@^}\x12j-o\xe0\x9d~\xaf\xcd\xbeq\xf3.*Z\xa0\x92\xf1h.\x8d\x02\x88\xcf\xa6\xe2K\xdd\x9f\x9e\xf2q\x97\xdd\xbfH\xbdN\xb1bP\xd46hkl\x12R\x88)\x81\x16\x02\x8bo\xd7\xde\xeb7\xd3T\x07\x19Q\xa2\x00\xc3?\xef\xfd?8\x17\x17G\xc0\xa8\x89\x92\x95et\xe7\\\xb4MMh:\x83\xa3\xa6\xff/\x98;\xca\x07\xd7\xda\xd0mioj\xb0w\x8f\x1a\x86\xb7\xc5\x13\xbe\x8b\xf0uvmSb?\'\x9dw\xae\x9d\xc9)B[,\xf7\x12s\xdbz\x1cpo\xcb\xcaF\xc9\xc1sR\xf0\xbd\xe4\xe2\xfa\x96\x1bY\xef\xde\x99)\xe0\x8e\x03\x91\x92\x17O\xa6\x8cN\x1c>|?\x88\ru\x16\xabm\x16\xec\\\x83\x8be\xe7\xad\xe7\xb0\xed.<\xf8\xb9\x02\xfd4({\x1fl\x8f.\x0e(>\xd19OY\xe8\x99h\x14\xde\x88\xc9ojt\xe44G\xd8\xa8\xc6\x0c\xaa^\xbd\x1a2\n\xa6\xfbk\x99\x196{\x96UQ\'\xe5e\xfb\xd5\xeau\x89ct\xbf\x917\x02\xcf<\xfd\x8b\x05\xb4\x158\xd4\xc8\xfc\xb4\x86\xae$\xf5\x94\xa0NEpF\xd1@\xd9\xf8\xd7\xcch\x17;r]\xa2\x96\xde,1Q\xea1\x10\xc3\x8a\x86\xe3\x01\xc7]\x8d\xb5\xdbp\xa0\x93kK\x0ca\xed\x02\xc2\xce;[\x9f\xdfQ\\\xbb\xb5\x0cF\rl\\,\xc2\xd8\xa9\xfds\x8d\x82zH\xb0\xde \xa9\xa6bf\xc9`\xc6\xfet\xf2O\x1cD\xcd\xd7g\xf1(\xf7jt\xd0;P\x80\x9b\xbc\x8aB&\xc4xV\xf3\xd6\x97\xbeKEn\'\x08l\xa4\xf65\xecZ\xf5\xe06\xe7\xbf5\xa8\rb\xf4\xa8\xbc\xc3\x9c\xbb\xf8-\xcf\x14$IM\x11\xfd\xe83VT+e\xfd\xab\x92\x89\xc0b>\xc8\xd5E1\xec\xc7\x03a\xfev\xac\xea\rP\xf1\xffh7K\x01XJ\xec\xf9)\xa0\xf3\xfa\xac\xfdW\x83=D\xd4\x07`8\x90\x86\x96Z\xae{\x16\x9dO\xe5\xed\x98\xd2\'B\x02\x98\xfe\xcc\xb4\xd3\xe1\xfe\x0b\x91\x8f\ni\xa3I\x17\xb3\x7fa\x0e\xe6\xba<\xddZ\xe8e\xa3\r\x12\x80\x91\xb7B\x99\xdb\xa8-;\x957\xd8\xbb\xf8\x01<\xe8w\x03\x9cV\n\xdb\x04\xb6\x86Rb\x94J\x86~\xc9?Jb\xf2_J\x1aA\x0eZ[\x01u\xe9\xa5<\xf3xL#\xecVy\xa4\xd2\xb9\xdfLI:\xf5\x7f\xf0\x9c2\xfb\xf2f\xbe\xbbP\xf1\xcb\xe7\xfb#\xcc\x88\x8eE\xffXR\x18\xb1w\xf7UQ\x87\x15,\x13\xb0U\x1a@\xc5Ch0=\xb8&\xce\x87\xf1&\x94F\xdb\xc5\xd7c\x9bR\xd6g\xe8\x9b\x9b\x80\xcf\x89\xdc\xfa\x05\xae-\x96ST\xf2\x8a\xfb\xa1\xc3]\x13\xb0\xab\xf6\x97\xbf\xea\x97\xf0\xc6\xaf\xdf\xd04\x89\xf2\xea\x87\xee\xbf\xb3c\xf0od-\xf9\xf4D\x8di\x83a\xc4\xb4\xc4\xe1\x85$:0\xa4N\x86\x82\xd6v\x0e\t\xc2y\x9ej\xaa3Nu\xfb\xe5\xfa1^\x1e"\xb7,\xf1\x89\xb1\xc8\x8c[^\xa1#%\x86\xd68\x9fK\xbfN\xe2\xff\x04\xda\x82\xbd0\x8f\xb9\x13\xcf\xf4;\xb0\x80[\xdd7\x15\xaa\x9c\xe0)%b\xf8\xf9o1\x9b--\xaczR<\x82\xc3XA\x7f\xb8\xf5\xb38\xb3\x1c^\xeb\x8a\x95o\x90\xecI\xfa\xff#\x8c\xfa655r\xabj\x7f\xc1\xef\xdc\x94\xe55\xa9\xbdhY\x1ca\xdf\xd7\xfc\xb0\x81\x0bB\x9a\xad\xe8<\x03\xaaxt\x11\xe1\x85S\xc0\xfe\x06\xdf\xd7\xd4\x80\xb28\xc4:%\x16l]Y\\\xac\xc7\xb8\x0b+e\x08R\xd3\x06\x1b\x90\x05\x81A\xc3\x1d \x0b[c\xb9Z\xd6d0\xa0\x9d+2!\x14B\xbew;\xca\x1bv\xb0\xb9{T\x1d\xe3\x00R\x90\xa8\x17SG\xbc\x8e\x15\xf2\xdc\x90v\xd9\xc2U\x0f\xf4\xe64c\xb3\xad\xbfiR{\x9a\x10\x94\xe9\xe2L~\xb0@T\xb53\xa9O]\xe8\xa7\xcf\x06k\x98L\x0b\x173O\xd0\x0e\xc9\xc8\xb7(\xa4\xf5\xee\x9f\x1a}-2\x03\'\x92>\x0c)\xfe]\xac\x86\xf0^\x92\xc2\xa5T\xb8\xc6\x8e\x9e\xa1@9\xf8\x7f\xaf\'\x8607\xde\x99\xd4}\x01\x93\xac\xbfP\xe5I\xffQ\x90\xab\xf4\xdb"\xb1\x18~".\xed\x8a\xb8\x11\x052\x93\xab\x81\xa3\x98\x8bp\xb6\xda^\xb1\xc0LK2\xaa \x19\xc8(\xe3\x90a\xab\xb3{<f\xf4\x0cU\xb9yI\xd8UL\xff\xc5\x83\x80\xdb\xcb\xaef`\xda0\x00\x18;\xa5\xf4\x02S\xe53\x12\xb6@\xfe\x00\x95\xb7\xf7\x9f\x9a\xa0!\xe6{/\xc9\xa7\xb0\xc5\x08\xe7\xd92Z!sm>\x1f=a\x9f\xba\xf0$p\xf8? 0\xd1\xa9\x1fH\xe1\x81\xf5\xfb\x0e\xf8\xbdI\x88\x13\t\xd6y\xa5}-x\xb6\x85\xe3\x82\x80\xa05\xacWb4\xab\xab\x14\x1em\xa3\x11\xab\xd8\x96\x11\xce(P\xeaF\xf0\x89/\x7f\xf1g\x13\x17v\xf0\xb7\xca\x1d\x08\xab\xd5\x12\x12\xcf8"P\xf9\x9e\xa3\xc3\x1b\xdfhs\xca1t\x86\xe6\xa7G-\xa4\xd0\xf3`gh\x17\xc2<\x1f]S\xf9]\x88JzR@LTz\xf1W8m\x038\xd5=Q4L\xffo\xb8\x1bn9h\xd6\xda)\xd2\xf6\xba\xa2\xc1\x81*\xf3r\xd3\xcc^\x96\xdd[j\xd3o\xc6x\xbb\x80\x19Bl4\x0bu\xd4\xa5\rN\xf0=\xe5\x04v\xd6e\xe0\x98\xe8-5\xab\xf4\x0e\xf1\xd5\xa4\xac;\xae\xc8:\xdfs\x0fnZ<\x97#\'\x10JT\x86\x10\xaf\xd8&M\xc4\x16\xc6V\xfc\xb1&\xdd\xfd\x98\xd4#\xad\xde\xebE\x16@%c\xf7\xcc{/\xb3\x02\x8e\xb4\x97(\xbb\xd3\xda\x19if8\x8di\x03\x8c*\x049\x17\xdf\x18\x1a\xd9\xfb\x99\xbc@\rJO)\xba\x0f\xc6U\xe0\x7f\x18\x91/g\x9b\xeehG\xc1q\xfc\xfd|\xe7s\xe7\xf8\xda\x19\xb0\x8e\xb7\x11W\xc3\xb3\xbc\xe5O\x8b\xfe&\xd8y\xfa\x9a}\x87\xb4-\\\xf1\xcf\x1a\xbc\xc8<\x82\x15r\x0eGd\x88\x0f\x93\xe4\xb1:\xdd\xbb\x16x\xb5\x8d\x10\xa3\x938.~\xf0l\xb8vS\xca\\\xa5(0K\xe3\xda\x06\xc6\x89\x9bQ58\xf8!\x93\x9d)\xdd\xba\xa0\x7f{zp][\xa2\xe2xpL\t3\xf42\xd3\xd8\x07l\xcc.@x\xff4\xf7\xe9C\x05\x8c{gV\x1c\xc3~\x919p\xa6\x82k\xcdg\x8d6\xb6F\xe9N7\x1fM\xec\xb7\x8d]\x87\xdb\xd2\xfa\x82\xb6\xf3\xb1\xf3\xf7L\xa3\xe7\xf9E^\x01(\xe8\x1f\xf4\xcd\xd1 \xbc\xce\x9cM\x04\xb4D\xeb\xdfO\xf9\x85\x14\xf2i\x87z6N\x04G\xfb\xdb\xa4Y\x8b\x0c\xcbrzy\x0fR\xf7T\xd3\x8dT\xd7\x12\x84\xdc\xf5S\xba\xc0\xb5\xda\xe2\xd5"\xb3\xff\xf8^y\xad\xceW\xfc\xe3\xd7T1\xb2m\xe8\xbe\x1b\xe8u\x9a\x8c6\'\xe0\xcd\x00m\xebq\xa3\xd2}\x17\xa8H\xf5\n1\xdc\x91@P\xb9\xdf\xa1\xa1'
tbI624
I0
F0
tb.