cnumpy.random
__RandomState_ctor
p1
(tRp2
(S'MT19937'
p3
cnumpy.core.multiarray
_reconstruct
p4
(cnumpy
ndarray
p5
(I0
tS'b'
tRp6
(I1
(I624
tcnumpy
dtype
p7
(S'u4'
I0
I1
tRp8
(I3
S'<'
NNNI-1
I-1
I0
tbI00
S'p\x08\xe8\xa0\x1a\x18\xf4\xc2\xe5\xd3\xec[\xc9s\x0b\x93\xb1\x93%\x7f\x1d\xae\xfe\x1a\xa7=1V\xf1P\xe85t"\x86l\x00Q\x1diq\x83XW!\x8f\xab\xfd\xe87a\xec\x85\xd7`\xc7a\xe3\xb6P&\xbf\xd8\xcd\xfdhP\xd8\x84\xa0ZY\x11\x01d=\x7f`\xdf\x82q9|\xf0\xe7Vlj\xf4\x13X\xb2\xd3c\x9csa\x12P\x92h~\x02\x81M\x1e\x9b`mQ\xab%\xf5\x882|_Um\x87\x95\xb3\xbd\xb7 p\x10\xa0\xa4E\xd3\x90\x1e!-\x8e\xa2\xde\x13\xa8t\x8c\xa7\x96\xce[ZBc\x8d\xa3\xeb\xe9\'\xe9`)J\n\x94\x9ds!1M\xae\r\t\xdb\xca\xe94\xfe\x95F\xdbv\x0b\xfe\xa2\xaa\xdf2\xc32\x03\x0b\xa8\xd5\xea\x88H\x83jo\x8dq\x91\xc6\xba\xee\xfeUzW\x9e\x12\xc7\xa6\x12?\xa1\xff\x88\x16R{\x9e\x00\x1b\xf8G\x1bd\x96+\xd3\xab\x87\x90o7\xdfQG\xaa\x0f\x1dX\xe6}\xf2\x8b:\x02^hCB\x7f\x9b\x8fU\x92\x96L\xc7\t\x86Do#\xe24T\xacd\x1b\x9c\xbe\xea\xde\x90vq\xdb-\xb5\xd2\x87\x1b!>X\x7f\xe7I\x14\x1b\xc2\xea>\xb8\xa5\xaa\x86\xd5\xd3\x0b+\x89a\xec\xe3\xaf\xbd\xcam\xc0\x13\xf0\xf6\x80\xc8\xc6\x99]\x9e\xe4\xbf\xac\xa9\xcb\x83\xde\xf8\x8b(\xcf\xc2"\xcfm\xa8}\r6\xa8[\xf1i}\xbc\x07\xaaA\xdf\xcdZ\xe2\xf6\xd0\x1c.\xacY\xff7\xe7\x97\x18\xd8\x13O\x06jY\x9e\xad\xe9qz\x86\x9ffM@\xb4n\xbb\xf3\xee\x9f\xa1\x018\xb6\xee\xca3q5A\xa6T\x10\x0f\xa3"4W\x9c\xab;4\xabNGd^\xf7\x8fw:O\xb5\xd6(J\xcd\xef\xe4\xe3\xdd\xa1\xfe\xf2u&\xd0M\xcaJ46\xa0\xdd\x0bjK\x1e\xffb\xe8\x0f`\x97\x1b\xbf\xe3\xea\x08\xfc\x9a\xd3\xfdlS\x9fQV\xbar\xbaJ\xca\xa6\x17\xb7U\x86\x18\xc7\xc6\xda\x978\x9bZ\x8eM?\xe69\xd1\xede\xcah\xd4\x9b\x03\x9d\xd5D\xceT\xeb\xda\xcb\xc6\xb1#\xa8\xeb\xe0\xc9p\xb5\xbf\xb7\x96O\x82)&\x0e\x8c?,0\xc88?<N\x04i\xde=\x80\xea\x1d\xa9\xe4\xb7\x8b\x90\xc7\xdd\xf7b\xa0\x8d\xa9\x8bVY\xd8\x8ag\xf0\xcb\x1c\x87\xda\xc7\xe0\xc0f\x08\t\x19p\xaf\x93\x8f\x82\xd1\xcd\xb0\x0b\xb8\x16\xfa\xab\n\x86\x8e\xe2\xd5TR\x83\xc9\x9d\xa4\n\x80\xfb\x87\xd0\xfb\xad\xfcI\x1a\xb2\x82\xdb5g\xac\xfdG\xe0XC\x8e\x90\xe1Ri\x19\x91R\xa7#\x07\x1c[~\x8b\x18\x14\xba\xe55\xf35~\x12\xdf#\xa0\x12#\x91\xb7\x87\x19\'\xac\x93\x10\xbb\x81R\xa3\x92\x10\xa0\x1c\xc2\x96\xf1\xb7s\xec\xbb\x1c\xc5\xbd\x81\xeb\x8d\x1f\x08\x1f\x0c`\x04\xae\x17\xab\xea+C\xc4E\xc4+@9\x87\xe3t\xb9\xd4z\xf4\xb5\xd0\x92Hh\xe2\xb0\xc0y\x943:H\xb2KV\xd2\x02\xf4\xe8\x13\xd6L[\xcfA\xb0X\xd0\xa2\xc4\xf4<\xfd\xd9;-\xf0n|N?J\x0eH\xf2\xa0\xc8\xbd\xa9_\xc1\xba\xd8\x0eZ]\x8e\xcb\xc7ae\x81\x08a\xa7*\xc6\x96\n\x9e\x02\xd3\xb7\x91\x13\x90\xe8\xa3p\xd51\xa3\xba\x87a<R\xe4\x99\xe9\xb1g\x80\xff\x94\x16\r\xec9\x18u\xff\x892\xce m\x83e\xe9D5\xdf\xf0\xec\x84\x8e\xf6+\xb9\xe9\xae\xaaDB\x86\xec"\xcfF\x97f\xb2\xe4Ej\xba\xa8]K\xd8\x0b\xe7QR\xff\xd6U\xc7\x8b\x14\xe5\xc3\xc6\'R7\x04\x1a\xec$\x02i\xed\x0c\xa9^x\xa0o\x19\xe6\xd0gX\xec\xcdv\xa3\xcc\xfc\n$\x03\xc3~:-S=\xa6\x8a\xc4h0\x90\x0b\xa3\'\xfb\xb4\x1f\x86\xf80feN\xf7\xf1\xbf f.\xbc\x1d\x15\x00\xb6\xd1=Dw"r\x13@\x9e\xe0\xe5\xfa\xac\xb9\x13\xf5"\xf0A\xa9\xb8\xe8\x83\x1foB\x92\x9b\xf49\xbe\xc0\xafU\xb6?\xa3\x8c8\x15\xbb+}\xd0\xbe\xe4Q\xc5\xc3\xba\n}\x8f\xbaQE\xdb\x92\xb0,:G\xa223A?\x13\x84\xa5\xc7\xc4\x07Pm\xab|\x16\xfej^ \xd6B\x0f\xc2\x92\xa4\xa7\x89\xd2eN\xf1N)\xa9\xc9\xcf\x06:\x1cgP~\xc1\xcb7\xc4\xa9\xbdc\xc4\xa8\x9aH\x01\xd7\xba\x9e\x8a\x13\xf6P\xa5\xdcw\xc2\xda\xf5\x84\xc7\xbd]-\xd0\x9c\x05\xd9\xaaPP\x05\x1d"\x10K\x0b\xc1\xad>\t\xa6\x85\xeb*;Y\xa3\x86\xf5\x95\xff\xc4W\xb1^\x0e\x83\xec7\xf8\xe6ks^\x00\x91\x96\x9b\xb5\x92\x0f\x8c\x00\xe6\xc2\xdf\xc6\xc9\tIyF\xbaM\x0eBt\r_\x03\xa4\x0f\xc4\xbc7\xadT\xb4$\x02\xdeC~L\x17\xe12\xcb\x10\x99w\xfc\xd5;-\x01N\r`\x19)\x08T\x15F\xffF\x8f\x85q@\xc8|\xe6\x92\xfbWl\'\xae\xa8\x95<b\xa3R[\x18\xf0\xd5>\xd7\xc2XZ\x0c\x02|*\xa4\xb9mg\x8b\xc0\x1a\x1d\xf9}\xae\xfd\xd9\xdd\xb6\xe7\xf6\xe9fp\xad<\x15`\x7f\xc9\xa3\x16\x08US\x18*(\x19%\xd5(\n\x0b\xe4L\xdcn\xe2_\xccS7\r\xfa\xbdR\xc0\xa8\x8c\xaf\xc7/q\xb4Ch\\5\xb2\x13\xccX\xcc\x80\xf5Y\xd9\x18\xf5\x8d\xd1\x8bRd\xaa\x84VE\x9cm\x8a\xfa\xc4\x1e\x9a\x04`.\xa27,X{Y=\x07n\x8c\xdf\x8dN\x94B\x0f\x8e&\xbd\x03\xae\x05g\xfc{\xea0X,8;=\xb7*\x1a\x8a\x10i\x17\xde<\xe8;b9\xe9z\xc5\xd2Z}\xce-\x1e\xfe\xd2\xc2=3\xd9z\xc4\x06\xcf\xb3\x9d\x81Q\x97$\xe1H\xc8\x07\x90M\xc9\xeb\x94D\xef\xdc\x97B\xdf(q\xf8\x1b{\x1d\x00\xbaz\xd8\x8cQ\xe3\xce%XS\x97L\xc7\t\x828\x85\x9f\xb9_\xc0k\x16\xb6\xec\xcc\x89o\xd7Z\xb4\xbey\x15\xc9\x05j\x06\xb2\x82#t|]\x1d\\9V\'\x9a@/\xee\xc6|\xfb\xa0\x9f\xa0\n\xfa_\xe2\x91\xdf\xf5)\x9cw\xa1]\\H}\xeecfE\x97\xe9x\x13\xcc\xf1\x01{\x05\x06\xd2\xc7J-\'\x8bl\xb3\xc8q\xd94G\x05\xa7k\xf9\xa7\xbc\x96\x90CZ;\x01\x0c\x99\xeb\xb4\x93\x10\x04\x80\x8a\xc8\x01\xc9"[\x00\xdb\xd7O\xb20\x7f\xb4\x8a\x9e%|r\xaf\xc4\xd7\xd4\x18{\x08\x0e\xd9\xefr9\xd0\xa9\x197a\x90\x18\xd7\x92\xa6\x1d\xcc\x95w`|\x07n\xd2\n\xf8\x8b\xdfh\xf0\xa2lM\xe8Y4?\xf3m\x1e\'\xac\x05o<r\x04\xfa\x8e\xaf\x9f{Qp\x14(\xca\xc3\x92\'c\x8e\xa8v8\xc3\x1d\xf3\x0f\x9b\xbc\xd9\x9d\xe4\x9b\xc7b\xe4~\x80j\xcc\x02\x08lY)\x0cx\xa1b\x0b\xfc`t\xe4\xb0>\\\x0e5b\xbd6K\xb4YqD\xbcz\x9d\xd8\x99\xcd\x80|\xab,\xddK\xc2\xc79\x04\xe8\x84\x86\x8f^2\xd7\xf1\xf5E\x0c\'\x93&d\xa1\x8e\x1a\xcfk\x1a\x81\xc6\xd7RC\xf97\xc7\x12\x13$+f\xf2a\xb3\xf5b\x86\x17\x80B\xb2\xf3\xac\x92\x96x?\x1c\xb7rc\xb3\x98l\xe49U\xe0\x8c\xaa\x18\xac\x13D\x0f\x9d\xd73\xef \xb3\xcc.\x13\x96\x9e\xc7\xbc\xe8\xb0g\xb0|\xcd?\xe7\xda\xf9,O\x02\xc4\xc8\xb0\xa0\xfc\xb7\x0c2\xef)\x16\xba\xd6?\xfd\x1e\xcc\x12\xe0\xd5-!\xf398\xe9c*\xbb\xa9D}\xf6\xcbq\xee\x16\x01\xf3\xcc|_\xee\x8d\xd1\xcf/\x8eY\xe8\xd5^\t\xedU\xd3\xea\xa5c>WtS\x809\x1bt\xa1\x06a\xb1\xb62\xad\xb1\xeb\xf7\x00\xa19PP\x0f\xa5\xc9-\x90\x01T"*\xe2\xbcE\xac\xee\x16\xeb\xecC\xfe\x9f\xc1`\x14$8Y\xf5\x04\x9d\xa6c\x14Lb\x9c\xde\x9b.\xb8\x10\xb6\xe7\x94m,PU\xc1\xb9\x0f\xa6\x89\x1d\xe3\xfc\xf2d\xd0\xa2\xd7\x0b\xd7\x16\xe1h\x07v\x05\x15&\xbbzm:\xbfk\xc6\x9f\x8d\xe5X\t\xeaT\xa8\x18\xe2\xe55\x11~\xc7\xb1c;V\xd5}6\x14\x8f]\n\x89\xa1[\xf8K\xd0c{\x07fYGG\xb8\xc1\xf8}3=R\x81[p\xf2\xf7\xfe\x8f\xe6F\xd8=\xdbe\xe7p\x93X\xbe6\xc5\x1e\x10#D\x8b(-\x9e\xfcE\x8f\xf20\xd3g\xe1\x97\xe0h\x81J\x88\xb9\x18%\xc3+\xa4\x04f\xbb\x82^\xfa\xc4\xe1+\x06TWk\x03\xd4\xea\xb8T\x98\xf5VqD2\tuA1\xac\x1bn\xb8\xe6\xd1?;\xc2\xd1\xc0\xb3\xf3\xbf\xbe\xab\x1b\x92&i\x19\xc1\xbeJ\xcdsj\x00\xea^\xb0p\x85\xad\xf2\xe9\x87j<\xf1~\xa3\xc9\xf3Q\xf4%\x97X\xd2\x10\xfbhO\xf3N\xc8\x13\xe0.\xe1635f\xc9\xfc*\x94\x02\x17/`\xcbO\x9d\xc0e5 a\xef\xb0\xd5\xe9\x87\x12nb\xbf\xa9\x19\xff\x1c\xbe\xe8\xfd\x04\x15?9\\\xf1\xe5V\x08B\x7f\xdaT\xd7\xd7\xc2\xf4V/^\xbdZcQ\xc9jQ\x87\tZO\xe8\xf0i\xf0U\xbc>\x13\xd7T\xa1\xf9\xabw\xc17\r\x13p2\xd1RA\x1c\xd6\xe6\x18\xe6\xe7f(\xd2\xcab\xea#k\x9f:\xda\x82\xce\x95\x89\xb8\xacTge\xca\x82&\x91l<Q\xc6g\x9e\xb7\xfd\x05\xf7\xd7\xb9W\xda?\x9b\xfc\xa4\x18\x0ex\\\xc4sd\xc6i\xdb\x19\xc9q\xbeW\x12{\xfclW\xb2\xb4\xceA\x85\xa2T\x85\xa0D\xb1\x16\xfb\x9fkh\xea\xc4>"5\x98\x19<\x9b\x98\n\xbb\x9d\xf1i\x03\x8fl\x0ct\xf1\xde$\x88AyL\xaa\x9f\x00\x0cG\x92\x07\x93\x04/\xf7\x8e\xd83R51<\xb2\x89\xde3\xd6\x85\xecT\x19\x87[\xc9\xb7\xd0\xcbx{|\x8a\x9c\xc2\xe5\xb2\x83lgq*\xcb\xa9i\xee;\xba\x02\xe2\x1f\xcc{\x19\xff_d\xf0K^C\xd3\xad{\xf1Al\xaf\xbf\xb6\x11\xb8\r\xb6\xd3\xee\xf0_\xcfS\xa5W"\xc07S\xfa\xbf\xd6d\x15\xb0\xd6\x85/\xcc\x0e\xe0\xb5\xb1\x1dQ9\xac.\xad lxe\x7f\x08\xa0\x8d$\xee|)Q\xee!\xb2=T\x07n\x16\x17<[\x8d\xdb=\xae\xc4\x92`{7w`\xac\xd9o\xe0\xe8\xfa\xde\xb3\xc3\x11z\xdb\xf3r\xbf\xa6\xef!$\xfar\x17m\x8cY\xe4\xdaTK\x88p\x16|D\xf8\xb3w%\xf8\x82\xeb\x18\xc3u2D"$\xfb\x12E\xca\xec(y\xf1Z\xa7\x14 \xeb\xc0"\x16\xd0\x191t\xbfeHK\xa1'
tbI624
I0
F0
tb.