cnumpy.random
__RandomState_ctor
p1
(tRp2
(S'MT19937'
p3
cnumpy.core.multiarray
_reconstruct
p4
(cnumpy
ndarray
p5
(I0
tS'b'
tRp6
(I1
(I624
tcnumpy
dtype
p7
(S'u4'
I0
I1
tRp8
(I3
S'<'
NNNI-1
I-1
I0
tbI00
S'7z\xa0\xe4\xa6ML\xf70\xe3\xe8e8\x03\xfd&%\xf0\x155\xa7+G\xe7ao\xc0>|M6\xc1<\xc2\x9f)A\xfff\xad\xc9\xe3,\x92o\xfe\xf5\x8e\xde;\xe1\\f)8{\xbe\xa2A \xd6\x96l\xa1\xbd7\x10\xad\x0e\xf1\'\xbf\xe4yQ+\x84Q\xf9\xd2\x11\xbc\x97w\xbe\xd4\xf6\xdf\xf0\xc98/\x1a\xcf\x9bo\x01z#\x98\xc9\x9b\x80\x04o\x94\xf6X"\x1b}`r9T\xd8\x0e\x9f\xb8\xe9\xa2\x8c\xe8\x83\x81{OrRB\xf0#\xecO\xdf\xb83z:\xb43\x9bYY\xce\xd0\xe4\x9e\xce2\x08Q\x93\xcd`\xd5\xf7\xbej\xe2\xfe\x8f\x01\x03\xbe\xd6\x17\x84\xde\xcbh\x8e}u\xe0\x01\rl{5\x99x\x15\xc4\x98\x8aD\xe5\xb8\x90\xf5U\xadc\x9a(q\xc5\xa8\x8fu\xb4\xee\x1e\x98\xdcN\xd3\x9f\xc6\x08wA\x13\xddT:\xecV)\xae\x8c\xe4s\x80\xbf\xd5\x12\xfeO\xd5v\x0bM\xe1\xb8!\xf8p\ny\xc9 K~"\x9fVH\x11\x82\xfe\xb64\x8f\xa6\xee\xf8\xed\xcaV|\x14\xe5\xfaJ\xefS\x95\xeb\xaa?g8\xeb\xf7.C\xf0\x19*)Zq\xd3\x13\xcfF\x97\xcc\x9a\xb1\x84\xbd\x04-\xae\xc4\xe9`\xda\xec\xc3`,\xeeO\x19p\x17\xf2\xfd\x07\xc0\xcc\xd8\xc2"\x96\xbd\xf9\xd7\xf8#\x17QHr\x89v\xf0\xf2\x13\x93\xff\x94\x8cGv\x01v\xb1-#\\\xa6\xf6\x1b\xe5\xa6q\xb4g[\xac\xf6\xc1\xdb\xa3\xd8\n0.\xc6\xf2i\xd5\xee\xbbr\x10\xb0\xf9D\xa1\xf2\xd2\xb3<\xe5F\xf8\x8c\x8c\xf8\xba@\xf1\xb6\xc4\xcc\x1b\x13[*<0&\x01F\xe6l\x10e\xa6\xd8\xcbA2\x92m\xa0\x1a\x18\x8a\x8f\xaa\\-S]\xc6\xba\xd7\xe1L\xd81#)\x1e\'8\xf4\xb1\xb6\x19TE\xa5\xf8\xbe\x85\x83\x00\x03\x88\xf6\xef\xd4,\xa6\x99#\x86\r\x92\x02\xa8\xb3R+}d\xd6\x1e\x93\xa6\xf8\x1eNN>S\x8d-\x9f\xa6t_ \xe0Xn\xc0\xb5\x08\x8d\xf5/!>\xa5kl\xb5\xfd\xdd\xab\xe0\xefhk\xf0\xac\xcbo.\xc4,\xd2\xad\x9bJ\x81\xe8\x10\x97\xd4>\xabb\x85\xe3\xd5X\xe5|\xe5\xe7)\x87i2\xf4\x07\x9c\tf\x15,@3\xfd1\xd6\xbd\x14\xba\xe3/28c\x16\xa1\xd2\x14G\xba\x10\xecj\x94\xf2\xd5\xc3\xad\xf4!\xd1\xeaa\x92k\xc0p\xcc\xe4\x99\x96\x1d\xab\x04\x18\xb3\xe5\x07l\xcb\xb3\xbf\xcao\x15\x84\x1c\xe7\xe9\n\xfb\x87\xcc\x8e\xf9\xe1\xa8\xbd\x91\xda|\xe8\xc2h%tB\xb4\x05\xac\xa6G\xb84f\x06z\x92u\x89D\'\t{\x9fD\\\x8f\x1e&d?\xf0\x8b\xd5\xe4:\xe4\xeeR\xfa\xd9C\xcf@\xd0OW\xed\xa5>\x93/\x0b\xa8498\xc5\x1c\xbc\xc5\x9d\x12\xa6\xbc\xe9[@s)\xce-\xe6\x91\xf7:/*\xe3\xdcY!\xa4K\x7fE\xa2\x93LM\xc8P\xe2A}\xe0x\xab\x01\xbdp\xa9\xfcG\xdd(\xcfjQ\xfa0\r\xa1Y\xe40\x1e\xf9\x93<\x7f<\xf0-[\x868\xbc#\xb0\x84\xe5\x97\x9d\x9b\xa6\x19H\x81t\xab/\xa4\xdeP\xac\xd5D\x0e_\xecF\x8fzZ\xbcR\xac|5\xe3\n\x8d,[\xdcp\xa0uZ>w\\\xadeb.\xb4\xfb\xdc\xea|t\x18\x93=>#_\xb9\xc2\xcd+<;y\xd3\xd8<\x1d\x10s\xfbB\xae{\xc1\x0bm\xd1\x1a\xf33[?z\xa4+\x00\x06c\xe5r\xaa\x02\xc4\xb8\x15\xda{j\xf3\xe4f\x1cA\\\xf6\xc0,J\x9a\xb4\xcd\x9dL\xcfG\xb6\xe3?\xb5\xdd\x9bX~\x1a\xef\xc6\xb8\xa3\x9a]\x1d\x84KU\xd8\xd2\xdff\x8a\xc7\xf4\xd3\x90*\xa0\xe4\x81\x98\xaaLU\xd4\x01\xb6\x94\xbaN\xe3\xdc\x02N\xbb\xc7\xa2+P\xb7Y\xf6\xcaN\x83\x19J\xaa\xd4\xde\x95I\xda"A\x7f\xcbV;\xf6\xe8\xdf#\'\xad\xf9\x8bg\xf7\x08\xb8\x1d~x\x93Z\xe15!MA\xf5\x9c\xc5^\xc1t$\xe5\xa9\x91A\xb0\'\xb6\xb5E\x84\x8aY\xae\xfc\x15BnQ\xe2V\x13\x81\xa1\'J\xdd\xa9\x0b]\xb9\xa5\xba\x87\xf0\x8a\xca\x04Py\xe1\xe4ul;\xcd\xf57"\xdf\xcc\x8a\xe5\xb7o\x04:\x8c\x16;\x8a\x86\xc0\xd2e\xf5\xfd\x94\x07\x8fp\xe7\nU\xbdO+\xef\x9f@r#\xbb{"\xa9\x04M\xf4#\xa5\xbc\xac>,\xfa\xad\x93\xe3\x86\x0e\xaf2\xc1\xbc\x05\xfa"\xfdm\x84\xc2\xf1\xf1\x16\n4\xb27\x8ft\xf7\x90\xeaa\x0b\x149\xbf\x13\x8c\xdb=#\xe7\x97\xb1\x9d+\xebK\xac>\xach"\x85\x98\xa2+\xa6]{\xdfB\xaai\xa4\x00&\x9e\xa5\xdePkk\xeb\x1fC\xd0\xcf\x8b,%\xa4Ez\x99XlC\xfa\t\x02\xda&Xz\x8e\xfe\xe9o|\r\x8ca\xb6\x05,\x05\x12\xd4D\x17\x9c`/\xa8vEu\xd0A\x9c\xd9njS\xb1\x9d\x7f}\x12\x14\xc9\x05\xfe\x84!~\n=\x03\x88t\x868\x0b\xac\x9b0W\x9f\x1a#\xed\x04\xd7\x16I\xff\x8a\x91Qm \xfb\rt"\x1a\x13-\x83q\x8a\xe9\x19\x95\xba\xbf\x95\xf7\x1a+0\x9a9\x00\x8b%-\x90\x8a\xc6`\x05\x9c\xfa\xf8P^6.\xe2\xc4\xb1i^C\x1eP8\xe7\x9b\xf3\xe0\x98E\xd7\x8b=%\xc7L,f\x17\x1dU\xea\x9a\xecbB\xda\x9d^\\\xb0\xc7f\xa22\x7f\x18\xfd\x13\x83\xd9\x94k\xf4\xdbiz\xc0\xb9\x98\x7f\x0b\xfb\xe6\x95>\'\xfbx@T.\xcf\t\xc2f\x83\xeaj\x89i\xfb\xdb\'\x89\xa3\xaa\x1f\xb7\xfe\x17ul\x16\x1d\xfe9\xacJ\xb5,t\x95\xfez\x90\t\xfda\xcbbyg"\xc2\xcaN\xff\xfd(\x86\xed\x1b\xfc\xc9(|1r.\xf0\x97\x8a\xa6\xea\x82\xf9\xa6t\xa4\xa5\x98\xf2f\xf3a\x19@\xf33\xa2-+&J\xf0\xfb\x0f\xd1\xbbR@\xee\x02f\xa0\x08\xfc\xab\xda\xbc%\x91\xa9|\xf9a\xa0\xc4h\xa1-Q]\x85:\x05\x90:Q\x10\x85\xefg<\xdaG\n\xdb\x0bD#\x87\xa1\x0e8\xcd-b\xa3h\x1a\xf0\xd4!E\xec;U\xcb\xeb&\xb1\xeaH\x12\xe4[\xbc.\x00,*\xf2B4\xeb\x83q\xf8\xb8UGg\x01\xd5\xe5\xf6\xff\xb2\x0c\xbd\xae\xca\x8f\x0b\x95\xcfco\xe0\x01\xf0\\\x89\x14\xc2\x9f\xb9ij$i\xd9l\x81\xf2\xb8-\xbfS\n\x1dv\x0eG\x9b\xf8\xfc\xbf\xae/\x1cPf\x07-\xacY^cFZ\x00\xe3a\xab\x83\xdbF6\x02\x965j\xcc`3\xa4\xe0:\t\x9bH\xab\xc8{\xc42S\t;\x94\xca\xb4Z{p\x98\xad1s\xbf\xe2\xb5Y\xb1\xbe\x90=zv\xa4\x86Fb\xc6/\xe1Y\x1f\x8ad\x8b\xef\xf8\xb4\xd0\xfc\xa7\xb4[\xd3\x19\xa3|\x1d\xc7P\xca\xb5\xf6\'\xe3\x81\x15\x82\xa6\x14\x80=\'\x90\xac\xe1mU\xbd\x17\xfe\xf1\tL\xdbB\xef\x80\xb64\xc6\xc6qPoT\x1ap9\xec\xe3\x96\xcd\xa4\xb6\xb7I\x0b"\xaccUl0\xa8\xc0\x1dQ\x9a\x9d\xb4\x0c\x13\x04\xef\xed\x18\xb9\x19I\n\xe8H\xceo\xfe\x99\xa8\xd4\xd4p\xb8udO\xaa\xbb624\xff\xe8\x9a\xa4\x85\x99I\xba\xe2\xdcq\xb9[L\x18P\xb2L9\xf9[\x96\xb8\xa9\xf9\xc1i\x07~8v\x1e:]\x19\xf0=lcf\t7h\xdas\xd3$\xe7\xad\x90\x9a\xd8y\x03\xe4\xf0N\xe2j\x8eU\xb4\xe6\x1d\xcb\x02a\xd2\xf3\x8f\x05\xf2\xa9\xa4\xd2\xcew\x87\xa3\xe6\x82V\xeb\x9fd\xae\xcc\x9f7\xca\xbeE\xd6\x99\xa1dF\x05\xb7\x85\x81\xd0\xbaa\xe4\x85\n\r\x0c\x10\xc4\r6\xc3\x97%\xb4\xb0b[/\x05\x823\xe6\x92+\x0b\xa5\x06\xce\xfe9&z2\x86\xdaLL\xdaB*\x81k)_\x9f\x10T\xb8\xb3\xf5\xfaM\x12\xe0e\xe7\xd0\xf4\xe3\xa2\xa7\x9f\xc3\xc4\xceQ\xd7p\xa4?\xb8\x94\xa2kt \x97\xc2H^\x9b\x9a\xb6\x17\xcdYtg\\\xde\x0e\xf26*z\xd6h2v\xba%\x12nAI8o\xdb#s\x88<&\xd8\xd8x\xf8\xcdO>\xdbMu\xeb\xe5!\x9d\xb4\xe8\xc46\x86\xab\xd5\xf48\x9bS}\xbd&\x8e\x06G\xc8\xfb\x87M\\\x10\x85\xdb\x9a\xf2\xd3c\xe8\xa5\xc5\x81\xd5\x19>.\xa1\x12\x14\xb0\xee\xfd\xac\xb8\xa26*b\xd6\x10\xa9\x18:[\xfbS\xecxxN\x99\xc1\x95\xf3w\xa8q\xc8%\xb5;\x98\xe2\x16\xfcTS\x9a\xa5\\\xc8\xd6ry\xe1r\xd8\'\x1c\xb7\xc3\xd2(\t\xb5\x9b\x15\x8a \x95\xd0@\xa1\xeaXY(\x0c\x97\x08*\xab\x05\x0b<rI\x02|L}\xce\x04\xac\xa7\xcb\x1bc\x1b\xcd\x07\xb3Fc\x16xb0$\x1aq\xf2\xb1A|!\x9c\xd6D\xcd\xdf\xc0\x8bk\x82\x9a\x935D0_\x94\x11\xc4\x8d\x7f\x80\x15\xb9gS\xaf\xd1\x96\x81\xbc\xdd\xd0{\xc4\xa7\x96\x0b2\xc4V\xf4\xb2\xc9^\x97\xec\xc8\xe6\xc2g5\xe5M)&\x80\xa0\x90\xcc{"\x7f\xd3\xb6\xdb\xd3\x97\xae\xfd\xee:\x1d\x82L\xf0J3\x91EtD\xe1\xc1\xbe\xf4AN\x1d6\xd5\xd1\x16a\x0fi\xc7\xd3\xdd#Z\x1e6?~\\\xc4K\xbas9\x94e\x04\xb5?a#%\xf2\xbe\xcf+\xa6\x10\xcf\x1f\xc2\x139^\xd1\r\x99\x0f\xa2\xc8\xe8\xd9zT\xe3kB`\x18n\xa1W\\\x14,dp\xbd\xff\xa6\xcaIj\xad\xbdrRn\xb2L.e~1m\xee\xc0+\x84S\xf6R\xa0#k\xa7\x93O/L \xa4\xd1\x02\xe3\xf8kR;\xec>\x92\xcb\x03\xdc\x97\xec\x1b\xba\x9b\xcb]\xba\x19\x9b:]\xc0#\x08\x0eP\xe6\x1d\\\xcf\xa2\x0b\xfe\xa2sA#2\x83\x87os\x17\xc2\xc1#C\xe4\xdds\xe8\xbd`\xdeF\xd7,\x17\x89\xb2z\x89o\xaa+wC\x1f}ND\x12RCv\x1dI\x81\x15K|\x15\x96xq\xe2>c&\xece\x02V\xe0\\\x8f\x83\xa9X\xf71\xfd\xa0\xbd\xe2~\x87\x8ez\xe4\x91.\x83\x9c\x0e\xa7\xd1\x8e\x83\xc2\x8c\x93\xdb\x15\x10\xb72W\xfd\xffp\xdb4\x04\n\xe0h\xb4\x8a\xc5\x90D\xd0k\xfeL\x06w\xe6\xaa#\xbb\xd1E\xf1\xefm\x7f\xac\xb6\xc0\x83V\x7f\x8fF\xa8\x1d\x908F^\xc5\xadDN\xf1nH\x18\xf5L\xeaW\xb1*&W?r\xdaa\x8c\xe4\xb1\x82\x93(\xe0s\x1a8D\xe2\xdbgY\x96\x15\xddb'
tbI624
I0
F0
tb.