cnumpy.random
__RandomState_ctor
p1
(tRp2
(S'MT19937'
p3
cnumpy.core.multiarray
_reconstruct
p4
(cnumpy
ndarray
p5
(I0
tS'b'
tRp6
(I1
(I624
tcnumpy
dtype
p7
(S'u4'
I0
I1
tRp8
(I3
S'<'
NNNI-1
I-1
I0
tbI00
S'\r\xf8\x85\x82\xaa]\xc5^\xfa\x0b\xca\x04\xfae\xd9\xf7N\xcf\xf7h[!\x08\xaas\x1fD\x81~\x92\x06\n\xd6\xe7\xa3_g\x00\xd4F\xd8n\x99\xa9im\xcf\x1cy\xebXRk\x9c\x1c\x11@:\x10@zk\xaa\xc6\x81\x12*f\xe8\t\x13\x15\xee\x05S\xc2\x13i\x0c\xaf4(=\xfe\xf8\xa5U\xff\x0c\n\n\xb3x\x03\xef\xd6\x1b\xe3K\xa0\xff\x7f\x18v0\xf9\xb2\x9d\x1d\x91X\n\x19V\xdb\xcc\xed\xc9{W\x18\x11\xb7v\x9b\xa4\xfb\xb5\x9aB=#\xf6L\xca\xbc\x08yrz\xe4\x9a!\x13:7<a\xa1WU\xb2\x96\xe1\xb0\xe5\x80\xd3\x18\x10\xbcT-\xfaF@@\xdd\xf2r\xae\xedc\xfb<<\xed\x94\xb08\xb0\xfc\x1a\xc4nw\xff\x9cZ\xb3\xf5\xd8\x84\xeb \x02\xfd\xa7\xfb zN\x9bi\xba\xd6\x01v!W\x86La\xaa\xb3+\x91\xe4\xdc\r\x84\xaf\xcf\xc9&\xe8\n\r\x02\x1e\xd9z\xb1x-%\xe1\x82ey?1\xd1\xd6\xd5\x9f`0\x87\x91\xf5\xc9!\x82\xcb\xedU\x98hjm\xafRo\x81\\\x8b\x8a\xaa\x7f\xec\xb8\xeb\xad\xc3o\x19\x01)\xdb2lD\x9a\xcb\xe4\x9a\n\xfd5a\x1a\xf7|\x03Ga\xe6\x88\x03#\xdf\x97s=\x11k\t\xcdYF\x08\xc1b\xaeg\xf5G4\x03\xde\xbd\xf66\xc69\xaf\xcc\x0f\xdb\xdd\x98z\xdc\x01:\x01\xafw>\xb1\xd2\x91\x8e\xdc\xd8\xd7\x7f\x9c\x0b\xcd!J\xaf\x9cp^\x00-\x9d\x0e\xea#\xa8"\xe2e\x92L\xd5P2\x1d\x12\x1a~\t\xe93\t\x00\xc2\x87~\n\xf8\x19\x98\x8a\x1a\xc5\xe5\xcd\x7f\xb3\xfdQZ3\xc5\'98\x03\xe0\x0f\xcf09PHQ\x8f\x93\xd2\xc2{\xa6\x99\xc5%\xfcJ\xa6\xd2\x82\xd8\xbfU6.X.\xbd\xb5\xbd\x01\xae\xebW^S`\xc0i\xeb\t\xb2\xf2W\x18\xfd\xeb7\xaak?C[CN\x04>=\xe4\x8f\xab\xb1W\x87\xa6\x19T\x06\xed\xc1=\xfc\x9a0%\xef#\x8d\x1d\xf8y"\x12]\x81\xfeD!uE\xd0?\xdd\x99\x9c_\xc6\x16h\xd0\x83\x17\xf9Y\x9a\x13\x01z\x9fq$m\x12\xc4\x05`7\x89C\xecW\x11b\xf4\xa3\x98\xc5\xf8\xc1{\xc1\xf0\xd0\xc3Ev\xf0\r(\xdd\xd5\x99_\xf7\\\r>\xe2\x12\x10<\x86;\x84\xaf\xbem\x13\xb5\xa0Pt\x93\xf3\xa02\x18\xf5\xf4n\ns\x94\xc0%\x8c\x13N\xd1\xd12\xbe[t1\xe8\x1c\x7f$\x13I3\xb7\x11\xdfy3r\xf3\xc3e|\t_j[\xa85\x84\xb8cL\x9eb\xb3\xa0\xa3\xa9f"K\xdb\xec\x0bCd\xa0\xc4\xd8\xd9mS\xe4\xe9\x82u+\x1b\xec\xd7\xbb\xf5&\xd3\xec+\x16D4\xee\xb7\x83#\nh?\xe6\xf7\xd0:p\xd8\x96\x80\xa3\xe4\x0e\xd7>\x02)V\xa7=\xeb\xe6x@\xd6\xcf\x0bxw\xf32\xedd\xa5\x81\x9a\xe3\xadwH\xff\xe10\xf5rR?\xce#y3tCPH&0\xbd\xd6Y#xk"\xb4p\x00a]\xf52\xed\xedW\xa5\xa5\xac\x8b+\xa8\x08l;\xa9\xa5\x82\x8a_!\x11\xe4\x88\xcd\xd8\x19\x7f?\x83=\x8c,\xec\x11\xf5OE\xfc0.\xa4;%;\x96\xac\x13\x054\x96\xa1\x1bO9\x1e{C\x04\xf3Y\xde\x12!1\x0f37V{(\x87\xde$\xbb\r\'\x1e\x0e\xadt\x1c\x93\x0e$6\x97\xd6\xebG\xa7\xf0\xb2\x9cF\n\xc4\xb5!Q\x19\xfb\xe3\xdb\xfc\xad\x18\xd9F0VJ\x81\xcb\x00\x9c\xfc\xd2f\x88\xf3q\xcc\x121"D\xea\xea\xfd\xe7H\xd2V\x80\xda@\x1d\xfbh\xd6\xb7m\xb1\x0e\\E\xcbU%\xd4\x02\xdd\xa0zv\xd4\x1b\xb7\xe6\xcd\xbc\xc7\xe5\xe8?\xda\xc2\xe6\x81z\xebu\xc6\x12\xd0$\xa0"\xd6\xd5"^`\x82\t\xa5\xe2C{$8j~\xff\xd28bM\xfd\x81*\x98c\xd5ij\xb7\x1a\xe5\xc5QU\xf5t\xf4\x0c\xef\xe3\x8f\xd7\x97\xf7\xfa\x9fI\xb7\xa0\xae\xb9\xc0\x8d\x9b\xbf~&$\xf7\xd7\xee\xdb\xa2\xbf\\$]Up\x84\xd6\xc7\x92\x18\xbd\xc7\xe8\x84\xf3\xa4\xea}\x95\xb5\xe5R"\xdeh\xdc\xce{1\xee\xe8\xdeeoZB\xef%\x16>\xe6\xa0\x1e\xb5)\xae\xb5\t\'\xc9\xc2_\xde`a\xa71\x94\xc0\xcd\x9d,\xcbKm\xc0\xabp\xa0\x96\xfbl\xde\xfcK\xf3\x05 |\x1b+\xdbk\x97\x9f\xab\xc7\xe3e\xce\xac\x0b\x9a\x91\xd6\x16\xa85&\x0e\'\x82\x02^\xbd\x99A\xb0}\xce\xac\x89mK\xd18\xf8\\a\xf1\xdc\xc3:72\xf1\x0e\x89\xb0\x84\x05\x9c\xdf\xc9tn\xb7\xfb\xa7\xfb0\xc0\xea\x18\xc6\xe5\xee\xd0\t\xa6\x99 \x84z\x19PW\x88B\xfe\xf0\xd0J\x11\xa2<#\x86\x8d\xde\x9c\x1e\tqP\xd5\xfa\xe6\xbb\n-\xc9J\xa1f\x8a\xea\xee.\xf2\xdd\xc3\x16}\xedE\xc7\xb9|\xba\x96L1\x04c\x89\xab:!\x01\x9b\xb8\xf9\x05\x1e\xf7y%j\xa4L\x8e\xe2K\x97}a\x11H6\x84i>\x14_\xca#D)\xa1\xa8M\xe1\xbc\x16P\xcdb\xdfs\x9b\x7fz=f\xd3}\x1cN\x83\xe9\xc9\xe2>3\x19\xfcF\xbe\xec\xe9\x95\xe2\x83\x1c\xc0.]\xfd\xafT\xe2\xa3 \x88\xe9G\x16j\xc6KB)"1\xed\xc5\x00a\xfb\xb3\x9cGP\x19\xfe\xae|\x83Oz\xb7\x1c5f\xab\'\xde.xI\xd8\x0b\xefau}\xe0X\xfc\x83\xd8\'^\xfa\x9a\xb8\x10\xb0RS\xd96!=\x07\xe3B\x1d\xbc.\xb9@f\xba\xc3\xfc;\xa1$l\xbb\xad\xf8$\xbd\xa7\xfc\n\xdd\xa2BO\xb7\x05\x06\xec\x1dxJ\xcd\xc7\xa2a\xf7\x13\x05\xb8\x9b@\xa2]\x0f\x87\xfc\xda\x00\x8d@{NP\x83\x80\x1d[\xd5\xe2\x1agL\xe7\xefC$\xfc\xce7_\xaeur\x99M\xd3\x99\x8e\xedNu?C\xf7]5\x10\xa9\xe3\xcf\t\x8bR\xdd\'\xb2z\x1c\x03f\xf1\xa0P\xf2\xfb\xee\xc2\x14r\xa5\xfe\xa7\xc3\xbc\xa6\x99\x8dXz.o\xd8\x0c@\x17\x9fJ\xdc<\x84\x84\xde\xdbw\xaf\x0f\x01\xe4\xbd\x9c&\xa4q\x9f\xa1\xab\xd2\xcd\x1feq\x92\x91\xb5\xc3G9/\xcc\x99\x8a\x98\xdd}\xa4Q7\x12\xac\x0f`\xfa,\xd0P\x96\xa7\x99\x84\x82\xf4\x03\xe3\x12\x90\xbcS\x10\x9f3%\xc83\x92\xcb\xf4\xec\xadB\x91\xcc\x85\xee\xb2\x8e\xdd\xd8%>D@\tj\xd8h}\xf9\xd1\xe0e\xf6\xc6\xa8\x0b\xb7\xa4\xb1\r\xb4\xd0\x8b\x065\x0e \xed\x87w91\x9af\x1b^\x0bm\xfa\xc5\x982\xd03"Yw!\x18j\x84\x8d\x1e\xcf\x84\xd7\xf4\xca/B\x05\x12f\xe5&\xa7\xfbIa\xfd#\xb0Jl\x7fEE\xe2d\xd3\xbfC\x90\xa3\xebg\xe1\xbc\xb5\xea\xca\x17i\x85\')\xea\xa9\xf8\xe0\x85\xa1\xd8.\xec\xcd\xc3L8\x801\xbe6\x1b\x1a\x17\xf1\xc2\xb6\xaa\xa7\xb8vS\x07\xc6`\xea\xad\xf0\xbe\x14\xab\xd4)\xee#h\xfc\x04)\x84-yGc\xff[\xd4\x88\xaf$o\xa9%\xe2\xe8$\xd7\t\x0f\xc6\x0e\xb1 S\xe9\xcaA0$\xb4\xdd\xcc\x87\xc8\xf3\xd2bbmX\xfb|\xa0\x98h~\xe4Sg\xc9\xb0\xff\x1d\x037S\xba\xeb\x18\x99\xfe\xe9\x1a\xc6\xd9!\xe5\x1b9\x9et\xea\xe6U^p\xe3M\xa4p$pc\xed\x04d\xf0\x802B!\xb1_Y\xc88\xbfio\xf2\xf7\x8fe\xad"R\x80\x13\xb9\xc2\t6\xd9\x87]`>\x15H\x19:f`6k8\x97qkH8g\xd0r\x07\x91\'\xe6\x19\xc9\xcc\x8f\xf9c\xf0G\xda\x97\x8edBs\ti>\xcf+\x112\x812=\x8c\xa21|\x9frf\xa2]*Y\xa5\xcd@\xb4\xa6\x8d\xf0\xea\xec\xea\xacS\xddd\x80\xb8\xd8\xff\xef\x0bVGd`m\x18\xe2{rva=U\xbf\x0f\x81^4PM\xd3> \x0e\xf6\x1f\xaf*1\x83\xf3\x8e\x9a#Q\xff\xce)\x08\xdc\xc3\xdb\xf7\x91\x8a\xb1.\tj\x1c\xc9\x04\xffB&\xdd\xb9g\xcc\x07\x8b\xf1J\xa9\xdd\xf6\xab\xca\xa0\xb3\x92:\xbb6\x1aq1\xc2N\xa1\xf7\xfc\x87J\xdd\x8f+_\xf6\xbbb\xd6^\x9f[s\x8bg7\xa2\xbfbf\xd3\xfc+\x91\x98Dq\xe7\xf68l\xdf\xa4\xf1Q`\xe6\xc4\xed\xc4V:\xb5\x1e,\xe2\x18\xad\xd7\xf0\xf7"\xac\xfe\xd9\xb49\xd09x\x16\xe4@\xec)\xcfg\xde\xf3\xef\x18\x97\xbd\x00y\xa6\x80.\xb4\x02\xe27\x97\x1d\xcf\x8d/#\xdee\xa5\x82\xef\xe5Y\x86\x177Jq\xcf\xfe\xcdq\xa9>)\xfe\xd8\xc0\xe2\x18\xa8g\xe97\x8b \xff\\$Y\t*J,z\x81|\x18&\xac\xc2\xf8`y2?\x8d\xfdF\'%_9H\xa2\x16\xb08\x08\xc3\xab[\xa0@}\xd8\x83%\x8c\xcb\xbb\x00\x03\x17L\xb5T\xba\xee\xed\xd1)0\x07\x0f"]2\xbb$t\x1a\xc4\xf0\'8=\xa6\x96s\x0bj2\xb8\x07\xfe8\x1b:\x80\x89\xca\xf3\xa5\xf9\x0c\xaf\x1bG*HU\xb6\xd6,\x12F\xf2\x7f\xf3\xf2z\x93z\x05c}\xaf\xff\x10!\xe3vNRP\xf8\xbf#\x9a\xc5\xd6\xb8\xff`_l\xe1^"MI\xc9\x82%\xc5}-\xf8\x1e\x85\xb6e\x13\xc3\xe9V\xa8\xfe\x07\xd6\xfa8\xd4<\x95X \x9e\xac\xda\xf2C\xc7\xfbxhN-\x19\x0f\xb2u\x13\x80\'\xcd\xfc\xf2\x85\x84\t\xa4\x96\xf1\xb8\xa9\xacF\xaf\xbe\xddRy"C\xd2H]u\xbfT\xc3Z\x15c\x03\xe0\xad\xdf\xc6t\xd2o\xe0K\x15\xb4XK\x0c\xde\xd8\xb4\xfe\xb0\x90\x9b\xf0\xcc\xe71\rD\x9fR2\xa7\x0f\x06\xd1R[\x04\x17q\xc6^\xdc\xdb*\xa2eQ\x93\x13\xcc\t\x84r\x07I9\xfe\x15.!Q\xb7\xb4K\x10\xc8W.\xe5\xc0\xcb6\xc8\xe5\xdf\x0c\xea\xe8j\xd2\x05\x1f+"\xa0\xff\x97\xac\x937G{\xc4,\xeaRk\xfca\xfb\x99-W\xd7\x8e\xff?\xea>(?sV\xf3\xb0\x0f\x89\xd2\x98\x9f(\x17z\x01q\n\x91_\x02\xecP\x90\xe19X,\xd9\xc21m\xb7\x07\xe8\xf0\xe3\xfc\x94I\xc4\xc7\x87\x04w\x00\xfb\xb6\xc1\xe3\xfcs\x91\x9c\xc1x\x04\x9cP\xcc}\xeb\xf1^L\xc7\x03kQt\xde\x9bDWx?uy\xa5\x08|o\x13Q\xd0D@Rw\xf2\xf1\xa9Kq\xa3v\xce\xc0\xae}\x00\xdc\x0b\x03\x0e\x94l\xf9\xe50t\xfcp'
tbI624
I0
F0
tb.