# time 	 divergence 	 # of mutations 	 # IGC chances 	 IGC length 	 # IGC failures 	 Changes due to IGC  	 % change due to IGC 
0.0	0.108384458078	0	0	0	0	0	0.0
0.00208684379537	0.110429447853	1	0	0	0	0	0.0
0.00237511417853	0.112474437628	2	0	0	0	0	0.0
0.00365556883785	0.112474437628	2	1	1	0	0	0.0
0.00380487344782	0.114519427403	3	1	1	0	0	0.0
0.00393248785908	0.114519427403	3	2	1	0	0	0.0
0.0175607128437	0.116564417178	4	2	1	0	0	0.0
0.0178776302137	0.116564417178	4	3	1	0	0	0.0
0.0183347456705	0.116564417178	4	4	1	0	0	0.0
0.0189951034717	0.118609406953	5	4	1	0	0	0.0
0.0191027278136	0.120654396728	6	4	1	0	0	0.0
0.0193665117009	0.120654396728	6	5	1	0	0	0.0
0.0258535229772	0.120654396728	6	6	1	0	0	0.0
0.0269726602559	0.122699386503	7	6	1	0	0	0.0
0.0275912156698	0.124744376278	8	6	1	0	0	0.0
0.0300717370403	0.122699386503	9	6	1	0	0	0.0
0.0307029095124	0.122699386503	9	7	1	0	0	0.0
0.0307861906694	0.124744376278	10	7	1	0	0	0.0
0.0312857886163	0.124744376278	10	8	1	0	0	0.0
0.0314671565191	0.126789366053	11	8	1	0	0	0.0
0.0328611886181	0.128834355828	12	8	1	0	0	0.0
0.0340419991486	0.128834355828	12	9	1	0	0	0.0
0.0357973088511	0.128834355828	12	10	1	0	0	0.0
0.0362102610838	0.128834355828	12	11	1	0	0	0.0
0.0373430033317	0.130879345603	13	11	1	0	0	0.0
0.0394121667802	0.132924335378	14	11	1	0	0	0.0
0.0448558563469	0.134969325153	15	11	1	0	0	0.0
0.0470100137028	0.134969325153	15	12	1	0	0	0.0
0.0470220358465	0.137014314928	16	12	1	0	0	0.0
0.0487016129584	0.137014314928	16	13	1	0	0	0.0
0.0493633419852	0.137014314928	16	14	1	0	0	0.0
0.0494753399699	0.137014314928	16	15	1	0	0	0.0
0.0496386361358	0.137014314928	16	16	1	0	0	0.0
0.049657116304	0.137014314928	16	17	1	0	0	0.0
0.0517818374331	0.137014314928	16	18	1	0	0	0.0
0.0577048347023	0.137014314928	16	19	1	0	0	0.0
0.0587944673835	0.134969325153	17	19	1	0	0	0.0
0.0604829656113	0.137014314928	18	19	1	0	0	0.0
0.0618960087484	0.139059304703	19	19	1	0	0	0.0
0.0629350440483	0.137014314928	20	19	1	0	0	0.0
0.0630481813104	0.139059304703	21	19	1	0	0	0.0
0.0632916007247	0.141104294479	22	19	1	0	0	0.0
0.0634473073646	0.143149284254	23	19	1	0	0	0.0
0.0638100068545	0.143149284254	23	20	1	0	0	0.0
0.0638126902094	0.143149284254	23	21	1	0	0	0.0
0.0643860403829	0.143149284254	23	22	1	0	0	0.0
0.066253471176	0.143149284254	23	23	1	0	0	0.0
0.0668372396661	0.143149284254	23	24	1	0	0	0.0
0.0670281269035	0.145194274029	24	24	1	0	0	0.0
0.0697023477609	0.143149284254	25	24	1	0	0	0.0
0.0699921641896	0.143149284254	25	25	1	0	0	0.0
0.0701001651087	0.141104294479	26	25	1	0	0	0.0
0.071850721732	0.141104294479	26	26	1	0	0	0.0
0.0720123282736	0.143149284254	27	26	1	0	0	0.0
0.0720582440505	0.143149284254	27	27	1	0	0	0.0
0.0721652760458	0.145194274029	28	27	1	0	0	0.0
0.073846873325	0.145194274029	28	28	1	0	0	0.0
0.0758922115686	0.145194274029	28	29	1	0	0	0.0
0.076272263543	0.147239263804	29	29	1	0	0	0.0
0.0772465174934	0.149284253579	30	29	1	0	0	0.0
0.077543082626	0.151329243354	31	29	1	0	0	0.0
0.0793875709867	0.153374233129	32	29	1	0	0	0.0
0.0804477985849	0.155419222904	33	29	1	0	0	0.0
0.0850963475109	0.155419222904	33	30	1	0	0	0.0
0.0851222336746	0.157464212679	34	30	1	0	0	0.0
