cnumpy.random
__RandomState_ctor
p1
(tRp2
(S'MT19937'
p3
cnumpy.core.multiarray
_reconstruct
p4
(cnumpy
ndarray
p5
(I0
tS'b'
tRp6
(I1
(I624
tcnumpy
dtype
p7
(S'u4'
I0
I1
tRp8
(I3
S'<'
NNNI-1
I-1
I0
tbI00
S'\xf3[3\xce&\x81\x94\n\xf0\'\x06:OAJ\xa11\xf4\xed\xf1\xe7\x1bu_\\\x83/v\x9b\x81a\xd2\x0faM\x8f@@\xbaTE7\xff\x85\xa7\xeb\x91t\xde\xe9\'`.\x14N\xbf\xd7\xb9^\xfe\x15]8\x1f@\xb7\xf3\x85\xb5d\xde\xd8\xe5\xe1i\xc7N\xb2u\xb1\xd9\xce\xb52\xc1\xef\xcc\n\xec\xb1\xb8\x01r\x84h\x94m\xf1\xc6k\xddFQ\xdd\xe9g\r\xc2\xacftxX\x9bN\xb2\xc8\xe2\x11\xc2\x9e\xd7\xc5^\r\x84\xd2\xf9gK2\n\x9bR\x1am\xa8\x13c\x12\x9f\x14j\x1e0l\x8c6\x89\xc9\x9dHJ\xad\x10S\xb1\xcb\x9ez\xf3\xfco\x82\xc4D\x01\xa892\x0c\x84Dq\xad\x9c\xfat\xe5F;\x8f\xca\xc8\x08\x80\xe2 \xfe\xe3\xe9-\xb0\r\xc4\xa7\xf1\xdb$\xd9\xfde\xc3\xda\xdd5\xf6q\x9cR{*uR\xbb\xdf6\xdfU\x84L?\xbaK\xc5\xbe\xc3\x1d\x1b\xea\xdfG\x86;\xba3|\x88m|%\x9f\xa3\xd34m8\x9f\xcc\xc8\xa6\x0c\xaas\xdbyLR\xf4T\xb7&n\x95PFe\rd1\t\xacB\x84{\xb0U\xdf\xb8z\xd4\xc6\x07.\x860\x1d\x97e}\xec$\x1f6\xc1\x0e%\xc1\xcf7S\x9a\x9c,\\\x90S\xa77\x0f\xd8\xe7\x1d\xf6;.}\xd0pg\x12\xe5=?\xb9\xad\xf1H2[\xef\xb9\r\x84\xf2\xce\xb2\x02\x1c\xc0L\xf8T3\xc4\x1es\r$\xfe\xcf\r\x15\x91\xe8I\x9f@F\xfa\x02\x1b%3\xe7\xee\xfd/bf\x94c\xdf\x8f\xc9\xb7\x11\x94/P\xa7\xba\x9dG\xc0\x01+\xccE"\xc2\xd3\xe2\x90\x1ap\xa1\x1b\xf2\x1c\\5dp`4\x11k\xea\xadQy\\\x04+\xd0\xb2\xbd}\xcd\xffM\xe9g\xc4\x8b\xf0\xbah\x94A\xff_\x9a\xfeH\xc96\x13NN\xa9\x02\xf3\x1a\x8cl\xf0\t%\x11?\xc4\xca[?\x9e~If=K7\xa26\xe2C\x8f\xb9\x84\xde[;ti=\x08\'\xf9w\xdcx]\tK\xacyn\xad;&p\xe076\xb3\x04\x0b\x8a\xb0\xfe\x1e]#\xa4\x0e^\x9e|\xb3m\x90\x00h\x9f\xcd\xfcn\x997]\xcb%\xbf\xf5\x83\xbd\xfbd_\xbb\xbb\xb2S\xec\xc0\xa5\t\xfee\x8d\xb2J\x18\xa9\x17\x19\x95\xd7P\x12\xef\x98\xcff\xa3e\x04"\x8f\xba\xcc(9\xfdi+l\xd6\x18\xc7\xa6*)\xdf\xf46\x97\x84\xb9\x0c\xf2\xd8DR4\x9dg]\xea\x08$0\xca\xe2\xd3\x00\xcee,\xca\x1a\xdb8\xea+_\xed[(\x1a\x9d\xc38\x1e\xbc\xa6\xa5\xb6\xd6\x10\xe6\xa6\x90R\x90\x03x\xd7\x1fc\x049E\xe3\x04*:\xe8\x8d\x1f\x9als\x1c\xa5pC1E9\x1f\x85\xbe8\xe67\xbe\xa6\xeb\xf9m /g\xd5\xb3o\xb6d\x05\xcd-\xd4\xac\xe7\xb9f\xd4\xda\x93\xc6\'\xdb\xc3\x8a3\x85\x92\xc3\x06\xaa\xeb(t\x0f\xd8(\xe0\x11\xe8@\xf9\xed2@\xa1\x0f\xde\x1c\xd9\x94a\xe4\xe0udu{-\xcf\xcdS{d=4$\x90\xf0)\xb2\x85\xe9/\xc8qX\x07CE!\xf6\xb5\x16\xee\xac\x8b\xed\x88\\~\xd6w\xfc\x9d\xc5\xacs\xc4\xeb\x81\x8e\x15\x0c\xb8\x82\r$f\xe4\x02(N\xef\x14\xa5\xde\x91\xc2\xfe\x00e!-\xaam\xfd\x165\xcd\x99e1\xeb\xacI\x87\x12t\xcb-\xd5^\xf0\x9b\xb54\xe1B\xe4gEEK\xc4g\xe3d\xa0)\xf4\xed^&\x8b\x01Ok\x06\xd8X\\?\xeaIJ\x96\x0e\x9a\x0b\n\xd0?\x9e\x8d\xb5d\x9a\r\x0f* \x03\xd2\rI\xec\xd5\xd3JSgV\x96vb\x90X\xdf\xc4n\xcc\xe8}\xdb\xa0\x8d\x0eG\x0e\xf2\xea\xc8\xce8\x9c\xb3+\xdb\r\r\x8f\x94\xbd_l\xce\x84\xccv\x1f\x14&\xa6\xb9\x04\'\x15M\x8c\xbd=\xde\x1c\xed\xb8zaq{\x0f\xd8}{\xcew\xf5\x9b5\xa2\xbf\x00_\xfbD\xa9\x00go\x91\x83c\x03K\xcf\x01<!\x93\xba\xba\x1c\n\x0b\xb7ye\xf7\xe5\xa6$\x96\x1cZ\xe0\xccc\x19\xf8\x12d\x89[`gr\x1f\x0c\xe2\xcb\xe5\xd3\xd0h\x7f\xcf\xee\x19gw\xa5f\xf6\xad\x8d\xdc\xfd\x95\xb1\xb6\x93\xe5o\xcb\x9d\xd2\x97\xf0\x02&Ha\xebw\x8d\xc4\xab6\x12\x9bzZ\xf8\xe1hA`\x89\xd0\x9e3\xf6\x85?u\x8a\xaf\xce\x0ey\xe0S\x01d\xa8Q\x0c\x1eO\xd3\x97\xd4\xed\x953Q",\x97\x9b\xd4\x85\xa1\xef\x84\xe4\xb0\x9e\x0f\xb3\xb3)\x16-\x96@y\x19\xb4}\xd0&\xaa\xff\xd3V]\xe6\xbfKF\xfbk\xfe\'\xdd*n\x17\xf8B\xe6\xa6\x98\xcfz\xf9\xfd\xc7\x80\x1b\xd5\xefv\xa8\xc4J\x9d\x93\x83<\xed\xa6]\xac\xa9\xe3b"Ss\xdc;\xb8:\xe0[=\xc7\xee\t\x1bkDUjo+P\xa4%s\xde\xed%\xb0\xdb\xd1m;L\xd9\xc7D\xae\x15\xf8"4\xed7\xeb\xc6\xfd\x86k\x0b\r\xd8E+\xd2\x04\x9e\x9c\x8e&=\x19\x7f\x1a$\xcez\xcbj\x91\xf20\x1ft\xa2\x9e\xa4|\xe65g\xcbj\x90\xa4\xc7\xbf\tb\x9f\xae[5\x90VbO\x12Q74t\xa1\x99s\xac\xcf\r\xfco\x93\xf1zC\x13\xff\xbeg7\x0c$P\x89)\xc2A\xd5\xcdu\xd9\x9c\xbfH#\xdc\xbb=\xe5\xd0KA\xb9\x8bX:.\x9d\xa8A\xf0\xfa\xd6h\xfa[\x15\x92\xd7|HW.\xf5\x03\x1a\xad\xe3\xc1&\xe6NZ\x157\x80"\xae\xfc\xb8Z#\\\xc7\x19\xd9\x02\x13\x98\xb4\x0bL\x06\xd2\xdc\xfe\x92//\x99\x83\x8c\xa3Y\xe2\x882\x98q^Z\xa7\xfcN6\x97\xb0MW\x8b\x0e\xd9\x1d$\x1b\xd7t;\xe3\x88\xd6]x\xf6\x96<\xbe \x1acG\xc5\x12\x81H\x05D\xbcy\xb8}\xd6\xf1\x0c\x1f\x00\'\xa1\x7fVj\xf6\x01\x96k\xe8\xe5<R\x97\xfft\xa1\x11eD*Q\x85i\xed\xb1t\xb5-[\xc0\xfe\xe3\xf2\xcf\xc5\xa6/\x14rY\xabw>\x9f\x13\r\xfb8\x1a!\x1e\xa1;E\xab\xb8\x06\x00\xaa!\xe8U\x89\xd7\x7f\xa0\xf5\xddT\xc2W\xf3h/\x19\x92\xcc\xbf\xb8\x18\xc9\x89<\x01\xd0\x97\x81\xf3\x18{=\xa9\x13\xbf\x9c\xd2~e\xe4\'\x13\xb6\xf9\xb2\xbdx\xa2\xd3(nY6\xae\x8dE_\x16Z\xeb\x91k(\xe6L\x17\xe7h\x8d~\xdf\x9a\xec\xee_G\x8c\x8eJ\x81\x81\x7f6Y\x11KB7k\xbc\xe3\xe3\x98<\xe6n\xbf\x9eW\x1b\xaaM\xab\x93\x01\x06\xc8hnJ\xc5\x9c\x1f\xf7\x14\x92\x0ck\xfe\xc0\x96<J\x7f5t<\x8c!\x88\xa0\x00\xe8\xdfh\x7f\x8aj\xab\xe9\xee\xdf\x86\x8d\x07\xdcc_\x85jzEe\x9b\x11\t\x1b\xb8\xf0\xcb\x80h\xfbPG\xa3\xab\r\x17\x19k\xf2\xca\x04\xb7\x16\xd3 \xb1/\xffc\x9c\x18IU\xbe=>\xc6\xa13w\xd6-\x86:k\x8cR\xac\\x\xae\xbc3\xb1\xe7x\x80>\x8f\xe2\x0e\x04$\x115\x13\x99\xfb\xe0\xe2\xea@M,\xab\xd6\x02\xc6\xa9\x9e\x06\xc6\xb1>U\xb7c\xcbld\xf4<\x96>)\xc8\x02\x12)s\xab\xc2\x92\x7fy\xbf\xeb\xae\x01\xa3\xa4\x19H,[\x8f)k\xe2\xa0\xd7\x8e#\x8f\x81\xa4\xf1\xe5\xf8CF\xd9\xaci5\xe1\x8c\xaei\x9chk\x0c[\x8a\x1bC\xa4CZ[\x0f\xb3;\xa8\x8a\xd9\xdf\x8b\xfc\xc3\xef\xbav\xadhj\xb39\x93s\x82\ny\x97E\x9cG\xd7\xb2\xdbw\xe6a\xf4YIyln\xd3\x11q4\xbc</\xc3f[p\x01N\x8c\xe6C\xfd\xd1\x1f\x16\xec\x0f6s\x0e\xe0\xee\xa0\xff\xa9\xa2\xf9\xb3\xaa\xe5\x9f\n\xd3\xe7D\x9c\x93\xcc\x92d!=\x07\xf1/p\xd9\xea$w\x03\x8a\xdc>\x99\xba\xbe\xa7\xec\x81E\x89\x8e\xf6\x88\x93\xfb\x93\x93\xf7e\xd5\xb3\x0eb/\xa5\\\x93\xb5\xdc\xdd\xa2\x0e#\xb1\xd2\x96f\x08A\xa8t\xeb8\xfb\x99\x18\x95\x13f\xf5\x90\x81B3\x96\xbf\xf3F\x07Y\xc2lt(\x9c9\r\xd6\xc5\x1b\xfa\xaf`\x95\x1e"\xbf\x91\xda\r9\x83\x9f\x05t\x0f"3\xc7\xf4\xd4 \x1b\xa2\x02\xfc\x84\xce\xcc\x93\x8d\xc4{\xc3\xca\xdf3\xec\xf2\x9a?\x87\xe2z\x02\xdda\xc2ZeC5\xe2\xee\xfa\x81 W\x91/\xe9@\xd6jQ\x8b\x92t\xb5\x9a\xdf\xf4?\x15\x14\xd7\xa2\xa1\xc5\xd2\xc9=\'?Z\xfec\x01\xd5\x0c;]E\x05\x13\x85Q2\xa5\xf5$\x87\x02\xfb\xd3sO\xae\xd1@!I\x9aF\x94%\xbela\xa3I!\x87\x84r>\xe7\xf4sH\xc9X\xa9\xe9\x90\x08G\xd3\xfd\x81&\xb1`\xe1\x1d\x96\x83.[\xd2\x194q\xa8\xb5\xcdV\x0e(\xad\xc7\xc4Fa\xe3\x06\xf4\x99\xd9\x8dr"\xdc\xbd\xf5\xde\x96\xaf|\xde\xaa\x1b\xa2\x94\xdd\xe1<\xab`\xc1\x0e!U\n?P\x12\xfd\xdc\x95KV\x83\xda2s\\\x0c\xf0Gt\x8b\x9e\r\x81L\x8ef_\x14\x05\xea\xf1\xa0\x81?0\xbf\xbd~M\x8axT\\\xef\x8bj\x05ST\x94\xa9\xc06\xaf\xa2\x03~"\xdf\xab\xf8\xda\x9f\x8c\x98\x96\x0f\x90\xf6g\x0c\xbf\xba\xec\xf8\xf8\x05A{a/F\xff\xb4\x1eI\xb1\x07\xd6\x139\xebd\xf0#\xc9\xbf\r?\xe7\xf1t\xaccG\xad;\x17\xee\xe0\x0c\xe5\xcbX\x92\x85A\xca\x93PP\xa0m%F\xd1^\xaa\xc4\xa5\x84\x9cn\xd5\xef\x9a\xc1o\xa1\xb6\xef\x02\xd0\x82\xbe\xf21\x06\xd1n\xf1\x13\xd8iJC\x16~\xdf\xfd\xa2\xc1\x9e7\x87+\xcb\xfd\xedgo\xb5$\xcf\xb0\xbcL\xa3\x15\xbb\xc1\x13\xb6h\x80\xe5f\xb1`\xa6wGP\x896\xff\x94\x9b\xd3 \x18\xf1zwf\x8d\x90\xc9\xbbs,\xf9N\xe7\xd0\xf3\x9c\x8f\xfd\xee\x9b\x10`\x02n\xf2z1D\xec\xbb\xf8\x83\x0c\x1f\xd4S\x87\xb9\x91\xddE-\x91\xb9\x9d\'=\xfa\xfc\xf9\xc9\xfe;\x93x\x1f\xb2\xeez\xc0\xf8\xa8\xa8H\x01\xc2\x01\xff`M\x9duLh*g*\x8b\xe3O\xb1E\x16\xeb_\tj&Z\x0b]94\x18\x02\xc0\xf8\xe6\xdd)4y{&\xa1\x04Q\x04x\x08\x9b)\x1cQ\xbd\x8e\x9a\xb0@\x0e=\x7f\xd4\xf4\xe0\x13\xa1\xca\xa8\xa8!,\xbf<;\xd2\xf3qE\xbe\x17y\xd2\xc2\t\x80\xdc\xfbd\xd2\xbd\xee)7\xcf\xdb\xe0\x97\xe8s\x86\xbb\xaaJU\xbe\xce^\x1b\xa7\t\x9a\xe3\xc8\xc8\x9e\xb8\x97\x9e\xa4\xea\xaaN\x8fL\x10\xcc\x8b*\xbb'
tbI624
I0
F0
tb.