# time 	 divergence 	 # of mutations 	 # IGC chances 	 IGC length 	 # IGC failures 	 Changes due to IGC  	 % change due to IGC 
0.0	0.106339468303	0	0	0	0	0	0.0
1.15882570128e-05	0.106339468303	0	1	1	0	0	0.0
0.000475733293206	0.106339468303	0	2	1	0	0	0.0
0.000559181082103	0.106339468303	0	3	1	0	0	0.0
0.000655113242746	0.106339468303	0	4	1	0	0	0.0
0.00128191175358	0.106339468303	0	5	1	0	0	0.0
0.00278604591802	0.106339468303	0	6	1	0	0	0.0
0.00305764387229	0.106339468303	0	7	1	0	0	0.0
0.00320843177668	0.104294478528	0	8	1	0	1	1.0
0.00324850095252	0.104294478528	0	9	1	0	1	1.0
0.00501064574947	0.104294478528	0	10	1	0	1	1.0
0.00586338654406	0.104294478528	0	11	1	0	1	1.0
0.00622549604529	0.104294478528	0	12	1	0	1	1.0
0.00674196397206	0.104294478528	0	13	1	0	1	1.0
0.00794301278324	0.106339468303	1	13	1	0	1	0.5
0.00826894352156	0.106339468303	1	14	1	0	1	0.5
0.00865528165523	0.106339468303	1	15	1	0	1	0.5
0.0096699310671	0.106339468303	1	16	1	0	1	0.5
0.0105427660303	0.104294478528	1	17	1	0	2	0.666666666667
0.0115939439544	0.106339468303	2	17	1	0	2	0.5
0.0116559432819	0.104294478528	2	18	1	0	3	0.6
0.0125227819433	0.104294478528	2	19	1	0	3	0.6
0.0127864329106	0.104294478528	2	20	1	0	3	0.6
0.01454406407	0.104294478528	2	21	1	0	3	0.6
0.0145998714332	0.102249488753	3	21	1	0	3	0.5
0.0146033741082	0.102249488753	3	22	1	0	3	0.5
0.0146352793369	0.102249488753	3	23	1	0	3	0.5
0.0147589172483	0.102249488753	3	24	1	0	3	0.5
0.015465760769	0.102249488753	3	25	1	0	3	0.5
0.0155945141391	0.102249488753	3	26	1	0	3	0.5
0.0163214738918	0.102249488753	3	27	1	0	3	0.5
0.016478760063	0.102249488753	3	28	1	0	3	0.5
0.0166317470441	0.102249488753	3	29	1	0	3	0.5
0.0170985818264	0.102249488753	3	30	1	0	3	0.5
0.0181602877599	0.100204498978	4	30	1	0	3	0.428571428571
0.0181981331742	0.100204498978	4	31	1	0	3	0.428571428571
0.0187353530115	0.100204498978	4	32	1	0	3	0.428571428571
0.0188005572493	0.100204498978	4	33	1	0	3	0.428571428571
0.0195138852357	0.0981595092025	4	34	1	0	4	0.5
0.0208136637051	0.0981595092025	4	35	1	0	4	0.5
0.0209302128083	0.100204498978	5	35	1	0	4	0.444444444444
0.0214548235463	0.100204498978	5	36	1	0	4	0.444444444444
0.0221949669868	0.0981595092025	5	37	1	0	5	0.5
0.0222888095426	0.0981595092025	5	38	1	0	5	0.5
0.0223177001815	0.0981595092025	5	39	1	0	5	0.5
0.0225477188077	0.100204498978	6	39	1	0	5	0.454545454545
0.0229153812386	0.102249488753	7	39	1	0	5	0.416666666667
0.0230662247506	0.102249488753	7	40	1	0	5	0.416666666667
0.0240285467701	0.104294478528	8	40	1	0	5	0.384615384615
0.0258080070984	0.104294478528	8	41	1	0	5	0.384615384615
0.0270861095448	0.104294478528	8	42	1	0	5	0.384615384615
0.0281048842202	0.104294478528	8	43	1	0	5	0.384615384615
0.0281144716054	0.106339468303	9	43	1	0	5	0.357142857143
0.0285076277011	0.106339468303	9	44	1	0	5	0.357142857143
0.0292353895763	0.106339468303	9	45	1	0	5	0.357142857143
0.029483480215	0.108384458078	10	45	1	0	5	0.333333333333
0.0305579044986	0.108384458078	10	46	1	0	5	0.333333333333
0.0307433438029	0.108384458078	10	47	1	0	5	0.333333333333
0.0311067626011	0.108384458078	10	48	1	0	5	0.333333333333
0.0312691622835	0.108384458078	10	49	1	0	5	0.333333333333
0.0315344193146	0.108384458078	10	50	1	0	5	0.333333333333
0.0324619331455	0.106339468303	10	51	1	0	6	0.375
0.0333586062457	0.106339468303	10	52	1	0	6	0.375
0.0337209684313	0.106339468303	10	53	1	0	6	0.375
0.0339433718793	0.106339468303	10	54	1	0	6	0.375
0.0344265011273	0.106339468303	10	55	1	0	6	0.375
0.0344507642417	0.106339468303	10	56	1	0	6	0.375
0.0348428936925	0.106339468303	10	57	1	0	6	0.375
0.0349450798967	0.106339468303	10	58	1	0	6	0.375
0.0354719759208	0.106339468303	10	59	1	0	6	0.375
0.0376752048835	0.106339468303	10	60	1	0	6	0.375
0.0387263055673	0.106339468303	10	61	1	0	6	0.375
0.0391005694928	0.106339468303	10	62	1	0	6	0.375
0.03916466277	0.106339468303	10	63	1	0	6	0.375
0.0393383265352	0.106339468303	10	64	1	0	6	0.375
0.0394903836453	0.106339468303	10	65	1	0	6	0.375
0.0395505941506	0.106339468303	10	66	1	0	6	0.375
0.0403790141359	0.106339468303	10	67	1	0	6	0.375
0.0409131879441	0.106339468303	10	68	1	0	6	0.375
0.0410149248775	0.106339468303	10	69	1	0	6	0.375
0.0421748572686	0.106339468303	10	70	1	0	6	0.375
0.0424051579758	0.106339468303	10	71	1	0	6	0.375
0.0427429713506	0.106339468303	10	72	1	0	6	0.375
0.0427896502844	0.106339468303	10	73	1	0	6	0.375
0.0430765845722	0.106339468303	10	74	1	0	6	0.375
0.0446806181425	0.104294478528	10	75	1	0	7	0.411764705882
0.0447710604035	0.104294478528	10	76	1	0	7	0.411764705882
0.0461683085147	0.102249488753	10	77	1	0	8	0.444444444444
0.0462495510085	0.102249488753	10	78	1	0	8	0.444444444444
0.0467817413388	0.102249488753	10	79	1	0	8	0.444444444444
0.0470843863671	0.102249488753	10	80	1	0	8	0.444444444444
0.0489540293804	0.102249488753	10	81	1	0	8	0.444444444444
0.0507628583313	0.102249488753	10	82	1	0	8	0.444444444444
0.0510502150256	0.102249488753	10	83	1	0	8	0.444444444444
0.0513153748642	0.102249488753	10	84	1	0	8	0.444444444444
0.0516636020738	0.102249488753	10	85	1	0	8	0.444444444444
0.0517362875553	0.102249488753	10	86	1	0	8	0.444444444444
0.052288820852	0.104294478528	11	86	1	0	8	0.421052631579
0.0522961617201	0.104294478528	11	87	1	0	8	0.421052631579
0.0527247267017	0.104294478528	11	88	1	0	8	0.421052631579
0.0527699999717	0.104294478528	11	89	1	0	8	0.421052631579
0.0533408504735	0.106339468303	12	89	1	0	8	0.4
0.0536427225191	0.108384458078	13	89	1	0	8	0.380952380952
0.0539789998674	0.110429447853	14	89	1	0	8	0.363636363636
0.0543611031179	0.110429447853	14	90	1	0	8	0.363636363636
0.0552225316111	0.110429447853	14	91	1	0	8	0.363636363636
