cnumpy.random
__RandomState_ctor
p1
(tRp2
(S'MT19937'
p3
cnumpy.core.multiarray
_reconstruct
p4
(cnumpy
ndarray
p5
(I0
tS'b'
tRp6
(I1
(I624
tcnumpy
dtype
p7
(S'u4'
I0
I1
tRp8
(I3
S'<'
NNNI-1
I-1
I0
tbI00
S'ZH\xce\xbe\xfc\x0e\x19mP\x0b\xef\x14l&\x01\x97\xce\x10p\x9b\x16V%=\x14\xd9\xc8|\x80\xdd\xd5\xa8+\xe2N\xc7\x02+\xd0\xb7\xf4W\xb8\x1c\xc4\x10\'kB#}j\xfd\x88\xf4qdt"\x8bR\x87\xa7\x1e\x0b?A\x8d_\xf2\xd3\x14\xc5\xbb\xdd\xd89\xc1\x01}\x16\x00\xd7\\\x9a\xa6\x1d\xcb\x8c\xc0\xbdV\xc0\x97S\x82\xd8\x82\x05\xdc\x1a\x87\xaf\xb8\x82\xfa3\x85]\xbc\x1e\x87Y{[p\xec\xaba\xf8\x9ff\xee\xc0\x9a\x10`\x9a\xae\x1b\x06{f7e\xcfc\xf8v&Xk\x97]%e\xce\xfb\\\x8f\xd14\xe0\x18\xf1\x13O\x05\n|\xd3\xc1>\xccd\xcf\xe1\xef\xd2\x06\x84\x0e\x8f\xa0\x0b\xf0\x10\x92T\xdd\xaf\x11}o\xc2\xf8\x91h\xfe\x9e\xa4,\xd2\xc9\xd2\xe9\xb1\xb81\xec\x99U\xb0\x050^X\x9c\xfa\xd6\xbel\xd0\xeei\xc98\xd9?w\x01\xfe\xd4\xce>\x84\xd07\n\x07\x07u7\xf58\xd1\x1f\x13\xd8-\x14\xf8\x82\n\xe3\xbb\xd6\xfbM:>\xc4\xc1v\xdf)\xed\xa8\x13\xff\xfepA\xf6m\xb4\xba\xb7>U}\xb0Z\xd7j\x0fV\xd34\x047T\x91\xb4>\x88q&TTqU}\xf3\xd6\x8eg\x03.~\xcd\x1al\x17\xb8\xe30\xb85\xf9\xb1\xa6\x8b\xc7\xc0<d\xbd\x93o.\xbd\x9f\xe2\r\xba\xb7\xf8\xe3\r)\xa1\xa4\xa7\xaa\xcb\x0f\xeae\x9af$\x06\x85\n<\xdc\x8e\xd8\xc8\xec/=[w\xac\xd9\x9b\xadE*\xb5N\x00&\xb8\xf5\xd23\xe9\xdd\xfe\x89\xb0m\xbe\xf2;\xb45\x8b,u\xe1\xff\x144\xbf\xa1\x183\x06\xd9\x8a\x08\xa8b\xb7.c(\xfb\xd6\xcf\xc8V\xce\x8f%zjpz\x0f\xbe^\xd2\xa9\xcf\xab\x9b\x1e\xee\xbe\x8c\x98a[\xdc\x9b\xc2\xe3\x99\rN\xe5o0\xe4\x88W\x9dF\x9e\xb6\x9e\xa1o\xc3\x83\xe8\x1f\x11\xc9\xe4\xca\xff\x19l\xea\x8e~i)S\xa4\xb2"\xd9"\x8c\xc0,\xc2\xf1*\x0e\x9c)\x11uE\xfc2\xf0\x90\x04!\xafh\xef\xb1/\xf0\xafi\xc1x\xf3\x0c\xb6\xdaB\x92m_|\x0fsp\xfa\x9a"\xcc\x1co\xb5\x80}\xcf\x1b\x8e\x0c\xaa\x85\xf3\x8c!\xcc8C\xa0\xcd\x8b4\x1d\xd2\xb5\xf7c\xad\xcex\xbb\x9ec\xbc~\xf3\x8d\xb2\xba&\xb2\x14\x92\xa1\xba\x02G\x86\x16\x05\xee\xb5A-\x9b\xd6\xd2q\xcc\x9c\xc8r\xaf\x97\x13M_Jtu}e\x98\xd7\xc6\xc7v|\xa0\xb3\xbdv\xbd\r\x1b\xec\x9d\xd5\x89\x80\xd00N\x9b\x08H\x9c\xd0\xcf\xd7t\xf3\x8fBJ~\x89\xd0u^\xd7\xcb\x08\x90rq{\xdc\x04\x16P%\x856\xe1%g\x84\x15\xf3\x1f\xbcs\xac\x99\x8c\xc8\x9e \xdbv2.\x00\xca#\xf0x\xc2\xa7p@\xb4]3\xcfo\xe3f\xd4\x84\xbc\x92\xday\xc3a<\x8b\xdb\xda\x19\xa4q\x8b/n\x83\x84H\xa5\x8c\xf9\x86\xa3\x1b#4\xfc\x7f\x82\xf8>\x0e?Xar2BF\xf7\xfe\xefz\x94\xe3N\xd4.\x9c\x0eo\xf0\x1d\xbdY\x8e*&(\xcdWct\xc5E:z\x0e*\xc3h\xf37n$\xd8\xe55\x8f\x82 \x0c|\x8b\x07}\x0f\x95Z!S\x00\x9cH\xfc\x00\x02\x16\xfa\xfa\xeb\xf2\x90m!\'\xd0\xfbz\xcd\xe7\xac\x94\xa0\xf1\x85\xd9w5\ru\xb2\xc5[\xfbg\x00\xea\x19D\x83kt\xf3\x1a\xc5\x9f\xc9\x17\xc1\xc5\x8cU\xe5h}U\x13C\x84\x97\xa4*\xfa\\.B\xce\xfca\x0e1\x9br\xb4X?\r\xd6\x94\x12\x13|\x8d\xfb\'o\xfa\x83\xfd\xc2<\xc3\xfe\x1e\xc6\xa6\xff\xca\'^7\x0e{{\xc7\x8e-\xb6\xb7\xe6JRt\xd9\xeeP\xbb\x85U\xed\x9e\x9c\xaf8\x1e\x10\xc8\x8a\xb6g]4\xe8\xc1\xa8\xf3\x86\xdd\xaa\x84\xb2P\xf4Kv\x12;Z\xeb\xe6\xea\xf1\xf3\xe2\xe6\x1c\x00\xd3\xe2WC\x05\xc7T\xac\x10\xb8\xbd}Yu\x13\xf2V\xac=\x15\xd8\xf3yQ\x97\xc0\x1a\x82S\xde\xf4\xff\xa3\xc7o\xfd\x94\x82\xeb\x9e\xdc\x15\x8f0\xc2\x11\x06\xe3yr\xbe\xdf,\x8c<\xd5=\xe7G\xde\xecR>\xb8\x82\xffO\xeb\x81\xfc\xbb\xce\x98\xcfX\xf6-3\xdd\\\x19#\x11\xbf\x94d\xc2z\xfd\xf0A\\1)0\x05\xaaf\xd8~[}\x183\xa1`up\xe3\xacv\x82\xa2\xf1:{8u\xa72\x8fz\xce\xcd\xcd\xe5Y\xecH\x8f\xab?\xbaE\x13\xe3\xa0\xb3\xfc\x02\x82\x9aM;Xpp\x0cJ\x9e\r\xc7]W\xac}K\xaa\x8b\x0e\x96\xf1h\x06\xa6>xM>\x8bn\x85\xeaT\x1a\x85\xb1\x1b\xfao\xb0\x93\xf7U\x1b\xff<$\xd2\x99\xce\xder\xc8\x87\x90\x9f\x00\x8aO\xe4\xdc\x82W\x81\x00\xcb|Z\xfaV4\x13\x8e"5\x14 \xc5z=a\xd2S\x19\x8au20Dq\xcb\xcc\xa6\x02\xab\xf5 \x8a)\xaf.\xf8\r\xd2\x9a\x16+\xf2\x08\xe4+\xb4\xb9|\xe6\xabR_\xf8F;\x9e\'/\x17\xb8\xb8\xe7\x9aH\x1c\xae\x00C\x05\x88p\x108\x95\xb0\x1eM\xbc\xd1\x0f\xbdu31E\xca\xe5\x81\x14\x9f\xa9A-\x02\xcb\xe8\xab\xa8\xcd\x9f\xe2\xca\x94\xe1\x8c\xe5\xa5\xdc\x05\xaa|\xf6\xcc\xf2Z\x9eS\xb3\xf9\x16\xfd\xa8S\xec\xae\xe5\x9b\xfa\x1f\xd6up}\xd3\x91"[U\x8e\xadE\x92\x9f\xf8z\xd8\xf4\x9e\x19\x03\t\x91\xdb\xe4\xb0Ac\xa2%Q\xeb\xea\xbc\xf0\xbd\x88\xec\xb2\xb7\':\xda\xcf\xa7s\x81BW-V[O\x99c\xf0L$\xca\xacD{=\xa8\xec\xe2H\xb4\x9f\xa4U}vS\x88{\x0e\x836"\xf9@u\xb2/qFL\x08\xb4\xa6\xcbj\x97c\xc1,\x9d\xd6hc\xbe\xce\xe9\x85bA\xf8{^\xbb\xc7\xd6\xd2\xd0\x01\x0f\xfd\xf0\x11\x0f@\xae\x92Q\xc5\xa4\xf6~IHr\xcaN\x00\x10\xe8\xadM"\x8f\xdd\xbe\xae\x9b\x83\xdbv-0\xdc\xb0"\xe7\xae\x80uy\x1b\xfa\x8ew\x1d\xa845\xa7\xd8\xb0\xb0AiM\x1e\xd8\x00\xf7\x02A\x02\x00\x8a\x16\xee"/\xd1\xec\x81\x80\xdf\x0f\x7f\xa6\xd9n\xec\xd6\x16\x17\x0c\xb5\t\xaf\x89\xb7w\xce\xd2\xf9:Zn+\xa9\x02u\xf2\xa3\xf1F[3d\xa9\x18A\xed\x0c\xae{:\xb9\xb4\xe6\x95`\xe3\xe5KD\xed\x9ai\xaa\xd3\xe1\xc5g\xf9I\xff\xaf\xb5\xd2\xc2G\xc4&\x8d\xd84]\xe8\xacG\xc1Y(\xb3\xeb\xdf\xc8\xfb3\xb4>iO\x9e\xbd<LH\x83U\xb8\x88&\xc4\x85Z\xc7C\x7f\x7f\'\xe6\x18\xe6\x8d1\xdd\xd7\xaf\x1f\x87O\x05\x085\x14\x86\xc0g\xf5\xf9\\\xc7{\xcf\xb5\xb3\xfdT\xe2\xbdt\x19<\xdeCw\xa0\xc1FaZL\'L\x1a\x15c\xcb>\xd3%nzp\xc0\xac\xcbU\xc5]\x1d\xf9\xf8\xd0"NP\xc7\xba\xba"f\t;\x8eK$\xa5\x91!A\x80A\xfb>\xe6\xcc\\$5\x06\x04<\xe4\xb4\xdc\xc5\xa5\xb6\x02\xe5yM\xde_\x94l\xc3\xd5\xcd\x9f\x00\xf3\xde\xed)\xb80\x8f \xfb\x0b_\xc9`\xc1\xd7Lr\x08\x9e\xad\xbc\xcb\x8b"\x05Hn"\x82\xd8*\xb7uq\xab~6\x13\xb3p\xfb\xba\x85\xee=\x03\x8as\xd7\x12?%\xd1\xee\xf6A\xb5W\xd8^S\x184\xe6#~\xce~z\x13\x14\x07\xef\xbf\t\x17,_\xca\x04\x82pPT\xed\x8am\x94\xab4\xbc\xe1\xf7EL|>\x9a\x1d<\xb6\xc1O\xb4\x8a\xc6\xaa\xcb\x85\x81\xe5\xf8\xc4@u\xef\x94\xa4\x93G\xdd\xfe\x0fJ\xd6\x08\x1a\n\xd7\xaa\xe8\x12E\xd5\xaa\x90\xa2\x92\xc2QGM\x8c\xf4W\xe0\xc6\x0fWm\xc7\x0e\xac\x11:\xd1\x99\x9d\xbc#\xa4[\x9fM.\xc4|?\xa6-5\xeaT[\xa9\x1b\x80.,\x1f\x89=\x04\x8e\x16?\xb1\xe4\x1e\x8f\x7f\xb07\xf1\x18\xb3\xb3<\xc9\x11K7\x81\xba\x98\xd9\x0b\xf1I\x9b\x9a\xa9J\x15\xb0\xc7\x99\x87zU\xe9\'\x1a/EZ\x94\x04J\\p&\xc5)N5\x08\x15Q^\x05\xe0\x9bQMr,\xbc$\xb3\xa6\xd3(\x88\t]q\xf2\xbf\xa35\'Q\xcbZ\xdcD\xbcX,f89W\xf3\xe8\xf2<B\xc4\xfc\xe5\xc2*~3\xd2i\x99\x16\x84\xddNb"o\x922~\xeeP\xd5\xbe\xddtb\xa4\xc2Im\x92\xfd\x88\xcdC\xba\xb8\x87\xb8<r\xd8\xc2e@\xa17&EA\xf5X\x15\xa8\xf60\xadS\x1d\xebE\t\xbf;@\xf1h\xff\xff\x12\xea\xe2QWs\x96\x1b\x129_2\tU\xd8R<\x7f>\x8aq@\xc3\xf8}\xe7\xbc\xac)S\xf5E$jj\xach6\xf4\xb2\x15\xe8+"3\xdd\x82\xe0+\x03]*\x16\\\xb5\x1c\xb0\xd8ABb\x9ei\x03\'Q\x8dM\'\x8d\xb5\x0f\xc9$\xd9\x90\xad\x84\xe4\xb7\xb0\x11\xfd\xfbX\xfb \xc8h\x82*m0\xcb\x920]A\xe2\xaf\xeerNz\x9f},\xc0%y_\xb3\xaa\x05\x7f\x86E\xd4\x97G,\x99\xa7\xedj\xb7\x861$\xc3\x8fK\xb08\x06.\x97\xe7\xba1\xc1\xdc \xba\x80F\xc1#\x82\x91o\xbfP\x94\xc6\xf9\xf4\xef+T\xd2W\xa9W\xef\xd0mZ4-\xb4\xa2QU\x18f\x0c\x83:e\xef\xa4|;\x02}\x92D\xe0a\x13\xed\xed2\nE\x9e\xff2!\xed\x91Rns\n\xf6\xac\x0b\xe5\xbf0 \xfe\xcd\xd5&@\x1b\x0b\x01o\xff\xea7n\xfa\xebE\x01\x8d \x05\xb0?^\x94~\x8e\xf12\xb6\x01\x9cp4\x0bU\x8cC\xca,\xfd\xe7\xd2\xd4\x0eDa+:\xeb\xf5!5%\xeb\xec\\B\x9fU\xdd1Q\x02Fb\x00\x15o\xb5xF\xdd\x0c@\x8f\xb4\xc33N\xb5gv=w\xe7\xc7\xfc\x86\x10\x95\xa9\x1f\x03\xf1w\xf1\xa5:\xbfK\xa5\x12[\xdd\xaaA!S\xa2\x01A\x0baFQN\x95M\x00_$6\x17\xae\xd0\xba\x92\xdc^\x98\xfc^lyL\xa6\x90w\x10ia\xf8\x8b\xef(=\x96\x15\t\x83\xd4+\xf7\xb3G\xc6\xf7\xe9^GF\x8a\x06\x1a\xe2\xbd[h\xb4\xe6\xb1L\x92\x10\x97\x13\x10\xc1y\x11\xcf\x1c\x83\xf51}>\xd0\xc1w$II^[\x83[\xa9J!Q\xbc\xdanGvM\xc1\xe0\x07d\xf9Br/o\x1chl|T\x80\x97~I\xe8\xde\x8e\x83\xbb\x8c\x15\xb7tC\x94W$J\x86\xbf\xed\xdf\x05I+y\xafN\x1e\x17\xa1\xf5\xb0\x9a\xef\x86\x82\xcb\x07\xe9Se\x96\xe1\xea'
tbI624
I0
F0
tb.