# time 	 divergence 	 # of mutations 	 # IGC chances 	 IGC length 	 # IGC failures 	 Changes due to IGC  	 % change due to IGC 
0.0	0.0	0	0	0	0	0	0.0
0.00164825792325	0.00204498977505	1	0	0	0	0	0.0
0.0156174441744	0.0040899795501	2	0	0	0	0	0.0
0.0162393345081	0.00613496932515	3	0	0	0	0	0.0
0.017290074349	0.0040899795501	4	0	0	0	0	0.0
0.0173751968134	0.00613496932515	5	0	0	0	0	0.0
0.018656386484	0.0081799591002	6	0	0	0	0	0.0
0.02017029601	0.0102249488753	7	0	0	0	0	0.0
0.0247670167595	0.0122699386503	8	0	0	0	0	0.0
0.0331364046849	0.0143149284254	9	0	0	0	0	0.0
0.0383709916495	0.0163599182004	10	0	0	0	0	0.0
0.0390285681035	0.0184049079755	11	0	0	0	0	0.0
0.042022127947	0.0204498977505	12	0	0	0	0	0.0
0.0424921973893	0.0224948875256	13	0	0	0	0	0.0
0.0425849021867	0.0245398773006	14	0	0	0	0	0.0
0.042873940382	0.0265848670757	15	0	0	0	0	0.0
0.0440186574102	0.0286298568507	16	0	0	0	0	0.0
0.0446693035709	0.0265848670757	17	0	0	0	0	0.0
0.0451197107496	0.0286298568507	18	0	0	0	0	0.0
0.0503468845978	0.0306748466258	19	0	0	0	0	0.0
0.0522339539299	0.0327198364008	20	0	0	0	0	0.0
0.0539551341957	0.0347648261759	21	0	0	0	0	0.0
0.0544864981378	0.0368098159509	22	0	0	0	0	0.0
0.0567738624876	0.038854805726	23	0	0	0	0	0.0
0.0618480150631	0.040899795501	24	0	0	0	0	0.0
0.0676565307521	0.0429447852761	25	0	0	0	0	0.0
0.0718275312077	0.0449897750511	26	0	0	0	0	0.0
0.0754657451696	0.0470347648262	27	0	0	0	0	0.0
0.0793385411079	0.0490797546012	28	0	0	0	0	0.0
0.0804293601941	0.0511247443763	29	0	0	0	0	0.0
0.0823192625444	0.0531697341513	30	0	0	0	0	0.0
0.0947264233968	0.0552147239264	31	0	0	0	0	0.0
0.098123888553	0.0572597137014	32	0	0	0	0	0.0
0.10140330659	0.0593047034765	33	0	0	0	0	0.0
0.103433864068	0.0613496932515	34	0	0	0	0	0.0
0.105750173096	0.0633946830266	35	0	0	0	0	0.0
0.1067724865	0.0654396728016	36	0	0	0	0	0.0
0.107830184201	0.0633946830266	37	0	0	0	0	0.0
0.112770813201	0.0654396728016	38	0	0	0	0	0.0
0.120070500359	0.0674846625767	39	0	0	0	0	0.0
0.124633534683	0.0695296523517	40	0	0	0	0	0.0
0.131861564583	0.0715746421268	41	0	0	0	0	0.0
0.131937858323	0.0695296523517	42	0	0	0	0	0.0
0.132850997389	0.0715746421268	43	0	0	0	0	0.0
0.133085026132	0.0695296523517	44	0	0	0	0	0.0
0.134846852169	0.0715746421268	45	0	0	0	0	0.0
0.138543492542	0.0736196319018	46	0	0	0	0	0.0
0.139102406712	0.0736196319018	47	0	0	0	0	0.0
0.14157470876	0.0756646216769	48	0	0	0	0	0.0
0.143255057033	0.0777096114519	49	0	0	0	0	0.0
0.148208934978	0.079754601227	50	0	0	0	0	0.0
0.148964626277	0.081799591002	51	0	0	0	0	0.0
0.149763359289	0.079754601227	52	0	0	0	0	0.0
0.153584185764	0.0777096114519	53	0	0	0	0	0.0
0.154572798825	0.079754601227	54	0	0	0	0	0.0
0.155782467976	0.081799591002	55	0	0	0	0	0.0
0.1575891335	0.0838445807771	56	0	0	0	0	0.0
0.158100717327	0.0858895705521	57	0	0	0	0	0.0
0.15889270142	0.0879345603272	58	0	0	0	0	0.0
0.167344105812	0.0899795501022	59	0	0	0	0	0.0
0.168115431149	0.0899795501022	60	0	0	0	0	0.0
0.168401834063	0.0920245398773	61	0	0	0	0	0.0
0.16934836954	0.0940695296524	62	0	0	0	0	0.0
0.170868683958	0.0961145194274	63	0	0	0	0	0.0
0.175632237777	0.0940695296524	64	0	0	0	0	0.0
0.179698638777	0.0961145194274	65	0	0	0	0	0.0
0.187345312942	0.0981595092025	66	0	0	0	0	0.0
0.189427862407	0.100204498978	67	0	0	0	0	0.0
0.194536401568	0.102249488753	68	0	0	0	0	0.0
0.194743213677	0.104294478528	69	0	0	0	0	0.0
0.19727907155	0.106339468303	70	0	0	0	0	0.0
0.207731681707	0.108384458078	71	0	0	0	0	0.0
0.211475386284	0.110429447853	72	0	0	0	0	0.0
0.213569761364	0.112474437628	73	0	0	0	0	0.0
0.213574658319	0.114519427403	74	0	0	0	0	0.0
