cnumpy.random
__RandomState_ctor
p1
(tRp2
(S'MT19937'
p3
cnumpy.core.multiarray
_reconstruct
p4
(cnumpy
ndarray
p5
(I0
tS'b'
tRp6
(I1
(I624
tcnumpy
dtype
p7
(S'u4'
I0
I1
tRp8
(I3
S'<'
NNNI-1
I-1
I0
tbI00
S'\xcd\xa1\x0e\x98Q\x05\xf2\x1bES\xfb,\x8cR\x8b@\xa4O_.\x9bI/.\xa4\xca\xe1J\x9at}\xfe\xb5\xac\x05y\xa4\x84\xb6\xbd@-\xac\xc8\x92\xf1\xc9\xf8\xc9\x83\xf5\x97\x92\xcf\xf9\xbc)\xf2\xaf\xdb\xca\x94\xf6\xf5\x9d(B\xdc?j\x03wP\xe5\xdcf\xf7R$N\xf2J\xfb\xf0[5*\x1e;\xae=\x040f\x8a \xcc\xfd\xda\n\x15\x04e\x84B`\x04\x8f\xff\x94\xe4*\xe4\\\xd9\xbe\xc4\x90\xf0m\xb3\x19\xc3#\xc0\x1d\xa9\xbb\xff\x90\xb1\x1d\x83Y\xbd\xc1\xc6\x8f\xaf2{\xdc\xdd\x80N\x1a\xcf\xff;d\x1d\x18\xeeQk\x86\t$\xc0!\xfe\xceE\xda=>~\xc9\x1e\xaf2\xc6\xf8\xe4\x1c2\xe9vs\xd2\x93\xdasr\xc9r3\xb2\xad?p\xdfnJ\x9a\xca\xf7\x94r*z\xcfGD\xa02\xbf{\xc7/LX\x80\xf9`\xdb\xe5\x8fX\xa7\xbe4\x06\xac\xe0C\xe2m1c\x82\xd2\xebS\x16`4WeW\x1b/\xd0\xc4L\x1e\x1e\xd7\xe43\x9d\xb5@\x1a\xa6\xb3\x90\xcb\xb1Y\xe4y\x94\xa4PM\xdb\x10^\xe0\xb8\x83-\r|:\x03\xee\xdd\xa1\xf2\x8f\xb2!kJ\xbd\xa2l\xf9\x97\xd1\xe6\x14\xef\x10p\xa1z8\xb9\xe8\x8a\xe9;\x91%\'0k\x8f\x16\x05\x9e\xbfr\x02?\x16\xfd\x8b\x9e\x83H\xdd\xd4*\xec\x8b\xae\xef\xb7\x95-\xfb\xdaM\xea\xce\xb1]\xfe\x926\x8a\x8f\x87\xf6\x03}6d\x00\xc5\xe0\x99A\x15\xf9\x7f\xac\xbdQ\x8e\xb6\x97k\xbfx\xbc\xb6\xe3y\xb4\xf9\xdd\xf8u\xdd\xbc\x95{3:[\\up\xa5\xc0\xedG\x1c{\xae\x12\x9f\x9b|\x97)\xd8\x93B\x02\x9b\xed\x85\xe4\x17\n_U?;,\xa7\xee[\x8b\xb4\x1fg}\x16V4(_/\xe1\xd2\x96~\xeb\x92\x817\x03\xa6Z\x7f\xd1\x1c\xae\x91\x1ba\xae\x914\x14\xddp\xf9\x90\x94x\xd9\xbf\xb1\xea\t\x1e\xeeJ\t\xe09N\xe4\xa9\x7f\x06\x04\x01-\xfb\xb3.\x1b\x85\xee\xbc\xf0\x0b\xad\x06\xd1\x15\xaa\x8aB\x0f\xbbl\t\xaeB\xd7}\xfd\xb9\xb8\x82^=\x06q\\\xaa3\xd5\xa8mw(\x06\x88\xb3\x10-\xc7\xfc8\x88\x8e.\x83\x917\x84\xba,\r\x8b\xa2Y\x8c\x05*\xbeU\xc7(\\\x03le\xa8\xf5BhC&\xd7~\x0b\t\x021\xdf\xce\xe6\xdd:?\x7f\xa7w!\xc7r\xd8\x86|C\x0eNOa\xf9xK\x8eD$:\xa4\xc3\xc4,\xa8\x19[u\x197^q~W\xfe\x16+z\xabt(m,\rj\xa5\xb7\xf2KV\x95\xb8\x90hk\x7f\xed\xc3\xc0D\xa0\x9c\x08K\x9d\x02\x8e\x1d\x96\xcb\x0f\xfb\xef\xcb\thq\xbf&-\xefu\xa6\x97*\xed\x9e \x83+\xd8\x14\x8f\x9be\xa2\xf3vq\xf5M\x81\xaa3\xab\xac\x9f\x08D\xc9\xbf\xc2\xaf+6kN\x03\xf9\xf8\x02s\xc4e\xb7E\xdcY1Q\x84di\xc8\xe1\xe7\xedL\xee`r(S\xcb?\xe2\x98\xf1\xa67D7\x8c\xa4\xdd\xea\xa0\xe2gu#4\xdc\x89\xe8\xf1w\xe4;`\xc75;\xc8e\xd3\xe3\xc8\x1dyl\x028!)\xc0;\xd8@\x1c\x9b\xb25\xd1\xe0\xf3\x8b#Kf%sn\xf90yl_\xcf\xac\x85\xbb\x98!\xf8K\x02\xbc]\xca\xdd\xd5\xc5.z\xaf\xa7\x9a\x0eD\'\xb2W\x0b<\'z+\x96\xc6\x90\xbam\xb7b\xaa\xbb?\x9e59[\xb4\xb4\nhR\x92\x88\x84$\xe7~L\x8e\x00j\x8dbN4\xfd\xa9\xdf\x12\xc9tY0[B\x8e\x06V%T\xa7\x80\xfe*;\xbe\x9e+=GS&\x86\x93a\x8f\n\xdc&\xf2\xb3\xcb~P\xb5\xabu\x06\x13\xa9\x1fp~}\x0f\x9d\\\x83\x03O\x18y\x84or!@\xd1\xad\x91\xed\xe9(G\xf3\x16\xa3)wZj\xba>[\\\xc9\x8e~\xf6]\xbf@\xc3~K\xed\xed\x9e~\x1c\x1eI\x81\x15\xf8y\xe9\xca1M\xbb\xbd\xe2"\xc9\x88T6\xe8\xd0\x8dca\x8c<\xa1\xee\xac\xee\x8fL\xcd*(F0\xf9\xb1\xb33\x19\xd3\x08\x86f82`\xc1\x81\xdf\x90V\xbfN\xf9\xd1\x1a\xe2\x03\xf2\x15\xfd2\x85/\\\xf1\x08\x9f\x92\xcd\xf0=\x06b{\xda\xe1=N\x0cny\xd1\xcf\x9f\x1f\x7f7 )\x9f\x00Pm\x03\xff\xe1\xff5\x1c\x05l\xad^L\xd9\x89\xe8\xb4\xa5\xaa\xe1\x01Kn\xb4\x8f\xa0P\x91`\xefp\xbaP\x92\x8a/\x99\xede\xa6\xa2\x1aJK\xb08\xa5\x11\xd6~\x96\xd8\x0f\x07\x16\xae\xced\x7fZO\x9f!\xddF\x1c\xbd\xe7.\xae\x8dm\xda\x90\xa9\xc1\x9f\x85Y\r\x14c=\xd4\xad\xd1tf\x00\x8f\xac\x17\xb3\x1b\x98\xac_\xfa@\x98\x08\xdd\xb0\xda\x92M\x10\x92\x81~\xa8\xda\x00\\l\x08~\x85\x8b\x89x\xb1\x89\xee\x9e\x95\x91\xfcL\xd3\x82\xaa2\x11\x92\xc5n\xe6\xaf\xc8Rt\xee\xda\xd9Fip\xd4s\x96\xab\x81\xce\n\xc3\x8fI\xf9\xe9\x96v\xfa\xe4\x15\xcd\xf5\x93\xf9\x8eR/u_\xcb\x1bb\xeeR\x99\xc3\xe59\xb9;b\xab\xf2J\x91v\xba\xcd\xf2<\xb6\xca\x80\x0b%\xdfF\xe5\x8d\xa0\x1dH\x8d\t\xf2q\x94\xac\'\xdf\xc2w\xdd\xe0\x8f\x83\xc8)*\xe6\xed\xeb\xf0\xf3\x04\xec:3ZX?\xb4J\xf2\x91\x93\xa9]\xf6}Z\x83\xeb\x9a\xc3OE\x13\x84\x9e\x02Je[\x00\x89\xddE\x13\xb0\xec\xc0\x8c\xeb\x19;\xac\xea\xd9\x15o\xc4\xa9\x97\x1a~\n\x08\x95H\x9c\xa2\xee\x9e\x81\xe1B\x83a\xc6\xe6\xbb\xcd5\xa3L3)w}\x06\x8c#z\xa7W\xa2\xe4\x0b\xea\x86\x10\xa8\x85\xe8I\xd0\x8a,\xc2\x93v\xa6Q\xbdtK%~9\xaf\xea\xc8!G\xa4\x03\x80\x0f\xad?\xf0v\xb6\x15\x8f_\xb9\xf9\xab\xacF\xf1\x8f\x1f(\xf7\xa9\xac\xad^\x0f\xe5X\x86u\xb3\xb4\xadU\xb6K\x8b\x851\xa0I\xd2\xb2fd\xb2\x1e$\xfa\x02b\xba\xd6#\'||\xf7\xf1 \x16\xf3xA\xee\x88h\x85jw\xa0\xe5\xcb\xdd\xc9\xedI\xd9Z\xf3\x07U\xc1N1\xd4\xa8p\xa2\x17%\xb4)\x8f\x1aH\x8a\xfc\xe7H\xd7U0^b\xf8\x19\xfe,;/k+DT-\x12V\x9eA\x99p\x8d\x83@.\x8bQ\xcf\xcd\xf6\xb5\xf2O\xca\xd0\xfe-\xa5W\x9d|H40,\x12;\x83\xc3r\xdf\xfd h\xac\xe9S>\x9b\xd6\x89\xc7\x873\xdd\xa8\xb8\x82\xa6\x9bm\x02\xedC\xff\x96&\xc2H\xa5CNe\xf6\x13\x9f\xed\xec\r\x82J\x12\xb2\xa3\xe9\xa9\xa3\xb1\xd0\xb8J\x15O&\x88W\xae\xb7*I\x03\x8c\x89\x13\xb1\xe6\xc2m\x12\r\xd3\xa6\x7f\xa6r\x00\x82 \x03\xbd\nu\x04\x12\xb67\xe6\x14\xd5H\x005\xb7%\x82\xb7\n\xa9fN\xcc\xc3\xaau\x16\x87\x92Vi\xa4\x11z?\xab\xa6\xcc\x92\x0e\'\x18\xe29-b\x8f\xd1\x18\xe9i\xa4RJ\xd1\x92F\x18I \x93\xe0\xe2\xd6\x9b}\x0e\x0e"E\x18\x17\xb5\xbbt\xe3\x86\xab\x9b\xa1\xdfC\xe0\x9bO=\xb4\xd6\x1d4\xbd\xc7X\xe0\x07YW6\x14\x90\xe4\xd8\xa2\x8fi\xc6\x992\x92\xf2=\x17(\xd1\x1c\t\xbd\x9f\xee\x95\x06D\xd9?\xd0\xadq\xefL\x07Q\xffm\xe2/-R\x7f\x8e\xd3\x93\x9c\x0c\x91\x13\xdf{\xf3\r\xbd(1I\xbc[\xe3U\xb4\xd9\xa7\x0f\xd2\xb7\xb4\x16\xe9\x9a(\xea~\xb8\xd0\xf8\r\x13\x85\x1ass\xfd\xb4\x8fkE\xb6VBH\xf5D\xd04+\x13\x1f\x97\x9c\xa6\xab\x1e\xf7R\x19\x17\x1f\xf7\x01\xc5\x97\xf9\xd13b\xff\xb3!\xf8\x06>\x98\x05\x19C\x18V`\t\xae\xde\xd4l2_\xcf\x10\x19\xf2IVC\xeaV\xba\x94\xee\x14bgf \xc8\x8dq\xc4\xd4\x8c\x9c\xcb&b\xbe\xfcI\x7fA{\x97\xaeh\xb7\x80\xe3\xbcX\xc9"M\xbc\x85\x8ei\x19\x92\xca\x1e\xba\xad\xb1\xadf;\xbd\x8ae\xd2\x10rv\xd3\x8dI;\xc4\xd3\xcc0\xe1C5e|\xc4\xaa\x9b\xa0\xc4\xe9(\xf2\xd4\xf3\xd2 \x9c) \x8b\xa4\xff4E>a\x86\x85\x1e\x1agK\xee\xc9\x14\xe5\x041!\xeei\xf8\xdfS\x1c\x1dtBr\x8bW4\x8dC\x19$\x9e\x82Dx\xdeV\xe1\x91\x1a\xbds\xa8q}\x97$\xd1*\xf1R\x1e\xb6\xceV\xb6{o\xf0\x1fl\xf2k6J|+(\xd4\x1cg\x0e\xa5RZ\xa4D\xe5\xc5\x01@\xf6\xc8\x81#\xac\x8c\xb4\xf4D\x83\x82\x85:b^n\x8f\xb5<4\xee\r\xc5\xe9\x8d\xe5\x8aQ\xb3\xd2\x82\xe7u\xf6\xcf\x8c\xb2\xf1\xa9\xd2ATL\xdaH)\xb3\x9e\x87n\x91d>\x9b\xfb\xecG\x1f\xb6\x00\x9a\x16iCL\x8c\xee\xd5\x16\x8cF8\xbf\xad\t\x81\x97z\xbe\x94\xe3\xb4\x87\x06\xe8\xc5\xd2{h\xe3)n7\xe1\x83\xba\xcf:\xc3\xa9I\xf1_\xc6\xa9\xd9\xfa\x8f\xbb\xc0\x1fD\x8c\xea3.U\x89+\xd4\x10\xaf\xdf\x0e\x9c\x19r\x17\xbe\xb9\'\xd9\xe4\x9a\x15\r*\xb4\x05\xeaA\x13\xf0\xd1O\x04\xc3\x8c\xbb0\x87G\xf5\xa5\x9c\xd5#\xce\xfb\xf3\xd2\xed\x89+\xa5\x1e\xc0\xc8\xa8\xb6\xceq\xea\x04\xe9*\x16\x8f.\x00x0\xb5\xff\x8a\xf0J\x01\xd6/O\xdb\xa3C\x94\xce$B\xce\x86?eT\x89\xcc\x94E%VA\xf4\xa6j9\xa5N\x14\x84\xe2\x84\x92}\xb3\xb9&\x07\xeb\xce\x92\x81\xe8\xf9\xf6\xebd@*\xcdQN\x9d\xff\x05S\xe7\xe6h\xd5\x05\xb4\r[j_\xc4\xbf\x86\xa3X\x8f\xa3\xdf\x91\x86n\xe4\xa2\x98\xf8g\xaa\xe3\x93\x8dp\xa5^\x0b\x93\xc7\xa1xP\xfd\x14\x0c\x9a\xcf\xe5_&\x94\x8d\xfd\xea\x89\xcaK \xbf\xbbqs1\x82\xa7\x15\x97\x9e\x8cBs<\x8d\x11n\x9a\tO\x99j\x98M9\xe7\xab&\xbd\x1b\xa56\x1a\xcc\xf8\xc9L\xb0\x0c\xb8\x0fH\x1a\x97\x82\x1b\xfb\xb9\x10\xc0F\xcb\x02\xca\xb5\xa2\xf5\xa7\xdaxM\xefA\xe8\xb3\x1eV]\xfc\x15\xf6Y\x7f^~\xc7$\x01\xaa\xadB\xecxc\xb3w?\xd9\xba\xf9\xaaT\xb8{!#R<\xbcx\x1a\xe7C\x08\xcd\xec\xa6\x8b\xfao\x9d\xd7\xcb\xfdz\rUf\x99\xbaT\xb9\xc3\xc8%SS\xf0\x17\x87\xaaTV\xf8\xaa\xceY\x02@\xd9\xbf\x19\x9f\xfch(%;.\xf8\xd8\xec\x94\xb7\x05\xec\xf1\x8f\xe8/\x99\r\xcf\x18qW\xdb\x11\x01\x8a\xc6\xb4\xe8\x924\xb9\xc9\xa0IO\x01\xe6\xa1\'A\xa1'
tbI624
I0
F0
tb.