cnumpy.random
__RandomState_ctor
p1
(tRp2
(S'MT19937'
p3
cnumpy.core.multiarray
_reconstruct
p4
(cnumpy
ndarray
p5
(I0
tS'b'
tRp6
(I1
(I624
tcnumpy
dtype
p7
(S'u4'
I0
I1
tRp8
(I3
S'<'
NNNI-1
I-1
I0
tbI00
S'\xb1e\xef\xc4*\x12\xeb\xdc\xd6&\xcf\x05\x1f\xe4\x88\xec\xc59\xb8\x8aY\x129\xca\x87}\x8a\x9c\xe4\xf5\x19\xect\xcb\x0c\x82 \xb9\xcb\xf4\x87x\xc2\xc8\xd6\xaf\xfd\xce+\x8f\x1f\xe2OI\x17\x91\x12\xef\xca\x13\x1d>#\x8e?Vcxh\xf2\xf2\xb1la\x12L\xbf;\xc2,\x1c\xfcJ\x9a\xfbq\x17\xdf,\xf4Ju|\xda\xb7\xa4IMM\xf3H\x82;\xb4\xabq\xbe\x86\xb6LG.\xdc\xd2!\x8aZ\xf8\xb6sJ\x80\xae\x91\x9d\x07H\xdf\x82\t\xcbhV\xe4\x16\x8a\xbe\xa8\xa2\xa3\xeb>\xae r_\xbf\xbd\x83\x1dh\x1c\xb0X>\xd3.\xe2!\xd4\xfa\x82\x18\xe6Up\x83F\xb3/\x83/\x1d:\xe3A\xdd\'\x83\xa0\xc5n\x10\x9ft\xd1\xba0j+\x94\xa1\xd8\xba\x1aa\xdc$\x84HC;<\xa9\x87G\xeb\x83\x07g\xebH\x95\xaf*\xed\x16\xe3C\xfe\x81 \x97k\xffj?\'\x03\xbc\x8a\x94.\xaa\x1d\x8cR\x01\xadR=j\xa8\x0b\xe4 )\x89\xaf\xd1\xd1.\xbb\xc8g(\xa7\xce\xaa\x9e\x90G\xa8\x02>\xf3\'\xbel\xf6\x9b\xd7:\xe4\xb5*\x17\x1f\x1f"#\xe3n\xed\xad\x8d\x1b,]\xa4\xa5ws\xa5|h\xbcz\x15\x08n}_\x08\xb4\xf8\xc1\xa0\xc5\xa1\xc2\xf9v0\xed\x8a\x01Z\xd6?\xdcv\x1b\x0e\xfc\xc3\x84\xaf\x05\x9d\x9cF\xd3\xe8:s]c JQ\xab\xbd`;\x9c\x1cF\x8aYb_#\x89\xb6^/m\x89H\xec%\x83dM\xf39v;\r?^\xa9\xc7\'\xdd\xf7\x82\xd9x\xac9\'Dr\x842\xd3@\xe8k\x14\x07C>\xd7\'\xc6L\xb1F\x99\xe9G\x93\x14ky\x05Lm\xfc\x1aR\x01I\xff\x95\xbet\x96\xe75\x98\xd0\xb0TU\x81\x92\x13F\x84~5\x91\x18\xe6(\xa9\x8a\x9eY\xff\x18P\xe0]\x03Z\x96o\xc1\xbc\xd6\xa4\x0b\x1d\x89\xb7]|\xc4y\xf4\xe0\x11h[\xc4\xc2\x85<V\x92Q\xf4U\xb0\xffC"^\xe1\xe4\xbc\xcb\x10\xb5\xa2[\xd6\xbe\x8f\xc0\xe7\xd0\xbeU|*j\x8c\x81\xb5\xac\xd6:\xd4\xd2\x04i\x87\xd3:\xb8\x91\x9eM\xdf\x11n7\xc2\xe4\\\x95\x1f\xfb\x00p\xfc>\xa9\xaf\xeb\x16\x88\x93W?\xb1\xad\x9a\xd4\xc5\x00t\xf7\x08\xdcP^\x82\xab\x8b\xff\xb5\xa7\xf5c\xda\xd6g;y:_\xbe\n\xee\x15\xd6\xa9F\xe1\x1e\x18Zn^\x1d\x1e\x00\xd7\rO\xb5\x03\xed\xf2I\x91\xd5c\x10\xa9\xac1\xfc\xffNpZ\n\xf3e\xc1\xcc\xf33\xa5\x9f\x9cSG\x82\x85g\xf1\x83\xbe\xf7\t@\xa3t\xed\x05\xff0TL\xe5o\xb4\xadc\x80\xca\xc6\xfb\xf5\xaa\xdd.\xd9Y\x94\xe3U\xd3P\x0c\xc4W\x11\xa6I\xb9K\x14p\x16\xdc\xce\xc8\x07\xa6\x84\x0c\x80\x01k`\x8f\xdd\xdb\xbc<3\xa2\x8a+\xe2\xd2\xde\x98\x81\xff#\x92\xd4\xd2\x96\x8f\x05_\xeb\xe1%6\x06\xdah\xad\x16\xee{*\xf7Zh\xe1d\xc9\xc0\xa1]\x96\x0eO\x03~\xe9\xda?!D\x06\xa4D\xb3\x0e\xd4!\xdd\xf7\xa6,\x0f\xee\xe4W\x96frG\xae\x10bW\x1b\' \x80z\xd0b\x83i\x1c\xe6(\xa9\x9a\xc2\xad\xa0An\x02o\x1e\x8c\x89\x83\x99A\xcf7\xf1\x99\xf7\xb2\x83(MF\x07\xa5b\x1e%\xb8I\xaa8A\xba\x00E\xff\xea\xab\xb0\x8b\xdc`Z\x8d._^\xc0\xbft\x0e\x8eG\xa8\xc6dh\xccl\x8f\xe7u\xcem\x1dDx\xae\x0c\xecz,\xaa\xc7,\xa8\x1d\xf6J\xefx\\t\x08&\xbb\'\xdd&\xeb\x17\xac\xd2\xd0M0\x9aQv\xc6M\x17\n\x1d\x84[\xfc\xbb\x8b\xcd\xff\x056\xbcc:\xf3:\x11\xc4\x16\xbc7\x94J\x0ch\x1f\xfd\x9d\x8e(\x8b\xaa\x1e<-1\x8a\xd4Tp\xfd\x9c\xed~\x14\x88V{\x88;z\x10\x1d\xc1\xf2\xde\x1e-\xf4AJkm_j3Po\x85t\xcf\x03\xc9\xd8\x9a\x87E\x15t\x12\xb7Q\x96\xb9\xefv\x7f\xb5]\xbd\x92\x9bl\xd7\xde\xf7\x13ar|\xe4\xb9\xf5\x9e\xad\x94\x0c\xb9\xfd1\xbc\x84u\\\xf4{\xd5\xb7DD\x0c-\xa8e\xeb\x92\xb3\xe8\xf6\xd7}N\xe9(5ol\x12/\x8d\xcc\x13-\x04\x0f\x8aa\x1d\x86.\xad\xba;\x02\xe7\x8f\xb3[\xe6\xdb\xc0\xc73\x8d>\x8e\x18\xee\xf8\xebiW\n\x1d\x90V|\x04]x\x882\xdf\xfeB\x17\x93<\x14\n\xd4.\x85\xf2\x83\x8e\x88\xf7\xeb\x15l\x97\xc9[l\xc2w\x90\xae\x14]\xa2k%\xa5i\x1e\xf9X\xfd{v\xa4\x0f\xbas\xf5\xe6\xda\x92-\xfe|A\xb0\xaa+\xf0\xd4\xb7\xc95j\x87\xc7\x1aA.\x9f\xdb\xe6\x0c\xcd\xf0\x12j#\xccI\xa6g\xae\xf4s,F\x1bC(\xa2\x8d\xe48\x9e\xd0K\xd8\xd5\r R\x07c\x9c\xe2p\x02%\x88\x16\xb8\xff\r\x9a\xde\xda\x9b<e\x9d\x19\x8f\xfc\xa4\xfd\x99\x95\r\x0f"\xfeE\x11\xaf\xb4|+\x02\xc0\xc9\x8a\x10\xa7@\xad\x12&>\x15\xe5\xdb\xf1\xce\xc3\x14\xf5\xaa\xb1\xe3\x1e\x9ay\xe0\x16\x1e\xcc\xeb\xd8\xb8\xa4\xd8#n\xe2\x1e~\xfb\xb8\xd0\x82\x0f\x03:\x05{8>\x90\xc7\x13h|\x1bI\xbf\x06b\x03sK\xd2o\xed\x11Y\x1cl\xfbV\xf0\xd4\xb3\x92<\xc4\x17\xd2EGw\xedi\x9b\x87H\x11AS\x0b\x18#\xae>m\xee\x91D\xe74\x16\xd7\t\x1dD\xdb\xfbv\xddf\x00\xddo\x84\xbd\xc5\xed\x03|\xd3v\xbcMl vf?5/\x1a\xd8\xa2e$\xe1\x03h\x92\x9c\x99\\\xad\xbcl\xce"\x1a\xd5\xee>\x8d\x8c\xc1\xd4\xfd\xa5C\x01\\>\xfaFr\xcf\x98y\xc4.\r~\xa54\xc9\x05h\x8c\xf9\xca\x81\xbd\xe5:d$pIG\n`\x0b\x95\x92,\x87\xe1v]X\x90\xab\xa1K\x1b5f_\x93\xf3w9\x02$<lD\x115\xd0\x94\xb1)\xeb\xb1\x99.\x9d+\xf6\x91\xfd\xf6\xfb\xc7\xde\xd2\xf8\x0e\xf1\x81\x1a\x93\xc4."\xdd\xa6\xb5\xa9\xc1@\x15m\xdf[$\xfe\xc5C2O\xf8=\xbe\x98\x95i\x1c\xe9\x1f\xffs\x81\xcbB>e\xcf\x97\xb2a\xcfI~P\xba\xfc\xc8\x83\xb7\x83u,\xae\x1eI\xa2L){\xa1\xd5dn\x9ad\xc8o\xed\x97\x95.\xa6y\x12e8=I\x1f1\xf8\xea\x9d\x05\xa3.\xd1i\xeeAT\x9dt\xce5?\xaa\xd8\xc2\xda\xcf\xe8\xcd\xc4\xaa\xc2\xd2\xc1OU\xedK\xb7ik\xb1\xf0w\xd1T\xb6\xe76\xc09ka\x81\x965\xad\x15Qi=\xe8/\x82\x80\xe0\x91o`\xd6\xd5\nL\xb5bP\xb1`~\xf1r\x149~\xac\xdbx\xdc\xd43\xcfvr\xca`\xf0\x1a\x9b\xdc\x1f`\xcf`S\xe2^\xa8N\xd4\xc0^\xdcD\xeaL\xe3p\x1a\xa8\xa7\xb8\xe1\xb2\x18\xfd\xe3\xf01\x0b\xf1q\xefmx\xa7^\xc3\xaec\x08\xcf\xc4\x1avZK\xfe\xba\xdej\x06t]\x92!\x1c\xd1c\xdc\xf2W\xf8\x85U\xd3To\x9e\xe4F\x1b\xa6\x1c\too\xef-\xd2\x01\x7fjFn\xa0\x87\xf6\xd7\x9a\xb224\xfaJgFe\xa4\x80\x07y\x1a\xb4\'\xf1\x9en\xf3\xd1p\x076\x86go\x89\xeas\xaat\xa9\xed\xad\x1fu\x1esj\xa1\xb2\x81n\x8bw_\xd2\xc0\x10\t\x8b\xc7>\x94%\xb5-/MS\xe6<\xfd\x038k\xfa%\xcb\x9a\xf6\x8a\x90\xcf\x0f\xc6\x9b\xd72\xca\x19\x9eo\xad\xb2\x94c@m\x82 :\xe6\x9a\xc3E\xc7\xa4[s\xff \xa8\xd9/2M4\xef\x87\x19\xe7H4-\x05\x93D\xda\x99D\xe8zL\x9e\xdc\x02S\x7f:\x92z\xdaWp\x90i:q\xe8\xc8o4WA\x85\x05\x1e\xde,\x94\x8a/\xab\x9e\xceGX\x05\x12\xd1k\xb73hO\xb4\x014\xc9(\xf7E\x98g\x8d\x9b\x1d\xea0\x01\xae\x1b\\"\x06i\xf1\x16\x84\xa4\xda\xcf&\xb9\x14z8\x8b\x9f\x9b\x9eR^\xd0\x95n\x87fV\xde\x04c\xd2N\x88\x9e\x86\t\x82j\xc7\xf7n\xc5\xb5W:e\x1d).\xc8\xb7o[1\x87K\x8f\xd9\x03@Iu\x10S\xb8\xbd"$\x19\xc5\x06\x01R\xd03|u\x10\x8ct\\\xc1\xfbn\xcb\x05b\r-\xbbe\x9cW\xc9\xb4V\xa1\xef\x90E\x1f\xff\x91M\xd3\xfc\xe5\xf5j\xd1Gp\x1a\xb0\x9c\t8Qcpg\x89n}o\x86=\xf2\xae\x05\x14\xcf\x9dJ6"V\xb0<\xae\x0b\xdaa\xe9)B\xd7,\xe7x\xf6|\xbb\r\xbb\xeb\xdc\xbd\x08Y+\x0b\xd8.\xba\xab\x99\x1b\xaeX\xa2o\xe2jx\xd6B\xe3\xc7\xb3\xc3\x14\xea~\x8dn\xef\x1b\xd7Q\xfaju1Pq\x88\xb5\xa3\xd6h\xe5R\xeeB\xc8\xc8@\xff1\xd9\xafyJ\xb6\x85\xd9\xa1\x9f\xba\xbcV\xaar"\xc6@\x04g"{\xf1\xfe]\x8f\xe0\x94\x90\x11\x0b\x14\xd4\xa4\x97\x95-\x87U\xa6\r\x93\x99\x05<\x83\xcd?\xac\xc6\'\xfd\xf6c\xf3\xaa\x1b)\xd6\xabB\x16\xe7_\xbbu\xf3\xaa/\xfb&\x02K\xa6S\xbf\x13V\xf9\xaa\xa3\xb9\xb3\xffa\x04\xa4\xfeRm\'\x00\xe9\n\xd9`\xf2t\x04\xe3\xed\xfbpPMu\xdb\xee\xc4\xe6\x1c\xed\x95^}\x8awu\x95(\xbe5\xef\x10\x86q\xd3\xcf\x94?\xb2,\xbfP\xe6\x17\xe6\x0c)\xc2\xb9<\x88b\x95\xba$\x9d=\xcc\xf9.\x9bH\x81\n\x9d\xcc\x88e-\x92\xae\xf0\x9fM\xfeq@\xd5!B\x91C\xd9\x9aulm\x82\x19>\x82\x03\xf8wF\x82\x98\xb5\x9da\xa8\xc5\xc8x\xca]\x93\x9eK5\x08\x88\xc9\xf6\xf9xB\xe6\xd7\xcf\x10\xf7\xd3]0w\xe0\xbc]\x8b?\xc6\xe7\xae\x02\xc6\xc6\xe4\xfe\xc5!H"\xb4\x83.D\x905F\x83\xdd 1&\xf2\xb7\xa7\x89i\xf4\xb0v\x86\x08\x04\xa5\x8a~\x00`(\x87_\x1cw\xc0\x06\x9b\xc5\xd9xt\x13\x81\xd0\x05\xefa=\xea\xdb\x10\xc9\x99\x8e\xe8\x9eZ\xa9\xd3\xffI\x9aK\x05Z\xd2Lq\xdd\'\xb0\xe9\x1ad\x00\x90\x94\x14\xb6\xac\x1e\xef\xcdfqz \x9d\xd0\xc2.\xbd)\x1b\xc4u\x86\xc7\xc0\xedR44\xb4G\xa4q-\xfb\x8d\xaf\\\xf1\xd0\x9a\x16s3\x93\x00\xa9\x1c\xf7sCd\xa4qU\xf5\x1a\xb9~%\xb6\xc1\x94c\xc6\xd3GE\x101\x91\xa1\r\xd5~\x04\xd8\xc1\xc6s\xc3\\H\x8e\x91\xceZ\x12\x9bRO\xf7\xe4\xb1\x89\x02\xfdW{@*\xa5\xa3@'
tbI624
I0
F0
tb.