# time 	 divergence 	 # of mutations 	 # IGC chances 	 IGC length 	 # IGC failures 	 Changes due to IGC  	 % change due to IGC 
0.0	0.0224948875256	0	0	0	0	0	0.0
0.00173723071944	0.0245398773006	1	0	0	0	0	0.0
0.00317297217785	0.0245398773006	1	1	1	0	0	0.0
0.00328428854776	0.0265848670757	2	1	1	0	0	0.0
0.00802268221892	0.0286298568507	3	1	1	0	0	0.0
0.00810720105561	0.0306748466258	4	1	1	0	0	0.0
0.0113058048639	0.0327198364008	5	1	1	0	0	0.0
0.0157777024733	0.0347648261759	6	1	1	0	0	0.0
0.0220074488626	0.0368098159509	7	1	1	0	0	0.0
0.0221420821536	0.0347648261759	7	2	18	0	1	0.125
0.023747693587	0.0368098159509	8	2	18	0	1	0.111111111111
0.025950852316	0.038854805726	9	2	18	0	1	0.1
0.0263993444772	0.040899795501	10	2	18	0	1	0.0909090909091
0.0290754154866	0.0429447852761	11	2	18	0	1	0.0833333333333
0.0311009086093	0.040899795501	11	3	13	0	2	0.153846153846
0.0312714857956	0.0429447852761	12	3	13	0	2	0.142857142857
0.0330313941179	0.0449897750511	13	3	13	0	2	0.133333333333
0.033199183169	0.0470347648262	14	3	13	0	2	0.125
0.0348944686557	0.0449897750511	14	4	36	0	3	0.176470588235
0.035037080787	0.0470347648262	15	4	36	0	3	0.166666666667
0.0358978698733	0.0490797546012	16	4	36	0	3	0.157894736842
0.0369190695709	0.0511247443763	17	4	36	0	3	0.15
0.0383497239176	0.0531697341513	18	4	36	0	3	0.142857142857
0.0399288357073	0.0531697341513	18	5	1	0	3	0.142857142857
0.0455704197043	0.0552147239264	19	5	1	0	3	0.136363636364
0.0463142021892	0.0572597137014	20	5	1	0	3	0.130434782609
0.0478212334751	0.0593047034765	21	5	1	0	3	0.125
0.0479655753833	0.0593047034765	21	6	1	0	3	0.125
0.0481595485731	0.0572597137014	21	7	6	0	4	0.16
0.0501235118957	0.0552147239264	21	8	22	0	5	0.192307692308
0.0516653662301	0.0572597137014	22	8	22	0	5	0.185185185185
0.0518332382745	0.0593047034765	23	8	22	0	5	0.178571428571
0.0525784718656	0.0613496932515	24	8	22	0	5	0.172413793103
0.0610511749546	0.0633946830266	25	8	22	0	5	0.166666666667
0.0611821614941	0.0613496932515	25	9	8	0	6	0.193548387097
0.061303925199	0.0593047034765	25	10	34	0	7	0.21875
0.0668797231376	0.0613496932515	26	10	34	0	7	0.212121212121
0.0668815453476	0.0633946830266	27	10	34	0	7	0.205882352941
0.0686509901824	0.0633946830266	27	11	1	0	7	0.205882352941
0.0733723941286	0.0654396728016	28	11	1	0	7	0.2
0.0753963429559	0.0674846625767	29	11	1	0	7	0.194444444444
0.0793478571982	0.0695296523517	30	11	1	0	7	0.189189189189
0.080055340725	0.0695296523517	30	12	1	0	7	0.189189189189
0.0801728287908	0.0695296523517	31	12	1	0	7	0.184210526316
0.0815091249217	0.0715746421268	32	12	1	0	7	0.179487179487
0.0865956453801	0.0736196319018	33	12	1	0	7	0.175
0.088374471151	0.0736196319018	33	13	1	0	7	0.175
0.0885847958149	0.0756646216769	34	13	1	0	7	0.170731707317
0.0940735966905	0.0777096114519	35	13	1	0	7	0.166666666667
0.095862600638	0.079754601227	36	13	1	0	7	0.162790697674
0.100283797325	0.081799591002	37	13	1	0	7	0.159090909091
0.103472902909	0.0838445807771	38	13	1	0	7	0.155555555556
0.106671559762	0.0838445807771	38	14	1	0	7	0.155555555556
0.107109621466	0.0858895705521	39	14	1	0	7	0.152173913043
0.108189751116	0.0879345603272	40	14	1	0	7	0.148936170213
0.109912975364	0.0899795501022	41	14	1	0	7	0.145833333333
0.116931461096	0.0920245398773	42	14	1	0	7	0.142857142857
0.118989863928	0.0899795501022	42	15	9	0	8	0.16
0.120508672348	0.0920245398773	43	15	9	0	8	0.156862745098
0.121539732723	0.0899795501022	43	16	7	0	9	0.173076923077
0.121953745845	0.0899795501022	43	17	14	0	9	0.173076923077
0.124528167954	0.0920245398773	44	17	14	0	9	0.169811320755
0.124894056848	0.0940695296524	45	17	14	0	9	0.166666666667
0.124918265269	0.0920245398773	45	18	28	0	10	0.181818181818
0.12509229128	0.0940695296524	46	18	28	0	10	0.178571428571
0.127995150461	0.0961145194274	47	18	28	0	10	0.175438596491
0.128475486075	0.0981595092025	48	18	28	0	10	0.172413793103
0.129022769024	0.0920245398773	48	19	17	0	13	0.213114754098
0.130112626989	0.0920245398773	49	19	17	0	13	0.209677419355
0.131832767227	0.0940695296524	50	19	17	0	13	0.206349206349
0.133333657341	0.0961145194274	51	19	17	0	13	0.203125
0.13454016009	0.0981595092025	52	19	17	0	13	0.2
0.135901928041	0.100204498978	53	19	17	0	13	0.19696969697
0.136809379738	0.100204498978	53	20	2	0	13	0.19696969697
0.138234222624	0.100204498978	53	21	3	0	13	0.19696969697
0.139299460242	0.102249488753	54	21	3	0	13	0.194029850746
0.141426085247	0.104294478528	55	21	3	0	13	0.191176470588
0.143599468696	0.102249488753	55	22	11	0	14	0.202898550725
0.146278078497	0.0981595092025	55	23	9	0	16	0.225352112676
0.146974594266	0.100204498978	56	23	9	0	16	0.222222222222
0.147165268014	0.102249488753	57	23	9	0	16	0.219178082192
0.148249861647	0.104294478528	58	23	9	0	16	0.216216216216
0.153288467603	0.102249488753	58	24	14	0	17	0.226666666667
0.15608548935	0.104294478528	59	24	14	0	17	0.223684210526
0.15676000905	0.102249488753	59	25	20	0	18	0.233766233766
0.157923350753	0.102249488753	60	25	20	0	18	0.230769230769
0.158663691571	0.104294478528	61	25	20	0	18	0.227848101266
0.160693633072	0.106339468303	62	25	20	0	18	0.225
0.161256171947	0.104294478528	63	25	20	0	18	0.222222222222
0.162967300188	0.106339468303	64	25	20	0	18	0.219512195122
0.163190301015	0.106339468303	65	25	20	0	18	0.21686746988
0.164718522657	0.108384458078	66	25	20	0	18	0.214285714286
0.166153517152	0.110429447853	67	25	20	0	18	0.211764705882
0.169772633294	0.112474437628	68	25	20	0	18	0.209302325581
0.170799668061	0.112474437628	68	26	1	0	18	0.209302325581
