# time 	 divergence 	 # of mutations 	 # IGC chances 	 IGC length 	 # IGC failures 	 Changes due to IGC  	 % change due to IGC 
0.0	0.0122699386503	0	0	0	0	0	0.0
0.00245943915347	0.0143149284254	1	0	0	0	0	0.0
0.00275680134808	0.0163599182004	2	0	0	0	0	0.0
0.00348319482988	0.0184049079755	3	0	0	0	0	0.0
0.00469023825617	0.0204498977505	4	0	0	0	0	0.0
0.00502594232738	0.0224948875256	5	0	0	0	0	0.0
0.00677401917539	0.0245398773006	6	0	0	0	0	0.0
0.0075284058675	0.0122699386503	6	1	254	0	6	0.5
0.0119149627057	0.0143149284254	7	1	254	0	6	0.461538461538
0.0129192136575	0.0163599182004	8	1	254	0	6	0.428571428571
0.01609385678	0.0184049079755	9	1	254	0	6	0.4
0.0163296289544	0.0122699386503	9	2	109	0	9	0.5
0.0190017205014	0.0143149284254	10	2	109	0	9	0.473684210526
0.0190386648828	0.0163599182004	11	2	109	0	9	0.45
0.0198909078973	0.0184049079755	12	2	109	0	9	0.428571428571
0.0206306424979	0.0204498977505	13	2	109	0	9	0.409090909091
0.023490290238	0.0224948875256	14	2	109	0	9	0.391304347826
0.0236644078281	0.0245398773006	15	2	109	0	9	0.375
0.0259146415343	0.0265848670757	16	2	109	0	9	0.36
0.0268087314277	0.0286298568507	17	2	109	0	9	0.346153846154
0.0303130447535	0.0306748466258	18	2	109	0	9	0.333333333333
0.0312438168734	0.0306748466258	19	2	109	0	9	0.321428571429
0.0360087409261	0.0327198364008	20	2	109	0	9	0.310344827586
0.0365413992489	0.0347648261759	21	2	109	0	9	0.3
0.0367376509452	0.0368098159509	22	2	109	0	9	0.290322580645
0.0380863468642	0.038854805726	23	2	109	0	9	0.28125
0.0469331470968	0.040899795501	24	2	109	0	9	0.272727272727
0.0583157684415	0.0429447852761	25	2	109	0	9	0.264705882353
0.059397866	0.0449897750511	26	2	109	0	9	0.257142857143
0.0598383582513	0.0470347648262	27	2	109	0	9	0.25
0.0605779000018	0.0490797546012	28	2	109	0	9	0.243243243243
0.0630659688238	0.0511247443763	29	2	109	0	9	0.236842105263
0.0665157691293	0.0531697341513	30	2	109	0	9	0.230769230769
0.067606239751	0.0552147239264	31	2	109	0	9	0.225
0.0710053797312	0.0572597137014	32	2	109	0	9	0.219512195122
0.0711596051459	0.0593047034765	33	2	109	0	9	0.214285714286
0.074577306976	0.0613496932515	34	2	109	0	9	0.209302325581
0.0747355903715	0.0633946830266	35	2	109	0	9	0.204545454545
0.0757629670168	0.0654396728016	36	2	109	0	9	0.2
0.0801898742643	0.0674846625767	37	2	109	0	9	0.195652173913
0.0809243254266	0.0695296523517	38	2	109	0	9	0.191489361702
0.0838279091954	0.0715746421268	39	2	109	0	9	0.1875
0.0849952056733	0.0511247443763	39	3	134	0	19	0.327586206897
0.090985104273	0.0531697341513	40	3	134	0	19	0.322033898305
0.0985156749263	0.0552147239264	41	3	134	0	19	0.316666666667
0.100274983027	0.0572597137014	42	3	134	0	19	0.311475409836
0.106024680121	0.0593047034765	43	3	134	0	19	0.306451612903
0.106424104084	0.0613496932515	44	3	134	0	19	0.301587301587
0.112519395983	0.0633946830266	45	3	134	0	19	0.296875
0.113214773701	0.0654396728016	46	3	134	0	19	0.292307692308
0.119637410623	0.0674846625767	47	3	134	0	19	0.287878787879
0.123501821493	0.0695296523517	48	3	134	0	19	0.283582089552
0.126075103755	0.0715746421268	49	3	134	0	19	0.279411764706
0.127365462222	0.0695296523517	50	3	134	0	19	0.275362318841
0.129848870496	0.0715746421268	51	3	134	0	19	0.271428571429
0.131865614129	0.0736196319018	52	3	134	0	19	0.267605633803
0.134584240217	0.0122699386503	52	4	393	0	49	0.485148514851
0.142738968343	0.0143149284254	53	4	393	0	49	0.480392156863
0.143807721852	0.0163599182004	54	4	393	0	49	0.47572815534
0.145784852005	0.0184049079755	55	4	393	0	49	0.471153846154
0.146719464566	0.0204498977505	56	4	393	0	49	0.466666666667
0.148154352092	0.0224948875256	57	4	393	0	49	0.462264150943
0.149613612409	0.0245398773006	58	4	393	0	49	0.457943925234
0.151021269221	0.0245398773006	58	5	10	0	49	0.457943925234
0.153649790918	0.0265848670757	59	5	10	0	49	0.453703703704
0.153802454231	0.0286298568507	60	5	10	0	49	0.449541284404
0.157152226115	0.0286298568507	61	5	10	0	49	0.445454545455
0.160120030045	0.0306748466258	62	5	10	0	49	0.441441441441
0.163116803001	0.0306748466258	62	6	56	0	49	0.441441441441
0.166444671829	0.0327198364008	63	6	56	0	49	0.4375
0.166484304604	0.0347648261759	64	6	56	0	49	0.433628318584
0.170935851204	0.0368098159509	65	6	56	0	49	0.429824561404
0.172703390283	0.0286298568507	65	7	155	0	53	0.449152542373
0.17742364167	0.0306748466258	66	7	155	0	53	0.445378151261
0.181210049064	0.0327198364008	67	7	155	0	53	0.441666666667
0.187995924103	0.0347648261759	68	7	155	0	53	0.438016528926
0.189607485549	0.0368098159509	69	7	155	0	53	0.434426229508
0.190038301198	0.038854805726	70	7	155	0	53	0.430894308943
0.191578461277	0.040899795501	71	7	155	0	53	0.427419354839
0.195907531616	0.0429447852761	72	7	155	0	53	0.424
0.197656409111	0.0449897750511	73	7	155	0	53	0.420634920635
0.198156940034	0.0470347648262	74	7	155	0	53	0.417322834646
0.200854752152	0.0490797546012	75	7	155	0	53	0.4140625
0.202267270058	0.0511247443763	76	7	155	0	53	0.410852713178
0.208459004714	0.0531697341513	77	7	155	0	53	0.407692307692
