cnumpy.random
__RandomState_ctor
p1
(tRp2
(S'MT19937'
p3
cnumpy.core.multiarray
_reconstruct
p4
(cnumpy
ndarray
p5
(I0
tS'b'
tRp6
(I1
(I624
tcnumpy
dtype
p7
(S'u4'
I0
I1
tRp8
(I3
S'<'
NNNI-1
I-1
I0
tbI00
S'\t\xf5L\xaf3\xedp\xf9{\xe8W\x12V\xd1\x10\xd0;\x977`\xdd)\xfb\x92A\xc5\xb3\x06\xbf\xe8\xf6\xc5\x93\xd3E\x88\x15\x06\x87\xfb\x89]\xc4F\x8d\xdf\xcanE\xc2\xf9\x97\x90?[\xec\xe7\xdb\xb7\xe4\r\xa4W\x1df\x88\xe6\xf7\x94D\xe1\xc4vFIq/\x1e\xac\xe9\x075B\xe6j(\xe6"\x81>\xef$Bj\x08qeO\tAp\xaf\xdb\x98\xb7\xed\x0e\x04\xc1\xc3\xaf;\x13ha0\xf7\xef\xe2\x8cR\x14!7\xf4\x97a\n\xe1\xe6\xaf@\xb8?q\x1bPn\xe8q\xe7!]\xd0\x17m\xf7\x14\xb6o)\x1a1\x83\x95\xc4\xac\xf5\xa9\xca\x80\xd7\x01p;\xbb\x9f\xd4\x01\x81\xd1\xfe\xe0\x06\xe8#\xbb\xdb\x00<\xff\x18\x8c\x1d:!c\x04f\xe1\xffs\xf8\x13\x83s\xa1\xb2%\x05\x04\xfa\xa1\xd8_\x19\xe5\x18\xb7\xf8-\xcf\xa4fFl\xc2M\xae\xcc\xdf\xbeLOZ\xd5\xb9\xb7^\x8e%R\x17\xb3\xd6\xe2\xb4V= \x10\x91A\x1f\x83g3\xb8\xf1\xf6\xee\x9d\xe1\x12\xf9X\xb0sYWD\xc0\xd7\xda\x95\x1c\xa6L\x16\x94\xbf\x99<\x99_\x1bg\x11o\xb9\xdd=\x83\x10\xf3Bo@\xc5\xb9\xe7\xcbx\x07\x9bV@\xa9P\x1f\x021\xfa7\x87\xc6\xd5\x942\xfch1\xdf\xf7\x0bc\x8b\xae\xcc.[\x96\xf5G\x14d6\x87\x9cu\xe8\x17RN\x88\x92_D\xfc\x08\x03\xee\xaf\xaf2\xa6\xe3\x18\x7f_\x83\xee\xa6#\xd5\xcf@U\xe5\x85\xfa\\\xcc\xa3\x14\n\x85\x1bO\x07\x15^\xec"\x1aTC\x9e\xda\x1b\xb7\x1cZ6Ao\xfa*\x89\x8bp\xa6\x86\x11E\xfa\x85\x94\xc7^G:\xdf]\xc4n.,\xe1\xc3l\xd8\xb9vw\xa0B\x9e.\x11\x9fB\xb1\xabV\xb0?\xf4\xd7\xbb\xfay\xf5X\xf5W\x0e\xea\xd4\xc7\xb4\xde\x9c\xd5\xd9.\xeal\x83 \x15\xbb\xa0Qu\xb9\x9f\x81\x8b\x86\\\xe34\xcf\x08\x01g\x7f\xa0\x8e\xf1\xb9\xab\r\x88\r6\xd8\xcc\xd0N_\xcbr\xfb\x1a\xdf\xd3\xb9hW\n\x959\xfc~\x06\x8a\x01U\xe8\xc1\x07?\xd5K)G\x1f\x04\xb6\x86\tV4\x08\x9c\xc4\xfe\xc0\xdb\xa2\xad\x9f\xb5\x95$iFM\xb6\xe4Q\x9d\x9a\x8b\xe8\r\xe6wt\x9d\xa72\x91\x95\x0c\xfc\x06M\xa6o]\xd3Se\xd73\x89\xf6L\x12!\n\xa9\x06\xf1\x8a-f.\xb0\xe0\xde\xa5\x04.\x91q\x01\x0ew\xdcRo$SI\x84\xfb\xa7LW#\xe9\xd5\xda\x81\xc1\xcb\x08\x7f\x11\r\x166gL\x93\x9a\xe0\x15\x9c\xebQ\x7fQ\xe4/\x87\xcc\x91\xac-\xa3p\xfd\xdat\xe8\xa7a\xbb\x02K\xa8\x86oE\xb7e\x9a;\'n\xfc\xa7o\x86 \xcd\xd7\xca\xe4\x15\x8d\xf2=K\xa5\xb3\xe5V\x81\x08\xefD\x13\xd7\xbb]fpGv\xc5\xa5d\xf9\x96\xc5\xb7\x8f6\xbfz\x93\x82\xfa\x1d\x89\xd4G\x1c\xbb\xd7BH\xc6\x9f\x7f\x82\xa2\x82\xa1s\x14\xf0\x8aT>\x91\xedL\x88\xf7\x8as\xf5}\x80\xb2\x1eI\x05\x8b\x9b\xa3m\xb25\xf1\x9aL\xc3\x9e\xe7J\xe2\xfc/\xd9\x18\xd5\x80\x99\xc8\'bX\xeb\xa5\xc6y\xd9\x18\x9a/7\xea\x0ce\x1fV\xae\xbe\x07\x07O\x97\x06\xfe(\x85,\xd1\x19\xed\x1b-\xb6/\xbaR\xa7\x82\x029\x1c\xa1I\xd1\xebH\x15\xaa\xc3\xebb\\ \n\xd8 F\xa3\xf6\xb3}\x98\xc6\x98#\xff\'n\xf1nd3d\xe8\x97\x92\x8fN-\xd7\x06\xaas\xa7\x113\x1c\x12=\x84\xf2\x82\xb7n+sX\xf8\xb0\xe8\xed\xa4\xb1(\xbc\x97n\xad\xf4gq\xd9\xf0\xa6\xe0?\xf0/\xec}\x05\xcfu\xc9\x10\xe3\xcf\x12\xa8a\x81\x93mx\xb11d\xca\xaah5\xe7\x90\x85\xc3\xd2k\xb4Y\x84\x15\xb2\xce`\xf4\xb9g:\xcc\xcb\x19Z\xbf\t9X\x87\xb8\xaa\x0e\xb4\xa4\xaf\x16\x1a\xc8\xac\x12\r\xf2\x00\n\xf9\xdb\xe8\x08\xfc\xbb%\xc7\xc3\xb8\xf5Iu~\x074Pd9\xc1\xdd\x93\xd8\x8ez\xaf\x8bT{Eu\xf3\x88a;\x9d\xc0\x10\x95_\xb5\x94\xcaV\r\x18L\xa7\xb6\xcb\x8eS\x1b\x9eb\x9fC\x13\xb9\x15\xed\xd7Azo\xd2\xf5\xce\x1d\xb8\x95\xe3e:;\xe9\n3OH\x82\xaf\xb5\x08fK\x16\xffUv\xc6H(\xe6x\x18\x8e\xee\x9e\xb2t\xe5S\xd7\x0ft\xfe\xd2\x17[\xf2\xe3\x91kD\xc8}\xda\xa0\xf3L;s\x13~\xc9\xdd\xcd\xa9D\xa0y\xdd]`\xd8\x04\\\xbe\xb0\xb6\x8am\xbbb.\xc7]\xf5\x84\xd9\xb8\xb5\xd4\xdc\xebZn\n\xd3u\x03\\2d1?>\x91i]f\x9f\x00\x88\x84W\xe6\x96\x94M\xe2\xb66\xee\xab\x13\xcdZ\xb30d\x85-\x05`\x84\x99\x12\x10\x80j>\x81\xa9B4\xd59\xc3\xc5\xff\xec:\xbe\n\xe23c\xa7\t\xbb\x06\xc2\xbe2B\xban,\xbc\xc6\t?P\x12\x7f\x04\xbd\xb4E\xc8\xc1\xd2\x17\x9bxs\xf3Lo~as\x0e\xa6!\xfb*\x01Ix\x98\x97\xb2\x13\x0b\xc2\xca\x8a\x06\xed{\x85P>\xef\xae\x8a\x00Rx\x11b1\xae\xd6c\xc5\x84\xceJ\xdb\x84\xa4.i\xd5vZ\\V\xe7\xa2\xbd\xaf\xac\x8c\x99\xaa\xbc\x86m\xe2\x857\x9cE\xad@`\x0e\xe6\xb2\xcf\x8ct\x05\xf6\xf0\xed4\xc4z\x82#\x1c\xbcX\xd5\xf5\xbc\x0b-x\x10Y\xe1Vo\xf7\x03\xca\xf4\xe8k\x01\x98Y\x1eB\x1a\xaf\xfc\t6\xa0\xd0SIUw\x98L,\x9f\xe1\x07\x0c\xd1\xceG\xce\xb1\xd1Z\xc7\xeb\xcb\x04j\x9f|\xde+Y\x1d;&Zd\xdeF\xf1\xd9y:\x98\xb0\xa1#\xb7\x12\\\xee\x94q\x0cP\xcc\x17\xc9kE\x86{4\xec\xb9u\x158\x10\xa4\x83\n\x9c\xaa\x13\xf3\xb8OA\x93Cp\xc1\x12<\xcf\x16\x04\xcdP\xe8\x81\xab\x81\xe9of\xbfk^\xe5\xe0:\xfb\x97\xec\x14\xf6\x8c\xc7u\x9bs\xd2\xac\x1f\x1a;\x00Rl\x91\xf1\x08\x98\xdf.\xeb\x9eEt\xea\x13\xf1>\xce\xbb0f\x8e\x8e:\x9d_\x9e\xa5\xe88S+Bd\x0c\xd9\xaf;\x0c\x17n\xb0+\xa3\x0c\xb8\xc3\x8c\xf2\xb5<\xc3\xba\xdf\xb3\xc9\xd9\xc2\xd3B\xf4\xa8\x92U\x99\x80K\xdc\x06@\xc2\x81\x9cA\x87\xbb^Us\xbb]2\xc6\xd8\x82\xf2s2C\xfd\xb9\xc3\xe6%Z\xd3\xf7\xdf\x93J\xd2\x1c\x99 \x19\xd4.FI\xf1\x89g\xd9\xb3\x9d\xa4xd8E\xc1\x98\xad\xc9\x90\xfd\xad8F+(<Is\xc0\xbbZX\xc4 /-\xd9\xa9\x1c\xaf\xd7\xf5!\x8e\x029\x94\x93\x1ca\x90f\x81\x06B\xd2Lq\xf2\xcc\xa7\x9eb+\xb4\x1e\x93\xabP u\x16\xb8\xee\x19\xcb\xd5\xb7\xee`J\xb0\t\xa3\xea\'\x18$\xa7\xd6\x1d\x1dVw7C\xa2\x1e\xdfw\xe0\x03l\x05\xdb\xc3\xf0P\xc9\x00\xf2\xdeO\xf3\r\xff\'\xc4\xbc\x81\xc8\xf3K\x8c\x82\x92\x15\xc3\xbcK\xaa\x02X\xf4\x08\x0e\xed\x11X\x13\xb76\xef\xd5\x1bR\xe2\xb1\xb2\x19\x87q3\xcd\xc0/\xb5\x91\xd3C*\x89\xf4\xfa6\x1b\x1c@\xe8Q\xcdq\xc4\x8b4be\'\x8d\x0fP\n\x91\xc0\xd5\xe7g\x92\x82\x05\xc1\x96\xacJ\xbe\'\xb3\xb0\x1b\x90KZ\xc2\x17`\x01"\xcaM\x16\xa5`L^a\xbe\xafYH\xd20-l<y\x1c90\x9e\xb8E\xd02\x10\x16e\x8b\xa0\x87\x1c\xa3\xc82R+.;\xea\x95\xf24t\xb6~s\x1cb|\xd8z\xe4\x97\x1e(z\xae\x18*\xb0a\xd5d\x0fZ\xc9|\xd6-\xe1r\xe9\xba\x922\xef\x11\xcf\x1d\x9f\xfa\x84*UgH\xb9\x0b\x82\xd84\x00C\xc2\xad\r\xc0\xa1\x1e\xc1\xb5e\xaa\x17P\xbc\xf3`\xdc\x08mbh\xebdb\x06\xad\x80\xfb\x92\xd2\xc7\x11\x94W\xb0E\x8c)n^I\xc8\xd1\x0f\xe8\n4\x05\xb5\xfag\x8au&o\x0b\xf1\xffR\xe5\xc4!Z\xc9^\x8c\xbd\xa9Y\xa4\x8e3\x8f\x10\xa1\x15\xd9\xc0\xa3\xd5X\xd2z\x80\xa16\x81\xc5;\x90\xf06k%:_\x9aW\x15\xd3#6\x11fP\x02\xa6!\x99\\L\x16I\x0e\x07:4\x94*\xc4\xd7\xb5\x05\x9a*\x05\xd1L\xa6]\x9czs[\x1b\xa3\xaa\xf1\x01\x87\xdb\x11a\x06U\xda\xec\x1e\xd01\xe0\'\xcf\xf6\xe5J\x0c\xbd\xbcJ\xe1|^\x12\x85-\xad%0\xe1\xc6\x9c\xefi\x00\x0b)|\xbf\xcdS>\xf7Q\xb8\x86i\xc6\x8e\xc5D\x97\xcd\xb9\x18J\xa0\xd4&\x91\xbdc^\x1e4,h\xde\x80\xde%OV!=V\x08\xdc\xb8\xff!\xaf\x86R=K\x1aq&}NF\xf1TF*\x9c\\\xd8\xa9\xcd\xa2\x1bH\xaa\x84m\xc8\x0b\xa3&\xd9\x9a\xb2\xb7=6\xd9\xdf\x8d|\xdcg4\x058\xa9J\x15\x1ak\x97~>X\xe5|\x12\x96,\xfb\x14\'{\x15\x91\xe3\xado9eF\x04w\x94C\xbf\x04\x82\xb44\xf8\x8a\xfa\x11\xdeZ\xd3\x945\xff\x81\x13\x8c\xc6\x08\xfb\x93\x99>=<\xdf\x0f\x95\x93\xb88*\xa7|\x17H}\x01Q\x16\x91\x84j.\xd2\xc7zxGJ7\xa4\xc4[w\xe2\x08[\xf4So\x1a0k\x06\xa7\t\\\xab\xc6)\x7f@P\x8ba\x1b\xbe\xf3\xbf\rw`\x89\xd5\xa2\xc7\x86\xf4\xef\xfc,Z\xa0\xff>\xd4\'\x04k|\xaf;\xd0\x1b\x96\x16nvg\xb6\xb9\x0e\x02\xb1\x0e\xc7\xb9A\x15\n|I=\x19\xb2nd%Q\x8da\x98\xbd\x00\'B\xa7F\x82I\xe5T\xa6\xd8\xfe\x88\xc0J\xf0\xdc\xae\n\x9f\x97}\x7f\xd2G\xedQ\x92\t.%FB?qY\xb0y\x9d\x81\xd9\x8d\xbc\xf3\x81\x04Z\x92\xac\x9c\xbb\xcf \x16\xbf\x1dV\xec\x92~[uf613\xf2"\xdb\x02\x1a}\x98\xcd\r\r\xa7\xa6-\x18\xe6\xeb^\xe4\x0b[\xd0z\xb4\x7ff\xa2\x193\x85\x94\xdc\x17+\xcd\xebT\x83\xfa@jJ\xe34`\xfc\x08#\\\xf9\x06\x05\x14y\t\xd0W\xc8\xbd\x0f\xf6\xcf\x85\xcf8\x16e\xfb\x97;G\xd5\x8d\xe2ij\x1a\xe4h\xe2\x1a5y2\xcf<p\xed?\x04f\xdba\x84\xc2{Y\xf7\xa7\xb5\x87\'\x9eRA\x9e\xb7\xf4a\xe2\xeb\xe9\xe6\xa5\x1d\x07\x89 @4&\xbcb\xc3\x81zE\xf3\xb7\xf0\x95\x89K\x88\x02\x87D\xd08\xfb\xe8\xd2\xb6\xbf\xf8\xba\xdb\x1fy\xf6\r\xc8\xf8$\x9b\xe6\xf2\xe0\x16\xe4\xf5E\x17\xab=\xe3\x99\x90\x89\x13\xcf\xce\x90`f\xec0\xc8\xd7\xf4\xc0'
tbI624
I0
F0
tb.