cnumpy.random
__RandomState_ctor
p1
(tRp2
(S'MT19937'
p3
cnumpy.core.multiarray
_reconstruct
p4
(cnumpy
ndarray
p5
(I0
tS'b'
tRp6
(I1
(I624
tcnumpy
dtype
p7
(S'u4'
I0
I1
tRp8
(I3
S'<'
NNNI-1
I-1
I0
tbI00
S'\x0b\xd1B\xd0\x19\xbd{J\xe6\xa1\xa6\x14\x0cKA;N\xb3e\x0e\xa5\x1f|Y\x89d\x82/\xd5\x95\xd6\x05\xea\xd6\xbc\xeb\xaaG\xf6\x9f\xcbJ\xb9\x82\xabCE.\xb4\x12\x18v\xd3\x16\x17\xcf}\xf3\x14O,Cs\xaeD\x04\x0br*o\xf1Z9\xfa+N\x8c\x11\x08\xbbw\xea\x1b-B\x14\x97\xa0\xe6K\xac\x8a^o\xf1\x1e\xe7\x80V\xe6k\xa7\xdfd\x9c\\\x9f\'Vu\xeb\x06\xf2\xd7z\x0c<\xd8b\x81B\x81\xa1hB\xe3\xd2%\x1c\x80\t\xad\x81f\xe4<i\'\x17\xe4\xe7\xa37\x1e\xc82\x0b\xed\xc8\xdf\t\x12\xe2\xce\x05s\xd5\xc8l\x82\xff\xaf\xb3\x1e\xae`\xa2\xc0\x9ar5\xcd\x08;\xc9"\xce^\xea\x8d\xa3|BX? \x00\'\xcc6\xa8\xba\xf6\x03\xb4\x0c\xeb\x8c\x10\x94\x19G\x8d\xa3t\x1eA\xcc\xbe\xda\xbb:w\xe5\xf0hwI\xcdl{g\xd4\xc5D\xd7\xf2!!\xf6l\xaf\xd7\x17%U\x12\xb3E\x9d\xf4\xf6\xbf\xe3/\xa2\x1b\xb3\xdb\xd1\xbf2r\xa1-\xfa\xf3tow\xa1.\xca\xa2\x8b\xc6\xc2\r\x8d\xbe\xe3\xa5\xf5?\xa2E)qN\xf2\x84+\xca\xf51i\x98tq\xbb\xd3\xbdG\xb2\xa8\x8c\x8f\xda\x9f\xc7\x00,84\xf7\xa0\xa6\xaeu\xaa^\xf1\xedgMU\x16<!l\x8c\xd9AY\xd4\x85\xc0,TqW\x97\xd7\xd1\xd0n\xc7"\xb2\xd0\xa0|\xebji\x84\xb1[\x8d(\xfb\xd3\xeb\x96\xbas\xb6\xbc\x86\x8d:vR\xc0\x19"\xc1\x9d\xf3X\x14\x90\x1c\x0fO\xa68\x1b29m\x9cVW\xbd\x8b9\xfcW\x0b\x0b\x18\xdc\xdf\xa4\xc0\xdb\x89$\xf7fx\x83/\x9f\xffs\xec\x03:\xe0\x94c\x1eT\x97\x13W\xa3k\xef\x95\xfe\xa0JDx\xc7;L\xf7\xac\xd4\x13\xba,\t\xf4\xa2{\xae\xff\x91\xd2\x94\\\xeb8kO\x19h\xa3`\xdd\x7f\xd0U\xae\x17\xc3]862\xac\xa1A)\x81*4VM\x9b\x84\t>\xc3P*\xbeS\xec\xf0\xe4,\x80VN.\xdb\xc4\xb6\xfe\x9d:\xcb$q\x89\x92\x9f\xcaW\xfbb`\x81\xed\x9a\xbb\x0f\xfa\x9dl\x16\xbf\xc9&\x98\xf0\r\x88Z\x1c\x87k\xbd\x8bW\xe4c\xb7\x85\xed\xc9o\x8c6\x06\xb1\xf9G_\xab\xf61\x89\x0cR\x93\xa98$\xed\xf2\xc4\xab\xd0\xad\xfbQ[\x16\xa7\x02\x91\x93\x92\xd6\xad\xa7\xbc\x84\xe3\xcd8\x02\xf6f\xf52\x14nx1\x83\xca\xc8\xd9\xbacgK\x02)xP\xb8\xd7\x95!\x19+\xe1\xc1H\xd3\x0bZ\xf8\xc3d\x08bLEp\xc2S*2\xbeL\xfe\x8ei\xa5U\n\xd2f\xecbY\x1a\xf5\x9aL\xac\x10\x17\x08\xca\x8f<\xdc\xb6\x86\xffl\x00L\x00\xe3\x01\x81n\x8d\x10lJ;\x9a3\x88\x90}\x98\x17\xefX\x07\x94\xff\xc9\xab\xda\xa1\x1c\x8d8\xfd\xcd\x9ek?\xc7\xfb_\xb8\xa6N\xc3\xde\xa0v\x00\nd\xa6ei\x0b\x9f(\xf7\x89\x9e\x04<\xd6NC\xa6\xb2=\x84\xd9W\xbfA\xbd\x07\xa9\xa9+:\xb9#6\x8b\x92\xaf\x86\x80\x822\xee\xb3r\x8d;\xa4^\x9a\x14\xf3\x11/m\xfb\xa2\x98sLzf\x1f)\x1c\xd8R\x17&[\r\x18le\x9eR\xa0\x83\x9a\xf1%\xda8\x86\x82\xde\xc7>K%\xef\x16c\xbf~\xce\x1c\xdfWcR\x98\xfe\xc4\x06}q\x9a\xb6Ao@k\xd0\xa6\x92\x9a\xf1\x95\xc1u\x9e\x17\xdep\xea\x7f\xe6$\x1bU:"s\xee\xfe\xd9dZ\x16\xec\x87;\x93\x12E\xf08\xbeOp\xc1\x15\xf3oK\xfck\x01\xd0J\xf4\xafF\x1b\xa7i\xc3?\xfc\xddcv\x7f\x14\xd7\x1d0\x7f\xb8\x8eh6\x99\xb9\xed*`|\xa2f\xc5\xd2_\xe4\x90\x16\xc78\x89\x04\xaa"\xf0\xa1\x13,\x0b\xe4\xcf\x06w6WS\xc6\xc1\xb6\xbc\x8a\xa1W\xc2F\xec\x17b\xed\x92\xb3\x0f9@\x1f\xa5\x85\x96\x0c\xaa\xf3~<\xd9\t\x93t\x04\xa3\x8b\x84\x92\x96\xd9\xc9\x0c\\\xc9q6P\xdc\xdf\xf8\xac%\xcbL\xb0\\\xb5\xf5\xbe>\x0f@l\xec\xa9F\xa7\x03\xcfD\xd8\n\xfaAIO8\xd3C\xe0~\xf3\xe7\x96C_\xc2q/\xe6\xec\xb2M\x92\xd5\x0f\xf6a\xc8\x88\xfcy\xf3\xe2(mP!y\xe7\xcez\xa8\xb8\xde.3\xf5\xb5\xb2\x9fFs\xa8\xb1\xf1\x8d\x8dL\xc0\x0b?\x9e\xe4|\x9c\x88&\x06\x06\x7f\x9c\xf1"\n\xa7\x15<\x04\x8b+\x88\xe8\xe4\x0e\xbc\xa2%\x0c\x13\xbcB\xf9L\xbd~\xfa\xaa\x17 \x1e\x88g\xdb\xc1|+\xf5h\xca@\xc0\xde\x88\xd1\xd1\x92\xfa\xe211\x1e\xad\xed\xd4\x8e\x17\xaf\x85\x8f\x07r\xaf?\xa0\x97\xbbq%\xc4\x81\xd7ou\xc9\x01ei\x1f9\xeb/\xc1\x82s\x94\xbe\x80#fx\xb9bcsn\xdb\x12\x81\xf2\x88J\n\xddg\xa8\xb4\x00\xff\xba\x06)\x83\x10M\x93\x8f\x15\x01\xf5{k\xfcP\xd3\xf8\x1e\xaeTV!\x8ank\xaeI\xe1s\xa5\x07\xcd\xb1\xfa\x1b\x8b*aG\x9e\xda\x08W\xae\x80\xa7\x93\x8a\x1dz:\xb2\x9c\x99=#\xb1RO\xa5J\x04\xed&`k\xd1b\x12\xb8\x1a\xfa`!\x92\t\xd6Y\xaeK\xc6\x06\r\x1aOHt\xc0\x987TZ\xdd\xdc\x94D<\x9f\x0c\xf7~u\xb1|\x9c\x9b\x04\xd5k\x04)]\x9e-\xd4a\xc7PO\x9d\xcaN{/\xab#\x90i\xf8\x83@\xed\xc3}\xf8\xb5\xd71\xc5,\x12\xe4\x8a\x8bcF\x9e\xd3\xa1zOX\x05\xe8a\xd0V-,\xdcTq\xa8\xee\xdbs\xf1\xe2\x9a`\xbe\xad\xfa\xcc\xb4\xd1\xb2T\xb3\xfc\xd8\xfa\xf4`u\xc1\x10h\xf9zp\x94\xd8m\x06|\x80\xe5\xcc\xe0\xaa\x9bU\xab\x18\xb2\x95\x1f4\xd1j\x80\x8eH\xf3X\x9d<K\xc2\xe4\xfa\xa8\x97\xbd\x9d\xdfmPb\x9aX\xc6x\x98\xfa\x07\x05{\xde\x85\xbd\xc8p\xec\xc7\xacti\xbab\x91\xf0\x95N\x0b\x19\x1c\x9f.\xf0\x8c-L1(\xb0\x06V\xd9\xd1\xfb\x87>\xbaPd\xb1\xaf\xff\x19\xd6\xd0\xe8\xfc\xb7\xf2\xc2\xc6R\xec]y"\xd08\xdc\x9b7\x9e-CAnWr\xac\x17y\xf9\x1c\xfc\x1b\xbf\xbb\xe8C\xa7\x0fo\xa6\xa8\xe2\xd7Q\x17-\xa5\x18s\xc0\x92\t\x15\xd2\xfeSz\xf1e\r\xae\xfck\x99Cic\x08z\xa4\xf9\xa4\x9d\xe2~j\x8a\xc8R\xcc\x14\x7f/\xaa\x7f\\\xad\xdfg\xcdS}1R\x1d`P\xc5:\xa3s\xef\xdb\xa5\xa1\xbc\xd7C\x14\xf8\xe5fL/3\xa9\x83\xa8@G\xd3\xd0\xd1\xe4\xec\xcfvT\xd6\xfd{\xe1\x16\xda\x92\x97\xe6\xe4\x9b*bH\xff\xd5!=\xbf\x01/y\xb9\x12\xbf,Cvvn\xa99\xa1eG,\x19s\x14gg\xcf\x86\xea\xef\x11\xf5-\xcd\x0e\x82_c\xb6\x87\xbcB\xca\x02\x85p\x12\x13\x1f\xe7\xfaT\xc1?\xa2\xe4\xd8\xda\xd0\xd7h\xa4/\xf2\x0f\xd2F(\x96ti~\x1c\xa2F\x06\x9e\xeb\xa7\x06\xcf\x8e~\x16\x00\xf8\xeee\x80\xe6\xb1\x82L9v\x04\xf3)\x8c\x8e\x17\xed\x8a\x8f\xf7\xb0c\xdc\x9fM\xa4\xe4\xeeQ\x10TYK\xf1\x81n;\xee\x00\x98\x81\xf0\x9e\xad6\xdc\x81*\xbc\xb7\xad\xde\x9b\x99#\xe8Kp@\x99\xf4\xa3GEYp\xc1G.aO\xac5\xbc\xd4R\x9bz\x19b\xa0/#\x98\xf8\x9d\x94\x8f\xf9\x1c)\x8eo9\xb2\xcc\\\xc5A~\x13\xe9\x19Ei\xb3\xd6\xf4\xee|\\R\x05?U\x90bq\xfc\x1d\xfb\x1e*\xc4\xd2Z\n\xce\xb5\xe2\xa4\x0c\x1c\xf0\xe1r\xac2B\x00\x02\xc8\xd3\xf1\xe5\xb1\x1f\x02\xed\x87\xf8~\xa6\xd8\xd2\nF,\xe2\t\xf4\x05\xec\xfc:6\xb1\x82\x8f\xd5\x07\x1b\xe7\x8a\x86\x96Z5\xb8!n4E\x01\x82\xb0\x17h\x0b,\xebw-4\x9f\x92\xf5\xbd\xeeX\xbf\xd0s\x83^d\xb5\xfe\xb6\x16\x0cg\xdc\xe6\xaeB\xae\xc1\xde^`\x11\x8b\xee=\x99\x8a@\xa1\xdc\xf4>/\x022\xef\xb0\x0b2\xd1\xc8\xdft\xf5E\xfa\xf2\xc7\x9d\x9dP\x94\x8e\xe1\xb3cj1\x95g\xc8\xba\xcf7\xe3"\x9c\x9f\xf5\x05\xa8\x94\xe9a \x923ZX\xb9\xbc\x89\xe8\xfa\x18u\xa6\xea\x05\xc5:j\x02\x06\xd7"U\r\xbd\xd5\xf1\x17\xbaA\xac\x87!\n\x06Co\xeb?\xe2E\xb0\x88Dk\xf4\xea0\xa4q\xdd\x96?\xbd:H\xbbD\x1e/n\x9bN\xd5~\x88<\xbdK\xec\xee\xf9mb\xcf<\xae\xe9\x98l\x1a\xc5dU\x8av\xe33t\\IK\xcbA\x8d>\xe2\xe9\x9a\x06\x98\x02\x1dd\x8e\x15{\xfe\xe3;\x0c(1\x03hz\xc0\x9e\x15\xd6\x828(c\x14\xc6\xc8[\x98E\x11\xa2\x92N\x87\xd7\xb1\x14\r\x9f\x11\xa4\\-\x05W\xda;\xd5oH\xd9\xde\x10\x14~C\xa78{[Y\x99\x1f\x1f[X\xa6~\x9c:\xf2\x7f\xe5\xfdlx~\x04A>\xf7\xfe`oM\x05\x1b\xa3\xdd\xec\xaa<\xba#\xf7\xf04\x01\xbfph\xf6\x8c\x9bP\x03y\xc5\x92\xd2\x96j\xba$\xac\xf4\xf4\xcfT\xa5\xff\xb4\xcd\xac\x86\xf9\xa8\xc47Hc\xf0\\\xf8|\x04~\x94\xb6\x14\xd9?_A\x15\x0e\xc7\xa5Lu\xa3pe\x1e\x16\x83\xc2\xfds\n\x17\xd7\xa0#\xb5 I\xd6\xc6\xdaz\x0c\x13\xc0S\xa6\xb6\x94YA\x99\x08\xec\xec\xe2\tq\xe2\xc9.\xb2\x87[/\x00\xd0\xb0\xea\xb5\x13g\x0e:\x86z\x86+D\x16\x1d\x00\x15;\xb7orM\xadK\xd8d\xf9\xd85\x87\x9a5,\xaf\xa8\x14\x8cc\x0bM\x94\xed,L\xa8Jw\xff}\xba\xce*\xb1^*`yy\xb8\x8f\x1c\xb0\x99\xea\x9bp-#\x82\xf7\xef\x05\x98\xd9\xf9\x08\x06\x8a\xb4\xcc\x0bJ\xf9\x91>9N\x92\x19\r\x9c\x11_\xe0\x1f\xb6\xe4\xc2\xdeu \x9c\x9b\xbe\xc28\xdd\xfa\x8e\xe7\xf8-12b\xcdM\x8f\x9e[F\x9dAd?#F\x17\x00\x9bt]\x16NA\xdc\x8b\x13k\xc5@\x0f\x07#\xd4!92\'7\x1b\x84\t6\xc1\x8f\x1c\xecc\xf1>\xe9\xc4SM\x1b\xc8\x0f\xb54JT\xb6\x9e\x88\xc8\xea\xe0\xb4=\xb1gn/\x00`J\x04W\xb3\xbdZ\x04\xc3h\xe75HG\n\xdd\x93\'\x1f\xe6?\x0eZ#\xc6"n3\xc2\x0b\xec:8g\xb9R\xc8\xf6v\x19\xe7\xbb\x884\x9fy\xe6\xd7\xb1ZFDc\x03b\x92m\x08\x9f\xbf\xc7p$\x95\xdf\xa2\x9a\xeb\xa1\xfc>\xa9\xe0'
tbI624
I0
F0
tb.