cnumpy.random
__RandomState_ctor
p1
(tRp2
(S'MT19937'
p3
cnumpy.core.multiarray
_reconstruct
p4
(cnumpy
ndarray
p5
(I0
tS'b'
tRp6
(I1
(I624
tcnumpy
dtype
p7
(S'u4'
I0
I1
tRp8
(I3
S'<'
NNNI-1
I-1
I0
tbI00
S'u\xc6\\\xf0\x9e\xf7\x1cM8wm\xa0\xf9&\xcd\r\x9eP\xbb~\xd9`\xec\xffC\x8f11\xe3\xcf\x0eT\xe3\xc5\'\xb3\x16%\x8cN\xe5\xa5+>\x1b+\xa3q\xc0|\xac\xfa\xe1\x1eG\x95D!\x93\xb5\x12\x12\x0eH\x85(\xa4\x07\xaf\xaa\x1a\xd3\xb0\xb3M\x15xV\xc3\x92)r\x0e\x93\xb2CQ0\x7f\x02I6\x96\xe0\xbbZ\xb5\xf0\xe8\x9c\x9b\xba\x95\xa7\x99\xb1\xefu\x97p\xe0pF\xecC\xf0\xa5\x95a\xfcui\xb7:\xfa\xa1i\x01\x15\x89\xa5k\xd2C\xcb\xbc\xfd\x9c\x8c\xc4z\xb2\x9a\xb3Z\x96\xaf\x80\x8a\xd4\xcc\xcf|\xaa\xe2K\x9e\x14\xc6\xf4\xe4E\x945\xd7\t\xd9\x9e\x98\x8dz\xf5$\xb4\x9a\x18\xba\x16-\xe9\xbd\xb9})\x12SS\x94W\xfb\x9d\x90\xfc\xc9\xa5,2\x129\xf5\x15\xb5x\xd2&\xb3\xcb\xb1K\x15\xed\x08\xdc\xa9\xc4\xceuV\x19uH\xae{am\x0b\xa0\x05y\xf1\xa5\xc1\x18:\xc2m4\xc3=\x83\x0b\xda\xfb+\x83\xd8\xa3FMC\xe8\xe6\\\x98\x87\x18\x9e\xef\x8e\xf2\x10\x8f\x81\x8c\xd8\xe6\xf9z\x8ab\xb9ax\xb5pj\x98N\xc9\xd6Z\x81\n\xa7x\xd2\xbd\x1c\xf4\x85\x97Qvp\xa5T\x7f\xf9\x1c\x1f.D.\xbb(\xda\n\xf1\xb2\xd7@X\x94O\r\x96\x1cJs\xe3\xbf\xdei\xadx\xa1\xa5\xd0\xe1\xab\xfdlyP\xff\x96\xd0\xd2\xf4fy\xda\x93\x98\xf9,\x04\x93\x8c\xe8ej\xc9\x93\xd7\'\x94\xceh\xfd\xa8w\xca5\x82\xaf\xaf\xca\x01=\x1b\xff\x03\xef\x0cl\xf4\xb1\xad\xc2\xc3I\x99\xec\x93a`\x00(\xda\xc2\xad\xe96Kq1\xed\xb1\xa5\x90aL\xb1\xedj\x92\xaf\xc8\x19\x95\xc3\xbf\xa0\xde\xf8\xa4\xf5\xf4\x00\xc6S\x91\x80\x8c\x81-`\x0e/m\x16\xee\xb9\x00\x133t\x90:C\x94MI\xa6_\xe9N\xba`\xfa\xf1\xff\x02/<i\xf1\x9b\xe5[8\n\x04\xc6uB\x8d\xf2\xa8\x883n\x8an\xdb\x86\x0f\x8c_\x00wd4\xe7n\xaf\x95\xff\xdb\x00\xb6\xd3rN\xe0\xb8\xa9\xe3i\xe9\xfam[\x8fm\xd1B\xfaR\xec1\xdd\xdd\x8c\x16\xed\xd7&U\xcbd\xe7\x88\x91\x08s\x05o\xf58\xb4\xa6\xbf\x02q\x06\xa0\x19\xf3k@\x9f\xc6Rie\xbc\xc6\xbfq\x8e\x06ka\xc3\xe5\x97\x1a\x02\x17\xad9r\xc6\xff\xe7\xe8\xf5\xc90O\xa7\x9f\xe2\xd72\xec\xf3\xe3.|\xf9\x97\xfc\xb0\x04fhnU\xc4\x8f\x0eQ\xa0\x8b\xde\xeby\x03\n`D\x88\x80\xfd\x96{\xc3\x9a2\xc0-\xd1\xe6\x1d9\x83\x11B\xa6[\x14Z\x07\xcb\xda\xb0\xb0\xb2\xff\xe6\xe0\xeaQ\xdc\xd04d\xa4F\xb6\xe8\xcb\xe2O\x00\xb6\xf2\x89\xd2\xae$\xa8Sh\xa6\x9a}\x8e6.\xd7\x0b\xf9U_;5\xbf\x95\x04\xa8\x1a\xaf\xa1\x15e\xbf\x84P\x0c_\xd7V\x06\xa7\x1b\x91\xab\x8eX\xd2w\x05\x02S%\xe7\xd0\x89P\xd4)~\xf0\xdc\x12*\xd9\xc9b\xb2@\xeb}"c\x99\xf5\x91y[\xd7B\xbba\x8b\xefd\x9d\xeaY\x98\x9ax\xeaW\xe8\xdf\xaf\x93\xfcY\xdf\x8c2\xe5\xed$O\xcc\x03\x15\xd6.\x93\xcf\x01\xde\xbc\xf7:(FP5\x0f\xe8kI\x82]Zh\x9a\xb3\xb7\x19\xec\x1fuq\x1e\xaf\x96\xc4m\r\x96\xf6\x9a\x9f>\xef\xe7nD\x9ce8\x81\x91\xf4\xd4\x01\xd1\xcb4\xa6h8\xf0\x0bk\xfd\xc2v\x1e\x9dp\xcb.\xba;\n\xda:\x1b\xeb\xa1\xe7dFb\xfb\xc7\xf3\xd2\x8d\x8e\x80D\x8a\xf8{\xd9\xec\xab\xc5\xa3e!\x1d@\xa6\xcd1\x80\xbeM-\xf1\xd8\x89\xcahE\x94\x9c\xd9\x80\xa3z2U\xc1\xda&\x17\xe3\xef\xb74\xfeK\xba\x9e\xefQ2\xf3H5\xef+;SC0?\xca\xd6\x04\xed\x96\xc7\xc9\xd2\x93f\x01g\xae\x1c\xd2\x95\xf0e\xf3\x88\x9am\xaa\xa2>J\'\x01\xa7\xe4#\xb8\x8d\x92\xd31\xc98)U\xd4\xd3\xcb5\x9c\x0f\xa1\x933\x18\x0b\xc8Jh\xac\x1c\xe2ad\xb0\x10A\xfc},\xfa\xac\xcd0\xd9\xca\x93\x95Bi\xbes\x00\x8eW\x01\xb1\x00IG\x1f\xfe\xd9\xe9v\x13\x0f\x07\x1d,\xd3\\\xde|\x0e\x16W\xcd\xa6\'\xca\xc0\xcb\xf6\x96\x06\x16\xacs\xd05\xee\xc1\xca\x9c\xb1.\xef\xdd\x87J\xe6\x18p1\xf5\xa1i\xc3\xa5\xf8\xa3B\x81rPUL\x1d\x07\xabW\x8a-k\x86,\x7f~\xbfW\xc1\x92\xe9\x94\xbcw6\x9aD"B\xd3\xe4\xea\x93\x86\x8dGL\x86+\x96/\x14z=\xf9\xd2\x12(6\xcb\x9d\xf5\xb0\xb1\x8eMY`.\x81\x1b`2\x92\xc4\x85\xf0\x85\xa1\xc15\x94\x8c\xd3\xba\x7f\x88\xbb\xd0\x12\x87\xde\xda\xf5v\x81\xb5\xf61lK\x16\xb3?\x94?\xff\xab\x8b\x0br\xb4\x86"\x13M\xa4#\xf3P\x86g\x87\xd5\xd3\x19\x0b+1\x99\xe1\xed\x19i\xfa\x08\xab\x0cb\xbb\x1d\x834\xbe1i\xc4\x81\x9a\xd5\x0e\x02u\xfc\xb0{P\xcbVQmJ\x8daV\xe3\xb0\x97\xd93J\xfd\xfam\xe1\xe7\xc2\xed\x8e\x98J\xb2S\x1bm\xb0\xab\xc8\xc0"*\xf2\x8e,\x17\'\xbc\x15\x81\xb9\xee?\xe5\xd6x\xce \xb8/\x95z\xc5-=\x0e\x880\xc1\x1a\xbc\xe0\x16f\xd4\x99\xfa|\x84?q\xaa\x86P\xd8\xd28n5oI\x10IHT\'\xd1\xf3\xa5w\xb9Q\x1dD\xc8{\xefy\xa1\xfa;\x87\x1c\xe5\x0fp\xf8\x00\xcc:\xd7\x06q"\x16\xdc\x07\xac\x03\xdf}\x850\xaf\xf7}(\xe7\xc2p{Ak\xf1\x16\xa3\xfb\x93\xdc\xf3\x9c\xe0(Bc\x05\r\xdc\x01\xb9(Y\xfe\x96\xa9\x92?\xa9@0\x9d#:\xc4z\x9al.1$\x1d~\xb9\xf7*\x00\xdb.8\xfbH\x89!\x19bh\x9ea\x8eo\xac\x02\xbe\xbc\xbe\xd0\x94\xcb%\x19\xe4\x8b+\xe5^\xb6\x08yl\x0b\xdb4{\xca\x84O\xb9\x91\x15j$h\xcf\xdcW\xe6\xd2\x9a}\x1b\x00XW\r)fd\x16\xdc6Y \x87o\xc9\xbe\xa0\xf4\x8f\xfa\xbf\x17\x02=\xc587\xab\xc2\x8c\nS~\xd7\xa3\x9f\tJ\x1e\x08\x1d\xf7y[\x83r\xb7p>\xf7\xd8?\x0bpX?\xaa\x84\xe2$\x18\xe0\'\x04\xb1\xe4\x93\x1d\xf6\r\x11;z\x9e\xe6[*f\xa1\x01~*\xe63\xa4\x02{;+\x99\xbb\xb3\x1f\xa4\xb8v\xd8\x9aC78\xa2\x04)\x90A\xd6\xef\xe4\xa9\xab\x84F\x1a;\xf6\x8f\xb0\xbb:L5\x7fz\xbc5\xebN\x8eml/]\xce\xa3V\xfd+J\xdc{>\x1e\x91\xc5\x8dx\xc3J+\xe2d>tC\x0c\xb3J5A\xa7\xe92XP\xcai\xed\xb7\xdc\x7f\x9f\xeeJ^\xfd\x85L\xbb(V|b\xcb\x8e\xbe\x81\x82x\xf1\x8eFY\xa4\xe55\xe6U\xbe@\x1d\x04\xf1\xc3gKFZ\xa2\xc4\xde,y\x1a\x03\x1e\x97\xbb\xef\n&\x8c\x87\xba\xc2\x0cG\xa4\xc1A\xd6\x03\xa4\xaa\x7f{\xf3\x16f\x8a\xc7\xd1\xf2`S9\x7f(\x8b\xb2\xeaY\xdf\xe1\xd4*\xb8<\xb7%\xb4e\xf4x\n\xd4\xff\x0e\xe7\xc0\x14\xd6\xd9\'o\xb9:\xed\xcf\xec\xc3_0\xa7\xe04\xd3L\x829K\xe9\x17z\x1b\xd7;\xea\xc3\xd5U`\xbb\xc5\xfb\x99\x1b\xb1\x1e\x9c\xd5\x9c;\xa1\xb7t\xb4h\xc4\x8a\x006\xb3\xab\xbbj\x9d_(RU\x93\x87\xac7\xa9y\xa8<B\xca\xfd\xbeO\xf5\x1c\xa7t\x13\xb1R\xbe8\xf1\xbc\xdb\x0fLMF\x91\x9d\xc0\xa9\xdb\xe4\x88\x85\x80\x05\x84~6II\xe6?q\x11\x8fb\xc5\xdf\xe9\x94\x94\xcce\xf4A\x11\x1f\xa0{\xe6\x1fO3\xc6\x04\xac \x17t`\x15\xe2\xd1i\xc1\xe1\x82\x8f^G\x8d\x05R\x93\n\xcd\n\xcaG\x83\xf4\x84\xf1\\\x80\xc8\x80\xec\x0f\xe8:\xd0L%\xfe\'\xcd,|-R\x1bfE9\t\xc1\x14\xa2B\xc5Bf\x95J\xbb\xe6m\r^\xceb\x0b\x18N\x1b\x9e\xd3\x1c\x81\x9eD\xf7\xb7\xeb\x80n\xc2\xefGz\x11\x828\xf5\xfb\x0b\xce]`@6$\xfe6-\xf0\xc7\xf6\xf0\xc6\xb6\x13\xcem\x83\x01\xfeVlt:g$\xde\'<\xa8)\xdc\xd0\x96\xd1+O\xe7\xe9\xd43\x16\x1ay\x8b\xcd\x9c\xf9\xb5\x1b\xe3\xfe\xc9\xa5\x8f\xc3\xf5\xf5\x83\xd0~Lw\xca\xad\x88\t\xf9\xc8\xb6\xb1\x7f.2\xff\xcb\xe4\xf9\xa6\xbbjN\xf4\xe2\xecR\'\x05\xb7V\xb5\x1e\x19\r!\x13\xc8x\xcb;\x17\xc0\x96\xf9\xd6\xbc\x97\'\x98\xf2P+#@\xb3b9\x90P\xd1\x05\x9aF\x94Bu\xad\x19\xe5%b\xd7\xf4\xf0N\x84\xc7W`\xad\xad\xd4\xb1\xd9\xc8\x11\x8bC\xf1\xcb\x9a_I\x02\x00\x9dB\xea\xb9\x8c\x94\x02\xf1\x86\xc8;gy,Dt\x82\x14\xd9\xc8\x0b`-\xa3\x1dq\xd9\xd0\xc0<\xafU\x90\xdf\xd4\xb6\xf0\x82Q\xd5L7\x96\xd1l4\x1a\xf4\xb4h\xfd\x92\xc5\x08w\xd1\xb6\x11\xc2\xe7\x91M\x9a\x93\x89z\xd341\x08\xddB3\xba"\xa6k\xa3\xf8\x84`\xa9\xd1#\xcb\xaf^\x9c\xc8\xf5\x1d\x01\xf1\x95!\x1d\x9e\xd2\xda\xc1\xc0y\x1a\xac\x90u?|M\xabAh\xba\x1af\xe0\x04\x0b>\xc3Y\xc6\xc3D\xbe\xac\xa7N\x1a\x16\xc3.\x10\x16\xa6\xc4G\xfb`\x0c\xca\x9e\x11\xdbw\xf0\xbb \xe7\nX2\r\xb9:PF\x1a\xb0R\x93\xb2E%5kI\x95:\x8a\xc7\xfb\x800\x18\x91\xd3\xba\x9a\xad\xa4\xbe\xecc{+%A\x98N\xe8\xf88}\xfb\x15|zX\x8b\xdb?oP\x0b\xdb\xf9\xb0\xa1)\xc1\xa8\xe7&T\xe4\x1be\xb7"\xfc\x91\x8d\x0emD\xd3\x9bi\xd4\xc3\xa3\xd8q\xd4\xef\xb6\x97\x98\xc90c\x04\x9a\xd8\xbdW\xefX_\xe4\x83]\x106+U\nOc+\xd5\xba\x84\x11DW\x10JEB\xfa@v$\x07r\xd6\xbc\xa9\x8e\xfda\x1a\xb9\xc9\x051\xe3\xa1\xa79P\xbd?\xad\xad}\xc4\xcb\xd1\xce\xb1\x0e\x0e\xeeTzc\x80\x8er)1@\xc0!,\xa7r\xcb^E\xeb\xee\xf1\xbfJ\xab\xab\x8b\x9fhEm,s\x17uXu\x87\xb1\x04\xd1\xbe\xc7\x04\xadn\x8b\xf2\x91>\x17L\x95\xc0\xb2\xb4+\x0b\xe0\xbf\xc8\xc1Md\nv$\x97sfDU\x93\xdf\x0c\xd1Ad\xd7\xe8A\x7f\xa8\xb5t\xa1\xf5\xd3\xa4\xfad>\xd7\xeer\xf8\xd7\xdeh?0\xc3\xc6f\x0c\xb1\x1a\x98 \r9\xb9\x97\xf4\x0f\xb9j@\xc2\xf1t/\xb5J\xbf'
tbI624
I0
F0
tb.