# time 	 divergence 	 # of mutations 	 # IGC chances 	 IGC length 	 # IGC failures 	 Changes due to IGC  	 % change due to IGC 
0.0	0.116564417178	0	0	0	0	0	0.0
0.0059269875588	0.116564417178	1	0	0	0	0	0.0
0.00816760287211	0.114519427403	2	0	0	0	0	0.0
0.00852438513251	0.116564417178	3	0	0	0	0	0.0
0.00973323728215	0.118609406953	4	0	0	0	0	0.0
0.0106032882025	0.116564417178	5	0	0	0	0	0.0
0.0106248542696	0.118609406953	6	0	0	0	0	0.0
0.0121944689248	0.118609406953	7	0	0	0	0	0.0
0.0160324325745	0.120654396728	8	0	0	0	0	0.0
0.0162787175933	0.122699386503	9	0	0	0	0	0.0
0.01632372593	0.124744376278	10	0	0	0	0	0.0
0.0200290058263	0.126789366053	11	0	0	0	0	0.0
0.0241952802623	0.128834355828	12	0	0	0	0	0.0
0.0324271134492	0.126789366053	13	0	0	0	0	0.0
0.037154704084	0.128834355828	14	0	0	0	0	0.0
0.0404001608337	0.130879345603	15	0	0	0	0	0.0
0.0421251868385	0.132924335378	16	0	0	0	0	0.0
0.0608708508431	0.130879345603	17	0	0	0	0	0.0
0.062916488686	0.128834355828	18	0	0	0	0	0.0
0.063034953995	0.128834355828	18	1	2	0	0	0.0
0.0765068002421	0.128834355828	18	2	1	0	0	0.0
0.079075122158	0.126789366053	19	2	1	0	0	0.0
0.0794579770284	0.128834355828	20	2	1	0	0	0.0
0.0843368588734	0.130879345603	21	2	1	0	0	0.0
0.0843928954788	0.132924335378	22	2	1	0	0	0.0
0.0848521880931	0.134969325153	23	2	1	0	0	0.0
