cnumpy.random
__RandomState_ctor
p1
(tRp2
(S'MT19937'
p3
cnumpy.core.multiarray
_reconstruct
p4
(cnumpy
ndarray
p5
(I0
tS'b'
tRp6
(I1
(I624
tcnumpy
dtype
p7
(S'u4'
I0
I1
tRp8
(I3
S'<'
NNNI-1
I-1
I0
tbI00
S'}\x02$\xd2\x89\xfbgy_\xd8O\x88\xe1\xbc\x07\x04oD\x87c\xf7GGk\xb1\xb5!\xcf\x0c}4\xdeS\xc1\x9b-f\xd2\xc4\xa1\x0c\x93P\xf8\xe1\x86 k\xef\x88\x0eeaj\x1c\xf7\x1bN\x1c\x87\x0b\xa5\x0c\x03\x12\x9eN\xc6\xee\x9f\x0b\xf4-\xb8t\xbfq\x94\x91\xca\xcdE\xae\x8a/\xad\xb02\xc1\x1f\xf5\x17\xb3\x16R6\xcaJ\xf9X\xe9\xe1\x18]tB\xcee\xcf\xb7\xbd\xfc6S\x9f\rX{\x03\xbbS(\xab\xf5,\xc4\x8d\xcb\x05\xac\xc5\xc5X(\xb5\xec{\x8cR\x10qH&\xeb\xf9UbfI<b\x0bY\xa39\xb50X\xf3\xe0A\xa2Lw\xa1\x88\xfd\xb9\xf0\x85\xf1\x93N\x06\x1a\xd5j\xd3\xf6\xf9\xf5s\xa1\xaf\xd6\x8a\x93\xe3y\x95cR\n\x1cR+\x80\x95\xa0\x086\xc8S\xdb\xe2\xb9\xce\x80\xc9/\xb4\xd2W\x022\xe7F\x0e\r\x88z\x85\xb7\xb5\xa8\x08IP\xe3\x9b\x11v\xc2FO\x990y\xf3P\xc8\x92- \x8b\xcc\xc5]\x06Q#\x9f\xdd"KS\xf8\xe6\xf0\xfc\xb5\x8fN\xc0\xb3\xed\xe1\n\x08\x06\x1b\x140qq`\x07\xa9\x1a(\xce\xc5CdZ+\xab.\xb1N\x13Jkp\x9aAa3\x14<\x91\xb6\x86-D\xff\xe5%m\xe6\xc1RH\x1a\xf2\x92\xe6\xff\x11w\xcd\x1cQ\xc9\xef{\x8f\xc4(Dw\x92\x18AA:~\x1f\x9dp\xc7\x12\'\xea\x84\xc5J\xacsF\x96\xb0s-W\x8c\x0e1Ea\xd1\xeb\x0c\xe8\xeb\x80;\x08v\xc5\x01\xdf\x94`Z\x8b\x1fO\x0ci\x12\xd8T\xbbN\x8f%"\x12\x1b\xd9\xbc\x93|x!\x83\x8c\xdai\xd2\x89\xcc\xafC\xf9\xf6\x1a\x964X\xbc\x97%\xff3\xb0\x1b\x91\x85\xa1\x17\xbc\xb5!\x06\xcd\xa4\xe5D\x97\xcd\x1d(mO\x1eu\x84m\xb1\xf1\x85\x86\x0f4\xf0\xfa\x156$\xada\x8f\x91e\x07\xb5\xce%Q\x93.e\x08\xc1\x04h\xb9M\xbc$B\x98\x9bV\xcb\xf9\x11\x96,\x87{\x1f"\xb5\x16D\x16G\x11\x9cL\xce\xaa\xb0\xb4\x993\xf9\xec\x19] {\x95%\x03\xd8\xccs\\\x14d\xaad(\nN6\x08>\xc2\xea\xa5}\xc4}\x1d\x97x:\x13[\xba\'\xd1~KC\xdf\xfa\x15\x15\x1e\x07\xfa\x16\x7f\xe7\xca\xa5T\x0f\x10\xae\'\xce\x8exdf\x0e\x06\xc4+Z\xfc\xa2P\xf0\xd9@\x82\x97\xbfV\xdaWfQ\xa93`\xbce{\xda\'0\xce\x82\xa2\x08^\xfd~\x01(1\x9f\x91\x04<\x1c\xb3i\r\xeanD0\xde\x11\xa2&\xbb\x1b<"\xe3\xf9vQa\xba\\\xfa\x00OY\x80U\xbd\xf6=G\xa6\xc9\xbdi\x16\xf8\xaeh^\xd3?X\xdb\xb7\xdf\x9c\xd9\xc9\x0e]4\xd3\x89\xa0\x1d \x11.\xd3\xa4\xf0j\xc62\xa6\x17\xb85\xa3\x19\xbf\xc9?\xd9\x83\x9am\xf5\x02\x8fm\x06\xc8\xfa(\x93;\xe0\x98\x17y\xf3\x8f-\xf8\x7f:K\x83@7H\xe6\xe3\xa5k(km\xe5kN\x8f\xad\xb0[\x1c\xf7\xea\xc7,_O\xcf\xcdI}\xb5\xf8\x13\x06R)L\xfa M!\x97*F\x9c\x88\xa0\xb4\x80\xee9\xa1B\xfd\xcb\xca5\x9c\n\xce5\xbf\xcc\xe2\xf0\xeeiW\x18"\xf8\xa4w%\x14W|~\x1b\xab\x91\xcdB\xca\xfe\x93#\xc6\'\xae\xcc\x14Ex\xb6\xf3}\xd5\xa6\x8f\xde\x89\x83\xca#\n\xc426w\x8e\x05\xb9U|O\x82\xd4$Xf\x0c\xfd;\xd8\x8c\xa9:=k\x0eR\xe4\xd8\x00\xe7\xa9e\xc2\xfe\xec&\x80m\x92\x9b\xd4o\xc8 K\x9c:\xd5\x02[\xda\x8ez\xda3<1\x19)A\x14\xdc\x1c\xf5\xe7x\xa8\x89 \xec\xc2$\x13r&\x9a\x01\xeb\xdb\xdf\x1e\x8dl\x81\xdd\xa8\xc9\x8a\xe06\xcf%\xf0\xa7q\x06\xbc\x8f,\xa5Q\x98<Nsk#\xd7\xfd\x91\xa0<0#\xa7\xcb5A;\xb9$\xd4\x95\x017u\x8d:.\x87|\x10\xfej(\xc9f\xeee\xb2\xd8m\xf0""F\x86A\x9cX\xdb\r/\xc6\x80\xceehFW\xa8< ,|\x8dt\xabl\x90\xe2\xe8\xeb\xe304\x9a\xd7\x11\x96\xa4\x97ln\xe0\x90^(:\xed\x8f\xf99=,d\xe6\xf2\x13\x92*_(\r\r\x9f\'U\x7f\xa4~\xcaZZ-\x1b\xe1\x88\x96Wo}\xcb\x18\x0b\xabW}\xc6\x8fP\x86>@\x9f\xa0\xc5uf)p\xe2v\xc6\xf2\xd3\xbd\xd9L$\xf8\xbd\xbc\x9eS\xe6\xcf/\xa3T\xfb+9\xde\xd7J8\xa3kl/\xad\x98\x8fj\xf4K\x08a\x14\xd6\xe8\x8br\xcc\x1eD\x02\x0b\x17]\x1c\xae \xa6:3\xb9\xed\xf1\xe4\t\xa3\x85y8t\xcc\x1aI\xd2\xfe\xe4\xf3\xdc\x00*)\x8e?\xca[2\xa0rD\xb5\x04W\x0f2);\x02\xd1\xd9\xf3\xc0qhV\xc8\rH:\xc3!w\x937 \xf8\x9e3h\x08\xf3,\xed\xdc\r\xcbJD$\x99\x92\x85\xd1<\x96\x8c\xa5\x91,\xa8{X\xaa\xebb\x11CW"\xd3\xae\x98\xcd\x13\xbe"`8\xd9L?j\xe5\x030\xf8$iTK\x80K\x14V\xc6\xc5\xb8\t2\xfbo\xfdec\xf9\xb0ty\\\xecpG\xaa.\xcebS\xa4\xf9\x08`\xcc}\x17J\x11\xd1\x96\x97\x18\xe8<\xd9\xc8\xa6\x04\xd6\x01\xb3yhB\x13\xe3w\xab+\xfd\x1c\xb3\xba\xb3%B\x87\xb9\x8b\xbb\x8e\xc4>\x1a\x07\xcb\x0b:U\x0b\xb93\xb18/\xe6S\xc2Qo\xect\xe3H\x9ex[7\xc2>\x17\xe9\t\x9bFw\xc7\x0b\x87T\xde\x7f\xc0\x9b\x9f\x84\xe4R\xc4\xaar\xfe\x95\xa2{l\xbc\xfb\x90\x03\x8c\x1b`\x81~\x12\xd5(\xd2A.\xe1\x9b_\xa9\xed\x14B\xdb\x1a>\xe7B\x9f\x08\x85\xba\x9b\xa1\x82+^\x1c\x19\xfe\xe1\xc3\xeb\x06\x1c\xad\x95!\xe9\xb0\xf9\x8e\x07p\x1f\xfcv\xa7p\x07V\x03\xc5\xcbJ\x05\x8c\xe1\x91\xf8\x83\xd9.1\xb9\xb9vC<\x81\x00\x1br9R\x92\xa6\xd0\x9b\x1e\x9fl\xfb\xd3\x1e\xaf\xe7\x94\x9a\xdb)\xdd\xe0\xcf\xf98V\xdf\x9d!\x88\xc1\x17\xaf\xcfarL\xbdK\'\xea\xb8(\xf4R\xd3\xf7\xbd\xc7\xf2`\x1d\xcf#\xf0\x9f\xb6mm=\xa5\xd6\xa4~\xb3 \xc4\x82\xf3\xe9\xce\x06T\x1a\x84"\xe2\xf2m\x8d\xe4\td\xf4\xaf\x04\xbeP),\x85V\xdd\xd9!\xbf\x94\xde_\x1d\xeb\xf8\n\xe7\x7f\x0b\xc1"\xb4\x8bIC\xb2\xfe\x1f8\x94\xb8\xfd+\x19t@\xce\xf2V \xff \x92\xc6\xe5\xc9\x88`i\xd3j2\xc4\xd4\xb65C\x9d\x16yC\xac\xca>\xd6]\xba\xf9\xde\x1b\xd3\x19\x8e\x0c\xfb\xab\x02\x08\x987\xb1M[\x89-b\x8bt\x16{C\xf0\xb3}\xa1\xebH\xbb\xcbx\xb2)\xfcv\x85\xd0\xa8\xfe\xbe\x86\xcd\x1a\xdd\xc5>\xda={\xdapl\x07:_\xc0\xfb\x00\xfa\xc0\xa1w\xf3\x05\x02\x90\xbcl\x87\xb9\xee\xd7\x03\x0c\xc7\x9b\xe8g\x06@\xa8\x1bE\x046\x99l8\xf0\xde\x8a\xf0?\xa1\xd5u\xf2\nhf\xfd)U\x1b%s\x0co8-\x13\xfd\xc4\xdd\xcf\xd6\xe8\xe38\xc4\x17\xcf]tk\xeaf\xf78#\xd9\xe6\xb8,\xd6\xc2\xcc\xd0\xc9F\x1e\xc1\x7f|!\x02U\x9b\x82\xdbh\xact$,%D\xa4\x11\n\xe1\x00T\xb7<\xbb\x9a4\xb7r\x16\xa2\xc2=3\xa38n\x85\x9f\xb2u\x0b\x95\xcd\xcbE\x7fu\x08\xefs>CG\xbe\xb7~\xd0\x93\xf1\x87\xd3\x07\xba2ci\x8db/`!\xab\xf5\x80\xfa\xe4\x1e\xd3\x89\xfa\x17\x12\xc0:\x95\x99\xc2F\x1c|V\xcb\x07\x9c\xb6\x01\x0c]\xda\x95\xb7\xc4\x06\x00_\x9b\xbf{\xfag\x01Dk\xec\x86Y\xb8nm\xa1#\xd6P\x98\xd3\x03O\xccC\xdcI\xb4\x0c\x05\xa2\xbc\xd3\xdf\x86%\xe1\xcf\xcd\x81\xe7q\x85\xb5\xc4\x08\x95231\xdc&m\x0f\xfc\xffT\xc9\xdaO7\x0fT\xab\xeeq\x0cz\x8d\xb7\xb2?L\xf9\xbd\x9e\xda]\xb4\x8e\xea\xc4c\x19\xb1\x80\xe9\x8d\x0e\xc7lL;v5\xcf\x95\xd0iz@pn\xa5_Q\xc0\x9f\xc2&\xbdEKB2Cs\x8b\xac\x98\xa3=\xecMC\x9f9\x001A\x80\xac\x1e\x9ax)p>\r\xd2\x1b<rL\x8b~(\xf2\xc4\x13i\x00\xf5\xcd}\x90\xce\x0co6&\xe6\xf8\x06\xcfX\xfcB\x19V\xe6\x98N5-\xc6\xf0\xc5\xb9\x0c\xa6t@\xad\xd9%\xe6\xe8\xd4\xefuZ39\xdeR\xf5ra\x02{7\x80)#F\xf0#\x8e\xfbI\x15!\xfcz+\x93\x14\x84\x14-\xc7qI\xd1\x88\xfe\x95\x1b\x02\x8c\xa8\xf6%\x0e\x83ar=4i\r&!`\xb5\xec|\xd5\xc4\xa59\x96P\xc6\x1a.\xd2\x88s\xed\t\xa4\xc1_\x1d\xff\xe9f>&\xe2\xe2@\x97Q\xded\xc4\xc7\xd8\xe5\xd2-\xfd\x00/\x8a\x9d\x97l*\x92\x06\xaa\x03n:\xec\x8bB1_\x93\xdeEaE\x94\x99\xe0S\xe2\x9b u9\x14Nm{\x9f\x1a\x80\x96\xba\x8f\xda\x1alBf\xf5\x89\x9d\xca\xc5\xae\x9a\n\xf2a\xa9t{\xd9\x9f_\xbe\xc8Z1\xe4\xb8\x1bCp\xb5\xdb%\xce\x1d\x08\x0f\xd2\x15\x91\xd4o\xce\x04\xa5U\xa5|R\xc3\xc4\x06\xd4\x91\xa1d\x16\x08\x83\xf6\x1c\xab\x87\x8e\x97o\xd4A\x99e6.\x17\xde\xc4\x0e%\x1a\xfb\xcc\xfb\xe9\xc2>\x17R\x8fi\x9b2\xc2\xa6w\x9a\x9d\xd3Eh3\xa6\x7f\xb7\xe2\xa0-\x9a\xc4\xd0d\x91\x87Y"T\x81M\xc5\xa7w\\\x18\xc2/\x08c\x7f\x8d\x0e\x9bT\xcc\x9a\xbe~\xcahN\x91\x8a$T\x14V!\x14E^\xa7)\xbb\xc8\xa7\xcd^\x8f\xf2\xc6\xecd\x88t\xe3j\x92\xd3\xd1\xc7,1\x8b\xe9\xb1!V\xd7\x95\xbd\xf3\xc5\xeb\xf6\x8f\x0b\x81jQ\xe1\x9bH5\x80\x95\xe2&\x98\x84A\x13\xf1\xc1\x1b\xf7\x06\xea\xfepF\x7f\xbbMLm\r8\xf02\xfa\xb2\xed\xd9\xcdA7\x82\xa4\xec\x15\x87K\xfa(\xddO\x98\xf6/Qd\x9d\xba\x07\xad\xbetS,\xb8M\xfb\xe1pR\xcd\xd2\x85A\x8a\x82\xd7\xaa\x92c\x896\x98&u\ns\xd3*?<\xadR\xab\x14#\x0b\xf2\xdc\xc9\xe8\x87%\xcfRf\x96\xbcXI0\xa4[\x81\x81EW\xe5u\xd5\xa1]\x18\xe1\x89\x93. \x1f\xcf\x15V\x93t\x1a\x87\x91\xd3\xd3}\xf6\x02\xb6R\x00Jc\xadk\xe8]\x9a\xd6-\x1d\x8f\x1c\xf4\xae?\x1dK\x8e\'\x8a'
tbI624
I0
F0
tb.