cnumpy.random
__RandomState_ctor
p1
(tRp2
(S'MT19937'
p3
cnumpy.core.multiarray
_reconstruct
p4
(cnumpy
ndarray
p5
(I0
tS'b'
tRp6
(I1
(I624
tcnumpy
dtype
p7
(S'u4'
I0
I1
tRp8
(I3
S'<'
NNNI-1
I-1
I0
tbI00
S'\xf8\x02\x9d\xb1\x7f^\xac\xb0\x06\xd2]4O\xc1^X.\xc4>D\xe3\xd0\x126\xc7\x86}\xb8\xb5\xcb\x8c\xa8\xb8\x19\xd0\x04\x0e\x88\x03e< \xc8\xb6\xcb\xac\xab\xec\x94\xd3\xf2\xc9ft\xa4&\xfe\xfc4>\x99\xf4\x87?\x825\xe5!h\xaay\xc9\x88\xf8,\xff^\xdf\xd5\xae_\xb1~\xde\x97*\xb7x^\x03\xef\xa3\xd1\xd5;\x1b%\x13\xdag#\xc3\xa3~:ZH\xee\x0fl\x15#\xee:\xbb\xc8{~u\x9c^c\xac\xc4\xfb\x8f4>B\xf0\x98\xe3\xb1X\xfea\x1e\x8aF\xb1\x0eG0:\x8f\x87zQ\xf8\xa3V\xad\xe8-\x01x`\x88\xb4\x02\xaf)\x0fEx\xcf\x96\xd6\xd5\xf7\x15\xd1mg\xeb`\x19Q\x92\xb9\xcbt\xfb}\xd2\xbaI\xfc\xbdF\xbdH\xe2\x0e\xeb\xa1\xb2\xc9:]\x92\xa0\xe0Vj-\xd5\xb54G\x87@\xfc8U\x8fC\xb5P\x0c\xfb\x84\xaf\xd7H\xc9\xb4d\x0ce`.\x9d\x98<#\'\x94wo\x16\xe5\xac\x8a\xd5\x99\xca\x02F2\x16%]\x95\xf0+\xab\x0b>\x1b\xe9a\x11q/\x9d\x9bs\xebY\x04Yf\xcblxT3\xcf\x9c\xef\x9b\xb1\xff\x92\x8f\xdb\xde\xe87\xf0\xee\\\xf2\xe0\x01\xcdH\xb1\x05\xce\x03\xcb4\xcd\xe2\xd9Q\xcd\xcb\xe9.\n\x82We0YFe\x04K\x15\xdc\x8d\xbf9\x04\x90\xdc@\xff\xa5f\x90&\x1bQ~\x91\xd1!<\xef\xac\xf7\x96\xe31\xc0C\xa2r\xacZ\x13\x9e\x97\x92\x15\x92\x19\tbV1\x0f\xa2K\xaa\xb44\xaf\x07\xf6\xbe\xb2\x1c\xa2\xfa\x9b\xa5\xee\xf2\xc3\x89\x11\xf8\x85\x94\xb9k*q\xf0;x\xa9\xa4\xb0\x82\xec\xc7i\xfe\xd7!Z\xa5E\xf0\xd6\x8e\xc7\xb6\x05c3Id\xde\x0f\x80\x8f\xbe)\x8dc|\xf1\xe1\x9b\x8e\x87p\x96\xe1jVs\xe8\xa3\xf0\xaa/O\xfd7N0\xc2R]\xd4c\xc9\x17\x0e\x83\xf8\x8fZ\xfa\x0b\x8c\xbf\x1a\x93}\x194\x80i\x12\x12e\x1a\x94\x08\xc9\xe3\xa4\x1d\xa9\x82\x84\xff\xb1\xdf\xe8\x12\xe4\x0ci%\xecem\x1f\x14}p\xab\xb7e",pI\xbb\xb7\xfc\xfe\xfd\x99\x0b\x95\x81\x98O\xa7\x96\xc8\xe08\xc9\x91\xb6\x01\x17\xa4\xcaE\xee\xfb\x9a\x9c\xc1\x15\x99\xfek*6;>\x1e\xe1\xfeF9E\x99\x04\xa6S6?\x06\xe9\xde\xed\xd8r\x0f\xfcH\xef\xb56\xc2\xa3\xadF\x86&\x8e\xc6\xd2\xfa[duS(\xa1\xb8\xa0c\x12\x04\x1f[\xdbD#q\t\xd3\r\xc3\x85\xdf\xea\x05\xd2\x0c]\x87\xd5f\x0c:\x18c\xe97\xe4\xef\xf9\xd6\xe9\x85\xb5F*]J\xf6V\xd8\xf5/\xcb\xdc\x82L\x13\x19#qE{\xc8\x02\x90|\x02\xdc\xcb\x9a\xab\x8d\x08SI\xc1\xb4p\xb0\xf9[\xd6\x0f\xf6\xda\xfb3f\xa1:\xeaS\x8de\x19\x92{\t\'\xde\xe0]\xd7\xd5\xa8Q\xec1\xe4\xc6\xc2?&\xb0v\xda\xd0/\xf9\nk\x92V\xa0\x92V\xdb\'.\xb4)\xac\x12\'\xfe\xf8\t\x88@\x9e\x00\xc8W\x88\x9d>"\xe3w\x84\xc5\x11$+X\xdc\xa8\x03\xe4Z\xee\xf8tLJ\xeedQZ\xd3\xa6\xeb\xf4LW\x1b\xad\xe9\x0e\x8dsSA*\x06\xe9i\xb9\x91\xf9\x13\xd6\xc6X\xfa\xef2\x01\x88]\x1e\xdci\xe8H\x03\xcb|M\x103K\xa8\xad\x94\xaf\n\xbec>\x15\xbad\x0eEir\xfe\x113\xfbC\x89^=\xdb o\x81-\xf4\xfb\r\x7fz\xa4\xd6D\xa0\xde\xf3\xd9\x85\x93\xee i\xa2Uv\xb5\xc0G\x8ei\xcc\x90\x84\x8a\xe0\xff\x02\x1aC\x18\x12\xd92G0\x84`\xb8\x80\x15\x92w\x98K6)\xac)3\x83\x93\x92z0y\xfe\xb6\xbf\x13\x14\xa5<&5\xba_j\x02\x88H\xbd\xdb\xc6\x8a\x0b.Q\x8a\x10aU\x99\xd7h\x02\xe1eg\xdc\xa8\xfd\xa9"\xb1\x9c\xb7\xe1\x0be3\x0b\xa0\xab:\x7f\xa0g4\xcd\xee\xf6g\xb2\xfb\x87\xd7\x8a\xf3\xed`\xaf\x13\xad\xd3\x94\xb4K\x94\xb4\xf7\x16Ks\xed\xf1\x80V&\xc5+CL\x89\xeb\xce w\x81\x11cm\\\xf62\xc1\x92\xee\xbf\xc2\xcbv\x14\xc2\xea\xe0\xe3\x1a\xb7\xb5\x89h\xc8\xa9\x1a\x9e;\xc8\xeb\xf2G\xc1,\\3\x1aK\x12\x8d\xc2u\xfb\xad\x86h\x02\x12n\x16V\xf4Z\xb9=1\xdd.\xf8\xfe\t>\x11!\xce\xbb>\x04\x9a\x18\xc7w\x94\xc7\x94ZH7\x99%=\xe1\x0c\xa0\x8f\xb0\x1f\xff\xbb\x1d\xd2\xaa\xe2_\xe8\x9eG>\xc8\xbe<V4\x82\x9c\xfc\x89=YD# A\x16\x94\'\x90\x8d\x0f+\xc6\x19\xfcC?&8|\xa5\x88\x06\xc1l6\x19\xfb.\x85.1\x1d\xe7II\xe5\xd2!WJ\x02\x052\xeb\x98{Rbv\xb4X\x9e\xfb\xaeYxV\xba\xe2\xf59{\x17\xb3\r\x04c\xff\xae\x94\x86\x96\xe6\xa2\xdf\xe7\x1bUB\xd3E%z\x85\x99\xb5\x82{\xfei\xb2\\B\x80\x0c\xbb$\xb0\xc5\xbd\xb7\xcb\x04\xff\xa2\xb6`\xb63\xb4\x17(\x98\xa7\xea\x03\xdc\xb0\xb5W\xf2\x85k%\xcd\xa9\x85My\xbcu\xa7\xe3  \xcf\x05uhz\xb9\x86<\xa4\x9d\x13L\x1at\x1b\x8b\xec$\xe35\x84\x8a\xdb\xa1`um+B\x1d\xbc&\xa2\x97\xa6\xd3\x86~\xae\x98\x15\xb0\xce\x19\xf7}N}@1\xa68\xe3\xa07\xa0\xa15\xef\xc2T\x1e+\x10=\x00\xac.\xad\x91V@r\xec$L\xc4\x8a\xd6\xf6e(ACMyO^6c\xa7\xe7BM\xd7\xe7\xfaUwi,S\xea\xc0\xbe\x93\xf4[=\xa3p\xccC/\xa3\xa1m\x95\xabVP\xe26\x8a\xfe\x04\xf9\xe7\x1d[Z%\xf5\x83RZk0\x10A\x14q\xf6b\xe9]R\xa0\xe0\xff7\xda\xab~ .\xff\xd5\xb1\xb5V\x8e\xbb\x8d\xf0C\x8b<\xf3\xb8\x1d\xf5z\xf4o\x00\xa2\xd6Jn\xf6\xe6\xdaj\x1d=\x8e#Dp\x02n\xbfcf\xeb\xe3\xd8["\xde\x91\x08!\x1e,\x85\x86Z(G\x8d\xcf\xb3\x01s\xbb\x87r5"6\xc0\xbc\xbf\x82`\x03\x1c\x97,\x90\xad\x90S\xf3\xdb\xd0\xd9\x85\xbb\x92\x92E\x01\xd2\xf6\xad\xc3lfd\xd3\x9f\xc2\xad\x1fL\xc5\x9a\x18\x8dx\xa4iXv\xab\x08Le|-0\x04;\xc5\xdd\x85\xab*\xe7\xd2%\x1b\xe17c)(=\x00\xc3\xb8\x00\xa7rd\xf8g\xee\xe8\xff\xb6\x95\xf3\x19\xee\xd1\xc6\t\x00\xb6\xcd6j]\xc8"\'Z:=\xf6\xa3\xf0\x903\xdf\xb4E\x94(\xb8\x0c\xbf\x9f!]T\xb2\xb4qJ\tz\xd8x1H\x1e:\xe4\x04\xf0\xc8n$\x14\xf1\xf7\x03:\xbbxnT\xaf>\xff\x11$\xde\xe5\x13\x03\xa2\xe8\xff\xf84\xce\x8d\xf4%\xb1K\xb5\x04Q\xfaAR\x1e\xb6\x91\x11\x83P8K\xa5b\xc2X$\xaa\xf1\xdb\xe0\'\xa4\xda\x7f\x0b\x1a\xd9\xca\x1c]|\xe5\x1b\xc4\xac\xe6h(cR\xf7Db\xca!\xf9GV\xe2\x19\x1b\xf7\x92\x94\xb0+\x81\xe6\x92d\xec\r\xf5s\x9cJ\xd5\xe7\x9a&0>K\x17\xc0T\x07\x8f\x05\xafk\xbaW\r\xf9B\xbc\xac\r\xbe\t\x01\x0cE,k\xfaj\x90A\xdb\xf5\xd7\xf1\x06\x9d\xdb\x1d\xf3Vk\xa9\xf2k\\\xf4Ex\xbb\xacl\xa1\xd3\x8e\xf3\x9f\xcb\x86\xc9\x16\x9e\xac\xd5\xbdt\xd1\x94\x10j\xb9\xd8\xd9\xb3?F\xf2\xadm\xf9\x9f\xcb\xe4@\x0cFFP\x12\r/\xc1,\xb9\x82\xbf\xb7]\xffLLc\xe5\x16\x1c\xbeE\xe0\xc8=\xbf\x8fb^UC\xba\xe0\xe6Z7>\x86\xab\xd7u\xc1\xac*\xaf\x19v\t\xb5q*&\x82\xd9\x12g\x90\xb0\x19\xefN^Q\x8f\xf2S\xde\x89\\\x00L\xf2\x15\x12\x81\xbes\xdd\xec\n\x1f!\xa5\xa2\x85\xafJ\x8a\xf6d\xc9\xf4\xc0XY\xba\xdf\x1b\x8cp\xbc\x03\xb0\xe0\xab\x91\x7f\xb8\x13okS\x89\xec\xf6f!\x10Ho\x19\x06;\xbb\xa9\xc8yP \x04\x05\\\xd9\xfch\xb9\xa3I\xc5o\x1a/r24\xbcu\xa86\xb3}M\xdace/\x8f5\xcdD~\x8aR,<\xabV}\xb8\x96\x89\xb2\xdf\x83\x8f\x97\xa6N\xfd\xc4\xc5 \x85\xc4 \xb5[\x04\xdc\xb2w\xbb\xb4\x9e:\t-\xc6\x87Z,u\t\xcfy\x841\x9a#\xde\xfaO\xe3J\xb3N\xce\xd0,\xb4F\x08P\xa3\xbe\x97\xd559\xc0X\x15=\x9f/\xae\x05\x05\xd4I\xda\x15\xbeMs\'\xa7\xef\xfe\xbf5\x00+\x1bR\xf3}\xb6\xcb\xa3\\\xecfp\xd5\xd3]\x00\xfb^/i\xcf\x8c{\xff\xb6\x8c\xe0}\x92\x11\xc2\xfc\x08\xb81\xacAn\x90Qg\xfa9\xccW\xa6#q\x17\xe3\x0b\x95\xc3\x02\x07\x0b\'O%^n:\xa9a2\x96x\xabEU \xee\xc3\x0cK:\xad\xf3\xad\x8e\xf4\xb1\xaa\x14\xe3k-ep\xc2\xd9t\xac\xc4\xa7\'&MR\x08q\xf8\x80\xfc_\xe9\xd3M\xfc\xef\xaa\x9dRd\xfb\x8dt\xc9M\xc5/4\x98\x1c\xeb\xffW\x82\x84m}\xa0\xbe]\x95\xbe\xdb\x01r\xc2\x02\xf5(\x10\x84\x14\xea5Z\xe5j4+\x99\xf4A\x91{@\xc8\x9f\x1dq\x08J\xd2\x1bF<\x95\xc7\xff\xaf\xdcpe\xefxb\x8cbl*\xfb_\xf4P\xb1\xb3\x0c\xbb\xbd.\xea\x9a\xfd[\xaa\xb2\xcb\xbc\xd9)\x8faC8c\xe7\x9e\xb2\x95\xb8\xeb\xcb^\xee\xd6!\x02\xef$\rp\xd2W\x1a\x8a\xd3\xb9w+{%R\xef~\xfc\xc6F\xea\x96-\xaf\xb3\xbb\x89\xa8\xf8r\t=J\xa2\xf7\xb0\x86_k\x02\xd1\x81\x80%c6\xf66%\xbb/V\xb0\xbcQ\xdf+\x0f/\xf5"\x05\x17F\x91\x0c\xcc\xea\xfe\x0c\xff\xc2\x8f\\\xa9\'e3\x96t5\xfe\x02\x8dt\x02\xcc\xa7\xdf\xd0\xf2\xce\xfb\x02\x9c\xcb\xf320\xb7\x1a\x81\xea.\x13\x16F\x17O2\xab\xdf))\xd8\x0c\x01|\xac\xd8\xa9\xc93\xb0\x1b#P\xe9Y\xc9\xbc\x00\xdf\xc1\xb6\r\x91W\x96\xfa\x98\xa4\xd6Tw\t\x92w\x95\xf8\x86\x96\xb1t\xab#\x99;\x1d\x8b\xdfk\xdc\x17\x9c\xa1iU\xb7aj\x9c\xc9AUo\x11a\x8b\x82\xba\x1e\xac\xd1\x17Z6\xd5\xae\xa2\xebD\x1f^5|\x8f/\x8d\xdf\xb99\xea\x80/Q\xcf\x07\xcf\xf9\x98\xe2\xa7A\xd2a\xcf\x01\xc8\x05\xacd\xcd=(\n\x8d\x10\xea\n\x03\xd5\xa8\xb4\xbb\x03\xcc\x14\xd8`\xdc\xdf\xae\xb1$O\x9a\xa8\xb7\xf95X4X\r\x18\xb1\x8fl\'\x15P'
tbI624
I0
F0
tb.