# time 	 divergence 	 # of mutations 	 # IGC chances 	 IGC length 	 # IGC failures 	 Changes due to IGC  	 % change due to IGC 
0.0	0.108384458078	0	0	0	0	0	0.0
0.000910219294695	0.110429447853	1	0	0	0	0	0.0
0.00504405306896	0.112474437628	2	0	0	0	0	0.0
0.00620727288449	0.114519427403	3	0	0	0	0	0.0
0.00736087465191	0.116564417178	4	0	0	0	0	0.0
0.0091987475869	0.118609406953	5	0	0	0	0	0.0
0.0109670238464	0.116564417178	6	0	0	0	0	0.0
0.0130655033812	0.118609406953	7	0	0	0	0	0.0
0.0134239076654	0.120654396728	8	0	0	0	0	0.0
0.0153547628086	0.122699386503	9	0	0	0	0	0.0
0.0188309392708	0.124744376278	10	0	0	0	0	0.0
0.0232050257272	0.124744376278	11	0	0	0	0	0.0
0.0321310584415	0.126789366053	12	0	0	0	0	0.0
0.0326297861649	0.128834355828	13	0	0	0	0	0.0
0.0349531021046	0.128834355828	14	0	0	0	0	0.0
0.0374691112	0.126789366053	15	0	0	0	0	0.0
0.0401145538248	0.128834355828	16	0	0	0	0	0.0
0.0420720395388	0.130879345603	17	0	0	0	0	0.0
0.0542314251306	0.132924335378	18	0	0	0	0	0.0
