# time 	 divergence 	 # of mutations 	 # IGC chances 	 IGC length 	 # IGC failures 	 Changes due to IGC  	 % change due to IGC 
0.0	0.0122699386503	0	0	0	0	0	0.0
0.000169330664803	0.0143149284254	1	0	0	0	0	0.0
0.000523735634871	0.0163599182004	2	0	0	0	0	0.0
0.000946674369574	0.0184049079755	3	0	0	0	0	0.0
0.00136395368091	0.0204498977505	4	0	0	0	0	0.0
0.00175848981662	0.0204498977505	4	1	1	0	0	0.0
0.00213960521045	0.0204498977505	4	2	1	0	0	0.0
0.00266133256041	0.0224948875256	5	2	1	0	0	0.0
0.00455854621547	0.0245398773006	6	2	1	0	0	0.0
0.00569620080664	0.0245398773006	6	3	1	0	0	0.0
0.00571197586706	0.0245398773006	6	4	1	0	0	0.0
0.00691877361307	0.0265848670757	7	4	1	0	0	0.0
0.00855546148288	0.0286298568507	8	4	1	0	0	0.0
0.00891255174801	0.0286298568507	8	5	1	0	0	0.0
0.0128242667817	0.0306748466258	9	5	1	0	0	0.0
0.0131060948884	0.0306748466258	9	6	1	0	0	0.0
0.0137360033084	0.0327198364008	10	6	1	0	0	0.0
0.0191428110804	0.0327198364008	10	7	1	0	0	0.0
0.0201454066891	0.0347648261759	11	7	1	0	0	0.0
0.0203511284469	0.0368098159509	12	7	1	0	0	0.0
0.0223578859922	0.0368098159509	12	8	1	0	0	0.0
0.027544650286	0.0368098159509	12	9	1	0	0	0.0
0.0302292358076	0.0368098159509	12	10	1	0	0	0.0
0.0317089636598	0.0368098159509	12	11	1	0	0	0.0
0.0344194841905	0.038854805726	13	11	1	0	0	0.0
0.0352432634387	0.038854805726	13	12	1	0	0	0.0
0.0368555055751	0.038854805726	13	13	1	0	0	0.0
0.0381307222146	0.038854805726	13	14	1	0	0	0.0
0.0401344147074	0.038854805726	13	15	1	0	0	0.0
0.0411005547745	0.040899795501	14	15	1	0	0	0.0
0.0413737293982	0.0429447852761	15	15	1	0	0	0.0
0.0427755414989	0.0429447852761	15	16	1	0	0	0.0
0.0439722563884	0.0429447852761	15	17	1	0	0	0.0
0.0450571592564	0.0429447852761	15	18	1	0	0	0.0
0.0457577109608	0.0449897750511	16	18	1	0	0	0.0
0.0460248549917	0.0449897750511	16	19	1	0	0	0.0
0.047451500605	0.0429447852761	16	20	1	0	1	0.0588235294118
0.0489577145632	0.0449897750511	17	20	1	0	1	0.0555555555556
0.0494060403388	0.0449897750511	17	21	1	0	1	0.0555555555556
0.050130487158	0.0470347648262	18	21	1	0	1	0.0526315789474
0.0514960558415	0.0490797546012	19	21	1	0	1	0.05
0.0548811307165	0.0490797546012	19	22	1	0	1	0.05
0.0556095131413	0.0490797546012	19	23	1	0	1	0.05
0.0606952890656	0.0490797546012	19	24	1	0	1	0.05
0.0609850577732	0.0490797546012	19	25	1	0	1	0.05
0.0633607168442	0.0511247443763	20	25	1	0	1	0.047619047619
0.0634649709768	0.0531697341513	21	25	1	0	1	0.0454545454545
0.0648898185977	0.0552147239264	22	25	1	0	1	0.0434782608696
0.0657287257374	0.0552147239264	22	26	1	0	1	0.0434782608696
0.0684852767182	0.0552147239264	22	27	1	0	1	0.0434782608696
0.0687954978394	0.0572597137014	23	27	1	0	1	0.0416666666667
0.0691690148477	0.0593047034765	24	27	1	0	1	0.04
0.0697839778981	0.0613496932515	25	27	1	0	1	0.0384615384615
0.0700920789393	0.0633946830266	26	27	1	0	1	0.037037037037
0.070340004944	0.0654396728016	27	27	1	0	1	0.0357142857143
0.0740281188142	0.0674846625767	28	27	1	0	1	0.0344827586207
0.0744597626046	0.0674846625767	28	28	1	0	1	0.0344827586207
0.0756907934513	0.0674846625767	28	29	1	0	1	0.0344827586207
0.0771966592935	0.0674846625767	28	30	1	0	1	0.0344827586207
0.0782191821971	0.0674846625767	28	31	1	0	1	0.0344827586207
0.0797441563048	0.0674846625767	28	32	1	0	1	0.0344827586207
0.0800456714558	0.0674846625767	28	33	1	0	1	0.0344827586207
0.0810622756006	0.0674846625767	28	34	1	0	1	0.0344827586207
0.0812143321821	0.0654396728016	29	34	1	0	1	0.0333333333333
0.0826845342331	0.0674846625767	30	34	1	0	1	0.0322580645161
0.0849314776618	0.0674846625767	30	35	1	0	1	0.0322580645161
0.0877195220972	0.0695296523517	31	35	1	0	1	0.03125
0.0879503287756	0.0695296523517	31	36	1	0	1	0.03125
0.088149672317	0.0695296523517	31	37	1	0	1	0.03125
0.0957226243823	0.0715746421268	32	37	1	0	1	0.030303030303
0.0960543571113	0.0715746421268	32	38	1	0	1	0.030303030303
0.0978264882083	0.0736196319018	33	38	1	0	1	0.0294117647059
0.097944814252	0.0736196319018	33	39	1	0	1	0.0294117647059
0.0982512713983	0.0736196319018	33	40	1	0	1	0.0294117647059
0.0984284529358	0.0736196319018	33	41	1	0	1	0.0294117647059
0.0993753553369	0.0715746421268	34	41	1	0	1	0.0285714285714
0.0999602685235	0.0715746421268	34	42	1	0	1	0.0285714285714
0.100566014032	0.0715746421268	35	42	1	0	1	0.0277777777778
0.100659092898	0.0695296523517	36	42	1	0	1	0.027027027027
0.102587056167	0.0715746421268	37	42	1	0	1	0.0263157894737
0.102633733891	0.0715746421268	37	43	1	0	1	0.0263157894737
0.103181087276	0.0736196319018	38	43	1	0	1	0.025641025641
0.106997009434	0.0756646216769	39	43	1	0	1	0.025
0.108751960016	0.0756646216769	39	44	1	0	1	0.025
0.108849232923	0.0736196319018	39	45	1	0	2	0.0487804878049
0.115525583325	0.0736196319018	39	46	1	0	2	0.0487804878049
0.116930963908	0.0756646216769	40	46	1	0	2	0.047619047619
0.119265263689	0.0736196319018	41	46	1	0	2	0.046511627907
0.119755534906	0.0736196319018	41	47	1	0	2	0.046511627907
0.122241067992	0.0715746421268	41	48	1	0	3	0.0681818181818
0.122255013537	0.0736196319018	42	48	1	0	3	0.0666666666667
0.124265658701	0.0715746421268	43	48	1	0	3	0.0652173913043
0.1242829913	0.0736196319018	44	48	1	0	3	0.063829787234
0.128222558674	0.0756646216769	45	48	1	0	3	0.0625
0.130412247555	0.0736196319018	46	48	1	0	3	0.0612244897959
0.131316253836	0.0715746421268	47	48	1	0	3	0.06
0.132628820742	0.0715746421268	47	49	1	0	3	0.06
0.133260704643	0.0715746421268	47	50	1	0	3	0.06
0.133668882737	0.0736196319018	48	50	1	0	3	0.0588235294118
0.135929027995	0.0756646216769	49	50	1	0	3	0.0576923076923
0.136419595336	0.0736196319018	50	50	1	0	3	0.0566037735849
0.137516250748	0.0736196319018	50	51	1	0	3	0.0566037735849
0.138952247928	0.0736196319018	50	52	1	0	3	0.0566037735849
0.142053914848	0.0715746421268	51	52	1	0	3	0.0555555555556
0.143449956227	0.0736196319018	52	52	1	0	3	0.0545454545455
0.14470052149	0.0736196319018	52	53	1	0	3	0.0545454545455
0.144976409883	0.0756646216769	53	53	1	0	3	0.0535714285714
0.145273584363	0.0777096114519	54	53	1	0	3	0.0526315789474
0.14601521641	0.0777096114519	54	54	1	0	3	0.0526315789474
0.146299188905	0.0777096114519	54	55	1	0	3	0.0526315789474
0.146364575093	0.0756646216769	54	56	1	0	4	0.0689655172414
0.148680946315	0.0756646216769	55	56	1	0	4	0.0677966101695
0.149125053462	0.0756646216769	55	57	1	0	4	0.0677966101695
0.149965415163	0.0777096114519	56	57	1	0	4	0.0666666666667
0.151017424132	0.0777096114519	56	58	1	0	4	0.0666666666667
0.155922114802	0.0777096114519	56	59	1	0	4	0.0666666666667
0.156902450619	0.079754601227	57	59	1	0	4	0.0655737704918
0.160420535756	0.081799591002	58	59	1	0	4	0.0645161290323
0.160696460258	0.0838445807771	59	59	1	0	4	0.0634920634921
0.16128278545	0.0858895705521	60	59	1	0	4	0.0625
0.162005811036	0.0858895705521	60	60	1	0	4	0.0625
0.162471230498	0.0879345603272	61	60	1	0	4	0.0615384615385
0.163615340692	0.0879345603272	61	61	1	0	4	0.0615384615385
0.163988717039	0.0899795501022	62	61	1	0	4	0.0606060606061
0.16431367485	0.0899795501022	62	62	1	0	4	0.0606060606061
0.165800226853	0.0899795501022	62	63	1	0	4	0.0606060606061
0.165879170752	0.0899795501022	62	64	1	0	4	0.0606060606061
0.166377309768	0.0899795501022	62	65	1	0	4	0.0606060606061
0.170805052271	0.0920245398773	63	65	1	0	4	0.0597014925373
