# time 	 divergence 	 # of mutations 	 # IGC chances 	 IGC length 	 # IGC failures 	 Changes due to IGC  	 % change due to IGC 
0.0	0.0102249488753	0	0	0	0	0	0.0
0.00942090838467	0.0122699386503	1	0	0	0	0	0.0
0.0127544959618	0.0143149284254	2	0	0	0	0	0.0
0.0139557596499	0.0163599182004	3	0	0	0	0	0.0
0.0152639819531	0.0184049079755	4	0	0	0	0	0.0
0.0224255127081	0.0204498977505	5	0	0	0	0	0.0
0.0229770532898	0.0224948875256	6	0	0	0	0	0.0
0.0302617989379	0.0245398773006	7	0	0	0	0	0.0
0.0312540283354	0.0265848670757	8	0	0	0	0	0.0
0.0316082431791	0.0286298568507	9	0	0	0	0	0.0
0.032860707503	0.0306748466258	10	0	0	0	0	0.0
0.0368452862899	0.0327198364008	11	0	0	0	0	0.0
0.0430671564857	0.0347648261759	12	0	0	0	0	0.0
0.0484084628937	0.0347648261759	12	1	9	0	0	0.0
0.0494579457304	0.0368098159509	13	1	9	0	0	0.0
0.0495498501682	0.038854805726	14	1	9	0	0	0.0
0.0500487425046	0.040899795501	15	1	9	0	0	0.0
0.0528162822596	0.0347648261759	15	2	85	0	3	0.166666666667
0.0537476663357	0.0368098159509	16	2	85	0	3	0.157894736842
0.0596946477169	0.0368098159509	17	2	85	0	3	0.15
0.0679900513748	0.038854805726	18	2	85	0	3	0.142857142857
0.0689720213762	0.040899795501	19	2	85	0	3	0.136363636364
0.070128780622	0.0429447852761	20	2	85	0	3	0.130434782609
0.0727712637095	0.0449897750511	21	2	85	0	3	0.125
0.0808157500625	0.0429447852761	22	2	85	0	3	0.12
0.0890734754405	0.0449897750511	23	2	85	0	3	0.115384615385
0.0917574305364	0.0470347648262	24	2	85	0	3	0.111111111111
0.0918412780942	0.0490797546012	25	2	85	0	3	0.107142857143
0.0948469368304	0.0511247443763	26	2	85	0	3	0.103448275862
0.0987996872766	0.0531697341513	27	2	85	0	3	0.1
0.101303299859	0.0552147239264	28	2	85	0	3	0.0967741935484
0.110327539944	0.0572597137014	29	2	85	0	3	0.09375
0.112325687678	0.0593047034765	30	2	85	0	3	0.0909090909091
0.115534884538	0.0613496932515	31	2	85	0	3	0.0882352941176
0.118567387784	0.0633946830266	32	2	85	0	3	0.0857142857143
0.122024358361	0.0654396728016	33	2	85	0	3	0.0833333333333
0.126576200121	0.0674846625767	34	2	85	0	3	0.0810810810811
0.130078511225	0.0695296523517	35	2	85	0	3	0.0789473684211
0.138117399542	0.0715746421268	36	2	85	0	3	0.0769230769231
0.146159810142	0.0736196319018	37	2	85	0	3	0.075
0.151752536868	0.0756646216769	38	2	85	0	3	0.0731707317073
0.153176534595	0.0777096114519	39	2	85	0	3	0.0714285714286
0.155868789102	0.079754601227	40	2	85	0	3	0.0697674418605
0.158242079953	0.081799591002	41	2	85	0	3	0.0681818181818
0.159315699952	0.0838445807771	42	2	85	0	3	0.0666666666667
0.159393514431	0.081799591002	43	2	85	0	3	0.0652173913043
0.159698461275	0.0838445807771	44	2	85	0	3	0.063829787234
0.15993081998	0.0858895705521	45	2	85	0	3	0.0625
0.160230598046	0.0879345603272	46	2	85	0	3	0.0612244897959
0.164894897251	0.0858895705521	47	2	85	0	3	0.06
0.16616040714	0.0838445807771	48	2	85	0	3	0.0588235294118
0.166429953561	0.0858895705521	49	2	85	0	3	0.0576923076923
0.169049052359	0.0879345603272	50	2	85	0	3	0.0566037735849
0.186032483151	0.0899795501022	51	2	85	0	3	0.0555555555556
0.186811210195	0.0879345603272	52	2	85	0	3	0.0545454545455
0.192536825389	0.0858895705521	53	2	85	0	3	0.0535714285714
0.194264646753	0.0879345603272	54	2	85	0	3	0.0526315789474
0.195328820559	0.0899795501022	55	2	85	0	3	0.051724137931
0.196568371014	0.0920245398773	56	2	85	0	3	0.0508474576271
0.196728308613	0.0899795501022	57	2	85	0	3	0.05
0.197270051488	0.0899795501022	58	2	85	0	3	0.0491803278689
0.199223265894	0.0920245398773	59	2	85	0	3	0.0483870967742
0.199959368666	0.0940695296524	60	2	85	0	3	0.047619047619
0.20671537239	0.0961145194274	61	2	85	0	3	0.046875
