cnumpy.random
__RandomState_ctor
p1
(tRp2
(S'MT19937'
p3
cnumpy.core.multiarray
_reconstruct
p4
(cnumpy
ndarray
p5
(I0
tS'b'
tRp6
(I1
(I624
tcnumpy
dtype
p7
(S'u4'
I0
I1
tRp8
(I3
S'<'
NNNI-1
I-1
I0
tbI00
S'EI\xba\x8b\xd4af\x81u\xe9\xcc\xc7{\'#\x8d\xbe/\x13\xde\x15\x9b%Z\xfe\xc9\xd7\x85$\xb9\x84U\x06;\xe6\xfd\xb1\xc8\x1c\x87\xd8\x0c+\xbe\x00h\xd4\x16\x85\xe1\xce\xbb\x91\x00\xc5\xcc\x12\t\xf2zDfz\t!Z\xf5t\x0f\xc3Pf.\xb8\x90>n>9\xe9\x11\xa0C\x02\xc0K)DK\xae\xe2\x1a\xa3\xe0\x93\xb9\xa4\x95Al|\xbf\x0e\x03R\x14\x86\xe2\xb8\x05V\x1e]L1\xa51\xfc\x08Jg_\xb6ya\xe4#~\x01\x1c\x15\x0c\xadk\xf2#\x85\x1f\xdcd\x95OE\x1cO\'\xd6[\x12\xd9\x85\xe8\xf9yf\x9f0\x1f\'\xf7C\xb0OZ5\\\'\xff\x00\x92+\xb7\x0cD\xe6H\x9dS\xce\xb3\x18\x8d\x90\x920\xcf\xf5\x93qP\xd8M0\x1bu4\x8b\xf7\xecS\xc2\xe2~\x0f\xc2\xf7\xc9B>;`\xe7\x81\xca\xdbL\xf1u\x84\xf5\xd1\x96q\x8e\xa5\x995\x8b\x8e\x9b\x14b\xf01\x8d\xd2\xc3\x05_\xfbpE\x8e\xff\x12Dfv\xad\xc0\x01\x9e\x8f\xee\xf3-\x150\x0cH61\x80;\x9af,5\xdaH\xf8G\x02\xe8\xa1\xfc\xee)\x03\xc74\xdf\x87\x07\rY\xe6q\x19\xfe\x8d[\x8d\xf2\xf8\xa8\xd7\xe2\xfabZ^\xbdU%\xab\xfe\x0f\xfaO\xb6\x02% \xaaY\xd4R\x0c\x88#e\x14~/\xe0\x85[\xb2L\xc9\xe6\x88H\xee\r\xe1+\\7\xa8\xcaW\xd8\xde\xa2\x9c\xbe\x86$C\xdfnJ\x92\xd0l\x07\x84\x02\xec\x8b\xbc|\xb2X\'\x84\x8e\xecl\xe1\xde5\xb2\xa9\xdd\xe5\x04\xe9\xc6\x1c\x9aQ1y\x85\x06\xe9k\x1er\xf7\xf7yr\xb3|\xfb\xecrh\x8d\x1b\xd7e3\x8d\x14L(\x07u\xbb\xda<\xc3\xd9\xbd\xb1&w\xc7\xa0{\xd4\x0b\xa2l;\x05<p\xcb\xdd!\xaa\xeb\xfc\x923;\x83\x16\x1f\xb5K\xa0\xe6\x99\x0c#\xefa\xdap\xab\x8e\x06\xf2\xbc^\x84:\x9cH\x0f\x01U\xbd\xb6u\x9asN\xa0\x01\xdb\x8eW\xd8\xb1\x82\x05\x19(\xee\xb8\xa6\xb8\xd7\x8dg\x1ci\xe3\xa4d\x1e\xff|\xff\x84\xabf\xdeT!q\x00\x1f\xaa\xabR9\x165\x88%<\xde\xa3\xb34\x9e\xfb\xc7MK-\x94p\xff\xee\xe2\xf2 \x91\xfa){\xa4H\x83;*\r]\xc8\xc6\xf7\xd2\x15\xde\xb9];\xcd$\x14\r#\xb0\xca\xf7\x10\x86\xae\xfa1~\xcc\xdeKI\x9d+[\x96\xc7\xa9PU\x06B\xa5wX\x05\xfd\x82=(S\xffx^hB"hdX\x1b}\x1a\x8a\x1b\x0b^\xe1\xd4\xad\x8d\x12\xc1`\xc0\x00sY\xe7!>\xdd\x81\xed\x00\x9cU\xe9F\xd2=FZ\xdd7J$\xd10\xb7e][\x0f\xc7\xd4Z\x1b\x1e\x90y!2\xeb\x80\x0b\t\xeaa\xe15\x82Z\xe5\xeb\x9c\xc9\xc2K\x89\xd4{&\x0e\x1b6)]\x82\x19\x9a\xfb\x81\xae\xc5l\xc03>p\x7f\x01\x90\x8f\x03@\xf5\x9bMb\xfe7\x9b\xe8\xbc#\x08\x8cNWy\xaa\xfa,\xee\x1f)\xb5\xa1(\xea\x0fma\x14\xd7\xda\xa4\xe9ltr\xf5rO\x13c@I\x8b\xf20\xbe\xf4\\\xcc\x82\xa1{\'\xbb\x9bl*\xee#0)\n\x92\xf5\x1a\xe2\xfe\xfd{\xbc%k\x8c\xe88\x81\x95\x8a\xd5\x1b\xbe~\xa2\\t\xb837a-\xe7\xe7\xb8Q\x0f\x1b\xb92\xc6\x84\x124\xa4\xe5\xa9T\xee\xbcG\xf4\x91-\xce\xa3!\xa5Qy\xd3sI w\xbe\xf0\xdf\xea\xf2\x010\x1cN\x16\xa2\x8b\xe7\x90\xbf\x1e\x9bs\xe38\xeb\x13\x86\xa8\xcf#\n;I\xeb\xec#\xd8F\xb1\xb7o\x17\x10\x99)\xcc\xf7^\xd4/\x9f\x7f\xad\xcce\xcf\xc8\xd3XC\xc8\xd3\xfcX\x10\x91\x1cD\t(\xb0\xf8\x1eyG1N\x99\xeen\xea\x0cD\xbf\xe9\xfb\xaf\xef\x81\xf6\x056\xca1x$9\xf8\xa0@2\xd9\x7f\xfeRI\xf7i\xab\xd2\xfe\x18\x9cs\x96w\x0e7&F\x1f\xef\x89\xf6"J\xc4\x0eg\x06\x100$\xaef\xf6c\x9d2\xb0\x88\x1e\xb2Eu\x14&\x1c\x0e\x97{\xe7\xccA\xbf?\xd1\r\xd4\x9f<Zpj\xb9\xe41\x16w\xa3\xc6\xf9q\xc5\x9b\x19\xc0\x82\xe8\x96\xd3v\xdb|\x7f\xce\x7f\x99\x00\xb5\xc2\xcf\x925\xf92T\xe0\xfe8\xf0+Lo\xb3/*B\x97\x91\x91\xd5\xf72\x0b\x82;\x169}\x8ea\x08\x92\x12\xb3\xdc\xf9\xe4 b\xdf\xce\x89\x8f\xbf\xb3\xe2\xcf\'}\x085\xf0\xdc&V?\xa0\xb6-k\xd2\x1d\xcd\xb4\x1bD(\xa3\xa9\xc4\xad\x96t\xa6>6\xff\x13\xc1DS\xe1{\x93\xb4\xf2i\xda\xd7a\xaf\xac-n\xa9\xdc\xa2\xa17\x8b\x8b\xc0\xa1\x85J?@CK\xc7\x98\xe9\x97N\x03\xd5z\x86L\x99\x88wW|\x9caf\xe2]\x1c\xde\xf8\x8el\t\xb4\x98\xf3/[\x84\xe3\xf4\xb1Q\xdb\x97u\xe8x\xb1\x01\x87\x9ahg\xcc\xb4\x19\x1e{\x16\x02\x10\xd9\x8f%\x8eQ8\x84\xa6\xe0\x9eL\xa7{?\xdd\xa6\xdfe\xa8\x18\x01\xb7B\nb\xc1\xf1J\xdeA)\x97q\xafv\xb7\xe2_\xbbF\x05?m\x8eh\xb15\xc6\x95\x8e)\xa2X\xf4\r\xa6\x17u\xc5hQ3Cu\xda\x04n\xc6\x86>\x04\xce)\xf2\xdd\xf1\xe8\x94\x8e%o\xa95\xc3\xf9~\x05\xbe\xb0\x01\x9bwr\xe9\xbb\xe5\x81]\xa9\xecUq:\xb7y\x16\xb9z6\xed\x14C!\xa7\x91\x07\xce\xca;Z\xbb|\x1c\x86\xdb\xc1{\xd3_m\x83J\x8d\xeeT;\xe7\xa3\xfb\xf1\x91\x90,Y\x90f\xba\x82\x16\x06-#U\xd4\xfeN\xb1\x94\xd8\xab\xc6\x8f\xe1\x19ap\x13\x9e\xc5\x15\xa6\xef{M\x84\x02\x84\xd4\xe9\xd6\xb7\xc2\xfe\xb9\xf3\x80\xc2\xe4J\x1b\xd4\xdd%\xfd\xddQ:\x8a\xd3\xd3@+j.\xe5\xde\x9d\xc0\xf5\xca\x15\xf1T\xa3\xde\xcd\x1a\xf3\xdb2\\\xf1\xe6\xbb\x14\xbbv\x0c\x85S\x9f\x9eB\xd8\x9c\xf510\x0c\xf0<\xe6\xe9u\x18[\xd332\xa9h\xb4\x8c\x0c\x85\x8d4\xdaJ\xbf\xe9n\xd2_\x07`\x8a\xf3\xaeL\xa7i0\xa1\xeb\xaalZY\t\xaa\xa3\x87b\xc5u\xfdv\x05.\x82\x19V\x0b\xf2\xbcC,*\xb5\x99\xf2\xb3^H\xd6Gx\x7f\x8c\xfe\x06w\xe5\x9c\x04\xab^3\x1aU\xd0\xdbq%0,\xfd\xc9r8E\x0eYjB\x1b#]\x8a\x1d\xb3\x08\x11\x97j$\xcb\x08l\xafI\xfa\xe4\x86\x03\x8e\xb9(e\x9eWy\x94W\xdc\x88[\xc2\x1c\x02h_\xd2\x95Z\xd8\xf2\xea\xfa\xa5l/SE\x16\x1eI\xbe-\x9b_\x87\xf1\x1e8\xb6n\r5\x0b\x11\x01rXUh\xf1X\xc9\x87\xa5\xeb\x03\x96\x05-\xaf[\xcd6\x90)R\xc98\xa6#\xda\x18\'\xc0M1HC\x80\x1b\x02W\xd5\xb0\xb9E<x\xf51\x88\x9b\x95\xf7\xfdm8\x97\x94\xeb\xd6\xd2\xa2\xab\x14\xc4\xe8\xc9[\'\x06\xe1\xb6\xe9l\xf3Mx\x9c"\xbd\xb6\x16\xaf\xda\xea\x0fG\xf3\x86\xaa\xdb\xa9\x86\x83\x19 D\x8f%\xe7#\xbe\x9c\xc4\x10\xaa(>m3\xee\t\xc4\x17\xc3R\xecq^\xdcK\x83Q\xa5\r\x8dp\x1a\x02\x81$F5;UJ\xeay\x87\x82b\x8e\xd0\xbb\x91\xb0f;\xb1\n\xb8|\xc6\x9e5\xa4\x8a3E\x7fD\xe6*\xf5\xca\xf5Ba\xde<J\xb9<@\x13jP\t\xc5t%E\x1b\xaaS\xcaU\x08\x0c\xd1ot\x97\x11.i\xee\x1d\xf7\xacQ\x88\xa3:\xa2N-A\xfe.\xcc\xe9\xad\xa1+\xd6\n\xba4xaa\x8f\x9e[z\x9d\x96%<\xa3\xdb\x97\xfePh`6\xbc\xd4L?\xe3\xf0_!\x95\x9e\xc7W\x16\xc8|1Me\x7f\xd8R\x12\xdd/\xa1\x14\xe8\xc8 \x86\x0c\xa1^\xc6\xc7\xca\xb9-\x80\x80X\xb5\xc4W\xd6;\xf3\xa8*\xe7\xd0\x80/1\xa5\xc7|o\x9aC\x17b\x15g\x06(\x12:\xa1\xb4\xe3t\xcc$\xc1\xdd\\\xf9\xa9\xffw|\xc4\xa1\xcbdO\x13\xc55\xcas\xb3\x0b\xc5^\xff#\xca\x02\xf2\tE\xb9M\xc0Q\xc6sdA\xefE\xd4\xdc\x7fk\x8a\x18\xda\x87\xac\x80\xc3g\x82\xa9\x1c\xce\x92s}J\xd2\x83\xa3e\xcd\xb1\xd0\xb95rB8XO\xba\xe7\xd1\x93M}\xc5\x89j\xd2\x8f\x13\xb2\xfa\xd4X\xaa,\xcf\xd9$\x8c\x1f2\xb9H~\xba\xa4$\x85\xe3\x1a\xf4\x02\x1b\xcas]\xe1\\F\x1e\t\xda\x9b\x9d3\xf6O\xbf\xbf\x87)\x03\xe9,\x82\x00\x02\xaf\x85G.\xa4J\xb5&\xfe\xcdX\xbc>((\xe9l\xec\x1aZP\xd2~\xb5\xb2k\xb2(\xfb\x1ek\x03]bp\xfe\xf8\xc2A\xd5k\x94]d\x052bP\xb5\x14I"S\xa7=N"\xc9\xf9jk\x19DJB\xed\x16\x1e\x85\xec\x057d\x95\x95\x00\xe3\x0f\xd9t=\xfe\xbagw\x9c\xde\xd7s\xd5Ct\x0e\x05\x8b\xb2j\x1bHC_\x03O\x0f\x1301\xc9\x1e\xb7\xa1\xc27)\xff\xbd1\xb3T\xe7\x8b~\x84\xc6\x14\xe2\x94\xcaT\xcf\xa7o\xf6\xd3\xa8l\n\xfcp\xe2\xbd\xe2>\xf8\xf6\xf0#\xcd.\xf8\xda\x935\xaa=as\x01\x89Z\xd6\x07\x1fAU_+I\xe0\x96\xb4@\xc2\x06W\xc5iQ\xb1R\xddy\xdby\xda(\xd9\x072^q@#\xf1\x00%NN\xcd\xd7\xf2\xc6I\xf2!\x86\x80\xd5\xccS\x97M\xc8Tk\xa0\xf0\xf2\x1a\xa0\xca\x0b\x11M\xbaL\xde\x9e\xd6dmc\xb8,\xb51\xfb\xed\xdf\xe8\xdc\x99lzz\xc5\xbdy\xe0\x14\xf6On\xee{ \xd7\x03-\xee\x13\xe6\x8cZGH]\x9f\xbd\x08(\xb6\x8fz\x93z\x07h\x95\x88\xfc\'\xa1\x90\x8b\xc8O\x17\x8a\x97t\xc4%_\xaa:\xa6\xe8\xb84Op\x92\xb05F\x1f\x0c\x835\xd2\x116\xf2&^i&w\xaa\xf5\xfa\xaa\xf5<S\\l\x9f\x9f\xed(\xacB\x12\xd8\x80\xe8g\x94U\x94\r\x83;\xe9\xdf\x00\xdc\xdc\xa8\x10\xfd?\x8f\x14\xfa\xf6&<\xa6\xc0\x82!\x1fa\xbb\xaa\x11\xf5\x1d\x02CH\xfa\x83\x12\x1f\xc3\x95\x91rB\xd9\xebtS\x0f\xb5\xe1\xa0\x86\xcb \xc7\xee$LJ\xfb\xbb`HJ\xea\xa1\xca\x19\xa6,\x90\xf7v\x1c\x12\xa1+.Ak.6\x8d\x07\x02\x90\xd8Z\xaf\xecC\xe8\xd0\xf3b3z\x97\x9d\xd5r,\x944\xd1\x99\xad2\xf7\x93]}\xaa\xaf\x02\xaa\xac\xef{\x93\x93\xa6G\xf2D\xd0\x13\xb1\x0f\xcc\x9eE\x8d\xe3u\xffh'
tbI624
I0
F0
tb.