cnumpy.random
__RandomState_ctor
p1
(tRp2
(S'MT19937'
p3
cnumpy.core.multiarray
_reconstruct
p4
(cnumpy
ndarray
p5
(I0
tS'b'
tRp6
(I1
(I624
tcnumpy
dtype
p7
(S'u4'
I0
I1
tRp8
(I3
S'<'
NNNI-1
I-1
I0
tbI00
S')\xc3\xae\x96|+\xfc^\x8e/\xd3k\xfc{d\xdd1R\x1aC_\xc7\x95\xc2%\x86\xdc|\xef\xdd\xd6h\x11\x8d\x87\xafw\x9e\x1aX\xc8\xe8\xc92zK`\xe9=\x00\x1d\x0cp?l\xc3\x1f\xd3\xa2j)\xf0\xa8\x06\x0eOQ\x8a\x04\x12\x04[\xa9\x06\xf8A\xfa\xe5!\xde\xe8zy\x9beE\x18\x9c\xe23\xf2\xda\xd4\xcc\x7fX\x19\xb4\x18\nA\x8e\x90\xae\xb3\x04\x19v\xdc\x93\xc0*l7!\tk\x8d\xca\xe9\xbc\xe2d\xfb\x1e\xce\x9ei\xf5\xabW\x8c)\x13".\x97"\xdd`\xdc1f\x8d\\\x98\xb5\xeax\xfcv%\xe5N\x19L!z\xed\xa7l\xf2\x07v -\xf3\xaa\xf2-\xbdH\xc3\xbf2\xee\xaf\xc5\xddr\xf3\xfe\xac\x17@\x9378\xa6]\x16\xd7}ea3\x9a\xd0\x0c\xb8\xd2P>d\x11pg%$\xf0\x83wi\xef\xf5\xc6\xb1\xce\xc6\x19pRA\xbf\x0b\x05\x96\x01E\xa4\xe2\x9f\n8y\x1f\xc7\xf6\xd1\xfa\xbd\xae\xb2\xbay\xdf\x87\x01\x0e2\xb3\xf3\x9c\x05\xcd\xdb\xe7F/\xa2\xa4\x8e+\x0cS)_\xf2\xe0\x9b\x16r\xd2n\x90j\xe2@w\xd0\x1d\xabc3\xe3c\xa8\xd4\xa4\xc9\xc2\x85=\x90I\xec\xa1\xad\xcf\x13\x1c\xaf\xd8\x03\x9b\x1b\x0b\x00\x81\x9b\xca\xed\xa5\xad\x14A\xc1\xfe\\\xda\xe7REzi,n\xb9.r4F\xb9\xc2i\xdfyj\x06\xe5\xab\xd3\xe9yJx\x85\x90\x0c\xf2Z%\xd2\x8f\xd7k\x17!K\xdcc\x80\x1f\xcc\xf1\x92\xd8I\xe4\xc3DTu\x02z\xc2\xa3f\x19\xc8\x89\xb1\xaa\xf7\x028\xe7\xb4.\xe5\x0b\x11\xf5\xc9\x14\xe1\x82\xa6\xd8\xaf`\xfbft\xf1\xa1\x89\x8dX\xce\x1coY\xe8o\xd2\xa9:\xeae\x80\xcc\x15\xb0\x06T\x11\xb2\x9f\x88psZ\x0bu\x8e\x1c\xf8\x87\x12_\xdb\xceq|\x05,k\x91)B\xf48\xb6jY\x80\x050\x12\xb8\x8c^n\x16\xda6\x17(&\xd8d\xf2\xa7\xd0\xbd;\xdf\xf3|\xd0$\x010\x85\x04\xe1\x83\x1f%g\xf3\xebJ\x15E\x8d\xd8dA\x14\x89\x90\xa3Z\x90\xccu\xe0\x9a\xf0\xeb3)\x06\x9b\x8e\x08\xbe\xf3\xabu\x19!\xf0\xeb\xa4\xa6\xfd0\xe1\xab\xcf\xa9\xcd\x96\xac-\x85\xd9}F\xafb\xa5P\xf3?6\x1b\x06\xd3\x13\xb6\x01\x81j\xe3\xae7\x84\x88\xfc\x0f)\xf2 T\xc5\xe24\xc3\xc9.7fqSd\xa5\x18\t\'\xd6\xea\x97\xef\x14\x0ct\xbc\xfe5\x1f\xe1\xaf.\x95\xf4\x02r\x81y4s\xf3\xac\x9a\xef\x93\xfb\x01 \xe7I\x14;u\xf4}\xda,\x01\xcd\xe7\x8b+c\x05`\xd5\xc3\x14\x04\xd8\x1c\xa1Rs>1\xe6\x9b\xf7j\x90w\xf6\'\xe2\xaa\x9a\xa5\xc6\xe5k\x99A]\x1a\xcf\xcd\x1e\xde\x98f\xf8\xd3f\xe0\xac\xce*)\x1d\x96\x99:\xeb\x1e\xc6\xfb\xae+\xc3/|\xf6\x1djM\xb9y\x19\x9dO#\xd7\xa51<E\x86\xf2I\xdd\xba\xb5\x15\xa3\xff\xad\xe8\x01\xcbF\xeb}\xa7 \xc0\xfa\xd5\xd5\xf96\x91\xb2d\x8cs\xe1\x9a\x9cM\xec\xeb\xadh!K{\xa2F=\x8d.0\xfeY^\xa3\xf0`\x94b\x9eI\x80\xaa,\xde\xc4\xbe\xdc\xbe.\xff[cUv\xcf\xd6\xd7\x92\xf2w\xcdu\x0f\xf0\xae\x12\xb3\x84\x86\xf2\xd5d\x18\xc0\xc2!\xe5\xb7\xf2N&G\xb3\xe4%\xcb0\xcb\x05K\x0c[\xdf\xcf\xea\xcdm\xc3fh\x07\x88cR\xdb\x92\xed\xc5P6\\\x9c\x8d\xc5|Y\x83\xbc9(\x8c\xfc\xc8\xc6\xc6\xb3w\xca\xa9\x19r\x9bh6l\xea|~\t\xf3\xe8\x03@\x03e[\x11\x13l\xce\xa0{\xb4\xfcu\x91\x94\xd41\xe0Cd%\xd6\x81Z\xbd\xecZ\xb4j\x0f\n\x9a>$),\xfe\x1bN\xf1\x99B\xca\xeeE\xc4\xc1\xfe\x89\x87\x93\x81\x17~\xbf\xc7\x8ap1\x0e\xdc+\xf4k\xea\xe7\x93q\x96\xbf\xb8\x16i\x96oC\xbc\x08c(Lz\x15\xb1V\xa2)\x16a\xac\xf1E\xce\xe8\xcd\x16\xdb\xa19\xa7\xa4\xf8\x92\x84(\xc8\x0c\xf8\xf1\xa8\x19\xc8\x7f\xe2<b\x9b\xbb\xc1\xce\';\xae\x1a\xe3\xf1\x91\x14\x95\x86\\\xba\x10\x1e\xb4\xf6gL\x02\x88\xd4F\xf99\x08<n\x93\xfc\x14\xdd\xf8\xa1c\xcc)9]z\xd5y\xaf\x14\xe2\xaf5\x01i1~\xc1S7\xc4\n\xf9\xaa\x91\xd4\x83\x81\x0fx/\xe1\xdbI&;\xcc\xef\r\xd2\xbe\xc0;J-ox\xfc\x94\xcf\xe4g\xb1\x1eS\xa6\xf4\xd9\xa6\xb7\xa3\x83\'\x8e!\xb4<K\x82B\xdf\xc4\xb1}\x0f\xa9\xfa\x9cc\x87#cr\xacC\x1b\x07\xdf\xd00\xf1\x17?\x9d\x8f\\<\x1c\xf8_\x0cE|B\xe3\x80F\xea\x1c\\\x993\xfa\xa3K\x9e\x9e\xa5\x1f\xe6\x9f\xa7\x05\xd6\xacJ?\xf8\tdG\xe1\xdeR\xcd\x89 v2\x84\\\'S\x03\xb8\xf1\xd2\x04\xf1\x80!\x84\xb9X\x86\xebj\rYb\x97Q\xec\x9d\rn\xce_\xd1\\\xbf\xbf\xa7\xbcf\x9b+\xdcN\xc3\xd4\xe3/V>_\tE\x876dk}].\xf4\x93\x8fz\xbc\x01\xad\x18\xae\xd2e,\xfb\xf9\xa7\x11\xdf\x9fu\x1dy\x0e\xfd\xec\xb8\xf0\xcaE\xdcj\xeb\xa4\xa0\xb7r\xca|\xd6\x08\x1cy\xfb\xc5\xc8\xd77\t\x1a\xaeE\xb5\xd3\xbaC\xe7D\xd9\xab\x18n\xfd\xd7@I\xc7\x06X\xce\xc2w5\xfb\xfcf\x92\x93v\x12\x82\xab\x9d\xfd)W\xf9\xe2]\xcc\xdc\x82\x1e\xda0YU\x0c\xc6z\xaf\xa6\x00\x07\x86i*\xa6\x87\xbe\x8f&\x82\xa30\xd6\x11\x13\x99Gz\xea\x9f\xac\x81\xad\xc9}\xbbAS\xaf\xe8\x82\xad\x8c\x1d\xca\xf5\x02?\x0f\xe1t,\xf8\xe8\xe1zy\xc7\x9c\x85\xe1R\x9a\xd8\x01l,6Z\xcd\xe2?\x1d\x14\x9b\x8d\x06&\xf8\xab\xf3[\xe9\xff=s$\xc5\x0f"\xb7\x1c\xb7\xbe\xb2\x88\x80\n&T\x04\x11`"\xd5\xdbn\xce\x94\xbf\x17M\xb4HT\xca\xe3!6\xda\xcd5\x1c\x81A\x13\xcbxtM\xb3\x1c\x97n{\xb0\xa7\xf6Z\x15\xe7C(\x9a\xee\x880r\xfe\xa1wE\xd9@id\xbb\xa1\xdf\x1a\x06`M\xe6\x86\xaa\xcfrF\xfa\xbf\\\xd72d\xf4l\xcen-\xb1r\x12\xc7\x85\xaa\xd2M?l{\xac\xc4\x17\xc7\xfe\x9d\xa1\xba\xb0a(\xe8\xd2?\xd2H\x9do\xc4j<\xaaq;\xae\x87\xed\xe0|Ws`\x80\xd4\x1aNaP\x82b\xb1\xf3\xd1\x99d\xa4:=\xa7\x00\xda\xbc\x0bG\n\xa6\xab-2y\x9d)&v\xee\x8c\xf3\x81\xd2\xc5\x8eW\x1c4x"\x01\xdfq\x13>q\xb3\x87\x80\xfa\xb4T\xa4\x06\x99\xc0\xb1\xed\rG\x0ec3\xc4zM\xa1\xde\xfaJptg\xf0/\x9b\xaf{+\x17\xb3\xb6b\xb5\x8a7h\x9a\xcdG7\x95\xdda\xb2cq\x90r\xcc\xe9\x15\x06\r\xc7?[5\x1f\xfd\xdd\x83\x0e\\\xed%\x8f\x8b\xcci-\xbd\x88E\x13\\z\xa5\xc1\xef]\xd0\xdb4\x11u9\x07FY-$\xc1\xc3\xd5\xeaV\x92\xf2F\x15\xd7\x89\xc6\xa2\x90\x9f\xeb\xb63\x8d\xa1\xceUa/.\xee\r\x02r\x0bh\x8c\xed\x0eN\xa6z}\xe4\xdfc\xa6O<\xc3ef\xae\xcd0\xe0<\xb7\xb8\xa0\x04>|2\x91\x7f\xd8\xcaf\xc5\x06T|\x98\xf9\xf0:;\x18L\x10\x96\xd5\xb6\x846\x8dC0\x02@\x1e}|\xa6*\xf0\xc2\x0e\xfeA[\x97[~\x88v\x10R\x0f\xad6\x9e\x9bf\x17\x91d\xc2\x049\x8e\tpU\xa2\x8e\xb8\n\x05\xd6\x1f\x0b0\x91\xa7\x96\xb6\xb2\xd2D\xa8GS\xddY!<tv&\xfb\xab\xed\xb0!_6\x8aj)\x7f\xc01\xf0\r\xdd\xa4e\x0c\x90\xc6p\xb9\x81F\xd7\x0e\xfd\x026\x8c\xfc\xefh\xf25\xa4s\xd7\x93\xf3\x9b\xb5s\x1a\xc2\xe2N:a\xad;th\xac\xd3\xf3;\xda\x95\x18mD/\xe7\x9co\xc8o:\xb2AI\r\xe7\x90N\x9b\x0f\xf4\xec>H\xd5\xbaM"\x8a\xe3\x12;n\x80\x9e\xde\x93\xdb9}\xe6m\x80\xf6\xa7\xd2~\xef\x07\xa0!\xe9Sl\x02\xb4\x97L\x8c\xbf\x81b\x05\x8e\x9by\xd0\xc9a\x16\x01h\x01\xec.\xfc?\x96\x13lT\x17)\xdb-\x95\xfaiP\t\xfc<\x02\xed\x1d\xa0\x0f5{1\xb9C\xb8\x97\xd0s\x9f\xcc\xe4E\xb2\xcd\xfd5\xd9\xfd\xfc\xb59\xc2\xfb\xe4>u\xd8FV.\xc8\x86\xdad&\xb0\x03\x90o\xe6\xd1\xb3\xa9\xac\x9e\xb3-\x15\xb5\xc9\xc4\x13*\x02mn\xf3\x12wo*\xd9\x10\x17u\xca\xa5\xb3g*K\ns\x00\x12\x8d\x12\xdc\x1f0~\xa7\xd6\x8f\x0f}YE\x11\xfa@\n\xba\xafh\xad\xf93\xe5Y\xf8[\x96\x01\xcb\xbbl\r\xf0\xdfb\xbc\x9ez\xfff"GKok)\x96)\x98I\xf2\xdf\xd0m\x14\x9e\xee\xb8\xab\xd8O\xfe\x88v\x82\x81">\xf2#\x81\xa1\r\x82\x9c\x85o\xd7\n\xc2\x85\x9aYX\xbd;U{\xa8\xf26a\xc6Q\xfc\xab5e)rs\xb1X\xfd\xa3\x85e\xe1\xe1M\xba\xf9\xe4\x0eV\x83\x977*\xbe\x9a\xd3S\xd4\x89\xec\x81\xa6\xdfb3\x12fk\x91[,D\x85\x95\xcb-\xf5$\xf476\x9ei\xd9[\xfd\xd2\x80\x0b\xdd\xb42\xbd\x0b>\x13\xb5yr\xac\xc7$\xf9!X\xd8\x04q\xcag\x17\xa6b2tb\x8a5\x16F\xc0rN@\xd4\xdc\x87\xc7\x05\xbc\xbc\xe5\x84\xcd{\xf3}\xa8\x0f\xb6\xfam\xe9ds&\xdaK\xc1~\xcf\\}\xfd\xe9\x97\x1a\x1b_\x9ca\xee\xac\x02\xd8U\x9c\xc9\xde\xd5\xa7\xb1l\xd1\xc7\x8dW[\xc2\x1b\x12\xa5\xb1\x1c)\xa3$3\xffF\x8d\x85LN3\x1e\xac{\x03\x06\'JYIeY\x0ci\xb7\xfa\x9cd\xd7\xc5\xa9\x84\x8f\xc80p\xdb\xe0q^\xc3\xe6\xd7h\xfc\xf8\xc5e~\xd0l\xd3\xe35\x14\x82\xcb\xa8\xe6Xs\x17X^\xe9N-D\x19\x1b\x93\xf7\xc4\x91+]#\xc9\xd4\xbd\xb2\x95`\xe8|\x835\xcc5l\x19\x7f{\x83\x0b\x99\x80\x81\x02\xe2\x88\x92#Z\xc4\x02\x03o\xc5{!\x90\xa9\xf1V\xcfb\x10\x8eJ\xf9\x04\x91\x18b;\x14k\xfa\x1e\x1e\xc1]S1\x14t\x86p\xf0\x15\x979LR\x06\x92\xae\xac\x12\xf1\x7fP\xb0t\x04\xba\xa5\xd0\x97.f=./O^eJ\x97M\x02\xa5\xb6B\xc3\x01E\x1d\x83\x85\x02\xba~\x86\x934\xacJ\x16A=\x1c\xb6n\x0f\xc1:\x9c'
tbI624
I0
F0
tb.