cnumpy.random
__RandomState_ctor
p1
(tRp2
(S'MT19937'
p3
cnumpy.core.multiarray
_reconstruct
p4
(cnumpy
ndarray
p5
(I0
tS'b'
tRp6
(I1
(I624
tcnumpy
dtype
p7
(S'u4'
I0
I1
tRp8
(I3
S'<'
NNNI-1
I-1
I0
tbI00
S'.\xd1\xda\xeal\x98#\x95\x94\xde\xb1s\xe4Wh\xd2\xab:\xc0r\x89\xaa?.\xedi)\xab\xaf!\xc7m\xf0J\x1dc\x05\x81\x1c\x9bK\x02\x052\xefJ\x07o\xa1\xf7n\xe7\x81\xd39N\xa2\xad:\x12\xb5\x83j\xba,\xd8\xc8C\x1aT\x92\x0b\x0e\xe16[\xf9\x86\xa2\x8c\x96f)\xf5\xa6\x8b\xdb\x95H;\xf4\x8b\x18\xf0Fm\x86y1a\xe3\xa3\x8c\xc3^Y\xed\xcf\xbf\xf7+\xf8\xd94\xd0\x8b\x84\x1c)\xa0(?\x99j\xa63D\xdb\xc1\xc2\x9bE\xd39\xb44\x0fc=\xfb\xffe\xf6Bo\xe7\x91~6\x08\xe5U\xb8AK\xc5}\x9d\xab\xbeb\x14\xeev\xdf<+~\xa1\xcc\xc9\x95 \x1ar\xaf\x13o\xa5\xeeIa\xc8\x93\x8b\xc0\xc7\xda\x15\xf1\x12Y\xbe\xba\xb2=\xae\x9d>\xaf\x1c\xd7\x85\xd7\xa2\xcb\x04\xfc\ns\'\xab\xa2\xe6\'&\x8cB1\x8e\xc4\x9e\x8e\xf2\xcdJ\x9f\xd2!\xfb\x13}\x9bA!\xd8\xc7\x8a\xc1\x10I\xf4\xad?\xe4\xbe\x8eH\x88\x92\xff\xb4K\x8dU\xa39<c\x8b\xe4\x84\xca\xc5\x88(4v\x96\xe4Pq4\x8f\x01f\xfdc\xea\xaa\xea\xdf\xda\x9b\x96\x1a\xfe\\\xe5\x82\x82\xa5\x0c\xbd\x14\xb1W\x99\x19;\xa5\xd5\xfd\x81\x80\x93*\xea{\xbc\xae\x81\xff\x9b\xd1)\\\xb3\xeb\x0cO~ht\xd6V\xc5K\x94\xe6q\xb8\x955\xd2m\xab*j\xa8\x14FBA\x12]\x7f\x91\x14\xfc\xeb\xc4\xda\x1c\xfcmM\xfe\x83\xe3z\xf7\x9fy\xf1\xc3\xaeq}kv4\xf6\x10\xd7\x1a\xd7\x0c\x04f4\xd0\xe07NL\xe7\x0c\xff|X\x9a\x06\xd8\xc4\x9b\xb7\x8e\xe7\xcax\xc6\xdd\x02\xfa\xea1\x9d\xbf\xd1\xc5-YX\x83\xaa\xb0](6\xc8\xd5s?-\x19\xe2\xd7\xeb\xf63\xd2k\x90w\x1a\x16\\\x18\xf4\xbf\x1c\xd4g\x97qE\xd6j \x83E\xb2@\x9b\x01\xc5u\xc9O\xe3\xb5\xa5\xa9\x86\xeb\xa3z\xf2\xe4Y\xf39W\x9d\xe9\xfb\x80\xe2@1qc\xc0\xba1R\x02`2A\xe1\x1d\xc8\r\xed\t\xc7\xa8\xcb\xc5\xcf\x99!\xb9\xea\xac\xe2\xe89A\xd5\xd0\xf2\xa21\x1a\xe3\xea#\x8e\xc4\xf25\xe4\x963\xe7V\xaa<\x91{\xe9\x10\x1f\xf2k\x7f4\xc0sN*\x9b\x0c\xbc\x02\xca\x13\x05\x82\xa0Y\x94\xcd\xdd\x15\xf09\x91\xf5\xa0\x8d\x07\x94\xd9\x1c\x0e6v1\x87l\x95vAq\xded\xb71h\x983\xe3\xc6~\xb5\x1c\xfcw\xc5\xa5\'\x8c\xb3\xdbYQ\xc67\x1bz\xb2\xb3z\xab?\x1b@.c\xe7\x10\xf6\xc0\xcf\xeb61\xa0\xeb\x0fu\xb6\xb6\x9e\x81Dm\xb1\x8bN \x80\xe4\xce\xa3\xd0\x10e\x86\x12\xbbfD\xb9i\x07\x8f\x055\xc5fw\xe1`\xdf\xfbzU%:4<\xe8\xb6\x97-\x80\xf9\xaf<\xb1\xcf\xf2\xa9\x9a.\xdce\xb2\xd5F-e\x9d\\-~\xbb\xeb\x97g\x8dd\x98\xfa\xb1\x1aI\xa0Q $B\xb1&\xeb\xdc\x99\xdd\r\xb3_\xc6L\xf4!\xcdh\xe4FF\xc0\xa9\xb1\xad\x04\x90FR3\xe8T\x94\xb5\xa4\xb3\x9a\x0fl\xe2M#\x03efr\x7fZg\xbe\xf8\xd24\xd3\x8b\x02\x038\x02\xcc,\x94\xf5\xe3\xa6\xfaIFvy8\xff\x96Rg\x8f\xae`5\xd2\x03\x9f#\x9b\xf9Ph\x84\xe1\x16\x11\xac\x18Q\x8d\xac;\xec\x88<\x89\x99\xa6QN\xe2\x11\xe1\xf8\xc9\xa7\xfc\xc2\x9d\xe9\x96/W\n\x1f\xbd\x8b\xb7~A>\xb0B\x06\xddq\xde\x19D\xcd\xb6g\xb5\xdf\xe9\x8a?\xccJ\x87\xcc(tY\x06\xf6\x7f\xc8\xe5\x880\x96tf:CYY:@a~\xc9\xe0\xd2t\xffy\xe7\x1a\t\xb9c\x94\x7f\xa1\x88\xb1\x87\x15E\xe4\xd0X&\x0b\x1aQ\xf3\xf0\xa8\xf07\xd6,+>\x93\xe7\xe0\x02\x1c\x1f%\x05g\xa5\\\xe7]\xdb\x14q\xe6}\x06\xf1\xc8y\x8ex\x89\xb3\xc0&)Up\x93O`\x07\x94\xb7\x02\xaa,t\xd7X\xfc\xee\xd0\xef(V\xd9\x08\x01\xa2\xa0b\x01+\xb7\xbb#\xcb\x03\xef\\\x91BW\xec\xc1X7D\xf6Y|(\xb7<\xbf-<*j\x92\x82\xa6\t\x82S\xef\xa1\xc3\xd1/M\x98iJ\xad _\x93\x12<\xd8\xfc\x81\x19\x06\xaf\xe6\x87\xb0@\x87d1#i\x90\xec\\m\x80h\xc8\xa3bk\x9d\xb3}\xb2\x02T\x8d\xca8\xea~\xf22\\\x15\xaca\xf1\xd3\x9bb\x95l\xdc-6F\xc4?\x17\xa5\x04dG\xf50\x0fq\xfd`\x85\xfb\xb4\xf55\xc8\x05\xe5\xef\xbc\xcf\xfbh\xae.\xfeU\xf8!}-:\xec\xe7M\xae\x04\xe4\xd9Z\x91\xfd\x9e\x846p\x1d\x11\x1e\r\x10\x80\xee\xa1\xa9"\xdd\x80\x94_\x84m\x08\xd0\xba-\x8e\xedOI\x8ac\xcbzG\xed=\x0c7_\xf0Jt\xae\x8c\xc1\xca(gc\x9d\x14Z\x1b.H\x05\x00\xb6Nj,\x93(\x90\x81m\x7f\x91\xf3z\t\xf2+\xa2\xb1h|\xf9\x15\xda\xde\xde\x9c\xdf=\xf3h\xeb\x86\x0b\x15\xd1\x04\x86\x9ct\x8b\x03\xef\xac\xf3?S\xd5-\xdbX\xa4\xccW\xf0};\x86\xc6\xba\xb3W\x93"A^\xa6J\xb2\xbc8\x98\xb1fVj\xb5\x0f\xe2d\t\xa5,\x9b\xed\xd0\x05u\x92\x18\x02\xcf.\r\xb6~\xd2\xd2F1\xbe\xa4V\xc6~\x9dj\xbe\x00\x94]\x8d\x8eD\xff6%?\x01\xee\x18\x96\xa9\xc1/\xc4\xc8D%\x9f\x05\xa1\xaa\x0c@K\x85\xb5\x9a\xad\xf5\xc9\xd5\xe4!\xca9s\xa5\xb3d\xd6d\xe6\x1fU#x\xf9\xc1\x92\x08\xb9\xba\xec\xe6\xef/\xcb\x91\xbfE\x8c\xee\xacq\x96*\x99b"\xbb\x03i\x1f\x1a\xd8\xab\xca\x92\xc69O\xdb*n\xa4<=\x91q\x9d\xa5b\xc6\xb8\'V\xfdf?\xb0\x02f<(\x93N\xbcXq\x08\xcf\xaa{\x85\xb8\xb4\x06I\xd0GY\xd8\x80D\x90\x9f\xf2g\\K\n\xd5\x08\xb2\x917\x1c\xd9>\xfd}\xdc\x1b\x8a\xf0\x15\x86;\xd0c\xf1\x12\xa38\xaf(\x9e^\xf2\xd1\x83\xe6[h;\x91\xd5.\xb4\xa9`\x08\x92\xf9\x83\r\x8d\x12\n\x0f\xf6$\xb3ag\x92\x97\xfdzS\xa3\xe5\x01\xa3\xf3a\x1b\xc3Y\x8ax\xb0^]\xd5\xf0\x1a\x9c\x00>\xa1\xf4Y\xd1y\xe4/\x86\xa5=\xcem:r\x16\xdbw\xbf\x99b>\x02!\x89\xfd\x077qCF\xcb\xc2\x95\x0e\xe0t\xa5E%\xfe\x1b\'\x00\x96Eq\x89-\xc6{)\xcb\xcdf\xc6\x01QR\xd6c\xddY\x0eq\x1d\xe7D-?\xb5\xc4p\xae\xa0Sg\xc9hp\xb2\x92s\xe6\x12\xe7\x01\xf3\xac-\xe2V]\xb9J@#\xd4\x84\xe3~\xb1\xd2NC4\xd9\xb6Di\xdc\x0b\x8a]\xe1%\x1c\xe9\xfcN\xb8c\x02\x84\x92\xd8,\x1a5\xb9\xe0\x10\xd8\x18\xb2\xc1\x1d?\xfb\x0e\x06\x1cO\xc6=\x10)\x1fvPg\xc3|\xc9\xf5+\xa7\xd0\xef\xdb\xe3\x01~@\xb7\xa9r\x19\x01\x12\xbb\x8d>8%\xd6\xda\xf5\xc7\x9a\t\x96\xee\x8f\x92\xdd\xa4\x05O\xbe\xc0eg\xcb#\x07\xd8\x9f~a9\xbeXF\xa7\xd6\x82\xc9\x84\x97\xa9\xff\xc5@\xee\xdb\x9d\x97\xbf\xaa\xc8\xa0x\x12\x0c\xa4\xe4\x94\xe0D\x93\x19b7\xc1B\xa5D\x95\x0b\xb2\xae\xc3\xdc{\x0fEnH\xe5\x0c\x08\x16\x97n\xe0\x95\xd8)\x0bM\xbc\x0b\xcf\x93\xca\xc8\x0f\x8d1\xb4\x806\xa3\xac\xccWia\xf5\xd7\x94\x95\xfexVv\xf0wE\xe0K\xd5\xa7\x7f\x05\x12D\xe8Q\xc5\x9eUw\\\xa0C\x04\x82Q\x926\xa0,\xaf\x80\n\xb9\xb6\xe3\xee\xbe\x15A\xf1\xecZ\xf9\xd5\xea\t\xa7L\xfc\xd6p<\xf5\\\xa8\xa4\xee\xa6\xc1\xa3\x8f3\xd9\xa1V\xdd\x10\xa2\xf9\xf5\xb0\xb8\xfe\x04\xdf`\xf2\xe1|\xd7T\xe1\x89\x82%5\xd64J\xdb\xee#\xbdx\x13\xec\x08\x1d\xba\xcbS}\xc6\xca\x0e\xed\xf0\xb5{\xe1\x9c\xd4\n\x836A\xad\xd9\xbb#L\x88\x04\x10\xff|\x9bj\x88r\x14\x06\t\xd8\xf3\xba\x18\xe6A\xac\xe2\xad1\x98\xcb\x96T\x1b\x9f\xe7%D~R\x0c\xffUk\xf5\x8cI\xf7\xa7\xfa>\xa4N\xe8\xdb[\x9e\xc9Q\xae!\xbf\xf3J\x98\xf5\xc2\xb9r\xed\x8d\x04Q\x1a\x16\x1d\xc3\xd3U\xa2l\xf0\xffg$~\x9f\xdf,1g\x0b5\x8f\xe9#.\x04\x85\xee\xedL\x9d\xd8\xcb\xf6\xd5\xe1\xa9\x12\x8f\xac\x7ff\xbf\x99\xfcx\xd8\xa5\xa6J}\xfd\xbb\x9b\xf8|\x98-\x0b\xed\x9ee1A\xcc\x04|P\xaf\xed\x80c,\xd7\xcfb\xa0\xb2&qo\xfd\xa6\x82\xfdC\x15?\xd3\xdf\xa1,o\x94\xb2\xa72}\xd1#H\xa9\x85q\x12\x91L:\t\xca\xb2\x9b_\xb2\xa8\xe9?\xc2\xda@/\x83HZ$\xbe\x1fk)z)\x8d\x82q\xad!q\xfe\xaa\xf9\x0f\x16\xd0-\xd0\xd7\xc0\xd9\x1aV\x1a\xce]\x13@e\xd4ou\xf7~K,8\xbc\xc6z\xbd\xb4\x1e\xd7~^b:\xdd\xc66\xcd\xfc\x14>\xc3\xa6\xe7\x16\x8d\\\x06\xe2\xc9\xb9\xb8\xbd\x0f\xff|\x9e\xd0\x01\xab\xac\x8e\xdf-\x04y\x80\xa20b\x84\x1a\xa3\x193\xf76W\x16\x9a\x83\x9bQ"\xb45E*\x97\xb1\x99\xbeJ8HnY\xc6\xb2\x80\xa9\x7f\xac\xa0\xc63\\Q\xb7+\x15\x83\xefNgk\xcc\x9c9*\tD52\x92e\xa6Z\xe3\'}\xa3\xb20[\x80#\xb8\x98=s\x01\xd14$W\x07Ge\xed\xa8\x8d\x08\xbb\xa3\xf1]:/\x94H\x7f\xdb\xbb\xd0N\xe0\xd2\x8cd\xb9H\x7f\xb9\xcf3\xd60\xc4\'\x00H\x0e\x86\xe2\xa0q\xf1\xad#\xb3\x0c\x9c\nK\xeb\x00\xb7z\x1fZ\x14T\xdc\xf8E\rky\xb6hOT\xb9\xd4<\x85\xe46X@\xa3\x9f\xb5t\xd5\xd0\x0c\x8eC\x18\xf0L\xa7GP\x1ft\xff\xac\x96\xbb\xa3\xa8\xff\'\x12:\xf5)\xa6\xb6\xfc!\xea\xab\xeam\x03\\\xef)zZ7\xefQ\xac\xe4\xf3;D%\xab\x05\x93\xc2\xff\x074\xcd\x8a&\xdc\xb0\xf8\xd1O\xb7\xd2\x87\xeb\xcd\xa9\xcf\xc1`\xde.H%\xeb\x87\xd9hd\x9a5$s\x1c\x88&RH\x93NG@\x81\xd2}\xe3K\x95\x91\x9f\xc8-d\xa9\x1dL\xd2\x96],\x1e\x18o\xden\x9d_\x86M\x86\xb0z\xd9\xb8\xcfj/\x02\xdc\xbf7\x90\x19\xe47\xd7\x15\xd5\x9c\x8b\xf9\x88e\xe3%,o2\xe5\x9e,\xa1\xea\x9f\xd0C,\x8a\x1f\xcb\x11Qf\xf4\xa80\x92\x19&\x8f\xe5\xb8\xb7o'
tbI624
I0
F0
tb.