# time 	 divergence 	 # of mutations 	 # IGC chances 	 IGC length 	 # IGC failures 	 Changes due to IGC  	 % change due to IGC 
0.0	0.0879345603272	0	0	0	0	0	0.0
7.10243228668e-05	0.0858895705521	0	1	1	0	1	1.0
0.00117464926233	0.0858895705521	0	2	1	0	1	1.0
0.00135506636912	0.0879345603272	1	2	1	0	1	0.5
0.00145556068351	0.0879345603272	1	3	1	0	1	0.5
0.00196870858903	0.0879345603272	1	4	1	0	1	0.5
0.00227383321062	0.0879345603272	1	5	1	0	1	0.5
0.00255485612776	0.0899795501022	2	5	1	0	1	0.333333333333
0.0026819510213	0.0899795501022	2	6	1	0	1	0.333333333333
0.00301486677187	0.0899795501022	2	7	1	0	1	0.333333333333
0.00319008657445	0.0920245398773	3	7	1	0	1	0.25
0.00349575011209	0.0920245398773	3	8	1	0	1	0.25
0.00511840633196	0.0940695296524	4	8	1	0	1	0.2
0.00538315320365	0.0920245398773	5	8	1	0	1	0.166666666667
0.00675480987226	0.0920245398773	6	8	1	0	1	0.142857142857
0.00703691990685	0.0920245398773	6	9	1	0	1	0.142857142857
0.00784390559567	0.0920245398773	6	10	1	0	1	0.142857142857
0.00789565298012	0.0920245398773	6	11	1	0	1	0.142857142857
0.00819729561348	0.0920245398773	6	12	1	0	1	0.142857142857
0.0102515594747	0.0920245398773	7	12	1	0	1	0.125
0.0108783023013	0.0920245398773	7	13	1	0	1	0.125
0.0113237568556	0.0940695296524	8	13	1	0	1	0.111111111111
0.0116267300742	0.0940695296524	8	14	1	0	1	0.111111111111
0.0130760744417	0.0940695296524	8	15	1	0	1	0.111111111111
0.0134527960653	0.0940695296524	8	16	1	0	1	0.111111111111
0.0137835098254	0.0961145194274	9	16	1	0	1	0.1
0.0146623419723	0.0961145194274	9	17	1	0	1	0.1
0.0154825409755	0.0961145194274	9	18	1	0	1	0.1
0.0155523703062	0.0961145194274	9	19	1	0	1	0.1
0.0160995852681	0.0961145194274	9	20	1	0	1	0.1
0.016508655454	0.0940695296524	9	21	1	0	2	0.181818181818
0.0170531777003	0.0920245398773	9	22	1	0	3	0.25
0.0183851004038	0.0920245398773	9	23	1	0	3	0.25
0.019238374973	0.0920245398773	9	24	1	0	3	0.25
0.0193125182876	0.0920245398773	9	25	1	0	3	0.25
0.0193485549423	0.0920245398773	9	26	1	0	3	0.25
0.0195871482277	0.0920245398773	9	27	1	0	3	0.25
0.0197690341332	0.0940695296524	10	27	1	0	3	0.230769230769
0.0197954499729	0.0920245398773	11	27	1	0	3	0.214285714286
0.0200391958822	0.0920245398773	11	28	1	0	3	0.214285714286
0.0203107922688	0.0920245398773	11	29	1	0	3	0.214285714286
0.0213503730027	0.0920245398773	11	30	1	0	3	0.214285714286
0.0223922666905	0.0920245398773	12	30	1	0	3	0.2
0.0227466024426	0.0899795501022	12	31	1	0	4	0.25
0.0246117743717	0.0920245398773	13	31	1	0	4	0.235294117647
0.0248267276255	0.0940695296524	14	31	1	0	4	0.222222222222
0.0250969648383	0.0940695296524	14	32	1	0	4	0.222222222222
0.0263754799544	0.0940695296524	14	33	1	0	4	0.222222222222
0.0267820510087	0.0920245398773	14	34	1	0	5	0.263157894737
0.026889696756	0.0920245398773	14	35	1	0	5	0.263157894737
0.0269465320661	0.0920245398773	14	36	1	0	5	0.263157894737
0.0271351360149	0.0940695296524	15	36	1	0	5	0.25
0.0273713125913	0.0940695296524	15	37	1	0	5	0.25
0.0278625817465	0.0940695296524	15	38	1	0	5	0.25
0.0292435776847	0.0940695296524	15	39	1	0	5	0.25
0.0292536224678	0.0940695296524	15	40	1	0	5	0.25
0.0296188062603	0.0940695296524	15	41	1	0	5	0.25
0.0300575154955	0.0940695296524	15	42	1	0	5	0.25
0.0300687311563	0.0920245398773	15	43	1	0	6	0.285714285714
0.0313376551853	0.0920245398773	15	44	1	0	6	0.285714285714
0.0328418391365	0.0899795501022	15	45	1	0	7	0.318181818182
0.033491531276	0.0899795501022	15	46	1	0	7	0.318181818182
0.0335776536234	0.0899795501022	15	47	1	0	7	0.318181818182
0.0337381070805	0.0899795501022	15	48	1	0	7	0.318181818182
0.0337542301078	0.0899795501022	15	49	1	0	7	0.318181818182
0.0338240047075	0.0899795501022	15	50	1	0	7	0.318181818182
0.0338990150871	0.0899795501022	15	51	1	0	7	0.318181818182
0.0341710441956	0.0899795501022	15	52	1	0	7	0.318181818182
0.0342568831051	0.0899795501022	15	53	1	0	7	0.318181818182
0.0343611799044	0.0899795501022	15	54	1	0	7	0.318181818182
0.0344025750829	0.0899795501022	15	55	1	0	7	0.318181818182
0.0348076852099	0.0899795501022	15	56	1	0	7	0.318181818182
0.0357302235351	0.0899795501022	15	57	1	0	7	0.318181818182
0.0364461736943	0.0899795501022	15	58	1	0	7	0.318181818182
0.0370982945986	0.0899795501022	15	59	1	0	7	0.318181818182
0.0398252221968	0.0899795501022	15	60	1	0	7	0.318181818182
0.040405182737	0.0899795501022	15	61	1	0	7	0.318181818182
0.040406643094	0.0879345603272	15	62	1	0	8	0.347826086957
0.0405695878066	0.0899795501022	16	62	1	0	8	0.333333333333
0.0413806592244	0.0899795501022	16	63	1	0	8	0.333333333333
0.0414516805112	0.0899795501022	16	64	1	0	8	0.333333333333
0.042164180091	0.0899795501022	16	65	1	0	8	0.333333333333
0.0423441734228	0.0899795501022	16	66	1	0	8	0.333333333333
0.0432448740559	0.0899795501022	16	67	1	0	8	0.333333333333
0.0438429558185	0.0899795501022	16	68	1	0	8	0.333333333333
0.0445500186803	0.0899795501022	16	69	1	0	8	0.333333333333
0.045440874906	0.0879345603272	16	70	1	0	9	0.36
0.0456581857604	0.0879345603272	16	71	1	0	9	0.36
0.045869701753	0.0879345603272	16	72	1	0	9	0.36
0.0458812160477	0.0879345603272	16	73	1	0	9	0.36
0.0461463546614	0.0879345603272	16	74	1	0	9	0.36
0.0464655914286	0.0899795501022	17	74	1	0	9	0.346153846154
0.047168591139	0.0899795501022	17	75	1	0	9	0.346153846154
0.0482359448884	0.0920245398773	18	75	1	0	9	0.333333333333
0.0492940674206	0.0920245398773	18	76	1	0	9	0.333333333333
0.049803175491	0.0920245398773	18	77	1	0	9	0.333333333333
0.0513101018251	0.0920245398773	18	78	1	0	9	0.333333333333
0.0516358007207	0.0940695296524	19	78	1	0	9	0.321428571429
0.0516420718505	0.0940695296524	19	79	1	0	9	0.321428571429
0.052312077726	0.0940695296524	19	80	1	0	9	0.321428571429
0.05308807573	0.0940695296524	19	81	1	0	9	0.321428571429
0.0532107661272	0.0940695296524	19	82	1	0	9	0.321428571429
0.0535031332397	0.0940695296524	19	83	1	0	9	0.321428571429
0.0545916088047	0.0940695296524	19	84	1	0	9	0.321428571429
0.0550579538924	0.0920245398773	19	85	1	0	10	0.344827586207
0.0558792429176	0.0920245398773	19	86	1	0	10	0.344827586207
0.0565756638695	0.0899795501022	20	86	1	0	10	0.333333333333
