cnumpy.random
__RandomState_ctor
p1
(tRp2
(S'MT19937'
p3
cnumpy.core.multiarray
_reconstruct
p4
(cnumpy
ndarray
p5
(I0
tS'b'
tRp6
(I1
(I624
tcnumpy
dtype
p7
(S'u4'
I0
I1
tRp8
(I3
S'<'
NNNI-1
I-1
I0
tbI00
S'\xc2K\xf8\xa9\xf2G\x8c\xec\x0e\xd9\x94Ln\xcaYOz!\xbc\xbb\xd7\'\xa9/\xd8iXJ\xc5D\xf7\xe8\xcce\x97[^+\x0cCd\x81q;6\nd\xef\x06\x11\xcbk\xa6)\xe5\rM_\x9b9"\xd2\t\xa4\x82\x1dk\x8f\n\xf7@X\xbd6\xc0\xed\xe2\x03R\xe5*N\xd6)jt\xa9\xe9\xcf\x08\xe3\xa7\x19\x93$\xda\xcb\xf7\xec)\x81j\xf9\xc7\xbb\x14\x82\xe3FrC\x97\xb2\x05\xcf=\xd9{VM}\x91\xd1\xe2~\xc6q\xff\xd2\x1ca\xf8]\xd4\xf7hw\x15\x91h]\xbfA<\x9b\xbb\xf0\xb0\x91\x93o\xde\xa8\x05\xc0{n\x99\x99a7\xb5\xe9\xf3E\x04\xee\x14\x0c\xae\x83\xa1\xb0\xcd\x04\xdeP\xa5\xfb\xc2\x7fY)\xefTbX;m*:\rme\xd4\x86\xac0:\xbeha\xe62\x0c\xafm\x00\xa9\xaanc\xd1\xe2\xfaV32\xd8S\xe3\x85\xcb=b\xd6i\xfdb\xa88\x9b\xc2\xd3\x1c\xc3\x07\xa3\xc5D\xd5\x86\x8b\xf2\x15\xfc\xc8lLd\x02~H[vR\xd8t\xa6{\xddg0\xbb|xq\x85T\xcd\xbcP{\x8e\x19.\xe3M\xa66T{\x18\xf1:\xc3\xc2\x9c\x81+c\x0bR\x81M\xf6\xb9F"\xb9\xdf\x1e\x8c\xf6hG\x04(\xee\'+\xaf\xe0\xa5\x1f\x10\xaa\x80\xef\x83\xf0VD\xe9|\xea\xee\xfb\xb9\xdd\xc1W\xd0$`\x98*\x1d\xa1G\x94\xc4\xa0{\xd4\x99\xdf\xb2#\xb3\xd5\xf4\x85\x05\xf2\xb1\x19j\xbbd\xc5D\x89\xeb\x91\x81{\xde\xa59\x98|\xb6\x18*\xec_0\xa9\x0b\x8b\xd3XrT:\x94\xcewA\xe8\x7fJ\xdeg\x99\xfe\x92J\xf9\xdcJ\\C\x88W\xd6\x87|w\xdd\x90*\xd7\x9e\x00\xb1=8y\xd3w\x87\xde\xed\x83\xa0@R\x0e\x84\x98\xdf\xb2\x99+|\xa3\xc8\x12\xe6|\xec\x06\xd8K\x0b{\xe8Z{\x8e\xc7\xe6\xb4\xdd\xe4\x84Ok\xe1]P\xa2\xcf\x8f ^\x12<?\xe2\\\xc2\xb2\xac\x1a0\xfb\xf3.\xb1c\x0e\xc2\xccoG\x82\x16@\xd1\x19\x84J\xae\xd3\x0e\xcb|\x7fZ"\r9\xf2\x0fUt\x90\xd2\x8a+\x9f\xb9#\x03$\x18\xd7Y!6Y\x08^\xe8\xe7\x1a=\xb7\x98m\xfe\xc7\x0e5\xc0\x1b\xd8\xb4g\x871\xc5N,\xc4%*\x86\x82\xacs\x08G<\xa5\xb0\xf1\x03\xd9\xd8\x07\x08\xb9|\xb8\x1f\xbe\xd1j\r\xfdGe\xbf\x14\x9d\xa7\x19AG<?\xd0A\x12\x0b\xdd\xed@\x98f7F\x0c\x82\x86\x95up\xb1\xefI\x02\x93\xe6\xf4\x05\xfa\xfe\x81\x97\xc5\\\x8a\x17\xca\xa5\x92NB\xd8\xcc\xc2\x13\xab\\\x04D\xeb\xdd[G%2\xaa\x1e#6\x0c\xcfZL\xf8C2,s\xa6"\xf1b&f2\xe1\xe4\xdbc\x18#\x8a\xf7\xe5^\xe9\xb6C\xea/\xc9"y\r)\xcb\xee\xad\\(pb\xd0\x0f\xfd\xa0\x00\x1b\xdf\'\xc2\x02=4L\xb9\xac\x01\x9f\xf3S\xef^\xb5\xf7\xbe\xcfT\xe5\xbd\xfa\x7f\x01\xd2\xa36\x97\x9f\xd1T\xbbr\xc6\xef\xf6Q4\xa4l\x8d\xea\x14\x87\x91\x89\x13\xac2m\xeb/\xb5\xed\xd2\xf5~L;%\x1e\x15\xb7f\xed-\x8b\xc1\xc4\xaadN\xca@}:?\x1b\xc8\x07\xf3\x17X}=;\xc5\xde\x93,L\xef\x878y03\xd8\x81\xf7\xb25q\xa8\xe6\xdc\x1c\x87\x8b\x03\x00\xb4\'0\xdb\r4\xffM\x1fBO2\xab\x01\xf4\xabc\xff\xc3\x8e\xe5\xcaz\xc4F2\xb50$AG\x99K\x89\x14\xf2\x17\xd5eO\xa5,\x8b\xb8\xf1@\xda_\xd0W\x17\x92\x9fK\xd3\x833\xbeMuI\x14\xf7@\x8d\xbb\x19\xd6\xc2v\x94\x80\xeb\x96\xd3\x1a;$\x8b\xfb\xfd6\x87\xa5\x8ct\x12\x86<\xd1\x11\xdb\x9aa[9\x01P\x17X=\xca\xa5E\x9d9\xb4\x9fZt\x83\xd1?.\xa5\xb7Y-\xe2\x06=w\xab\xf0\xf6\xa1\xe2\xd9\x01\xc6C\x166\xa65\xe84DQ\xa3\x99m\xeb3Bw\xcd\xdd2\xa0g\xc2i"\x01\xe5\xd1w\xbf\xed_R\xe6\xbcn\xe6h\xfb\xf8<\xcd.\xde;\x14\x12\x94\xe3\xaa[\xbf\xcf\xcb\x95|\x8f>?\xce\xfd\x15dM\x9cy\x16\x9f\x92\x8a\x82w\xfd\x03\xed!v)$q\x07\xf0`\x14\xbbC\x88l\xb6}\xbc^\\\xce\x9e(\x1a\xca\xe2=\xa5\xff,\xb8\xa0\xf2"\xa7x\xd4O0eH-\xbb\xab\xfc\x8d\xadc\xde\x8c\xf9\xed\xe5\xe1!\xe7\xf2lo\xdd\x98\xb9Y\\W\xfc\x8bf\xda\xa9f\xaa\xe2\xad\neH\xe9\xe4"5"\xb8\xfb\r@\xedF\t/\xc5\xa5\xa5k\x8d\xea\x001\x87@\xa3\x8d\xcf\xfc\xf1\x88\x94p\xa5h(2\xa9\xb8\x88 h\xdd\x97\x15\xe2!\xa1\r/zu\xaa\x86j\xa1\xfa\x0c4\x8d\x8c\xb3\xfeJw\xeds\x98xw\x03s\x8b \x8c6\x88\x97\x14pS\xe9\x1aF\x85\x9a\x92\xc9\xec\xf1\xb0\xa9\xfd\x07\t\xb2\xe2*,\x91\x94\xf9%Q\x98\xb4\xc4Q\x93\xcb3\xa2\xbd\x02a\xcd\xf4\xb1e!o}\xc8\xd02wi\x08p\xed\xb9Y\x00\xb8\xf1\x10\xed\x8fc\xf5\xc2G_\x97@\xc8\x06\x06,5\xe6\xcecRoPx\xb2x\xae\xfb\x92\xf1\x114\xb7V8\x9f\x01\xf1\xc9\xf9\xfcP\x82\x00h^\xd9JFe\x98\xff\xea\xf2\xe6\x1f\x1d&\x9a\xffE$1\xa1A\xae\xa4\xc8:\x07\r\xe5rd\x7fP\x05\x9fD\x8e\x8c\x90\xdb\x8e@\xe6\xdb\xa5\x16;+\x1d\x85\x13\xcd\xf6\xe3\x8dW\xe9$n\x12I\xe7d\x88\xc1\x0c\xc3\x0e\x9c?:\x88D\xa5\xd6\xe5\xfb~\xaa\xfe\xed\xa2k \x1a\xc8@=,+\xfb\xac\x00\'\xeas\xc2n1\xd1\xef\x0bK\xbc\xe4\xa8\xf2\xe2\x04\x0ft\xdb\x80\xd1\xfb\xc6u\xe1\x8b\xa81\x15\xb3+\xfa\xb9\rE\xb0\xa5\xe9\xf3Y\x81\xd4\x19cZ\xd3\x0fN\xb3pY:\xa4\xc1\xcd\x8a\xcb\xac\xa9\x9b\xe1\xc8L\xb0\xc2\x07K\x02\x98\xa2:\xd7z\x10\xa6\xfdz\xed\x87\xe038;n\r\xd3\r\xd4\x05\x81\xd3*w\xd4$\x95`\xbf\xb6@\x1eK\xbb\x89L[\xee?c{\x15\xac*\x8d\x1a\xbc\x10a\xcc\xbf\xba\xdeQ\x90`\x15Z\x97_&)\xb8\xde\x84\xd0N?\x0c\x00Ox\xc8\x91W\xcc\xdd\xe9\x86m\xb21\xceg\x9comH1\xeai\xb1\x18\x00\x1d\xe7\xce\x9e\x7f\xf0\x97)X\x8a5\xeb2w4\xb7\xe7\x89\xfa)2\xa5\xda\x97O\xf9P0>\xa5\x03f\xf4C\x8e\xb0\x8c\xf7\xbe\xce>\xe1\xce\xa0\x94X\x99\xc1\x0b\x90r\xc9\xeb\xc1\xc0\xbd\x946f~\x1b\x93\x1b\xab1\x8e\xd6\xa0\xe1\xd0\xae\x1b\xaf\xb6\xf2\rZ\x9a\xe1.\x7fO\xc8k\xfb]%\xca\xc3t\x88\x05a\xc6HL\x89E\xe8^\xf8`\xf9\xbds\xae\xf9\xf8\x06U-f\xd9\'\xcb\xee\xfd)\x98\x14\xa3\x1c\xc4\x9f{U\x0b\xc4\xb8\\=U\n\xd4F_j.\x0b\x8b\x95V\xf0\xcb\xf1\xff\x92\xa6\xefP\x04$\x82\xa1\x89k\xf3\x97\xe4O\xd1n\x98@\xe2\xfd*\x14\xb6\xf8\xa3A\xdaD-\x9e\xec4\\\xc7\x94!\xb0_\xdf\x06_\x9cC\xa4\xc9\x02\xad\x1d\x81P\xb0\x8d\xca\x84.l\xa1\xf4\xa3\x00\xbb/\x89T\xf6g\xe2\xcc"\xd3\x13pj!.\x8b\xb7ruAH`fu"+g\x06\xec\xfc>d*\x9e5jT\x0c\x12\x0c\t\x96\xbb\xf4\xfa\x87\xc1\x96\xbd\xf9\xa7\x86~Z\x96\'\x1d!\xce\xf8~\x0f*\xfa\xa3,P\\\xc0\xf3\x0f{w"p(\x02`\xf6D\xda9\xacx\x08\xdb\xd4m\xbb5@\xde\x98\x9a\xc6\xcdd\x1d-1\xd7v\xa5\x89S\x83\xca\xc3\x11G\xf2\xe9\x19\x1f_\x0c\x08;\xb1\x81}\xf4\x93\xf5D\xbc\x9b\x04\xfe>[/l\x1e\xea(RR\x0c\x98\xea\xc1\x17\xe2\xd0$l!\xe8=p}r\n GbD1$[\n\xc2\xa7\xef\xe5+#cv\x8b\x00VO\xa5\xc6:n\x05%\x93\xf3 \xc3t\xfeC\x06\xc4A\x1cA\xf90\\\xbe\xe7\xb6J\xb9\xd2=Y\x9f\xa1j\xb7m\xda;\xf0\xc6\\s^&$Cr\xca}x@\xa0\xd6\xa0\xfb\x98\xae6?\x10\x06\xef^<\xec\x03\xe7\xf8\xda\x10\xc2\x9fZ\xd7\xa7\xec\x0c<\xa3\x94\xd3&\x10A\xedc\r\xe6\xaa+\xd6\x15\xf3\x1d\xd9\xd0\xa54\xbc\xe4Iq\x93\xa2\x95\x10\xdb\x10\x1f\xd5[\xcf}\x98L\xd2\x1b\xdd\xeb<\xf9\x1d%\x0cyW\xb1\xd6\xde"\x96E\x1c|6\xbf\x1c\xd7Y\x91\xba\xbbF\xf4\x06\x1c\x9c\xe0\x1b\xbf!\xf9\xab\xcf\x0fC\xd0\x00\xaeT\xe4\x92\xab59F\xe8C;\xb9\x17\xcf\xca\x01\x14h\x14\x87\x0bs\\%p\xc0\xa3S\xaa[W\x823\xd1\xbe\x9by\x19mX\xd6\x18\xca\xfd^c`\xe4wp9x:\xd9\xe8\x1f\x17\xe5\x7f~\x86D`5B\xf7_(\xa4\xfd\xd6\x8av9:=\xd7Y\xab\x0f\xf7\xceK\xee\x12\xa6\xc1\xc3\x12E\xbf\xf30\x1b\x98(\xde\x87R\x04\x81\x98O\xc2\xca\xed~P$\xda*\x01\xa2\xeagm\xaa.\xb0\xb5\xef,\x8b\xab\xf8\xfa`\xba\xbb\x1a\xf9\x00_\xbb\x1d\x99\xf3\xdd.\xeaJT\xf7x\x0e\xedT\xd1\xd2\xf5A]?\t\n\xca\xb2\xd6\xf2\xba\x85\xbf\x8d7j\x89.!d\xac\xc5;]\xef(W!$\xb3\xf6>]\x8e\x92\x0e\x93b\xdc\x07\r\x85\x9e\x9d\xe4\xa9\xa3\xdcp}\x9b\x18W\xcb\xcco\x99\xdb\xda\x15@\xb3\x8d\x10\x139P\xa7Zp\xfa\xc8\x15o\x0f\x00\xbe|\x8bY!\x8e\xf5m\x86z\xcb\xe3\xb2\xed\xc6\xf9\x92gO\xa2(\xb6\x15\xf0}\x85\xa0\xb4\xff\xd4\xcc\x00*\xbb;U_\xd4\x91\x16\x16O\x1bJ|\xc5\x10J\xf4\xe8,g>\x8e\x05n\xbe\xb8\xd7=t\xa9\xf23\xcfJ^q\xc2f7\x05.`\x92w\xf8\xb9\x91\xb4!W`\twf\xbaU\xaa\x81\xfeN\x83p\x86O\x19\xda\x83A\xb5\x98\x15\\\xd9\xb0\xd3\xabK\xc2U\x18\xb8\x85\x003\x9d\x9a)\tC\xfbl:K=DZ\x9b\x1b\xe6\x81Q\x9c\x11\xb0\x00\xa097\x81\x88\x89\\\xd2!\x8cK\x10\x03aT\'\x9e\x00\x85\xc3\x85\xb8\x7f\xa7\xd9\xad\x9d\xf4\xc6\xfdRfF\xd3\x8d6\xb0\x16\x08\x9dT\x10\r\x16{\x853p\xcc\xf0)0\x0c\xa8\xedv\xbbjh\xee\x13\n(2$\xd8S\xa8\x0b(\xf9\x8eq\xe7\xd9E\\\xa0\xf8!\xe9X\xb9\xe7\x17@\xed'
tbI624
I0
F0
tb.