# time 	 divergence 	 # of mutations 	 # IGC chances 	 IGC length 	 # IGC failures 	 Changes due to IGC  	 % change due to IGC 
0.0	0.0143149284254	0	0	0	0	0	0.0
0.00383277840217	0.0163599182004	1	0	0	0	0	0.0
0.00418867204722	0.0163599182004	1	1	12	0	0	0.0
0.00524036230639	0.0163599182004	1	2	4	0	0	0.0
0.00585539312083	0.0184049079755	2	2	4	0	0	0.0
0.00610326675467	0.0204498977505	3	2	4	0	0	0.0
0.014217871784	0.0224948875256	4	2	4	0	0	0.0
0.0155399916144	0.0245398773006	5	2	4	0	0	0.0
0.0155933270988	0.0265848670757	6	2	4	0	0	0.0
0.0161255089482	0.0286298568507	7	2	4	0	0	0.0
0.0163992831111	0.0306748466258	8	2	4	0	0	0.0
0.0173963682926	0.0327198364008	9	2	4	0	0	0.0
0.0189562102536	0.0347648261759	10	2	4	0	0	0.0
0.0262473086596	0.0368098159509	11	2	4	0	0	0.0
0.0263034196312	0.038854805726	12	2	4	0	0	0.0
0.0263686536706	0.040899795501	13	2	4	0	0	0.0
0.0291751025374	0.0429447852761	14	2	4	0	0	0.0
0.0298343129821	0.0449897750511	15	2	4	0	0	0.0
0.0355567157147	0.0470347648262	16	2	4	0	0	0.0
0.0403309086901	0.0490797546012	17	2	4	0	0	0.0
0.0414544064196	0.0511247443763	18	2	4	0	0	0.0
0.0436274061833	0.0531697341513	19	2	4	0	0	0.0
0.0464704798957	0.0531697341513	19	3	6	0	0	0.0
0.0487996082774	0.0552147239264	20	3	6	0	0	0.0
0.0492269504999	0.0572597137014	21	3	6	0	0	0.0
0.0528578756943	0.0593047034765	22	3	6	0	0	0.0
0.0604789546731	0.0613496932515	23	3	6	0	0	0.0
0.0624539886291	0.0613496932515	23	4	9	0	0	0.0
0.0694591060974	0.0633946830266	24	4	9	0	0	0.0
0.0702325692948	0.0633946830266	24	5	1	0	0	0.0
0.0728320853902	0.0654396728016	25	5	1	0	0	0.0
0.0758180994738	0.0674846625767	26	5	1	0	0	0.0
0.0811007911945	0.0695296523517	27	5	1	0	0	0.0
0.0824598678823	0.0715746421268	28	5	1	0	0	0.0
0.0829684153135	0.0736196319018	29	5	1	0	0	0.0
0.087179980508	0.0756646216769	30	5	1	0	0	0.0
0.0899998756731	0.0777096114519	31	5	1	0	0	0.0
0.0905738255637	0.079754601227	32	5	1	0	0	0.0
0.0958921242675	0.081799591002	33	5	1	0	0	0.0
0.0969865604512	0.0838445807771	34	5	1	0	0	0.0
0.097054011534	0.0858895705521	35	5	1	0	0	0.0
0.0993118496812	0.0838445807771	35	6	3	0	1	0.0277777777778
0.105423668346	0.0838445807771	36	6	3	0	1	0.027027027027
0.107813494404	0.0838445807771	37	6	3	0	1	0.0263157894737
0.112436117175	0.0858895705521	38	6	3	0	1	0.025641025641
0.112637615359	0.0879345603272	39	6	3	0	1	0.025
0.113863496744	0.0858895705521	40	6	3	0	1	0.0243902439024
0.1175760097	0.0858895705521	40	7	1	0	1	0.0243902439024
0.120905128386	0.0838445807771	41	7	1	0	1	0.0238095238095
0.121609952856	0.0838445807771	41	8	5	0	1	0.0238095238095
0.123786694354	0.081799591002	42	8	5	0	1	0.0232558139535
0.127404751045	0.081799591002	42	9	1	0	1	0.0232558139535
0.127444440705	0.0715746421268	42	10	28	0	6	0.125
0.128617500164	0.0736196319018	43	10	28	0	6	0.122448979592
0.130358023644	0.0756646216769	44	10	28	0	6	0.12
0.131235134857	0.0777096114519	45	10	28	0	6	0.117647058824
0.143580672288	0.079754601227	46	10	28	0	6	0.115384615385
0.145779128317	0.081799591002	47	10	28	0	6	0.11320754717
0.150673911582	0.079754601227	48	10	28	0	6	0.111111111111
0.157971891542	0.079754601227	48	11	6	0	6	0.111111111111
0.158092312899	0.0777096114519	49	11	6	0	6	0.109090909091
0.160159933244	0.0756646216769	49	12	4	0	7	0.125
0.161565210685	0.0777096114519	50	12	4	0	7	0.122807017544
0.162525895281	0.0777096114519	50	13	5	0	7	0.122807017544
0.165961029452	0.0756646216769	51	13	5	0	7	0.120689655172
