cnumpy.random
__RandomState_ctor
p1
(tRp2
(S'MT19937'
p3
cnumpy.core.multiarray
_reconstruct
p4
(cnumpy
ndarray
p5
(I0
tS'b'
tRp6
(I1
(I624
tcnumpy
dtype
p7
(S'u4'
I0
I1
tRp8
(I3
S'<'
NNNI-1
I-1
I0
tbI00
S'\x95)#\xbc\xba\xc4Zi\xfe\xe3\xb8Z\x10mY\x9c\xff*\xb3\xc6\xcd#sv~\xd2\xb9\x186\x0c\x88\x9d\x14\xe1\xbf\x0c\xean!\x93\xbf\x19\xd7\x0e:\x9d5\xcc\xf5i\xba\xefQX\xbb\xeb\xac\x1cO\xc6\x19Z\xe2\x86\xe1\xee\x1a`\r\x12\xbbd\xe1\x11\xb3\x90\xf1\\\xae\xba3Wi&\x13Q\xc7\x03\x8d\xae\xa0\x9b\x94\xc4&LE\xca\t)\x1f\x91\xbdh#\x00\xber#i\xdf\x8bp\xea\x94\xeawQx\xf6\x89\xd8\xd7\x0e\x952\x1e\x9ez\xf0{6\x0f\\F\x98Q\xb8|\xe4\x936\xb5y\xd1\xea\xbf\x1f|\xaf\xc9\xaf7\xa7]\xe2\xda\xc1|\x8fp(\x88\xe1oq@\xbeo$\xe3C\x92H"Ycsu!\xac\x93Z\xac\xf3\xfb\xc3=\xec\xf9\xddf60\\\xb5\x9e\xb8\x80\xc8\xabK\x04\x05F$9?x\x93Y\xe0Q\xb8\x06\xba\xb4x\x12%%\x9a\x04\xd7\xb09\r0=\xbda\x9b\xfcN0u\xd1\x8b\x0bJ\x00\xde\x83\xd4Y\xbb,\x81\x0c\xb5\xc9G\xd1\xfd\xd5j\xb3l\xbe+\xb0\xa8^Q@v\x95\x02h\xc8\x00B\x12r\xc1\xa6#\x9aj\x9a\xc0\x04I\x02\xc0\xa9>\xdb\\\x0e\x8e;\xc2\x81\xed\x9e\x0c\x0e\x9d#\x80\x12r\xa0\x16\xa2:\xa38\xd7\x1e\x11couy\xda/D\x82\x05\xe7\x0f\x00#\xb5\xdbd\xbc\xa1\xa0Drg\xe0\xfb\xbf\xb6\x8c\xef\xd2\xe3\x17\xdbE\xf0D\xe1\x82A\x9cy9\xbc\xbbv\x9a\xc9\x99\xb1\x86\xee\xeb,\x12\x937\xdf1\xf9UP\x8c\x1d\xb4xlt\xfa\xbf\xf0\xb6|\x84\\\xee\xb7\xcb\xbf\xb1,\xea\t\xd1\xd8@8[\x1c\xad\x1e<\xb2\x1f\xe8}3V\x9cg\x9c\x95\xbbA\xcei~H\x17\xabJ\x8bIh\t\xf8\x9a\r[\x92\x06\x19\xc0\xbdz<\xd5Y\xd2B\xf4#P\x0c\xcf\xd6\xad\xb8\xb7\x07\xea\x84\x8b\xfd\x85\x12\x9c\xfb\xaa \xd00\xe8\x8f\xb0o\xdfY\xb0)L\xab\x84J\x02\xb5\xe1\xcc5\xff\x8b\xf5\xd2\x07\x145\x18\x0f~I\x15\xe2\xa6\xff\x7f\x92\xc9\xc2\xf0\x81\x05\xf1\x05\xb1\xd9\x99nek8-\xa4\x1c\xce\x08\x02\xe3\x93\x05i\x9ba7\xeb\x06\xc6\x1c\x1f[NRt\xfdS\xa8\x86\x91\x0c\x1fq\x82Kz\x7f,\xf0\x80\xc0\xfa\xe2b\x1a}\x033\x12\x88l\xe0\x98\xeb3\xa5\xbe\xd7O\xf0\x99N\x89\'\xf0.F\x8b\x83\xf2\xabP\x048\xbf\xdb\x8f\x1a#R\x0f\xe1\xaf\x83\x1fq[X\x1fm\x06\xf0)l\x1d/\xd7\x06a5\xd4\x9e#\xd3\xda\xf6Y\xb7RN\x0b\xd9\x83\x80\xb4\x8e\x9cdL\x10\x04\xd7z\x91\x93h\xcb\x16\xdd\'g\xd8\xa9M\x9fD\xa4\xf23-\x1c\x84e\xbf\xa0j\x1a\x06\xccB\xccD\x87\xe24\xd6\x9d#\xc8\x8d|BH\xeab\x97\xf5\xfb\x9ew0\xbd\xafiC[\xe3\xe8;\xd4\x7fX.\xde\xbf\x19\xea:_\xcd0X\x80\xdcq<h.>\xb7{[\'\xfe\xea\xf0\x91\x83KC/R\x95\x00\x98\x00\xad\xb2\x16@\xd5\xc0~\xc99\xef\xd5\xa4nX\x00\xfc\xb5\xa5\x9b\x7f\xc3\xac3`O\x9c\xf6\x85\t\xa9\xacm\xe67\xecci\xc1y\xff\xa0\xdd6\xd9\xd3\xaf\x94\xe2 \x90\xb8^\xe1ek\x87\x0b,&7\xddV\xab\xa5\xfc^\xcc\xe2!PH\x108\xc0oD\xdd\xc8L\xe5\xb3\xf4"\x9e:-Lwj\x1b\x86\'/`@,\xd4vz\xbch\xa0\xdb\x11\xed(\xcd\xa0Rb\xc9\x0e\xf7\x82\xc9\x81b\xe7\x03Xk\x0b\xea\xeb*:\xb2y\xe2\xf1K\x1d\x89\xd4`\xf4\x0f\xa0\xe8U-r\xc1C\xcaw\xd9!\xaf\xf1\xd4\xff\x01\xd9\x81\xe1\xea\x13d\xac\xfe\x87\xf4\x87\xc3\xc7\x9a!K\x0e\x86\x8f\xefv\xe3\xb9."\xa6\xeb\x9b\x98\xce\xe1l\xc0\x81\x00\xf1\xf5\x03\x85/Q\x01Y\x84\'\xb46\xe2\xdc\x892\xa1\x9d\x0c\x86:\xa1\x08\xb9Z\xbdv\nl\x0f=\x8b\xe9\x89J\x9f\x9e\xff\x99#\xde\x84\x8d\xfd\x93\xae!*\xa0\xf5xC\xe1Q=\x10\x7f\x06\xb8\xb9s(n\xfb\xb3V\xd8\tlg-k\xd2\x11\xfa\xb3\x81Q\xd31\x8az\x90r\xc2\x13A\xea58!\xdd\xe4\xaf\x11\xc8\xc4\xed\xb8\xb32g\x08\x8c\x1f\x9b\x00\xf1pxAD\xba\xb5\x96\xab\x82o\x90eT\x90<\xb1\xc0\x00\xcdT\xc4\x91\xf4\x11\xf7\xcf_w\x8fi\xc6+]\x9f$\xe0\x14\xfbph\x97\x9a\\\xea\xd2\x8a\xad\xbcw\x9e\xb5#\xb2#\xb4\xab\xb5\x83\xaa\xd2\x96\xbb\x1b\xf5(\xdc&\x9e\xdc\xa9/\xf2\xc4\x1b.\\\x93\xec)\x02\x16,=4\nv \xfbf\'\xc3\xc17\xd1g\xa5\x1b!\xaa\xcb\x11\xbc\xde\x0fV\x8e_\xd4\x8b:S\xf5\xe8aF\xea\xf2\xb0\x93L\xf0\x9e\rx\x0bq\'\xb3\n\xc9g\x89\x89"e\x9d\x9b-\xc5\xe6\x11\xf7\xaf\xa2\x1b1.<\x99\xc3\xa2\x89w-\xf1\x92Hh\xe0=*\x8cN\xc6\xef\xcb\xcc:c\xd7\xde\xc3\xdc\t\xd9\xf8\xd6\xcf\x1a\xf6\xdb\x83\xd9$ \xcf\xf2\xa8\xf5\xceY\x12\xdf\xd9\xcd\x98\xf51R\xc4#\xa4\x03\xc0\xd7\x82\r[;\xc3\xab}\xf4\xe9+\x9a\xce\x9e\xcc\xddLB\xaf\xae\n#r\xa8\xef\xaa\x835\xa9\xd3\x10\xb8\x8c\xe1"p@\xe9/?\x96\xf9\xec\x8a\xc6t\xcd\x1fg\xbe\x92\xafx\x11\x00\x9dh\x8aZ\xcf\x00\xb5\x1d\xc8.)\x84S<\xbe=X\x95\x0b\xbe\x90\xf6\xbcb\xc2\xca4G\x17\xac\xe0\x8e\xca\xc5%v\xffJ\xb4\xb4\\\x0e\xa7\xab^\xc8\x1e\xb4{\x18I\xa0t\xe1\xf4\xdf\x0b\xda\xdc\xb3~TTn\xe7\x18U\x08\xc6()\t\xf2*\x08G\x88F\x02q\xfcZ\xa5\x8cv\xb6 \xb3\xd3%\xf4B\x943\xdf\x81"u\xf8\xe6\x1b\xbcF\x9a\x01\xea\x1d\xc7\xa9\xba\x01\x85\xae\xd9y>\xd0\xb0)\xce\xc9\xc7\\-\tz\x08N\xdd\x07\x1c\x95\xf81Q\'1\xa97F/\xf4p^\x954\xe0\xb7Q\xf7\x992\xf8\x08\x00Z\x9e\xa0\xbf%\xd5\xb3\xec,\x07\x1fbi=\x7f \xee\xe2\x9d3\x8b#\x84kVH\x82)\xe7\x8d\x96\xe0\x1f\x01\xf7/\xb1\x02\xa2\x9c\x07\'"\xad\xdd\xa3\xa0\x8b\xe8\xadzd\xe9\x80l1\xfa\x90\x85\x1d\x8c\x9b\x8e0\x94\xc4X\xf2~4MU\xda\x18\x0e\x86\xbf6\xb9\xe3\x0c}8L\xd7\x1f3w\xabR\x8c\x04D\xe3\x07&\xad\xd8\xf3\x90nqp\x1c\xbc\x86\x08\xe4\xa8]\x9cIx?,\xbd\xbd6\xf2\xa2Xu\xef\xdd\x12\xf6\xce+\xff\x91R\xe556\x9d\xb3\xb5\xd4\xac\xbc\x99\xd7\xf5v_\xf8Ai\x0f \xe2\x96\xe0\xb9\x8ff\x8e-/%\x04\xa6t\xa7\xc1\xc9\xac\x00%~T\x98\xa4$S\x0f\x97^\xa4F\xa1\x967RE\x8bV\x1cP\x97\xc9{\x8d\xd4\xb6H\xbdC\xd7\xa6\xd9~uF\xc7 kl\xb9\x83\xa1W\xc4\x07\xc0.BQ"\xdf\xeb?\xfbQP8\x98\xc2\xd7\xb3\x86\x10|s\x12\x9eu(\x1b\xfbp`\x90?bj\xc8\xa9\xd6\x98\xd3\xbeu\x90l\xa7\xd9\x8b\x88\x82\xa1h\xee\xbaS \xb9\xb9\xf3\x87\xafX\x91g\x9cB\x9f:\'\x97M\xf7\xb7\xe3\xd8\x8dJB\x02\xda\x0c8;\xcb\xb4\xa0\xf6\x08\x93q\xb1\xd3\xe9\xb7`#1\x9d\x81q\xff\x89\x82\xd2\xe9\xa2rL\xd9\xfc\xfb\x07\xa2\x12\xe6\xfc\xea\x8aV\xc1+|@h\xe2\x91\xc1\xad\xd6v\xbb\xec\xb8`J\x8b\xe7;?e?\xbf\xb0:\x8d\xcfe\xb16A\x93\xbf\xdb\xb0H\xd1\xdd\xf9\xcf6\x81\xb2\xab\\\xc5\xaca\xcd\xdcM\x96\xef\xcfI\x00\xe4\xec<x\x88\x93\x136xW\xf1M\x81(\xb2\x1e\xa4\xd8\xdb\xad\x1ds\x05\x9b\x11\xe9\xbbtV\x11\x965\xa6y{\xc5\x9f\xb0"\x0c\'\xefC\xaf\x8b\xae\x8cWrvx\xc2\x03\xb3\\\x7foB\xb0\xd7\xd3\xbc\x1f\xa0K\x92\xc8\x0c\x1f\xcaa\xf1\x8f\x9c\xea\x83\xe9\xcfk\xa3\x00z\x8ewi\xc5\x05\xd5\xa5\xa8-\xf6\xa2\xb0\x9bAzvr+\x7f\xe8\xfc\xbdBl\x9fd\xc3&\xf4[\xderB\xb9#\x98K~\x8c\xc1b\x12nyDC\xbd\xabu\xe7)\x92H1)\x96\xd9\xee\rw\xbc\x89\xc9\x14|\xe1\x8bm\xadf\x14%\xad\xab\xb9\x88\x04\x02$\xd9\x12\xbe\x18\xd9\x12\xa4\x8f\ng\x0c\xc4\xac\x90\xe7\x04+\xd0@K\xbd2F\xa3y||2y(2_\xbb\x8a\xf1WI\xfc&\xd0b\xcd\xf4\x1fX \xcaB\xe7_w\xb9\xab\x8f\xf0\x9d2\xd0p\xff\x1b\xa4\xe5\x92\xf1*\r\xa83\x1e\xd8_\xe7q"m"pS^\xda\xf1\x0c\x93\xa9\x1f\xc4\xe26\xb8\x80K\x94\xe6\xa1:qx\xdb\xcf\xb1\xc3\xeeDw\xfb\x0fG\xfd\xb8\x81\xfe,\xfd\xe9Dp\xfb\x04\xd6+\xb1\x83?\x14C\xc3\x85\xcc\x10y\xf8.(\x8c(d\x9b_\xc7\xa7(\xc9\x84\xb2\x8c:\xe5\xe4\x90\x0f\xee=\xc7\nz\x12\x89\x9b\x0b\xa7\x96\x84\xce\x90\xf2\xe8\x9c9y\xfe\xf7\xbbV\xa0k\x96\xdc\xa45[\x06\xe1?\x16U\xa1\xfb\xde2)\xc5I\xe0\x8c\xc5:\xd5!S\xbc^\xc1\xa5l\xd5\x0e\x0f"\x88\ra\x16v)\x0f\x1c~\xcfr2fH\xf1\xff_\xc2>[\x15\xf6*o\xdf\x8f,F\xfd\x9amrN\xc6\xc8\xf4\x08\x8b\xa8H\x99\xf0\xfeu\xc2\xa65\xde\xcdBZ\xddW\xdd\xe0@X\xff\xf5Q\xc1J\xe4o2Z\xfc\x10{\x1a\xfd\xd4\xf9\x80\xbfs\x1c/\xa9K\xa9/\xd7\x05\xad\x84p\xaa\x90J\x06@G\xa3\x90t!SW\xe9\xbeF,\xb1\xc6\x0bk\xa3\xaa\x08Ud\xe6B\xbc?\x1c`pC\x00\x1a/@\x00\xc3\xdd\x94P\xc2\xe2\x84\x9d\xf4e\t,\x9f\xad\x96\xa1\xc1\xfa\xaf\xa1\x14\x00\x85\xf0\xf4\xb0\xddy\x0e\xb5\xd08L#-P/\xcd\x1b\xfa\xdd[\xd2\t\x17d(\x89\xe4\x8e_\x11\x036\xd4\xc9\xbe\x1et\xc8-r\x81\xfa\x02\xb2\xab\x1d\xf9L2K\xcf\xcb\xf0DDm{B\x92\x83\xe9\xac(\xc6\x8c\xe6;\xad\xe0w\'\xde\x8c\xd7\x13K\x89\xd8\xf3\xa3\x80K\xd48}\x0b\xc3k\xa47\x02\x93_\xf5b\xb3\xfa\x9e/jo\xf0\xd5\x12M\xca/2$Ny%/\x00\x93\x08\xdf1\xf8\xda\xbf\x0e\x0b\x93\xc1\xcbl.\xfcB\x0e\x1f\xff@12!lU3L\xb8\x11\xe9\x7f\xf6kMB\x8e\xd7\x81Lf\x1e\x8e\xde\xcb+\xf8\n'
tbI624
I0
F0
tb.