cnumpy.random
__RandomState_ctor
p1
(tRp2
(S'MT19937'
p3
cnumpy.core.multiarray
_reconstruct
p4
(cnumpy
ndarray
p5
(I0
tS'b'
tRp6
(I1
(I624
tcnumpy
dtype
p7
(S'u4'
I0
I1
tRp8
(I3
S'<'
NNNI-1
I-1
I0
tbI00
S'\x06 \x1c\xc2\x8d\xc5(\xd6\\?c\xcb\xb7\x0eG\x95\x1dQ\xd2\x89\xf3\xff\x991\xe3R\rZ\x81\xf6^\x81_\xff8\xe7\xcc\xcd\xfd\x1d=\xe8\x95\xaa\t\xc3\x06\xb9\xf6\x93;\xcd\xe2d\x9b\x02\x0bb\xcf\x967\x1c(\xf7\xb8B\xde\x17\x0bc\xb9=\r\xe4\xd1\xdc\xfbR[\xfa\x03=\xa0<r\xbb\x9c\x0e\xb1\xd4\xf3\x1eO\xe6\xff\x7fs\x16\xa2\xd7\xfa\x81\x03z\x15\x01\xa3]\xa2\xe0{\x84`zQ\xee\x9e\xb9w\x1b,\x7fM\x1aJ\xe9\x7f!\xecrFc\xcb\x1a\xf5\x910 y\xf0X3\x94\x18\x928\xad6\x84\x89\xe2j/\x10\x9a\xa0\x0b\x12G$6\x81,\xa8>\xe3\xab\xc6C}\xe00M\xc3\xab\xac:\x19|VK\x01\xdc?U%\xd8=\x0c\'9F=\xfa\xdb\xb6\xa3\xa5\xec@\xd8*\xf2A\xf0\xf4\xef\xfe\xe8G\\\xba\xb0\xe7w\x9e/\x1a\xb4\x0c\xb4u"\xc1C\xc6\xfc\xed\x91\xdd\xee\xf6jA\x9d^\xc8\xa4m\xfa3\x8c\x82\xd0\xb7\r#\x0cu \x1cJ\xbd\xb4\xa8\xb1\xa7p\x1b\x87^QQ\x8c\x95\x83\x9c\xbe\x03J:\x01J\xba\x01\xeeMv\x92\xbdgcb\xecyR}\x95ih\xe4\xe0OV\xe1r\xc65P0\x0f\xfa\x97I\xe2U\x8b\xd6\xb0\x90\x8d\xd1Sd\xc8\x8fJ\x96\xf9{\xa4\x05\xc8\xae\xf9\x12\xa1\xecr\x9c/\xdaP_\xdf\xbc9\x8373)\xb7P\xde\xa7\xf56\xf5z\xa9\xecn\xa2*;!o\xc4\x94p\xce\xe2\xf0\xc1\xadq\xe3P}f\x08\x8d1}\xa5\x86\x1c\x03\xba\xc4\x8e\x82\xc5\xb3\x02\x13h\x1e\xd7\xb3Z\xbdIn=\xdfP\x14,\xa3\x8bl\xa6\xd7\x0c\xae\x8f\xa8V\xca\xc4\xd4\x93{\xd7\xc4\xd7n\xc2t\xf0\x80#?\xd8\xa4R\xa1\x05\x9e\n\xfa;\xe4\x16\x99\xcd]\xed\xad\x92;\x01\xc4v<X"\x13\xf4\x94\xe5b\x95\xef\xb3\x89R\x81\x1cs\xdd\xfb\xdb\xba\xa6u\x18\xe6\xef\xcc9{*\xf3\xd8\xdf\xf0H\xf3\x0f\xc0\x12\xcc:c\xf8m\x00\x1e\xf2\n\x96F\xda*\xb9\xde\x8ej\x81:\xfaO\x1bt]l\xf3|W\xab\xb9\x0f\xd6\xb3\xc6\xb5\xa6g\xc2-X%\x0b\xeb\xf5\xe6\xe7\x980"E9\xc8\xc0@\x830B\xe0j\x12\xc9\xdd\xc2A\x11<\xe6\xb4\xb7\x18.m?\x93U\xedh\x84\xa9\x0c*E\xe1\xfc\x08,V+\x8b\x17\xf5\xb6\xdd\xd3\xa89\xfcI\x9e^\xc91C\x7f\xb3\tS\r^\xc0\xb5\r\xae\x06\x84GD\x12}\x8a\xe0q\x88r\xf5TF\xf0\xa4|\x1b\'\xa2O~\x10\xee\xffi3\xb1\x9e]8@\x87\xc51\xc7\x8c&_\x10}\xa3\xc5\x8cY\xad\xb5\xe8w4\x92T:\x1f\x08kv\x1e\x8a+l\x0c\x9b\x9e\n\xd3\xbb\x08\x9a\xb8\x85!\xcd\x8f\xc8\x15b\xa3\xeb4F\x91Rd\x86\xc2\x89\x0bFZ\x07\xf0\x85\xc6\xe9\xae\xbd\x0b\x0c\xb9\x11\xb3^\x8b9\x99\xcbi\n\xe0@\x9cX\t\t\xce\xa2\x15\x1c\xae\xe5s\xed\xe9\xad\n\xdaI\x999\x11&\xfe3^\xd2\x9b\x1bNfF\x87}}\xe3[U\x12#\x8edS|Yz\xc8\x13\x12u\xbd\x17o=\\\xb4KOp\x84\x9f\xdel\xcd\x97\xbb\xe6f\xb8\r\xf1\x1b\xfc\xdc\xe6\x9dL\xe2\x8c\x15Qu\xf6\xad\xb6w\x00`\xbea\xb2\xa0\xc1\xa0\x11_\x15\x9b\x01\xbf\xe1\x05l\xb7\xf9S\xc0V\r1\xa3\xf9\xf4\x94\xa6\x17\xa0\xc9\xde\xfb*kc\x82\xac5\r\xf3?\xe4wC\xac0\x12l~5#c\'\xe4w\x919\x05\x97\xa4\xf9\xc4\xbe-\x14\xd4\xa7\x1e\xe7\x05\xd0kwz\x9d\x7f\xd0\x16\xa9\x8f7\xd0jNm@rz\xfee\xbc\x08 \xec\xa51\xb7\xa8m\x83\x83H\x9f\xd3\xc8\x90\n:\xc9e\xdaj\x14Q}*\xbcp\xe7oIL\x9d\x83\x9fYC|U\xd2\xa4D\xaa<{\x90\x84\xe8\xec\x1e6\\\xfb\xef\x1e-\xe4\xb8\xc9!Z"\xc6\x1aR$\xa3\x07\xc3t\xbdzO\x9e\x1c\x9e\xab\x04\xae\x85\xe5\xe1\xbe\xf7a\r\x17\xa8J\xaf<\x04\xf2\xe5\xcd\xe19\xbdi\xd4\xdf\xc7\xae\xde\x85<\x84H\xeb\xfb\xd5%B\xf5\xbf\xae}(\xaaAJ2[\xa7\x1c\x05"c\xfe,&\x87\x9e\x0e;C\xfa\x08VC\xc1\xec!\xb3\x86\xc4\xd5\xd36\xa9\xcd}iM\x8a`@\xe8\xa3\xd6\x04l*6\xf0V.\xab\xace\x98b5\xc6\x169\x90\xb8o\x190\xa7>s\xe2\x04\x97\xac\xc9}u[z\\\x82}~"Y"ay\xdc\xf0\xfe\xe2 \xf2P\x8bF\x1ej\xe7\xbc\xa9UX6\xa8_\x0f\xcf#s\x1c\x8d\xdc\r\xc8Ze\x10\x82*Q+\xfe\x12\xe4\xf7b\x94I\xd7\x07keh\xc5\xe4\xc9\xc4B\x05\x88\tq3,\xae)aY^N\x8dUT\x84\xf3\xbe\xb1\xc6T\x9c"\x81\xabeS\xc6I\xdf\x84\x85\xa5\x1a\x15>E\xf7?\x07\xd0 \x93\xf9\xcb\xd8q&\x8c\xb2T\xf3Z\xbaQ\x19\xfa\xd8\xf0j\xed\xf1\xe5 \xcc\xef\x10[\xd2\xa8p\xb9\xbf\xde,\xe3 \xbe\x00o\x90\xd7\x03\xf7\xd9~`\xf4\x91\xb5rw\x116\xf4xJ<\xc4\x8b\x97\xf6\x8c\x17*8yM"7C]\x03\xa7\x06If#\x9a\xbf4\x81\xfc\xd5\x14\xdb\xbe\x8a\xc5\x8a\xec\xf6\x0bQx\x0c\x020\xae\xce\xa8\xbdu\xb5)\x1d\x7f\xc7\xd9\xb5\x92[\x9e\x80\xfa\x16\xaf\x80x\xa4\x95A\xc3^E\xb09\x1f\x1b\x1an\x140{&?r\xb5\xbd\x03y\xd1vP.\x042\xf9>V\xf5\xe8\xe1 2\xfc\x82\'\xab\x01\x05Mt\xcf\'\xd4\x13\x92\x85\x85g\x9b\x01=G\xaf\x14\x05\xe2\xe9\x15W\x12\xf3\xe7\xb5\xfe\xd0\xa3\x02,s\x03\x99\xec\xe1e\x84\x0bR\x9fW.\x1e\xf5B*`~$OO\xd9qf\xcawh\xfdu\x07V\x99\xae\xf8\xe9\xa9\x89\xdf.\x8a\xa7\xc0\xaf\x90\x88\xf6!h\xe0\xdb\x83\x1b\x0e\x02\x14\x9e\x1c`\x14\xe4\xb7j\xe3\xc7Lb*\x86\xb5\xb8Q!\xc7Ny\xf2\xec\x1c\x8fq\x82\xd0\x92QI^\x93}\xcd\xd98\xc6!\xe5\xe8}:\x1e\xb8\x97\x86\xdc\xb7R\xfc\x08"\xc2_\xce-x7\xa9\xcc\xdc\xc1\x16\xab\xe4\xb6*E\n$B\xff\xaa"Y\xfb!#i]\xb62I\xa18\xea\xec\xa8\xb6W\x87+\x8d\x93\xd0C6\xd6\xcd?&\xc9\xe4\xdd.\x91Z\xb1\x11\x0fx\x0e\x93\xd0+\xaeN0d\xec;`G4\xf5\xe6?\xe4\xa5\xcf\x8eK \xb0\x9c\xd1\x8f\xc4\xa6\x07\xb6\x050\x83e\xd8)\xd5\x8e\x18\xebg\x98d]b_7\xf5\x1c\t\xd6,\x08l\x1b!S\xcav\x18bR\xa6\xedH\xec\x06\x84IW\x8e!?\xe5E\xb7\x16\x88\x85\x95\xc3\x8f\x87\x1eh\x88q\x83\x98/\xab\xd2#:L\xc00\xc0\xfb\t\xba*xT\x83^e\xbaJ\\\x01\x8f`@\xa4\\?^\xc7\xe0qSJ\xad\xbcT<Q,6\xae\x9amV\x91\xf1\'\xbf*\x83\xb6\xd2\xder>I\x12\xdf\xb8\t\x8ch]\xa6U\xe1\xe9R.)[\xdb\x8eT_0=t\xfa\xbb\xec"\xd7\xd8\xaaIl\x0b\x0e&kL\xd3,\xd8V[\xab\xdd\xc6L\xba\x1e\x85\xe7\xa2\xee\xc1y\xc3\xd0\r\xce\xe7%\x060\x97\xaa\xe2\xe8\xfa\xb6\x89\xc0N\xb2X\x91\xdc\xfc\xc5\x83\xf6\x19%\x16;\xde\x1d\xc9H=ZD(yJN\xfa\xac\xe8\x1e\xc1\xfc\x8f\xef\xb07Wa\xfcV\x1bK\x14\xdf\xcb\x12`\x1e\xf3\x0f\xbe\x05*9J\x96d\xc7#[\xe0e\xcb\xe0C\xe9$\xcb\x11\xfa\x0e\xc9T\xa1r\xe2\xfa\xad`1G0\xd7\x05\xde\x82i>1Ly\x10T\r\xf5\xd4q\xceZv\x9a&\xc1\xf1\x06\x04x{`\xcb[\xd0\xcf\x96\xa5\xde\x9eR\x1f\xfb\x93\xcfK\xb2\x11\x13z\xd2\xf7D\x8c\xddw\xd6\xc4\xd5HN\x90\xa6\xe4p\xec;\xf67R\xf42\x13x\xbb!\xcc\xd3sl\xa0/\xb7Ut\xee\xaax\xb8\xda\x1a4\x98\x08\xcd\xfa7\x1c,\xa2i\xb0\xe6\xe2O\xd2-\x85\x98\x83\\\xe4d<\xe9\x11\x12\xf8\xc4\x1d\xee\xe6x6\x04s\xa5F\xae\xf4\x1c\xc5\xbb\xcc+I<\xb0i\x98 Zw}\xc4\x1aZ\x1f\xf66\xda\x19\xc7GL\xb9\x8b#\x84\x87\xe1\x9a\xd0\x1c\x8dD\xfe[x9\x1e\x89\x16\x84\x1c\x12\x0fu[(\xb2\\Xeu\x88\xe0\xe4\xd3\xe6\xb9\x89\xb4\xdb\x97\x0c\xcb\xcc\xc6\xd7\x1b\xca\xa3\xbe`\xc2\xd6\xc2)\xad\x02\xef\xdc\x934\x91\x92>\x9e}N\xf1@_O\x1cC\xe9=\x99\xff\x12\xf8{n\xe0}[\x01\xd8\xfc\xf91t\xe8\x89\xf4\xd1\xc8\xe7\xd3ys\xb5\xfe\x14D/e\xc7\xb7\xfcr\x98S\xe7\xffH\xa6- \x94\x15}\nH\x11\x0c\xc4\x03\xc8\xb5p\xa4\xfbDrNj%\xdb\xd0\x12\xf9\xd8\xec5\xb1\x9b\xcc;\x90\x88b\x94\x1b\tMK?\xc2\x94u\xeb\xe4\xea\x86\x00\xec\x05lys\xeb\xa9\xf8=\xf1\xc6\x12\xeb0e,\xc8s!u:9\xc9L\xc8\xe0\x0b_\xff\xe4\xf6\xb0\x88\n\xf6\x9a\xa5xg.\x8f\x01!>j=@\x82?85\x90\x1a\xdb\xf8\xeb\xf4z\xb6k\xc8\xd8\x13K\xf5\x8b\x00\xb6\xec\xc3\xcd\x18\xe4\xd7\xed\x11\xc7,\x0c\xac\xfb\xed\xe7J\x0f\x00~\x7f\xffS79\x07]y\x94\x16\x1ae\xe6I\x93\x8c\x00w\x8f\xd1c\xd2\xed~\x11C\xdc\xf2\xa2\xcf\xe90\x9db\xeb\xa5\x1e\x17\x19\x0f\xec\x96\xfd\xa6-M\xbc\x86\xbd\xdaB|\x0eGMC\xec|\xa2`_\x06~\x86\xf6\x008\xbf\x9ez\x17\xd7\x9c$\xd7\xf2\x0fJ\xa80\xebK\xfc\xaaM%\x15\xbd~ \x89$\xc1\x10\x83fu\xd7\x12\xfds\xe8t\xe2\x8f\x01VE\x96&\xa9u\xdb\x99\xa7q\x8e5\xc7\x0e\xb8b\x98K\x0cg=vK\xcf\xfd\x80@\x80\x06\xd9I\'>\xf5%\xbc\xd8\x17\xb5\xd1A\xe3\x03\x93\xa3k\xb2\xbbjU\xb2\x8b\x91~8\x9d\x11\xaea\x1e\xa4\t\xb0\xbfv\xc2\xff\xf8\xeb;\x02S\xdb\xf3<\x08x\xa6^q9\xc19`K\x04\xdd\x8b\x8a_%\xac\xe9\x15\x85?\x94\xe3\xca\x8d\x1bu\x14<\xa4QTQ\xc0\x0e\xb6FI\xd0G\xda\x9f\x16\x07\x1e\xb9\xd1\xea\xec\xd0c\x97+YS\xcd\xf6\xa8o\x1b\xb2f\x0c\x88m5\xda\x15\xe0k\xeehw\xeb\rv\xb8\x01\xae\xbf\xd1\xe4\x81\xa2\x004'
tbI624
I0
F0
tb.