cnumpy.random
__RandomState_ctor
p1
(tRp2
(S'MT19937'
p3
cnumpy.core.multiarray
_reconstruct
p4
(cnumpy
ndarray
p5
(I0
tS'b'
tRp6
(I1
(I624
tcnumpy
dtype
p7
(S'u4'
I0
I1
tRp8
(I3
S'<'
NNNI-1
I-1
I0
tbI00
S'-I\x12\xc5r,\x13\x03\x9f\xdc\xd7~p\x85\xbcq\x0b\x0f\xca.\xe3\xd1\xa5\x1b\x1e\xc26Z\xde\x15T\x99\x07S\n)\x9a\xf7[<H\xa6M\xe9\xe7\x8eeM\x14x\xe5\x8bX\xe2\x02\x18g\x99\xc6\x85V\x98\xa6\x82\x95\xdc3:De\x8b\xf2X`\x9fTee\x02\x87\xf8e\xf5\xf3\xb9_\xf7\xe1\x9d\xfa\x10\xfaM\xec\xf9\x12\xdc\xdeg\xa1c\xb6\xf27C\xa2\xa2\xb3\x99\xd3p\x92\x17\xee\x1d\x1aQ\xe3\\<Z\xa7\xd0J\xaa\xaa\xa8b\xae\xb9\x9c\xb4}\xf5^\xc4\x00\xa1\xaf3\x99\xd4\xcd;+\xc2\xf6\xe6lcY~9\xa4H\xf1t\xefQfX\x96\xa78\xa3\x02\xd4\xd7]n{\t\x8e\xc5\x8c\xee\xfb\xda4`/h\xd1St\x8f\xb3\xa9\x0c\xdd\x98`q\xc56\xa5\xac\xfdh\xa4hL\x10\x97\xb6\xbc\x8d$h\xf2\xd8\x93\x9c\xf6\xde\xf3\x1b\xfc$\x19b\xad1\x82\xcc\xa6\x9a\x90\t\x0f\xa5+??S\x82\x99\x0f< ^\x17&\x85\xe2\x03\xd8F\x05\x98\xf6)9m\xa8\xa5\x19\xa782\xc2|\xcd\x9cR5\xf3J\xc3\x87\xd5gu\xc1FB\xe7\xeeuE\xb1\\\x15\x93\x08\xdb\xe5=\x10\x0e\x0c\xcb%(A\xc1I\x17\xf8\xec\xf2\x08\xda\xac"\x13\xb8\x9e=\xbd\xbaD\x12\t\x86\xc4\x8f/\x7f\x81\xb3_\x8c\xc0\xd0\x19\x0c\xb9T\x1eP\x99o\xb7R\xa8\xa8\x19\xd4\xf0\x8f\x1b+*\xdf\xe2zZ\x17\x85\xe78\xe1\xc3\xea\x81\xa6M-a\xcc\x97r\x1b1\xa0\xddD\x92\xe3\xa5EZ&W\xe5"\x08T\xd8\x97&HY\xe8\xc6G\x93\xfa\xeb\xa82Y\x05b}s\x81~Y$\xfd\x89\xdeA [\x0f\x9c\xb7<\xb8g\xb7\\\x08\x89\xd9\xa4\xd9\xc6>u\xc6\xf8Q\x8a\x03\x0e5\xccH{\xff\xcf\x96+\xf4i\x9e\x00\xb2tVI\xd3\x98i\xe4Iw\xf3c\xf0\xfa\x1e\xf1\x1c*)`\xcd\xdf\xf4\x97V\x98X\xb3\x94\x97\x84\xc4.\x99\xe31\xba\x9c3\xb9V\x85KF\xce\xadr\xda4\xfe\xe5L_\xdc`Q\xc2\xe5\x93\xe2\xbf\x85{w\x13\xfa{\x16\xc0`\x9b0D\x07\x8b\xb2\x1f\xa5I\xc3\xb9o=[\xde\x07*\xe9\x80S\x07I\x7f\xec\xd9\xe2\'\xfagr\x00\xa9\xaf\xf0U\xd7\xf6\x13\xb8K\xea\xe6i\x18U\x82\x80\xd4\xe8\xb6@\x1b\xe2\x14\xa39\xce\xeb\xd0\xd0\xd5>\x86\xee\xef\xee_\xed\r\x11?fX\x03R\x11\x14\xa1%u4t\xec\xc5\x9fz\xae\xa2\x1br@\xa8\xc6\xd8\xd2\x10\x89|\xa48\\v\x9d\xca\x1e\xedM\x91\xd0\xe3\xddH\xdd\xf8\xe6\x8b_7\x80\x04\x01F[\x15\xe1\xef\x8a\xcc\n\xfe\xack6\xdb\x11o\xfd\xce\xfe\x98\x08s\xcek\x8b\xa14\xba\x83n\xf1\xd6N"\x1f\xb8\xa0\x06\x9f\x18@F\xc3\x02@\x1f\xfc\xd4\x1e)\xbb\xdb=Kn\x13\xe0\xfc\x90\xde\x18\xac\xcb\xb5\xb2\xb5\xd6\xb8\xe33!\xfcO\x05\xad\xcdB\xa4E\xce\xb5\xf9\x003\x8c\xd1S\x0c\n\xeb\x7fL\x0b?dE\xba\xe5\xed\x84\'\xce\x0e\xabe\xa1\x1e\xceD\x9d=\xa7h\xbc\x0e\x01\r6&\xf1\x94(9$\xe0\x08\xa3]\x08X\xd0\xefHDP+\x9e\xff\xb9\\c\x04[\xfc@^\xbb%\x985Ju\xc6\xc8\xb2\xa9]\x80\xfd:\xd1Y\xbd\xa59=\xc8\xcb^\xa9\x01\xc7\x8cN\x95A\x87\x1b\xe8\xa5\x1a\xde4i{\xac\xbe\xa2\xc5a\xb6\xa6b\xe2\xec\xf8\xd4<\xbbp=6\r\xc1\xce\x9f=\xc4\x7f\xe7\xed\x8f-\xb3\x80\xec\x19\x87\xb5\xeb\x8c\x02\'\xe6\x9e\xcb\xd6f6\xbc\xd2\xae{k\xf0\xab\xd0.\x1a\xc8\xbb\x03\xdc\xfc\x85\x82?\x15\xfev\xde1\xc5\x93\xc1f\xed\\\xc5\xc0\xc9\xa4h\xffa\xc4\x0b\x9c\xfa\xc0\xa0\xa4-\xa8)\x89\x11\x92"fl%&C\x9e\xa1\xef\xcaq\xe5\x0f\x8b\xa4\x9c>p\x16\x91\x12\x1b\xcd\xf8g\x82K\x18\x15/\x19H/-\xaeI:\x82\x04\xdf\xd8\xc4@j2\xd1\xa1$\xc4\xe1\xf0\x8a|\xdf\xbdi\xf9+\n.1\x19\x9bb\xa90P\xa0\x05t5\xda%"3A\x8b\xe70:6[\xfe\xbd*\x9c\x8d\xb1\\H\xef\xcd\x13eQ2\xda\xa7\x9c\xcd"\xa7\xf9\xc6\xb9\xf8\x8dhk\xe8\'4\xcd\xc6\xfb\x91_\xd3\xee6\'.\xdf<J|\x9e\xdc\xad\x87\xa7,\x81\xc1\x94MX?\x99|\xa4D\xad)\xb7^\xa1\xe6\xa9\xda\xa0L6\xd5r\x89\x07\x831\x10w\xaa\x1c\xaf\xf6\xcc|j(\x06\x13s\xffJB\xe8\xd1\x97\xee}U\x11\x15\xb8\x1e\xbeT\n\x02`#\xae^\x02\xf0p\xb4+&Y\x8f\x13r\xe8j4\xee*\xa7\xe4b\xd9\x97\x06q\x12DhtNB14\xa2\x18\xe8\xc9\xa2\x827pn^R\xf47\xa9nV.\xce57\xea\x0b\xd8L\x89\xbb\x9cT\x18+)\xf3w;d\x92l\xe5\x98\x0b>On\xd0\x11"\x90\xfa\x85\xcb\xa7\xb5\x15Y\x80\xd8^\xfc\xdb\xcb\'57\xb7\tK\xca\xab\xe2\xac;\xee\xea\xd5\xdf\x0f\xc8X\x93^)/j\x86F\ru\xa2\x8da\xa4\x13Z\xb7\xad\xfe\x8c\xcct\xa4\xe7\x1az\x07\xc6\xd1\xbe\x97`t\r \xd3\xac\x82\xf7\x9bz[\xb2.\x81.\x12:\xc6\x89@\xb0m\x00\xc3^\xa4\xe7\xb2O\xe6\xf6\xf2\xb5x\x83+\x0eD\x14\x84\x1a\xea\xe2oh\xf0\x9aI\xcc\xa7\xa2\x12b\xa3 M\xd0\xa0\x94v\xa7\x81\xd3\xc0\x9d\xfb\xae\xe8\xca\xc5W\xbf\xde\x01\xae\x1e\xdb\x1d\x82\xee\x9d\x94b\xdd\xf5\xfe\xb0,\xa8^\xce\xe9\x84\xeeB\xa3\xbcG\\\x0fE\x9a:\xbf\xf5k\xfc%\xd2\x15\xe0\x1f\x1b\xac\xdf%\xe5\xb7-9.\xbe\x1a\xcc\xad\xb5dL\'_\xac\xf4\xdbj\xa1S\xba7<C\x12\xb9\x7fg\x92NBkq\t\xfeE\x96X\xb8\x1b\xc2>H\x85\xd7}\x83\x8c\xdcd}\x9e\x07]\xca@\xe9\xfa\x81F\xca{:\xa8e\r\x7f\xf7f^k\xf49\xb1(\x1e\xf8qu4Q\xa0y\x89\xf9F\x02\x0f5\xf8\x1b\x94\x13s\xdfD\xad\xdf\x9dU\xd9\x98#\x82\x88\xf1"\x11\xdc\xb1<\x89v\xae\x9d\x05^7b\x86w\xe1\x1b\x9a\xe6[7\xae\xe3\xffmz\n\x02\x86\xffE\x9b=\xc3s\xf8\x95\x11\xe4n\xdc\xd9\xb3\x93\x84\xf0\x01Q\xd3\xb8c\xe6\xc01\xf3gFv\xa4A\xedw\xb3Yw\xeeV\xfc\x7fV\x87f\xdaQr9\xfaR\xb8\x87\xf9\x0f\xd7\r!w\xb5P\xcce\xcf[\xefP%\x9b/\x97\x98m\xb3s\xcd\x8fg_f\xce\xb7\xaf\xb9|\xf1\xa60f\x00R\x97\xb0d\xa7\x7f\x15\x89\xeb\x0co\x8b7M\xd9\x8d\x08H\xac/\xe8\xba\xb2\xf4\xe5aF\\w\xfc\xd6\x1c\xc6\x05\x9b_\xbb\xc3\xceQ\xa4\xa4\x83[\xe9\xb2\x03\xc8N\t\x1d\xf2\x99X\xf9\xe4(\xb1\x1fqeK\xaf\xf22\x15\xcb\xc6\xb30\xa0\x9dsBT\xf21\xf0\xd8\xb9\x86[\x9b\xecz5\x03\xe9!\xde\xda5P\xe6\x87{a\xf1\x0f\xf6.\xea(\xef\x101\xb4\x8a\x07\x1aPg\xfd\x9a\xd2\xe8\x96\xf9\x884D\x90\x1e\x1a$l\xa1\x88\xb1\xd06\x99\x01\xacgd\xe6\xa9\x12\x18T\xacWa\xf2_(\x9c\xe6\x86\xb23\xda\x19\xab\xfaP\xe4\xc5\xec\xf1U\x1c\xbe:g\x91\x11f\x17\xc7\xf3~>|%Y\x82\xd7\xe2:z=\xe0\x80|\xd2S\xb5\xe1\xa1T\xba$\xce\xedI\xd7\xd9\x0c\x86\tl\xb8M\x16\xf7\x83\xba\x0b\xb12\xaa\x13\xafL\x0fa\xe6\x08\'\xe9\xa7x\xa5\xfbZdq0l#\x8cH\xf5\x11*\x82jp\xf3\xdfX\xa2\x9dvZ*X\xeeN2\x05sD\xbaj\xa3l\xa6\xd5m\xf1\xe9\xa3\x06V\xb9\xd0\x06DhZ\xf9~\xf9\xf0\xed\xca\xda\x91oD\x8a\xac\xf7\x9e\xb2\x86\xb9\x99\xd7Z\xec\xe6>\xd5\xac\x8ce\xdb\xe4\xc3\xff\xab\x05[\x0b\x02\xacgK\xc1\xaf\x85\xbf\xfc\\ \x19\xfd\x8d\xaa\xd0\xd3\xa2\x10\xfft\x0e{>\t\xcdK% O\xce\xe7\xb5\xaa\x05C\x17\xb6\x95BFLjY\xcc\xb6U_\xfe2\xab\xc0\xc6^\xcd\xb7\xf1([\x1c\x165\xa2R@p\xb7\xac^i\x17\x11K3\n\xe9n\x0e`1J\xbb\xa7p\r\xa5\xf7l\xe94+\xb6\xad\xecjJ[Ge\xa0\x16W\ri\x95\x94\xd7g\x83\xcf\xf6\x87\x92\xbcg`4z\x97\xddP\x7fJ&\xa5\x13\xe0;\xfa\x8fr\x16%/kzK\xeb\xb1%a\x0f\xcf\x04\xfe\x95n\xe3\xb2\xc5s\x86P\x01\xc7f\xea)\xd2\r\xa7,g\x87\xe6\xf0\xf1\x18\t^\xa9\xa0a\x16\xb2\x03\xf9\xe5\xb4>\xe1\xb8\x1bR\xf4\xfbC\xa3\xb6b\xe6\x15\x1cL:\x15\x01\xb4\xfcM\xd7\'dn\xa4Q\xbc\x04\xda\x7f0\x8b\xd5\xb7"da\x89\x14?y\x1e\n\xd5\xef\x1f\x8c\xbdW\rS5\xa5q\xe7\x94|\xfc\xe2(\xfd&\x05\xf5\x9b^Zg\xf0\xfd\xec\x06\xb7j\xb2/M_:\xc9Z\xe91^y\x88<%\x00\xc1$\\9\x86^I\x95\xfa\x8bJ\x02\xfa\x00\xc5W\xc2\x81\x85-\xa2\xa3$\x87\x80\xdcN1\xd4\x9c(4\xeb\xb4\x93\xc1\xe2\x02\x03\x94\xf18*y\xa7\x90\x98\x18F\xca0\xa7\x11\xbe\xaf\x9cA\xbdh\x10|\xca\xd3\xea\xe0\xbd P\xdc\x15\xac}s \xba\x8dS\x83\xa5\xd2\xec\xc1\xdd\x871S\x8a\rB\'\x82\x8bb\xa89\x97\xe5\x1a\x92\xeb\x11\xeb`KcoL5\x8a`\xa1\x96\xe1\x80eu\xd5\xa9\xa2\xdc\x99\x8b\x81\xe0\xffE\xd7\xb6\x01\x06\x87\xa4l\xb5\xd8!`?%\x90\x1c\xfd\xaa!\x08\xdb\x15\xed\x9b_\xf21\xb3x\x0ej\xd0\xd1\x8e\x00\xd9\xcd\x94\xc7\xa7\xbd\xfd\x86\xe3\x0e\x12\\j>\xb3\xc2\xde.\xc2%\x14\xcdv0\xff\x1e\xcd\xde\x7f\x18+\x06\xb3\x9d\x8f\x13w\xe7]\x99z\x9aW\x85d\x99\x07Hk\x1a\x84\x8e5\'K"\xf5\xb3\xe1\xee\xbd\x16r\xbdQ\x027\x93\xde\xd8=\xe0sg].9\xa4F\x96\xc67V\xa9\x07\xf5\x82L%\xd6\x02\x94\xf3]Daeq\xca\xb7\xe7W_\x9a}\x1b\xcb\xd6\x83\xf2\xee8w\xde+\x14\xda\x98\xc7K\xd4\x03\x89\x0b\xd7#T\xd1\xb6\xb4\xf9g\t\xbc\xd36/b\xbf~\x11\xbe\xd1\xdecb\xebt\xf8\xe3\xa7]\x07\x98\xb2\xde\x928\xfa\xf25\xee\xdaz`\xf0\xb8q8\x0b%\x06\x10\xe1\x99\x17\xb8\xf5\xc7\xe0'
tbI624
I0
F0
tb.