# time 	 divergence 	 # of mutations 	 # IGC chances 	 IGC length 	 # IGC failures 	 Changes due to IGC  	 % change due to IGC 
0.0	0.124744376278	0	0	0	0	0	0.0
0.00245898534764	0.126789366053	1	0	0	0	0	0.0
0.00323897105069	0.128834355828	2	0	0	0	0	0.0
0.00511657454361	0.126789366053	3	0	0	0	0	0.0
0.00840836993183	0.0961145194274	3	1	86	0	15	0.833333333333
0.00888012458325	0.0961145194274	4	1	86	0	15	0.789473684211
0.012661520488	0.0981595092025	5	1	86	0	15	0.75
0.0138922409748	0.100204498978	6	1	86	0	15	0.714285714286
0.0158269788141	0.100204498978	7	1	86	0	15	0.681818181818
0.0184751086174	0.102249488753	8	1	86	0	15	0.652173913043
0.0220456336146	0.104294478528	9	1	86	0	15	0.625
0.0221162282946	0.106339468303	10	1	86	0	15	0.6
0.0221266907669	0.104294478528	11	1	86	0	15	0.576923076923
0.0234310998639	0.106339468303	12	1	86	0	15	0.555555555556
0.0288970661536	0.108384458078	13	1	86	0	15	0.535714285714
0.0296527999354	0.110429447853	14	1	86	0	15	0.51724137931
0.036886980048	0.112474437628	15	1	86	0	15	0.5
0.0412544177086	0.110429447853	16	1	86	0	15	0.483870967742
0.041561664622	0.100204498978	16	2	33	0	20	0.555555555556
0.0565713241097	0.102249488753	17	2	33	0	20	0.540540540541
