cnumpy.random
__RandomState_ctor
p1
(tRp2
(S'MT19937'
p3
cnumpy.core.multiarray
_reconstruct
p4
(cnumpy
ndarray
p5
(I0
tS'b'
tRp6
(I1
(I624
tcnumpy
dtype
p7
(S'u4'
I0
I1
tRp8
(I3
S'<'
NNNI-1
I-1
I0
tbI00
S'\xae\xc5c\xb1\xd4\xb5N\xf1\xd45\xfe\xa5v\xda\xb6(\xfe\x0e\xa7\xa2`\x93\xab\xc1\x0f\xd2\xf4\xac\x85\xc3\xa78*7\xfa)8:\x13i\xee\xfe0\xf2\x13\x16\xc3\xd5\xa9\xf8\x7f\x9f\xf0\x8b\x10\x90\x16\x8a9(a\xac-\xf8\xf0\xf1\x8c\x19N\rC\x1f\x9f\x98\x81\xfbbw:\x06\xc7a*\x00.\x12&\x1c\xd6^\x93\xefm\x1eT\xf7\xf46\xc7\xabD!7\x10\xa3v\xe6\xe4A\x1d\xed\x97\x8a\xebB\xe1\\x\xc0\xd4\x03\x06SO\xaa\x9c\xe1M\x19\x00,0\xf4\xba\xe4P\xd8{&\xf5\x9d\x9a\xc3\x8dY\xd5TR\xbdb\x99\xa0s\xd0*\x89*\xbc\x04W~AW\xf8\xd8(\xaf\xc2hG\x85j\x8c\xcc\x9d\xefI\xb28\x04\xb0<\xeb\x95\xe6\xfd[\x02\xd4D\xe7ie\x8a(s\x89Q\xfb\xf4G\x7f\x85\x95\r\xbd\xd7^9\xd3\xa2=\x87Sf\xe6\xe4\x8a\xac\xde\x93\xb4\x9e\x1e\x80\x90\xca\xe5\xc9\x99\xfcp1G~9{zW\xba\x89!f]\xb8\x9b;\xe9Cj`\xab\xaf\xcdk2\xf0\xe6\xe7\xe7s\x83\xf7\x9b\x83\xf5\x87\x1d\x93\xb9\xe6\xe6\xc4\x17d\x97\x81\xec\x15\xf1\x04jl\xb8h\x04Dp;\x1aP\xc6\nw\\\x1f\xecaI\x87\xa9.\x121\x85>3Q\xfaT\xfe\x03\xc9;\xa3\x82{\xbb\xbd\xd9\xe4\xd5\xe1\x1b|\x08\xe9\xe3j3$\xab9\xb6\xfb\x8d\xbb\x98s\xee~.\x97\x05\xcdc\xcc\x81f\x99\xa2&+_UY\\\xce\x1d\xe5b\xe3z\x05\x81\xc8\xf10t\xc4\x0f\r&\xb5\x00,XG\xf9\xb9\xe4\x9a\x7f]\x9bf\xb3\x0b\xba\xd3\xe6R\xd0I@W(\x1c\xfc\x83\xa0A\xf6c\xafB\x1a\\\xe1J\xc7GU$\xe9\x8czD\x1fL\xfb\xcf\x1cV[\x83\xcdso\\\xbd\x90\xd4\x17_\xe0\x1e\xe9\x0f\xf2?\xfa\xb6\x1e\xf3\x91C\xd1\xffF\x9c\x93\xb6#%N\x11\xce\xfd;=\x10q\xe0\x83l\x96rN\x11L\xae]\xa6\xf5p\x843\x93\x9a\x05\x84\xc1\x8a\x16\xa0\x0f\x93#a]\x0f\xb4\xdb\xd4\x94\xe0ta\xbfe@,gc\x087\xb6/e\xa0P\xb5U;\xcf\xb0\xb6\xb6\xfaeB\xbf\x0e\xaet|\xd84-5\n\xf3\xc5\xb3\x98\xbc\xd2\xbf\xf6\x1f3/\xbf\xdcGD\x98\x88\xd1m\xb2\xdd?U\xa4\xcf\x85\x9d\xfc\xd6l^\rp\x1a\xf2\xdd5\xb2}4\xc1\x01o\x89i\x9a\x0bY{#\xf3\x13G4\x8b\xa9\xf8\x01\xc7<\xe4hP\xb5DZ\xba\xfc\xc5\xa1\x07X\xc3\x7f\xe4\xcf\x96\xbcx\xcal\x8e\xc5\xef\x84\xa8\x8e\xa1\xa4\x10,\xa2\xd4\xf2G#m\n=5\x83);\xf0oF\xb3b\x9f\xf5\xcdD\x138\xd1\x1a\xc1e\x91\x0eh4\xf2\xb4\xd9[+\xa1\xe4\xcb\xd3\xd1\xff\xc6i\x10\x9a\xa3Ds=\x9c\xddN\x0e\x80_\xc1\x854\xcedGA\xeb\xb5\xcc1\xa1\xc5\xe1~\xbf6\n3b]P\xccx!U\x99\x9c\xf6w\xcc\xce\xf6\x13?\x81DW\x15\xa3\x18\xbe\xf2I\xdd\x91\r\x824\x1f\x84\xb7\x08&k\x82\x89\xd9f=t\xc0\\\xf6\xb8w\x95c\xc1\xe9Q\xda\xf2@-3\xf3r\xac\xaf\x97\xb5\x931\xf7WC\x85O\x85Y\xa1\xb4To\x1f\xd1{\x89\xd4\x02[\x10qkI7\xac\xe7\xebB\x7f\xfc\xf8\xa5\xb8\xd1\xfb\xba\xb7\xd5\xe5\xe1\x05\xdb\xa2\xeb\xc6\xb7A\xf7{\xee\x19/\x0f\x18c\x15\xdcR\xc5\xc6N\x11A\x04\xc3\x0b\xec\xca<\xf0\xa6Pc!7B\xaeg\xd6 \xd7|V\xfb\xc8\xda\x01\xe8\xb9u%g\xe9!\xbe=\xb8\xe6+UK\x9fQ{V\x1e\xb7\xaa\x8a\xfe%3C\x14\xf6\xb5\x08\x05\x93u\x8a+\xe8\x17\x89\x98\xadG\xe2\xa5I\xe7\xd1\x96ZD\x99~\x88z\x18C\x94\xb4b\xeeO\xe7\xe5\xfb\xc9E\xb5\xbf?7\xb3\xc9\x9c\x15\x99N\x11\xd7lHf\xdcD\xfcZ\xd3go\x19\x9bY\x91\x92\xae|\xf4\xa4\xb2\xc9%C-m$i\x92{\xcb\xf7\xf6^\xc0\xd1\x90\xb2\xcfLp\x13\xa4\x0b\xc5\x9b\x14n\x17\x08P[\x13\x99\x9c=\xf15ZUhP|\x04\xb9\x89\x95\x13u;\x1d\x1d\x11\xee"\xe7p\xc8\xe0\xdf\x8e_\xda\xccdg\x8b\xed\x0b\xf0Lx2\x95@u\\D\xf9\x89\xfb\x1c\x9f\xd4\xd9\x8c\xe4\xe8\xf3\x91EX\xd2r\x7f\x8b\xe9\xb2\xa5\x9f\xe8s\xb0Q\x8a\xb0\x0f}ke\xc0:\x85\xce\x82\xad\xe8\x87\xfe\xb2\x9cW\xae\xccx\x18!W\xac\x14f\xda\xd6B\x9d=\x14\xe3\x01t>\x02\xa6Y\xaa\x9d\x89\xd8\x19\x8f\x17\x11\xc4W\xe2\x1c\xcb\x13?\xacs\xe0\xec\xe4\x86\x01\xee4[\xa7\xa2wK"\xfa\x96Ob\x04\xbd\xb7\xa7\xcb\xd6\xb7\x81?\x9bF|m\x08[\x8c\xefX\x934;\x1e\t\xa8\xb3[\xf4:\xb6\x00(\xd2\xbf\x99\x9f.@}\x8e\xac\x0f9\xb7\xe31%\xe4Z\x9c\xe8\xd3bZ$\xc7\x15\x16\xc8\xe9\xdca\xb1\xe2\xd52ImY\xd3\xd9\x835\xfe\xca\x92\x0fc\x85\x82$WO1\x07\x83\xf6\xcb\xca\x18z\xda\xc6\xfc\xf2\x12\x8a\xb3\x82\x80\x88HW\xce\xb1k=\x04{.\xbc8s\xb9L*Km\x9f\xa7\xa5+\x89:\x88J\xf9\x0c\x99\x9a\xbc3\x94p\xbaF\xc0\x94\xae\xc7\x04\xce\xe5\x8fm%\x90E\xf4\xa7\n\x81\x86\xe9\x96Z\xd0;\xe08\xf9\x92]!\xa0x\x0eZ\xcd\xfe\xb8fl\x15=\x1d\xb9\xe9c\xc1\x12\xdf\xff34\xf7\xd1B\xc0%\x9f\x00\x85\x8d\xd4\xe8L\xe5/\xc1&i\'1\xfc)\x93fg\xb4\xf4\\\xbf2\xc9\xe06\x95y\xff\xfcvF{\xf2\xd9\xac\xe3 \x96\xf8\x85\x8c\xd5\x85\x99{)\xfa:x\xa1\x84\xf2P\x91\xe3A\x88GU\x01\x8dk4f7]D\'\xe5\xab\x1b\xdd\x89\xb9\xc5\xca\xe6\xfc\xe9\x1e\xcak\xdcD\xc6\x8f\xbf\x91\x90\'\xa3\x82\xd9w[Q\x1cl\xc0\xbb\x98\xecyY\xe6\x804\x1a:\x1a7P~-\xf9\x02\xe54G\x8ejl)3\xe9<\xaa44~V0\xb2\x06g\xfdP\x08\x80c\x8b\x0e\x90\xc6o\xd2\xb4\x18sR\r\x89\x80\x03<W\x9e\xbb\xbb4\x05\xe6\x82\xed\xc2\xe7\'\xec\xf5\x8a\x1f\xc3\x01\xbd\xe8\x9dAux\xb3@J\xcb\x01\x9a+JFC\xc1\xe3\xb1\x9egvgs\xc8n\xa5~\xde];\x05yrrR\x1fpS\x1bP\x93T\xc7\x06\xaf\xe9\x93\xf4},\xf4\xae)8^~\xa0N\xa4\xd9X\xc9\xc0lk\xa4\x8cH$eN\xbdZnw\x8az@\xe2A\x99\xd5\xb6\xbe9\x14BcAkT)\xd6\xb0\x87\xff\x18k5\x95\x9a[\x08\x85:^\xb1\x13\x1b\x05\x86\xe4\'p\xe2\xe8\xff^@l8\xab\xc5\x8f}_\x86~6d\xcem \x975+\xa7\x06\x9d\x0b ~/\n\xf2k\\\x9aw\xd6\xa0x@\xaa]/w\x0f*Z<\x06\xa8\xee\xae\xce\xdb\xf9T\xac\x89\x02y\xc6J>+m\xa1\xe2\x8a\xb0\x0c\xeaXV#w\xca\xbd0\xa2\xc3f\xdd\x02\xc0\xd6WSU\xb8\xa8\xba\x93]\xef\xff\xaf\xff\xc6\x9a\\y(\x08\x02\x8b7\xd1\xf5$\x82\x11\x9a\x1b\xb6Rk\xfd\x95\xd3\xc6\xfc\x9a\xaf7\xa3\xdc<\xb3\xd9T\xb6\x0f\xbc(M%of\xcat\x05R\x0fI\xf5M\xce\x8f\x1e\xa3\xbb[\xa7\xc9I\xeeNI\x18\x9c\x1a\xd8H\x9bj_\xce\xee;"\x90!\x99\r\x0c\x15eM\xb1\xeb\xa3\xf1\xde\xfcZ\x04\x8b{\x06\xdd\xc0\xd3\x97q[\x88\xa6{>~\xf5>\xeb\xf5J\x1d\x7f\xbc\xae\xe4W\xe0\x18E\xa7\x03\x8e\xadH\xee\xd3\xeer\x95\xd9\xbb\xeb\ny\xeb\x84\x98\xa23\x1c\xb9sz\xdcH\x1c\xb8\x95\x11\'\xab\x17\xfd\xe1Gf\xe2\xb9\x7f\x83\x9a"\xf96\xec\x0f\x11\xeb\xb6!>l(y\x96c\xc0\x02X\x9c@\xe7V\x98\xecaoO\xfd\x0c\x9cA\xdf\x13\x06s[\xc1\xa1\x891\xad\x9bl\r_\xaa7\x91\xc3\xa9\xed\x13\x9d\\<\xa9\xdd]\xde-o\xea\xf2\xc9\x81\xf7\xcc\xb50\x05\x06Z\xefJ\x00\x0c`Q\x9a\xfc\x96\xb4:b\x80\x06\xd8\xcf7\xff\xf9\xda/=\x14\xaes\x8de\xd9\xba,\xba\xeb\x17\xe8}\n7\xe3\x1fU\xf6R\x88(X\xccj\xef\xa3X\x11\xe0\x94W\xdd=I\xaa\xa0\xff\'\x1da\x9e\x07\x1eK\x12 \xfcb\xec\xceDh\xbaw\x15[\x99\x1c~\xafN\x94\xf9\xcc6\x95\xc7\xd0]q\x02y\x01\x14\xeb\x12I\xcd\xb6\xfc\xaaf\x04\xe1\x01,\x8f\x90ft\xfa\xd65\xb1\xc0\xc4\x83\x94\xb6M\x8b\xbb\x1b}}\x0c=\xb8\xa6\x9a~\xf4k\xa2\x1bbd3b\x99BN[i\xdb\xd1&_1\xeer\xd0*x\x9b\xabY\xf5(<\xce\xbcG\xa7\xab\xe0\xc2\x0ei\r1\xf1\xc28\\\xde\x18}\x18HZ\xcd\x02\xb5T\xdau\xfe\x9e\xb4\'\xd5\xcc\xf6\xd8\x83+0\xe7\xc417\xe5\x06\x9a\x07\x93F\xb3g\xd7|\x87pt\x89\xb8\x99\x14\xf1\x17\xab\xa4\xfe\x19\x85\x916\xbci\x16\x1e0\x93b\xae=-)\x16\xb3C\xf43\x06A\x03\xe2\r\x08|`\xfc)N\xec\xf6\xc7\xdbl\t\xa9e\xb6\xf5\xc9\x18\xdb[\xfb\xa6\xa2R+8[\x04Z\xcd\\8g:\xc0\xea\xe6\xdaF\x9b\x92\x9eZ\x0b\xbb<]\xe3\xdc\x1e\x0b^X\xe6_qN\x17/\xa8r\x94\xf3\xfb\xc3d`\xe2\xa8\x9c\xea\x919\xcdO\x9d[\xa1\xdd\xafzU\x9c,"\xfeE\xd8\xe8\x8a\xad\xcf\x1d\xeb*\x0f!\x1b\xd9\xaa\xc2\x97\xac\xd3V\x87\xdc\xbbj\xd2\x97\xba\x00a\x0c}Tz\xf1\xf1\x1e\xdaJ&\xfd\x96\xe6p\xd6\xad\xd2\xd1\xfda\x8a\x0b\xe3\xb0f.Px\xff\x96\xee\xe3%c\xddd\x9a\xde\xafi\xa6I\xdf\x16\xc7\xaa\xc6\xb05NW\xae\x0fq5r\xd8\xc0\xd7|EfL\xaf\xaf6>v\xa6\xed\xc4\x9a\x1d\xe4\xa9g*\xc8C\x16?\xfe0`KF3CU\xc2#\xe4\xbc\xa1\xef\xa3\x9b\xf1\xc1\xfd\xbdo\xc4\xee\xd2\x12r9\x88iI\xf3\x87b\xd2\xdb\x1e\x1e\xcb\x1b\x9b\xf3\xa9\xc4[~\xeb\x13\xaed\r\xf7\x8bu\x80\xfe\xed\x82H\xd0/K\xd1\xb3j!\x06A\xd9\xd9\xdfCR\xab\x02\xa7YJ\xf3\xb0\xb1\xc1\x81,\x86\x03\xa7\xec(WK\xfc^\xaa;\x03aQ8\t\x80\x9d\xfb\nb\xda=Y\xc9\xd7\x12\xbd\xd1\xe0\xf9sv\xba\xc1\x87"'
tbI624
I0
F0
tb.