# time 	 divergence 	 # of mutations 	 # IGC chances 	 IGC length 	 # IGC failures 	 Changes due to IGC  	 % change due to IGC 
0.0	0.0981595092025	0	0	0	0	0	0.0
8.73150324745e-05	0.0981595092025	0	1	1	0	0	0.0
0.000139683208491	0.0981595092025	0	2	1	0	0	0.0
0.000735828692858	0.0981595092025	0	3	1	0	0	0.0
0.000867489341811	0.0981595092025	0	4	1	0	0	0.0
0.0014677771064	0.0981595092025	0	5	1	0	0	0.0
0.00148333393503	0.0981595092025	0	6	1	0	0	0.0
0.00303600007834	0.100204498978	1	6	1	0	0	0.0
0.00305690359575	0.100204498978	1	7	1	0	0	0.0
0.00322294438343	0.102249488753	2	7	1	0	0	0.0
0.00439790517817	0.102249488753	2	8	1	0	0	0.0
0.0046377326391	0.102249488753	2	9	1	0	0	0.0
0.00492246919492	0.102249488753	2	10	1	0	0	0.0
0.00517769197931	0.102249488753	2	11	1	0	0	0.0
0.00529758472761	0.102249488753	2	12	1	0	0	0.0
0.00558065237149	0.102249488753	2	13	1	0	0	0.0
0.00561724113601	0.102249488753	2	14	1	0	0	0.0
0.00644125058471	0.104294478528	3	14	1	0	0	0.0
0.00705425677003	0.104294478528	3	15	1	0	0	0.0
0.00765693174435	0.104294478528	3	16	1	0	0	0.0
0.00810471709875	0.106339468303	4	16	1	0	0	0.0
0.0104885635807	0.106339468303	4	17	1	0	0	0.0
0.0108982504952	0.106339468303	4	18	1	0	0	0.0
0.0116346533336	0.106339468303	4	19	1	0	0	0.0
0.0133005889294	0.106339468303	4	20	1	0	0	0.0
0.0136513022501	0.106339468303	4	21	1	0	0	0.0
0.0142155954791	0.104294478528	4	22	1	0	1	0.2
0.0151097869109	0.106339468303	5	22	1	0	1	0.166666666667
0.0152122617132	0.104294478528	6	22	1	0	1	0.142857142857
0.0164951925127	0.104294478528	6	23	1	0	1	0.142857142857
0.0166905378325	0.104294478528	6	24	1	0	1	0.142857142857
0.016909276121	0.104294478528	6	25	1	0	1	0.142857142857
0.017450236361	0.106339468303	7	25	1	0	1	0.125
0.0176006870334	0.106339468303	7	26	1	0	1	0.125
0.0180088083182	0.106339468303	7	27	1	0	1	0.125
0.0182588713462	0.106339468303	7	28	1	0	1	0.125
0.0190380347152	0.106339468303	7	29	1	0	1	0.125
0.0201863347282	0.106339468303	7	30	1	0	1	0.125
0.020601028616	0.106339468303	7	31	1	0	1	0.125
0.0212524246085	0.106339468303	7	32	1	0	1	0.125
0.0215067000261	0.106339468303	7	33	1	0	1	0.125
0.0215524715118	0.106339468303	7	34	1	0	1	0.125
0.0215875852958	0.104294478528	7	35	1	0	2	0.222222222222
0.021993225028	0.104294478528	8	35	1	0	2	0.2
0.0225885151312	0.106339468303	9	35	1	0	2	0.181818181818
0.0231152960209	0.106339468303	9	36	1	0	2	0.181818181818
0.0238394387704	0.106339468303	9	37	1	0	2	0.181818181818
0.0238802032909	0.106339468303	9	38	1	0	2	0.181818181818
0.0240481126946	0.106339468303	9	39	1	0	2	0.181818181818
0.0243031623466	0.106339468303	9	40	1	0	2	0.181818181818
0.0249122530257	0.108384458078	10	40	1	0	2	0.166666666667
0.0251558781809	0.110429447853	11	40	1	0	2	0.153846153846
0.0251916617902	0.110429447853	11	41	1	0	2	0.153846153846
0.025507259093	0.110429447853	11	42	1	0	2	0.153846153846
0.0261875130767	0.110429447853	11	43	1	0	2	0.153846153846
0.0271972460877	0.110429447853	11	44	1	0	2	0.153846153846
0.027540694093	0.110429447853	11	45	1	0	2	0.153846153846
0.0280626418416	0.110429447853	11	46	1	0	2	0.153846153846
0.028182937152	0.110429447853	11	47	1	0	2	0.153846153846
0.0308090825473	0.110429447853	11	48	1	0	2	0.153846153846
0.0314120043116	0.110429447853	11	49	1	0	2	0.153846153846
0.031709190507	0.110429447853	11	50	1	0	2	0.153846153846
0.0319890361244	0.112474437628	12	50	1	0	2	0.142857142857
0.0323237304998	0.112474437628	12	51	1	0	2	0.142857142857
0.0327130046692	0.112474437628	12	52	1	0	2	0.142857142857
0.0351404514148	0.110429447853	12	53	1	0	3	0.2
0.0361623858434	0.112474437628	13	53	1	0	3	0.1875
0.0368947401637	0.114519427403	14	53	1	0	3	0.176470588235
0.0374100340911	0.114519427403	14	54	1	0	3	0.176470588235
0.0378031963429	0.114519427403	14	55	1	0	3	0.176470588235
0.037853542965	0.112474437628	14	56	1	0	4	0.222222222222
0.0405518746873	0.110429447853	14	57	1	0	5	0.263157894737
0.0412663600162	0.110429447853	14	58	1	0	5	0.263157894737
0.0414035084508	0.110429447853	14	59	1	0	5	0.263157894737
0.0419510915985	0.110429447853	14	60	1	0	5	0.263157894737
0.0423828732849	0.108384458078	14	61	1	0	6	0.3
0.0425339053877	0.108384458078	14	62	1	0	6	0.3
0.042638820985	0.108384458078	14	63	1	0	6	0.3
0.0438456792163	0.108384458078	14	64	1	0	6	0.3
0.0450259061695	0.108384458078	14	65	1	0	6	0.3
0.0453020128969	0.108384458078	14	66	1	0	6	0.3
0.0457309440418	0.108384458078	14	67	1	0	6	0.3
0.0461142531956	0.108384458078	14	68	1	0	6	0.3
0.0467033108322	0.108384458078	14	69	1	0	6	0.3
0.0475009200811	0.106339468303	14	70	1	0	7	0.333333333333
0.0477137039457	0.106339468303	14	71	1	0	7	0.333333333333
0.0484130705247	0.106339468303	14	72	1	0	7	0.333333333333
0.048579447547	0.106339468303	14	73	1	0	7	0.333333333333
0.0486515072377	0.104294478528	14	74	1	0	8	0.363636363636
0.0488929709835	0.104294478528	14	75	1	0	8	0.363636363636
0.0502416666492	0.102249488753	14	76	1	0	9	0.391304347826
0.0504963271497	0.102249488753	14	77	1	0	9	0.391304347826
0.0508137019507	0.102249488753	14	78	1	0	9	0.391304347826
0.0508698711952	0.102249488753	14	79	1	0	9	0.391304347826
0.0525781061019	0.100204498978	14	80	1	0	10	0.416666666667
0.05307086191	0.102249488753	15	80	1	0	10	0.4
0.0534649138168	0.102249488753	15	81	1	0	10	0.4
0.0534935007206	0.102249488753	15	82	1	0	10	0.4
0.0537555334707	0.102249488753	15	83	1	0	10	0.4
0.0545688082247	0.104294478528	16	83	1	0	10	0.384615384615
0.0546672824694	0.104294478528	16	84	1	0	10	0.384615384615
0.0549067380186	0.104294478528	16	85	1	0	10	0.384615384615
0.0550879133533	0.104294478528	16	86	1	0	10	0.384615384615
0.0552321520935	0.104294478528	16	87	1	0	10	0.384615384615
0.0555395692522	0.102249488753	16	88	1	0	11	0.407407407407
0.0555706405075	0.102249488753	16	89	1	0	11	0.407407407407
0.0556744747431	0.102249488753	16	90	1	0	11	0.407407407407
0.056447276736	0.102249488753	16	91	1	0	11	0.407407407407
