# time 	 divergence 	 # of mutations 	 # IGC chances 	 IGC length 	 # IGC failures 	 Changes due to IGC  	 % change due to IGC 
0.0	0.00613496932515	0	0	0	0	0	0.0
1.20169713099e-05	0.00613496932515	0	1	1	0	0	0.0
0.0012603906642	0.00613496932515	0	2	1	0	0	0.0
0.00184681099564	0.00613496932515	0	3	1	0	0	0.0
0.00199059890457	0.00613496932515	0	4	1	0	0	0.0
0.00212010649826	0.00613496932515	0	5	1	0	0	0.0
0.00238711364477	0.00613496932515	0	6	1	0	0	0.0
0.00297315673711	0.00613496932515	0	7	1	0	0	0.0
0.00311638128621	0.00613496932515	0	8	1	0	0	0.0
0.00327037882839	0.00613496932515	0	9	1	0	0	0.0
0.00384896419127	0.00613496932515	0	10	1	0	0	0.0
0.00432615994003	0.0081799591002	1	10	1	0	0	0.0
0.0045444211055	0.0081799591002	1	11	1	0	0	0.0
0.00812348487204	0.0081799591002	1	12	1	0	0	0.0
0.00874973285833	0.0081799591002	1	13	1	0	0	0.0
0.00976289655497	0.0081799591002	1	14	1	0	0	0.0
0.0106383415038	0.0081799591002	1	15	1	0	0	0.0
0.0115106676303	0.0081799591002	1	16	1	0	0	0.0
0.0123672957837	0.0081799591002	1	17	1	0	0	0.0
0.0131508262628	0.0081799591002	1	18	1	0	0	0.0
0.0144480558538	0.0081799591002	1	19	1	0	0	0.0
0.0148344784088	0.0081799591002	1	20	1	0	0	0.0
0.0154429756874	0.0081799591002	1	21	1	0	0	0.0
0.0154986699895	0.0102249488753	2	21	1	0	0	0.0
0.0158367408405	0.0102249488753	2	22	1	0	0	0.0
0.0159543858529	0.0102249488753	2	23	1	0	0	0.0
0.0160177339643	0.0122699386503	3	23	1	0	0	0.0
0.0160538818136	0.0122699386503	3	24	1	0	0	0.0
0.0196464098974	0.0143149284254	4	24	1	0	0	0.0
0.0203535657381	0.0143149284254	4	25	1	0	0	0.0
0.0211278300648	0.0163599182004	5	25	1	0	0	0.0
0.0247561908574	0.0163599182004	5	26	1	0	0	0.0
0.0264017841075	0.0184049079755	6	26	1	0	0	0.0
0.0265086432925	0.0184049079755	6	27	1	0	0	0.0
0.0278553410824	0.0184049079755	6	28	1	0	0	0.0
0.0280472686417	0.0184049079755	6	29	1	0	0	0.0
0.0287333913401	0.0184049079755	6	30	1	0	0	0.0
0.0293347206044	0.0184049079755	6	31	1	0	0	0.0
0.0299793470768	0.0184049079755	6	32	1	0	0	0.0
0.0301242527153	0.0184049079755	6	33	1	0	0	0.0
0.0307252386685	0.0184049079755	6	34	1	0	0	0.0
0.0311078550773	0.0204498977505	7	34	1	0	0	0.0
0.0311227714359	0.0204498977505	7	35	1	0	0	0.0
0.0314154543394	0.0224948875256	8	35	1	0	0	0.0
0.0316100015188	0.0224948875256	8	36	1	0	0	0.0
0.0317789353695	0.0224948875256	8	37	1	0	0	0.0
0.0324820389215	0.0224948875256	8	38	1	0	0	0.0
0.0326226130096	0.0245398773006	9	38	1	0	0	0.0
0.0330724276003	0.0245398773006	9	39	1	0	0	0.0
0.033321423628	0.0265848670757	10	39	1	0	0	0.0
0.0333494638614	0.0265848670757	10	40	1	0	0	0.0
0.0337717622877	0.0286298568507	11	40	1	0	0	0.0
0.0339170869437	0.0286298568507	11	41	1	0	0	0.0
0.034546199126	0.0306748466258	12	41	1	0	0	0.0
0.0351583979309	0.0306748466258	12	42	1	0	0	0.0
0.0353202381899	0.0306748466258	12	43	1	0	0	0.0
0.03666191306	0.0306748466258	12	44	1	0	0	0.0
0.0379726703546	0.0306748466258	12	45	1	0	0	0.0
0.0383344507626	0.0306748466258	12	46	1	0	0	0.0
0.0383616232297	0.0327198364008	13	46	1	0	0	0.0
0.041157612055	0.0347648261759	14	46	1	0	0	0.0
0.0417804696404	0.0347648261759	14	47	1	0	0	0.0
0.0419407966792	0.0347648261759	14	48	1	0	0	0.0
0.042108955773	0.0368098159509	15	48	1	0	0	0.0
0.0421815923656	0.0368098159509	15	49	1	0	0	0.0
0.0423613899844	0.0347648261759	16	49	1	0	0	0.0
0.0427143831754	0.0347648261759	16	50	1	0	0	0.0
0.0432548733387	0.0368098159509	17	50	1	0	0	0.0
0.043675006648	0.0368098159509	17	51	1	0	0	0.0
0.0444770373656	0.0368098159509	17	52	1	0	0	0.0
0.045170816996	0.0347648261759	17	53	1	0	1	0.0555555555556
0.0455097804456	0.0347648261759	17	54	1	0	1	0.0555555555556
0.0460461356937	0.0347648261759	17	55	1	0	1	0.0555555555556
0.0469758535514	0.0368098159509	18	55	1	0	1	0.0526315789474
0.0473388634469	0.0368098159509	18	56	1	0	1	0.0526315789474
0.0474115763182	0.0368098159509	18	57	1	0	1	0.0526315789474
0.0478336191419	0.0368098159509	18	58	1	0	1	0.0526315789474
0.0488528697445	0.0368098159509	18	59	1	0	1	0.0526315789474
0.0492104231831	0.0368098159509	18	60	1	0	1	0.0526315789474
0.0500126522429	0.0368098159509	18	61	1	0	1	0.0526315789474
0.0506131467218	0.0368098159509	18	62	1	0	1	0.0526315789474
0.0517136152078	0.0368098159509	18	63	1	0	1	0.0526315789474
0.0519441902291	0.0368098159509	18	64	1	0	1	0.0526315789474
0.0519666315892	0.0368098159509	18	65	1	0	1	0.0526315789474
0.051985549365	0.038854805726	19	65	1	0	1	0.05
0.052352400147	0.038854805726	19	66	1	0	1	0.05
0.0535102805552	0.038854805726	19	67	1	0	1	0.05
0.0545945923649	0.038854805726	19	68	1	0	1	0.05
0.0550431338238	0.038854805726	19	69	1	0	1	0.05
0.0565421479195	0.038854805726	19	70	1	0	1	0.05
0.0571544914937	0.040899795501	20	70	1	0	1	0.047619047619
0.0573383147889	0.040899795501	20	71	1	0	1	0.047619047619
0.0574281645213	0.040899795501	20	72	1	0	1	0.047619047619
0.0590766726717	0.040899795501	20	73	1	0	1	0.047619047619
0.0594465077271	0.040899795501	20	74	1	0	1	0.047619047619
0.0596468339145	0.040899795501	20	75	1	0	1	0.047619047619
0.059691335905	0.040899795501	20	76	1	0	1	0.047619047619
0.0602575066861	0.040899795501	20	77	1	0	1	0.047619047619
0.0605656718475	0.040899795501	20	78	1	0	1	0.047619047619
0.0613714498529	0.038854805726	20	79	1	0	2	0.0909090909091
0.0615716280663	0.038854805726	20	80	1	0	2	0.0909090909091
0.0622251861168	0.038854805726	20	81	1	0	2	0.0909090909091
0.0628069929774	0.038854805726	20	82	1	0	2	0.0909090909091
0.0628284025742	0.038854805726	20	83	1	0	2	0.0909090909091
0.0630213364575	0.038854805726	20	84	1	0	2	0.0909090909091
0.064474366492	0.038854805726	20	85	1	0	2	0.0909090909091
0.0644838006897	0.038854805726	20	86	1	0	2	0.0909090909091
0.0653462999651	0.038854805726	20	87	1	0	2	0.0909090909091
0.0654794017332	0.040899795501	21	87	1	0	2	0.0869565217391
0.0657879462027	0.040899795501	21	88	1	0	2	0.0869565217391
0.0659776248156	0.040899795501	21	89	1	0	2	0.0869565217391
0.0668696817521	0.0429447852761	22	89	1	0	2	0.0833333333333
0.0669741536208	0.0429447852761	22	90	1	0	2	0.0833333333333
0.0675202781454	0.0429447852761	22	91	1	0	2	0.0833333333333
0.0693289756266	0.0429447852761	22	92	1	0	2	0.0833333333333
0.0697527726822	0.0449897750511	23	92	1	0	2	0.08
0.0706494629119	0.0449897750511	23	93	1	0	2	0.08
0.0711042696204	0.0449897750511	23	94	1	0	2	0.08
0.0712267749996	0.0449897750511	23	95	1	0	2	0.08
0.0716167515397	0.0449897750511	23	96	1	0	2	0.08
0.0722716064828	0.0470347648262	24	96	1	0	2	0.0769230769231
0.0733063698956	0.0490797546012	25	96	1	0	2	0.0740740740741
0.0741639797756	0.0490797546012	25	97	1	0	2	0.0740740740741
0.0748573796911	0.0490797546012	25	98	1	0	2	0.0740740740741
0.0754610280041	0.0490797546012	25	99	1	0	2	0.0740740740741
0.0755288238949	0.0490797546012	25	100	1	0	2	0.0740740740741
0.075730578425	0.0490797546012	25	101	1	0	2	0.0740740740741
0.076558618107	0.0511247443763	26	101	1	0	2	0.0714285714286
0.0774762982708	0.0490797546012	26	102	1	0	3	0.103448275862
0.077911510332	0.0470347648262	26	103	1	0	4	0.133333333333
0.0784547699664	0.0470347648262	26	104	1	0	4	0.133333333333
0.0796329859417	0.0470347648262	26	105	1	0	4	0.133333333333
0.0797936671454	0.0470347648262	26	106	1	0	4	0.133333333333
0.0799576834159	0.0490797546012	27	106	1	0	4	0.129032258065
0.080787631035	0.0511247443763	28	106	1	0	4	0.125
0.0809805877976	0.0511247443763	28	107	1	0	4	0.125
0.0810628222231	0.0511247443763	28	108	1	0	4	0.125
0.0826852562622	0.0511247443763	28	109	1	0	4	0.125
0.0832928266503	0.0511247443763	29	109	1	0	4	0.121212121212
0.0833637502396	0.0511247443763	29	110	1	0	4	0.121212121212
0.0838692832349	0.0511247443763	29	111	1	0	4	0.121212121212
0.084799181869	0.0511247443763	29	112	1	0	4	0.121212121212
0.0851960476676	0.0490797546012	29	113	1	0	5	0.147058823529
0.0852019437542	0.0490797546012	29	114	1	0	5	0.147058823529
0.0860698954531	0.0490797546012	29	115	1	0	5	0.147058823529
0.086155108625	0.0470347648262	29	116	1	0	6	0.171428571429
0.0865276014533	0.0470347648262	29	117	1	0	6	0.171428571429
0.0866613600768	0.0470347648262	29	118	1	0	6	0.171428571429
0.0867433486925	0.0470347648262	29	119	1	0	6	0.171428571429
0.0875058862376	0.0490797546012	30	119	1	0	6	0.166666666667
0.0878361805288	0.0490797546012	30	120	1	0	6	0.166666666667
0.0879632440022	0.0490797546012	30	121	1	0	6	0.166666666667
0.0883021209233	0.0490797546012	30	122	1	0	6	0.166666666667
0.0889700800337	0.0490797546012	30	123	1	0	6	0.166666666667
0.0897071602285	0.0490797546012	30	124	1	0	6	0.166666666667
0.0926110835254	0.0490797546012	30	125	1	0	6	0.166666666667
0.0926670119941	0.0490797546012	30	126	1	0	6	0.166666666667
0.0928202725469	0.0470347648262	30	127	1	0	7	0.189189189189
0.0936137448071	0.0470347648262	30	128	1	0	7	0.189189189189
0.0941374340834	0.0470347648262	30	129	1	0	7	0.189189189189
0.0945122343711	0.0490797546012	31	129	1	0	7	0.184210526316
0.0949609145672	0.0490797546012	31	130	1	0	7	0.184210526316
0.0950514308788	0.0511247443763	32	130	1	0	7	0.179487179487
0.0953266613149	0.0511247443763	32	131	1	0	7	0.179487179487
0.0955176436259	0.0511247443763	32	132	1	0	7	0.179487179487
0.0961895322783	0.0511247443763	32	133	1	0	7	0.179487179487
0.096592990801	0.0511247443763	32	134	1	0	7	0.179487179487
0.0966139672186	0.0511247443763	32	135	1	0	7	0.179487179487
0.096688598016	0.0511247443763	32	136	1	0	7	0.179487179487
0.0972207301851	0.0511247443763	32	137	1	0	7	0.179487179487
0.0973016373769	0.0511247443763	32	138	1	0	7	0.179487179487
0.0976117666114	0.0490797546012	32	139	1	0	8	0.2
0.0976210862448	0.0490797546012	32	140	1	0	8	0.2
0.098130848278	0.0490797546012	32	141	1	0	8	0.2
0.0985162918483	0.0490797546012	32	142	1	0	8	0.2
0.0987080900655	0.0490797546012	32	143	1	0	8	0.2
0.0987467619025	0.0490797546012	32	144	1	0	8	0.2
0.0988439588031	0.0490797546012	32	145	1	0	8	0.2
0.0988687945419	0.0490797546012	32	146	1	0	8	0.2
0.100057077791	0.0511247443763	33	146	1	0	8	0.19512195122
0.101142041288	0.0511247443763	33	147	1	0	8	0.19512195122
0.102203310834	0.0511247443763	33	148	1	0	8	0.19512195122
0.10237695208	0.0511247443763	33	149	1	0	8	0.19512195122
0.104900344012	0.0511247443763	33	150	1	0	8	0.19512195122
0.105678295659	0.0511247443763	33	151	1	0	8	0.19512195122
0.106814428292	0.0531697341513	34	151	1	0	8	0.190476190476
0.106846528453	0.0511247443763	35	151	1	0	8	0.186046511628
0.107113939264	0.0511247443763	35	152	1	0	8	0.186046511628
0.107803700754	0.0511247443763	35	153	1	0	8	0.186046511628
0.108055737743	0.0511247443763	35	154	1	0	8	0.186046511628
0.109422836368	0.0531697341513	36	154	1	0	8	0.181818181818
0.109665362909	0.0552147239264	37	154	1	0	8	0.177777777778
0.10992650762	0.0552147239264	37	155	1	0	8	0.177777777778
0.110025539989	0.0552147239264	37	156	1	0	8	0.177777777778
0.110534084027	0.0531697341513	37	157	1	0	9	0.195652173913
0.110663182197	0.0531697341513	37	158	1	0	9	0.195652173913
0.110725098613	0.0531697341513	37	159	1	0	9	0.195652173913
0.111377615255	0.0531697341513	37	160	1	0	9	0.195652173913
0.112525851402	0.0531697341513	37	161	1	0	9	0.195652173913
0.112815199373	0.0531697341513	37	162	1	0	9	0.195652173913
0.112830888627	0.0511247443763	38	162	1	0	9	0.191489361702
0.113896084433	0.0511247443763	38	163	1	0	9	0.191489361702
0.114030789443	0.0511247443763	38	164	1	0	9	0.191489361702
0.114833013496	0.0511247443763	38	165	1	0	9	0.191489361702
0.115083401737	0.0511247443763	38	166	1	0	9	0.191489361702
0.115330828869	0.0490797546012	38	167	1	0	10	0.208333333333
0.115372865598	0.0490797546012	38	168	1	0	10	0.208333333333
0.118723507569	0.0490797546012	38	169	1	0	10	0.208333333333
0.11889144636	0.0490797546012	38	170	1	0	10	0.208333333333
0.1189116326	0.0490797546012	38	171	1	0	10	0.208333333333
0.118964658262	0.0490797546012	38	172	1	0	10	0.208333333333
0.119209650364	0.0511247443763	39	172	1	0	10	0.204081632653
0.119786837996	0.0531697341513	40	172	1	0	10	0.2
0.120109591794	0.0531697341513	40	173	1	0	10	0.2
0.120229701334	0.0552147239264	41	173	1	0	10	0.196078431373
0.120442229784	0.0572597137014	42	173	1	0	10	0.192307692308
0.120807989867	0.0593047034765	43	173	1	0	10	0.188679245283
0.120984581799	0.0613496932515	44	173	1	0	10	0.185185185185
0.122529883581	0.0613496932515	44	174	1	0	10	0.185185185185
0.122785521915	0.0613496932515	44	175	1	0	10	0.185185185185
0.123291627634	0.0613496932515	44	176	1	0	10	0.185185185185
0.123689786951	0.0613496932515	44	177	1	0	10	0.185185185185
0.124010539897	0.0613496932515	44	178	1	0	10	0.185185185185
0.124232529466	0.0613496932515	44	179	1	0	10	0.185185185185
0.125388530251	0.0633946830266	45	179	1	0	10	0.181818181818
0.125919351465	0.0633946830266	45	180	1	0	10	0.181818181818
0.126057973853	0.0633946830266	45	181	1	0	10	0.181818181818
0.126272846807	0.0633946830266	45	182	1	0	10	0.181818181818
0.126485257058	0.0654396728016	46	182	1	0	10	0.178571428571
0.126503006523	0.0674846625767	47	182	1	0	10	0.175438596491
0.127521443598	0.0654396728016	47	183	1	0	11	0.189655172414
0.127994031375	0.0654396728016	47	184	1	0	11	0.189655172414
0.128324277502	0.0654396728016	47	185	1	0	11	0.189655172414
0.12861932841	0.0654396728016	47	186	1	0	11	0.189655172414
0.129653891404	0.0654396728016	47	187	1	0	11	0.189655172414
0.129817176803	0.0654396728016	47	188	1	0	11	0.189655172414
0.129892548661	0.0654396728016	47	189	1	0	11	0.189655172414
0.131003808943	0.0674846625767	48	189	1	0	11	0.186440677966
0.131006658548	0.0674846625767	48	190	1	0	11	0.186440677966
0.131539005507	0.0674846625767	48	191	1	0	11	0.186440677966
0.13177279496	0.0674846625767	48	192	1	0	11	0.186440677966
0.131940024037	0.0674846625767	48	193	1	0	11	0.186440677966
0.132704361186	0.0674846625767	48	194	1	0	11	0.186440677966
0.133503975067	0.0674846625767	48	195	1	0	11	0.186440677966
0.133542960904	0.0674846625767	48	196	1	0	11	0.186440677966
0.133818378075	0.0654396728016	49	196	1	0	11	0.183333333333
0.134255805673	0.0654396728016	49	197	1	0	11	0.183333333333
0.134696544314	0.0654396728016	49	198	1	0	11	0.183333333333
0.134919810614	0.0633946830266	49	199	1	0	12	0.196721311475
0.135539556698	0.0633946830266	49	200	1	0	12	0.196721311475
0.135963703342	0.0633946830266	49	201	1	0	12	0.196721311475
0.136001899684	0.0633946830266	49	202	1	0	12	0.196721311475
0.136273736973	0.0654396728016	50	202	1	0	12	0.193548387097
0.136634495632	0.0633946830266	50	203	1	0	13	0.206349206349
0.137041454236	0.0613496932515	51	203	1	0	13	0.203125
0.137073927861	0.0593047034765	52	203	1	0	13	0.2
0.137262937049	0.0613496932515	53	203	1	0	13	0.19696969697
0.138403573082	0.0613496932515	53	204	1	0	13	0.19696969697
0.138616050806	0.0613496932515	53	205	1	0	13	0.19696969697
0.139296260896	0.0613496932515	53	206	1	0	13	0.19696969697
0.139702766994	0.0613496932515	53	207	1	0	13	0.19696969697
0.139712449294	0.0613496932515	53	208	1	0	13	0.19696969697
0.139819887897	0.0593047034765	53	209	1	0	14	0.208955223881
0.140600287481	0.0593047034765	53	210	1	0	14	0.208955223881
0.140699054245	0.0593047034765	53	211	1	0	14	0.208955223881
0.141109436165	0.0593047034765	53	212	1	0	14	0.208955223881
0.141357119494	0.0593047034765	53	213	1	0	14	0.208955223881
0.142417387118	0.0593047034765	53	214	1	0	14	0.208955223881
0.142655587568	0.0613496932515	54	214	1	0	14	0.205882352941
0.144099484197	0.0613496932515	54	215	1	0	14	0.205882352941
0.145218237041	0.0613496932515	54	216	1	0	14	0.205882352941
0.145918782048	0.0613496932515	54	217	1	0	14	0.205882352941
0.146217343641	0.0613496932515	54	218	1	0	14	0.205882352941
0.146623889756	0.0613496932515	54	219	1	0	14	0.205882352941
0.147290507173	0.0613496932515	54	220	1	0	14	0.205882352941
0.148122714404	0.0613496932515	54	221	1	0	14	0.205882352941
0.149160704349	0.0613496932515	54	222	1	0	14	0.205882352941
0.149232881559	0.0613496932515	54	223	1	0	14	0.205882352941
0.149403584554	0.0613496932515	54	224	1	0	14	0.205882352941
0.149985546879	0.0613496932515	54	225	1	0	14	0.205882352941
0.150224693799	0.0613496932515	54	226	1	0	14	0.205882352941
0.151761237388	0.0633946830266	55	226	1	0	14	0.202898550725
0.152552205099	0.0633946830266	55	227	1	0	14	0.202898550725
0.15281443328	0.0613496932515	55	228	1	0	15	0.214285714286
0.153087478928	0.0613496932515	55	229	1	0	15	0.214285714286
0.156550874058	0.0613496932515	55	230	1	0	15	0.214285714286
0.1568791317	0.0633946830266	56	230	1	0	15	0.211267605634
0.157451555674	0.0654396728016	57	230	1	0	15	0.208333333333
0.158391442212	0.0654396728016	57	231	1	0	15	0.208333333333
0.159044542027	0.0654396728016	57	232	1	0	15	0.208333333333
0.159320759204	0.0674846625767	58	232	1	0	15	0.205479452055
0.159483457835	0.0695296523517	59	232	1	0	15	0.202702702703
0.160071385898	0.0695296523517	59	233	1	0	15	0.202702702703
0.161274697523	0.0695296523517	59	234	1	0	15	0.202702702703
0.162317480895	0.0695296523517	59	235	1	0	15	0.202702702703
0.162434487847	0.0715746421268	60	235	1	0	15	0.2
0.162921089343	0.0715746421268	60	236	1	0	15	0.2
0.163600471031	0.0715746421268	60	237	1	0	15	0.2
0.165179550151	0.0715746421268	60	238	1	0	15	0.2
0.165239857134	0.0736196319018	61	238	1	0	15	0.197368421053
0.166127410501	0.0736196319018	61	239	1	0	15	0.197368421053
0.166158868815	0.0736196319018	61	240	1	0	15	0.197368421053
0.166928769357	0.0736196319018	61	241	1	0	15	0.197368421053
0.167012699098	0.0756646216769	62	241	1	0	15	0.194805194805
0.167428306364	0.0756646216769	62	242	1	0	15	0.194805194805
0.168368399528	0.0756646216769	62	243	1	0	15	0.194805194805
0.169177324734	0.0756646216769	62	244	1	0	15	0.194805194805
0.170189937993	0.0756646216769	62	245	1	0	15	0.194805194805
0.170295886069	0.0736196319018	62	246	1	0	16	0.205128205128
0.170661622129	0.0736196319018	62	247	1	0	16	0.205128205128
0.170723847214	0.0715746421268	62	248	1	0	17	0.215189873418
0.171375661663	0.0715746421268	62	249	1	0	17	0.215189873418
0.171380947262	0.0715746421268	62	250	1	0	17	0.215189873418
