# time 	 divergence 	 # of mutations 	 # IGC chances 	 IGC length 	 # IGC failures 	 Changes due to IGC  	 % change due to IGC 
0.0	0.122699386503	0	0	0	0	0	0.0
0.00446666229538	0.124744376278	1	0	0	0	0	0.0
0.0112298335887	0.122699386503	2	0	0	0	0	0.0
0.0119716826855	0.124744376278	3	0	0	0	0	0.0
0.0127925640501	0.126789366053	4	0	0	0	0	0.0
0.0138457691649	0.128834355828	5	0	0	0	0	0.0
0.0141410517856	0.130879345603	6	0	0	0	0	0.0
0.0172886581207	0.132924335378	7	0	0	0	0	0.0
0.019954049283	0.130879345603	8	0	0	0	0	0.0
0.0220286368688	0.132924335378	9	0	0	0	0	0.0
0.029999651821	0.134969325153	10	0	0	0	0	0.0
0.0310963270976	0.137014314928	11	0	0	0	0	0.0
0.033934382296	0.134969325153	12	0	0	0	0	0.0
0.0351651981542	0.137014314928	13	0	0	0	0	0.0
0.0378185785797	0.139059304703	14	0	0	0	0	0.0
0.0420687941616	0.141104294479	15	0	0	0	0	0.0
0.0451033972739	0.143149284254	16	0	0	0	0	0.0
0.0461176250708	0.145194274029	17	0	0	0	0	0.0
0.0492418747219	0.143149284254	18	0	0	0	0	0.0
0.0494784484864	0.145194274029	19	0	0	0	0	0.0
0.0499154591642	0.147239263804	20	0	0	0	0	0.0
