# time 	 divergence 	 # of mutations 	 # IGC chances 	 IGC length 	 # IGC failures 	 Changes due to IGC  	 % change due to IGC 
0.0	0.0122699386503	0	0	0	0	0	0.0
0.00479239658939	0.0143149284254	1	0	0	0	0	0.0
0.00510067913138	0.0163599182004	2	0	0	0	0	0.0
0.015590718092	0.0143149284254	3	0	0	0	0	0.0
0.0215721924673	0.0163599182004	4	0	0	0	0	0.0
0.0221531113232	0.0184049079755	5	0	0	0	0	0.0
0.0233785613137	0.0204498977505	6	0	0	0	0	0.0
0.0278649772051	0.0224948875256	7	0	0	0	0	0.0
0.0315895043691	0.0245398773006	8	0	0	0	0	0.0
0.0321152968383	0.0265848670757	9	0	0	0	0	0.0
0.0338527934576	0.0286298568507	10	0	0	0	0	0.0
0.0387018571509	0.0306748466258	11	0	0	0	0	0.0
0.038769668612	0.0327198364008	12	0	0	0	0	0.0
0.0407926103433	0.0347648261759	13	0	0	0	0	0.0
0.0529735321326	0.0368098159509	14	0	0	0	0	0.0
0.0562510081764	0.038854805726	15	0	0	0	0	0.0
0.0593138707424	0.038854805726	16	0	0	0	0	0.0
0.0595900806824	0.040899795501	17	0	0	0	0	0.0
0.0616090763983	0.0429447852761	18	0	0	0	0	0.0
0.0623081425863	0.0449897750511	19	0	0	0	0	0.0
0.0643312753394	0.0327198364008	19	1	162	0	6	0.24
0.0648021202547	0.0347648261759	20	1	162	0	6	0.230769230769
0.0743474717939	0.0368098159509	21	1	162	0	6	0.222222222222
0.0749295937942	0.0347648261759	22	1	162	0	6	0.214285714286
0.0760238994585	0.0368098159509	23	1	162	0	6	0.206896551724
0.0780247206594	0.038854805726	24	1	162	0	6	0.2
0.0801484091345	0.040899795501	25	1	162	0	6	0.193548387097
0.0809759662163	0.0429447852761	26	1	162	0	6	0.1875
0.0811359871286	0.0449897750511	27	1	162	0	6	0.181818181818
0.0824695467356	0.0470347648262	28	1	162	0	6	0.176470588235
0.0901013796893	0.0490797546012	29	1	162	0	6	0.171428571429
0.0912465594522	0.0511247443763	30	1	162	0	6	0.166666666667
0.096010985511	0.0531697341513	31	1	162	0	6	0.162162162162
0.0983006246907	0.0552147239264	32	1	162	0	6	0.157894736842
0.0993513307123	0.0531697341513	32	2	72	0	7	0.179487179487
0.0995133547661	0.0531697341513	32	3	74	0	7	0.179487179487
0.100176415202	0.0552147239264	33	3	74	0	7	0.175
0.102386709053	0.0572597137014	34	3	74	0	7	0.170731707317
0.104859421169	0.0593047034765	35	3	74	0	7	0.166666666667
0.106737360662	0.0613496932515	36	3	74	0	7	0.162790697674
0.110751944614	0.0633946830266	37	3	74	0	7	0.159090909091
0.111947968453	0.0511247443763	37	4	103	0	13	0.26
0.114335742564	0.0531697341513	38	4	103	0	13	0.254901960784
0.119752617859	0.0552147239264	39	4	103	0	13	0.25
0.120588846079	0.0572597137014	40	4	103	0	13	0.245283018868
0.122316389383	0.0593047034765	41	4	103	0	13	0.240740740741
0.125349698005	0.0613496932515	42	4	103	0	13	0.236363636364
0.127092404744	0.0633946830266	43	4	103	0	13	0.232142857143
0.128084248079	0.0654396728016	44	4	103	0	13	0.228070175439
0.128852978079	0.0674846625767	45	4	103	0	13	0.224137931034
0.133776696536	0.0695296523517	46	4	103	0	13	0.220338983051
0.136137225067	0.0715746421268	47	4	103	0	13	0.216666666667
0.140819850306	0.0695296523517	48	4	103	0	13	0.213114754098
0.145454758834	0.0674846625767	49	4	103	0	13	0.209677419355
0.146860104925	0.0695296523517	50	4	103	0	13	0.206349206349
0.148680608378	0.0715746421268	51	4	103	0	13	0.203125
0.15581185765	0.0736196319018	52	4	103	0	13	0.2
0.156307614708	0.0674846625767	52	5	11	0	16	0.235294117647
0.162996485286	0.0695296523517	53	5	11	0	16	0.231884057971
0.164853779392	0.0715746421268	54	5	11	0	16	0.228571428571
0.170082877793	0.0736196319018	55	5	11	0	16	0.225352112676
0.171005980764	0.0715746421268	56	5	11	0	16	0.222222222222
0.17709404955	0.0736196319018	57	5	11	0	16	0.219178082192
0.177659054183	0.0756646216769	58	5	11	0	16	0.216216216216
0.179093983248	0.0736196319018	59	5	11	0	16	0.213333333333
0.183678530484	0.0756646216769	60	5	11	0	16	0.210526315789
0.19052201036	0.0777096114519	61	5	11	0	16	0.207792207792
0.199444236421	0.079754601227	62	5	11	0	16	0.205128205128
0.200438294657	0.081799591002	63	5	11	0	16	0.20253164557
0.204933001619	0.0838445807771	64	5	11	0	16	0.2
0.20641348292	0.0858895705521	65	5	11	0	16	0.197530864198
