# time 	 divergence 	 # of mutations 	 # IGC chances 	 IGC length 	 # IGC failures 	 Changes due to IGC  	 % change due to IGC 
0.0	0.100204498978	0	0	0	0	0	0.0
0.000118281458341	0.100204498978	0	1	1	0	0	0.0
0.000439491200589	0.100204498978	0	2	1	0	0	0.0
0.00117107827272	0.102249488753	1	2	1	0	0	0.0
0.00123319639467	0.102249488753	1	3	1	0	0	0.0
0.00168040624483	0.102249488753	1	4	1	0	0	0.0
0.00283600874636	0.104294478528	2	4	1	0	0	0.0
0.00308759572147	0.104294478528	2	5	1	0	0	0.0
0.00314820194812	0.104294478528	2	6	1	0	0	0.0
0.00408941051994	0.104294478528	2	7	1	0	0	0.0
0.0044834726605	0.104294478528	2	8	1	0	0	0.0
0.0046276295451	0.104294478528	2	9	1	0	0	0.0
0.00469653456678	0.104294478528	2	10	1	0	0	0.0
0.00519622386054	0.104294478528	2	11	1	0	0	0.0
0.00521098834351	0.104294478528	2	12	1	0	0	0.0
0.00565292721354	0.104294478528	2	13	1	0	0	0.0
0.0057942352417	0.104294478528	2	14	1	0	0	0.0
0.00775707386258	0.104294478528	2	15	1	0	0	0.0
0.00933782786494	0.104294478528	2	16	1	0	0	0.0
0.0106472473479	0.104294478528	2	17	1	0	0	0.0
0.0107925415804	0.104294478528	2	18	1	0	0	0.0
0.0112239311652	0.104294478528	2	19	1	0	0	0.0
0.0119966260709	0.102249488753	2	20	1	0	1	0.333333333333
0.012557948769	0.104294478528	3	20	1	0	1	0.25
0.0126159484451	0.104294478528	3	21	1	0	1	0.25
0.0133384250177	0.104294478528	3	22	1	0	1	0.25
0.0137275198577	0.104294478528	3	23	1	0	1	0.25
0.013886606007	0.104294478528	3	24	1	0	1	0.25
0.0144552141603	0.104294478528	3	25	1	0	1	0.25
0.0144712210032	0.104294478528	3	26	1	0	1	0.25
0.0147667616575	0.102249488753	3	27	1	0	2	0.4
0.0147845860404	0.104294478528	4	27	1	0	2	0.333333333333
0.0147951023797	0.104294478528	4	28	1	0	2	0.333333333333
0.015796406875	0.104294478528	4	29	1	0	2	0.333333333333
0.016076249319	0.102249488753	4	30	1	0	3	0.428571428571
0.016443275441	0.102249488753	4	31	1	0	3	0.428571428571
0.0173250714308	0.102249488753	4	32	1	0	3	0.428571428571
0.0178017595146	0.102249488753	4	33	1	0	3	0.428571428571
0.0182923500577	0.102249488753	4	34	1	0	3	0.428571428571
0.0184248894909	0.102249488753	4	35	1	0	3	0.428571428571
0.0197065853802	0.104294478528	5	35	1	0	3	0.375
0.0200004124149	0.104294478528	5	36	1	0	3	0.375
0.0204033891145	0.104294478528	5	37	1	0	3	0.375
0.0205415621735	0.104294478528	5	38	1	0	3	0.375
0.0205486449602	0.104294478528	5	39	1	0	3	0.375
0.0209875941723	0.104294478528	5	40	1	0	3	0.375
0.0213350142864	0.104294478528	5	41	1	0	3	0.375
0.0221990763381	0.104294478528	5	42	1	0	3	0.375
0.0228315242888	0.104294478528	5	43	1	0	3	0.375
0.0231307917547	0.104294478528	5	44	1	0	3	0.375
0.023893905568	0.106339468303	6	44	1	0	3	0.333333333333
0.0240332954718	0.108384458078	7	44	1	0	3	0.3
0.0246669181441	0.106339468303	7	45	1	0	4	0.363636363636
0.0262534121006	0.106339468303	7	46	1	0	4	0.363636363636
0.027324915722	0.106339468303	7	47	1	0	4	0.363636363636
0.0274443745485	0.106339468303	7	48	1	0	4	0.363636363636
0.0279914560037	0.104294478528	7	49	1	0	5	0.416666666667
0.02805079875	0.106339468303	8	49	1	0	5	0.384615384615
0.0307760901631	0.106339468303	8	50	1	0	5	0.384615384615
0.0314646304413	0.106339468303	8	51	1	0	5	0.384615384615
0.0316989138487	0.106339468303	8	52	1	0	5	0.384615384615
0.0330255420309	0.106339468303	8	53	1	0	5	0.384615384615
0.0334678452069	0.108384458078	9	53	1	0	5	0.357142857143
0.0335964265433	0.106339468303	9	54	1	0	6	0.4
0.0336389573085	0.106339468303	9	55	1	0	6	0.4
0.0337947666272	0.106339468303	9	56	1	0	6	0.4
0.0349146002039	0.106339468303	9	57	1	0	6	0.4
0.0351234307736	0.106339468303	9	58	1	0	6	0.4
0.0351558724003	0.106339468303	9	59	1	0	6	0.4
0.0361587913503	0.106339468303	9	60	1	0	6	0.4
0.0363165735014	0.106339468303	9	61	1	0	6	0.4
0.0363508094562	0.106339468303	9	62	1	0	6	0.4
0.0364919477547	0.106339468303	9	63	1	0	6	0.4
0.0365246521951	0.106339468303	9	64	1	0	6	0.4
0.0372747951122	0.108384458078	10	64	1	0	6	0.375
0.0374857539244	0.108384458078	10	65	1	0	6	0.375
0.0375592048284	0.108384458078	10	66	1	0	6	0.375
0.0375655288263	0.110429447853	11	66	1	0	6	0.352941176471
0.0396563897147	0.110429447853	11	67	1	0	6	0.352941176471
0.0405622235407	0.110429447853	11	68	1	0	6	0.352941176471
0.0406844929298	0.110429447853	11	69	1	0	6	0.352941176471
0.0426474536969	0.108384458078	11	70	1	0	7	0.388888888889
0.0430444582519	0.108384458078	11	71	1	0	7	0.388888888889
0.0436346355521	0.108384458078	11	72	1	0	7	0.388888888889
0.0437820552522	0.110429447853	12	72	1	0	7	0.368421052632
0.0440283778934	0.112474437628	13	72	1	0	7	0.35
0.0447414008074	0.114519427403	14	72	1	0	7	0.333333333333
0.0457960391911	0.114519427403	14	73	1	0	7	0.333333333333
0.0459933208944	0.114519427403	14	74	1	0	7	0.333333333333
0.0460031400315	0.114519427403	14	75	1	0	7	0.333333333333
0.0461985330333	0.114519427403	14	76	1	0	7	0.333333333333
0.0465428897903	0.114519427403	14	77	1	0	7	0.333333333333
0.0478643184448	0.114519427403	14	78	1	0	7	0.333333333333
0.0480349880416	0.114519427403	14	79	1	0	7	0.333333333333
0.0483121182201	0.112474437628	14	80	1	0	8	0.363636363636
0.0493535576767	0.110429447853	14	81	1	0	9	0.391304347826
0.0497288796569	0.110429447853	14	82	1	0	9	0.391304347826
0.049988598221	0.110429447853	14	83	1	0	9	0.391304347826
0.0500056222653	0.108384458078	14	84	1	0	10	0.416666666667
0.0502298491454	0.108384458078	14	85	1	0	10	0.416666666667
0.0503767719297	0.110429447853	15	85	1	0	10	0.4
0.0512277747017	0.108384458078	15	86	1	0	11	0.423076923077
0.0512289439706	0.110429447853	16	86	1	0	11	0.407407407407
0.0516343109651	0.110429447853	16	87	1	0	11	0.407407407407
0.0518126686774	0.108384458078	16	88	1	0	12	0.428571428571
0.0533321759157	0.110429447853	17	88	1	0	12	0.413793103448
0.0534937134917	0.110429447853	17	89	1	0	12	0.413793103448
0.0561936180865	0.112474437628	18	89	1	0	12	0.4
0.0565022376778	0.114519427403	19	89	1	0	12	0.387096774194
0.0565925493978	0.116564417178	20	89	1	0	12	0.375
0.057051247208	0.116564417178	20	90	1	0	12	0.375
0.0580697939349	0.116564417178	20	91	1	0	12	0.375
0.0586473243709	0.116564417178	20	92	1	0	12	0.375
0.0604082078761	0.116564417178	20	93	1	0	12	0.375
0.0626193343929	0.116564417178	20	94	1	0	12	0.375
0.0633364905719	0.116564417178	20	95	1	0	12	0.375
0.0634244429633	0.118609406953	21	95	1	0	12	0.363636363636
0.0634285279017	0.118609406953	21	96	1	0	12	0.363636363636
0.0635426351721	0.118609406953	22	96	1	0	12	0.352941176471
0.0641509129305	0.118609406953	22	97	1	0	12	0.352941176471
0.0642324115581	0.118609406953	22	98	1	0	12	0.352941176471
0.0645760991037	0.120654396728	23	98	1	0	12	0.342857142857
0.0646174331641	0.120654396728	23	99	1	0	12	0.342857142857
0.0648812748584	0.120654396728	23	100	1	0	12	0.342857142857
0.0651791322901	0.122699386503	24	100	1	0	12	0.333333333333
0.0652741220183	0.122699386503	24	101	1	0	12	0.333333333333
0.0659579545535	0.122699386503	24	102	1	0	12	0.333333333333
0.0663064280697	0.120654396728	24	103	1	0	13	0.351351351351
0.0668662524676	0.120654396728	24	104	1	0	13	0.351351351351
0.0672058083083	0.122699386503	25	104	1	0	13	0.342105263158
0.0677016874768	0.120654396728	25	105	1	0	14	0.358974358974
0.0684230622656	0.120654396728	25	106	1	0	14	0.358974358974
0.0694176050633	0.122699386503	26	106	1	0	14	0.35
0.0703143532857	0.122699386503	27	106	1	0	14	0.341463414634
0.070349260065	0.122699386503	27	107	1	0	14	0.341463414634
0.0707119167046	0.122699386503	27	108	1	0	14	0.341463414634
0.0709535136097	0.122699386503	27	109	1	0	14	0.341463414634
0.071424277749	0.120654396728	27	110	1	0	15	0.357142857143
0.0715800560673	0.120654396728	27	111	1	0	15	0.357142857143
0.0737595421434	0.120654396728	27	112	1	0	15	0.357142857143
0.0741373402664	0.120654396728	27	113	1	0	15	0.357142857143
0.0743793551087	0.120654396728	27	114	1	0	15	0.357142857143
0.074876323514	0.118609406953	27	115	1	0	16	0.372093023256
0.0751602031261	0.118609406953	27	116	1	0	16	0.372093023256
0.0759015769988	0.120654396728	28	116	1	0	16	0.363636363636
0.0768250939123	0.120654396728	28	117	1	0	16	0.363636363636
0.0779092703029	0.120654396728	28	118	1	0	16	0.363636363636
0.0787916130919	0.122699386503	29	118	1	0	16	0.355555555556
0.0790438213497	0.122699386503	29	119	1	0	16	0.355555555556
0.0798162769266	0.122699386503	29	120	1	0	16	0.355555555556
0.0802895637088	0.122699386503	29	121	1	0	16	0.355555555556
0.0807246452783	0.122699386503	29	122	1	0	16	0.355555555556
0.0826584107161	0.122699386503	29	123	1	0	16	0.355555555556
0.0839681431647	0.122699386503	29	124	1	0	16	0.355555555556
0.084011038304	0.122699386503	29	125	1	0	16	0.355555555556
0.0845204261821	0.122699386503	29	126	1	0	16	0.355555555556
0.0847073983276	0.122699386503	29	127	1	0	16	0.355555555556
0.0848574888174	0.120654396728	29	128	1	0	17	0.369565217391
0.0849064295821	0.120654396728	29	129	1	0	17	0.369565217391
0.0850554695499	0.118609406953	29	130	1	0	18	0.382978723404
