cnumpy.random
__RandomState_ctor
p1
(tRp2
(S'MT19937'
p3
cnumpy.core.multiarray
_reconstruct
p4
(cnumpy
ndarray
p5
(I0
tS'b'
tRp6
(I1
(I624
tcnumpy
dtype
p7
(S'u4'
I0
I1
tRp8
(I3
S'<'
NNNI-1
I-1
I0
tbI00
S'o\x81]\xd9\xa4\x92{\xfb\x1a\x1e\xc8\xa1A\xde\x0b\x83\\\xc8\xaccs\x8c\x1b\x1a\xc2S\xef\xe8}|\x9cY\x8d\xa4hx\xbdn\xf9(VC\xd37\xd0\x1c\xce\xa6\x9bP\x18}r\xbarE\xb2H\x92\xdc\x18==8\xbc\xb1m\xf67\x93(\x8d\xf8\xc3bs\xf8\xc2\xa7fD\xce\x00"U\xbd\x83Yf\xd7FdJ\xe4=\xd2@#\xa6\xda\x1aa>\x7fN\x8el\xb5\xbd\xb3[\x00e\x9f\xf4\xda\xa3\xd72\x8do\xd5\xdb\x17\n\xf1\xdb0"\xd8\xcet*\x1d\x93\xb3\xbb(\xf5\xd9\xd1\xda\n*\xd6\xe7z5\xe2>x\xafT\x08\x83SP\x1e\xf12\xda\x91+W\x83\x87\xda\x17\xf9\x1d\xe2$Y\xce\xbb\x10\xc9\xb4\xe7\xa0d\x17\x15\xd0}\xbb\xc6o\xe5\x14\xe7`l\x0c\x0f\x7f\xcf!\x01v\xda\xa1\xa2\xe0^I:\xcf\x85h\xfe\\\x1cg\xa5\xe4\x10\xe0\xd5[H\xc4\xaeZ\xf1k\xbe^k\xc6Be8\xd9\x9c\xe1\xaa\xb6\xd0\x14\xc5:\xd1*#\x12o:\r\xc3\xeb\'\xe2j)\x0c\r\xe2\xfcY\xe9\xa3\x17 \xeb\xa1D\xf0\xd9\x05\xc4\xfa\x13\xb8\x88\xbf\x89\x0bi9Q\x91\xb4\x9as\xbc<o\xa8\x80\xdeg\x95\x8e\x8fF\xfbw\x86\xff\x07\'\xd6\xe7\x19g\xde\xcb \xc8\xd3\xdd\xb2qa\x96\x93\x10 2!\xa9b\xaa\xdc\xf16\x18\x96\xb7\x9b\x92\x8b\xd4\xad\x04x\xa5\x13\xd6\x9a6KP\xd0+-=c\x19vx\x0c\xe7\xa7u\t\x9c\xcb\x0cp\x01\xc9\x95\x834\x88\x0e\x8d\x9ar\xd6\x08Q\x06\x8d\x7f\xe8\x98\xa3Pm(\x04\x87-\xbb\x02\xf0\xc9n\xee4\x8d\xd2\x06\xcf\x17o\xa8\x9c;\xa0\xeeq\x0e\xc4\xf5\x0c(\xcdM\xf7\xdc\xf2\xf2\xebR=J\xc6\xfft9.\xc3\xa9\x1a$_+\x15\xf2\xe8N\xf6>\x15\xa2\x93\xf9w\x90z\xf8Rm]\xef\xf6w\xcf_b\x95\x86\x12\xf5\xf9\xad\xf1\x89\xd9\xc1H\xd7\x9dL\xc7\x88j\x15Y\x96\xd1\xaf\x95en_V\xba\x04o\xd8\x9f\xe9\xa1\xdfn\xbd\xb4%\xb8\xe1\xbcko\x95C\x03F\xff_\xcdp5\xd9\xb2q\xe1\x13QTr\xf8\xda\x0e\xb5\xc5#\xe9\xa9\xc4\x7f\x9fz\x8c\xd0\xf6\x06\xbc\x85\x07"\xa7>\xf4+|\x9d\xf3\x99U\x1b*\xf3\x87?3\xc8G\xc5\x11\x1b\xed\x1am2,U\xd6\xf1\xb1\x1f\x99\x84\xb1}q\xbauKY\xd9\xd4\x86>\xe9\xa0J\xa6\xf8{\xac.\\g\xa0&\x85\xb9\x9dw\xad}\xb3\xba\x05\x8e=\xbc\xc0\x9b\x86\xa4h\xa7\xb5\xfc\xb26ew\xdd\xf1\xf5M\xbc\x7f\xde\x0fd:d\xc0#s\xdf\xaa\xe8\x81[\xdc\x0f P]/SA\x14\xc3&\x91\xbd-n\xf5\x9e\x0f\xcdy\xde\x05_gR\x13\xd4P\xf3#%\x04\xcd\x1c9\xb6?\xd2\xbf\xf4\xfc\xf1O\'\xeaQ\xff\xa8\x98\xd3\x86-\xbf\xa6X\xfe|\x84\x91\x7f\x9bW\xf2\xfe\x8f\t\x90hF\xf5\xbcZ\x16\xae\xe2\x1b\xeaB\xd4\xd1\xe6\xaf/myz\x8e\x88a\\\xcbb\x0f\xdc\xdf8\xd6\xe8\x104(\xba\x9b\xd6\xb7\xa9\xdc\xc2K!P\x8c\xd8\x97I\xa3\x96\xe0\x84\n\xea\xb0\xd8B\xbc\x80W+8\xf57\x0c\x8dF3\x1cK\xa9\xc9\xefo_\xdc\x03aG \xbb-\x97c.9\xa9s\xca\xd9\xb3\xdb\x0f\xaeh\x8e\xc0\xc9\xad1\x1e\xff\xf2\'\xb8\xb3A\x90\x88\x0f\xf6\x90wB\x86\xc3\xf1\xc4\x1aD\x954\xdc\x88\xf0\x15\x19\xa6\xd3\xa9\xfa\xda\x8f\x08\xfbp\x13p\xd2\xfb\xdb\nz}\xb3\x98\x19|+\xa4\x1d\xfaV\xa3\xbc\xd0\xb9W\xbe\x9e\x82:\xad\tLE\xef\xf9\xe2\x81\xcaB;\xed\x9f\xcc#;\x93\xca>/W\x1c>fx\x88\x1a\xcd\xb5l\xa92\x8c\xd6\xef\x0e\xc8_\xdb\x11T\xd1\x15~^\xf6\x9b\xe72\x14\xedC\xb3\xcb\xd0h\xb6v\xc5\xce\xfd\xe7\xd7\x90\xe1\x88m\xe7\x90`\x1d\x0c\x19\x84f\xad\x81\x80)\xa98\xef\xa8\x9dSn\x05\x96\xd1\x81\x0e:A\x03-Y\xe3\xc6Y\x97\xdcI\xc4m\xda\x1fd\x16\xaa\xffr\x92\x93&3\x98\n\t\xb6\xf5\x88b.\xc5\n\x0b-n\x9f\xc9\x0bP\x01\xddj\xb0C\xd4G\xed*\xc3\xd4\x86\xc0!\x05\xc8\xd9\x96x\x8a\xb9\x8b\x8b\x0b\x98\x1a\xb7YHB7\xa8\xd1\x8c/fw\x80\xb6\x9b\x90%h\x91+\x9c\x1b1\x0f,49\xeb\x8d\xdd\xbd\xb6\x06\x90\x08Hx\xfe\x8e[\\3\x16Zl\x95D\xd7+\x0b\xda|\x00\xf00\'\x94\xb8\xb1\x83\xf6\xdd\x89{4e\x0e\x03\xc8\xb2\xea\x06&\x88 \x82\xd5\x0b\xf5\xaa\x05O?\t\xf3|)\xa7\x1fMN\xaf\xbd\xd9\x16rK\xb2\xbe\\\x8c\xe2,\xcf\x11_|!\xb2\x8e\xbc\xda9#J\xf2\x12l\xe5\x18;Wp,$\x9a>\x05\x17>\xd9Z\xdd\xd7\\xE\x03L\\\xd8\xf7\xc3\x8c\x8c\xc0\x9e\x00a\xdb+r\x96\x06\x18\x81\xbb\x1c\xf9\xff\x15$\x88X\x88\x95\x19\xa7\x02\xb6la\xa6\xe3qS\xca\x8a3\x84\xc4sQ\x88\tS\r\x9c\xc4\x84\x104\xb2T\xaf\xeb~\xba\x91Z\x8d(\xbc}\x15R\xfb\x13\xdcY;\xcc\xf3\xdf\xa2\x07\x1e4\x89\xef\x99\xe4{\x0b\xef\xaf\x0b%\x95\x8b\x1c\'\xeb:\n\xc9\x91Z$\x1c\xd8\x8b#\xa2\x15\x1d\x88\x04\xcaB\xb9\xebyc\xe7\xe4\x1a\xcb\xb8\xe6\x9d\xb8\x84\xcf:0:T\x1c\xd4\x7f\xb0~V\x1f\xb6e\x85\xaf\xce\x9b\xf9\x86\x90\xd9\xaf~\x9bv\x154\x94\xa9\tF\xb4\xa6\xdd\xfag\xb2\xbf\xf9\x8c\xc6\xec\xdd&\xcf+\x94\xb9j2W&\xc5V\xcd\x82EV\xcfvBR\xe6\xbe\xed\xf0\xab\xe4:%\xf7FR\x10\xc2\xebw\xb0\x03g\xd9\x8f\xdd\xfa\xd7"\xf1\xc5&%\xbbDw\x9a\xb5\x8a\xdf\xb4\x05B\xf5o2\xc4\x91\x8d\x9f\x19\xf6\xe2,O\x1b\xadD\xf9--\xbd\xe0S\\\x9e\x03\xbf\xc1\x9f\x14(\xe6H$\xc7\xda}x\xfe\x12\x02H\x89RY\xc4\xba\xa4\xf4\xf3:\x9d\xa2U1\x9a\x82\xf4\xde\x03jd\x92\x91:JbQ\x95\x07\xaf\xba\x06W\xae\xf3\xc5\xcc~\xce\xf1\xac>\x95T\x01\xeb<\xa2\xf1\x19\x1b\xd5\x8c_\xa0u\x04ZE\xec\xafQ8\x811\xbe\xee(\xbd\xad\xa2\x96\xe3\xf7\xc6\xd4\xe4U\xd6>\x93f\xbf\xe2g\xb5\xecf\xfb9d\xaa\xed\\\xda\xb3\xfaP9&\xdd7&\xa8\x86\xc9\x91\x1fQ#\x9f\xe0C#\xbd\xfcW\xbb\x1eD\xd2qH\x1c3\xc5\xefQ\xd9)\x87\x01&5\xcb\xf8\x91;i\xea,\x86\xeb]\x17#\r\x87\x18\x01l\x19\xc7\xfe\xf1\x8c\xa7.\xcf\x99\x9bc\x10g\xef\x96c\xb8\xaao\x1a\xdc\xa5\x8b\x99;\xbdA,~\xe9\x8fd\x9ec\xd3\xfc\xd6h\xbc\x17\xb1\xfe\xda\xdbi\xfd\x8ej;\x12l\xc2\r%l\xbe.\n\xb8\x85\x0c\x91{^\xac\xddfu\xd3\xb5\x14\xce\xd4WT\x1e,,\x00\r\xa3\xcf\xe6\x91\x18\xc6\x99\xdd\xd0\xef\xd5(\x90\x06\xc5\x1e\x84;\xbd\xeaM-\xffe6\x0fM0G0J\xc2\x9f\x10\x8f\xfe\x16\r\xc1\xf2\xe4z\x0e\xcc\xb1\xb3\x98\xd7\xd8\x8d\x93Zx\xc5\x06\xc1\x80\x9c<(\xa5#\xa3\x07\x87\xb2s\xb41\x7f\xef\xaeF\xe1\xab\xad\x03!S+\xd5>\x04\xb4\xbf\xc1[IM\xf6d\x8e\x7f\xc6\xeb\xca\x93_^\x06:\xfb&u\xce\xcf\xe3PL\xdd;\x97\x1f\xfeT\xe4\xf8\xf4\xb6\\\x9f\xc4\x14Rix\x0e\xce,3\xaa!\xc7\x0b\x10\x92\xd0\xc6\xc8Z \xca\xe1\xcd\xc2\xe7\xb7\x90\xbc\xfe\xd2h\xa5\xee\xe8\xc4\xd6\xea\xe5C\n\tw\xf6\xd4K\x8b\x11\x06\xa2E\xf2s\xc9\x0b\x0eHd\x9e\x19\xe5\'\x818\x13&\x12\xd4\xd8c\x13N$\xdawi\x11\x8ei\x98\xf9\xe8i\x90,\xd2\xc3\x8a\x02D\xe6\xfd@\x9a?oj\x01\x86\xac\xf1\x9b\xe2\xc6]\xd9p\x04\xd4\xe5\xb9.>\x12\xf5\xe1\x86\xe7\x8e\xc3Y\xb61\xa5\x9a\x05\x9a\x17\x9dk\xef8\x19\xb8a\x16\xb9\x19\xd9T\x92\xees\xea\xdb\xf2\xb8\xac\x19\x9f\x96\x01]\x89\xfa\xb8z!\xac\x8a\xf5~\x03\t"s\x7f\xb3x\x01g\x80\x82\xf1\xb3B\x85\xaf\x19n\x81\x81\x83\xe0q\x84\xc9\x84|=\xf7\x9b\xee\xa2\xcc\xd2\xeea\xf0M\xeb\xa3\x1b\xa0\xb8\xa6\x12\x10G9\'\x86.\x03\x0f\x96\x01\xabN\xc6/\xe4\x80F\xd2\xaax\xc3\xc4\x1b\xccm\xe8\xfbx\xe2|\x03\'~\xfe\x89@\x8c-gX\xd0#\x9a\xa9R\x02\x9a\x9f+\x06V!\xc2\x97\xb1\x1a\xc4+\xa7\x89\x13\xc4s\xb4\x8eR\xe32\xea\x95\x05\xfe\x7f\xb9y\x0b\x96\xdd\\\xd6L\xa3\'\x07g\xc8-p_\x0e\xdcL\xa1\xc6\xed\x95=\xa3\xae/V\xe4\x954\xbbYjmi\x14\x8c\x91L\xb4l\x8dzz5\xeeiE\x18Y\x0e}\x8e\x07#\xca\xe9\x90\xdf\t\xd7a\xcd\xe7n@\xd5\x9e\xee\x02\x87\xde\xb4g\x8e\xfd\x9d\xa6\xb2\xba \xf5P\xdaU-?Q\xe4\xaa\xd4\x17*I\xbc09\x1e\x94\xa7E`\xb9v\x93\xff1\xe3\x9cIen\x8f\xcfD\x06\xf1\x83aZ\x87!s\x12\xear\xb6\xc5\xd7\xa0|J\x17>\x07\xfa\x19n>\xa7\xc5\x13\x8e\xe3\xb13\xc8\xcc`Hs$\r\xc2PrhQ\xf8\xd5do\x14\xda\xe7\xd5U\x08I\x11([\xfc0\xd4j:\x8e\x059\xe9\xc0l\xab\xe3\xf6\xcd\xcb\xd9/\xcd\x0eloO\xdc\x7f\xab\x92S?\xea\xd3\xc0f\x8d\x90\n\x9d\xdey\xae\xbf)\x0e\xea&\xb3O\x02\xef\xf1\xe8\xef\xce\xbf\x1a\x01\xda\xf4t\x99\xdb-\x16X\x99\xec\to )\x04\x83\x86\xc2\xb3\x10\x9d<\x1dd4\xed\x07\x17\x1c\xa1\r\xf9\xaf?P\xba\xd88\xc8\xb7\xb5\x04z\x0c!\x19\xd3\x1d\x13\xe3\xe3\xa2L\xda\x1c3\x88\x1d\xaa\x7fY\x87\x1c\x12\x0b\xd1\xbbH)\xe3{\x18\xcbw\xf4\xff{R8\xbcq\xb84\xcdR\xadM\xcb\xa9\x1bt\xdc\x191\x11\xaci\x02RW\xcc\xde|\xf1CVTA\xceO\xa0\x0c)[<$V\xb8\xf0\xb7g)\xfb\xe8\xabd\xcf\x7fM\x19\x05b\xb8\r\x15k\xa3\xf1\xb0\xf6=\x96\xeajt\x0b\x1b \xa1_\x96\xa5\x87.r\']\xaf.\xdd>3iW(\xc8>\x1e6M\xb9f\x06Mo\xff\x0fv\x07\x86\x84j7\xed\xffW\x00u\x11\xbdb%\xe0\xba\x8a3\xd9\xb2)\x1d\xfd\xce\x93\xc0\xadA\x8eX\xe4\x81M;$e'
tbI624
I0
F0
tb.