# time 	 divergence 	 # of mutations 	 # IGC chances 	 IGC length 	 # IGC failures 	 Changes due to IGC  	 % change due to IGC 
0.0	0.0981595092025	0	0	0	0	0	0.0
0.00119390220366	0.0981595092025	0	1	1	0	0	0.0
0.00123064047244	0.0981595092025	0	2	1	0	0	0.0
0.00138837859174	0.0961145194274	0	3	1	0	1	1.0
0.00165390739257	0.0940695296524	1	3	1	0	1	0.5
0.00296560920083	0.0940695296524	1	4	1	0	1	0.5
0.0035789151482	0.0940695296524	1	5	1	0	1	0.5
0.00373402302133	0.0940695296524	1	6	1	0	1	0.5
0.00405281145317	0.0940695296524	1	7	1	0	1	0.5
0.00411456790765	0.0940695296524	1	8	1	0	1	0.5
0.00471180765874	0.0940695296524	1	9	1	0	1	0.5
0.00546264603464	0.0961145194274	2	9	1	0	1	0.333333333333
0.00653537476909	0.0961145194274	2	10	1	0	1	0.333333333333
0.00656621585267	0.0940695296524	2	11	1	0	2	0.5
0.00687964750968	0.0940695296524	2	12	1	0	2	0.5
0.00837110479627	0.0940695296524	2	13	1	0	2	0.5
0.00898727561716	0.0920245398773	2	14	1	0	3	0.6
0.00944752303405	0.0920245398773	2	15	1	0	3	0.6
0.0107492299214	0.0940695296524	3	15	1	0	3	0.5
0.012416511884	0.0940695296524	3	16	1	0	3	0.5
0.0126723296056	0.0940695296524	3	17	1	0	3	0.5
0.0131742030996	0.0940695296524	3	18	1	0	3	0.5
0.0135568669644	0.0940695296524	3	19	1	0	3	0.5
0.0136591964877	0.0940695296524	3	20	1	0	3	0.5
0.0136848668883	0.0961145194274	4	20	1	0	3	0.428571428571
0.0138229411004	0.0961145194274	4	21	1	0	3	0.428571428571
0.0141220463862	0.0961145194274	4	22	1	0	3	0.428571428571
0.014387971867	0.0940695296524	5	22	1	0	3	0.375
0.0164388897231	0.0920245398773	5	23	1	0	4	0.444444444444
0.0167977510592	0.0920245398773	5	24	1	0	4	0.444444444444
0.0168228736196	0.0920245398773	5	25	1	0	4	0.444444444444
0.0173155538285	0.0920245398773	5	26	1	0	4	0.444444444444
0.0177971915553	0.0920245398773	5	27	1	0	4	0.444444444444
0.0182168331229	0.0920245398773	5	28	1	0	4	0.444444444444
0.0182462104315	0.0920245398773	5	29	1	0	4	0.444444444444
0.0183937188216	0.0920245398773	5	30	1	0	4	0.444444444444
0.0189595960182	0.0920245398773	5	31	1	0	4	0.444444444444
0.0210491201052	0.0920245398773	5	32	1	0	4	0.444444444444
0.0217899705451	0.0920245398773	5	33	1	0	4	0.444444444444
0.0223010105972	0.0920245398773	5	34	1	0	4	0.444444444444
0.0232845936958	0.0920245398773	5	35	1	0	4	0.444444444444
0.0235585357164	0.0920245398773	5	36	1	0	4	0.444444444444
0.0252338233279	0.0940695296524	6	36	1	0	4	0.4
0.0252531290411	0.0940695296524	6	37	1	0	4	0.4
0.0253011292193	0.0940695296524	6	38	1	0	4	0.4
0.0258834896766	0.0940695296524	6	39	1	0	4	0.4
0.0259908547481	0.0940695296524	6	40	1	0	4	0.4
0.0269089197745	0.0920245398773	6	41	1	0	5	0.454545454545
0.0276533154023	0.0920245398773	6	42	1	0	5	0.454545454545
0.0280163597954	0.0920245398773	6	43	1	0	5	0.454545454545
0.0291291838592	0.0899795501022	6	44	1	0	6	0.5
0.0311074935399	0.0899795501022	6	45	1	0	6	0.5
0.0313720530753	0.0899795501022	6	46	1	0	6	0.5
0.0315556440728	0.0899795501022	6	47	1	0	6	0.5
0.0315691571168	0.0920245398773	7	47	1	0	6	0.461538461538
0.0329224613969	0.0899795501022	8	47	1	0	6	0.428571428571
0.0342599192784	0.0899795501022	8	48	1	0	6	0.428571428571
0.0344746201625	0.0899795501022	8	49	1	0	6	0.428571428571
0.034602286239	0.0899795501022	8	50	1	0	6	0.428571428571
0.037574417132	0.0899795501022	8	51	1	0	6	0.428571428571
0.037726587753	0.0899795501022	8	52	1	0	6	0.428571428571
0.0387760988769	0.0920245398773	9	52	1	0	6	0.4
0.0392669061702	0.0920245398773	9	53	1	0	6	0.4
0.0393864728554	0.0899795501022	9	54	1	0	7	0.4375
0.0396862978676	0.0899795501022	9	55	1	0	7	0.4375
0.0401409619723	0.0899795501022	9	56	1	0	7	0.4375
0.0417975667901	0.0920245398773	10	56	1	0	7	0.411764705882
0.0422628664937	0.0920245398773	10	57	1	0	7	0.411764705882
0.0437362284104	0.0940695296524	11	57	1	0	7	0.388888888889
0.0454210267082	0.0940695296524	11	58	1	0	7	0.388888888889
0.0461131189743	0.0940695296524	11	59	1	0	7	0.388888888889
0.0463819000604	0.0940695296524	11	60	1	0	7	0.388888888889
0.0476571546028	0.0940695296524	11	61	1	0	7	0.388888888889
0.0478413161555	0.0940695296524	11	62	1	0	7	0.388888888889
0.0488336674248	0.0940695296524	11	63	1	0	7	0.388888888889
0.0496069862643	0.0940695296524	11	64	1	0	7	0.388888888889
0.0497202604754	0.0940695296524	11	65	1	0	7	0.388888888889
0.0503677644874	0.0940695296524	11	66	1	0	7	0.388888888889
0.0520314014282	0.0940695296524	11	67	1	0	7	0.388888888889
0.0528171399468	0.0940695296524	11	68	1	0	7	0.388888888889
0.0536844356836	0.0961145194274	12	68	1	0	7	0.368421052632
0.0541708538494	0.0961145194274	12	69	1	0	7	0.368421052632
0.0549092370232	0.0961145194274	12	70	1	0	7	0.368421052632
0.0574046997856	0.0940695296524	12	71	1	0	8	0.4
0.0574659339141	0.0920245398773	12	72	1	0	9	0.428571428571
0.0576476136659	0.0920245398773	12	73	1	0	9	0.428571428571
0.0590797898467	0.0920245398773	12	74	1	0	9	0.428571428571
0.0592514499636	0.0920245398773	12	75	1	0	9	0.428571428571
0.0593355032204	0.0920245398773	12	76	1	0	9	0.428571428571
0.0616832070329	0.0920245398773	12	77	1	0	9	0.428571428571
0.0627194034957	0.0920245398773	12	78	1	0	9	0.428571428571
0.0630273340584	0.0920245398773	12	79	1	0	9	0.428571428571
0.0633298674586	0.0940695296524	13	79	1	0	9	0.409090909091
0.0636060303994	0.0940695296524	13	80	1	0	9	0.409090909091
0.0641537314553	0.0940695296524	13	81	1	0	9	0.409090909091
0.0642333753399	0.0940695296524	13	82	1	0	9	0.409090909091
0.0647406081116	0.0940695296524	13	83	1	0	9	0.409090909091
0.0654861218042	0.0940695296524	13	84	1	0	9	0.409090909091
0.0654923962795	0.0940695296524	13	85	1	0	9	0.409090909091
0.0657877850716	0.0940695296524	13	86	1	0	9	0.409090909091
0.066636141083	0.0940695296524	13	87	1	0	9	0.409090909091
0.067398671646	0.0920245398773	13	88	1	0	10	0.434782608696
0.067598297553	0.0920245398773	13	89	1	0	10	0.434782608696
0.0676981716998	0.0920245398773	13	90	1	0	10	0.434782608696
0.0676993706559	0.0920245398773	14	90	1	0	10	0.416666666667
0.0678125191348	0.0899795501022	15	90	1	0	10	0.4
0.0684139051706	0.0899795501022	15	91	1	0	10	0.4
0.0684769464917	0.0920245398773	16	91	1	0	10	0.384615384615
0.0700698535003	0.0920245398773	16	92	1	0	10	0.384615384615
0.070090515119	0.0920245398773	16	93	1	0	10	0.384615384615
0.0701568452728	0.0920245398773	16	94	1	0	10	0.384615384615
0.0707170115753	0.0920245398773	16	95	1	0	10	0.384615384615
0.0714972760789	0.0920245398773	16	96	1	0	10	0.384615384615
0.0715305719353	0.0899795501022	17	96	1	0	10	0.37037037037
0.0716936348536	0.0899795501022	17	97	1	0	10	0.37037037037
0.0720296384885	0.0899795501022	17	98	1	0	10	0.37037037037
0.0722411077835	0.0899795501022	17	99	1	0	10	0.37037037037
0.0730706978362	0.0899795501022	17	100	1	0	10	0.37037037037
0.0733975690681	0.0899795501022	17	101	1	0	10	0.37037037037
0.0740830153828	0.0879345603272	17	102	1	0	11	0.392857142857
0.0741027480202	0.0879345603272	17	103	1	0	11	0.392857142857
0.0746256382143	0.0879345603272	17	104	1	0	11	0.392857142857
0.074856393513	0.0879345603272	17	105	1	0	11	0.392857142857
0.0749850487242	0.0858895705521	17	106	1	0	12	0.413793103448
0.0752284302503	0.0879345603272	18	106	1	0	12	0.4
0.0755742403257	0.0879345603272	18	107	1	0	12	0.4
0.0758951128789	0.0879345603272	18	108	1	0	12	0.4
0.0786859788147	0.0879345603272	18	109	1	0	12	0.4
0.0788744357967	0.0879345603272	18	110	1	0	12	0.4
0.0790599867026	0.0899795501022	19	110	1	0	12	0.387096774194
0.080710914314	0.0899795501022	19	111	1	0	12	0.387096774194
0.0814343360555	0.0899795501022	19	112	1	0	12	0.387096774194
0.0822440119279	0.0899795501022	19	113	1	0	12	0.387096774194
0.0822932285428	0.0920245398773	20	113	1	0	12	0.375
0.0829221091413	0.0920245398773	20	114	1	0	12	0.375
0.0836351720865	0.0940695296524	21	114	1	0	12	0.363636363636
0.0852897553479	0.0940695296524	21	115	1	0	12	0.363636363636
0.0853298460093	0.0940695296524	21	116	1	0	12	0.363636363636
