cnumpy.random
__RandomState_ctor
p1
(tRp2
(S'MT19937'
p3
cnumpy.core.multiarray
_reconstruct
p4
(cnumpy
ndarray
p5
(I0
tS'b'
tRp6
(I1
(I624
tcnumpy
dtype
p7
(S'u4'
I0
I1
tRp8
(I3
S'<'
NNNI-1
I-1
I0
tbI00
S'\xb5\xf3\x1e\xd4\\\\`\xcf\xc0\x1aF\xc7p\x94q,\xe8-\xbe\xd1\x96\x12r\xfd>\x8d\x1d\xf3\xa3\x8a\xbd\xe3\xfeA\xc2_\xc5\x9e\xa1\xf8\x89\x8d\x86\xdb\xbd\xe9\r\xb3Q\x16\xe5<?V\xa0k.\xa2\x9d\xe2\x03\xd5\x10r3\xb9\xdc\xaf\x7f\xb4\xbd\x8bX\xab\xff\xa9C\x81\x92\xfaK)\x16b7\xc93\xce\xf66\x88\xa4\xa6cfK\xee#\xadF[g9\x18\xcfo\x8e\xcf\xb3\xc7F\x97\xeaH\xe6\xb4\xeeK]2S\x9b\xb2\xa0\xbe\xbb@Q\xfd\xc94qK>WM9z4\x81\xd3\xe2\xe3[\x1e\x19\x8f`T/ \xc5\x80]#\x97\xc3X\xe9\xa6\x81\x06\x98 t\xea\x96\xfc{\x10:3\xf0\xfe\x91((Hz\xfc\x04\xfc\xc3\x13i+\x04\x1e\xc3\xe2\xda\xe0\\\x98\xeb\x11~\x93U\xc4te\xbb\xf9\xe1\xd8\xcf\x94\'\xb3\xe2u\x14,\x18b\x8b\x1f/(\x85\x9b\x81C\x14\xa8\x9c\x01\xf2\xb8) \x16\xd71\xc9\xf0\x15|\x8ag"\xe9\xbd7\x91\xff\xb6zN\xc3\x81G\xf8$\xf0\xd8\x1d\xbfx\x8b\x07/\x8f*\xc9\xeb\xde\xa5I\xf1\x90s\xbak\x86W\xd3\xfe\xb5\xd7\xebZ\x8d\xbb\x97!\xdaZ\x1f\x99\x99(-<1\x0f9r\x0c\x8a\xa5#2g\xbe\xb4@U:jK\x1e\x87\xd3P\x0f\xa8`\xe67\x18\xf7\xe6Y\xa2)\xa1\xea\x8d\xcf\x13T\xfb\\(\xc4\xeek\xb7\xf1\xeb\xf8z\x17{\xe0Z#\xdd\xc5\xdf\xf8\x08~<\xea\xa4\x7f>\t"m\xe5$\x0bk\xc8O\xb1by\x84\x81\xfe\xca"O\x97\x99\xc4\xaf1\xc4\xca.\xbd\xca)\xa5g\xc0\x0e0\xb9#m\x97\x1f\x86q\x15\xd2\xbc\xa0\xe5\x01\xf8\xabM\xa5)\xf5\x8b\x98r\x8e0\x16\xfb\xec\xde1dH|\x04\x19\xce{q\n\xf5\xf8\xac\x87MB\x9a~~\xb34$\xbb\x8eKu]cx\x1dqM\xed\x87_\t\xe5\xb3\xe5\x90\xf4NP\xeb\x016{\x92\xa6!\xdd\xa4\x18\x18\xb9\x90\x19\xb8Xh6-\xc7\x7fAk\xe2\x1f\x1a\x83\x19\xb0L,R9\nru\x1cp!\x92\x80q:f\xb5\x94\x7f\xbe\xf1sw\xe2\xc6\x8et2\xa8\\\xe1\xf2\xde\xaf\xab\x88\xbb\xda\x1a\x0f9t\x87\xb7\xe8see\x14\x01q\x91Z\xba6\x0e\x03\x9e\xe2\x85\xccK\xaet\x1f\xa4+q\xd8n\xccKI\x9a\xdc\xe1\x88)\x9a\x91n\x84^\xc8W\xc5\xfew\x0f\xbf\r\x85\xa4\xec\xb8\x81?\xd5\xcb!\x93+\xaa\xa1\x9e\x98\xbb\xe4\xd9\xd0\x8f\x07+\x91$\xc4\xa5\x90\xcd\xb2\xe1\',\xaf[X\x8d}W\x82\xe5\xbc\xc8\x96k\xbf\x8e\x86\x90\xf9\xb2\xff\xe1V\xcd\xb6\x87p\x1c\x19\xd3{}\xda\x9dZ"\xe8\x16\x14Ajh;\xf3\xf1\xac\xd0/\x8e\xd4\xf9\x1b\xbf[b\xf6,8\xe7\x9e\xb4\x89@{JFYw\xcb\x16\x96\x8b(\x83a(3IT&\x9d\x87bc,\x882\x7fH/\xdb\x00Vz-\xbdAx\xdck3\x0b\xf8m\xc4DW\xfd\xb1z*\x9di\xab#\xf2\xf6\x12b\xf0\xd8$\x89#e\xa3\x97\x00\rk\xbd\x02\xe3e\xaa\x01\xab+\x12\r\xce\x84\xdf\x94\xd3\x9d%8\xa3RZ\xed\x11Dom\x87(\xbe\x1f\xf5\x11\x02I\x01\x8f;A7\x86\xd9\xd9\n<\xd0\xf4502\xc0B ;\x9a?\x95\xf5\xe7viN\xfb\x95\x850X\xf6\xc2\x85\x9f53\x92\xe1\xdf\x00\xee\xb2\x9er54Bhz\xb53"\xed\xddE\xa8\x83\x97<\xda+I\x8d\x96\xebdS\xb1p,\x8e0\x91\x95\x12\x05]Rj\x9d\xa4\x8et\x80t\'\xd5\x1eyz\xc5\xfeR\xfd<b\x8ak>\xbcF\xa9U>}4\x95t\x07\x16\xef\xfb\x81\xd4\xa0\x8fg\xe9\'3 \x10\xc6=A\x87<N\xa4p\xa8\xf1\xefdURq\xe0\x89\xf8f\xf6\x87O\x85.\xf3\x97_\xf6\xeb\x02\xeb\xe5>CxPd\x18\xa4\x9f\xf3v/\x89\xb2\x9b=\x1c\t\xd4\xc5*\x9cb\x8f7F\xaf\xc0@\xc8\xbc\x8c\x86\x9eFEH\x0c\x15\xdc&\xa1\xee\xe2\x8c\xc7H\n\xf5\xef\x12f\xaa\x11\xbd\xd8qhwKk\x86\x1b5O\x16\xd1.P~\x01d\xabF\xe8E\xac\xae\xe0#\xd2\xd8\x1a\xf7\xe6\xb1\xdc\xc1B\xb0\xaf\xbbN\x93^u\xa1z\xa3K`\xbb\xd5D]\xe9P\x07\xe7\x005^.\x99u\xb0\x93\x12\x92W\xb7g\xa0PG?|\xd6\xf4\x1e@\x11\xf7\x90{\x1f[\x95\x96\xfa\x9f"\x9c\x99,\x16\xa6\xc0\xd7\x898\x83\xbc\xec#*4L\xfa\xed\xaf\x94@\x10<\x05\xc5\xb4\xac\xb99\x7f:\x06\x07\xed\x86\x8d\xa4_\xd0\xf1\'qYG\x97\xdb\\\x9fZ7\x81u\xcb \xfaQ\xf0Jg\xbb\x1a\x84\x88\x8bx\x10\xf3\xd9C\x16\xd1\xa8\xff\xe0&v%~9\xa1s~\xb04\xba\x847/\x0b\x89\x95#\x9f\x98\xc6\x03\xac\x1a\x1d\x0e\x8elG\xcf\xc2T\x12z\x08\x1c\xaf:\x1a- x\xa4B\xb0\xf5\x16\xe6\xc6\xcf\xbeG\x0c"JL\xb9\xfa\xc7 p\xe1\xe3S\x06\xf5_\xc2\x18#\xa4\xda\xb6\xb3$\x82\xd2\xfe$\xceT\x1da\xd7\xba\xcf\x1a\xb17\xab3\xfd|\x80\x94\xb5\xad\x8fkj\x91\xeb`\xab\xc5l\xceV\x9aX\xd7\x138 j\x88 \x1c[\xc7\xde\xac%\xb7\xca\xd2\n_;i\xda\xf0=\x90\x01\xc3?{\x8du\x1d\xd7\xa3\x17nA\xd6\x0c\xb5\xd7\xa1\x0b\xceu\xbd\x8do\xee\x1d\xb2\xb6\x8eeqj\xa4\x8e\x8f\xec\xa5\x01\x00\x8d[Y\x7fH\xb4;S\xbf\x8c\xce\xa3\xa7\xc9\xb9d\x9e\xbf\xea\xa9\xbf+\xdc\xc5\xaf\xae2\xcd\xbf|P\xe1L|\xf0&\x91\xd4\xac\xa2\xe3(\xde\xfb~\x95\xb9\x8a\xd0\xbc\x13&Y\xf9\x96\xc1VquZ\xa8\x83\x1cQ\x88\x965\xa6\xdd}\xa5\x11Z\x88\xaf\xcd\xc3\x91z\x9a\xa1{\xe3c\x8bJ0_\xd7\x0b7e<\xab\x8f\xb3\xc5\xbb\x17\x95\x01l\x17\\B0\x11\xc6\xfa\xed\xb7y\x8e\xc8V\x08\x94\xd0\xc7\xc3\xabZxnGkI\xca\xbc`\x9a\x8b\x14\x14^,@\xb2\x06o\x96\x8d\xd6l\xdc!d\x160\xa8\xab\x8en\xe5m\xfcg\xf7\xf1\x85\x97\xbe\xa9-m\x1b\xfb\xb1`\xd7\x1b\xb0%\xdd\xfdA\xb7\xb6\x8d\xd6r\\\xcc\xa3\xf2\xb7\'\\V\xb2&\xa5\xd23\x1a1\x9c\x1e\x1e\x85z\xde\\\x05\xd2\xdd\x07\xa9pQ\x96G\xecK\xb4\x83\x1d\xa3\xfa\x03\x1c\x9d\x8a\xaf}\xb5\xe4\xbd\x9b\xee\xeb\x9c\xe8\x0e\xdc\x83\x0f\xf2O\xca0\xdb.\xc6;.\xc6\x17d\xab=\xa2M\xba\x8e\x04\x0c)v"yO\xf9\xff\xff\x0c\xd7RH\x85)`\x9c\x8f\xa0\x8f\x80_\xf0\xa2\x0f*\xf09\xfa<\x83r\x1f\x13\x18\x9f78mH\x11\xec:_\x1b\x08\xe1\xcad C\x86\x84\xcd`&\xc0>6\xfa$\xde\x16\x9d\x89\x08\xe1A$\xef\xc2\xda@\xe0@\x8c\x9f8?E\xaf_\xc1\x01\xe8D\xc5\xedp\xe9Ko\x8b\xa7\x95\xd7.\xc24R\xd0\xf3;\xd3!\r\xb1\xed\x9a\xa5\xa5/?\xfa\x88\xda\xe6g\x7f\x12\x85T:\x9d\x7fU\xbe\x16uh\x83\xc9\xe4\xd2\xd8\xb03\xf6\x91\x01\x16\x08eQ:\xdc\x87F."E,\x80\xb0S\xf3;\\3\x06\xf5h\xf7\xe3\x98\xbfB0e\xca8\x81G\xeb\xe7\x82\xda\xa9mfV?\xf4z\xcf\x00\x9b\xaf\xdf\xc3\xf3\x01a\x91,\xae/\xb9I{F\xa3\x1b\x91K\xa6 \xc9\xf4\xb5S\x9d|qXA:\xa0\xaeGG\x17Vx\xe4/_\x98\xb0\xc42Vs\xca{\xa9\x17\x19\xfc#\xfe*#\xd4\xe4a\xd6-\xda\xed\x0bs\x82\xb0\xe6\xfa\x0b"TfM"R\xc1}\xcb\x06\xd04z\xe9\x9a\xf2^n&\x92(E\xd2\xbf\xf3\xe9"5\xe63\xfd\x1c\xc6bU\x0f\x8f\xb2nF\xe2\x9e\xa6\xa5\x82\x9a\xb8\xdb\xb7\xe8\x90y\x84,\xa9\x16\xa4|\x9f\x9c\xf74\xb0rUF\x0e\xab\xbe\xd4\x8a5W\x9eG\xbb\\\xd0\x91.\xb9>\x15\xe4z\xbb\xc6\xe4B\x08\x00\x1d)\x8a\xbc\xbc\xf4\x97\x17i\x8b\xda\x10\xe1\xcd\xdd\x08v\x97\xa8\xfb\x07\xec\x08\xbeG+\xe1y)t\x98\x1fk\xba\xf0"\xb0\x91[p\xb1\xa0!\xf2\x0eQBxLa\xbfqOi\xf6&A\xfc\xb5\x90 \x91\x86\x03A\xddK\x7f\xde\xa5\x1fY\xee\xc21\x81\xdb\xb5\xc1r%\xe0\x19\x90\x06\x13\xec\tQ&?xp\x9de\x0b[\x90\xee\xb2\x0e$0\x86X\x13\xbdFh"\x17\xd8_\xfc\xd3F,\xd4\xfc\x0f\x08\x99\xb6\xb4q\x7f\xb7\x89\x03\xc9\x86\xa9so\x12\xd40\xe4\xd0\x02S\x03\x89\xfe\xd6\xe5\xac#u\xa7\xbc\x16f\x81?\xba\x8f-\x98\xdbu2T3\xd0\xa1?\xa1\x98\xb4\xa3\xae.BT\xb1\n=3\xa5\x83\x8d\xb6\xd4\xaab|{0{8VcF\x83\x9d\xb4I+\xd40\x9d=,\xf7\xe7\x07\xc4\x05 \xc0\xd9\\\xbd\xea;\xb4\x86b9m\xd2\xcecfv\xbc\x99\x03QY\x0e_x&\x0e\x80]\xbb\xd1\xb5S\xdb\xd0\xf0\x15\xbe\x82\xec\xf0)\x9ba.\xc8[?\x10\xee@\xa4e\xa8\xdb\xc8p>\x05\x05\x90\x96\xda\x9cm#]\x1f\x9d\xa8\x91b\x8d\xe5\x8a\xdcG\xbe;hw\xc5\xcc\xc5\xe3\x16\xd2A\xf1\xddf1\x81\x05m\x95Zv\xa0f4|x\xb7\xa0sj\x82\xb4\xc6\x81\xef\x14g30\xe4A\xcaEAW\xbbJ\xc9d\xff\xbf\x06BN8b\x88n\x88\xbd\x9b\x99\xf0\xd6x(\xa0\xfe\xe1_\x886\xd6|\xba\x1dW1\xdc\xb6\xe0\xf5\x01!\xd4V\xf8\xa8\x01C\x02\x85-\xc1\xa8\xbe\x14\xb3\xfb[\xda;}oM\xac\xbd")\xe3\xf5\x03O\x1e4~\x95*\x14\xac\n\x82\xd5\x8b\x1a\x8f\xd2\x88\xef\x14\\\xe3\x0cI\xa5\x02x\xca\xcf=KH\x10H\xaa%\xf6\x01\x85\xc7r\xbaK4u\xfd%\xa3\xa0\x97\xb3\x8a\xb6!\x1d.Z\xb3BG\x11\xd8y\x85\xdc\xd17\x05\xb9\xd1\x93\xed\xd7\xf2\x90\xb0\x81a>\xfd\xa5\xaf\x19\xd2\x199\xf5\xaf\xac\xccTB\xebwL\x04\x8a\xd4\xfa%\xdc,\x8b\xb8e\x1b{I[\xba\xa5Y\n\x92\x97Q\xc8+3\xc1\xdc\xe3h0\xa2R\x08\x0e\xc5G\xb5\xd7\xe2\x06\xff10\x04J\xee\xc8\x85\xc0\x90z\xde\x18\xe6\xa7\xa9\x9e"(\xf0\xa2\xaf\xc8K\x1fH\t\xa8Wv\x802n\x1b\xb0\xd6\x99\xb3\xd2C\x8b'
tbI624
I0
F0
tb.