cnumpy.random
__RandomState_ctor
p1
(tRp2
(S'MT19937'
p3
cnumpy.core.multiarray
_reconstruct
p4
(cnumpy
ndarray
p5
(I0
tS'b'
tRp6
(I1
(I624
tcnumpy
dtype
p7
(S'u4'
I0
I1
tRp8
(I3
S'<'
NNNI-1
I-1
I0
tbI00
S'\x8c\xec\x92\xf1\xed"\x9c@\xc7\xae\xcd\xf4g|V\xda\xc1\xccy\xb3\xe7\x1d\x87\x89\xa6|\xedznT\xe5\xa4\xd3\xf4\xc3\xe2\x01\xfaf\x82=g\x960\xa8u\xce\x84\xc4b8-U|\xe1\x85\xb1\xb5\xe2\x9e\x9b\x9b\xb5\xecnkol\x03\xa1Z%\xce\x1d\xc1\xee\xb1K\xc0zH\xf1\x89q*\xa6\xaa\xe0d\xfc\xff\x9bx\x18A\x9frd\xdd\xf9,a\xe4\xee\xc7\xd3\xc9d\x81\xd4ou U:\xba\xb2l\x15|\xbbx\x1a\xdc\x86\xc2"\xbc\xf2\xddyZ\xa5\xc3\x89\xcd\x17y\x9fB\xe7\x19\x88\xd5\x12o\xcbFU\x8e\xcb\xd9k\x9c\xbe\x16H\xb5H\xf1\xfe%\xc5t\xda5\xcc\x81`\xeaP\xf4\xf8U9\xbe\xfa\x17R\x9eg\x87U\xca8C\x82\xe3\xc4\xa2\xe1\xa5\x05\x12Y\x85&\x1a*/L\xa2\xc9UZ[\x9f\xb8f\xbf2\x10W\xe4\xed\xfe\xce\xaa\x87.\xff\x8c\x9a\\\x86\x17\xc1D\x99\x95\x02\x05\xd3U\x80\x97\x85\\U\x8d\x08\xf4c\xab\x02$\xee-\x12\xab\x8d\x16\x82MLzYU\x8b\xc9\xd79\x95\x98\x16\xf9I\xd9?m\xd9\x81\xb2\xe3\xae\t\n\x15\xa0\xe2"be0\x11"\x02\xc4t\x10\x8e\xf9\xf1\xfdbldg\x0b\x93\xf7qU\xf2\x15\x13\x06rT\x1bC\x05\x12\xdc\xb5u"c^G~\xd8sQ\xf8\x88$1\x02\x93\x93\xdc\xd2\x94S\x83\xd2\xe2\xd0\x18!\x99\xa6\xfd\x90\xa9\xff\xcb\xfek\r\xd0\xe5xA{\x10\xf0-\x02\x8f\xa7\xbb\x0f\xf8c\x89w\xd0\xa7M\x9a\xa7\xa2\x10\xe7R\xb407\x8e\x7f\xd6t\xed\xc4\xf8\x99\xbc\xce\xaf\x13[P\xc0\xd1\xc8\xba(8hk4\x9fB\x84n,QI\x7fT\xf2\xc3,\xfc\xb2$e\xb0\xea5(\x8a\x8a\xd4\xfa\xe9\x8a\x94\xde\xfa\xd0\xbbv\xd5\x8a\x08\xcfCM\x19\x01\xd4\x82u.\xf5Yb${#L\x8c+\xe9Xb\xe3\xb0\xf9\x91 \x01\xd9\xe9\x1f\xf1\x9a\xb1\x93\x81\xab\xf2\xc2<QC\xa7\x16B!\xba\x8fp\x06\xc2\x1fa\x91X\x9a.\x0b\x04Jb\xae~\xf9\xa0\xb3.\xd3\x970{G\xcc\xb5@\xd1\x0f\x96x\x9b\x0e\xec\x13\xa3\xd81\xf2\xbf\x8f\x1f&oK\xec\x9c\x7f\x1a9N\x96C\x8dr\x8d\xffL\xda\xc4\xfb1\x83\x16\x95\n\x83\x8cK\xb3$#\xf1\xbf-|\x02\x1c\xff|\xfccC\xef\x04}\\\xfa\x83\xf2X\x9e,[\x89\x86\xf0v\xeb$TzD\xfb\x1dW\xd4\xaa\xc9\xc5\x14\x11\x9f\xf8qtu\\\xa0^\t\x9f\xefP\x9f\xdc\xd0\xf3\xc3\xc3\xcc\r]}\x92\xc5\x1ac\xcc\x88\xc7\xd98\x1e,\xafw\x8f&\x9d\x04\xe6\x13\x11\xf9\xfaJt\xc5s\x88\xfd\xf9\xce\xca\xfa\x1a\xf2i\xde\xa3\xc4\x0cr!=sQ,\xe6\xa5\x01v\x90a<?\xf1\x10ga\xa0\x92\xabe[\xd8\x9a\x01\xaf\x90W\x93\xe58\xdb7b\xa27\x97\x806\x0e&\xf8\x01\x15\x8avC\xca:m\x99\x1e\x1b:\n\x8d\xdf\x00\xba\xf0pI\xa4\xfce\x98\x051\xe1\xc2\xfapQC\x90\\\x95,-\xc0\x86\x90\x8dA\x9e\x01\x9d\xc7\x95\xff\x17v\xc8\xbc\x02\xba\xfb\x82n\x83\xe0\x9d\xa4uVJ.\xa7\x86\x0c\xfc\xfc\x08|\xdc\x92\xd8Tb\xde)\x07}kct\x96\xd7\xb0p?\xc5\xc9p&\xfc\x06N\xbd\xff\nm\x0c\x8b\xca8,:\xcb-\x1d\xe7{\xaa\xffK\xe2\x8eAh0\xa4\x91\xcd\xa3\x16\xac\xba\xc2~\xaa\x10\xa2*\xdf\xe1\xb7\x82\xaf0\xb7$\x1b\xceO\xc0aG\xd7\xbc\xbf\xa3\xba\x99\x19\xc3a\xd8\t\xe8\x07\xcd\xec\xbc\xae\xcd\xdb?Om\xf5|\x85[\xe6\xd8\xf3\xa6W~+\xec\xe4U-\xbd\xb7\x96\xbf\xa8\xaeR\xa5<`+G%_w<\x8d;\x11L\xeex\x9e4[n^\x9df\x82Q\xec-K\xec\xc2\x92]\xea0\x1e\xff`w\xeb\xab\x9bm\xf8\xa7+\xee\x9d\x85\xbc\x85\xa82\x95MovK4Lq8<\xa5\x93\xad\xba\xd5\x17\xf6\x91\x84%\x82\x17"^D\x92\x01\x90P,\xdd\x95$\xde\xbd\xb7\xbbh\x01\x1a\x12\x86\x88\xee\x8b\xcd\xf7\xcfK+\xa5\xd9\xe2}\x8f\x7fY\r}:e\xa6\xf9r~\x07\x08\xd1\xe39\x84\x86Q\x1b\xb7\xcc\xfa\xa0V\xc5nx\x89Y\xb8\x8e\xa3\xb64\xf8}\xfd\xf9z\x8f\x0e\xe8\xc0G\x9db!\x87I\x13\x1a+\x8f\x91\xde\xc8g\x8c\xe1\x10>\x1dy;58@\x0bu\xeb*\xfc\x92\xc3`\xff\xa5\xf46\xb1\x1ad!\x85\x17\x1bK\xcc\x89\x1b\x81\x91\xca\x19[\xc5\x9dt\xae\xb8G\xe1(>\xb0\xd5\tQW*\xc2\x92T\xeb\xf9<\x14g\x8cY\x0cN\xdb\x94\x19\xac\x11\xfa\xf4$n\x02\xf2\xb7\x85T\x94I\x1e\xd8!\x9d\xd6\xf1\x89\x9dbTq^\xc52\x86\xf8\xc4\xac\xa2$\xd1s\x89Y\xf2\x08\x9e\xf5_cC\xc5@\x1ctk\x9c\xdcK\xa3p\xac7\x9d>\xe2\x08\xe9\xa17a!\x00M\x1evK\xb4\xff\x87B\x16\xe0loQ\xc10H/\xb0\x8b\xa5\xdb\xb9\xf5\xaf\xa8.Y\nMC\x00\x85u\xb5\xb2\x12\xf3\xc3r;C\xd8\x86\x19U\xcf\xd9\x123 \x07\xb3v\xf9\xa9,"\xbf\x1d\xf3{\x02\x7f\rX\xba\xec\xbaOiHk\x06.\xfa\xa1\xcf/r\x15R22\xe6k\x1d`0zu\x9e\xcb\xa9c\xf0\xb9\x81\xcea\xf4\x82@\xb6\x1a9Q\x95o![\xdc\r\x03\x07/\xd0\xd2\xad\xab\x8dB\xb1\xc06\x8du\xec\xcb\x9d\xba\xf0\xce\xfd\x0b\x08\xe9\x8e\xc4%\xa0/f\xb9\x89\x0cSO\x00\xf7\x14\x89\x064\x06_M1\xa3\x03\xfd2h\xd8\x02l\xc5\xfe\x92\xff\x7f/\xec\xd77\x9f\xac\xa4\xfe\x01\x9d=\\\x12;i\x1b\xeas\x04y\x9e\xde\xb3\x15\x92\x87m+-\xf2keL\xa69k\xe2\xb1\x8b}y\x1e\xa6\x81R\xaf\x9el&F\xbb\xf2J\xadA\xec3\x05\x88\xa7\xc9\xac\xfcA\x80\x075l-\x07RdX\xeb.\xf5\x80A\xb2\xd5T&\x15q4\xe3\xce\xb7\xb0\xe8;\xeb\xd1\xca\x82\xb4T6\xa0\xa9\xb6$7L\xdf\xd3\'\xccC\xd0c#9\x97\x02\xdb\x1d\x84\xe7\x8d\xf6q\x91l\xfcz\xe8}0\xee\xc8\xd1\xc0\xd4\x07+\x1f\xa6\'\xe8\x80}5\x14+f\xfd\xbc\x9a\'L\x88\xb7\x8d\xfd;\xe2\xf5\xe7\x96\x1f\x9f\xc1\xfdb\xc6\xc5\x81\x10*\x16BypF\xe1\xfdp\xa7\x8e\xc7M6\x85[6\xc5G\xfb,\xf6\xcb\xa9\x9cl\xe2f\xb9U\xda\xf7UB7h\x1d[\xd0\xff$T\x80\x7f\x84\xd9\x19.\x90n\x0b.(\x8b\xa0\x1a\x02\xb2#P\xebI;\xc9p\xb6\x8a\x95.\x862\xb0\xdc\x14QN>g\x94\x9b\'\xdau\x12\xc8\x02\x93\x83.\xf1v8\x03\xca\x8c\xf7\xa5\x1cO\xeb\x9f\x95\x1d0\xdb;\x06\xd2=\xe3\x06\xb3\x03\xa1\xca\xa5\x17^ej\xa8\xc2:E\xdf\xb7\x1a\x9a\x10-\x13T\x9c\x91\x980q\xddW\xd3\xc73vd\xe1"r:i\xb2s\xb6\xdb\xeb-\xae\xaa\xe5u\xbc\xffp{\x94<\x17uI"_&o\x8e5^+\x94\xedM\xcba\x11\xaf\x9a\')\xd2\x04E\xa8J\x9cc\x18\xec$\x8c\xb4t!\xa0y\xa7\xfd\xca\x95\xed$\x08[>}\xc8\xc8\xd7e\xaa\xd3\xb2\x94Y\x1a\xca\tR\xd8\xf9\x01\x96$\xf2\x8b\xec\xdfy\xad\xea\xc4\x07J\x97\xc0\x87a\xe1K\x18\xd0\x11\xc0\x8d\xa9\xa8\xa4v\xe4?0f\x11\xf2\x10\xb3\xd3\x7f\xc2\xda\x98\x9fC7D=\xa7\xa4 \xd3\x95\xa4\xe3#T\x16\n\xf1;\xc9`\x92rN\xd4\x92\xacn\xcf=\xc2\xfd\xc8e\xf7\xa6r-L\x87 \xa6g\xaa\x94\xe4\xb60\xc1\x8e\x0f$J\xc9\x83\x89\xe8\x1f\xe9K\x97\xde,\x9a\x88,q\xee\x17>Q\xfd\xa0\xa3CN\x03Z"\xb3E[l\xc2\x8fV\x0f\xa5\x15g|\x98\xf2\xc2\x01\xd0\xb7D\x817"\xebh\xc5F\xb5\xa9(\xfa@\x9a\xa5`\xff\x1d\x9d\x03/\xa9\xb9\xd6\xa9\x15\xf7\x81\x06\x1e\xa45\xd0^\xdd\x9dhh\xc3\xde0\xab\xc7\xacj\xcf\xd1\xad\xf7=\x1e\xd9\x89-\xbeQ\x14N\xd5\xb4\x8e\xe4\x81;\xd9F`\xed\xab\x94\x0e\xb9\xef,\xdc>o\xbc\xe3\xe3M\x90xU\x85\xef\xc6\xd2\x00\xe6\x02\xf8\x86\xe7\xf0]\xed;0\xd6\x168GE\xeaF\t\x9c\xfa\xea9\xfe\x9e\x93\xff\xd6c\x0b\xfa\xe4f\xb8\x1c"U\xfe\x81\x10\xd5\x9c\x9c\xbc\xba\xd5[\x9f\x17\xff\x8e\xe9\x03,r\xbeT\xf4V\x82\x0f\xc1\xc9\x96$\x8e\x8aF\xed\xef\x94\xb3\xc4l\xa0k\xe7q:\x87*)\t\x82\x9c\xde\xf8&\xc3\xf1\xe3Z}\x07\xa4FG6\x1c+\xb2\xca\xf1\xdf\xe4\x9a\xb3\xb7\xa2\x96\x99\xdax\xfd\xac>\xe1\x8a\x02\xea,\x96E\xc9\xfcx\xcc\xb5#\xbe\x80\xe8H}\xd4 8\x16t\xa3\x16?\xb1\xbd\xba\xe5\x81\xc9\xd64\x8c;\xb1&\x95)\xb7\xcaJ:\xec5\xa1\xebr[H\xdf\xf0=\xba\x87g\x0e\xe2i\xbe\x0c-\xbc\x02\xa6\x872\x9e7\xfa\xd1\x8f\x96\x96\xa6\xde\x01\x8b2,\x83\xe2L&\xf8l\x95\x00\xfc\xc4/\xf5\x89hE\xc7\xceEs\xdd\xc7_\xda\x0f\x99\x03s?\x1b\x16\xf5+\xeb\x85i?\xee@n@\xe0\x9bm,vS\x88\xc7\xe7\xb5X!\x11\xa0\x86\xfbd\x99\xf2\xf8\x877\xf5A\xc9\x92i\xdau\xbc\xd2\xf1\x9d\x92~:\xb6\x92\xce5\xaby\xa0\n]\xae\xa3`\x0c\xc5!\xc7!bD\xa3\xf6\x88\xd7\x08\x91\xe3\xdb$\x01\xd9\xdd\x12\xdbG$\x8b\xdd\xc6\x06\x8e8\xee\xb7\xfb\'M0pB\xdb\xcc\x17\xe1\x0f)\xd4\x1c\xdcG\xfb\xb4\xae\x93jf\x83\xac\xcb\xfb\x8bz?X\xbc\xd2\x05\xec\xe8\x8b\xe3||$\x96t\x07|$Wr}\x1e\xe4N\xc51t\xc5K\xc2j\xc8\xc5\xb8\x07s\x840\x07\x1eu\xf9$\xce\x02\xfdO\xcfg\xdf3:\xf9^\x9b}\x15\xf3AB;\x9f\xf57\x12\x86\xb7\xd5\xf7\x8dN\xa0\x83\x86\xebv}\xccN\x1a\xa6\xc6\xe9\xed\x91y\xd9\x13 }\xac\x08N\x88<n\x1dX0P\x92\xa7Q\xa8\xe0\xe9\x93\xb9\r\x95\x99\x06\xa4\xd2\xcb\xb8\x9f 3\xc8\x12\xfd\xa4\xf9\x0b&^\xaf,\x85\xe02.\xe2\xe4o\xa1\xc4\xdc \t\x97\xad\xd21\xc8\xdd\x9e\x83N~\xb0\xe1]~\xaa\xaa-\x1a-\x9aT(\x95\xba:\x14\x81\x8f\xc4\xed\xda\x950'
tbI624
I0
F0
tb.