# time 	 divergence 	 # of mutations 	 # IGC chances 	 IGC length 	 # IGC failures 	 Changes due to IGC  	 % change due to IGC 
0.0	0.128834355828	0	0	0	0	0	0.0
0.0031023946535	0.130879345603	1	0	0	0	0	0.0
0.00440026296378	0.132924335378	2	0	0	0	0	0.0
0.00501916816547	0.130879345603	3	0	0	0	0	0.0
0.00579754493814	0.132924335378	4	0	0	0	0	0.0
0.00780550884465	0.134969325153	5	0	0	0	0	0.0
0.0141833396141	0.137014314928	6	0	0	0	0	0.0
0.0145273940266	0.139059304703	7	0	0	0	0	0.0
0.0219564740778	0.141104294479	8	0	0	0	0	0.0
0.0308954826108	0.143149284254	9	0	0	0	0	0.0
0.0319664870867	0.145194274029	10	0	0	0	0	0.0
0.0323084788874	0.145194274029	11	0	0	0	0	0.0
0.0333677840012	0.147239263804	12	0	0	0	0	0.0
0.0341698165536	0.149284253579	13	0	0	0	0	0.0
0.0347867020627	0.151329243354	14	0	0	0	0	0.0
0.0413328888701	0.153374233129	15	0	0	0	0	0.0
0.0414530863157	0.155419222904	16	0	0	0	0	0.0
0.0416364429074	0.153374233129	17	0	0	0	0	0.0
0.0434708123953	0.155419222904	18	0	0	0	0	0.0
0.0440360359774	0.157464212679	19	0	0	0	0	0.0
0.0469500002413	0.159509202454	20	0	0	0	0	0.0
0.0469607163285	0.161554192229	21	0	0	0	0	0.0
0.0482359843226	0.163599182004	22	0	0	0	0	0.0
0.0525844534612	0.165644171779	23	0	0	0	0	0.0
0.0531429875809	0.165644171779	24	0	0	0	0	0.0
0.0533861499267	0.163599182004	25	0	0	0	0	0.0
0.053436785869	0.165644171779	26	0	0	0	0	0.0
0.0549464568235	0.167689161554	27	0	0	0	0	0.0
0.0576463265162	0.165644171779	28	0	0	0	0	0.0
0.0603847542777	0.163599182004	29	0	0	0	0	0.0
0.0668321089749	0.165644171779	30	0	0	0	0	0.0
0.0678541006458	0.167689161554	31	0	0	0	0	0.0
0.0725278105891	0.169734151329	32	0	0	0	0	0.0
0.0738353911814	0.171779141104	33	0	0	0	0	0.0
0.0760833385902	0.173824130879	34	0	0	0	0	0.0
0.0767816811978	0.171779141104	35	0	0	0	0	0.0
0.0788735515662	0.173824130879	36	0	0	0	0	0.0
0.0797555103013	0.171779141104	37	0	0	0	0	0.0
