cnumpy.random
__RandomState_ctor
p1
(tRp2
(S'MT19937'
p3
cnumpy.core.multiarray
_reconstruct
p4
(cnumpy
ndarray
p5
(I0
tS'b'
tRp6
(I1
(I624
tcnumpy
dtype
p7
(S'u4'
I0
I1
tRp8
(I3
S'<'
NNNI-1
I-1
I0
tbI00
S'\xaa\xc5&\x89\xda+Q\xf1j\xf4\xa8\xda+\x8e1\x0c\xed\x1b\xdd\xee\x94\xbd\x8d\x82\xa2=\xe3ak\xfa@Y\x0b\xcb+\xaf\xe8\x00\xab\xf0,\xc7\x8627\xc3\xf9\x8d\x05FV\xef\x9d\xd5W\xd4\x0e\x95<\x8e\x17\xb9\xdb\xaf\x82`\xc0\x9b\x87\xe0\x0fQw\xe9\rh\x0e^{\xbc?]O\x82\xfe\xd5,R\xf5\x0e[\x86\xdbN5\xc3\xf1\xbd\xd7\xb8\x15j\xb9"\xc4\x89\x85\xc8!\xe5on\xafOb\x1e\xb3\xe9\x05\xf8\x0ey\x83\x1d\xcb\x89i\xaf\x93Gbu~w\x06\xd8e\x84\xe1\xe2\x85+:\x15\xe5\xa8W\x05\x9f|4\xea\xa5@\x8a\xb5\xea\x90|\x06\xb4\xb5W\xb5}\x87\xee\x89\xf7\xb6\xe8i<\x1d4E\xe7\xfc\xd2\x82~\xa0\x06\x92\xf2FtjV\xa4n{\xad\xbbm;\x07\xdb\x9c\x13\xbc\xf9\xd5\xdd\xa9S\xa0\xb0\x14\xe2\xe7\x91\xe8\x93\x18\x11\n\xf3\x89\xae\x10\x98+\x9d\x16p\xff\xb6@\x86\x15k\x00\xb1\xd1lR\xef2\xd0N\xa0\xf78\xee\xe10Z\xba\x8d\xce.\x1b\x0c\xf7F\n\x0b\xe8\xd1\x0f\xc3M\xb2\xb6\'R\x06\x1c\xbd\x9fc\xe2QOF\xc0\xf7\xf1\xbb\xd3\x9ds\xe5\xac\xe7{\x94u\x0c,;1,8\x9e\xff\x98\x89\xbe\xc1\xb0\x85\xbeuD\xc2\xb0\x91y\x92\x9f\xae\xba\xc8\x11/-H\xdcU\x95\x87o\xb4>8.1=\xde\x94\xdb#r\xa4\x9d0\x11gv\xc3\x85As\x05\x820Nf\xff\x7f\xcc\xe7\x04\xe4\xb0H\xdf\xd6\xd1\xa5,)\x10)\x15\x87`#0F\xd5\x97$\xe4A\xc0l\xbb\x04=o8\x07\xe5\xc2\xc0\\\xab!L{\xe7LYw[\x88\x912B$\xd7\xa3\xff\x17\xda\xf5B2\xae8\xb5{\x8b\x17\x86\xe2\xe6\xbc\x15\x19\xc7\x9dK\xf0\xa6x\xdb)yN-\xd7\nM^c:\xaa\xa9\x83,Bl\x1d\xa1\xe7\x9c*\xda\xbd\xe3Nqof\xeb\xfa\xb3m\xa8 &=\xb8^\xe6\xbd\x9a\xd0\xd8\x1e\x85/\xd3\xa481\xe0\xfb`\xe1A\t\xe5\x12\xef\xc5U\xe32\xeb\xee\xc9\xaee\x14\xe1^1\x11\x85\x9cj\x14\xdd\n\x92\xc1\xbb\xe7\xca\x19\xde\xf8\xb6Ubt\xd5\x8f\x93\x19W\x97\xd2\xde\xa4#\xc0\xd6\xa8/\x02\x80.\xae\xd6\x96\x88\xc4\x19\x13%\xd3\x0eVuA\xf8\xbe\xb4^"\xb6|\xf7\xe6\x96d\xa8N\xd9B\xea\x88X\x104\x8e\xe7\xe9(\xfa\xfbq(\xe7L\x9b\x10\x1aV\xd8ob\xb8\xdb\xb9\x00\x0c\xc4O\xeb\x84\xc4\xdc\xean\xca\x0e%Y9\xbb>\x02R\x8aJ\xaa\x1c\x0b\xd4A\x86\x7fH\xd0\xa8\xc5\xdc\xe9\x80D\\\x9fLS\x06\xc9Ly-\'\xbc\xe2E)\xe8\xdc\xd7!\xf1\x99\x80\xec\xc6\x08W,\xcb\x1fyb^\x93\xc4\xabC\xce\xbab;\xa7\x16\xae] ?Z\xfdu\xac\xb7\xadV\xe6\xde\x19\x11*]\xce\xab\xa3[\x1c\xd1C\x8f\xd4@\xb2r\xf0\xfeu-\xb7\x1c\xff\x1f]\xd3\x82\x97\'\xdd\x9c\n\xc6\xbd5\xfa\x06;\r\x9b\x8c\xb0\xd5\xa0\xad\x1a8\x04\xc9h\xa1\xb2\xf4\xad\xa5\x9f\xb8\x9b\x9b\xbf;\xd0\xb7\xd6\xfb\xaa\x9a\xf3\xa9\xa4\xc6\xa8\xb0\r5%1!cN\t\x16\xa9Rc@\xed\xa9T\xcf?\x82\xfcpG8Z\xb2\x08\xb7Yk~\xc7n\x0c\x92J\x03\xfdV LrH\x13\xee\x0fV"\xeb\x11\x8e\xae\xed\x8a\x8e]\x1dz\xd9\xec\xb0\x03\xa0Y\x83\xe42w\x8d\xccL#o\xb2\xc6Y\xa9eJ?A\x8aV|\xd8\x0er}\x10\xb2\xcf1\x8a\x04:\xe0]\x1c]iH9\x16T\xa6*,\xd1w3\x1a$\xd1G\x97\xf4\xdc\x81\xc1j}%\t\x9c\xf0\x8c\xebv\x87\xbeO^R\x9eW\xc7dd\xf1\xdb\x03G\xc4z\xe2-E\xea\xad\x06\x8cb\xe8\x10\xc1\xeb\xeb\xdf\x94\x05! ;[O\xa9\xc5\xbd4\xd1k\xf3\r*@\x8bX\xf3\x13\xad\xc3\xe4\xee$\xa1/\xccP-\xe7\xfc\xde\xd2\xf4U\xedJ\x0e#\xfcS\xe82\xc1\xe7\xb4M\x85\x1e\xb1\xd4>\xd7\x9d\xf6H\xa6]\x83\x7f\x02\xf9\xeeq\x08\xf9\xea\xf6\xf2\x1c\xad\x05\x89\xdcn\x17}\x13F<t\x1b\x90\xd2\xa4\xcc\xdf|;\xaf5\x13=3\xa5t1\xfbCF\'\x12S\xbd\x93g\t\xaf\xf8uU\xc2\x10\\\xb38\xa8(\xea\xed\x88V_Z\xf1\xf4\xd0\r\xd1r6\x86\xd8\x14\xd6\xaf[aH>~N\xbb\xb3\xdf\xb1$\xed\xcb\xd2\x10G[Z?PZ!\xfe\xacC\xeb\xf1\x00N\xd5\x1ba\x92/\x0c\x97\x9a\xde`\xd9\xf4\xf62\x13\xc9\xfd\xda\xd2\x0c\xcedlFP\xe6\xb8\xc0\x05-lJX\x975\x0fa\x1c\xccM\x03M\x1a4\xfd\xa1\xfflI\xd8\x1c\xbd.A\t\x16\xb7l\xcc\x84d\x1f\xfcw\x83$\xbd\xc0\xdd\xf4>\xf5\xc3\xd2\r\xdb+\xb4=\x96|\xa01Li\'!Z\xa5F+?\xca\x81\x0f\xbb,\x11\x83\x93\xc4c9~\xa9\xfd\xe4\x92m\x81\xd3\x1a\xd4_\x9ck\xfb\x19\x9e\xeb0\xd2\x83\xd8r\xa47\x1a\x8dt\x9e!(\x99+\x9f\x12)\x06\x90\xb0\x05C\xdaFa\xb9\xc1\x86\xa0Qq:\xc7\xf8\x88\x06Q2\xae\xce\xb8\xe1>z\x8b\xe6_\xef\xf7XY\x0cQ\x03\\\xfc\xc0\x13\xfbY\xa4\xf6\xad\xa9`L(\x12\x8a0U8\xadh8\xd9\xb0m\xa0\t\xa4\xa5e"-\xab\x1f\x19,\xf1\r\xe6\xb2\xba\x100\xb3_&I\xd6:\x1b\xe6\xb1\x7fS&\xd7\x9fzN\x8f}\xe4V\rPm\xa6b6\xe4\xfd\xd9\xbb\x7f\x980\xa4c\x924N\xadT\xe7\x87\xdc\xd6]\x02\x9f\xc4"u\xefu\xedc\xb9\xc9\xf8\xe4\x96r\x00\xc1\xa4C\xc58E\x8b\xc1\x0c\xd0\xf7\xa3\x10\xc9\\\xb1\x8e \x85\xa2\xcdcK\xe7\x85\xe8\xf7#G\xc4K\x91\xe2\xca#l\xb2OA\xbb\x13\x1eH.7\xa7\xc7\xce\rt\nh\xda\xff\x9c8M3\x8d\'\x80\x03P8@2\xe1[\x8b\x83)\xd1\xa5\x9c\x02\xa2\x07\xfc\x08cF\xeb\xa3\xf4\xb6\x98\xd1\x8c\xcb\x94N\xe5\xd1?\x15\x19T/hA\xd0Y\x988n\x1bu62\x9d\x0e\xed\x1a\x14t\\$\x89YEt\xc9\x1c\xb3\x9e\x16\xb7\xf1\x1b\x0c\x9a\xabr\xe5\xdeO\xbb\xde\xb0\xdd\xce]\xd9k\x91\x830;\x06\xb2\r+\x8b\x89\x1c\xd3\x11\xdcj\xbdq\x02.{\xfc\xe0\xfe\n,\xfe\x1d\xb7|\x87\x84\r\xf1\xba\x85\xd1z\xf9\x914n\xe8\x8fu\xfd?v\xfcz\xf6\xd7\xdd\xf4\x8b"\xe6\xe4U1+^\xf4\xefi\xb1%,/\x7f:\x9f\xdc2eTu\r4#0\xa3$\x1c\x04\xc8\x1dg\x0c\x90\x06\x95T\xa0\xe6\xe4\xb1\xb1H\xbcE\xd8s\x1dS\xa7u\xc7\x80\xaa\x1d\xd9ie\xbe\xa6\x19\xaf\xa7\x95R\x16\xd4\x93\t|\xd7\xfd\xb6B|\x91Jb\xbeo\x08d@\x9e\xbbUC\xb2o\xb5\x96\xb58\xaf/\x9c\xff\xb7\xe7y\xadW*J\x19e\xc9\xcb\xe3u2\x00 \xc9\xcc\x08!0S\xa8\xc7a5\x11\xde\'\x1eY\x96\x8e\xea\xb4\x0e\xbd=\x8c\xfe\x1a\x9f\xb1\x16xn\xa0A\x0f\xd6\x84\x10\xc3\xae\x98\xc6}\xa1\x0c\xec,\'\xad\xec\x1b-se\xc0\x92\x1fu\x01\xad*\xd0\xd4ouE\xfe\x81b\xa4@\xdb\x1fAC\xa0\xbe\xdd\xf4\xd3\xb7O\xe6m[\xe8Z\x9c\x85\xee)\xf1\xecK\xeb\xf9\x1bo\xfe\xdbF\xbfU\xe7\xee\x12\xf8\xfa\t\xeb\x81\xe8&\xc1\xff\xa0\xac\xb3@\xcb\xb8\x1c\xc8\xb8<\xb2CW*n\xa2\xf7\xce\xcb\x81R"\n#[\xe2XdA\x11\xdc\x8aYq\xb2\x83m\x86\xcc\xf7 U\x12\x08w\x1cGL\xe8\xe5\xab\xe6\x0b\xf1\xe5\xb2rP\xce`8y\x83]\x9d\x00l\x1e\xf4\xa4SIl\xc8\x7fBx\x99\xcf\x91;\x9fk\xd7\xa3\xdc\x93i\x07\x9b\x8d\xef\xaf\x88\xa5-\xa4\x18\xe7\x04e\x9f\xa8\x8a\xf9\x1c/\rP\xff\xdcv\x8cr\xcc\xabgQCw\x14\x18\xed\x1c\xa0\xd3\xa9l\xdd\xc6\xf6!.\xaa\x03\x12\xb1\x9a\xdf\xcc5j\xef\xe5\xf6\x9f\xfen\x04\x19\x97\xba\xcb\x13K`\xbc__\xa90eNC\xe8\x03r\x02&\x10\xc1\x04\xcfs\xfbz:g\x8c\xc5\xd0n\xff; \xc2\xb5|\x83\x82\xe1\x15\xaa\x83\xc3\xa0\xe0@\x1ehq\x1a\xc6\x01*\xa5\xe1\x03\x80#\nb\xb1\x07\xf3I\xab)\x98\xc7\xf2\xee\xdb\x98\xaf\x1c\x12g\xbccaoH\x96\xe9\x05\xa6\x8f\\l\xac<\xd7\xdb\x11\xcb\x1a0\x16_\xc8\xee\xafd~b3B\x9f\xe9\x02\xecY\xe2\xc7\xb5\xe3]\x1d\xd5MR\xb8E\x06E6&\xfe\x7f\x9ce\x0b\n\xe6\xff\xc8R\xb6\xfb\n\xc4\xd3M\x98*\xa9\xa4\xfc\xad{\x9cn`r-\x16f\x08\x98\xba3\xdcm\xccs\xfe\x94/#j\xc4q\xc4\x06\xbe3N%\xdc\xd6_\x94$\x84\xacO\xb0\xd3iN\xf3\xc9\x81\x9ci\xd6\xc2\x82\xe5V \x03\x9b\xf2g5\xcf(\x8c\xf2\x16\x8au\xd4/\xd1\xa9\x14\x01?(\x99a\xccT\xd5\xd0\xcdw3:OB2\x86\x84\xcf\\Z`\xd0\xdb\xca)w\xff4\xc3\xb5\xaf\xd7\xe6pW\xcd\xa2I\xed8\xc1=\xedJ\xf0Z`m\x11B\x85h\xdbV\x98r\xd2\xac\x17\xc7K\xd8\x94\xb6v\xff\xcf\xf8`\x1f\xfc*\x83W\xcc\x95\x9d\xba\xfd\x06\xb2\xeaA\x05\xd0i\xf7\xf3\x90\x0eg\xeb\x0bz\x0c\x8f\xad`\xbf~\xea\xdd\x95\xc2\x9ds\xce\xb2\x8dG\x8b\x1d\xc8\x98\xc05h\x13\x1d\x14\xa1\xa8D\x9c}i\'\xc0\xb5c\x86\x8d\xd5\xd7\xd4&":G\xd3~N\xc5\x00R\xc6& \xdd\xf5\xf6\xa2\xdd\xad\x16\xc96\x1e\xf0a}\x9b\xb6\xf0~\xe1\xb3\xa9\x05G\xc5\xaf\x04\x93\xc7\x1a\x91C\xc9\x18%\xac\x8d\xad^X\xbd\x99\xac\xb6B\xda\x12\xb4\xd9\xbfE\x02\r\x1ehU\xf2\xe1\x10\xfc\xf7\xe8\x94\xfd+\xc5N\x00~\x08_$$-\xb7\xab\xa0y\xee\x00\x05\xe2_\x82\xe7=\xfb\xcc\xbc5o\x93\x1b9PC\xe8L/\x0cIGq\x8b\x9f|\xa6\x1b\xf3c\xfbk\xe3\xd7\x03$\x03&\x17D\x88\x0ed\x03\x1az8\x86a\xd4\xc1\x0b\xd8c\xc3\x89\xe0\xb8\x10\xc4:\xf5\xfc%0f\x04\x1c\x07W\x8e\xe05\x85\xbf\xcd\x84\x8d#BOk b\t\x99XL\x9d\xd69\xe4\x9d\x13\xc5\xa9)\x07\xc6\x1f4]\x9f\xff\xb3\xad\x1f\xb8\xbb\x9b5\xda\xc2y\x03\x97Y\xcb\x9f'
tbI624
I0
F0
tb.