cnumpy.random
__RandomState_ctor
p1
(tRp2
(S'MT19937'
p3
cnumpy.core.multiarray
_reconstruct
p4
(cnumpy
ndarray
p5
(I0
tS'b'
tRp6
(I1
(I624
tcnumpy
dtype
p7
(S'u4'
I0
I1
tRp8
(I3
S'<'
NNNI-1
I-1
I0
tbI00
S'\x7f\x90\xaa\x8c\xf6\xdf\x89U:Vm\xb6\x0c\x02\x1a\xfd\x84s\xbe\xca\x867Y\x14\xd9\x12`\x0f\x96\xe6\\\xd1\xa2\xd6\x01qh\x104C\x85\xffJ\x95=\x91q\x8a\x7f*\x85\x1czq|\xfb\x84\xc0I\xb7E\xc1\x19\x90\x90\x01\x15\x8d7\x04\xa0\xbd9\xb6\x0e1D\x02\xaa\xe8\xa1\xa8\xee\xf7n@#\xc4\xea\x1f\t\xda8@\r\xd6WU\xee!4\'\xf9\xa9\x8dV@\xc17M\xd5\xb6\xe0\x19"\x08f\xce\xcd\x9b\xdbI\x15[\xf5#\xe35\xb7\x15\x94M`3\x82Wm`\xc3\xe5\x8e\x81\x14\xb1\x07\xe8\xc1\xa5;%\xdb\xa0O\xf7~B<\xfe\xcb8\xe1\x83\xdf\x0f\xb5\xb9\xd7\xcc\xab\xa6\x88\x93^\xfb! \xd2\xe8\x05k\xc9\xca\xfdG\xc2\xf2\xa5\x86\x03\xee\xcbm\xb6\xef\xd6\x1d\xaa|\x8euo\xe7?\xb4\xf0\xae#\x1f\xd8\xd5\xeex\xe3\x81D@"TE\x9fW\x18p\xa2\xf8n\xd9\x1bfdKMg\xb9\x96\x1bE}\xa6Lh\x18\x87\xe3\xec\x03\xe8\xae\xb2\xe1\x91do\xc7adV\x93\xde\x1a\xbd\xf4#A \t\x1fI\x824\xd4t\x84\x93H\xeb\x7f\x80\xb6\x8a\xdf\x9b\x82\xca\x1f\x7f2\x01\x9d\xa1\xa1\xccxI\xa27\xca$\xd0|\xe6\xe6\x81Y\x93\x93\xabR\x96\x1e\xb0\xea\x8d\x0b\xf5\xbb\xa5\xfe\x91\x0f\xf5\nE\xb6\xb7>\x10%edQ!\x9fx\n\x95L11\xaaM\x8e\xe5\xf6\xcb~\xcf\xb0k\xd5\'\x9d1\xa0\xe8\xb7\xd7\xe0\xc6\xf0\xa3\x16\xca\xe4\xe69\x7fn\xc9Kvuu\x13\x03\xce\x802\xe8\xdf9>>\x0c\\\x05\x0f\xb2\xe8H\xfazO\xf2\x11\x14\xa85\xf1\r\x9f\xb8g\xfd6\x1bMp\x85\xfb\x00\xee^w7Z2\n_\xb3\x80\xca\xda6\xc1{\x142\x150\xf6>m(\xaaa\x8a\x07\x96[\x97?\xf3\xf4"\xa4\xc5R5Ge\xee\x87ys\x84\xdb\xe5\r\x9c\x97\x17\xe7U\x93nLt\x9d\x93\x16\xf4\x14>g\x8d\xab\xd6\xf1\x1f\x93s\x19\xb9\x12\xe6L\x9d\xfdY \xe8\xb7\xa3\xbd\xe7\x07b\x184V\xd4\x82\xfe\xa8\xb2\\\xb0\xd3L\xb7\x80\xe4\xc9\x98y\xabt\xf9Z\xd6\x1b5O\xc0\x06\xf8\x08\t\xa0b\xb4H\xd9\x14.\x8eer>\x1f\xe9pWF\x15\xc0\xe1=*\xb2\xeb\xcba\xbe}\xb9\xce\xf2\xa0\xd4\xcf\x16\x9c\x1b\xea\xf9l\x8fZd/\x80\xffcn\xc2h-D\xc5\xe9\xbdhm\x13\xf6\xd5C\xda\xf16\xf3>=c@\xc3\xb4\xe7\xc5\xea\x80g\x1b\x01W\xe9<\x1eIr\xd8\xa7~\x13\xdf\xb7\xb1\xf2\xa2\x8c|T\xe2\xfb\x01\xbe\x18\xeb\xb9s8*:\x97#\x1f\x0b\xc9|\x97X\r\xaa\xb3\x90"\x9a\xb5;\xe5\r}6\x8d\xd5N,\x1d}\xad$\x8a\x01.G\x15f\xc5\xd4\x08\x05\xf9\x02\xeaw\x80\x14}\xbbDQ\x11M\x8a\xc0zg\x19\xf1bn\xdf5\xd0xj\xcbr"\xf0\x1f\xdb\x91\x0fT\xd0\x86\xdd_iC:#H\xf1\x9d\x04O\\\xe0\x10\x01\x92(\xcc\x93\xd5\x96\x93\xb5\xb3\x0c\xde7pqD\tR\x0f\xd3\xc7\xf6ACn\xfd\x0c{\xf3@\x9e\xd5\xa1Q4\x18\x9a\x0f\xafl\x076#\x8eE\x9fXS\xe9\x9fa+r$l\n\x18G<o\xd4\xb7\xa6\xa8z/\xfeNiq\xd5\xa7n\x90\x81( \xa2\xb5uN\x1af\xf4\xcf\x85gh\xd1~\x96o\x18\xa6Tf\xffr>\xd6)6\xe8\xbf\xbaT\x89\xe1<\x87\x9fV\xe2\x01\xcb\x88\xef\xfb\xbd\xbb%\xfa\x12\x01\xdbL1y\x08\xf6\x87eF\x0b{OA\xd0\xd9+\xe18\xbe\x05Uo\x00\x86\xbe\x87\xd8\xf3c\x15\x853\xe5\xcfff\xd9\xa97\xceM1\xb5\xc2\x0bs\xc1\xad\xf9\xb3\xcf\xcc\xfe\xe6\xe5(\xe6\xc3g\xa1R>\xb0\xef\x96\x90\xc0\xd6\x06\x19\x18(+\xf9\x06\xafw\xb9@\xfe\xf9\xd1\xe4J\xd74c\xe3\xf9\xdc\xa6\xa3H\x9f\xaf\xfb\x137l\x9c\xae\r\xdd\xf0\xbf\x86\x00\x03\x0b\xca\x10\xd7,\x8eE\xcd.\x17\xfe\x9f\xbdE}\x1f-\x96\x8e\xdc\xb0\xbbg~q\xa0H\xa7\x19j\xf7\x01\x06)\xb4\xd3Go\x10\\\xebeIg\x147k\xdc\xa5\xb5:\x1amI`\xfd_\x97\xa4I\xde\xbd\xb9^\x00\x0e\xdd\xd0\x93N\xf4i\xfb/I\xe4\x9d\x81\xd7\x0f\xc7C\xe1\x15\xb4r\x90s\xf7b\x0en\xb3\x81CT\xe9\x82\n?\xc8\xd9\xe0o\xe3\x9bil\x0b\xcbX\x96\xb7\xca\xd7\x80\xd3\x01\xe41d\xc7\x86\x0cV\x07\xc4}*\xbfHa"\xee\xdc\xe6\xc0_uI\x05/\x12!\x9f\x9bl\xf1\xe8\x14\xa6\x0c"Y\x1cr@\x8f\xd6\x8e\x12\xc7j\xbd\x15\xd6\xf1\x08\xef\x06ll\xa8\xbc\x02r\xdd\x9e\x8f\xbf\xf5`i\x0e\xf7\xe2F%=!:\xde\xeeV\xa1:q\x88\xe20g\xd07\xe9\x01\x01\x96\xc2TH\xa4l0U\x07=6\x93\x83\x88[\x9a\xbe4\xe0\xf80\xca\xe7%-u\xd4,\x8b3o\x89\xf1\xdfto\xf3\xed\xf3C\xc9\xe4\xcc\xfa\xa1@2\xb8\x89T~Y\xb7h\x80\xf2q\xd9\x93\x96:nz\xfa\xff\xf6()\x04\x16\xce\x89\xfb\xae<i\x00\x03\xbcWN\x83\xdd}\xd38\xf2B\x7f\x112\x87R\xd3@d\xe4\xad\x07\xf2\x99\x0c\x96\xf57\x0e%\xeevQ\xa1\xb9\x10\x13\x12\xf1\xb0\xc3\x1c\xae&\xe1\x0bZ$qb\xd3\xdd\xe6\xde\xadVg\x97\xe5\xd1b\xbc\xf8\x93r`q&Ha\xef\xde\x19\xc4\xec\xe6k\x01\x8f\x8aY\nv\xe2&1\xa2\xf5\xe7\r\x06\x1e\xe5\x07IlI\nB\xbc\xe7i\xc4\x8b\xe1W\xa2\xce\x8f\x16\xcb\r\xa5\xf3fQxL\xf9o\x7f\xcfQ\xbeq\xc4\xb3\x1a\xcfd\xe6L\xde\xb9\t\x02\xe6\xb1\xce\xb8\x15\x1eO\x8f\xe8\\\xfb\xa3u\xcd\xfb0\xf2\xfer\xf2h\x9bvK\xd5\x89zav\xd1\xecy\x14\xd3\x0f(\x86\xfe\x81PG\xbb\x8c\xdb]\x80\xf8\xf9,;=\xb8\x87Z\x7f+\xf4\x1f\xd7\x8e\xf7\xc9.\x1c\xbf\xb9\xba\x1dF6\x1a\xc9YmF\x06\x1d\xf6_+P\xd0<\xcd%z\xd7\x04\xd4\xc2\xc4\xabZ\x12!\xe9\xb4Iaq\x9d\x1e\xc2U-\x845\x12i\x0c\x99*\xb8\xe6\xb3\x01\x01\x1b)Dd3\xdc\xcc\xfd\n\x04[,\x1dX\x0e\xc0<n,Uw|K\xe2\xd5\xb3h\x98\xafj{\xf3J%X\xbc\x1e\xe5\x845\x9a\xf59@\xcc\xe5\x87\xed\xa6{\xc3\x99\x90\xc7=\xbb\xe7\xad\x10\x11hK}\xa6\xbe\xe8\x01\xcf\xd9\x1d\x84\xcc\x05\x05\xe4}\x98\xcfj\x836\x0cPr\xfd\nz\xd6\x0b\xf6n\x0e"\xefJ\x83\xc6\xc8W\xf9\xe5\xbf\xc9\xc7\xae\xa5\x9d\xf5\xb3\xad\x86\xdbX4\\hvV\xb4\xa1~\xf1\'\x98\x80a\xa4\xb75\xca0\xfa8%\x04R)D\x06\x95zb\x8d\x9f\x87\xbaw\xfd\x80\xcf`\x12\x1b\t\xc6\x9e:\x9afB\xab\xe6H.\x8dH\x1d=\x0c\x90\xea\x85S\x9d\xa2\xbf\xdb\x16[\x85\xf2x\x9b\x8dF\xa4\xf2\xbc\x9a\xc02\xb1N\xc1\xa8r\x12\x9c\xb3s\xe9\r\xd9\x80fy!\xba\xed\xd9\x00\x1eG\xf8\xfe\xdd\xd7\x8b\x8b\rGw\r\xb06{\xb54\xf5\xe8S\xd0Umk\x17\x8f\x12\xd2\x89\x02\xa5\x87\xf1 \xae=w\x1c\xeb\xe4\xab\x08q _q\x1cG\xbaT}\xdb\xcb\x06\xd1x\x81fg[\xb8\xfc\xd0\xc9$J\x05nL\xe1\xdb\xa9\xaee\x1aY\xb1Ve\x86\xd6\x15\xf8\'\xacC\x19!jU\xb5\x12T\xaa\xf3\xdc\xce4\x7f\x08\xdc\xeb$\x19\x8b\xbdC\xb1\xff\xaf1\xc4S\x9bWPD\xb1\xca\x11\x895\x94\x9d\xec,`\xdb\x05\xa3w\x8c\x98\xb9\xc9\x01j\xe03l6`\xe2\xc9\x05\xe9\xd8@{\xc2~\x88EB!\xfd\xe83w\x13\x8ew\xbf=g\x86\x10#\xcc&\xa1^\xa0wh\xe8M\xe0B\x13\x1b\xbe\xf3\xc9!\xa9\xdb\x9em\x8d<\x94\n>\x18c\xebG\x87\xcc3\xe7\x10$\xd4\xc9\x8b\xb5\xd6\ta\xc7!\xf1\x8543(\xb1\x7f\xc7\xcbc\x98\xd3=y\xba\xfb\xbfV6Ae\xa1}\xec\x9d:d\xdd\'\xcd\x1e\xcb\xb7\xd9\xc4\xefOX\x9fd\x02bd\x04A\xc6\xe6\xb5+\x88r\xfex\xeam\'\x93\x08\x02\x7fslV!t\x8bg\xc4PM\xf0f\xdf\x99\xc2/\xb9BgP7\xed3\xa4\xab\xc5\x0c\xb0\xa8@=\xc6|\x1cF)\xea\xaaB\r\x91\xb9\xday|\xd3"\xf2\x97\xec=9\xe6\xbe\x8a\xc9\xa8f\x9d\xac&P\xa1\x99j\xdd\x1f\x81IO\xcfs\xcd\xb2Bv@\xb8\xf0\xb3\xf2\x18\xf9\x9bh\x02\xc9OGW*\x0f\x8b\xe8\xc2\xe8L\xfe\x92\xd2\x99U\xd9qu$m\x04oC\x94\xf0\xa0\xa3w\x92K\xc0\xa0\x11#\x9c\x00j\xcd\x05\xffF\x8a\xd8\x86-\x05eP\xf5\xc5\x8co/\x9f\x04M\xfc\xdb\xb2\xe1._\xf0\xce\x9e\x86\xb7\xf67>\x9c\xb2\x12\x9e\xa48\x17\xca\xf2\xd7\xf6L=3\x9f~<\x84+\x07%\xd9}\xa1\x1d\xba\x89:\x90\x15A\x1b~\x0b\x0eR\xed\xa42\xa9z\xb1\xc5\x1cQ\x8d\xff\x1e\xe6\x9d3\xceV\xfdM\x91\xa6\xecq>\x15\x8eX\xac\xa3\xe9\xc8\xd1\xff\x80-n\x86p\xfe\xb4\xe5g\xba!\xdc\xc0\xfd\xaeQ\x91L_Az\xf8\x19\xa1\xc4\xaa\x17\xecz\xd1\xc2s\x02\x82GZ\xe8-~\xa6\xedD\xd3\xd6)\xd3\xd6i\x7f\xa0\xfc\x94v"\xbb2\x00\x12\x17\x9a\xe3$V\xbfu\xf3 \xac\x99\xb4\x85\xeb\x8aAw\xab\xf3\x88"{%\xf7\xf6m\x1bT#\xe1\xd1E\xdd|\x00Q\xc8:\x8fm\x97\x82\xfatI\x846\xb9\xa9\xb26iW\xaa\xe2M\xd40\x1e\xabEC\xac\xba\x9b\x82Wh\xfb\xde[\xb4,\xc6\x1c\x06\xcc\x81\xf2B\x0c\x03\x90\x1d\xc8&\xb7\xe6\x05wx\x9b";-\x84\xa9\x1c\xeaI\xc7\xc5gGLra<!\xf8\r\xd7\x8f:\x075=\x1a\x9a\xeco\xb48\xcb\x06.\x02\x1efT\xf6\xb4 \xc7\xef\xff\xbd \xb0\x13T|y\x9bdx\x94\xbc\xfb\x0c\xa3\x84<@\xa84b\x8a\xe0\x8b8%7+\xe7\xe5-\xc9\xbe-2n\x80\xd0D\x9c\xc3]\xb6m\xd8A\xf9mi\xe4\\\x8d\x8b\xfe\x1efG\xf3\xffN\xb6R\x8d\xf34\xef\xa9K\xfcAT2\x92\x1aE\xcbR`\xbd\tkpj\'*\x0b\xfe&\x94|\xb0\xdd\x1f\x9a\xee\xf9\x83\x1d$\xb8\xaf'
tbI624
I0
F0
tb.