cnumpy.random
__RandomState_ctor
p1
(tRp2
(S'MT19937'
p3
cnumpy.core.multiarray
_reconstruct
p4
(cnumpy
ndarray
p5
(I0
tS'b'
tRp6
(I1
(I624
tcnumpy
dtype
p7
(S'u4'
I0
I1
tRp8
(I3
S'<'
NNNI-1
I-1
I0
tbI00
S'\xbcZo\x89\x89"\xf3\xbe\x01\x0f-zT\x81\xe6(\xa0\tKuj\x1b}\xd8.p-\r\x9c:7\xb9\x11\xe1\x90\xcc\xe02.A\xaa\xcf\x93\xcetsC\xf9\xe9K\x89Hs\xcf\xa6D\xf0\xb1n\xb9\xbfn\xe3\x87gUdE\x8d\xa1\xb6eU\xf7\xbeo\'qxe)#a\xf5\x92\xc5\xa3!\xa7&A\xeal\xb7\x87\xd0\x18\xa1d\x0b\x98\xbf8+wh\xd8\x0b\xeb\xa2\xb1\xd8\xc7\x9e$\x18\xe2.6AQ\xe8\xb7\xc8z\x92\xadHrY\x1d\xc3\xa6\\\xc4\x059\xe9P\xf5P!\xbf&\xbe\x12b\xb7\xa6m7m\xfb\x18\xcd/zU\xca\xe4\xfe\x96\x152\xc6\xb1\xfd\xce\xe9M!T\x8a@\xd2!ek\xbe\x0b\xd1\x9c\xc4\xa0Z\xeb\xa8!R\n\xfa\xeb}\xd1\xe0:B\x85\xd8\xa1\xb4\xe9\xcf\xdc\xed\x053V\xc9\x1bh0\x0eq\xaf.M\xfd\x13lR\xde\x8b\xea\xf8\x1e}\xd8J\x96j"\xf5\xbd\xbe\xd0e#\r\nhqY\xa3\xc7\xdf\x87\x936\xd5\x07\xc8<\r\x9c9\xe2\x99\x94\t\x19\xfc\xf49J(Sm\x1e\x91\xec@S\xa4\xbf\x0b{\xa0\xaa\xdc\xa7\xb4\x0e{t\xf0J\x07\xb7\xd5Vpr\xef\xee%"\xebE\x18\xc5\xdd\x08n\xfa\x16\x8e\xc6\xa4Y\x18\xda\x83&\xec\xec\xa9\xbb\xca\xae\x00`8\xf2(:j\x90\x00mG\xa2\x93\n\xc3)&.hO\xbf\xdb-\xd663rp\'\'\x9euj\n\xd8U8\x0e\n\x9c\xb7\xd9\x1f\xe0#jQ\x92\xf5\xb4\xc7\xd2\xee}\xd5\xe9!\xda\xe85@J\xeb\x00\x88\xc7N\xf8>%\xcasI\xac\xe5\xe5\x0b_\xe3Si|\x11_\x9d(\xfa\xae\xc8-\x8cx\x84`\xc1\x169B\xa3]\xd6"\xf5\x03\xed\x92\xdcT\x93\x18{A\x18\xf4\xf5@\xfe\x1e\xea\x8b^\xe3\x13\xa6\xad/\xc6q\xdc\xac\\j\x00\\z\xb2\xd5`!?c\xf0#7\xaf\x82\x1bF^,(8}\xe52\x87$\xf5J\x96<\xb9\xc7\xf9\x0c\x18-,\x93A\r\r\x8d)vqM\xea\x0cQ\xcfq\xda{_z\x10\xd8\x0fp\xce\xee\xb6\x13\xfd\x9e\xa8cX|R\xb1%\xf1\xcf[S,\xf9\xfe\x10\xe8\xb4\xe4)\xc8\xf6\xd6y\xa8\xd5*\xe9\xbb\x1d\x0c\xe7\rM\xfd\x9e5\xac\x16\xa9\xac\xbe\xdd\xf8F\x03\x13\xae\xc8\x06\xfb\xbe\xe5\xc7\xeaKc!\x9e\x9c\xcd&\x9e\xe2\x1a\x08r\xeb.\xd1q\xfe\xee\x95hh\x03K\xed5\x1eU\x8f\x80\xc1\xc39\rjG\x86\xbe\x9f=4\xdcd\x1bthX\x02\x12\xaaK\xc0\xf9\x91}\xfc[C\x99\xd3\x95.\xc6Y\x88xz\x1dSO\x14]\x10\x04]\xdf\xa5\xc4\x9e\x8b\xf0\x0e\x0cvn\xc1\x84\xa3\x1e\x91&m\x13:\xc7M\x98Yc\xdcJ3\x16\xc7\xb3\x1d\xf3\xcdVP\xec\x9d7qp\x03/xe8\xe6\x18i\xedy\xe8]M\x1b\xfe\xf6\x8d\x10\xbe\xea\xa8\xb0\x94\xa96g\x11{\xb5\xf6\x85>Eue\xe2j\x0cL\x90j9\xb4\x82v\n\x14\xdf\xc2e\x9dK#\xe5\x8d\xa8Q\x01\x87\x8dL\x19\xb3R\xf8ae\x1e \xc6\t\x89\xee\x8b\xdb\x18WZ\xca\x1cE\xae\xfa\xd7\xc4\xee\x1e_m>|7\xfc\x8f\xf2\x86_\x88K\xa1!\xdb\xc8\x87\xb3Y\xda\xacq\xdd\x99m)\x92\xd81a\xaa\x07\xa3$$U?i\xfb\x96g\x9c\xe7"\x92\xd5 \x0c\xd1D\x85\x02\xd9\xff\x9f\'\xdb\x10o{\xca\xe23\x0e\x88\xbf\xf9\t\xed\xf1,\xdde\x06a\x82\xee\x99t\x9d\x89\xaa\xcb\x8b\xf5N\x0eK5=\xdb\x9f@\xd0Q\x7f)\xb3\xd9\x864P\xdd6\xef\x8aT\x82i{\xda\xedCj\x9e\x9cE\xbfr!UkU_A\xa1\xd1\x0c8\x8e\xff\xc74\x86\x86\x06cS\xa1\x02\x87\xd4\xb7A\xb0U\x04H\x92R\x8cy\x8f@\xe6\x1d\x04\xda\x12\xb0\x9d\r/\xa8\x13\x0f\x92\x9er\r\x94rCbO\x81\xc9&R7 \xbf\x0cb\xa7S\xa0\t\xab\x16\xf1\xc2\x84Db\xa3\xec\x84\xe5\xea\xbc\xd9\xae\xba\xdch\x17\x1b\x8cQ\x7fm$\xb6\xa3\xd5=\xa4\x98cz\xcb\xf6\x18\xcf\xba\x82\xc6BB6\xe3\xd5\x87\xd5\x16\xa4\xf57\x80\xf0v\xe77b\xef+\x1b\xb8t\xb6E\xda\xe6\x14}\xd9KVsJ\xd8B@1\x8e*\xd8\xbd\xb3U\xb6\xee\x8a\xd6\x8c\x96\x05ps\xe2\xaa\xaa\x9d\xa4\xc3_\xdad\x9aC\xab\xef\xec1Z\xdbk\x00\xbc\xac\xf6\t\xa9\xf2W\xdf\xd2\xe9\xb1bv\r\xba\x94\x17\xbd\x1e\x9f\x8a^\xcb\x00\xea\\}\xb9\xb4p\xbb\xe4\x1f\x9b2\xc1@&\xa0\xa9\xe2}([\x12\t\xb1|\x80\x0b{\xa82X\xd1\x88\xdc\xaa\xe5\n!j\xbe\x85\xc2Y\xf8IrOv`\xac\xc7|GQ\xc8\x11Nt\xb3W\x96\xac\xf2MdD\x15G\x8bM+\x0f\xdb\x0f\x87\x8d<$\xb6\x8b\x1b?Y\xe1\x83-\xfe$w_z\xc9\x96\xf6dR6\x9c@\xe5\x1c\x12\x86\x1b\xfa\x19\xd4\xde\xf5\xf2\x07-\x99\x8e"\xa0\xad\xae\xe8\xde\t\xdeyh\xc8\x15\xb7\xb9\xaa\xafn\xc75\xdb1\xe2\x8a\xebG0m\x02\xb5\xe62\x0fh\x8bZ\x99\xde\x06\x94\xb6\xf1\xbb\xf5\xea\x98j\xb7\xe3\xb4\x96\xb24\xe7\xd3%\npa\r\xa9\x07\xa2P\xd3kD_\x0f\xfc{s\x1f\xe1\x1d\xb2)\x96=\xa3\xc5dL"\xbd\x90;\xb3m\x19\xefd\x10c\x98\xb8K\xe2\x98\r\xa3\x88B\xc0\xf4\\m\xaa9O\xe0\xbdR\xda1\xf7q\x02\x10\xe8\xda\xae\xad\xb9\x8a\x8f\x1f\x0b\x8e\t\xbb\xb6\xf4\xb8\x12\xc8&\xdcX\x10\xc0\xef\xc3\xae\x89\xedP\x0e\x16\x1eF\xe0%[\xc2\x04\xcf/PK\xbe_\x17n\x1f\xe6\n\xc86\x85\x19\xb4d!\xd5\xf3\x1a\xca]i\xb0X6\xbe\xf3d\xae\x9d3\xf5\xf6\xc8@\xfd\x97 yNB\xd9\xb7\xdb\xae\xd6\xbe\xdde&>5\xca\xfb\xcak"\x96\xb5K\x0c\x92\xfd!B\xae\x93K\xe6]\xf9\xa3\xacZ\xc2\xe3\xf6\x8eH\xd9\xed\xeaE\x8b\x1a\x9c8\x1c\xbc}8\xf7\xaa3\xa8Bac\x85\xdb\x90x\xba\xb1Z\xc1\xc7\xbf\xe0\xae\xd5#vZ\x14\xe37\xd0\xf6Q[\xee<_\xb4}\x1b\x13^\xa3\xc4\xc0\xa5%\rd\xef6P\xdc\'\xed/\xfd\n)\xbf r:\xd7\x7f\xa5\xcb\x90\xa5\xad0\xa9\xc9\x1a\x03\xf2\x9534\xf4\xee\x98\xc6\x94\xf8-\xb0N\x02\x8d\xa9EZ{\xa2\x8e\t\xc3\xbf\x04>vp\xc8)E6s\xfc\xae\x11\x11P\xadr\xadP\x03\x10\xb4\xd7JgR\xd2\x85\xb8=\xd29E5\xf3\xf8\xb5\xab\x85R`\xeeBA\x8b\x94\x8b\xf9\x11V\x7f\x18q\x8d\xa5J3~W}\xc9w3\xd2x\x99\x89c\xf5s\xaej\x92\x8b\xab]>\xc6/V`\xeb\xe6\xd8L\x89+a=L\x9eR\n\x173\xfa\x00\xb0\x12\x02\xb3o\xb3\xf9;d\x1e}"8r\xd0b\xdc~97\x1d\xde4\x11}I\x15\xb5S G\xf7\x07\xc7x\xf8F\xae_<\xcb\xad1\x83-\xfb\x11\x9b\xdd\xde\x13\xb5;e\xf4\xec-\xe5\x88\xeeM\x8e\x99V\xca;&\xb8\xe2\xad\nd\xb2\xa9,\x07\x1e\xc1\xff8\xb1@\xe9ao\x88\xafw:8*\xf5n\x0ep\x13\xbb\x18\xdbn\xce\x87\x8e\xc3\xa0G\xe5\x99C\x17e\xadN\xd6\xf8b\x08n\xc1+\xd7\x16\xe00\xc0n-\x83gF\xc6\x01d\xe5\xa1\x1b\x07\xb0F^\xe1e\rv \x1e\x927\xfd\x86\x06s\xec\xa4\xc5\xe4Mm\xc0*\x87\xb6\xf28OU\xa4\xb75\x88i\x0cJ\n\x9b#+}\x08\x95\xa0\xfe\xa0\xc6\x9e*hDBu\x80\xe9\xcc\x12\x9a\xe6{#mZ\'\xe8\xcd\xee\xa7V\x86\n\x85\xed\x985J\x06\xa5\x9a\xc1\x9c\xb8\xbbn+\x8b\x9c\x85x=\xd0\xbf\xb5\xb1\xe5\x11.\xba\xb9\xa5~\xf5\x9a\x9e\x8a\x96\xa6L\x98\x0c\x9b\xc8\x92\xcd&\xecZ\xf4\xbc\x02\xce\x07\xd1\xfa\xe3\x03\x08\x08\'+\xa2\xdaM\xde\xde\xed>?\xc5k\xac3\x06u\xc8\xdaexc}\x86\xa4\x89\x8f\x810&;C\xc0\x9f\xe4 \x8a\x10\x89_\xe8\xca\xa6\x1e\xbb\x104\x03\xbc\xb2\xe4\xf4f(\xe0.\xa1o\x86o.K\xb1\xf0\xda/\x0bC}E4\x10\xb9\x94A\xc1\xa0\xd4\xcc\xc2\xfby\xc1\xc8#\x93\xd5\xa6Au\x91\xc6\xac\x8a\xfe\xcb\xdb\xd5CS\xf3\xd01c\x9e\x04p\xc9D\xf14\x95h\xc7\xdf\\C=WnC\xce((\xff\x03\xe9?\xb7\x8b=\xbb{\xd3n\xb7\xa0\x06\x87\xef*\xc2K\x11\xb2^\xf2\xa6r\x84\xf2V\xc0\xe464\x7f\xe2;9\x9e\r<\xa8Ry\xf3\xd8of\x13C\x98XU00E\xa97,m\xfd\xcb\xbe\x91j\x83\xe7h\x19W8T\xb3(\xa6\xeac\xdaq\x1f\xa2\x9dl\xd5\x033:\xb2\x8c\x96\xdev\x0bu\xb0\xca\x92\x86Q\x82}Q\xa4H\xc7B\t\xc68\xe4C5U+u\xc4\xff\x98\x074\xfe+<IW\x91\x81\x02\x98_h\xadV\x88O,\x1eA\x00\xc6&!\x9ce\r\x14U\xbb\xd5g\xe3=\xffG\xa9\x1f\x162\xe8*\x9a\x8f\x93\x08\xdc\xfeTC\xfaFy\xf1ZU\x00\xa4\x9f\xbf\xce\xed)\x9ea\xd2CJD\xd0uLf8\xc01\x03\x90\xa92\x8ce\xeev\xa6T\xb8\xd7\xf1\x02\'\x80f\x08rI\x1d\xea\x8f\x9f%\x9b\x90\x8c\x91\x11\xa4\xf2\x83\xfa\x9d3\x0b\x9e\xd8\x89\xcb \xa2\xe0\xbe\xd7\x0eg[\xf2V\x1d\x00\x89\x1e\xd2\'\xa8i\x87\xd0\x18`+\'\x16%\xd2\xfa\x89\x1d\xf6\x8d\xfe{\xf1#L\xb0\xc6\xfc+\xe5\xd9\xcf\xbe7\xde\xe6\xeb\xcd\x11\x89~\xf8\xcc\xbb\xc05\xdc.L\xbb\xbc%\x8a\xb2\x01\xcb\xceq~\xf9\xc6\x16\x12\xa0y\xa4\xa6o\xdb+\x99\xec\xf5\xc4\x01N\xc3Y\x1d\xe6\xe3\xfb\x88\xa8\xbbZm)\x0b\xc1\xac\x88ir\x08\xf4\x92f\x0f\x85\x03/l\xc4\x90\xdb\x9c\x86\\\xb8\x84\x93\x02P\xca\x13\t\x12\xd1m\xdf\x05\xf8\xe8g\xc8\xc0\xc47.KV`\x1aKw\xe0\xca\x1f\xf3\x7f\xff\x06BQ"BC\x84\xde\xd2G\x01a\n[\x1bt\xd0$8\xe5e\x87\xe39\xa2\xd8\x8c\xbf\xd5\x1cxl\x13\\\xdfO\x87\x13\xd5\xd1\xb6g`\x98\xbcS}0\x9bY\x91ETR\x9aR;fV9\xc0\x10\xfc\x9f9\x93\xf3\x02\xe8D;\x07\xc9\x00\xe1'
tbI624
I0
F0
tb.