# time 	 divergence 	 # of mutations 	 # IGC chances 	 IGC length 	 # IGC failures 	 Changes due to IGC  	 % change due to IGC 
0.0	0.0102249488753	0	0	0	0	0	0.0
0.00175012659142	0.0122699386503	1	0	0	0	0	0.0
0.00215871513497	0.0143149284254	2	0	0	0	0	0.0
0.00424711058571	0.0143149284254	2	1	1	0	0	0.0
0.00478328824389	0.0143149284254	2	2	1	0	0	0.0
0.00530030366784	0.0143149284254	2	3	1	0	0	0.0
0.00777182730343	0.0163599182004	3	3	1	0	0	0.0
0.010290121086	0.0184049079755	4	3	1	0	0	0.0
0.0108604593121	0.0184049079755	4	4	1	0	0	0.0
0.0124319762167	0.0184049079755	4	5	1	0	0	0.0
0.01659841353	0.0184049079755	4	6	1	0	0	0.0
0.0190261739117	0.0204498977505	5	6	1	0	0	0.0
0.0191443976421	0.0204498977505	5	7	1	0	0	0.0
0.0209210187388	0.0224948875256	6	7	1	0	0	0.0
0.0236929946247	0.0224948875256	6	8	1	0	0	0.0
0.0259271998546	0.0224948875256	6	9	1	0	0	0.0
0.026076034863	0.0224948875256	6	10	1	0	0	0.0
0.0261030851109	0.0245398773006	7	10	1	0	0	0.0
0.0267671081189	0.0265848670757	8	10	1	0	0	0.0
0.0299807840478	0.0265848670757	8	11	1	0	0	0.0
0.0334951718337	0.0286298568507	9	11	1	0	0	0.0
0.0363796476048	0.0286298568507	9	12	1	0	0	0.0
0.0377878343111	0.0286298568507	9	13	1	0	0	0.0
0.0379915615507	0.0306748466258	10	13	1	0	0	0.0
0.0392989649101	0.0306748466258	10	14	1	0	0	0.0
0.0401441579236	0.0306748466258	11	14	1	0	0	0.0
0.0409007142398	0.0327198364008	12	14	1	0	0	0.0
0.0413249934215	0.0327198364008	12	15	1	0	0	0.0
0.0433563390834	0.0327198364008	12	16	1	0	0	0.0
0.0443789840433	0.0327198364008	12	17	1	0	0	0.0
0.0445657471346	0.0327198364008	12	18	1	0	0	0.0
0.0450025601064	0.0306748466258	13	18	1	0	0	0.0
0.0464542233684	0.0327198364008	14	18	1	0	0	0.0
0.050170578859	0.0347648261759	15	18	1	0	0	0.0
0.0515012948786	0.0368098159509	16	18	1	0	0	0.0
0.0533496789665	0.0347648261759	16	19	1	0	1	0.0588235294118
0.054652088749	0.0368098159509	17	19	1	0	1	0.0555555555556
0.057615936339	0.0347648261759	17	20	1	0	2	0.105263157895
0.0577642623082	0.0347648261759	17	21	1	0	2	0.105263157895
0.058379322392	0.0368098159509	18	21	1	0	2	0.1
0.0603019310998	0.038854805726	19	21	1	0	2	0.0952380952381
0.0623373670938	0.040899795501	20	21	1	0	2	0.0909090909091
0.0658478848224	0.040899795501	20	22	1	0	2	0.0909090909091
0.0663148821652	0.040899795501	20	23	1	0	2	0.0909090909091
0.0666886714825	0.040899795501	20	24	1	0	2	0.0909090909091
0.0672855415237	0.040899795501	20	25	1	0	2	0.0909090909091
0.0690575824619	0.0429447852761	21	25	1	0	2	0.0869565217391
0.069895450074	0.0429447852761	21	26	1	0	2	0.0869565217391
0.0704635735196	0.0429447852761	21	27	1	0	2	0.0869565217391
0.0711514802969	0.0449897750511	22	27	1	0	2	0.0833333333333
0.0744940368332	0.0449897750511	22	28	1	0	2	0.0833333333333
0.0775019359269	0.0470347648262	23	28	1	0	2	0.08
0.078731817946	0.0470347648262	23	29	1	0	2	0.08
0.0808428117297	0.0470347648262	23	30	1	0	2	0.08
0.0811983105176	0.0470347648262	23	31	1	0	2	0.08
0.0815368951415	0.0470347648262	23	32	1	0	2	0.08
0.0818419011201	0.0490797546012	24	32	1	0	2	0.0769230769231
0.0835478400864	0.0490797546012	24	33	1	0	2	0.0769230769231
0.0836246387224	0.0490797546012	24	34	1	0	2	0.0769230769231
0.0853948792499	0.0490797546012	24	35	1	0	2	0.0769230769231
0.0864692029694	0.0490797546012	24	36	1	0	2	0.0769230769231
0.0878076541529	0.0490797546012	24	37	1	0	2	0.0769230769231
0.0879596785392	0.0511247443763	25	37	1	0	2	0.0740740740741
0.0883086222454	0.0490797546012	26	37	1	0	2	0.0714285714286
0.090443210233	0.0470347648262	26	38	1	0	3	0.103448275862
0.0913815783417	0.0470347648262	26	39	1	0	3	0.103448275862
0.0915605710246	0.0490797546012	27	39	1	0	3	0.1
0.0917915618423	0.0511247443763	28	39	1	0	3	0.0967741935484
0.0946801582877	0.0511247443763	28	40	1	0	3	0.0967741935484
0.0979405215836	0.0511247443763	28	41	1	0	3	0.0967741935484
0.0985173840837	0.0511247443763	28	42	1	0	3	0.0967741935484
0.0988019464634	0.0531697341513	29	42	1	0	3	0.09375
0.0990539257041	0.0552147239264	30	42	1	0	3	0.0909090909091
0.0994008391698	0.0552147239264	30	43	1	0	3	0.0909090909091
0.09974590664	0.0552147239264	30	44	1	0	3	0.0909090909091
0.104759136366	0.0572597137014	31	44	1	0	3	0.0882352941176
0.108067119063	0.0552147239264	32	44	1	0	3	0.0857142857143
0.108833433279	0.0531697341513	32	45	1	0	4	0.111111111111
0.11250991053	0.0552147239264	33	45	1	0	4	0.108108108108
0.113121300833	0.0552147239264	33	46	1	0	4	0.108108108108
0.113898273123	0.0572597137014	34	46	1	0	4	0.105263157895
0.114350432561	0.0593047034765	35	46	1	0	4	0.102564102564
0.114883090903	0.0613496932515	36	46	1	0	4	0.1
0.118013341149	0.0613496932515	37	46	1	0	4	0.0975609756098
0.118157702886	0.0613496932515	37	47	1	0	4	0.0975609756098
0.118529098649	0.0633946830266	38	47	1	0	4	0.0952380952381
0.119723794211	0.0633946830266	38	48	1	0	4	0.0952380952381
0.121167682226	0.0633946830266	38	49	1	0	4	0.0952380952381
0.122495435771	0.0633946830266	38	50	1	0	4	0.0952380952381
0.124536433363	0.0654396728016	39	50	1	0	4	0.093023255814
0.126250689506	0.0633946830266	40	50	1	0	4	0.0909090909091
0.127754706797	0.0633946830266	40	51	1	0	4	0.0909090909091
0.129144137864	0.0613496932515	41	51	1	0	4	0.0888888888889
0.132208377753	0.0613496932515	41	52	1	0	4	0.0888888888889
0.13302387384	0.0593047034765	42	52	1	0	4	0.0869565217391
0.135015429867	0.0572597137014	43	52	1	0	4	0.0851063829787
0.135190757295	0.0572597137014	43	53	1	0	4	0.0851063829787
0.142565191913	0.0593047034765	44	53	1	0	4	0.0833333333333
0.142696153582	0.0613496932515	45	53	1	0	4	0.0816326530612
0.14463302517	0.0613496932515	45	54	1	0	4	0.0816326530612
0.146277021168	0.0613496932515	45	55	1	0	4	0.0816326530612
0.146749957724	0.0613496932515	45	56	1	0	4	0.0816326530612
0.14736724631	0.0613496932515	45	57	1	0	4	0.0816326530612
0.147972145148	0.0613496932515	45	58	1	0	4	0.0816326530612
0.151535878056	0.0633946830266	46	58	1	0	4	0.08
0.15502467214	0.0633946830266	46	59	1	0	4	0.08
0.155366705715	0.0633946830266	46	60	1	0	4	0.08
0.156645217377	0.0654396728016	47	60	1	0	4	0.078431372549
0.157848179248	0.0654396728016	47	61	1	0	4	0.078431372549
0.158818149293	0.0674846625767	48	61	1	0	4	0.0769230769231
0.159082897197	0.0695296523517	49	61	1	0	4	0.0754716981132
0.160072403405	0.0715746421268	50	61	1	0	4	0.0740740740741
0.162152105881	0.0736196319018	51	61	1	0	4	0.0727272727273
0.162200697215	0.0736196319018	51	62	1	0	4	0.0727272727273
0.162939869537	0.0756646216769	52	62	1	0	4	0.0714285714286
0.163158764207	0.0756646216769	52	63	1	0	4	0.0714285714286
0.164088494862	0.0736196319018	52	64	1	0	5	0.0877192982456
0.165617884825	0.0756646216769	53	64	1	0	5	0.0862068965517
0.166366217933	0.0777096114519	54	64	1	0	5	0.0847457627119
0.167341290012	0.0777096114519	54	65	1	0	5	0.0847457627119
0.167507103921	0.0777096114519	54	66	1	0	5	0.0847457627119
0.167642073558	0.0777096114519	54	67	1	0	5	0.0847457627119
0.169058107315	0.079754601227	55	67	1	0	5	0.0833333333333
0.169920089829	0.079754601227	55	68	1	0	5	0.0833333333333
