cnumpy.random
__RandomState_ctor
p1
(tRp2
(S'MT19937'
p3
cnumpy.core.multiarray
_reconstruct
p4
(cnumpy
ndarray
p5
(I0
tS'b'
tRp6
(I1
(I624
tcnumpy
dtype
p7
(S'u4'
I0
I1
tRp8
(I3
S'<'
NNNI-1
I-1
I0
tbI00
S'"\xe4?\xde\x81\x1aYHa%c\x0f\x0b#\x03\x07\xef\xe5e\x16\x1d\xc1\x8fN\x0e\xe5\xb60\x18\xb3\x153\xf7\xff\xd2\xcc\x8e\x88\x0c=\xe0\xa8\x0c\\\xf8\xb6\x87k\xa9\xf7\xfc\xed\xfa\xf16\xcbz\x9f\xfa\x9e\xe8\xb3\xda_\xf7:R\x8d*\x97\x06\xb7CL\x1e\x7fJp\xfcr\xc4\x8b-\x18\xf5\x0c\xea\xf8\xdc\xf8\x92\xa7\xe1\x06H\x0c\xd7\xe0\xc5:^x\xb8\x90\x00\xe6\x1d8\xc5\x8fl\x1b\xa4\\9\xeb\xc1\xde-A\x84j\xf2iw(@\xf92\xc8X\xcc\x8c\xa5\xc6\xa0>\x9f8\xaby\x1f\x8c\xb3\xf2\xa4\xf7\xdc\xda\n|W\x0c\xde\x85\xea!\x85\xa1\xf7\xff\xca"\xd9\xa7&\xca\xcb\x02\xe2<\x9c\x9f\xc8\xb7\xb8\xf2\x96H\xb4\xce\x8fp\xaf\xf6\xec\xde*\xc7\x8a2{\xe81\xf8F\x17Q\xc3)\xbd\xebN\x8e@\xe52_\xb1&{\xe5\xbe\x07\x15.\x87\xa7\x84p\xa3H\x97\xd2P\xef\xc1\xef\x8f\xf6\xf3k \xc0,}\x06\x86$$aZ/h\xe2\x99\x83\x95\x91\x1ar\xe0}\x820\xb2\xed\xaa\x1d\x8e\x93\x02\x1b\x10A\xda\xbe\xa8\x90gZ\x1b\xa50\x85\xda\x1bH\xd8\xa6}\xf4\x0e\xd7\xc5\x07\x93=\xff\ny\xa1\x81\xe0g\xa0\xb4s\xb7\xe2/M}{\x9f\x7fj}<\xf0jhj\xb9\t\xd3 \xddl&\xa0y\x8d\xcaW\xa4F\xe6p\x1aT\x89\xfc\xbb\x98\xd5\xcbv\x8b\x1c\x9cG\xb9\xf6\xd4y\x99d3\xea\xe0\xfc\xb1\xfa{`\xd6c\x13L\xb0\xef\x88\x803\x15\xf9"\xb9\xa0&G#\xe7y\x97\xec1\xd0Y\xe2&\xf1\xb2Wd\x83j|\xb9&\xe3i\x9b\xc1\xd6l~\x94\x91"\xfe:\xfd~j2\xe8fM\x9d\x07\x14\xa6\xe5U04\x83x\x84\x80\x1a*\xa8.k\xc5\x19\xfa\x82\x08H\x00l\xef\x82\xd5\xa1\x83\xe2\xec\xd2\xa2\xfe<\xda\xc3\x89\\\xff\xc1\x830\xccmC\xfcwWF\xfb\x05\xe8\tm+4\x18\xce\xf0[+|o\xea\xfe%jY\xa5 \xef5\xe8\x17\xcf\xf1\x8ah\xe6\xd5l\r.\x90j\xac\xec7\x8a\xf3\x1c\xe3\xaea\xb4\x00#x\xdb\xaa\x7f\xf5.7\xecj$\xd7\xf1\x18\'\xbcz\xbdc\xb7\x89\n<\xb6U\x14WA\x88+`\x1f\x97w\xc4K\x9a\x08\x16\xc9\xdd\x056\xea\xde\xf9A\xe4.\xb73\xd5{\xdc\xc1(\n\x18u\xe9\xe5\xb57\x8f`"%\xc3P^\xb9\xd4\x89x\xf8\x0f\xafB\x10\x94P|\x96fcc\xe3\x88\x82pr\xcb\x8e\x87\xd1\xb0\xf3?\\t\xc4\xdc\xcdvo),\xfd\xc6/\x16\x88\xe7\x07&m\xbb\x9f/\x9a\xea\xb1\x9cu[h2\x8a\xe4\x85O\xcd*`O\xc7j,\x02\xc2\x9d\x85\xcao\x1d\xaf\xea\xf8]\x9ed\xc3\x04\xfb\x90\xc4e\x9f\xf1\xa0]\\\x95}w\xbb\xf0\xe3\r\rad\xbf;\xcd>\xa4\x9f$1!\xaf\x97\x8a\t\xe7\x8d\xf0\n\xb9\xe1\xc3sW\xb4\x97\x8d\xf0\\\xec\xf9\x82\xeb\x1a\xa8YA7zLI\xee\xdc\xfe\xf6Q\x97_#i\xcf\xbd\xc6\xcc\xf0\xd0\xcdJwc\xa1h}"\xa3\xf0f\x0f\xcb\xb6d85l\x884\xe2\x06T\xe1\xc9\x10\x04\xe9\x95hNG\xcd[\xe8Thm\xd3\xafl}\x0f\x85\x98y! \xd9\xba\xcd\x8cj\xfb\x8c(R\xbfA\xf3\xfdx\x9fl\xa3\x85A?\xb3\xb7dO9\x85MxM\x94m\xf42\xe7\xdf\xa5\xef\xf1+^j\xb0\xc3&\xd75\xc8\xd5\xd5\x0f\x01\'\xfdQl2B"GE\xcc\xd5\x12\'s\x87\x9bC\x17\x82\x05\xff_Qa\xafIV\xcc\xa2\x02\xa1egt\x07\t\x84\xae\xdfT3\xe8\xaf\x1d\x94"H\x86\xdd\x0b\xfc\x114\x88\x01Ho\xc9\x9a\xbe\xf6\x15\x87\'\x80\xfeF\xc6`\xe7\xc1W4\xce\x0en}\x82\xa2`\r2\xb7\x9a\x07\x16e\xe7\xc49\xc6\xc2\x87\x05s\x19\x8e\x91i\xae\xca\xb7\xc8$\x17\x14\xd7O\x9ap\xecc\xdd\x1f\x84XJp\x9d\xdd\x00\x0e\xf4\xcb\x93@\xa1\x96j\xda\xe5\x9d\xc9&\x1cC\x8c\x06?\xf4\xea\xfb\xb7$y\xcc\x93\xfb`K1\xc9H\xb1\x97@\xa3\xf4\xd6k(nn\n,\x01\x07\xad\xbf\xcc\x89\xcf\x85[\x85L\x98x\x08A\x01I\xa8x\xd3\xddb.H\x19\xc9\xc7X2\xd9Y\x12\xc2\x8b\xfe\x87<C$[\xc6\x153\x84\x9d\x05c7\x96\xe3\xafG\xd0\x99\x86P\xde\x9d[\x0b\xb6\x13\xf8\x9bF\xc562A\x07\x15(\x97\x10.\x17\x9a\xcf\x9b\xa9g9\x99\xea!;\x87\xa5 ,(\x7f\x8f\xfd\xab=!\xf5:\x04\xd5.\xa4&wM\x19\x9at\x03\xea\xcd\x14/\xdf\xd0\xa56\xd7`T\x9a\x80h\xa3\xf2\x9a\xba\x92\xd4q\xa3dm6:\xf4\xde\xe1\xae\x05`;\xcc\x95k\xfa\x1d\x10\xdb\x14\xa3sY\'\xd2\xb7R\t\xf9\x8f#\xf5c\xb0P\xe5\x8d\xd5\x0c\xd3\xd8\x9c\xa3\x0c\xa5e^6.V$\x0eBRY\xf0\xd0\x9d\x94\xaa\x96a\xc5\x85fb\xa7<(46\xb5$$H\x1a\xe1c\x13\xd4\xa8\x1e\x9c\xe0@d3W\xc4-&$\xcfn\x18\xea]\xadw\xd6|\x19FG\r\xf7r\xfcBa|G\xdd\xc6\xb8\x98\x06g\xb1bpwr=rv}f\xc1j\xf5\xe3vvG\xe7\xe7\xce2o`\t\x8f,\xed%\x91\x17\x14mA\xf2?\xb4\x04V\xa1w\xee\x02\xffb!\x1e\xbd\xa0\xde\xfbP\xd81\x01\x05\x8a2Fm]/3\'\xc9\xda\xb59\x88_\xe3D\xb0\x82\x92\x9cW%z\x9b\xbd_\xd0\x992?S\xd7\x99\xf6b\x8ea\xfa\x9azUK\x90\xccy\xe6y\x1c\x91\xa7\xa6\xb5\xb1\x87\xea:\xc1x\xafpg$V\x82\x16\xa5m\xbf5\xd9\xc6\x80\xab\\\x9ctw\x80\xac\x01\xd5\xc8\x8b.\x0b\xa7I\xd5\xdc\xbaE\xe3G#\xb6\xder?F\xd1\xe2H\x00\xf5\xa0\xfag\x1a\xc0\xf1\x11\xd4h\xb4\x0b\xd2\xf0\xc9d\xcf\x05N$\xc1\xfaO\xd4\\8d\xe1@1\x01\xaeA:H~+@\x9a2\xbe\xcam\x8cq\x9a\xbb\x86\xac\xf2.\x14\x08\\\xcc\x89\xe9\x18\xad\xb0\x18\xe7\xd9\xa0\xd4|\xa6\xab\x1fU7\xa7\x8a\xe5\x9a\xf4\xc8\x9eH\x10o\xf6\x12\xf2\xe8o\x80\xfe\xe3\x08\xd3\xaeo\xa4vX\xe7\xfe\xdc\x1a\xce\x8f\xe0\xb11h\xcb\xb0\n\xf9\x11M \x04`.\xbfP\xb1\x88]\xc9\xfe\x99(<P~\xc0\xb7\xed\xbci\x82\x93\xf9\t\x02 ^X\x0c\x94\x9fd\x1e=\x0c\x9c\xa53X[3I\xf1\xd5X\xc5\xd4\x8f\xb3\xed}\xd7S\xd3(\xf7\x91m\xd1\x92\xa0\xd5\xc2!\xcd\xf45\xa2\\\x17d3\x80u\x83\x9caB\x7fX\xeed\xfc5\x9ebd\x1c\xe4\x8d^\x08/\xe7\x1b|\xd1\xda`t-^$\xd0\x03\x87\xccE\xd5\xa30\xd6\x9a\xc96\xa7\x7f \x8da\xfdV[\xe1\x8c\x99Sd\xc7={-#e\x8e\x17\xb6Z\x1e\xef\xcf\x8dEQ,\x88p\x9e\xd6\xf4:L\x92\x8cN\xcdW\xc7l\xab\x87w\xf4\xce\x03D\x15\x1d\xf1\xd8\x10{\xf0b*x@\xbb\xec\xc8\x84m-l\xc5uD\x01\x97\xaf\x91\xdb\x9b\xc4~\xcf\xfc\xe8j\x9b~\x17\xf5\x89\xcb\xb9\xe5\x84\x17\x1c\x9b\x90\xd50\x1f_\xcer\xd5a\x92\xdc\xb7\x97\xb3.$\x9b\xd4\xde{\rHE\xe7\xefQ\xdc\xf7\xf6\x93\x85\xe2\xb1\xb7\xdb\xd1\x14\x99s\xffBQ\xe0\xa7 \x03(r\xe9\xc7\t\xdfK\x963\x84V\xe1\xcd\xec/L\x81\x91\xd5\xe3\xf9{\x8a|\x07/O\'i\x8a4`\xfbU\xd8\xc0\xc7\x04\xe0Y\xa8)\xe4\x83T\x04\x0e\x89\xb4\xee\xc2m\xc9*\xaeRR\xb9zc\xd0<\xb1\x9c^hF:\xddE=T\x0f\xee\xca\xee/\xc3EHo9\xb4\x897\xfbIw\xb0G?b\x9a\x94\xb6\xf2\xbd\x7fp\x9b\x82\x14\x86\xa7t\xdf\xa3\xe8\xbb\xc1\x93X\xb0{|\xa3F\xde\xba\x8d\xd9\xd8w\xd1\x9e\xf6F\x14\xff\xb9<\xa05T\xe1\xb5\xf6\xae\xc7:\x8fN\x08\r\x97g\x12L\x8c@\x86\x93\xf7r\xa5\xec\xaf\xee\x8a\x87\x10.\xf4l\xf9\xda\xec\x13\x1a\x80\xab1\x947\xfc\\i\xfb\x02\xe4\x0e\xdd5\xd3A\xad\xf9K\x04ny}=\xbf\xb8\xf9T\xc1\x07\xde*\t{\xc8\xf0k\xd8\r\x14\xc4\xad\x97\xc9t\xbd\xdc\xcd\xfb\xba\xbe\x91g\x0b\xb9\xd7\xe8M\x80\xfe$\xa0\x8eb\t\xaa\xa5(\xc3\xa1no\x7f\xb1\xf9\x03\xcf\x9fo\xe8\xeb\xb6\x16\x86\x98\x8d\xcd\xdd\xbc\xb4\xa1!\xfb\xcakKa\x9f\xc7~|\x87\xa1\xca\x06\xf4\x8eT\x19\xd8\xdc\xfcb\x0cS\x9d\x02\xca\xb3\xe62\x10 \x05\xf9#\x8e\xe4\xda\xc1\x14\xc8\tL\xff\x9c\x98\xf4\xe6\x11_\x9f\xe2\xf1T\xcd\x13Q2\xc5L\xe7\xbcZj\xe4\x1b\x0f\xd1\xd5Z\xf0\xdfd4$h\xd0]\xf0\x92\x88C\xaa\xed\xc8\x02\x1d\x99.zH\xad\xd6\xb8K\xdec\xf1R\xcc\xd6V\xe3\x1d\xf1\xfd%\xf7]ky\xec\xfa\x1f\x9d\xff\x08\x94\xcbb\xdb\xad\x85\xa2\xa0J\xdeR\r\x87\x13\xe3\xa3\x9c\x0b\xd2\x88B\'hG.\x16fx\xc6\xe1y\x8b\x11{S\x02\r\xe9\x99\xf6\xd6\xafr\xa9^ \x19A\xe0\tk\xcb\x8d\x98\xe7\xfa\xe8\r\x00\xaa\xc1\xf1;\x90CE9W,\n\xaa\xf6\xaa6q\x02\x19fS?i"\xc0QQ\xc3\xdb\xf0\x15\x1ef|Y\xd04\x9a\xb8A=\xd2\xb3\x10\x05\xb0\xee\xa0\xcb@>\xee\x89g\xef\xd4\x01\xdc\xf6\x03\xe2o\x1e\xf9\x0e\x88\x86cD\xcb\xe0o\x1c 7\nO\xd1\x8b\x1e\xdcm\x08p\xb1\x94\xdby/\xae\x9b\x1f\xc3\x80W\x04)\xc5k\x08\x85]\x8d\x1f\x08\xe1\xdbDWhv\xd0P\x88\x96\xd2D#v\xfdO\r\xbd,&%\x92\xb3\xb6\xf2\xbb\xe0\x7f\twU4\xa5\xf0\xce\xd1U\x8e\x14\xde\xb8\x16\x9f\xd7\xefc\xce+\x0fV\xb6~\xc5\xceN\xc7%A\x1b\x88\xb6q\xe6\xa4\xc7*\x91\xf3q\x99I\xf5\x99Y\xf8,\xfe\x06\xfcn\xd2L\x1aB\xc5\x10\xf3>\xbd\x92\xe8\xc2\xcb\x8f|\xe2\xe5\xab\xcd*/0?\xa7\x0e&\x9e\xbb\x1bB#r\xfa\xc9\x9e\xa5\xb0\\\xc6\x1a\xa1\x87O/\xdd\x95\xd7(c\xe0\xbd\x87\x8f.\t\x89\\J\x87\xf6\xf4\x85\xe8\xc1\xcf5\x9akq_\xbd\xc4\xaa\x15\xd6,\\\'\xf3>\x19\x1f\xd7"\x10\x891|\x9c\xc1hl\x83=\xb1=24\xf3h\xde'
tbI624
I0
F0
tb.