# time 	 divergence 	 # of mutations 	 # IGC chances 	 IGC length 	 # IGC failures 	 Changes due to IGC  	 % change due to IGC 
0.0	0.0122699386503	0	0	0	0	0	0.0
0.00448884781173	0.0143149284254	1	0	0	0	0	0.0
0.00564874467302	0.0163599182004	2	0	0	0	0	0.0
0.0112615297859	0.0184049079755	3	0	0	0	0	0.0
0.018153300321	0.0204498977505	4	0	0	0	0	0.0
0.0185947419183	0.0204498977505	4	1	3	0	0	0.0
0.0206666299966	0.0204498977505	5	1	3	0	0	0.0
0.0211452115326	0.0224948875256	6	1	3	0	0	0.0
0.0276753947043	0.0245398773006	7	1	3	0	0	0.0
0.0284679853332	0.0265848670757	8	1	3	0	0	0.0
0.0310512755261	0.0286298568507	9	1	3	0	0	0.0
0.0321519854479	0.0306748466258	10	1	3	0	0	0.0
0.0323049428853	0.0286298568507	10	2	5	0	1	0.0909090909091
0.0327496457092	0.0286298568507	10	3	3	0	1	0.0909090909091
0.0334524575697	0.0265848670757	10	4	25	0	2	0.166666666667
0.0435491149233	0.0286298568507	11	4	25	0	2	0.153846153846
0.0473360655255	0.0306748466258	12	4	25	0	2	0.142857142857
0.0503289916959	0.0306748466258	12	5	31	0	2	0.142857142857
0.0515833425188	0.0286298568507	12	6	2	0	3	0.2
0.0522989677749	0.0306748466258	13	6	2	0	3	0.1875
0.0550209378315	0.0286298568507	13	7	15	0	4	0.235294117647
0.0556122141971	0.0306748466258	14	7	15	0	4	0.222222222222
0.0564036065025	0.0306748466258	14	8	2	0	4	0.222222222222
0.0566415037456	0.0327198364008	15	8	2	0	4	0.210526315789
0.0642888391831	0.0347648261759	16	8	2	0	4	0.2
0.0649363975879	0.0368098159509	17	8	2	0	4	0.190476190476
0.0688675144111	0.038854805726	18	8	2	0	4	0.181818181818
0.0798735680813	0.040899795501	19	8	2	0	4	0.173913043478
0.0834476989369	0.038854805726	20	8	2	0	4	0.166666666667
0.086911493292	0.040899795501	21	8	2	0	4	0.16
0.0885929864131	0.040899795501	21	9	1	0	4	0.16
0.0904815645023	0.0429447852761	22	9	1	0	4	0.153846153846
0.0912536780502	0.0449897750511	23	9	1	0	4	0.148148148148
0.0924377420419	0.0470347648262	24	9	1	0	4	0.142857142857
0.0938424544628	0.0490797546012	25	9	1	0	4	0.137931034483
0.0948244375673	0.0511247443763	26	9	1	0	4	0.133333333333
0.0962967799836	0.0531697341513	27	9	1	0	4	0.129032258065
0.0977842483576	0.0531697341513	27	10	26	0	4	0.129032258065
0.0980817603605	0.0511247443763	27	11	6	0	5	0.15625
0.0993567696674	0.0531697341513	28	11	6	0	5	0.151515151515
0.102026876155	0.0552147239264	29	11	6	0	5	0.147058823529
0.104013651925	0.0572597137014	30	11	6	0	5	0.142857142857
0.106951303203	0.0593047034765	31	11	6	0	5	0.138888888889
0.109361459228	0.0572597137014	31	12	7	0	6	0.162162162162
0.115023406107	0.0552147239264	31	13	3	0	7	0.184210526316
0.119533834061	0.0572597137014	32	13	3	0	7	0.179487179487
0.121795017627	0.0593047034765	33	13	3	0	7	0.175
0.122459254187	0.0613496932515	34	13	3	0	7	0.170731707317
0.123931106529	0.0633946830266	35	13	3	0	7	0.166666666667
0.12796032316	0.0654396728016	36	13	3	0	7	0.162790697674
0.129097755996	0.0654396728016	36	14	5	0	7	0.162790697674
0.129525782259	0.0674846625767	37	14	5	0	7	0.159090909091
0.130938390119	0.0674846625767	37	15	2	0	7	0.159090909091
0.133257587203	0.0695296523517	38	15	2	0	7	0.155555555556
0.134427770308	0.0715746421268	39	15	2	0	7	0.152173913043
0.135230479043	0.0736196319018	40	15	2	0	7	0.148936170213
0.136775936962	0.0756646216769	41	15	2	0	7	0.145833333333
0.138284625376	0.0756646216769	42	15	2	0	7	0.142857142857
0.140363834467	0.0777096114519	43	15	2	0	7	0.14
0.140781948708	0.079754601227	44	15	2	0	7	0.137254901961
0.140987253181	0.081799591002	45	15	2	0	7	0.134615384615
0.143362495435	0.081799591002	45	16	4	0	7	0.134615384615
0.144341293822	0.0838445807771	46	16	4	0	7	0.132075471698
0.147229490991	0.079754601227	46	17	13	0	9	0.163636363636
0.147998091115	0.0777096114519	46	18	6	0	10	0.178571428571
0.148094030478	0.079754601227	47	18	6	0	10	0.175438596491
0.148103810345	0.081799591002	48	18	6	0	10	0.172413793103
0.149714084111	0.0838445807771	49	18	6	0	10	0.169491525424
0.151991174238	0.081799591002	50	18	6	0	10	0.166666666667
0.152928268448	0.0838445807771	51	18	6	0	10	0.16393442623
0.154574508112	0.0858895705521	52	18	6	0	10	0.161290322581
0.157741742787	0.0879345603272	53	18	6	0	10	0.15873015873
0.160051755492	0.0858895705521	54	18	6	0	10	0.15625
0.164438022178	0.0838445807771	55	18	6	0	10	0.153846153846
0.165855381005	0.0858895705521	56	18	6	0	10	0.151515151515
0.167502825143	0.0879345603272	57	18	6	0	10	0.149253731343
0.167793326232	0.0899795501022	58	18	6	0	10	0.147058823529
0.174080117873	0.0899795501022	58	19	8	0	10	0.147058823529
0.174749459106	0.0920245398773	59	19	8	0	10	0.144927536232
0.175507956156	0.0920245398773	59	20	15	0	10	0.144927536232
0.178051841725	0.0940695296524	60	20	15	0	10	0.142857142857
0.180142557255	0.0961145194274	61	20	15	0	10	0.140845070423
0.180345701082	0.0940695296524	61	21	14	0	11	0.152777777778
0.188049385959	0.0961145194274	62	21	14	0	11	0.150684931507
0.188696095127	0.0981595092025	63	21	14	0	11	0.148648648649
0.189209767179	0.0981595092025	63	22	1	0	11	0.148648648649
0.19245464378	0.0899795501022	63	23	28	0	15	0.192307692308
0.199338182147	0.0858895705521	63	24	6	0	17	0.2125
0.200209889594	0.0879345603272	64	24	6	0	17	0.20987654321
0.20252806897	0.0899795501022	65	24	6	0	17	0.207317073171
0.204102265477	0.0920245398773	66	24	6	0	17	0.204819277108
0.207199735164	0.0899795501022	66	25	7	0	18	0.214285714286
0.207384188619	0.0920245398773	67	25	7	0	18	0.211764705882
0.207746138754	0.0940695296524	68	25	7	0	18	0.209302325581
0.208968944963	0.0961145194274	69	25	7	0	18	0.206896551724
