# time 	 divergence 	 # of mutations 	 # IGC chances 	 IGC length 	 # IGC failures 	 Changes due to IGC  	 % change due to IGC 
0.0	0.0940695296524	0	0	0	0	0	0.0
0.000625567697732	0.0961145194274	1	0	0	0	0	0.0
0.00119476700144	0.0940695296524	1	1	5	0	1	0.5
0.00417290081036	0.0961145194274	2	1	5	0	1	0.333333333333
0.00728022785967	0.0981595092025	3	1	5	0	1	0.25
0.0147605138732	0.100204498978	4	1	5	0	1	0.2
0.0158111664435	0.102249488753	5	1	5	0	1	0.166666666667
0.0163567589828	0.104294478528	6	1	5	0	1	0.142857142857
0.0193375652057	0.104294478528	6	2	2	0	1	0.142857142857
0.0200802157499	0.106339468303	7	2	2	0	1	0.125
0.0234341990425	0.108384458078	8	2	2	0	1	0.111111111111
0.0258014941627	0.110429447853	9	2	2	0	1	0.1
0.0260120931014	0.108384458078	10	2	2	0	1	0.0909090909091
0.0275534576158	0.106339468303	11	2	2	0	1	0.0833333333333
0.0323254093633	0.108384458078	12	2	2	0	1	0.0769230769231
0.0369043937621	0.110429447853	13	2	2	0	1	0.0714285714286
0.0376532763112	0.112474437628	14	2	2	0	1	0.0666666666667
0.0421554417975	0.110429447853	15	2	2	0	1	0.0625
0.0463562699798	0.112474437628	16	2	2	0	1	0.0588235294118
0.0493510457011	0.108384458078	16	3	12	0	3	0.157894736842
0.0499891417292	0.106339468303	17	3	12	0	3	0.15
0.0522344460126	0.108384458078	18	3	12	0	3	0.142857142857
0.0536907465862	0.108384458078	18	4	2	0	3	0.142857142857
0.0542471616933	0.110429447853	19	4	2	0	3	0.136363636364
0.0570239551701	0.112474437628	20	4	2	0	3	0.130434782609
0.0580725223932	0.114519427403	21	4	2	0	3	0.125
