cnumpy.random
__RandomState_ctor
p1
(tRp2
(S'MT19937'
p3
cnumpy.core.multiarray
_reconstruct
p4
(cnumpy
ndarray
p5
(I0
tS'b'
tRp6
(I1
(I624
tcnumpy
dtype
p7
(S'u4'
I0
I1
tRp8
(I3
S'<'
NNNI-1
I-1
I0
tbI00
S'\xa8\x0cJ\xd7\xce\xf1\x07\xca\xa9\xf6\xf2\xc7\xc3DR`\x19\xc9l\x06!\x89\xa9\xdc\xd0y\xe3C\x1f5?\x1fl+8\r\x19MZ\xcc\x1bt\xe83\xf4\x9b\xff~\x85\xa2\xf9U\x01\xfec\xfdF8\x96\xf5\x90\x1f\x9a\xb3O\x8bl9y\xf9\x88]\xecnkIO\x8d\x00W~\xf4\x00\x01\xb0\x8a\x1e\x94\xe8K?\\\x02\xfe\x1e\xb3\xe2KNy\xf1\x9c\xa1\xcdA\'\xaf\xaeg\x1608;\xf2\xd1g\x14-\xe6\x89\xee\xe5\x07\xf7\xfcqTfV\xb9\x89\r7\x10\x12\xb2_EWv;\xe6g\xff,\xcb\xf2\xe6s\x15B\xca\xcdB\xec\xff2|\xf1\x96\xfb!\xd2\xda#\x02\xdc\xb4BG\x1f\xc6|\x84\xa3c\xa3\xf1\xbd\xd3\xa9\xc0\xa0\x9f\x8b\xa7\xb8g\xea&R\x95Gu\x9e4\x13]\x938a\xda\x04\xbc\xdf\xc9\xb4\x11\xf0\xf2\x88\xd9\xac\xb8\xdd\xbe7\xfd\xb6Hc\xd6\xab7\xdc\xbb\x87\xe7\xca\x96I\x99J>\xee\xe9\xcf\x08HE(\xc0\xd2\x93\xcbch-\xca"\xcd\xc1\\\x0e\xcbe\x91\xdb\xd4\x9bJ\x88oY\x94x\x19\xc5\xf2\x95\x99\xd6b\xd8\xd9\x9ay`\x14t\xa5\x98J\x93\x96\xd4\x94\xa5sR\x9ev\xf1\x87!p\x11j\x10.\xb2\xa1l\x08R\x82\xbf\xf9&\xd3\xd8\xaabt(\x7fI\x94\xbb8\x01\xdf;\xed\xee\x86\xbcPw8u.\xb4\x02w\x16\'\xdcL\x84\x08]\xf5\x92\x04\n\xa4\xf7:q\xeav\x16v\x9cC\xcdO\xe1\xea[\xca\xa1\x03\xf5\xb8\x82\x03\xfb$\xab\xa3\x9f\xff\x19\x9e\xbc\x85/\x84\xa7>\xfc\xdfj1\x1eby{\xd9\xefB`"\xa6*\te\x9a\xf4]\xca\xb3Gk<F\x06\xb4c\xa0B\xdb\xad+h\xf1&\t\xce\xe9\xc2\xf7S\xc96m\xcb\x9fg\x0c\x1f\xad\xbd\x9bm\x01Y\xe3#\xf5|\x9bD\x81~\xc9&,\x13\x92\x98\x08\x9aD$\xad\x16\x11\x94\x81\xf4\xe8\xd5\x8f`&A\xb8r\xa9\xb6x\x992+\xffq\xf1\xc27l\xb2X\x1f,\xdd}y\xcf\x91p\xfd\x04\x02N\xd5\x0c\x85\x03\xbdC\x96?\xe2%D\x90\xf6}\xdc0a\xf8\x1d\xae\x00h\x82\x80\x18\xef\xe9\r\x81\xbd\xb6\xf1u\x97\x06\x1aB\x02\x8ad\xf2\x81V\xc2d\xeb\xa7\xad\xcc\xcc\xd0W\xb4\xa6\xff\xa5hM\xcey\x99\x9b)\x192H\xc4\x0f[(&\x8eh\xe5}v\x8e\x16j\xc0{\xebQ\xf4\xd1\xd4\xc8<aUi\xbb\xf0\x8d\xac\xa7T\x13\xad\xa7\xe8\xd1\x99\xbf\n\xfd\xe4\xf2\xebI-x\xb6\x99\xe7\xde\x9e\x80\xaf\x0f sD\xc2u\xad\xa9\xfaX~\xb19\xe2\xec\'\xfc\x1b\x94\x94lo\xe6\xa5)\xce\x9a\x11\x8d\xba\x9f\xe8\xe66\xa3\x95\x11\x18\xe4\xfa\x93e\xda=\x8bZ\xb09\xfa\xc3\xc4\xa5\xf0\xa3N\xcfq\x99\xc4\x01\xb9\x84\x81\x9f\xf5\x13\x93\xa4\xbf\xc9\xe7I\x01\xffcYO\xda\xceK\xb8\xe9z\xec\x0c^\xa7\xa2\xd1\x94i\tYfhA\xc0\x87\x80Yk\xbf\x11#\xba\xfaK\r\xc1\xba\xaf\xb0\xa9\xa6\xaa:\xa7\xcd"\x16`[qB\xece\x7f)\xa2\xf2+\x87\'^\x08\xcfA\xe5\xbc\x9b\x07\xcd\xae\xbfM\xb0\xa9#\xf4\xad\xe69\xe4\x928\xed\xce\x01iq\xc3\xf7\xfc\xd72\x9a\xe3\xc0\x07\xb6\x81\x0e\xabvzNj"\x17~\x89\xfb\xe0I\xef]E>\x87O$\n\xa4k\x95\xad\xc3\xb1\xa8\xe0\x05+\x07\x99\xc8TN3\xb1\xbf\r\xbab\xcb\xc7\x16\x86\xdf2.\x90[\xe5\x0f\xb9j"\x14\xe4i3\x1e\xcb\xa8\xabYyth\x9f[\x84\xa6\xd9\xbd\x9bZ\x98\xac\x11\xc2\x85{\x87n\xa7L\x832e\xdc\x12>]\x04\xc05\xb2n{/p\xe4\xd2\x88\xee\x8c\xf3/\x07\xce\x15\xb1\x88q\xc2Lcj\x8e\x95\x90\x8e5\n\xfa#b\xf8\x8b\x9d\xc9@\\8,\x8e\xac\x1f\x17\xa3]\xbe\x16\xad,N\xbcP\x9d\xee/Y\xb2\x17\x05\x976\'\x10\xf8S\x98A\x1b\x1e\xae\xd0y\xb0\xb0l\xae\x8c;-\xd2[\x95\xb6\x8e\x9b\xc0^D\xccm\xa0\x90\xf4e\x14\xbd\x14\x88Aw\xb7\xfb\xb1F\xd2Y{\xcb\'\xfe\xa6\xd9\x81lm\xf8@|\xcadx\xd6\xa7`v\x9a\xab\xba\xba\xe9Ry\x1c\x04\x91; \xd7\xa5\xdbL\xba(\xa9\xd9\x1c\x19\x0c^P\xe3\xd7\xc2\xa9\x12\xe7\x0c\xafVf\xc1\xce\xa9I}\xb9\x84\x9f\xf1\xca)\xef\x86\xa6\xb8\'\xef\x1a\xba\xb8q8\xbev\xf5\x04\xcf\xc6\xa7\xb3\x95*\xd4\x9a\x894\xd2D\x9a\xd1\x83}~\xe8\xeb\xf9\x06\xe1\xfd\xa6\x1bL2C\xa2\xdc\xae\xf0\xbbi\x9e\x91\x02\xe9\xe0\xba\xc4\xd6\x86\x14^\xeb\xe9h\x9d\x9c\x85TxF\x97\xa4\x8c\xe9\x1d(a\xf3v!\x07\xb1\x0f\xf6d{\xa0\x0b\xecz$\x80\xdf\xb8T\xa5\x8a\xe9\xa5>5/\xf7\xc1\xe3=\xdb\x91=\xd8BDV{\xcbw\xd28\xb8\x13\xc2\xe8\xbd\r[\xc6\xbd\x99\xb9<\xabt\x07Q\xb8\xedOV\xb4V\xb2f<\xc0\xeff\x92I\xf5-\xe3\x88\xe5\x13\x80\x89)i\xbc\xbf\xe93\xde\xd1S6?\x03\x02\xa1\x81\x08\xba\xd3\x0c\xd8g\x84\x14U\xbfMa_\xb9Z\x17,\r\xca.\r(\x0e\x15|\xe7\xcd4\x96*\x82\xc6q\x12\xca\xa9\xd1-\xb8\xe2%\x15\xac\xc7*\xc4\tFr\x931&\xba\x8f\xf4\x96\x9e\xda\x06\x9f\x87E\x9b\xe5q\xf9\xcfX\x83+\'\x07\x8bY+J~\xa2w\xe0~\x9c\x85\xf6\xe5\x87\x87\xb2@\t\xdd\x825yYR=[\x85\xeb\xab1\x1a3\x86\x0c\xd9\xd6\xa64[\x8b\x1c?\xa6J0\t\x84`\x1d3\xecR.T\x18\xd6\xf2?\xaa\xbf6_/\xdbj^\x9fTv9\xcb\xcd\x1ez\x96)\x85\x86\x91\x1d3P\xc2\xd1\xd6\xe0\x10\xbb\n\xde2\xfd\xbe,\x9bE\xd2\x10\x9e\xc8_\x1bv\xa4(Q%\x99\xee\x9c\x858\xb9[\xa4\xc4Z\x85\x0b]\xd4%\x0fh\xe6^\x06\xd0\xdf$\xeb\x08\xab\xd76&t\xa6\xd2\xf3\xb5\xd58\x1e\x8cG\x9d\x11\xf1\xdbR\xabL\x04:I:\x0e[\x04\x8c\x80\xf7\xfd\r\x15\x88~\xce\xfbC?\xbd\xe1\xf4\x15\xae\x1cj\xa37\xefdGiXv\xff,E[i\xf9\x06\x95T\x1b\xa4FZ\xb8J\xba\x82)q.\xf3|RKGv\xd5\x11\xa1\xec\x19\xa5aV\x81z\xa0\x14,\xa3\x19\xb0\r fbP\x91bIM [\x0ehB\xf9d\xe7\xa1p\xc4\xe9\xec|\xba~o\x14vZ\x96S\x8al\x83C\xafuH\x1f\xea=\x07f\xca\xadmqMT\xc2\xa6\x80T\xc6\x03\r$\x86\xbe\xcd\x9b\xbb\xff\xd8\xd2d\xd9\xf3=B\xcf\x90\xc9\xbc\xfb;\xaf\x19m\xc0\xb5\xe2\x14\xc5\xf6\x9eT\xbf\xfa\xce\x15\x08\xaa\'?\x18/\xf0\x08_#hE \x18\xcc\x80\x98/\xb1{\xb7\xe6\xf0\t_\x17\xf5\xa4B\xdd\xcb\xdeS\xb2\xb2\xa05P\xe3\xe6\xc4\xaa\x96\x9e\xa9\xa1\x99\xfa\xf6$\x19$\xc3\xe1j\x9f\x1a\xf6\xa7\xb8\xa1 6w\xfb\x97K\x95:kXY)CJ\x1d\nz\x17t\xe4\x0c\xadXn\x1bq\xa8\xf7Y\n\xf7*\xea\xe7n\x1c\x91J\xb1[W\x19\xae@2W\xec]Tgiw4Z\xa9\xe3\xda\xc5is\x9a\xf6\x91\xc7\xd8\xf3\x8e\xfa\x05\xdb\xfc\xf8\xbeVzJ\x15\x1d\x98\xfc\xb8\x9d\xf4\xaf\xc1\x04\xde1\xe9\xbc\xda)\xfb\x05\xa5z\xe0\n\n\x98j<\x05\x07\xd0\xd71\xe9\xe9\xf3\xd9\xbc\xa8]\xd3\x91\xaaI\x1d\x83#\xf9J\xc2\xc0\x9e|/\x85\xe5\x12\x99\xf4\xe3\xd8\xdb<*GKg\xdb\xbe!D\x0e\x0b\xf4\xca\xa18\xcf\x83{5\xaa\x1a"\x8d\xb8D\x8e\xff\xa6DZ\x87\x10UG"\xdc\x89\xb8\xcd\n\xaeZ\x91\xf41\x0e\xca\xc0\xe5\x0bg!\rhQd\xdb\xf4o\xbb\xdf\xf1i\xcf~&\xb1j\xe0\x7f\xbc\x97"Q\x9d\x02g\xd9Z>\xf8\x9b\x04t\xe4\xe5\x1d6j\xbf~\xba\x89\xbe\x15Jv\xb3\x8c{L\xf9\xaf\xec\xba\xbf\x1d\xaa\xb0\xc6I\x15\xd4\x1a\xd1q?\x1a>\xe1\x82\xcd\xea\xff\xbdc\xa8\x7f\x13\xfa\xa6k/\xb8\x15\xddv\xe1\xd1c\xec\x7f\x96\x13\x1f\xc5rt\xa10\xfe7I\xf8\x9d\x12uf\x97\x81\xba\x88;5\t\'l%I\x93a\xc1\xadQ\x18V-\xf7NU,\xc2\x10:\xca\x90q\x03\x01\xa08\x7f\x10\xc4/\xab[\xf8|E<\xb1|j\x82\xcd\x0e3\xc89\x13\xc7[\xe9\xc9~\xee@S\x9f\x07\x08\x02\x83\xe5\xdf\x9a_>l\x1e\xe5\xbf\xba\xbb\xad\x06+\xc9\x11[\xb1z\x9a/@\xd5)\xd7\xb1\xcc\x02\x86\xbf"\xb6\x8b\x94oM\x1b\xc7\x95\x9a\x80\x11\xafrDy\xc4@\x80\xe4\xef9,a\xd2\x0bw7\x88\xfcp\xb1\x11~\xa2e\xf1\x0bLj\x01X\x161\x06\xe9.\xf5\xe7\x9eP\xa0\x15\x99N\xb7\x16\x7f#s~\xf7*jw\x04\x0f\xe8\x15t\xa8\xba\xbc\xd9\xa5\xda\x0b\r\x16;\x83i\nW\x1f\x9b\x96-a_\xeed\xff\x97\x98\xb6\x0eC\xbcY\xe2\xf3\xdcBx\x9e\xde0\xcc\x1a\x8e\x8e$\x04b\xc9a\x07`\xe2\xccl\xd3\x1f\x15\xc9|\xce\r1d\xcc \xc5\xd0\xc0\xaf\x94\x06w\x94\x06W\xbc\x9cWlS\x07\xbbc\xf6\xc7\x0f^!\x04\x94\x98\x9a(j\x9c_m\x82\xe8\xc0b\xbe\xaa$\xb4\xc2d\x06\xce.\xb4?>\x99\xf7\xb9o=7\x89\xd7)\x95\xb9C\x00\xa4/`\x85\x1f\xa3\x1f\x8e4\x02\x07_\x08\xfc}\x1b\x82\xb7X.\xbd\x96\x85o\x11\xe8\xb7G=\xd8\xa19\xa98\x81\x8c\xdaq\xa9\x9a\xd5A!\x99\x14\xb0\x04\xc5\x05\x11\xc7\xaf\xb0\xe9Y\r\xde\xc1?\x02m\xd4\x88\xae@\xb5\x98wmkGG|\x0eD\x8e\xdd\x0e\xa6\x93\x8c\xe3q&\xa3\x0bZH\x9f\xf4N\xcc\xc1\x81n\x9d0\xdf\xbf;;\xca\xa1N\xf9\x8b\xf7XdQ\xa3\xaa\x12\x18\x85\xad\x87}\x8e[\xdd\xc9%5\x97\n\xd7Oe~I\\\xa6\xe2\x9b\x91\x9a\xebb\x06\xde\x0c\\p\xa6\xc1\x0e5\x93\xf4\xbb\x8c\xaf\xcf\xa8\xc5\tB\xc8\ng\xd2\xe1V\x9b\x9b\x8f\x91B\x86*\xeb\x9e*\xf7\xf0\x05\xaa\xaf\xef\x06\x17\xe2\x12) l\xb9\'\r\xefT\x87\xa3tn\xc3\x1f\xdbeDe\xc6\xbe\x88n!C\x83m\x1a\xb7\xa7\x11\xe9hX\xe0\x91\xe6t\xe7\x84&\xc6\xdc\x1f\xf9rN\x12\t\xa6\xda\xdf'
tbI624
I0
F0
tb.