cnumpy.random
__RandomState_ctor
p1
(tRp2
(S'MT19937'
p3
cnumpy.core.multiarray
_reconstruct
p4
(cnumpy
ndarray
p5
(I0
tS'b'
tRp6
(I1
(I624
tcnumpy
dtype
p7
(S'u4'
I0
I1
tRp8
(I3
S'<'
NNNI-1
I-1
I0
tbI00
S'\x97\xf3Z\xfc\xb8\x9b\xee\xc3\xf9\xddf\x966\xc2\xbcp\xcc\x96>\xbe\xcavq\x00\xe8\xa6\xe8\xee\xc20\xcd@\xb3\x93\\\xc2\xc7\xb5O\xba\xec\xcekcf\xa8\xc06\xd8Lp\xa5\xc8\xa2\x1e1\xc2=\xba6D\xe24z;\xe1\t\x986\x8e\xd1\x01\n\x9aj\xd8\x0c\xbc\xba\xee\xb1..\x02\xea\xcd\xe6\xba\xd1\xc8\xba\xc5O\xb7 c9@\xb4-\x84S\xa1y \x8f+\xb7@d\x85\x19w\xf0\xc9\x86\xfd\x081\x03\x84-I\xd4\x97OZ%\xc7r\x00\\\xad\xcb\xe0:2\x9e\xb3\x94\xa2\xec4Y9\xafq\x17^\xe3~\xe9b\xcb\xbeH(\xe7\xdf\xa4\'\x9e\x1a%\x84m\x92\xafT\x17\xd7\xc1@\x01FI\xc1H\xf1\x05Y\xf7L\x07\xe6\xdb+fk\x91\xed\xed(\xc2\x9c\xc5\xa9\xa3\xda\xf7}s\xb3gtf\x95C}\x8b\xa0\xe3\xc3\x89\x0f\xb6\xa6\n|\xc2\xd6\\\x02e\x1e\xfcL\xfc\xb3|J\xf9)\x8a\x86\xca\x01\xef\xb8}\x84\xf5\x1bf\xc0\xcd\x90\x8a\x96+\xecQ\x1dr\xeeW\x08:\xe6\x0b\x12/\x88+e\x0c\x0ehv}tv\x99\xe40:\x92\x8dZ\xcc\xdb\x92\x16\xf17A\xcd\xb0K\xde^N\x1c\xaa0(\xc9S@\x11\xb0R{\x88H[\xfc\x92\xfc\xd8\xee\xa0\xc7\x1d\xca^@\x98W0\x1e\xac\x04\xc4!7\xa50\xef\xe6~\x11v\xb6\x10H\xce\x16\x15\x16\xbd\xa1\xd1\xd2\xfalC\xc7\x01\x83\xd6(\x13\xae\x8dC)x\xc1\xc5\x17er&\x7f(COy\xdcih\'L\xf6\x9b\xe5\x9c}\xa6_\x83\x16\x160\xf3;\x9c\x89\xe0\xb2v\xc7\x98b\xd3\x9e\xbfd-d~?:\x11~\x18\x98\x9f\xeem\x9a.\xd3\xd6m(k\x16\xe5.\x8b\xbc\xe5\xbfpz\xe7\x84\xd2\x05\x82)\xcc\t\x88\x0e\x84;\xc2\xe0\xb8\x99V\\\x83\x05\xfbLio\xf93\xafv;G 6\xcd\x82\xf1\xea\x8e\xcdM8\xcc\x113\xe6\xf8\x1e\x90\t\x1dX\x8em=*\x9d\x98\x10\x8e\xbe^;\x82%}\xbb\xbb\x05\xa5u\xa4<\xa8\xb9\xf1\x1c\xc1\x13X\xc4\x84_\xb3\x0c\xd4\xd2\rB\x0e\x80\xd3\xe9\xd51\xf3\xfc\n>\x0f\x12\xc7\xe6\xf8\x1c+V\x11\xb1\x01\xc5k\x90\x02F\xd3`\xf4\xfcA\x9e\x93\xf7\xe2\xb2\x96\xc4\xb6\x1f\x7f1C\x05\x94\xa3\x1b\xd8\xd5\x05\x92\x11\xf6\x8f\x85;R\x94\x98\x13\rl\x89;\xf5\xcb\x88\x9dJL\xdcI\n`\xea \xbdX\x8f\x04\xafs.\xf4\x19\xad-VR6\x93\xbf\xda\xa4E\xec\xe4\xf7t\xbc\xc5\xf1\x03r\xe3\xc3H\\l4\xf1]\xd4\xee\x8c$)[\xa2O\xac\x17m\x95\xa2\xe5\xf7\xf2=S\x8e\x07\x13a\x86\x1e\x87\x19]\x81`\x820\xb2D*\xc5\x8e5b\x01\xd6\r\x80Ia~k\x8frM\x14\xa8`\x1f\xecR\xd9\xd0\r9\x06n\x7f8;\xc2\x12\x9d`\t)V\xec\x15\xdaADP\t%\xb3\x16\x7f\x97\xde\x8euq\x1a+z\x05\xb9+\xc9\xa1W\x98\x82Du\x0cKop@a\xad\x9f\xaf\xca\x14\xc1\xd6\x81\x81Y\x7f`\xa0\xd0\x13;\xe2\x83w\x9f\x1b\x9e\x7f\x04K+\xe5i\x0b\xb6}\x9d\x8b\x13`\xa6\xde[Z\xe8\xc5\x98\x8eLc\xe3Q\xf6\xc4\x91\xf2\xe6\xd6\x1c\xbb8CB\x96$rU\xa7H\xf8K=\xf3\x07E\x8a\xd6\xdce\xd1\x9c^\xb2\xa2\t\xa7<A\x0f#\xcc^\xe0X\x0e/eKUi\x1d\x15=<y\xe8\x1bm\xb7\xbb\x99\x95LI0\xc7\x97\xaa\x95\xb9t\xc0\x82\x15\xe0\x18\xb8\xe5\xda\xb5N\xbc \xda^\x9d\xc0W\xc87\xcc\xd3\x8b\xbd\x01\x10\xc8N\xa4\xbdh\xea\xa6QJ9\xd9VRg\x19\x96\x0e\x8dA\x14JI\x8d\xac\xe2\xa8H~8\xed\x1af\x8e\x9b\x97b\xe02*>g0\xb1\xc7{ 4\xcbX\xa6\x0e\xb4\xc7\x07 /A\x18\x1f\xd0\x0c\xceU\x88O\xb16R\xf9r\xde\xa3`\xdffr\xaa\x0e"\xe8\xb3Ec\x95\x89\xa1\xb63\x94g\x1a\xf3f\x8a\xacgM\xbcN\x82\xf7\x99\xcd\x93A\xc5\xaa\x84h\xb0)\xee\xbc\xe78\xd4\xbc\xe0S^#\xed\xa8ij\xb97>Ey\x06z\x07\xf9K3\xe7\xfb\xbf\xaa\xe8\t\xcc\x7f\xf0iip\xb9\x93\x86\xc2\xf0\x00\x07`\x11\x11\x9a\x7f\xd0\xcbF\xbc\t\xb0\x137\xc4I\x82+\xfe\x0e&<\x9a\xf8v\x0e\xd6\x9a\xc8~\xc24.R\x1e4gh\x92\xc2\xeb)\t\x018\xfa\x9a\xe8\x1ctH\x13m\x861\xaeS\xb4 A\xc02]\x17\xfa\xec\x92\xe4\x978\xba\x97\xe7~\x90\x95\xf7\x955rz\xde\xda\xa3\xbe;v\xac\xe90\xb6\'e\x87\xbbrj\x8f\xb8\x86x\xe9Cw\n\xbc\xd1B\xf3\xcf\x81\xc8i\xfb\'!\x97\x056\x1a\xe9\x16mf\xa2\xc3\xd8\xaf\xc7\xc6r\xc1#2lr\xacFN\x03/\x17\xea\xd0&\xa9\xca~\xc3\n;\xb7<a\xe5FQ\xd9\xecI5\xe3\xc2\x89\x98\xf9<s\x82B\x9f\x817\xed\x1a\x1e\x9e\xc6UJ!,\x948\xa6Y\xf2\x0e\xfc\x92R\xe0\x1b\xde\xfc\xe8\x12p\x9c2\x99#\x0f<<"\xae\xc4\x10as\x88\x98\x07dw\xb6\xafDK\x89G:\xa7\xe1\x96\x97\xe3\x04\xa2\x85\x1e\xbac\xe8_\x10\x04Gag\x87\x89\x01H<\x91\x8d\x11\xcd\xf4\x99\x97\xf7i\xbc\xec~0\xe6\xeap1\xae\xb6y\xf6\xf3N\xf0\r\xe0\xa6Gt\xc1\xec\xa0\xb1\xcb\xb0\x07P9\x19s\x07\xf1\xa0\xf0\xd2\xdfhbZ_*\x87\x88z\xb9\xca\xb3\x1dn\xc6`-\xc9\x93\x97%\xaf\xc2\xe2\xc2\xe3;6ut8a\xec\xd9\xf6K\x17\x8f\x11\xb9;\xc2\xe5#C_<*.\xa8.P\x16*"s\x89\xce\xb2\x83\x98^\xdb\x8e\xa5Px\xf3d\x82\x91#\x1bdE\xbc\xb668\xa3\x99L\xe3b\x94\xe5<\xbe\x86F\x04\x17w\xd4\xf2\xea\t\x85\xddP#\x1cS\xb7\xc0\x99F\xc6h[\xad`\xe6\xe93\xee\x13\xc7u/,\xf5]1\xa8\xb4\xa0,\xee5P8\x9fFPfKFU9\xd2\x9a\xbb\x895\xa0\x1f\xe8\x8c\x14x\xee\x88YN,~G\x1aC{\x12\xeb\x98\xe33\x92Yd\x94\x95\xaf\xd24\xe5\xcf\x19f\xabN\'t\x9d.\xa4\xd1$\xdct~\x84\xf2\xc018\x16*mu|.\xe7"\x8ci\x9f\xd0~L\xc1\xa4\xb5\xf0\xcf\x1a\x05\x98o\x9c?\xad\xf7\xed\x81\xd2\xc6`\x81\x04\xd6E\xael\xff\x8b\xd2v\x8a\x0c\xc4\xddly^KM-h\x98\xcd\x99\xad\xd9M\xc1\xfd\xe2\xabB\x03~^T0\xc1\xbb\\3\xc3{@!\x9du.\x08\x89.q]\xc4\xd0\x0e\xf3\x88#GC\xdcB\xa66\x93%q)\x1fQ\xea\xf2\x1cR\x19\xd9p\x17\xc0\x19\xce\xf0\x88\xc1@\x04:\xf3\\\\qf\x8d`\x96\xe3\xeb\x84\x7f\xe5f\xa2\\\x7f0\xc07\xa0\xb8[\xec\'\'-B\n\xa11\xf8\x84\x90\xce\xdf\xb8\xba\xa6\xed\xca\xb8\r;\x16\xb1C:\xb5\xb0\xc3\xdf\x9f\xbfq\x80g=\xb47\xeb\xd2,\x8e\x968u\xe0\x19[rO\x1b\xce\xdb\xe6Wj\x0bw\xf7g\x7fR9\xec\x1e\x82\x85\xb1\x00\x8c\xb7W\xb1\x04\x7f\xd0\xfb8k\x92/\x12\xea\xbe\x9f\xe0|R6\xbfHm\xa3\xad\xaa\r\x17A\x82\n\xf8\x8d)\xfaS\x8a\xf5n\xd0%Q\xc1\x1bKP\xd3-\xfd\xc6\xf0\x94g\xa4\xc0\xc4\xef\xea8\xc2?Q\xa6\xf8\x03d-f\x87+\x86}\xfc\x16\x8c\xa4\x06MR\xdc\xe6]\x84.3\x17\xea\x95n\x15\xb0\x823yj\xd0h\r\x1e\x91\x14\x8c\x1b]#\ta\x12nW\xb3\xc0P\xeb\t\xd7\x1f+\xb1\x9b\xd5\xf4W\xb3p;Ma\x83\xd5\x05\xbc\xc9\xb6\xfe:\x04n\x91\xa3\x08Uk\xcb\x0c\xc6\x91^\xa5n\x10\xf6\x91\x94F|\x11\xe3\xc5|\xf7\x89\xa9&\xf2M\xce_\xa7~\x0fM\xeb\xf0\x7fSv$av\x1c\x04\x1a|\x9a\xaa\x81\x01\xbe\xd5\xae%\x94\x1b\xf7&\xd5gZ$\xa2\xd1\xf7\x18G\xba\x06uv\\\xe8\xe5%\xc4\xef\\\xecj_\xe4\x0e56N\x06\xa0(\x16\xc5 \xeb\xae\xdf\xb2\xfdT\xc1\xdc\xf7\xc7\xb0\xc9\xa3MU\xc4J\xaf\xe6\xd4\'?\xcd\xe1\xe6Z\x8b\xd1O\xf7\xb4\xfc\xfabg3\x8c%\xca%\x14P\xccx[\xb4\\/\xe4w\x16\xb4t\xecml\x0c%\x01?\xfe\xb8\xf1\x1a\xaf\xf4.7\x8d~"\x1f\xdby\xe1\x83z4Q)UL\xf2\xdd4\xab\xcdK/\x7f)*\x19P\x05\xa3\xb8-\xeae}\x05[@\x88\x19\x9a;\xee\x89\xc8\xaa0\xd5\xf8%\x9b\x1a\xd0v\x89R\\t\xcd\x93L\xcf\xd6\xc3\xbe\xbaP\xb5(\xc0d W\xc6NpWR\xaa\x13;S\xddu \xcdlf\xb2\xa3=-\x9f\x9e\x887\x97\xfe\xe7d`t7~\x97\xfe\xd4\xfe\x8aTy\xf1\xa2\x99\xb6\xcb\xe8\x1f\x19P\xe74\xde\ts\x17\x05\xdf%\x82/\xd6\xd2\x89\xf0\x1fJ\xa3\xce\x1d\xafif\xc65\xcb\x94\xa8\xd4\\\x98\xe7R_\xa5\x87\xc1v\xa4\xe6O\x82\xb6\xd8\x1c\x03jK\x12\xf8<\xf2\xb3\x7f\xe3\x18\xa5X\xa8\xbfU\xd9\x89\xbb\x00d!\x0b\xdedp\xc9M7\xff\xe6\xb3=\xf1\x00F@!m|\x8c6U\x83}\x92(S{\xff\x80\xa4\'\xea\xc8\x9c\xd3\x8c\x88\xb1~\xfb\x00\x9cQ\x9dh\xe4"\xba\xdc/%\x02-]\x0f\xe1*\xff\xba%\x10\x02l\x83\xf2\x9a\nc"\xbb\'O>5\xbe\xe8\xccY\x98\xd6s\xde\x95\x8b\x08\xda*\xe9&\xaa\xf3y\x1e>\x03\xe6\x0e\x94b}:\xbc\x18?\xe4\xab\x0c\\-\xaa\xbb\x81\n\xa2\xf1U\xdd\xc9m\x84Jd,\xefV\xbb@\x97C\x19\xf6\x8b\xfa\xa2jX\x98l\x85\xdf\xf5iq\xfe\xb3\xe3g\x90S\xb6=`\xb50\'F3C\x8e\xef\xcc\xd0d\x19hW\x9e{\x06\x9e?\xeb\x8e\xcfp4\xe3\x17\xb8+\xf5hOD\xc14\xfc\xb1\xbf\r\xa7\xe6\xc1$>B\xd0\x7f@\xb1 )=/O\x1a\xee\x17\xe0\xc5cp\xb3O\xf9\x88l`\xf0l\x7f\xf4\xc5\xb0\x8c\xee\x92\xff\xbcnyc\xd1\xa9\x8cb\xb0}\xc7\x84\xa9\xac\xf3\xe8\x8d\x13\x80\xefz\x98\x03\xdb6!\te\x10\xa3\x95\xaep\xe1\xc6\xc6na\x1eY9\xa0\xa0\xa4\x9a\xf9\xf4\x8eJl)\x84\xa6r\xaf\xf6\x1b\xc9~\x96\xcd'
tbI624
I0
F0
tb.