# time 	 divergence 	 # of mutations 	 # IGC chances 	 IGC length 	 # IGC failures 	 Changes due to IGC  	 % change due to IGC 
0.0	0.0	0	0	0	0	0	0.0
0.00224394779095	0.00204498977505	1	0	0	0	0	0.0
0.00709344035675	0.0040899795501	2	0	0	0	0	0.0
0.00804050355041	0.00613496932515	3	0	0	0	0	0.0
0.0183210951676	0.0081799591002	4	0	0	0	0	0.0
0.0189576056981	0.0102249488753	5	0	0	0	0	0.0
0.0192079713386	0.0122699386503	6	0	0	0	0	0.0
0.0230899899407	0.0143149284254	7	0	0	0	0	0.0
0.0325334969188	0.0163599182004	8	0	0	0	0	0.0
0.0360901239568	0.0184049079755	9	0	0	0	0	0.0
0.0376802774598	0.0204498977505	10	0	0	0	0	0.0
0.0378814006249	0.0224948875256	11	0	0	0	0	0.0
0.038352302097	0.0245398773006	12	0	0	0	0	0.0
0.0403361652712	0.0265848670757	13	0	0	0	0	0.0
0.0441543216308	0.0286298568507	14	0	0	0	0	0.0
0.0441983113212	0.0306748466258	15	0	0	0	0	0.0
0.0501948299725	0.0327198364008	16	0	0	0	0	0.0
0.0503723454194	0.0306748466258	17	0	0	0	0	0.0
0.0506500391984	0.0327198364008	18	0	0	0	0	0.0
0.0555661031115	0.0347648261759	19	0	0	0	0	0.0
0.0558688338979	0.0368098159509	20	0	0	0	0	0.0
0.0574012559471	0.038854805726	21	0	0	0	0	0.0
0.0580909579642	0.040899795501	22	0	0	0	0	0.0
0.0642390536373	0.038854805726	23	0	0	0	0	0.0
0.0652554151308	0.040899795501	24	0	0	0	0	0.0
0.066158323592	0.0429447852761	25	0	0	0	0	0.0
0.0695614662712	0.0449897750511	26	0	0	0	0	0.0
0.0699505429788	0.0470347648262	27	0	0	0	0	0.0
0.0757713153408	0.0449897750511	28	0	0	0	0	0.0
0.0769249174806	0.0470347648262	29	0	0	0	0	0.0
0.0792746981972	0.0490797546012	30	0	0	0	0	0.0
0.0799561903203	0.0511247443763	31	0	0	0	0	0.0
0.0824015836011	0.0531697341513	32	0	0	0	0	0.0
0.0831224482116	0.0552147239264	33	0	0	0	0	0.0
0.0833090439582	0.0572597137014	34	0	0	0	0	0.0
0.0836153489778	0.0593047034765	35	0	0	0	0	0.0
0.0945241262683	0.0613496932515	36	0	0	0	0	0.0
0.0961325657635	0.0593047034765	37	0	0	0	0	0.0
0.101374570087	0.0613496932515	38	0	0	0	0	0.0
0.102399979404	0.0633946830266	39	0	0	0	0	0.0
0.105248801991	0.0654396728016	40	0	0	0	0	0.0
0.107911373279	0.0674846625767	41	0	0	0	0	0.0
0.112246692649	0.0695296523517	42	0	0	0	0	0.0
0.112788567978	0.0715746421268	43	0	0	0	0	0.0
0.125598218094	0.0736196319018	44	0	0	0	0	0.0
0.126381767046	0.0756646216769	45	0	0	0	0	0.0
0.130712780604	0.0777096114519	46	0	0	0	0	0.0
0.131174925439	0.0756646216769	47	0	0	0	0	0.0
0.131661554201	0.0777096114519	48	0	0	0	0	0.0
0.133980824767	0.0756646216769	49	0	0	0	0	0.0
0.135594371715	0.0777096114519	50	0	0	0	0	0.0
0.137129736014	0.0756646216769	51	0	0	0	0	0.0
0.150094500736	0.0777096114519	52	0	0	0	0	0.0
0.152397550046	0.079754601227	53	0	0	0	0	0.0
0.172112706627	0.081799591002	54	0	0	0	0	0.0
0.173510613721	0.0838445807771	55	0	0	0	0	0.0
0.174016473542	0.0838445807771	56	0	0	0	0	0.0
0.174300689592	0.081799591002	57	0	0	0	0	0.0
0.174420930368	0.079754601227	58	0	0	0	0	0.0
0.177126755141	0.0777096114519	59	0	0	0	0	0.0
0.177635340784	0.079754601227	60	0	0	0	0	0.0
0.179109036387	0.081799591002	61	0	0	0	0	0.0
0.179533943111	0.0838445807771	62	0	0	0	0	0.0
0.181206899015	0.0858895705521	63	0	0	0	0	0.0
0.182875110618	0.0879345603272	64	0	0	0	0	0.0
0.183633209455	0.0899795501022	65	0	0	0	0	0.0
0.18555830604	0.0920245398773	66	0	0	0	0	0.0
0.18557246896	0.0940695296524	67	0	0	0	0	0.0
0.187856343739	0.0961145194274	68	0	0	0	0	0.0
0.188123246027	0.0981595092025	69	0	0	0	0	0.0
0.188957014841	0.100204498978	70	0	0	0	0	0.0
0.195330839512	0.0981595092025	71	0	0	0	0	0.0
0.196574996216	0.100204498978	72	0	0	0	0	0.0
0.19686353593	0.0981595092025	73	0	0	0	0	0.0
0.199491295229	0.100204498978	74	0	0	0	0	0.0
0.200305104146	0.102249488753	75	0	0	0	0	0.0
0.20913373057	0.100204498978	76	0	0	0	0	0.0
0.211930667769	0.102249488753	77	0	0	0	0	0.0
0.214431205904	0.104294478528	78	0	0	0	0	0.0
