# time 	 divergence 	 # of mutations 	 # IGC chances 	 IGC length 	 # IGC failures 	 Changes due to IGC  	 % change due to IGC 
0.0	0.118609406953	0	0	0	0	0	0.0
0.00131089610998	0.116564417178	1	0	0	0	0	0.0
0.00166451544539	0.116564417178	1	1	1	0	0	0.0
0.00184031443693	0.114519427403	1	2	1	0	1	0.5
0.00332768084388	0.112474437628	1	3	1	0	2	0.666666666667
0.00406414274084	0.112474437628	1	4	1	0	2	0.666666666667
0.00428153301019	0.112474437628	1	5	1	0	2	0.666666666667
0.00535027442506	0.114519427403	2	5	1	0	2	0.5
0.00730944668255	0.112474437628	3	5	1	0	2	0.4
0.009767419297	0.112474437628	3	6	1	0	2	0.4
0.0126809034443	0.114519427403	4	6	1	0	2	0.333333333333
0.0130177805795	0.114519427403	4	7	1	0	2	0.333333333333
0.0154891711988	0.112474437628	5	7	1	0	2	0.285714285714
0.0159915948226	0.114519427403	6	7	1	0	2	0.25
0.0191657543339	0.116564417178	7	7	1	0	2	0.222222222222
0.0196170149288	0.118609406953	8	7	1	0	2	0.2
0.0207004909054	0.118609406953	8	8	1	0	2	0.2
0.0209579522513	0.120654396728	9	8	1	0	2	0.181818181818
0.0214261709345	0.118609406953	10	8	1	0	2	0.166666666667
0.0232969985451	0.118609406953	10	9	1	0	2	0.166666666667
0.0242719069908	0.120654396728	11	9	1	0	2	0.153846153846
0.0251148182253	0.120654396728	11	10	1	0	2	0.153846153846
0.0261532710141	0.120654396728	11	11	1	0	2	0.153846153846
0.0283527556334	0.120654396728	11	12	1	0	2	0.153846153846
0.0298942203346	0.120654396728	12	12	1	0	2	0.142857142857
0.0300915100637	0.120654396728	12	13	1	0	2	0.142857142857
0.0311704150284	0.118609406953	13	13	1	0	2	0.133333333333
0.0377984950516	0.120654396728	14	13	1	0	2	0.125
0.0418307333981	0.120654396728	14	14	1	0	2	0.125
0.0425296528136	0.122699386503	15	14	1	0	2	0.117647058824
0.0459997337339	0.122699386503	15	15	1	0	2	0.117647058824
0.0474144020683	0.122699386503	15	16	1	0	2	0.117647058824
0.0482585883113	0.124744376278	16	16	1	0	2	0.111111111111
0.0485323487488	0.124744376278	16	17	1	0	2	0.111111111111
0.049165717458	0.124744376278	16	18	1	0	2	0.111111111111
0.0495552165931	0.126789366053	17	18	1	0	2	0.105263157895
0.0517001516123	0.126789366053	17	19	1	0	2	0.105263157895
0.0536075546701	0.126789366053	17	20	1	0	2	0.105263157895
0.0558682899959	0.126789366053	17	21	1	0	2	0.105263157895
