# time 	 divergence 	 # of mutations 	 # IGC chances 	 IGC length 	 # IGC failures 	 Changes due to IGC  	 % change due to IGC 
0.0	0.0143149284254	0	0	0	0	0	0.0
0.000217875620878	0.0163599182004	1	0	0	0	0	0.0
0.00266217083565	0.0184049079755	2	0	0	0	0	0.0
0.00359045892512	0.0204498977505	3	0	0	0	0	0.0
0.00529097580485	0.0224948875256	4	0	0	0	0	0.0
0.00543478128715	0.0245398773006	5	0	0	0	0	0.0
0.00562043164872	0.0265848670757	6	0	0	0	0	0.0
0.0170967289763	0.0286298568507	7	0	0	0	0	0.0
0.0177724074481	0.0122699386503	7	1	197	0	8	0.533333333333
0.0186103633741	0.0143149284254	8	1	197	0	8	0.5
0.0228976357937	0.0163599182004	9	1	197	0	8	0.470588235294
0.0278864179898	0.0184049079755	10	1	197	0	8	0.444444444444
0.029283025893	0.0204498977505	11	1	197	0	8	0.421052631579
0.0298070789488	0.0224948875256	12	1	197	0	8	0.4
0.0329708311828	0.0245398773006	13	1	197	0	8	0.380952380952
0.0355365366839	0.0265848670757	14	1	197	0	8	0.363636363636
0.0449682588121	0.0286298568507	15	1	197	0	8	0.347826086957
0.046116483683	0.0265848670757	16	1	197	0	8	0.333333333333
0.0493236867803	0.0286298568507	17	1	197	0	8	0.32
0.0539370891805	0.0306748466258	18	1	197	0	8	0.307692307692
0.0601125726165	0.0327198364008	19	1	197	0	8	0.296296296296
0.0606158957266	0.0347648261759	20	1	197	0	8	0.285714285714
0.0612217630461	0.0368098159509	21	1	197	0	8	0.275862068966
0.0785284065466	0.038854805726	22	1	197	0	8	0.266666666667
0.0785501154795	0.040899795501	23	1	197	0	8	0.258064516129
0.0803527799525	0.0429447852761	24	1	197	0	8	0.25
0.0860644582571	0.0449897750511	25	1	197	0	8	0.242424242424
0.0865714128198	0.0470347648262	26	1	197	0	8	0.235294117647
0.0905033127182	0.0490797546012	27	1	197	0	8	0.228571428571
0.0993782238956	0.0511247443763	28	1	197	0	8	0.222222222222
0.0995941933754	0.0531697341513	29	1	197	0	8	0.216216216216
0.103536914765	0.0552147239264	30	1	197	0	8	0.210526315789
0.105841804288	0.0572597137014	31	1	197	0	8	0.205128205128
0.108201160233	0.0593047034765	32	1	197	0	8	0.2
0.110926248866	0.0613496932515	33	1	197	0	8	0.19512195122
0.11307766583	0.0593047034765	34	1	197	0	8	0.190476190476
0.115392601196	0.0613496932515	35	1	197	0	8	0.186046511628
0.126268810363	0.0593047034765	36	1	197	0	8	0.181818181818
0.127595227505	0.0613496932515	37	1	197	0	8	0.177777777778
0.130068770868	0.0633946830266	38	1	197	0	8	0.173913043478
0.136053044629	0.0654396728016	39	1	197	0	8	0.170212765957
0.138448877893	0.0674846625767	40	1	197	0	8	0.166666666667
0.149926973093	0.0695296523517	41	1	197	0	8	0.163265306122
0.152403139316	0.0715746421268	42	1	197	0	8	0.16
0.153458437376	0.0736196319018	43	1	197	0	8	0.156862745098
0.156483360736	0.0756646216769	44	1	197	0	8	0.153846153846
0.157558454569	0.0777096114519	45	1	197	0	8	0.150943396226
0.15882347955	0.079754601227	46	1	197	0	8	0.148148148148
0.158885008616	0.081799591002	47	1	197	0	8	0.145454545455
0.161832688554	0.0838445807771	48	1	197	0	8	0.142857142857
0.165827742479	0.081799591002	49	1	197	0	8	0.140350877193
0.167495864035	0.0838445807771	50	1	197	0	8	0.137931034483
0.167962112321	0.0858895705521	51	1	197	0	8	0.135593220339
0.169109637779	0.0838445807771	52	1	197	0	8	0.133333333333
0.182340564622	0.0858895705521	53	1	197	0	8	0.131147540984
0.188663672132	0.0879345603272	54	1	197	0	8	0.129032258065
0.193977844125	0.0899795501022	55	1	197	0	8	0.126984126984
0.19926094118	0.0920245398773	56	1	197	0	8	0.125
0.200713699382	0.0940695296524	57	1	197	0	8	0.123076923077
0.201385009526	0.0920245398773	58	1	197	0	8	0.121212121212
0.201406839225	0.0940695296524	59	1	197	0	8	0.119402985075
0.205769305162	0.0961145194274	60	1	197	0	8	0.117647058824
0.208162613437	0.0981595092025	61	1	197	0	8	0.115942028986
0.208643628253	0.100204498978	62	1	197	0	8	0.114285714286
0.20894968604	0.102249488753	63	1	197	0	8	0.112676056338
