cnumpy.random
__RandomState_ctor
p1
(tRp2
(S'MT19937'
p3
cnumpy.core.multiarray
_reconstruct
p4
(cnumpy
ndarray
p5
(I0
tS'b'
tRp6
(I1
(I624
tcnumpy
dtype
p7
(S'u4'
I0
I1
tRp8
(I3
S'<'
NNNI-1
I-1
I0
tbI00
S'\x82\x8d\xdb\xba\x11]\n\x98\x9e\x98@w3a\xc0!+\xb4\xe8\xdd\x05\xbc\x0f\x96\xf3e\xb9^\x13\xbd\xa3AzYyx\xea\xc9\x11\x10^\x1em6 \x05\xed!\xd4\x1d(~\x98\xb8\x02\x10\xaa_\x91 .\xbb\xf5\xc4\x83\xf9n\xe5\x08\x95\xe7{\xb2\x078^\xe8!\xc3n\x8b_\x86\xec\xd8K\xd9C\xa3\xdd\x00\xde\x94`\xf8\x83EX\x0b\x08/\xfa\xc2nR\x0eD\x1cS\xeb\xf3\xb8Q\x9dj\x01\xc3\xd0~\x111k\xfeT\x11\x1586\x98\xd747+I.\xf2\xe3\xbex\x99\xc9\xa0\xd5\x92Gwh\xce\x14\xb5\xe83\x91?\'\x93\xdeW\xa5\r\x81\x93\xad\xd1\x07\xaa\x04\xaa\xb5E0&\x03\x05;\x07T\xa6\x8e\xe5\x96\n\xf3\xe3\xd2\xae\xc3\x11v6\xa8\xd2z\xc7\xd4j\xe0d\xd4\x01\x0b\xa8\xa6\x81\xb3\'>\xa4\xee\xdb\xb20<hxW\x01\xa9\xbc\x1bm\x8d\x0f\xfcs#r\xd5\x9c1\r\xfc\x1e-\x84~\xaa;L&\xc0\x0c\xe1\xfc\xc3a\xa7xk\xa4\'D\xda`\xc5Y\xd4\xbdZN\x88\xb0_To\xb2\xe0\x92\x81>)\xbdrJ\x88\x06\xc23\xdb\x0bJ:BH\xa7\x04K\xfd/\xb6\xf8\xd1\xcf\x84\x83\xf3\x93\r\x9e\xab$ \xf9,\xafmy\xd0\xcc\x8b\xa0\xef\xc7\xf2\xbcB~\xa5\xaf\xee\xeb8\x13]P\xf8\xad\xb5\xb0\xdd\x89\xb6c\xfe\x99\x02\x9a\x13S\x9d\xa0\xd1\x07_exUQ\x13\xe1Wl2N\xa9\xcb"\x14w\x0b\xd0$C\x9b\xb0\xd5\x85\x9eU\x93\xccL\x80W\x96\xe1\x12\x12\x0f\x85>\x1c\xd1\xa9R$^\xa8\x94\tLU\xaax%z\x07k\x15+\xc8\x16A\xc2\xa6\xdeig@V\xa4\x9794\xdf\x8b\xd7\xb3y\x17\xea\xc4\xa3\xbf|%T\xa3\xc6\x0f!\xb2\x19.xq-i\xe2\xea\xc9%z:1\xcb\x16\x8e\x079\x1505\xb7\xe1\x00wT\xbf\xbc\x8c$4E\x07\x17Vb\xe5\x9b\xc3t\xda\x0fZ\xe2$\xa7\xb0s#\xadt\xcaWY\xd5{I\xf3q\x08yr\xc6JL\xc4[M\xd6\t\x0e\x93\x96\'l\x0c\x81\xaf\xe2\x93\xbb\xb9p\xa7\x13\x95s\x89,\x9emgW\xd9\x08p\xcf\xb3\xdf\t?\xf9\xe6\x9c\xe5B\xf5\x96\xc4\xcb\\\xa5H\xac\xc5z\x06\xad\xae\xe6\xeb\xac\x11 s\xbf+\xb7\xc1(\x129S:lK\xf1r\xb8&\xe6N\xe1(D\xca\x19\x1c`6\x10)\xe9\xbc\xc7\xd8\xe9\xb4\x8a\nT\xb2\xaaJ\xff\xc8\x8aMbB\x9et(;\x17\xd5\x18.\x84\x87[\xe6pW\xa52[\x11\xcb\x12\xc6\x1e\xbe8\x0b\x90\xf5\xa0J@{e\t+\xb4r\x8cy \x93\xcf\xb2\xa9\x1a\x16U\r\x84M\xe4\x8a\xf9]e|x-\x0bd\xdaJ\xfb,\x0e\xe9\xa0\xacU\x9a\xbfV\xf2\x10\x93K\x84\xaf\x95\x84\xbem\x1c\x96\xed\x07\xe5\x0b\x83\x1d!\x86\x876H8[\xdf\x9c]1\x9c\x97\x8a\xb2\x8bf\xb8\xa5\xd9\x98\x8d\xc7\x8ak\xe0\x90\xa4@\xf8\x92F\xe1\xc4 \xd1\xe9.+\xc5;\xec%\x07 i+\xc6\xa4\x0b>4\x95W\xb6\xdc\xc4X\x91\xd4L\xd6\'\xb1Pw\xe5\xef\xa4o\x9fV\xa5\xdb\xdcM\xd4%\x01\xaa\xf0\n\xf9\xd3\xa1\xcc\xe4\x1b\x88b\xe6\xf9\xf1\x7f\xe6H\xd5H\xf7\xf7\x8f\xf0^\xdb\xb0\xf4\x1e\xa0\xf8\xd8\x08L60$(\xca*\xa4A\xdd\xe4\xaa12\x95\x01\xb9,?\x91\x0f\x10\xf7\x7f\xa9\xd7\xaf\x8b\x1aB\xe5\t\xc8\x12\x1b\xc2\x18\xf4Gf9\x8b\x86\xf9\xdc;+\xf2\xe5\x04\x88a\xfd\x82\xeb\xe8\x19\xad1\x86\xdc\xb0xRS\x0c\xbb-\xb0\xe9\xd5}?\xc1\xb5\xfd\x19\x16\x93\xc9\xc2\xa1"o\xe6\xdf\x13d\xe1F|0\x00\xe0{\x08\xf8\xe6\xe4\xa7\xb4-)\xcd)\xb8\xab\x89:\x19\xf6\x90\x00\xae\xc7\xd9\xa6\xb5\x7f\x9a\xbd00\xe2\xc1F\x84\xfc\x08Q(\x1a\x8eC\x97\xafQhM\x82\xd0\xdf\xc2-:\x16\xae\x14f\xf7\x17&\x16\xb4\xb8f\xa4D\xba\x96\x1a\x9c)\x8fL\xee\xdf\xecW\xd9E\xd4\xc3\x0c\x1c{\xec\xbf\x05\xbc\x1f/&\x1e/\xc2\xee\xde\x9f\xd5]\x14D\xe4\xbaV|\x13gIk\x08"\x15\x15\xc1+!\xc0*\x160*\xb1L\x00\x07\xd3l\xa5|YapeQ\x10\x844\xec2\xb3\xc5H\xc4\xb8\x97<\x05\x82\x07\xa9\xfd\x9f6\xb9\xc4\xeb\xba\xb0\xfb\xe0\x8c/U(Y\x9d\xf6\x13\x9e\xa6\xc3\xd7\x05\xa9\xe2\xd8/\x01"\xc6^]j!\x01\xee\xe8b~I\r\xa7\x10![k\n&;\xa7\x1f\xdb{\xec\\\x10s"N\xa0\x17D\x9d\xca(R\xcb\x99\xbc\x7f&u|\xde\x84gS\x88\xd5\xfd,\xdc\x15A2\x92\xc8\x0e\x88\xb1\x15\n\xa5i\xba\xa8\xf4xP\xf1PM\x7f e{\xbf\\\xe5\x838\xb4\xa6\xab\xbao\x81o\x9f\xf9\xb8\x8cS\x18\x1e6\x01\xe4,\xc3Jk\xdeN3+\x8a\x9e\xd7\xe4x\xa4\xd2D\xec"\xd9\xf9@\x0cr=p@`\xac\xd8\xd2\xf9\xeb9\x8f\x9b\xdc\xc0\xee&*=r\xf8\xb0\xbf\t\x9a\x8c\xa66\xec\x03\xb43\xf47\xdfl\x9b}\xf2\x85\n\xa3\xf0\xe8\xdf\xa5\xb7\x9d\x8aTu\xa4\xd1\xba\x04\xf1D\xb5\x1e\xbe\xb4&|\x14\xe4\x08.\x83]\x02\xa8\xa7Ti\x1f\xc9\'\x07\xe3;\xe4\xcb\n\xb9\xdaU:E]m\x8e$$\x1b\xf3\x86\x9e\x11TG\x9e\xbd$\xfc\xa0\x08\xa0g\xa1\x1a\xc2}\xff\xeb\xdd\x85~|\x12\xfe\xfd\x11\x85<&\x87\xef+\x07=\xdd\x16\x15\x85:\xf5I"=\xbfTA\t\xad\x9em\xf8\x8d\'\xefNRD,(\xc9%N\x9fw\xe8\xff\xed7Py\xee\x0c\xee\xd8\xc3\'\xf1\xfey\x9d&\xc2\xf5\x91,\x81!\xe0\xcf\xc0\x10\xf2\x99|\xfb\xdd\xfc\xf5S$\t]#,>\r\x89\xc1\xca\x10%\xf9|"lG.\xb0\xd6"[\x8bN\xad\xfb\xb6\t-\x16Q\xeac\x05D\xa0:c\xa0\x18\xa5\x12\x05\x96w\x0c\xec\x07n\xd2"\x98\x023\xae\x9a=\xff@\xdbi`\xbf*V\xd3\x0fx9\xe9\xaa0\xd65\xee\x86\'Od\x12\x98\x8c-\xd1\xae&7\x86\xcf\xce\x1a\xa2\x0c\x8c\n\xdd\xfbq+\xcd\xcc5\x18\xbf\xce\xa4\xa5\x8d\x1c\xcd\x18r\x96{\xe0\x0f\x1f\x87\xea\xa6\x9e\xb5\xa1\xefuPd_\xf5q\x8f\xa1\x16B\x95ZIf\x9e\xd93W\xaaa\x07"j\xd6\x89\x0f\xb9\x0f\xb91\xdf\xa5n\xa5}\xdc\xe4\xa7\xce\x03p\xeeB\xc0\xa6\x1dY\x8c\x9d\xd5SH\xfc\xcaON\xde<\xaa\x0c\xef,\xc2\x9dW\x9f\x1b\x8d\xf1\x81o\xfa\xf2-\x1e\x1f[M\xcc\x18LY}\xc6X\x1f\xab\xb1\xfbO:~\x17\x05\x87\xf2\xc7G\xcb\xbb\xccvZ\xf1\x9c\x8aK]\xc5G\x87usn\x824\x8a\x82\xe4*\r+&6+\xe6\x8a\xe6\xb1-8i\x1f/<\x1d=>\xba\xb9$\xd1q(6\'X6\xd1#\xee:6q\x85`\x04\xa5r^\\l\xe1|\x16\x07 \x99i\xf2\x96\xcc\xb3<Y\x84Lj\x12\x1d\xfaU\x9e\xd4\xe9Y\x15\xa0[\x8a\xd0}\x08\xd5\xca\xb8\xa37\x13\xad\xb5(\x9b\xa1\x07\x8e\x87\xd9)i.\xdc\xea1\xae\x9f\xbb?\x13\xfexs\xbf\x1e\x1a\xc9\xc90\xe8\x15=j\xe5B\x86^\xf4%\x1eC\xb8e\xb28/#\x10\x0f\xd6c\xc1\xc5\xbb\x11T\xf2a\xb0b;\x1d\xd4G\xa9\xb2\xb1\xdd\x01iH\xbb\x8eB\x93\xcdl\xd6N\xbaX\xf8\x83\x9b\x86d\xd26\x88(ENX}\xfc\x7fT\xc87\xb8\xa5\xde\t\xef&5\t\xd2X\xc24.\xc1Yu\xed\xd5*\xa7\\&~\x1b+\xc7K\x80\xfa\n\x1f\xd6\x18[\x83\xb3kE\xeei\x18}\xeb\x88J\xd5 \xa67\xd0\xa0B\xe5\x82\xc6\xfc}\xf2z.\x97\xba\x1e\xe9\xc0\xc1\xf6}\xdc\xe7\xd4\xea/\xdd\x9f`f[\xc7\x1fqj6\xa1\xa0\xe2\xfe\xbf\xd6\xe0\xa5Ai\x84}\x8fMYt\x9fD\x01\xae0\x0c\xf3{\xd6\xe3n\xb5\x9e\xd9%2\ro\x12\xcd6\x93h\xf6\xd0Y@\x13\xdfh\xcd\xee\xec\x86\x91\xc2\xcb+\xcc\xa49\x92\x8fI\x19?\x91\xdc/\xe4B\x12\xfc\xe0{(\xfd\x8aAO0v\\\xb5\x82D\xa1\xc3\xf0\x8c\xa4\xf4\x1e\xb6]\x8fu5;(C\x9a L\xe3\xe3\xc6\xaa\x18\xbb\xcc\xfe\x8b\x9c\x99\xddv\'D\x1a\x907q]\x94\xf6\x97$\x06\xe2\xb1\xf5\xeb\xf8\xe9\x7f\xa6\xe2\xff\x13\xbc\xf8\x0f\x93\x05\x99\x17\',\xad\x9f\x18\x0f\xae*\x05\xe0\x0b\r\xd1\xc3\x8c\x06\xc5\xd9\xca>m\x1f\xc5\x9c\xb8\xd7\xa20\xfcwiX\x03\x10`}\xae\x18\xef\xde\x1d\xe1\x97\xc6\x86\x01\x16\x06\xd7\x8f\x92\xafR\xce2\xcfJq\x95\xa0\xdf\xf9ax\x0f\xe2\x8e\x98I;\xe1\xc72}\xfd\xfd\xed~\xe7R\xf3\xf0\xde\xfb@`\xfb\x9a\x07j#\x9f\t\x9b\x15\x90\xb02\xa7d\xd9\xa6{P{\xa1k\xe2\r\xb2\x8a^\x0cR\xab\x9c\x19=\x81\r\x15\x89o\xa8\xf0IN\x9c\x94\xff\x0c\xba\xf3\xf8\x17\xe75\xf1\xe1\\\x8b5\x90+^(!f\x0e\xb4\x19\xe09\xe2(\x0c\xba\x85\xd6\xe1\xa6g\xe6[<\xebXIs\x97\x06\xf3\x08\xde\x1b\xfe\xd3$\x1dv-\xffhjI\xbc\xa0\xf3\x9f\x0c\xff\xb4\x07\xd3S\xc9\x93\xf4\xe7~\xfe*!\r\x85\x10(:\xac\x83\xdc\xb8_\x98z\\\x84\xbb\x0cc\xcb\xb4\xe4\xf3\xa0\xcb-\x1cu7#;\x94\xbfcQ*\xcd\x87\xa6\x1f;(T\xc5\xb9\xd5\xec*\xb3\xac\xa9[\x00vl-\xf0\xd4\x86d6\xfed\xa3y\x925\x14L\x1b\xb5\xe8\xbb\x86\xc7^\xee\xc0NCs\xaf\xe4j\xaa\xff\x82\x00\x8d\xe3\xae\xcd\x8d`Vo\xdaKU]Nw9\xba\xa9\xc0\x89qDf\xe7\xb4\xa5\x99\x90\xb6\xb7\xa8\xa5ex\xc1%\xc9\xcd\x04\xcdM\xed\xec-![\x86\x16\x97\xadw\x84\x9dS\xbe\x9f\xd7\x7f\xf2l\xdfk\xf5\x8e\x04\x84\x16\x99\xae7\xac\x96\x97&"\xd8\x0f\xa0S\xacI\xaa\xed\xa7\x85\xacX\xd5\x9d\x8bKle\xe8\n\x0eb\x9e\x97\xf8r-\xc9\xa3\xe9\x03\xc0\x9dx\x03\x11\x80\x1190\x04%\xc8\x86\xdd);\x91Uk\xca\x11h\xc3r&^@\xe8\x03\xd2g\xda\xaf\xbf\x81\xed\xcb\xde\x12w\x9a\xa5\xbb\x999\x10\x92\xf4\xb5\x026\xd4\n\xc8\xb1_\x0f\x81(\x84+F~9\x10'
tbI624
I0
F0
tb.