cnumpy.random
__RandomState_ctor
p1
(tRp2
(S'MT19937'
p3
cnumpy.core.multiarray
_reconstruct
p4
(cnumpy
ndarray
p5
(I0
tS'b'
tRp6
(I1
(I624
tcnumpy
dtype
p7
(S'u4'
I0
I1
tRp8
(I3
S'<'
NNNI-1
I-1
I0
tbI00
S'|^\xa5\x80\xea\x02\xfa\xc4\x15/\x96G\xe0\xa8\xae\x80/\xca\x8c\xcd\\\xf6!\xd8\xce\xca\xb9\x11\x8e}\xf9\xa5Ifh\xfe-\xf5hmHe\x1e\x01\x9fpt\xb1\xfa^C\x92B\x9b70\xe1\xbff\x80\xbb\x1a\x0e\xa3\xddw\xaf\xe2uV\xcfY?v+\x8e\xc2tw\xa3\xc5\x84\x80\x8cj\xefM\xe1\x8eMWt\xd1\x7f9]Q\xeeO\xf3\xe1\xbcF@\xeb\xcdVn3\xd2\xf3\x06\x84\xf5\xf7\xb27\xe9\xc1\x9eN]\xde\xebT\xba\xd3\xe0L\xd8\x91\xb1\xb5ya\xae\xc0\x05o<\x8b^\xaex\xa5\xeb-\x89+\xf8\x83(+\xe7L\x15\\[\x93A\xc5m\xf5\x07\xff\x17\xfb\xc3_\x99\xac\x0c\xf8g\x1c..\xf4O\xe2\xfaj\x9b\xa2\x7f<#\xc8\x8c\x93\x0f\xa3\x9d"\x87\x92\xac\x1f\x8a\xddg\xdd\xe1\xe0\xf3\x91t\x882\x07b\xdb\xab\x19}\x9a\xf9R\xee\xbaU\xd98gL<_\xf1\xe8\x80\x05\xfc\xff+"y4UA\x8fR$_\xd1\xaaQ|DDxS\xd1\xb5\xaa\x12\xd6*gI\xea\xe3\xf8\x82\xfe\xcc\xaexa\xd5h.zi4\xa5C`\x98\x08;\x9b\x9d\xec*Cnc\xdb=wQ\xbcI\xe4%\x94\xe1\x9d}T\xa5\x1e\x0c\xdd\xf1D\x82l.\xa0:\x9c\x1f\xee\xf7\xec\x06\xddc\xa9\x19\xa6d\x0fk\xa3\xce\xec\x17\x10.\t\xe0\xae\xb4\xca\x1b\xd8\\/\xfc8m\x81\x18Af\xfa\xeb!u\xc3iz$C\xd8\xfcWKi\x9d\x9b\xa4\xf8\nP>.\xc0\xd9\xdd=\xa3\xa7\xcb@\xc4\xca\x815\xa9<\'\xaf4\xfa\xd7\xc3lCw\xae\x15-\'0\x88h\x92\xea\xbe\xfc8t\xf9\x18\xfe\xb9\xe4\xd1\x9e\xe2C:\xe5"\xee\xc15\x15\x0bEP\xc00\x19!\x9a\xbaj\xd6\x99z\x9d\xdeA\x9d\xf2@\xa1@\xa6\xa8\xe5SVb2\x16T\xf8\xcc\x81\x83\x99K\x0fu\xbf\xb5\x04\x86\xe85=\x8fM\xeagO\xc3;:\x17\xa7\xd3b\xa4\x05\t\x17-%\xe4<?\x05\xf8+\xc1\xb4V\xae\x83\x94\x8eg\x0e\x0c\xc11n\x1a!Z\xf7\xd4\xd6 n\xbbtf\xbe\x83\x83\x8c\xa3\xacy\x0bw?D\xdc\x18\xbc\xc5nj<\xa8\xa8{*\x18\x11`\x99f\x9ci\x81:(\xceF\xff\x07jd$\x02\x16u,\x10\xc2\xa5B\xb4\x05c\xec\xde\xa7\xac\x08d\x17\xfe\x04\xa7\xa0\x8a\x1d`\xbbf\x7f.f\x0eqh\xd8\xe1\x87-\xa7\x1c\xc3\xd9\xec\x8a\xd1\x14\xe5Z9\x97K\x85:\x04\x0b4\xdeP\x9a\xe0\xa9\xb0|&\x17\xe72\xf3O\x01\x97]\xd5\xe9s\xde\xed\x8f:R\xbdYAD}tU\xf5\xcb\x01\xa5\x07^M\xeb\x80\xc3d8o\xe7F|\xa6\xa8\xb6\xbb\x94\xf8\xa0\xc9*\xf1DGW\xba\x90\xe8\x07c\x18\xe0\xbdua\xe3X\x7f!Z\xf9Z\xd9<I\x05\x1c\n\xdbr\xb8\xad\\\x9c\x81\x8d\xac\x18\x8dq\xbb\x9fN\xe2\n\xd8,~\x00\xc6\xa0\xf8\x0f\x84\xed\x1e\x8b\xf0\x1bNS\xc8\xbf\x10wW\xae[\x17{\xef\x83%\x13Y\xfb5=?\x99\x8c\xac*r\\X\xeb\\\x8f\x02\x972M\x016\x01\xecIt\xcc\xb4\xd3&\x86Q\xc6k\x85\x19\x9d\xb5\xd2\x0c\xc1\x923A\xd6\x924\x98{\xc7\xf1\xf4t\x13\x0c\x9bWT!\x12T\x1a\xe7\xda\\\xd0\xea\xd8i\xcd\x82\xf1\x8d-*\xbe\xd4N\xcaHH5\xd0\xe4\xfcN\xc0\x1a\xf8\x89\xd0\xc7V\xdc\xe6Y\xfa\xc4\xb2\xac\x195O\xb1\xf4\x194l9\xda\xfb@\xc8\xee\'@5\xf7\xe7F6\xa1\'\tV\xba\xdc\xb6J\xd2\xf2\x9b\xfbL\x08\xc2\xb0\x08\xa8\x1c\xe6B\xf6\x95ur,\xb3\x85\xf7\xc3\x9doB\x92mBc\xf3(I\xc2\x8b\x8c\xe7\x15\x99\x81\x89P_\x0b\xd8\xa2e\xd7\x84\xc4(\x05\x91\xb2\x08Z\xcaP\xca\xa0\x1d\xe7\xc4*\x10;Y~\x82\x11j\x12$P\xbe\xac\xb2\x88\x96\x14\xc7\x08\xf2\xbb\x95\xc5\xack(i\xe7$F\xe4K\x82+\xfb\rYc\x1b\xbb\x19\xbc7)\x83\xb7\x8d\x1eM3\x16f\xcd\xe8\xfdxMP\xab{\x89o?t\xba\x18\x0b\x18\xfb\x9d\xe9\x07\x8f\xc2\x1ew"\xa8\rnU\xe0\xab \x02\xafw\xf0\xd71\x1a\xc7\xd4\xb2z\xbbAm\x83\xee\n\xdd\xc4\x14]\x08\x0eav\xa8!\xb4\xca=\xc5\x11\xab:F\x83R\xc1p\x02a"\x89\xa0\x89\xe2\x97\xc4\xf1P\xeah\x16\xb4\xe1p\xc9L\xd9\xa2(R\x12\xce\xf1\xe4L\xe2\xa2\xe3\xc4H\xd2\xe5R\x07`\x17\x86\xc3\xd2lc\x03`w\xee\x9b\x14\xf4\xb2\xc7\xc6\xfe\xf3\x95\xc4\xcf\xdb\xe1on\xd3~R\xd2f\xa9,\tTvI\xfdG \x93\xf8\x1c(\xb6\x88<\x1a\x8fi\xa0\xd6\x8e\x8c\x8dB&y\xaa\xff\x9b&W\xb9\xf4\x9c\xc2\xb2\xfe+\xc5\xed\x96oL\xbf~\xab)z{\xb5\xab\xa3~,K\xe23\x1a|p%o\xb4[S`f\x1e\x139\xd0g\xf7\xea\xae\xc0\xe0\xd4\xba\x1d\xa2\x1c\x11\xa3\xb6+\x10\xb9\xb2\xc7\x10\xba:{\xf9\xd0\xfa\xd5\x136H\xc46(\xce\xac~ \x93\xca\xbeN\xad\x8d\xb6q\x13\xb2k\xce`\xfa\xae\x83\x1b\xd8\xea\x84\xe6\x14\x88W\xad\xcb\x80[\xb3\xde\x94\xa8\x8d\xf8;\xb2b\xc2\xf0^\xd4\x88\xab\xba\x86\xb4\xf7\x12\x7f10/)\x96\xda\xd4\x9f\x80\x8d\xf6V\xb1X3\xa0d\x8dOsc\xab\xa4J\xf1\x1f\xb8\xad\x80\xf7\xfc\xa54l\x96\x7fs\xc07\xcd\xff>s\xe8\xee\x97m\xc7>bt\xf9\x14\x15\xfd\x7f\xc5\x96fW\xdeJ\xb3T\xc43\x1d\x19\x1f\xb2\x06\x05\xe4\xcc#\x18<\tPT=,G\x04\x06\xe0\xab\xda\xea\xc1&\x8b\xe4\xfa\xec\xa4\xf0e\xb9\r?\xc0\x7f}\x99u\xaefx7E\xb4\x0b\xeb\xf5Z=#TJG.\xaec\xcb\xe9\xd9v\xa0\x00Vj\x04z\xa3\x80NYT\x8c\xd6\x07\xf9\xe6_\xb5q\xd0\xd6\xfaSj\xf6\x10\xd5\xf7\xd3K_\xe1\x07\xac)h]\xeb\x17\xd5;V[at7~\xb8\xa1\x93\xc0\x81\x0b\xe3\x8d\xfe`\x01\xed\x82\xe3\x86\xa6~\xe8\xd1\xa5\xb0S\x005\x81\xe9\xcbd\x16\x95\xe2\r\x872\xaavO?"\xdd\x10p3\'\xdd\x94\xefn_*IGA_/#\xc0\xe2\x17m\x11\xb8\xb9MdG\xc1\xb2(ZQ\xe4\xd3\xc5?$\t\x8e\x1aQ\xcb\x84r\x03\xe5(\\c\xac{\x01v\x85"\xd2Y\xe7\xa7\x14-$\x1b\xa5V\x02y\xd7\xc9w,\xb4s\xf3\x88E\xb56\xbf;\x90\xc3\xc0\xcc\xa52\xe3\xf3\xbd`\xacBh\x8fS=\x12\xf5FD\xee\x98`\xeau\xe9\xa8vU \xdap<\xc3#\xf4k\xd1\xcc4\x8ee3A\xf8\xc8\xea\xab[\xdfb\x8f\x819\xca\xd6\xb7\x90H\xcb\x9bPD\xa4\'\x19\xf0\x89\xb9\x8e1\xf3\x03\r\xe9\xa8\xcc\xf8_{b\xf0\x8c\xbeT\x04\xad3O\xde\x92\xb5\x1c\xcaK\x82\xb3\x15\xcd\xcc\x92\n\xd1`\x97^\x7fY\x08\x12\xecg>X\x16"\xc0cyp\xc3<"R\xfe\x80o\x8c\xff\xe7_\x07/or\x15\xba[\ra\xdb\x1a\xe7N\xd0R\x16r\x1b\x1aP\x13\xb2\xa2\xb6e\xc3&\xc8\x9d\x80\xd3!\x97</\\s\x83\x9b\x1aN\x17\xe3\x97\x92\x02\xdei\xe8\xc3\x16D\xdb\x9f\xfb$^E\xcak\x1a\\\xd3\x80&\xe1m\xff\xfdW\x04\xb3\xfb\x8b\xca[\xc8@{\xc4\xe0\xe4\x0f\x078\x19\x87\xc2\x8d\xa2\xb3\x1f\xe4\xb0\x04*\xfa]\xaev49\xbd\xea\xcdp8E\x9cP\x9fD\xc3\x01L\xafr\x1c\xcd\xc4\xe94Hq\xa5\x1e\x1c\x16;\x83\x13\xe2\xee1\xd3:\x8a\x19\x18\x9c(4\x92\x87/)\x80\x8f\x8cn\xdb&\x81\x90y\x87?Nk7\x02&:\x89U\x11s\xd8\x7fO\xb5\xd1@\xaf!,\xa5\xb2:Hk\xa8j\xd3r \xcd\xc9\x8d\xad\xd6\x0ba\xd1h\xfa\xca\xb6\xc6\x98\xbe\xfd*w\xf2\x98\xf1e\xc0c;\xc1mI"\xac\xd2\xae[@n\x9b\x04\x8e\x0e\x10rZy|u\x03\x1b\xcep8M\xbb\x04W\x13a\xcf\xff\xbbe\x1e\x00yFL\x9d~V{P\x01\xff\x1by\x872T\xbev\xf1\xefq\x85\x86\x96\xa9\xcf\x1a\x9c"+\xd2\xde\xda6\xba\xd9\x8e\xb2\xcb\xb9\xc2\x14\x9e"3d\x1e\xef\t\x96\x8a\x85\x8d\x1b\x92\xb1\xc9\x90\xbd\x0c\x11\xa7\x98\xe9y\x02E\xcc\xc0E\xc1\xd0\xceJZ\x1a\x08\xcfd\xa42\x07\x12\x8aN\xd3\xc3Z\xf3&\x13\xd6\x8b\x07>\xe7\x0f\xd2{~\xce\x82\x02e\xf7\x08\x8a\x93\xc9\xe0\xb1\xed|\x08In\x88\x15\x88\xd2\xa3g\xb3\xee\t\x16\xdfi\xd9T\xfa\x96\\\x8f\xdc\x84\xeb\xec]\x9aRq\x05f\xd1\xf1f%)zv\x18\x9b\xd2\x8c]g\xdd]Q\x1f\x91\xe4\xa7\x1b\xfd\xd9U\x89,\x8e\xa4`d\x92S3!C\x7fc\xec,\x9b\xad\xe0`\x88P}\xe1\xc3\xca\xf4\x9e \n\xe1\xdd[\xd0^\x9f\xd9O\xa3\xb1\x1d\xfeDv\xc4\xb2y\xf8\x11\x8e\xcd3}%\xe3\x91\x96\x05\x83%\xa1EG\xc6\xb1\x0cc\xfd\x12l\x0f\xd0\xbd\xfc\xb7\xe8\xc5Kp\xea\xbb2\x1b\xc46\xc1\xd2L\xf9\x87\x1a,\x02\xfa#\xe7\xbe\x11\xc1\xe7\xe2;\x99\xa0\x84s\xc9&h\xd9\x855\xd7\x952\xdeZ>\xa5\xbb\x16Xtf\x14\x96\x1f\xa6e\xea\x84\x82+>\xf0L\x00\xdb\xb2\x00\x8b\xb13\x9b?\xeb\xc89%\xb2\r1B\x11x\x85 X\xcc6L`\xa3\xed\x04\x13\xfbe`\xbe<9l\x07\xea\xbc\xd6\xca\xbe\xf6\xb8\xcb\x15Zv\x95\xcc\x1d\x99s\xc4\xad\xd6E\xbf\r.\x8e\xa3\xfabx\x1ar\x16*6%p\xb6\x15\xc8\xf8\xb7\xc9\xe6\xff\xf1$\x8a\xb0\xf1\x06\xfc\xd4\xbb\xac\'\xcb\xb3\xd6\xda\xd6\x8fy*\xcbK<\xb1\xed!\xd2C\'2yb[>\x04\x9d;G\xc0\xe1-U;\x07nX=`i\x84\xa3\xb5\x81\x00\xb6\x1f\xd1\x06?\xfdJ\xdf\x04A>\xfb\xc0\xdf\xf1\x93\x03X\x82\xb6\x02,\x16X\xd9C\x95\xfd\xc0\xee\xc9\xe3\xa6\xc6*\x1a\x8bF\x8f)(\x8a(\xf8"e\x1e+V}\xc4\xc1\xd7p:\xdcb\xe3\xad\xcf\x06\xc0\xa5!\xe9[\xf0\x94\xf3\xc6\x94\x9b\xff\xfd\xab\xb3\x95q\x8fz\x00j\xc7\xec\x91\xd0\t\x17 +%\xd0\xfc\x9b\xda\x9e\xae\xd2\xd2|\\#\xa5D\xdfp/3\x8d\xb24'
tbI624
I0
F0
tb.