cnumpy.random
__RandomState_ctor
p1
(tRp2
(S'MT19937'
p3
cnumpy.core.multiarray
_reconstruct
p4
(cnumpy
ndarray
p5
(I0
tS'b'
tRp6
(I1
(I624
tcnumpy
dtype
p7
(S'u4'
I0
I1
tRp8
(I3
S'<'
NNNI-1
I-1
I0
tbI00
S'\xad\x9fm\xe9\xc5\x91\x89\xcc\xe1\xaa\xc3z\xda\x19\xf7\x05$\x06\xcc\xf9\x91\x1cS\xd3\xd0o\xdf\x0fi\xb4\xed\x19\xe0\xdf\x92V\x85\xa8\xb4\xa9\xb9\xa7"rf7\xd8\x94\xb3\xb6\xeb\x98\xfa\xf9\x10 }\xd1>B\xc2\xc3b3Sh\xdd,\x15\xb2\xf3\xb9\x01\xb2v]\xd7\xe5@\x85`\xfcn\xd7\xcb\xb7t\x08\t\x9d}*\xa7B\xde\xcb\xac\xb4\x06&J\xa6\x971\xbf/1K6\xdf\x9c+\xce\xd7g\xf7\xee`\xc1\xee\xf6\x0b\'\xa2\xa4\x89v\'^}\xb4\x86\xcd\xf1\xd5\xa1\x85\x89u\x1c\xc5\x91\xbe\x9c\xc6\xf6\xe9\xe1kU\xfb\xd3\x84\xd7E\x99\xb5\xc4\xbb\xaf\x15=\xa5\x9c\n\xffn\t\x06\x1b<zvH$\xc6\x1dR\xa6m \xc4\x0cm\xa9A\xd1\x19\xe1H\tz<\xb5\x8f\x8a\xce\xb0E\xc8_\x11#\x0bP\xa1\n\x99\nw\xd0\xdb\xf3hY\xe7\x07X\x88\x9cQ\xd3~\xf6,UA\x07\x19\xa4\xeb\xe7O\x1c\x00S3\x80\xdc\xd2u/U%^T\xec\x1f8\xf8s\x9c-\x8e\xa7\xdc\x06\x82\x02\xd3\xef\xd6\x01[b\x9cA\xff"\xa1 \xd0\xa5\xca4K\x99\xec\xa7\x8f\x99G]\xe1^L\xd4\xa1\xaf\x9dD\xf7\xac\x95\x98\xde%\xd2M\xad\xd5\x9c\x15T8\xa7gK\x88~:\xc2\xee\'\xc0\x8e\'\xa1\xe4\xc5C\x8ae9u\x80J^$\xbc\x8bi.O0\xaf$.\x94\x99v\x07\xac\xc6\x8ap\x9b\xfb)0\x17hH\x7frv\x82\xd6x^5\xaf\x93~\xe6\x80sU\xc3\xf0<\x7f\xb6\x96\xab\x9e\xc6\x04\xe7\x85\xa1\xf6\xd6i\x86\xb5\x9ff\xfc\x08\x98\x96o,1#\xa2\xc9\xa4j{\xd1\xb7D$\xc6 \xf9\xce K\xc0\x00\x11\x91\x9a\xef37\xf6\x01fV\x00v\xd6\x1a!\xb0!X\xe2\xfa\xf5=\xcb]\xfd\xe1\x97\xe4\x11\xc9\x02\x9f\x11\xba\xafM\xd3\x9d\xff}0\x8f\xda\xc7\x1c\xd3\xb6\x88\x7f\x9dqqs\x87\xed\xbc*\xce3\xdd\xb3w\x1al\xeb\xa3\x0c\x01\x7f\x03\x1b\x1cc\xf1)!\xa51\xe1\xe0\xd2\xc8f\xbf\xde\x9e\x9959\x1b\xcd\xf1ia\x15x\x97\xce\x8a\xc4us>\xf8d\x14\xa7\xf4\xaa\xbf\xbd%36@\xb5 k)p\x07F\x1eS\x03.\xab\xaeB\xc6Y\x0e\xdam\xd3\xcb4v\xbd\xdf\xc7j\x14\x94)\xaf\xa5\x8c\xbeq\xac\xcdS&\x01!\xb7\x8e\xf3o\xb4h\x8f\xb0\x8a\x82&\xee\'v\\\x13\x01f\x0bV\x01\xed\x98*\xf4\xa19\x06\xc6\xf9\x0b\xa8=\xd9T\x82M(\x15&\x89\xcf\x06\r\x0b\x08N{\xd5\x19.;\xc9\xad\x89\xcd\xd2\xab\xf6\xb7<\xbd\xe6r\xff\x1a\xd5{\xc5\x9bI\x8b\x1d\xd7E\xd8B<\xb6\xe4\xc0\x80\xf8g\xb4\xab\xc4\xe2\xa4\xee\x9a\xb9<7\xc6\xd6\x18v0\x93|\xf0\xe4\x8b\xe8\x1c&\xc8\xb1\xb3\xa9\x99\x04w\xb1\xb2(\x1f\xaa\xa2\x80H\x86:\x8a\x10\xfaZtP"\xa2J\xd2\x02\x17\x03\xf4\x1c\x00x"*]N?\xfd\xc6`\x00QF\x8em\xcc\xe4\x0c\x91\xbe\x86\xd7\x97\xf9\'\xb3\xe9\'\x90\x9a\xc9\xe9\xaeIoO\xed\x01}c\xf1\xcbv\xa6\xfb\xedB4\xf0-\x07Z\xc6\xda\x97[\xba\x94\x8cd\x07W\xd9T\xd0#\x994\xf1Qt\xb8q\xf1Zc\x82\xb95M\xed{\xfc\xf5\x08q\xa1\xa89\x8e1\t\xa7\x01\x81\x1f\x90\xaa7\xef\xa7\x87\xedA\x01\xc7\x9aP\x02\\\x87M\x92TZc`pqb\xad\xc1\xee\xa57\x0cs\x00\xa9\x1b+\xdc\x0c\x9e\xe07\x7f\xab1\xee\x91\x86v\xb2 EWit^"\x93X\xc4\xeaH\xcc\xce`\xd0\xeb\x14\x1d\x85U\x07j\xf8H\xa4\x0e\xb1\x1a\xb9\xf7;Y\xb7GT\xa6\xdb\xc9\xa2*K\x8c\xdf\\`\xb0\t\xc7\x14\x8e\xcf\x13H\x7f\xfb\xa42\xcd\x12\x88!\x9c\xa4\xcfR\x0eJ\xdd\xfd\x0eWs\xd1\x00zy\x94H\x0ea|\xd1\x05W\xa4\x1c&FE\xed\xa3\x860\xdf\x1b\x1c:\xee\x16\xd0p\x03\xa9\xe3L\xfb~\xef\x04\x91B\x06]b|\xd2c\xf8\xb3\x0b\x8e$\x9f\xebD\xbe\xd0&\x02d\xee2\x92O\xff\x9a3Dm\x8cO\x17\xcb\x89\xa7\x97-,\xf2!p`\x0b\xf5r\xd5L\xa1}\xed\xc9\xb0>\x03\xf1&\x8dA7\xb0\xa6/ym\xdad\xee\xdc\xf5dF\x9b\xbf\x07#\xa7\xa2!\xfdd\xad\xeb\xf9\x99A\xa3\xdf\xaaf\x8d\xbb\x94r\xd1\xb0\x0c\t]\xf3]\xadvR\x8d\xa2\x88\xb7nc\xa2E\xceg@\xe62\xb9\x87\xe5&\x15\xb8q\x9e\xf7\x08\xe0\xaaQ\xd0V\xf4\x98A+\xaf\xaf->\xed\xbf?\x10\xa2\x9d\xc3n~u"\'6\xc18"\t\xb4\xbe\xd5\x85%{\xfb\x07D\xc9\'P\xb3{\x0cBJ@\x06\x8f\xce\xdd\x9f(\x0e\x19\x01\xcf\x96\xbc\xc2\tA\x8f\x8d\xaa\xe0\xe0\x1b\x96*H\\w\x9c\x126\xef\x07\xfa\xed\xef\xc3\x8dl\x8a\xe9\x84\xff<yi\xea.L`e\xba\x0e\x15\x86\x99\xf3?p\x89\xc26u\xa1\xc3\xb4\xb6x\x92\x87\xd1\x97F\x1f\xfe\xe0\x1f]C\xa8\x81\x85\xc9L\xf5\xd6\xc5\x961?\xb0\xc2\xcf\x03KV\x8e\x9e\xb3V\xe6\x0b\xaf-1\xa6\xa8\x8e\x8e\x92\xc9)\x1bZ\xa0\x91H\x07\x1a\x0e\x04\xcf\xf1\xc8f*\x17\x02t\xd7\xd9@s\xc6\xaee\x80\xce\x16\xee\x1a\xf0\x8b\xdf\xcbM+\xef\xa0\xdc\xe6\xbf\xdc{3\xfc\xec:3\xa1JO\x1fI\xdbn\xa6\xb44\xc1 aQ\xc5\xae\xa3^a\xc0`\x1drSQ\x1c1=q\xf6r\xe6~\xbb\xaec\x90\x85P\x80\x94\xbe\xf0\xf3\xcd\xde\xe4\x05\xd5n9r_\xea"%\xc7\x10\x89\xc3\x87m\xe7\xfbu\xf4\xe7N\x11\xb2\xf07\xb63\xe3Y\x1cx+\x07g\xfb\x14\xfdn\xe7 L\xe9\'{\x9a\x9d\xb6*\x1d\xf8?\x88\xb6\xfa\x80\xcaJ\xeb\xfa\x8d\xe7"\xf1\x90Z\x0eoU\xa9Jw\x9d\xc4Iq\xa8\xe2\x1d\xe7\xdf\xb7\'\xee\xa0cl\xb9\x92\xdfa{v\x8f\x83\xac\x11*6\xfc\xd0H\x89\xaagy\xe8\x95YlXpO\xbd_\xba\x1cb\xbf\x82<\xd3\xf4\x9e\x8cj\x85E\r\x9e,"A\x02\xd5nr\xca\xaf\x0b2.:\x11\x90pY\x94\x83\n2}\xd8\\j \xac\xde\x06\xde\xfa\xdc*\xb6\x18\x05\x94\x88\r\xac?*D\xdb\x07\x8e|\xa9\xff\xba*_\xb1?\xeb\x86U\x9fs4\xb0\xd3\x0cQ+3bB4i\x03\xdc\xef\xf9\xb9\xd4\xde\xab\xa3\xa0\x9e\xeaK\xaa1\x1e\xa1p\xc3\x19@\xbd=\x9aH\xd2\xfcd\xa9\xc2s\x99\xb1^\xadr0\xa2\xd1\xec\x08\x98\xcd\xba|\x9b\xcc\x93\x13=\xebm\xad\\\x13\x03q\x86*\xde\x1c\x91C\xc1V\x19T\xdf\x18\x99{\x83# \xe0\xa7\\G\xd3a\xaf^\x07\xa6\xd9\xf6\t\xff\'\xd7\xfb\xa03u\r\xa4\xa8\x98\xf7\xee\r(DRyU5\xec\n\x12\x82\xdc\xb8M\x03nRG\x9fp\xacB\x95I\xa0A\xce/\x99\xb9\xe9#\xe8N\xff\xb1V\xf3\x9a\xfd(\nw\x1e\x13P\x86\x920\x05\x0e[\xce\xee\xbb\x9e\xc7\xfd\xbc\xbd\xfa\x1c\x13!G\xbd\xa7>\xe6\xa8j\x1dgl\xe8{\x19=\xda\xb7\xf8J\xd5i\x84\xec;R\x05kD\x0e\xd7$\xa3\t\x1e\x00\x93\xcd\xaa1\x16\xe1}m{\xace\xbc`\x80W\xc7\xdaz\xd9Y^\x91\xa4*\xf0\x83\x07u\xeb\xfc\x85}\xfb\xafs0S\x8d\xe1\xc6\xcb\xe8\x1a\xf4\xa8\x9dc&6\xacZ9\x98\xae5A\xe0\x1e\xa0<8*\xd1u*c\x83`;\xff\xc6\xe2\xabY\x05,z6J\xbeD\xd1\xa0>\xf4\xb5\xaas\xdd\xcdOD\'&\x04\xd0\x11\xef\xbc$a\xf1\xeb:\xd2\x13\xdd]\xca\x1a_P)\xa1\xd7RK\xa2\x9e\x970Pe\x00| \x05\x19\xf8\x84\xab\x04BMs\xb2\xa9\xbb\x85\x17Bv\xadOh\\U3\xc6\xcbv"j\r\xabV\x9e\xd61\xb6\xef\x81\xfd\xa9\x10\xb3\x87\xcah\x1e\xe4m\x88\xdd\xf6\xde\xb4\xa0~\x910\xb0\x80\x9d\xa4\xa1\x14hu\x06_1\n\x99\xfc\xfd\x83\xe5p\x9bv\x01\x84\xf3\xe4%\xc8\xd8\xe4"\x82\x8d\x90\xcb\x08\xa2y\xa8\xfbX\xe7\x82\xceJ\xc0\x9e\x84{\xab\xff\x1cKM\xb3\xb9\xff\x1c\xfd\x8b4R\xa8p\xd0Po\xf6\x95\x80\x19\xd1\x93m\x90\xb03`\x10M\x93\x12W\x93\x96\x10\xf8\x95\n{\x90\xb9\xcd\x91\xba>\xe6,R(w\x11\xd5\xd3\xf4\xde\x001\x93?\xe4\xd0\xb8\xd9\x8d$\x07\x88E\xfdt*\x94\xd2\x90]\x84\x05\x9dR\xfb\x0e\xedk\xe0\x00Ea\x07\x84\xc0aj\x00\x86\xf2\xf7\xfa\x12gb\xc18 s\xd8cS \xf9\xe5\xea\xc4\xdd\x90\x13\x06\xd4\x17Xj\x82\x9cG\x97j\xb2\x1f\xba\x15+\x1b\xa6\x17\xe5y\x11\xbe0a\x11\xfa\xfd*Q\x11\xb1\x0e\xc9QI @z\x0b;\x8a\xf4Oj>I,\xc8V\xdce\xb5N\x9eN\x124\xdf/\x9f\xf4h\xa4\xc1\xceD\xaeT\x08 ]\xef\xaf\xe0 \xf9\\\xec\t\x99 v\x9cB\x9e@\xed%\xf4\xacD=\x15\x93\xb4M\xf7H\x14zT\xc2\xc0\xa9\x9f\xcd\xfa\x9fp?\x83J\xba\x0cQ\x1d\xaf\xa7\x8b\x1f\x01\x12\xca\x86\xb0@y4V\xc5b\xa9\xd1S\xd68Z\x0c\xd3\x9d\xc4[_m3P\xe71\x91\xd6\xb4\xe9\x7f\x7fX,L\n@\x8a\xabV\xfdT\xe3\x9c\x1d\x87\x81\xd5\xdeJx+{7?\xbe9\x1d\x85\xb6\xdb\xfdJ8\xa0Y\xd0\x0c\xb4?\xdb\xe2\xe6\xb9\x9ch\x9e\xf0FX\x8e\xf9\xb5\x96\xca\x0b\x1b\x82\x10&\xb1\x03\x9b\x14\xa1V\x06\x05\x8f\xe2\xa1\x98\xf0\xc1\xe6\x84\r:m\xfd\xf7\n\xfb%!\x06`\xc1+\x1c\xc8<k\xebc\xce\x9b]\r\x8b\x08\xd2\xd81V\xc0\xde\xf7\xaf(\xc1\xb2r\x00>\xfb\xe8fi\x1d\x98hm\xd0\x92E\xff\xe84\xa6(%nt\x06\xf3\x98\xb8\xa62\x15\xd3sY\x92\x8e\x04_\xd8\xb8\x03\xab\xcbN\xed}\x0c\x18\xb4\xaa\x08\x01j\xe3MX\xb3c\x9d\xdbB\x184*\xcex\xdb\xb5;~\x9f\x03\xdb\xfb\xc7\x86;\x0fa\xf3;\x9dM\xe6\xa5\r\x1e\x1e\x06F\xefh\x0f\xa8\xb2\xe2\xd5\xe0\x9b\xb4\xbcT\xed\x99\xa00hv%\x1fC\x97\x88\x08\xda.\x1a}gK\x84\xc5\xef\xbc\xe9\xfc\x8b\x8a\xed5\xe7X\xb31\xa3\xb4,w\n\x96\x131m\t\xb2\xb4\xbd18LN'
tbI624
I0
F0
tb.