cnumpy.random
__RandomState_ctor
p1
(tRp2
(S'MT19937'
p3
cnumpy.core.multiarray
_reconstruct
p4
(cnumpy
ndarray
p5
(I0
tS'b'
tRp6
(I1
(I624
tcnumpy
dtype
p7
(S'u4'
I0
I1
tRp8
(I3
S'<'
NNNI-1
I-1
I0
tbI00
S'Q\x8a*\x8c\x1b<\xad\xb0\xa8\xba\x96g\xfa\xb0~\xdd\xe6\xab\xa6\x10;\xca\'\xcf\x03\x08\xb2\xf3\x02\xc5+\x02o\xf8\xc0\x94\xa2\x9f~\x1eN*#\xe9\x97\x85rC\x8a\x91I\x0fO\x92/\xe1F\x05\xda&\x92\xad\xc26Z\xef\x0b\x07\x9f\x00><\xa3\xa5\xe3\x9e-\x07\xfbonP\xc39\x9e\xea:\xc0\x92n\xd3b\xe0\xb4\x16v;\x07\x14\x1a<!\x04W,\x12\xe2\x90\xeb\xfc\x9e>U\x96I\x9f\xe2\xc9\xee\xc8%S\x8ew\xffrL\xe3\xc8\xad\x89Kr\x84\x1c\x1e\x8e\xbf\xb03\xa9\xc5\xb81\xdb\x1f\xae\x96\xfc\xae\xde\xf7=\xba\xc8\x9a\x0b\x11W\x8b\xdc\xe6s\xa8i \x00\xech\x82\xe9v\xdc\'&x6\xc7\x86\x05\x1b\x9b\x9c\xbbKq1\xcfc\xeb\x96\rY\'R\xf4$\x98\x93V\xc5\x92o\xda"=\xeb\xfc_\x97Sq}\x12\xff\xdenR\x8b\x06h\x0b`\xb1\xa6\xf9\x05\xd5\xcd\xdd\xf0\x08fCG\xef&\xef\xe4X\xe6\x81m\xfb\xf7\xd4s\x9a\xb6\xeaw\xf9\x07\xc4:\xb2\xacm\xe61\x92\xb4\xa2\x96\x17ns\xd3\xf6\xac\xd8V\x18\xec@\xee\r*\x9e\xdf!9\xaemb\x84\xf3\x9eN\x87\xcd-a\xb2\xb0\xae\xd17p\xe7b@\xdd\xf3\xbd\xa0\xf8\\\x10.vw5\r\xf5I\xf0g#\xf5l\x94]\xe0uC\xb3\x8aIe\\\xae\xa4\xb2\xc7I\xb4\xf7j\xa5u\x92\xf1\xf2\xfa\x14\x9b9\xe4<\xd8\xb0\x8a\xf3\x01\xf8\xb0\xcd\x08\xec\xd9X\xef\xa3\xfc\xfa\x87\xba\xb3\rX\x8dD\x8b\xcc\xac\xb87\xad\x87\x16\x9e\xb2@I\xac\x94\xa8S\tI\xefK\x948}\xcb9\x9a\xd5\xfe\xe1gU\x84\x8e|\xf8MII\x0b\xe8\xacU\x19\xde\xed\xcc$\x89\x1b\xa8\xa7~TW\xb6\xe2\xa0?\xb3\xd3\xdcBkt\xebC\x08f\xddWh\x7f]t(\xd0@\xecQ\xd0j\x9e\x9f\xf0hr\'\xb9\xbbq\xe5\xb4p\x8a{\xee\xf0\xec\x802*Q\xd8\xcaj\x94\x99\xe6\xed\x90<r\xb7S\x88\xe4\x91\x9b\xcf\x84\x89\x9c-\xff\x93>\xa7\xec\xe1.\xc0\xa3G\xd0\xdb\xd5\xdat\xab_"N\x97\x85\xb6\x87Q1a\x7f\xb5\xaa\xbb\xf2h\x0f1\xd5\xf1\x8d\xbfb\xedZ{\x0c\x18\xd9\x15\x12\xfc\x83\xf2\x80]\'\xdc\x05X\xb2x?\x9cLf\x9a\xcf\xf9(\xeb\xe3y}z+v\xb259\x9e\xe9\x07\xe8p\rQ\xf0s\xbfi\xf7\x8c%d\xb4\xa1\x18\x85\xba\x95\x9c\x8e%\xd2pP\n%f\x89\xe7\xda\xe01\x81\xa5\xc0\xe6\x0e\xca\xcf\xa1~\xdb\x15\x9b\xc8\x0c~M\x04\xab\xc0PU\x82\xf3)\xb4Ep\xef\xf9\x96\x9es\xe6#\xfc\xf7\xf0\xa1bT\xe9`Y\x93\xa1\xc6Fr\xfc\xd52\x94\x9a\x84\xac 9I\xc8\x1d\xf6\xa1\xfa4>\xc4\xc0\xbc\xa1\xb3\xeag\xde$/\xcc\x8d\xebH\\\xa1\xd4\x96\xe2\x19\xe6q\xc1\xcc\x1a\xe8\xe9\xc6T\x10\x82\xfeO\xdc\xf2\xdd\x8a\xe3\xab\x15\xc5~0\xd3\xea+S\x04\x99\x17z\x8e\xaf\x08\xa47:\xff\xc0\x9de\xb3\'\x02~\xdb\x8f\xbe\xa7\xb8\xaeb>H\xacw\xc2\xf4\xf9\x05\xaa\xf1\xa8\x14\x80d\xf6\x84\x11us\x06\x98\x84\xf9\xb2\xc7=z1\x98^h\xf9\xb4\x0c\xbah\x07\x14yTgQ\xfd\xe3\xbb\x90\xe8\xe0,mz\x17\x94\xc3XN\x15\xbf\x17\xd7W\xd8\\\xb2$.\x13o\xd1\x90\xec\x90\xab5l\xebE\xd2it\x84,\r\xde\x8d\xa5\x01Q\xb9\xe6\xfc\x88\xc7e1\xc1 g\xf2\x03\xdfd\xec\xa88\xeb(\xa8R\x90x\xc0\xc4\x93\xd9\x13;\x9a$\xc1\xb5\xdf\x87)/\t\x87\x0c\xca\n\xcf\x982I\x7f\x90\xd9\x81m\x8f\xdcN*~\xec=\xc6\x80\xc5\xf6G\xa5R0\x979\x90\xae\x96\x8a\xee7\xe6I&\xa7\xe8\x0b\x8d\xdd\x14\xcf\xc7\xb6\xdd,\xb9bq\xb5\xa8L}[\x85\x05\x1f\t\x07\xe7J\xa0*\x12\xa1n-J\x0e\xab\xf0\x102B\xfa\rc\xaar8m\x8b\x0f\xcdW\'f\xfd\x19\x14\x85^\xb2\xef@|!7*E*i\x14\xe6\xec\xec-\xff\xa5\n\x83w\xe0s\x05\x18\xf0\n \xc5\x0e\xcc\xe9\xb3\xb9\x0f\x9f\xbf\x083\xa5a\x81KB\x0b\x04\xb6\xfc\xb3\x1753\xb2\xb7\nJ\x02\xd7\x9c;\x95A\xaf\x00\xa0M\xbd)\x83\xee\xd2\x86\xa5\xe1\x9b\xd6\x8d\x9b\x8a\xc1= \x96T\x97P\xb1:\xc6\x1c.\x9c#\x9cI*E50\xcc\xcd>\xe7\x93\x86\xa14\xb7\x1e\xb6D\xf7\xb7\xd0\x10\'\xf2\xdc\xf7\xf2\xc8{\x98\xe3R\xed\xce\x83e\xdd,\xec\xe9P\x7f\x08U\x96l\xe1\xe9\x85u?\xc9E\x0e\x02tq\x91B\x1f%\xeb\x89\xadU(Z\xf2\xa8#?\x02$r\xcc\x04]\xa30\xcb\nZ\xea\x16_#\x10v@\xd7Y\xcf\xf2x\xb3\xb1\xd2\xe7\xd3]\xfa\xa5\xa2\xd0x3\x1a\xa4\xc1\x9c\xd6\xcb\xc0F\xb1Y\xb37e\xfa:\xc4\xef\x138\xe3s\xea4\xda\xcfL\xdf\xd1M\xf4Q\x1a\t\xbc\xf0e\xf6"y\xb7\xf5\xca\xc93>n\xf1\xca\xce\xfa\x10\x91e?\x1c?\xa2\xa6z$\xeb\xf1\xbaM\xea\x12B\x9d_\xaf\xe4\xc7\xb7U.\xb7\xf4\x1b\n8\x97\xa4\xa2<\x90i38\xb6Pz\xbae\xf5\xbc\xbf\xed,D\x030c\xebg$\xca\xbe\xbdWl\xfa\x9a\x00\x02)\xee(9m\xceK\xf7\xc5\xd0\xd5\xe2\xe8^\r\x1e\x0f\xaf)Q\x8d\xdd\xab%B\x02\t\xa1\xa3*\xb4\xf5\xec\xda5\xf6\xd6\xdb\x89c\x07\xc4n\xa2\x19\xeb\xc5\xa0\x03`Y\xcb\x10\xb0\xff\x1d\x97\x9c\xa0\xdc~C/\x83r\xc6\r\xca\xcf;\x0e\xd2/\xca\x93\xf0\xb9-z\rI\x84\xd8\xcc\xa7\xb7\x89\'v?_2\xf3\xcb+vC\x14\x94\x9d\xc5\xa6\xeaZQ\xaf\xdc\xe76\xbd\xa5\xd1\xf3l\x82\xf39l\x9f\xaeR\x06\xfa\xc0\x1fbg\xb4\x94\x1d\x92\xb6c\xcc_\xacz\x19hC\x10\xb4\xf0\x00"\xa3\xb3\xb2\xed\xb7\x89\xca\x85\xb7\xa0\xb5a\x93\xbb\x15\xe3\x84w_\xfeE\xce\x08\x84s\xae\x9a\xc0Mv\x9ew\xa1\xdb\xcb\x07\xb0\xcd\xaby\x96@\xff\x13\x94\xbe l\xa5\\\xe78N<\xe1B\t<\x9a\xbb7\xeb\xcd%<aqQ\x16\xe9\x0f\xc7B\x04U\xd5\x13E\xff\x81\x14\xc4L>\x06\xb1\xd0\xea\x82\xf4\xbfJ\xe0\xe7.\xae\xe2\'\tC\xde-,\xc3\x92\xb4\x7fU\x00\xb0M\xec\xedl\x01.\x18\xbf\xae\x14\\l3\xb9u6-\xc4\xca\xb7\xc2\x80f\xdcUdwpY\x84\x0cV\xe4\x83\xb7\xe1_k6\x86\x00#\xda\xe6\xf2j@*\xdd\xc6\xefK\xf6>\xe5_~\x97\x97]r\xdd]\xb0\x1b\x81(\xbdb\xb6O\xd8@\x8a\xea)Q\x99\x103\x90\xc3\xfdi\xf50\xa0\xc0yV\x11+\xacZ\x12\xf690\x13Q0N\x90\xa2T_\x06\xb3\x12\x9bL\xd1"o\xe7\xfd\xd58\xff\xd2\xdb\x94l\xc34Jv\xb3\x92_4\x03\x9b\x84\x00@\xf3\xce]|\xbe\xb3h\xe6o3\x14\xb4\x86\xb0\x1b;\x13\xa1\xe8\xd1|7\xb7L\xa9}\xd2\xc9\x1e\xa4\x99\x82\x1a8\xa4\xbd\'1\x0b\x8cT%\xb8X\xdd\x1c\x80o\xd6\xb6\xf0\xbb\xb38\xaa\xe7a\xb3\x98P\xb1,\xcac\xd0M\xe2\x93\xcc\xfd\x97H\x95pd\xc8XY>\xaa\x04q\xc5\xc6\xf9\x7f[..Am\xf3,.\xf0O0u\x0bf\xa6>\x16\xdf\xd2\xbb\xdd\xe4\x1d\x98x\x8a\x0b\xa3\x1eo\xbco\xbb\\|\xfd?\xa5\xb6\xe3$Er|i\xb5\x9e\xfa\xfe\x10s\x0c\xa8\xbe9\x9a\x11\xbd\x1aN\xd0\x9f\x10J\xf7\x06\rU\xd9\xb3yp\xff\x0e1\x12@\xef\x93\xdc\x80\x90#\x8c\xba\x1d\xbem\x8a\x91\xa0\xff\x8e\x1d\xe6\xc3\x9c\xf01\xba\xee:\x9b\xf4Y:\xe2i\xaa\x8dr\x9f\xf9\xdc\xaa\xf9\xd6\x19_\n\xb4\xa6\xa6\x9d4\xec\xf5udO+7\x9b\x10\x8d\x99\x07\xb3b\xb6fM\xb8\n\xf4aq\x83H&g\xba\x13gd,\x8f\nDH\xf1\x86\x15\x9a1B\xb8\xdd\xf7H.\xab_L\x1c\x86]\xb8G\xde\xfa\xe4\x89T\x8f\xf3\x99il\x03\xf7\xc7\x00\x10\x06\x1e\xa6S,\x9f\xfa\x7f\xa5\xe2\x83u~&\x89\xf8\xb2(\x16J\x13qz\x04@\xdd\x19\x1f\xd0\xe6\x0f\xe8u\xda\xd6\xe9\x1ai\xc1\xe9H\xe6\xcd\x985z`\xae_\xe1\xfa&\xce9\xdc{9\xc6g\x81O\xf0\xdb\xb6\xceNj\xbf\xfe_\xf54\xebh\xbc\xf1F\xa3\xd2\x86T\x1b\x0e\x7f\xed\xe4\x9f\xb7\xb71\xf2\xd1G\x9f\x0f\x8e\x16"\x08\x88OD\xdf\xf83H\x8b\xe2\x89\xc0\xa4\xfe+q\xea\xf9{Z\x99\x1d\xf9\x94\xae\xc3\xc9MC\x00\x7f\x1f\x86\xedo\xf5\xa7\x9bQ5\x00\x88W\x0756\xb7@\xad\t\x85\xbb/\x10\xf0\xbb\xf3\xcf\xb1A#\xd78\x8e\x94\xd6r\xe9A\xa1$\xfb\x89yH2\xba4\x0b\x83\xee\xc2\x83\x8f\xf0#9\xd3?\xb2\xdf\xc6\x9b\x8a\xdd\xd8S\xa6\xbb\x038h\x06a\x9b\n\x84!\x16\x9c\x9d\x86c\x03\x0f>c\xfe>k\x02\xf0\x13g\x0cx\xd5\xd3\xcfR+!\xa0\xbb\x1d\xb9>\xe3,6\xee\x9f(\xea\xf5H\xa5\xfd\xd20\x92\x06m\tg\xd5\xa5\x9aA\x07\'\xa9\xc9\xbb\xc2p\x8a\xe0\x9c\x15\xa5dhyC\xbca\x9e7vA\xaa\x87\xc4\xc9\xf8\xca\x00<\x9f\xc98}\xa0\xf5\x93P\\\xbe\xc3\x88O\xcf\x1e\x9dJ\xd4+!\x01\x0b\xb5\xae\x043P\xb57-\xd6m\xfc\xc5\xb3\xfb \x19\xcf\xe9\x94\xe7f\xc1q\xcd\xe9\xac<\x86X3\xd1 \x07\xf9^\xa2\x8bY\xf1\xc0\xd1 \x9a^\xef\xf1CU\x04yT\xfe\xa9H\x11\xf2v0@\x8f\\\xa00qs[Q\x9b\xb7x\xcf;\x9b\xa1\xccuU\x1a9V\x8cq\x90\x0c\xd6F\xd8\xba\xe1)\xd2\xbbd\xe4\xb3\x06\xc8\xfb<\x91\x04\xdf\xef\xcbb0?5=\x14\xb8S\'\xe2\x934\x02\xa5M\xc8\xb4\xbe\x9d\xce;\xc4aI#\xa1b\xb2z\x82M\xec\xa3x;R\xb7\xbb\x93\x07,\xa1W8\xe8%\xeck\xee\r\t\xd5\xdad\xbfF\x7fU\'\x993(\x96^A\x9f\x05\xcd\x12\xeb[\xaf\xfb\x9e\x87\x8e\x97\xb8\xa1wP\xf4#\xf8\xb2\xd1b@\xf4\xb1\t\x9c\xaf\xcaz\xca3\x01EG\x0b\xd7\x0f\xb2h\xa6\xb6\xf6\xd9g\x8d\xe2\xff\xbf\x03t=w\x94\x1b\xee\xd1??\xd24Q\xf9\xe2 \xc5\x1bE.'
tbI624
I0
F0
tb.