cnumpy.random
__RandomState_ctor
p1
(tRp2
(S'MT19937'
p3
cnumpy.core.multiarray
_reconstruct
p4
(cnumpy
ndarray
p5
(I0
tS'b'
tRp6
(I1
(I624
tcnumpy
dtype
p7
(S'u4'
I0
I1
tRp8
(I3
S'<'
NNNI-1
I-1
I0
tbI00
S'\x9e\xde\x91\xde\xbe\xf9\xf4#\x8e\xd6u\x99Dp\xe8\x9f\xc2\xe6\x1c\x892\x9e\x9c\xf6\x18\xaan\xcc\xf9\xa0\xcc\xfc\xc8\x17\x87\xa3uR\xbdW\xe2\x85\x88\x85;:|KF\xf1z\xb0\xa7+w\xbauqk\xdc9\xa1\xb3=\t_\xde+P\xdb\\\x98\xcf\xe5\x12\x1d5\x7f\xbe\x15\x17\xfc\x0e\x0b\xb3t\xeb[\x85\xda}K\xab9\xbcn\x05\x8d@\x0e@\x8a\x95\x17H\x9d7\xdd\xee\x08\x8bP\xfer\x116b\xf6\xd8\x0ed\xa5\xe7\xc6f\xb4\xa6\x8bK\xf4\xfdS\x05j@\xe5\xd2\xe4\xd5\xffy\xfcZ\x8fSWrx\xb7\x11\xa3v\xa9\xc1P\\\x93\xbe\xb1\x837w\x0ff\x07i\xda\xea\xf4\x9anx\x8be\xff\x1b\xf4\xe5a\xa5\xcfA\xcc\x04\xb8R\x8d\xce\xa2,cJ\xf5@\xe8\xec\xc1\xa7~@u\xbc^\x1a\xd0\xca\x8b\x0f\xad\x08-\x0e\xa3nmC\xf3\xc4\x8f}9F3\xa9:\x99\xc1)\x10\x94\x1bR\xd0\xc9\xfb{\xaf\x0b+Csp\xf1y\x80\x84\x07\x9d\xcf\xe8\x17r\x10\x18>\xef\n\x892\xc1\xdbF\x1ew\xf7a\x07\xa4\x07MP\xa0\x03\xad\xe5\xc3\xb6EN\x1b\xee\xb06My2\x8d\xf6\xf9n\x05\x081\xe8\xb1DL@\xe7\x1a\x10\x17I]"\x13e\xea\n\xbe\xe3\x1e\xaaB\x9a\x96o\x8c4\x7fiq9\xb4DD\rf!z\x11<\xbfO1\xbb\xbb|\xda\xbc\xbb\x95\xdf\xf3\xc1\x03\xa0\xc8,p\x83&\xb2\x11\xb7\xe4\x0ei\xe9-\x12\xaa\xf6\x8b,\xb1x\xa0.<\xd6\x7f\xbb\x13\xda-:\x1be\xb51l\xf32\x07\xf7\x11X\x81z\x99\x01\xc8f\x9c\xa1%\xad\x0c\x81\xfd\xb2\xb8\xf8?.\xe6\xc6\xb1\x1b\xb7\xa5#FB1\xbf\xcd#\xde\xf6p[\xff${h\xda\xff\x96i\xe4B\x89M\x8f{Q\xa9\xeb\x1c\x92\x95L\xfa0)"\xdboj\x96\x10F/\xe4\x0e\x01c\x9c\xa1\x18\x89\xef\n7\xf9\xad\xe0\x91U\x18=\xa2H\xed\x1c\xf84x\x7f\x8e`wZ6\\\x8c\xe6\x98\'\xaa\x0b\xe5\x86\xfd\xf4\xc8rh\xe3\xb7\x02\xd2\xb0\x1f#V\x1e\x83\xef\x7f\xcaZ3l\xe3\xfc\xe4\x83\xff\x9a\x19\x05\x04&\x9ec\xffj\xd7\x05\xa10p\xbcM\xc5\xcd\x14\x04\xa7}\x87O\xfc\xc7d`\xd5\xcb\xe5u\xc8\x1d\xc0~%\xf7{\x11B\xab\xf3<\x15y\x08\xef\xc2.l\x03\xd7\x037\xf0\xe4\x0f\xb2\xc9\xba\xd4?o\xeb&Hr\x9b-\x15[P t5\x9f\xa9\x0e\'\x18b\x92\x06\x87,Hl\xd3[\xc3\x0e\x9f\xaa\xcc\xd5\x12.\x96Q\xf1\x10\x95\x0e\x88i`5\xa6\xfb\xc6\x06\xdbo\xc2\x0c\xeac\xce\xaf\xbc\x15\x82A&)\x97\x84\xbeG3B\xea\x7f\xf2;\x17\xa0\xb0\xb7lI\x7f\xf3LB1\x1eI`\x00P\xd7^\xb7bC\xdax\xeaZF\xa9\x03\xc2\xcb\xd5t\xe8\xfd\x8c\x81\xb4=\x0b\xffS\x94w\xa4+\x03\xab\x83\x0bG\x8c\xe99\xc6\xd0\xcf\xfd\x1e]\x0c\x8a\xbbT\x15\xc5V\xeb\'\x9d\x84\xdb\x0c\xb3\xef\xf3\xdcv\xa2\x93y\xa2\xb3\x19\xbe\xcd0Q\r\xb84\xb8\xbf\x18\x07\x13\xa3!\r#\x90\x1d\xfe\x94~5\x99|\xeby\xbc\xc8\x01\xcbK\x07*\x04\xd4\xdf\x00R\x8cD\xce\xa1\x1c\xf5\xe08\xfe\xf4\x84\x84+,\'\xaa\x1c0<g\x84\xf4\x1e\xf7#s38o\x95\xe3j\xbb\x9c\x8d\xf2\xf4\x9c\xd2\x9f\x1d&i\xe4\xd0V\xe7 \xa8\x9d\xd9Q\xacY\xf6;>\x94\xfc\x84\xdf3\x01=\x1a\xd6e\xd1\xb9\x11\xe2\xbc\x0b\x0f\xbe\x7f\r\xc2\x90_"+\xff:\xf5\xda\xe1\xde\xfd\r\xa3\xeeM\xef%\x1f\x9ec\xb0u}D\x17el\xbd^\xf3\xe6\x7f\xf4\x93\xae\x9e\xf3@A\xd0\x8a\xf3\x8f\x9chT\x19^w\x86\xe9\xafwY\xdd\'\xbc\xc8\r\xe1\xb0"-\x18\xf2\x8bH)e\xfa\x04~\xd7+Y\x97\x94\xa1x\xc1\x80F0\\ST\x8b\x1e\x12\x9b\xfc\xb9\x89\x90C\x18\x91\xb9\x17\x0b\xf86.\xef*a\xc3q\x9d\x1d\x8b3\xf3S\x17@Z\xa2\xa6q\xbe+|\x90\xc1\xf5\xe6qu\xf0\xa6\xd1\xd73{\xe3~ \xa73\xadG#\xc5\x92\xb97\x93*5\xb9n\n\xf0)\xbeZ\xa4@\x14-\xf0\x02\xc7\x85\x9d2\x10\x16\xec\xb4\x8d\x1bD\x85\\XC\x99\x19 \x15C\xcco;`\xf7\xe9SLHGc/\xfe\x1c\x1ayj.\xfa\x1d\xb4\x1a;\x9d\xd6\x16\'9$1\xd3d\x0f7SU\xc73\xe5\x1a\xf3T}\xb7{\xb6^\x17\xe3\xa3\x81#M\x90@\x90\xe4\x8c\x1d}2\x1a\xbb\xbf\xff7\x03\x9er\xf5\xd7\x85i\xcd,\x88\xc0D\xccJ$\x03w=\xa5.r:\x88\n\n\x90\xe3\x08\x8a\xfd6^\xbeg\xb0\xff\x8a\xeb\x97h]\\P\xa0\x96u\x11`2\x10\xb7J\x86\xef\x95j\x88\xffY\x15\xd6\x97\x0f\xf2\\d\xdc\x15\xbdd0\xd83fM\x97\x7f\x92\x00\x06\xb8\xaf\xbd\xda\xe9\xbe\xd8\x91\x9f\xfb\xb8\xd4(\x08\x99X-#\x1a+k!\xa2\xcb\xecU\xe6\xfa,\xc44Qc\xe5\x04k\x90\xd5\xe5\x8d#q\x10B\x8a,\x95\xec\x1a\'\xa3\xb4I\xc9\xd4\x99\x12\xe3\xe2"R\x93\xf2\teF\x97CM\x00\xb4`\x9c~\xafx\x80\'\xf9|y\xa7\x03~\xc1\xffnx\xf1\x01\x05X\xf6E\xe6\xde\xbe\x16\xb1^c_\x9c\xc1\x89J\xd8@W\xccc\x97\x91\x8aT\xce;co\xe4^\xbb\xe4\xc7N\xc6\xecrq\x9b\xcaguP\x12\xdd6\\\n\xae\x92\xd3\xf7C\xf5g\x92\xf4\xd8n.\xbd\xc8G\xc0\x0f\xed(\x0c\xb3\x97=,\xab^o\x02`\x1f\xa8nY\x06\xe9\x03\x1d\xf3\x98=\x82\xd6~\xaa\x88\xb0$\xf4\x9c\x1du\xdf\xd3\x12Nzi\xd3\xa3\xc8\xeb\x18\xa3\x9a\x18B~L\xcf\x0eO\xfc4\xe2Q\xf5\xed\xd6\xe3q\xa7,\tX\x81\xfcL>\xe3\xea\x11<\xcf~\x1eR8\xeb\x02\x14\xdeR\xe7\xab\xad\xf9$\x99\x15\x1a\xe5\x12U\xb7\x05\x18y\x90\x0ec\xb2w\n8\x89\x84\xda\x91\x13\x08\xa6\xd9&STT\x87\x81\xf7\x150\xcdg\x01\xe1\x11`\xf5O\x89<j\xb0\x16\xc4\xb3>\xdc\xb2I\x9c\xb0J@\x9eC\xbd\x8b\x8a\xaaMn\xbcW\xf8\x01\xd8C\xb2J\x8bH\xc2\xec\xeb\xdc[f\xab\x16+\xd1c\xf8\xc80\xf1\x11\xed\x16_\xa5g\x89\xc3\x92\x8c\x7f5\xd9V\xd2;\xdf\xde\xa46\xa6#\x90\x1a\xb2\xeew\x0f\x050\xea\x9f\xf5\x7f\x8a\x1bH\x8da\x14D\xcc\x8e\xf4\x98\xf4.\xf0a3\x9fs\xe9\xc3\xbb\xd6\xd4&\x88\x9dm\x0c\x12\xb7\xc5N\x0c\xab\x84\xc6\xf4\xe2\xe3\xd6a\xd3\xae\xe6D\x18>\x84\xb5s\x0f\xa6\x18CmS\xbd\x88\xbc\xd3\xc2 ^\xf4]z\x92\xef/\xaa[\x94\x10\xfbI|\xc66\r\xfc\xf2\x08\xd6\xa8\xc0\xe6:\x0c\x1f]k\xd0p\xaf\xcb\xee\xda\xa3\x8d\xab\x15$Z\xee\xd2\x89\xbb\x84\xf9\x885\x88\x84\x81\xdd\x00tl{\xc9d\xe1ri\xd3m"\x80\x01\xb3p\x8d0\x8f\\\xe7p\xe6\xe3l\xb5\xfct"\x99w\xfc\xa2\xfb\x1e\xcb\xfff\xfc\x91\xc9e\x7f\x94\xdd\xce\xa4g\xf7\xb9\xdb\x85G\xd3\x08\xd9\x9c\xe2\x8a\x03\x85(\x00*\x7f\xba\xbcg}\x8cU\x81.\xd0KO\x83~\x0e\xee\x1e\xf4\x1f=_P\x19Q:\xad?\x9a\xe0\x12y\xd4\xdf\xfbk\xc5\x01\xba\xc7\xbd\x8a\\\xf2\xcb\x9fs\x98\x1d->o\xeb\xef^O\r\x1c3\x9e\x9e\x02\x1d\xe06H\xf9ZWZ\x00\xd9\xcb\xabK\xa0\xbe\xd2\x97_.\xc9G\xcc\xecnx\xd8\x8a\xa0PE\x9a\x02\xa6\xd6\xb5\x86c\x94H\x1ec\xb7\x94kx\xa04\xa8\xe4\xd2C\xb7\xee\xf7MI.$\\;tU\xb9\x883\xb4e\x8ab\x05\xd2\xb1\xd4\x1c3\xf3\xd3G\xc02q"p\xa0\xbep\x87\x96\xba\x11\x1a\x9c\x0ew}3\xbd\t\x8ak\xb6S\xcb\x8c\xc5-\xe8\xa1tzK\x13D\x08\x9c\xea\x1c\x94|z\xf5\xc7\x08\xed\x94%(L\xe2)\xb2\xce\\\xaeu\x89\xa4\xe2\xa4\x82\xb7?\xa0UC@C\xf4\x9e\xa0\xb4\x0f\xa4\x90\xd7%\xb5\xff\x07\x11+u\xe29SQi\xae~\xfeT]\xb7\xe1?\xa7\xbe\xc5\x0b\xd3\x9d\x8f)\xd0\x80\xa0\xab\x81T\x81\xa6\x90a\nn?eC\xda\xd8\x96\x85d\x96\xd5qI\x1e\t\xe1p+w\xe8h[\x1d\xc10^e\x12\xfa\xde\xacp\xbb\xce>\x9d1oMf\xcfCxF\xcaaX\xee\x95\xe6\xcc4J/\x8e\xc3\x19\x1f\x18\x98W\xb56\xa6xPO=\'\x02i\x84\xf3\xd5g(\xbf\xe2E\x8f\xaf\x99\x94\x10*\xec\xb2\x13\xdc\xd8)".\x810\x14\x06\x8d\x0b\xf7\xb4\x9e\xc9\xa3\xef\xcf\xcf\x99\x10\x16\xa4\x0b#"\xc2)\xb4\x1a\x83\xb7,.\xb3\xaf\\}\xd7\x02/\x00gi \xbbuJ\xfc\xa3A\xbc\x0f\xde5\x02\xc7\xe0\x17,R"/\x1c\x07\x92#\t0D^\x0cP\x89\xcb\xcbI\n|p\xc6\x17\x1d\x03d\xafb\x95L\x07\x1b|\x9f\xb00X\x8aZ\xae\xccKKSoEpr38\xc1\xfe\x01\x18%\x1f\xc9\x96\xa9\r2:2V\x83\xdb#\x9ew\x01\x9fi"6\xf9\xb9Gl\x97\xe5\xef\x96#\'\x94\xb7\xb0j]\xc7&L\xbe\xb9\x85\xbb\xdb\x1bp\xe1\x03\'\xe5\xfa\x06\xbd,\x7f6\xc8n\x96):{\xea4\xfamm~K\xf9x\xf0\xd48\xa6\xac1\xd2\xfd$4r\xaf\xcakJ\x07\x85a\xa5\xbd\xaa\xfe\x1b\xf2\xef\x83\r\x991\xf8&\x02\n\x8eXN\xa2\xb1\x938\xb2\xcb\x80A\x15\x90\xc6\x1e4dc\xc3\xbb\xa3M\x052\x02\x0b\xd7\x89*\x1a\xbc\x8d\xfem<S\x98\xe5[+`\xa0\x97)\xd5I\x95\xf1\x14\x88$thE\xc3{\x18\xc0\xe2q\x81L5\xc5\xb5rC\xca2\xf4\xde\xfa\xd7\x9fq\xd2\xa4\xa2!\x04\xfc}\x9a\xca+\xfb\x98\xec5\x91\xd7\xf2\xfcfj\xde\xa7\xd5^\xf6\x96\x92\xc3\xab\x13oc\xa69(!I6oV\xd3\xc1RZ~\xc2\xb0\xb4\x85\xa4*\xdc9\xdcK\x98,\xfeY|\xd3\x04\x88\x17r\x0c5%\x7f\xf8\x02\xe5\x13\xf3\x85T\x9dK\x9c\xb3\x9b\xd3\xb2\xf3\xb8\xcd\xc6H\xef\xcb=<#\xf0\xe6\xbc5\xa4\xf1:\x13\x17?\x1c\xedN\xb5\x06a\xa5a=6\xa4_\x11`W\xa3\x9b\xb7Wm\xf6q\x13#\x83'
tbI624
I0
F0
tb.