# time 	 divergence 	 # of mutations 	 # IGC chances 	 IGC length 	 # IGC failures 	 Changes due to IGC  	 % change due to IGC 
0.0	0.0102249488753	0	0	0	0	0	0.0
0.000196122386546	0.0102249488753	0	1	1	0	0	0.0
0.00226615682542	0.0102249488753	0	2	1	0	0	0.0
0.00394962928758	0.0102249488753	0	3	1	0	0	0.0
0.00439646029792	0.0102249488753	0	4	1	0	0	0.0
0.00443887644915	0.0102249488753	0	5	1	0	0	0.0
0.00596503707983	0.0102249488753	0	6	1	0	0	0.0
0.00612728961363	0.0102249488753	0	7	1	0	0	0.0
0.00702648817367	0.0102249488753	0	8	1	0	0	0.0
0.00707919433686	0.0102249488753	0	9	1	0	0	0.0
0.00722645177232	0.0122699386503	1	9	1	0	0	0.0
0.00895676491116	0.0143149284254	2	9	1	0	0	0.0
0.00930849317403	0.0143149284254	2	10	1	0	0	0.0
0.0111887057564	0.0143149284254	2	11	1	0	0	0.0
0.0118280472232	0.0143149284254	2	12	1	0	0	0.0
0.0118311205088	0.0143149284254	2	13	1	0	0	0.0
0.0134532748819	0.0143149284254	2	14	1	0	0	0.0
0.014209299336	0.0163599182004	3	14	1	0	0	0.0
0.014408960708	0.0163599182004	3	15	1	0	0	0.0
0.014554392421	0.0184049079755	4	15	1	0	0	0.0
0.0149060472937	0.0184049079755	4	16	1	0	0	0.0
0.014986464277	0.0184049079755	4	17	1	0	0	0.0
0.0150576861793	0.0184049079755	4	18	1	0	0	0.0
0.0172064119009	0.0184049079755	4	19	1	0	0	0.0
0.0174149632198	0.0184049079755	4	20	1	0	0	0.0
0.0177911345292	0.0204498977505	5	20	1	0	0	0.0
0.0179434442917	0.0204498977505	5	21	1	0	0	0.0
0.0186650763665	0.0204498977505	5	22	1	0	0	0.0
0.0188898157046	0.0184049079755	6	22	1	0	0	0.0
0.0192840930646	0.0184049079755	6	23	1	0	0	0.0
0.0207939054743	0.0184049079755	6	24	1	0	0	0.0
0.0221895260884	0.0184049079755	6	25	1	0	0	0.0
0.0233850383957	0.0204498977505	7	25	1	0	0	0.0
0.0236876965666	0.0224948875256	8	25	1	0	0	0.0
0.0242023461528	0.0224948875256	8	26	1	0	0	0.0
0.0247997371437	0.0204498977505	9	26	1	0	0	0.0
0.0249335643267	0.0204498977505	9	27	1	0	0	0.0
0.0258680558008	0.0224948875256	10	27	1	0	0	0.0
0.0268217698222	0.0224948875256	10	28	1	0	0	0.0
0.0274990504891	0.0224948875256	10	29	1	0	0	0.0
0.0289830026772	0.0224948875256	10	30	1	0	0	0.0
0.0291772280533	0.0224948875256	10	31	1	0	0	0.0
0.0291936534411	0.0224948875256	10	32	1	0	0	0.0
0.0295487054039	0.0224948875256	10	33	1	0	0	0.0
0.0304638899399	0.0224948875256	10	34	1	0	0	0.0
0.0315054235643	0.0245398773006	11	34	1	0	0	0.0
0.0319333972171	0.0245398773006	11	35	1	0	0	0.0
0.0326071063465	0.0245398773006	11	36	1	0	0	0.0
0.0349272461664	0.0245398773006	11	37	1	0	0	0.0
0.0358557959237	0.0245398773006	11	38	1	0	0	0.0
0.0367210384284	0.0245398773006	11	39	1	0	0	0.0
0.0367788616795	0.0245398773006	11	40	1	0	0	0.0
0.0373717104031	0.0245398773006	11	41	1	0	0	0.0
0.038069027109	0.0245398773006	11	42	1	0	0	0.0
0.0382418531779	0.0245398773006	11	43	1	0	0	0.0
0.0386391854988	0.0265848670757	12	43	1	0	0	0.0
0.0401988281772	0.0265848670757	12	44	1	0	0	0.0
0.0403550701832	0.0265848670757	12	45	1	0	0	0.0
0.0413610504113	0.0245398773006	12	46	1	0	1	0.0769230769231
0.0425471405402	0.0245398773006	12	47	1	0	1	0.0769230769231
0.0431047015229	0.0245398773006	12	48	1	0	1	0.0769230769231
0.0431627757723	0.0245398773006	12	49	1	0	1	0.0769230769231
0.0435709416925	0.0265848670757	13	49	1	0	1	0.0714285714286
0.0438373130195	0.0265848670757	13	50	1	0	1	0.0714285714286
0.0454310539905	0.0286298568507	14	50	1	0	1	0.0666666666667
0.0457272217894	0.0286298568507	14	51	1	0	1	0.0666666666667
0.0457608538532	0.0306748466258	15	51	1	0	1	0.0625
0.0461917479868	0.0306748466258	15	52	1	0	1	0.0625
0.0480272731987	0.0306748466258	15	53	1	0	1	0.0625
0.0484317803146	0.0327198364008	16	53	1	0	1	0.0588235294118
0.0490495693975	0.0327198364008	16	54	1	0	1	0.0588235294118
0.0490952075705	0.0327198364008	16	55	1	0	1	0.0588235294118
0.0510491387687	0.0327198364008	16	56	1	0	1	0.0588235294118
0.0511409034688	0.0327198364008	16	57	1	0	1	0.0588235294118
0.0520243919083	0.0327198364008	16	58	1	0	1	0.0588235294118
0.0523864845124	0.0327198364008	16	59	1	0	1	0.0588235294118
0.052683302209	0.0347648261759	17	59	1	0	1	0.0555555555556
0.0528371794416	0.0347648261759	17	60	1	0	1	0.0555555555556
0.0542330274182	0.0347648261759	17	61	1	0	1	0.0555555555556
0.0544942475783	0.0347648261759	17	62	1	0	1	0.0555555555556
0.0553926266248	0.0347648261759	17	63	1	0	1	0.0555555555556
0.0554895104259	0.0347648261759	17	64	1	0	1	0.0555555555556
0.0555117736213	0.0347648261759	17	65	1	0	1	0.0555555555556
0.0557099763929	0.0347648261759	17	66	1	0	1	0.0555555555556
0.0557381134464	0.0368098159509	18	66	1	0	1	0.0526315789474
0.0558655049552	0.0368098159509	18	67	1	0	1	0.0526315789474
0.0558889393148	0.0368098159509	18	68	1	0	1	0.0526315789474
0.0583610789106	0.0368098159509	18	69	1	0	1	0.0526315789474
0.0604739417322	0.0368098159509	18	70	1	0	1	0.0526315789474
0.0605635702763	0.0368098159509	18	71	1	0	1	0.0526315789474
0.0612987951169	0.038854805726	19	71	1	0	1	0.05
0.0613659604884	0.038854805726	19	72	1	0	1	0.05
0.0635688998503	0.038854805726	19	73	1	0	1	0.05
0.0640304268239	0.038854805726	19	74	1	0	1	0.05
0.0641310337622	0.038854805726	19	75	1	0	1	0.05
0.0661781121904	0.038854805726	19	76	1	0	1	0.05
0.0670057541818	0.038854805726	19	77	1	0	1	0.05
0.0673350540239	0.040899795501	20	77	1	0	1	0.047619047619
0.0675582253505	0.040899795501	20	78	1	0	1	0.047619047619
0.0681586179517	0.0429447852761	21	78	1	0	1	0.0454545454545
0.0686908548875	0.0429447852761	21	79	1	0	1	0.0454545454545
0.06871434188	0.0429447852761	21	80	1	0	1	0.0454545454545
0.0691278604669	0.040899795501	22	80	1	0	1	0.0434782608696
0.0708976206396	0.040899795501	22	81	1	0	1	0.0434782608696
0.0717497874827	0.040899795501	22	82	1	0	1	0.0434782608696
0.0720148390001	0.040899795501	22	83	1	0	1	0.0434782608696
0.072084247003	0.040899795501	22	84	1	0	1	0.0434782608696
0.0728386406419	0.040899795501	22	85	1	0	1	0.0434782608696
0.0734332667793	0.040899795501	22	86	1	0	1	0.0434782608696
0.0737839600238	0.040899795501	22	87	1	0	1	0.0434782608696
0.0741592454799	0.0429447852761	23	87	1	0	1	0.0416666666667
0.0742397566278	0.0429447852761	23	88	1	0	1	0.0416666666667
0.0746065381753	0.0429447852761	23	89	1	0	1	0.0416666666667
0.0747543045095	0.0449897750511	24	89	1	0	1	0.04
0.0749525894483	0.0449897750511	24	90	1	0	1	0.04
0.0751658118019	0.0429447852761	24	91	1	0	2	0.0769230769231
0.0751889297482	0.0429447852761	24	92	1	0	2	0.0769230769231
0.0759690919017	0.0429447852761	24	93	1	0	2	0.0769230769231
0.0764549823732	0.0429447852761	24	94	1	0	2	0.0769230769231
0.0769892452105	0.0449897750511	25	94	1	0	2	0.0740740740741
0.077067782038	0.0470347648262	26	94	1	0	2	0.0714285714286
0.0772698543005	0.0470347648262	26	95	1	0	2	0.0714285714286
0.077357174919	0.0490797546012	27	95	1	0	2	0.0689655172414
0.0787978420244	0.0511247443763	28	95	1	0	2	0.0666666666667
0.0793403498496	0.0511247443763	28	96	1	0	2	0.0666666666667
0.0800313525516	0.0511247443763	28	97	1	0	2	0.0666666666667
0.0801606805697	0.0511247443763	28	98	1	0	2	0.0666666666667
0.0805320528176	0.0511247443763	28	99	1	0	2	0.0666666666667
0.0814834707612	0.0511247443763	28	100	1	0	2	0.0666666666667
0.083300213866	0.0511247443763	28	101	1	0	2	0.0666666666667
0.0834910341253	0.0531697341513	29	101	1	0	2	0.0645161290323
0.0835395772712	0.0531697341513	29	102	1	0	2	0.0645161290323
0.0857331225832	0.0531697341513	29	103	1	0	2	0.0645161290323
0.0863842688527	0.0531697341513	29	104	1	0	2	0.0645161290323
0.0864077558472	0.0531697341513	29	105	1	0	2	0.0645161290323
0.0866333325744	0.0531697341513	29	106	1	0	2	0.0645161290323
0.0868053568229	0.0531697341513	29	107	1	0	2	0.0645161290323
0.0872222193057	0.0511247443763	29	108	1	0	3	0.09375
0.0885382741873	0.0511247443763	29	109	1	0	3	0.09375
0.0889215239854	0.0531697341513	30	109	1	0	3	0.0909090909091
0.0897870679759	0.0531697341513	30	110	1	0	3	0.0909090909091
0.089883161649	0.0531697341513	30	111	1	0	3	0.0909090909091
0.0902338333465	0.0531697341513	30	112	1	0	3	0.0909090909091
0.0902559282085	0.0511247443763	31	112	1	0	3	0.0882352941176
0.0904904219634	0.0511247443763	31	113	1	0	3	0.0882352941176
0.0908053012119	0.0511247443763	31	114	1	0	3	0.0882352941176
0.0912859234041	0.0511247443763	31	115	1	0	3	0.0882352941176
0.0914448241859	0.0511247443763	31	116	1	0	3	0.0882352941176
0.0917342605325	0.0511247443763	31	117	1	0	3	0.0882352941176
0.0932226228288	0.0511247443763	31	118	1	0	3	0.0882352941176
0.093545859013	0.0511247443763	31	119	1	0	3	0.0882352941176
0.0937751300431	0.0511247443763	31	120	1	0	3	0.0882352941176
0.0940154671734	0.0511247443763	31	121	1	0	3	0.0882352941176
0.0949241190858	0.0511247443763	31	122	1	0	3	0.0882352941176
0.0960903903645	0.0511247443763	31	123	1	0	3	0.0882352941176
0.0961936684257	0.0511247443763	31	124	1	0	3	0.0882352941176
0.0963412170406	0.0511247443763	31	125	1	0	3	0.0882352941176
0.0970253565934	0.0490797546012	31	126	1	0	4	0.114285714286
0.0978653597117	0.0470347648262	31	127	1	0	5	0.138888888889
0.0982854809092	0.0470347648262	31	128	1	0	5	0.138888888889
0.0989898373841	0.0470347648262	31	129	1	0	5	0.138888888889
0.0993529721509	0.0470347648262	31	130	1	0	5	0.138888888889
0.0995528966326	0.0490797546012	32	130	1	0	5	0.135135135135
0.0996769754239	0.0490797546012	32	131	1	0	5	0.135135135135
0.101004361317	0.0490797546012	32	132	1	0	5	0.135135135135
0.101165826421	0.0490797546012	32	133	1	0	5	0.135135135135
0.102205518412	0.0490797546012	32	134	1	0	5	0.135135135135
0.103556026721	0.0490797546012	32	135	1	0	5	0.135135135135
0.10409086231	0.0490797546012	32	136	1	0	5	0.135135135135
0.104256157971	0.0490797546012	32	137	1	0	5	0.135135135135
0.104575738662	0.0490797546012	32	138	1	0	5	0.135135135135
0.10537300845	0.0490797546012	32	139	1	0	5	0.135135135135
0.10570785032	0.0490797546012	32	140	1	0	5	0.135135135135
0.10768594337	0.0490797546012	32	141	1	0	5	0.135135135135
0.108184755617	0.0490797546012	32	142	1	0	5	0.135135135135
0.10849624051	0.0470347648262	32	143	1	0	6	0.157894736842
0.108856753117	0.0470347648262	32	144	1	0	6	0.157894736842
0.110184353336	0.0490797546012	33	144	1	0	6	0.153846153846
0.11166613168	0.0511247443763	34	144	1	0	6	0.15
0.112887478208	0.0511247443763	34	145	1	0	6	0.15
0.113253976365	0.0511247443763	34	146	1	0	6	0.15
0.113565115004	0.0531697341513	35	146	1	0	6	0.146341463415
0.114012858459	0.0531697341513	35	147	1	0	6	0.146341463415
0.114699122494	0.0531697341513	35	148	1	0	6	0.146341463415
0.114808370408	0.0531697341513	35	149	1	0	6	0.146341463415
0.115402056752	0.0531697341513	35	150	1	0	6	0.146341463415
0.115855061039	0.0531697341513	35	151	1	0	6	0.146341463415
0.116515964717	0.0531697341513	35	152	1	0	6	0.146341463415
0.116682761156	0.0531697341513	35	153	1	0	6	0.146341463415
0.117318082189	0.0531697341513	35	154	1	0	6	0.146341463415
0.117554205523	0.0552147239264	36	154	1	0	6	0.142857142857
0.118565094739	0.0552147239264	36	155	1	0	6	0.142857142857
0.1186149396	0.0552147239264	36	156	1	0	6	0.142857142857
0.119698811714	0.0572597137014	37	156	1	0	6	0.139534883721
0.119757858918	0.0593047034765	38	156	1	0	6	0.136363636364
0.12052309452	0.0593047034765	38	157	1	0	6	0.136363636364
0.121287694702	0.0593047034765	38	158	1	0	6	0.136363636364
0.121493366149	0.0613496932515	39	158	1	0	6	0.133333333333
0.121800107901	0.0613496932515	39	159	1	0	6	0.133333333333
0.122842865966	0.0613496932515	39	160	1	0	6	0.133333333333
0.123238954205	0.0633946830266	40	160	1	0	6	0.130434782609
0.123402712574	0.0654396728016	41	160	1	0	6	0.127659574468
0.125768045262	0.0654396728016	41	161	1	0	6	0.127659574468
0.126730466169	0.0654396728016	41	162	1	0	6	0.127659574468
0.127957960982	0.0654396728016	41	163	1	0	6	0.127659574468
0.129641515249	0.0654396728016	41	164	1	0	6	0.127659574468
0.130334531273	0.0654396728016	41	165	1	0	6	0.127659574468
0.131949867179	0.0654396728016	41	166	1	0	6	0.127659574468
0.132767329402	0.0654396728016	41	167	1	0	6	0.127659574468
0.132781610081	0.0654396728016	41	168	1	0	6	0.127659574468
0.133384680119	0.0654396728016	41	169	1	0	6	0.127659574468
0.133568789262	0.0633946830266	41	170	1	0	7	0.145833333333
0.135815978206	0.0633946830266	41	171	1	0	7	0.145833333333
0.136448501783	0.0633946830266	41	172	1	0	7	0.145833333333
0.136536914504	0.0633946830266	41	173	1	0	7	0.145833333333
0.136817236743	0.0633946830266	41	174	1	0	7	0.145833333333
0.136915367612	0.0654396728016	42	174	1	0	7	0.142857142857
0.136939310949	0.0654396728016	42	175	1	0	7	0.142857142857
0.137367613483	0.0674846625767	43	175	1	0	7	0.14
0.138180508018	0.0695296523517	44	175	1	0	7	0.137254901961
0.138379114617	0.0674846625767	45	175	1	0	7	0.134615384615
0.138578766207	0.0695296523517	46	175	1	0	7	0.132075471698
0.138632907956	0.0695296523517	46	176	1	0	7	0.132075471698
0.138892736536	0.0695296523517	46	177	1	0	7	0.132075471698
0.139215515545	0.0695296523517	46	178	1	0	7	0.132075471698
0.139349011804	0.0695296523517	46	179	1	0	7	0.132075471698
0.139755716563	0.0695296523517	46	180	1	0	7	0.132075471698
0.140399731615	0.0695296523517	46	181	1	0	7	0.132075471698
0.140878512019	0.0695296523517	46	182	1	0	7	0.132075471698
0.142006516049	0.0695296523517	46	183	1	0	7	0.132075471698
0.143018799115	0.0695296523517	46	184	1	0	7	0.132075471698
0.144426942806	0.0715746421268	47	184	1	0	7	0.12962962963
0.14465484045	0.0715746421268	47	185	1	0	7	0.12962962963
0.14492223103	0.0715746421268	47	186	1	0	7	0.12962962963
0.145774824008	0.0715746421268	47	187	1	0	7	0.12962962963
0.146166782078	0.0715746421268	47	188	1	0	7	0.12962962963
0.146303194328	0.0715746421268	47	189	1	0	7	0.12962962963
0.146545894454	0.0695296523517	48	189	1	0	7	0.127272727273
0.148241560899	0.0674846625767	48	190	1	0	8	0.142857142857
0.148450307924	0.0674846625767	48	191	1	0	8	0.142857142857
0.148672722223	0.0695296523517	49	191	1	0	8	0.140350877193
0.149309773557	0.0695296523517	49	192	1	0	8	0.140350877193
0.149335714512	0.0695296523517	49	193	1	0	8	0.140350877193
0.150943694231	0.0695296523517	49	194	1	0	8	0.140350877193
0.151511049742	0.0674846625767	49	195	1	0	9	0.155172413793
0.152005571202	0.0674846625767	49	196	1	0	9	0.155172413793
0.152728724342	0.0695296523517	50	196	1	0	9	0.152542372881
0.152935015886	0.0715746421268	51	196	1	0	9	0.15
0.153279466044	0.0715746421268	51	197	1	0	9	0.15
0.153594680849	0.0715746421268	51	198	1	0	9	0.15
0.153925379469	0.0715746421268	51	199	1	0	9	0.15
0.154989914102	0.0715746421268	51	200	1	0	9	0.15
0.154995986369	0.0715746421268	51	201	1	0	9	0.15
0.155533477833	0.0715746421268	51	202	1	0	9	0.15
0.156443988061	0.0715746421268	51	203	1	0	9	0.15
0.156702772949	0.0715746421268	51	204	1	0	9	0.15
0.157064975479	0.0715746421268	51	205	1	0	9	0.15
0.158221583816	0.0715746421268	51	206	1	0	9	0.15
0.158888748751	0.0715746421268	51	207	1	0	9	0.15
0.159219106043	0.0715746421268	51	208	1	0	9	0.15
0.160387364505	0.0715746421268	51	209	1	0	9	0.15
0.160691278998	0.0715746421268	51	210	1	0	9	0.15
0.160866619815	0.0736196319018	52	210	1	0	9	0.147540983607
0.161009671652	0.0736196319018	52	211	1	0	9	0.147540983607
0.161159565473	0.0756646216769	53	211	1	0	9	0.145161290323
0.162691075708	0.0756646216769	53	212	1	0	9	0.145161290323
0.164774629437	0.0756646216769	53	213	1	0	9	0.145161290323
0.165249051508	0.0736196319018	53	214	1	0	10	0.15873015873
0.165264583426	0.0736196319018	53	215	1	0	10	0.15873015873
0.166226489462	0.0715746421268	53	216	1	0	11	0.171875
0.167179103627	0.0715746421268	53	217	1	0	11	0.171875
0.167434230554	0.0715746421268	53	218	1	0	11	0.171875
0.167637069679	0.0715746421268	53	219	1	0	11	0.171875
0.16771437569	0.0715746421268	53	220	1	0	11	0.171875
0.167866909712	0.0715746421268	53	221	1	0	11	0.171875
0.167889520913	0.0715746421268	53	222	1	0	11	0.171875
0.168113114027	0.0715746421268	53	223	1	0	11	0.171875
0.16908124361	0.0715746421268	53	224	1	0	11	0.171875
0.169536215595	0.0715746421268	53	225	1	0	11	0.171875
0.169572623957	0.0715746421268	53	226	1	0	11	0.171875
0.171226916271	0.0715746421268	53	227	1	0	11	0.171875
0.172117944807	0.0715746421268	53	228	1	0	11	0.171875
0.172461202856	0.0736196319018	54	228	1	0	11	0.169230769231
0.1728142266	0.0736196319018	54	229	1	0	11	0.169230769231
0.174261380309	0.0756646216769	55	229	1	0	11	0.166666666667
0.175389674209	0.0777096114519	56	229	1	0	11	0.164179104478
0.175624513969	0.0756646216769	57	229	1	0	11	0.161764705882
0.176282399815	0.0777096114519	58	229	1	0	11	0.159420289855
0.176440765372	0.0777096114519	58	230	1	0	11	0.159420289855
0.176879459639	0.0756646216769	58	231	1	0	12	0.171428571429
0.176964588109	0.0756646216769	58	232	1	0	12	0.171428571429
0.17741791055	0.0756646216769	58	233	1	0	12	0.171428571429
0.178547336088	0.0736196319018	59	233	1	0	12	0.169014084507
0.178686380076	0.0756646216769	60	233	1	0	12	0.166666666667
0.179063185955	0.0756646216769	60	234	1	0	12	0.166666666667
0.179680683884	0.0777096114519	61	234	1	0	12	0.164383561644
0.181691038351	0.0777096114519	61	235	1	0	12	0.164383561644
0.181705828324	0.079754601227	62	235	1	0	12	0.162162162162
0.182539028591	0.0777096114519	63	235	1	0	12	0.16
0.183076994261	0.0777096114519	63	236	1	0	12	0.16
0.183200923449	0.0777096114519	63	237	1	0	12	0.16
0.183982804419	0.0777096114519	63	238	1	0	12	0.16
0.184991854345	0.079754601227	64	238	1	0	12	0.157894736842
0.186104584771	0.081799591002	65	238	1	0	12	0.155844155844
0.186372480822	0.081799591002	65	239	1	0	12	0.155844155844
0.187357156633	0.081799591002	65	240	1	0	12	0.155844155844
0.188187121003	0.079754601227	66	240	1	0	12	0.153846153846
0.188537130948	0.079754601227	66	241	1	0	12	0.153846153846
0.188695072877	0.079754601227	66	242	1	0	12	0.153846153846
0.188852408327	0.079754601227	66	243	1	0	12	0.153846153846
0.18924333022	0.081799591002	67	243	1	0	12	0.151898734177
0.189431538635	0.081799591002	67	244	1	0	12	0.151898734177
0.190392423697	0.081799591002	67	245	1	0	12	0.151898734177
0.190405260449	0.081799591002	67	246	1	0	12	0.151898734177
0.190899715077	0.081799591002	67	247	1	0	12	0.151898734177
0.191503473995	0.079754601227	67	248	1	0	13	0.1625
0.191726629569	0.079754601227	67	249	1	0	13	0.1625
0.191817793741	0.079754601227	67	250	1	0	13	0.1625
0.191835486888	0.079754601227	67	251	1	0	13	0.1625
0.193906566744	0.0777096114519	68	251	1	0	13	0.16049382716
0.193979339876	0.0777096114519	68	252	1	0	13	0.16049382716
0.194069101249	0.079754601227	69	252	1	0	13	0.158536585366
0.194365514297	0.079754601227	69	253	1	0	13	0.158536585366
0.194519851299	0.079754601227	69	254	1	0	13	0.158536585366
0.196626543173	0.079754601227	69	255	1	0	13	0.158536585366
0.197493900733	0.079754601227	69	256	1	0	13	0.158536585366
0.197945565236	0.0777096114519	70	256	1	0	13	0.156626506024
0.197978682081	0.079754601227	71	256	1	0	13	0.154761904762
0.199144810945	0.081799591002	72	256	1	0	13	0.152941176471
0.199192831122	0.081799591002	72	257	1	0	13	0.152941176471
0.199343855363	0.081799591002	72	258	1	0	13	0.152941176471
0.199455366477	0.081799591002	72	259	1	0	13	0.152941176471
0.199765989969	0.079754601227	72	260	1	0	14	0.162790697674
0.199902332796	0.079754601227	72	261	1	0	14	0.162790697674
0.200774950751	0.079754601227	72	262	1	0	14	0.162790697674
0.201146308641	0.081799591002	73	262	1	0	14	0.16091954023
0.201434235668	0.079754601227	74	262	1	0	14	0.159090909091
0.201451158783	0.079754601227	74	263	1	0	14	0.159090909091
0.202612487492	0.079754601227	74	264	1	0	14	0.159090909091
0.20302596522	0.079754601227	74	265	1	0	14	0.159090909091
0.204439515268	0.079754601227	74	266	1	0	14	0.159090909091
0.204864324142	0.079754601227	74	267	1	0	14	0.159090909091
0.205783483646	0.079754601227	74	268	1	0	14	0.159090909091
0.205875641525	0.079754601227	74	269	1	0	14	0.159090909091
0.206252125685	0.079754601227	74	270	1	0	14	0.159090909091
0.206948977738	0.079754601227	74	271	1	0	14	0.159090909091
0.207146031551	0.079754601227	74	272	1	0	14	0.159090909091
0.207215414964	0.0777096114519	74	273	1	0	15	0.168539325843
0.207465248597	0.0777096114519	74	274	1	0	15	0.168539325843
0.20771225042	0.079754601227	75	274	1	0	15	0.166666666667
0.208097562933	0.079754601227	75	275	1	0	15	0.166666666667
