# time 	 divergence 	 # of mutations 	 # IGC chances 	 IGC length 	 # IGC failures 	 Changes due to IGC  	 % change due to IGC 
0.0	0.0102249488753	0	0	0	0	0	0.0
0.00142052426688	0.0102249488753	0	1	1	0	0	0.0
0.00153214618469	0.0122699386503	1	1	1	0	0	0.0
0.00162945294473	0.0122699386503	1	2	1	0	0	0.0
0.00460789611275	0.0143149284254	2	2	1	0	0	0.0
0.00471986199167	0.0143149284254	2	3	1	0	0	0.0
0.00506027468765	0.0143149284254	2	4	1	0	0	0.0
0.00584488467323	0.0143149284254	2	5	1	0	0	0.0
0.00635745960182	0.0163599182004	3	5	1	0	0	0.0
0.00659760774455	0.0184049079755	4	5	1	0	0	0.0
0.00815707275199	0.0184049079755	4	6	1	0	0	0.0
0.0112430071039	0.0204498977505	5	6	1	0	0	0.0
0.0112480945174	0.0224948875256	6	6	1	0	0	0.0
0.0116211384767	0.0245398773006	7	6	1	0	0	0.0
0.0142078480722	0.0245398773006	7	7	1	0	0	0.0
0.0148507134574	0.0265848670757	8	7	1	0	0	0.0
0.0156981457622	0.0265848670757	8	8	1	0	0	0.0
0.0161223271632	0.0265848670757	8	9	1	0	0	0.0
0.0166303624687	0.0265848670757	8	10	1	0	0	0.0
0.017452057069	0.0286298568507	9	10	1	0	0	0.0
0.0179570971703	0.0306748466258	10	10	1	0	0	0.0
0.0182815601867	0.0327198364008	11	10	1	0	0	0.0
0.0226919232281	0.0327198364008	11	11	1	0	0	0.0
0.0278129219746	0.0327198364008	11	12	1	0	0	0.0
0.0283461370495	0.0347648261759	12	12	1	0	0	0.0
0.0285733125686	0.0347648261759	12	13	1	0	0	0.0
0.0313893586603	0.0347648261759	12	14	1	0	0	0.0
0.0316524333625	0.0347648261759	12	15	1	0	0	0.0
0.0335308870016	0.0347648261759	12	16	1	0	0	0.0
0.033572306858	0.0368098159509	13	16	1	0	0	0.0
0.0346108076687	0.0368098159509	13	17	1	0	0	0.0
0.035635319464	0.0368098159509	13	18	1	0	0	0.0
0.0367687979562	0.0368098159509	13	19	1	0	0	0.0
0.0403259155063	0.0347648261759	14	19	1	0	0	0.0
0.0406773953031	0.0347648261759	14	20	1	0	0	0.0
0.0409472777425	0.0368098159509	15	20	1	0	0	0.0
0.0416400273828	0.0368098159509	15	21	1	0	0	0.0
0.0424884219384	0.0368098159509	15	22	1	0	0	0.0
0.0433496038945	0.0368098159509	15	23	1	0	0	0.0
0.0437070676501	0.0368098159509	15	24	1	0	0	0.0
0.0467207051894	0.0368098159509	15	25	1	0	0	0.0
0.0470616210578	0.0368098159509	15	26	1	0	0	0.0
0.0481799078821	0.038854805726	16	26	1	0	0	0.0
0.0482511156672	0.0368098159509	17	26	1	0	0	0.0
0.0485394290828	0.0368098159509	17	27	1	0	0	0.0
0.0522592893609	0.038854805726	18	27	1	0	0	0.0
0.052494304442	0.040899795501	19	27	1	0	0	0.0
0.0529489684018	0.0429447852761	20	27	1	0	0	0.0
0.0549637532805	0.0449897750511	21	27	1	0	0	0.0
0.0555000523057	0.0449897750511	21	28	1	0	0	0.0
0.0572929010903	0.0449897750511	21	29	1	0	0	0.0
0.058167183018	0.0449897750511	21	30	1	0	0	0.0
0.0589702231938	0.0449897750511	21	31	1	0	0	0.0
0.0591995842027	0.0449897750511	21	32	1	0	0	0.0
0.0596390336381	0.0449897750511	21	33	1	0	0	0.0
0.0599854755072	0.0449897750511	21	34	1	0	0	0.0
0.060804087686	0.0470347648262	22	34	1	0	0	0.0
0.0637776970018	0.0490797546012	23	34	1	0	0	0.0
0.0638186500801	0.0490797546012	23	35	1	0	0	0.0
0.0642052307869	0.0490797546012	23	36	1	0	0	0.0
0.0650739988837	0.0490797546012	23	37	1	0	0	0.0
0.0677260215002	0.0490797546012	23	38	1	0	0	0.0
0.0677496516228	0.0490797546012	23	39	1	0	0	0.0
0.0685138352182	0.0490797546012	23	40	1	0	0	0.0
0.0713200588025	0.0470347648262	24	40	1	0	0	0.0
0.0730012022389	0.0490797546012	25	40	1	0	0	0.0
0.0732162011802	0.0490797546012	25	41	1	0	0	0.0
0.0745022704106	0.0470347648262	26	41	1	0	0	0.0
0.0747259242821	0.0470347648262	26	42	1	0	0	0.0
0.0747460328977	0.0470347648262	26	43	1	0	0	0.0
0.0777331843382	0.0470347648262	26	44	1	0	0	0.0
0.0787658488563	0.0490797546012	27	44	1	0	0	0.0
0.0793770844327	0.0511247443763	28	44	1	0	0	0.0
0.08011031617	0.0531697341513	29	44	1	0	0	0.0
0.0812262659798	0.0511247443763	30	44	1	0	0	0.0
0.081739074325	0.0511247443763	30	45	1	0	0	0.0
0.0821798656325	0.0511247443763	30	46	1	0	0	0.0
0.0832216734153	0.0511247443763	30	47	1	0	0	0.0
0.0855545609709	0.0490797546012	31	47	1	0	0	0.0
0.0864208646178	0.0490797546012	31	48	1	0	0	0.0
0.0889299757235	0.0490797546012	31	49	1	0	0	0.0
0.0891557875597	0.0490797546012	31	50	1	0	0	0.0
0.0894212049578	0.0490797546012	31	51	1	0	0	0.0
0.0897445854002	0.0490797546012	31	52	1	0	0	0.0
0.089862023128	0.0490797546012	31	53	1	0	0	0.0
0.091110482335	0.0490797546012	31	54	1	0	0	0.0
0.0916968162579	0.0490797546012	31	55	1	0	0	0.0
0.0960476515388	0.0490797546012	31	56	1	0	0	0.0
0.0973845123506	0.0511247443763	32	56	1	0	0	0.0
0.0979710125456	0.0531697341513	33	56	1	0	0	0.0
0.0990184259093	0.0531697341513	33	57	1	0	0	0.0
0.0993581628483	0.0511247443763	34	57	1	0	0	0.0
0.101667744891	0.0511247443763	34	58	1	0	0	0.0
0.101871634953	0.0531697341513	35	58	1	0	0	0.0
0.102195913831	0.0531697341513	35	59	1	0	0	0.0
0.104910026785	0.0531697341513	35	60	1	0	0	0.0
0.106106262285	0.0511247443763	36	60	1	0	0	0.0
0.106483779402	0.0531697341513	37	60	1	0	0	0.0
0.107258867461	0.0552147239264	38	60	1	0	0	0.0
0.107589591931	0.0572597137014	39	60	1	0	0	0.0
0.108329703986	0.0593047034765	40	60	1	0	0	0.0
0.10922656191	0.0613496932515	41	60	1	0	0	0.0
0.111577826592	0.0633946830266	42	60	1	0	0	0.0
0.112130124905	0.0633946830266	42	61	1	0	0	0.0
0.114111412789	0.0654396728016	43	61	1	0	0	0.0
0.115140613404	0.0674846625767	44	61	1	0	0	0.0
0.117590211805	0.0695296523517	45	61	1	0	0	0.0
0.118885948282	0.0715746421268	46	61	1	0	0	0.0
0.119150167399	0.0715746421268	46	62	1	0	0	0.0
0.122360279906	0.0715746421268	46	63	1	0	0	0.0
0.12337817339	0.0736196319018	47	63	1	0	0	0.0
0.123727427471	0.0736196319018	47	64	1	0	0	0.0
0.125216670754	0.0756646216769	48	64	1	0	0	0.0
0.126842499844	0.0756646216769	48	65	1	0	0	0.0
0.127215887341	0.0756646216769	48	66	1	0	0	0.0
0.127477012058	0.0756646216769	48	67	1	0	0	0.0
0.130775843178	0.0756646216769	48	68	1	0	0	0.0
0.131613670329	0.0756646216769	48	69	1	0	0	0.0
0.133114222808	0.0777096114519	49	69	1	0	0	0.0
0.134870483193	0.079754601227	50	69	1	0	0	0.0
0.135842780426	0.0777096114519	50	70	1	0	1	0.0196078431373
0.136428082522	0.0756646216769	51	70	1	0	1	0.0192307692308
0.137001667309	0.0777096114519	52	70	1	0	1	0.0188679245283
0.137217269395	0.0777096114519	52	71	1	0	1	0.0188679245283
0.138361932847	0.079754601227	53	71	1	0	1	0.0185185185185
0.139787463258	0.079754601227	53	72	1	0	1	0.0185185185185
0.140132027706	0.079754601227	53	73	1	0	1	0.0185185185185
0.140876596599	0.079754601227	53	74	1	0	1	0.0185185185185
0.142697322592	0.079754601227	53	75	1	0	1	0.0185185185185
0.148059456099	0.079754601227	53	76	1	0	1	0.0185185185185
0.148343360541	0.079754601227	53	77	1	0	1	0.0185185185185
0.149004255513	0.079754601227	53	78	1	0	1	0.0185185185185
0.149964953991	0.079754601227	53	79	1	0	1	0.0185185185185
0.15059075534	0.079754601227	53	80	1	0	1	0.0185185185185
0.151691029018	0.079754601227	53	81	1	0	1	0.0185185185185
0.152477577175	0.079754601227	53	82	1	0	1	0.0185185185185
0.152520416791	0.081799591002	54	82	1	0	1	0.0181818181818
0.155156892781	0.0838445807771	55	82	1	0	1	0.0178571428571
0.15674382802	0.0838445807771	55	83	1	0	1	0.0178571428571
0.157209461089	0.0838445807771	56	83	1	0	1	0.0175438596491
0.158277929079	0.0838445807771	56	84	1	0	1	0.0175438596491
0.158550731861	0.0838445807771	56	85	1	0	1	0.0175438596491
0.158966417686	0.0838445807771	56	86	1	0	1	0.0175438596491
0.160196790538	0.0858895705521	57	86	1	0	1	0.0172413793103
0.160302745021	0.0858895705521	57	87	1	0	1	0.0172413793103
0.16074401157	0.0858895705521	58	87	1	0	1	0.0169491525424
0.163038527883	0.0858895705521	58	88	1	0	1	0.0169491525424
0.163166655353	0.0858895705521	58	89	1	0	1	0.0169491525424
0.165563925099	0.0838445807771	59	89	1	0	1	0.0166666666667
0.168415696847	0.0838445807771	59	90	1	0	1	0.0166666666667
0.170911118905	0.081799591002	60	90	1	0	1	0.016393442623
0.171281061804	0.081799591002	60	91	1	0	1	0.016393442623
0.172118964602	0.081799591002	60	92	1	0	1	0.016393442623
0.17838084411	0.0838445807771	61	92	1	0	1	0.0161290322581
0.179674231269	0.0838445807771	61	93	1	0	1	0.0161290322581
0.180303498145	0.0838445807771	61	94	1	0	1	0.0161290322581
0.182447414336	0.0838445807771	61	95	1	0	1	0.0161290322581
0.182669099672	0.081799591002	62	95	1	0	1	0.015873015873
0.184709054013	0.081799591002	62	96	1	0	1	0.015873015873
0.184759687033	0.0838445807771	63	96	1	0	1	0.015625
0.187268627012	0.0838445807771	63	97	1	0	1	0.015625
0.188768636824	0.0838445807771	63	98	1	0	1	0.015625
0.18919378537	0.0838445807771	63	99	1	0	1	0.015625
0.190019301773	0.0838445807771	63	100	1	0	1	0.015625
0.190894359661	0.0838445807771	63	101	1	0	1	0.015625
0.190909855383	0.0838445807771	63	102	1	0	1	0.015625
0.196123529963	0.0858895705521	64	102	1	0	1	0.0153846153846
0.198451464937	0.0858895705521	64	103	1	0	1	0.0153846153846
0.198680637869	0.0879345603272	65	103	1	0	1	0.0151515151515
0.204902336409	0.0879345603272	65	104	1	0	1	0.0151515151515
0.207388226339	0.0879345603272	65	105	1	0	1	0.0151515151515
0.20756727529	0.0879345603272	65	106	1	0	1	0.0151515151515
0.208809236677	0.0858895705521	65	107	1	0	2	0.0298507462687
