# time 	 divergence 	 # of mutations 	 # IGC chances 	 IGC length 	 # IGC failures 	 Changes due to IGC  	 % change due to IGC 
0.0	0.0122699386503	0	0	0	0	0	0.0
0.00172964606596	0.0143149284254	1	0	0	0	0	0.0
0.00367391630326	0.0163599182004	2	0	0	0	0	0.0
0.0051371906242	0.0184049079755	3	0	0	0	0	0.0
0.00584694973442	0.0204498977505	4	0	0	0	0	0.0
0.00900779522283	0.0224948875256	5	0	0	0	0	0.0
0.0108584002913	0.0245398773006	6	0	0	0	0	0.0
0.0131246589698	0.0265848670757	7	0	0	0	0	0.0
0.0136961676991	0.0286298568507	8	0	0	0	0	0.0
0.0162326194402	0.0306748466258	9	0	0	0	0	0.0
0.0179354457017	0.0327198364008	10	0	0	0	0	0.0
0.0194857143293	0.0347648261759	11	0	0	0	0	0.0
0.0211640136205	0.0368098159509	12	0	0	0	0	0.0
0.0212904554458	0.038854805726	13	0	0	0	0	0.0
0.0268087201651	0.040899795501	14	0	0	0	0	0.0
0.0270338477004	0.0429447852761	15	0	0	0	0	0.0
0.0278838083022	0.0449897750511	16	0	0	0	0	0.0
0.0307495857868	0.0470347648262	17	0	0	0	0	0.0
0.0405870802338	0.0490797546012	18	0	0	0	0	0.0
0.0427042000553	0.0511247443763	19	0	0	0	0	0.0
0.0441379830595	0.0531697341513	20	0	0	0	0	0.0
0.0447954553065	0.0552147239264	21	0	0	0	0	0.0
0.0464709013172	0.0572597137014	22	0	0	0	0	0.0
0.0500578683723	0.0593047034765	23	0	0	0	0	0.0
0.0522912856029	0.0613496932515	24	0	0	0	0	0.0
0.0691708646639	0.0633946830266	25	0	0	0	0	0.0
0.0694733618552	0.0654396728016	26	0	0	0	0	0.0
0.0712813641071	0.0674846625767	27	0	0	0	0	0.0
0.0745301753286	0.0695296523517	28	0	0	0	0	0.0
0.0775740531103	0.0715746421268	29	0	0	0	0	0.0
0.079808003336	0.0715746421268	30	0	0	0	0	0.0
0.0821490354033	0.0736196319018	31	0	0	0	0	0.0
0.0829378665113	0.0756646216769	32	0	0	0	0	0.0
0.0868840560042	0.0777096114519	33	0	0	0	0	0.0
0.0887368758483	0.079754601227	34	0	0	0	0	0.0
0.089825722574	0.0633946830266	34	1	117	0	8	0.190476190476
0.0928231198448	0.0654396728016	35	1	117	0	8	0.186046511628
0.0975839423009	0.0674846625767	36	1	117	0	8	0.181818181818
0.0980993173963	0.0695296523517	37	1	117	0	8	0.177777777778
0.101266625829	0.0715746421268	38	1	117	0	8	0.173913043478
0.11128938108	0.0736196319018	39	1	117	0	8	0.170212765957
0.114172709709	0.0715746421268	40	1	117	0	8	0.166666666667
0.115793567712	0.0736196319018	41	1	117	0	8	0.163265306122
0.116484586423	0.0756646216769	42	1	117	0	8	0.16
0.118151382632	0.0777096114519	43	1	117	0	8	0.156862745098
0.11950820619	0.079754601227	44	1	117	0	8	0.153846153846
0.123904756673	0.081799591002	45	1	117	0	8	0.150943396226
0.125708884728	0.0838445807771	46	1	117	0	8	0.148148148148
0.127070123808	0.0858895705521	47	1	117	0	8	0.145454545455
0.128380070083	0.0879345603272	48	1	117	0	8	0.142857142857
0.128815027215	0.0899795501022	49	1	117	0	8	0.140350877193
0.130082099522	0.0920245398773	50	1	117	0	8	0.137931034483
0.130173101365	0.0940695296524	51	1	117	0	8	0.135593220339
0.132058617294	0.0920245398773	52	1	117	0	8	0.133333333333
0.1359420813	0.0920245398773	53	1	117	0	8	0.131147540984
0.136082868591	0.0920245398773	54	1	117	0	8	0.129032258065
0.137285729971	0.0940695296524	55	1	117	0	8	0.126984126984
0.138771063244	0.0961145194274	56	1	117	0	8	0.125
0.143145988331	0.0981595092025	57	1	117	0	8	0.123076923077
0.144773688983	0.100204498978	58	1	117	0	8	0.121212121212
0.151173555374	0.0899795501022	58	2	34	0	13	0.183098591549
0.152239503939	0.0920245398773	59	2	34	0	13	0.180555555556
0.154028092827	0.0940695296524	60	2	34	0	13	0.178082191781
0.15460183682	0.0961145194274	61	2	34	0	13	0.175675675676
0.15565936156	0.0981595092025	62	2	34	0	13	0.173333333333
0.162208186946	0.100204498978	63	2	34	0	13	0.171052631579
0.164266007703	0.102249488753	64	2	34	0	13	0.168831168831
0.165188795425	0.104294478528	65	2	34	0	13	0.166666666667
