# time 	 divergence 	 # of mutations 	 # IGC chances 	 IGC length 	 # IGC failures 	 Changes due to IGC  	 % change due to IGC 
0.0	0.0081799591002	0	0	0	0	0	0.0
0.00645390243609	0.0102249488753	1	0	0	0	0	0.0
0.00735916859896	0.0122699386503	2	0	0	0	0	0.0
0.0088681593037	0.0143149284254	3	0	0	0	0	0.0
0.00904880688807	0.0163599182004	4	0	0	0	0	0.0
0.0103571922779	0.0184049079755	5	0	0	0	0	0.0
0.0113135665447	0.0204498977505	6	0	0	0	0	0.0
0.0121883799941	0.0224948875256	7	0	0	0	0	0.0
0.0168588881202	0.0245398773006	8	0	0	0	0	0.0
0.0196043971605	0.0265848670757	9	0	0	0	0	0.0
0.021746351904	0.0286298568507	10	0	0	0	0	0.0
0.0232217224257	0.0306748466258	11	0	0	0	0	0.0
0.0270894569101	0.0306748466258	12	0	0	0	0	0.0
0.02943140624	0.0327198364008	13	0	0	0	0	0.0
0.0302274391738	0.0347648261759	14	0	0	0	0	0.0
0.0302955994801	0.0368098159509	15	0	0	0	0	0.0
0.0326509903543	0.038854805726	16	0	0	0	0	0.0
0.0371806671668	0.040899795501	17	0	0	0	0	0.0
0.0418550781739	0.040899795501	17	1	47	0	0	0.0
0.0428449966968	0.0429447852761	18	1	47	0	0	0.0
0.0429434904529	0.040899795501	19	1	47	0	0	0.0
0.0452814730392	0.0429447852761	20	1	47	0	0	0.0
0.0466481152277	0.0449897750511	21	1	47	0	0	0.0
0.0492834936995	0.0449897750511	22	1	47	0	0	0.0
0.0499444228692	0.0470347648262	23	1	47	0	0	0.0
0.0514183943048	0.0449897750511	24	1	47	0	0	0.0
0.0563191793864	0.0470347648262	25	1	47	0	0	0.0
0.0579769359449	0.0490797546012	26	1	47	0	0	0.0
0.0671270665286	0.0511247443763	27	1	47	0	0	0.0
0.0682257230616	0.0531697341513	28	1	47	0	0	0.0
0.0691265898262	0.0552147239264	29	1	47	0	0	0.0
0.0711505705177	0.0572597137014	30	1	47	0	0	0.0
0.0756657092595	0.0593047034765	31	1	47	0	0	0.0
0.076001747709	0.0613496932515	32	1	47	0	0	0.0
0.0777017193493	0.0633946830266	33	1	47	0	0	0.0
0.0819905939257	0.0654396728016	34	1	47	0	0	0.0
0.082609226131	0.0674846625767	35	1	47	0	0	0.0
0.082834100788	0.0674846625767	36	1	47	0	0	0.0
0.0836267064493	0.0654396728016	37	1	47	0	0	0.0
0.0904339505495	0.0633946830266	38	1	47	0	0	0.0
0.101079396013	0.0654396728016	39	1	47	0	0	0.0
0.101626100297	0.0674846625767	40	1	47	0	0	0.0
0.102973341991	0.0674846625767	41	1	47	0	0	0.0
0.103570054102	0.0695296523517	42	1	47	0	0	0.0
0.103798326379	0.0715746421268	43	1	47	0	0	0.0
0.106175758323	0.0736196319018	44	1	47	0	0	0.0
0.106799260854	0.0756646216769	45	1	47	0	0	0.0
0.113304801794	0.0777096114519	46	1	47	0	0	0.0
0.121022530458	0.079754601227	47	1	47	0	0	0.0
0.122121129302	0.081799591002	48	1	47	0	0	0.0
0.122800337767	0.0838445807771	49	1	47	0	0	0.0
0.126231482263	0.0858895705521	50	1	47	0	0	0.0
0.127911478071	0.0879345603272	51	1	47	0	0	0.0
0.130402945304	0.0899795501022	52	1	47	0	0	0.0
0.131552574539	0.0920245398773	53	1	47	0	0	0.0
0.131974573842	0.0940695296524	54	1	47	0	0	0.0
0.135269342632	0.0920245398773	55	1	47	0	0	0.0
0.137845099028	0.0777096114519	55	2	91	0	7	0.112903225806
0.148286676819	0.079754601227	56	2	91	0	7	0.111111111111
0.149121610359	0.079754601227	57	2	91	0	7	0.109375
0.154966828235	0.081799591002	58	2	91	0	7	0.107692307692
0.157134317855	0.0838445807771	59	2	91	0	7	0.106060606061
0.167208456102	0.0858895705521	60	2	91	0	7	0.10447761194
0.16843894515	0.0879345603272	61	2	91	0	7	0.102941176471
0.172455010148	0.0858895705521	62	2	91	0	7	0.101449275362
0.176391915578	0.0879345603272	63	2	91	0	7	0.1
0.180941597828	0.0899795501022	64	2	91	0	7	0.0985915492958
0.181627595048	0.0920245398773	65	2	91	0	7	0.0972222222222
0.185682712308	0.0940695296524	66	2	91	0	7	0.0958904109589
0.186551727603	0.0961145194274	67	2	91	0	7	0.0945945945946
0.186584099588	0.0940695296524	67	3	6	0	8	0.106666666667
0.196600554925	0.0961145194274	68	3	6	0	8	0.105263157895
0.197538439234	0.0981595092025	69	3	6	0	8	0.103896103896
0.199898883901	0.100204498978	70	3	6	0	8	0.102564102564
0.202342623652	0.102249488753	71	3	6	0	8	0.101265822785
0.204464320792	0.104294478528	72	3	6	0	8	0.1
0.204565289997	0.106339468303	73	3	6	0	8	0.0987654320988
