cnumpy.random
__RandomState_ctor
p1
(tRp2
(S'MT19937'
p3
cnumpy.core.multiarray
_reconstruct
p4
(cnumpy
ndarray
p5
(I0
tS'b'
tRp6
(I1
(I624
tcnumpy
dtype
p7
(S'u4'
I0
I1
tRp8
(I3
S'<'
NNNI-1
I-1
I0
tbI00
S'\xef\x8a\x13\xe7\x93\xbe\xfb\xc0>\x13\xb3$\x97\xd7\xc9\x83\xd0\x9bg\x82H\x94/7R\xfe2\x93\x9f?r\x0eW:\xbcD;W\xbe=;\xaa\x88\xa8\x9c\xaa\x8e\x9e\xd0\xe9\xe6L\xc1l\xc2\xacM2\x9f\xe3\x82P\x83\xcc\x1f\xdc\xe5-\xc4\xdb\x04\x82^\x9a\x85m\x80\x90\x10#2\x0c\x86\x1c\xba\x0b\xd3JmQC)\x80\xcfd\x9fE\x11]\x18\xcd\xa3.oL\xe7\x82\xde\x1d\xc1\xd7\xc4\xa2y\xf8ZT\x9a\xbb\xe9e\x8cF%\xf0\xd0\x10v\x1e\xe5\xa1_\xeaY!\x1a\xd8;Z5O\x8bm\xe4\x13\xdd\x02G\x1f\xb5s49\xec8\xc6\xe7\x95\x87K\x1e\xcd\x9b.Ov\xdf\xc9\x85\x93Gc\x8ak\x88\t\xa4\x13\xc6\xa5K\x1e$\x89^\xb2\xe1\x99\x8c\xdc\x1d\xaeJ\xef\x19\x07\xc8\x9d\xc8\x1e\xf3\xc8\xfe\x9e\x95\x17\xc5t\xa9\xad{\xeany\xf8\'vo\x8dO\x9d\x89\xd1\xea+\xab\xdc\xdf\xe6\x1d\xb0\xab04\x19\x99\x85\x9f\x92\x88\x13\x89\x16\xc6=\xc5\xc7\xdb6x\x08)\xe7d6ZsO\xfe\x1d\x9f\xb1\x91\xd9\x0f\xea\xaa\x93C\xbcoO\xac\xb4\x03\reeei\xff\xf9^\xf0O\xad\xd50\x85.\xa1f-[\xfb\xb8z\xa2\xcc\xea\xb9Y\x7f\xea\x17\xc9.\xd9\xabl\xd7\xc2\xb7t\x01\x1f2\xb1h\x94|S\xc1\x08\x12zbd\x135O$\x1a\xb0\xa8X\x18\x04Fe{\x0f\xc9\x9d[g\x12\xa7mB)\xe9\xf3\xfb\x07\x96(\xcf\xac\x89g\x91\x90"T0\xe6\x15&\xb4e\x8d\x9f\xa7\xef\x98\xdb~\xad\xea8\x15y\xeb"\x96K\xd5\xda]\xf4\xb1\xa7\xe4\xb4\x95\xe7mk\x19\xb8\xe9\xf2\x19\xea\x81\x18\xc6\xce\x86\xc4\xbd\xed\x8c\x80\x93\x81\xdf\xdb\xa1\x9b\x0c7\xb3p\xe3@\x92c\xedywh\x93GZ)<\x10\xe8\xcd\xf2=\xd2\x00\xcb\xae1\\d)\xb2\xff\x96\xa9\xb6\xca\xad\x10\x85\r>\x7f\xe2\xd4\x8d1,\x88Jxv\x82\x86\xdeK\x16\xec\xd3\xd93\xb2t\x9aQ\x82\xb2:\xa6\xf9d\xfb\xc8u8\x8bd\x9cnC\xd4\\\xf4\xd9\x03\xee$`k\xce\xf5c`U\x8f\x8a\xce\xc6s\x91\xc1G"\x92\xed|\xb2\xbbp\xd9=\xc9\x18\x1e\xfaB\xf9\xcf\xa9U\x86\xe2\xca|6\x1b}\x11\x7f\xd6\xfc\x93\xda\x06\xfd\x91\x95{\t\x88\\\xb03z\xba\x9d\x96\x85\xce\xef\x03\x97(|%\xe9\xe9@\xc5\x00A\x99@T\xdc\xd6\xca\xe2\xed\x1aU\xef\xeas\xf9\x02\xc5\xe5\xe7+\x9fH\x97~p\xe1\tm\x00e\xe0\x18z\xb2\xa9\x9f\\\xaa\xb2lS\x95}\x05\xd6\xd4k>\xed\x0c\xd9\xd3\xaa}O\x02\x02J\xb5\xc2\xa99G\xfbo\xa9\x19Pd\xcb\xd6c\x05l\r\x92\x00J\x87\t\x93\x9d\xe0\xe7\x04\xda\xfb\x07\xf5O*\x04t\xfc7\xbf*\xa0`<Z\xf4\xf4\x17\xa8m\x9eM\x83\x0bIw\xd4\x15\x1e\x8a\xf7\xf9\x87\xb1\xf3\xde;\xdc\xb7\x93s\xb0\xf9a\r0\x8c\x81\x9d\xcbA\xe1}s^\xc8\x87\xe9\x02o\xce\x8a\xbf\xef\xd4t\x18\x84\xbe\x9e1\x82(\xac})\xfc\xce\x970mc\x07wA\xff\xa9\x17\x15\xfe\xc2\x8f\x1e(\x0c\xa7/\x9a\xc1\x9b^\xa2\x98\x9b\x02\xa5\t@\xf4\xe4W\x8aR\xe6A\x85\xbd\xdaW-6\x95N\xbd\xc6gkg\x8a\xe7\n\xdcP\xbe&\xb0\xc4@\xbc\xaf"\xdbrM\xd2\xa8^g\xb6\xd6\xae\xa3\x05\xab\xf1\xf8\x80\\\xce\xe7;\xe97\xba\xa9\x83\xc7\x96\xb9\x8d\x7fb\x03\xe5\xf9\xe5\xb1Y\xb9\xe6\xb2\xf3\x91\xd0\x0c\xc1\xb0\xd0!pI\x0cH1\xebI\xf6\xee\xdc}{\xcd\x82>51\x91\xf4{\xd4x\x96f\t0\xa1\x84\x9a6|\xdc\xd5\xc5\n01^#\xab\xfa\x88\xd3\xefg\xe9\x01\xed\xc5/\xf6\xbe.\xff-o\x9dtY\xd8\\\x01\x9e\xae\xa4J$X\xf3QpVC\x7f\x14\x10\x9a9\xab\x0e\x01GI&mqGIb\x0f<GP\xda\xff\xa2\n\xb6m}\xc7\x12+\x10\xa5<\xc6\xf0\xc8\x98\xae\xd7}\x00\xca6\xc9!\x89\xb4td\t8\xae\x06F\xc4\x8d\xca\x812\x175\x00U\x9e\xfa\xb4\x80\xaah\xac~\x9d\xad\xbfC\xcc\xec\\\x9a\x14\xe9\xc4N\x9e\xc3%\xdf\r\x96\xe1\x176\xab\xe2\x10\xc1\xb3[\xab\x99k9y\xd8\xbb\xd1\x9f\xb92\xda\xaf"0\xe3lt\x98\xc1\xd8\x1a\xb1\x88R\xeb+\xd7\x91\xd2\xe4\xc9\xf5`\xa3\x9a\xd9\xca\xe7\xaf\xd2\xb7H\xea\xe6\xf7\x91\xb0\x8c\xf9\x06;y\xdft\x0e\x1a\x0c\xc6\x99\xbdQ\xdd{`86\x93\xb5\xc5\xb1\x0f\x98\xaa\x1c\x89\x1b9M\x89\x18\'\xd6\xbc\xc2\xf6""o\xdf\x93\x1b\xe2\x05rI!\xb7\xdc\'\xc7O\x00\x89\x1f\x8f^\xb0*\xe9s\xdc\x0c\xf4\x89\x0e\xd3\x01\xeebk\xe0\x94.\xcc\xe4\xd0Q~\x18\xef\x13[\x10f\xc1\x01q\x80\x0c\':+@\xf0B@\x9ae\x07\xa4\xb4\x816H\x97\xeb\n\xf9gQ\xf2\xf1\x8cx\xa6\x88\xcef\x9c\x9f\x8f\x1b\x87\xf6?moQ\x14p\x81\xee\xbd\xf7\xda\x1a+(\xad*/\x12\x84\x10\xf8\x82^$\x8d\xb8f\xed\xaf\xb1.\x18\xdc\x93"\x92\x15\xbc\\\n\xc4\x8b\xfa\xd7V~\x0c\xabB\xc9\xef\xc4R\xf3M:\x10\x9d\xe1@\xb2\xc2\xa0\xeaNW\x98\xb0\x95\x05\xee\xe8\xc6-O\xe8\xb0_\x12\xeba\xdb\r\xb9\x95\xcd\x82<\xe3\xb7\xc5uzQG4\xca+\x81\x06-\xaa\xb1\x9bz\x96\xb0\xcb\t\x0eG\xb1\xfe\xda\xa4\\\xf1\xf4\xa2\xbd?1z^\x06Kb\xe7r+\xea\xa6&\xe7\x00#\x16o\x87&^cm\xd1\xa5\xb0w\x86\x05\xcc\xb4D\xfbR\xc1\xcb\xc0\xf1^\x9a6\\\xcf\x16\xaa-\xae\x14\xef\xb9MqKB\x1e\xd5\x00\xec\xac\x06\xfc\xef"\xe0\x94 \xd1\xb8\xeeA\xe6V\xda"\xd9#\x1ez\xfa\x1bn|!6\x07\xe0g\xab\xf8\x18\x86q\x02\x88\xbaGo\xad\x11\xc1\xa5(\xe0g\xd9"\xd0\x8b\xd7e-\x82s\x94\xfa\xec\x05\x8c\xd6L^\x96C\xcc"@4\'3\xd0\xc1C\xde\x9c?\xc8\xf2fr\xfb<\\K~\x00l3\x90X;\xad\xff[SK\x88\xf5\x80B\xb7\x9e\xf8Q@\x89a\xa3\xc7\x96f\x8e\xa91\x86\x1f\xad\xf5\xf4\xd1\xa3O\x95\x10\x1c_p\x86qb\xa7\xd5\xb0V\x07\xfa\x05\xa4\xb4\xb0\xab\xab\x84J5E\xd9\xec\xbeP\x13\x91\x95\xbe\x1f2o\xefly\x9d"\xf0\xa4vi\x1dq\x17\xc5\xea\xdfF\x94\x92<\x18\xc6\xdc\x04W\xf6]\xe9\x00\xf4=\xad_\n\xcb8\x7fNx\x88\xb5\x166\x84\x9e\x00\xc8\xaf\xb8\xfdD\xbf}\xc2-\xd9K#Op\xb5Q\xc7\x9d\xb5\xca\r\xe0\n\xabdpl\xc1\xa6\x88DY\x93\xcc&\xf0@1\xd2\xc6\x04\\\xfa\x8c\xc0\rU\x1f\xcf>\x04\r"\x9e{\xac\xb7\xe9v\x06\xb2\x16O\xcd\xbd)n$\x9b\x9f\xbf\x19\xe1\xc9e\xd9\x84\x95d\x141\xdcTW\xda\x92\xcd\x89\xb7\x18)\x9f\xd3\x0b\xa1"\xd2\xf2\xf0,\x9b\xee`\x15\xea\xfe\x1cU\xe5\x1b\xea\x1d\xe2\xd9\x197!\xd6\xaa\xf3\xb8\xfe\xc4\x1e\x0f<\xaa\xc9U\xfd\x82]8\nY\xc6\x13\x0b#T\xd6\xa6\xc5\x1b\xc0e\x9aS\x19\x8cC\x8c#\xb4\xa3\xa7\x9f\x99\x9b\x14\xbdDO\xd6\x16\xd5y\x126\xf6\xe6\xd3\x950k\xe7o!8\x185\xd2\xdaiN\xaf\xbd\x00\x82]\xe7\xf4.\x16\'*\x8fh\x00\x8d?x\xc0\xcdx\xe5\xf4]E/}ww\xea\xe2R\xfa\x15Fw\x92{\x91\x8dS\xe5$\xa4\x9a\x97\x8d\xc2\x84T\x11\x97\xf3j\x15\xe3wy\x0b\x10\x1f\xd4\x0c\x13J\x89\x83\xc2b\xd8\xe1@\x98x\xf3\xb3}\x0c\xecb\x91S\xb5_#\xc6\xf7t\x1b\xf8\xc3\xf3\xe2\\\x1f\xef\xa7mta\x119zp\x80\xab\x8f\xb7~P\xda\xa6\xc3 h\xe9\x1cj$~\xbd\xfbk\xb9~\xe6\x8cL\x96\x8eP|e\xa8\x00!\x9b\x18"\xb846\xcbT_\xd4\x08\xfdQ\x7f\x1cS\xfa\x0em\xf6!5\xcd\x95\x91\x0c`\x93\x93\xa3l\x12\x88&\xd7E\xa6\x80^`\x12\xcd\x9d\xbfs\xcb\xd7E\x98\xe0\xda9\xd2\xcb\x93\xa8Q\xe7\xaah-\x0c\xc7.\xc8\xfe\x8e\x06#\'qy\x96\xbd\x97\xc1\xa3b\xbcB\x8c$\x97\x04o9m-\xce\x1bg\x05\xe0\xee\x07\xe5\xf07\xb6\x05\x98\xadE\x981\x04\x9cv\xcf\xa6\xfbDEz*6\x07\xaf\x9fF\x19\xcc\xe8Aq\xfcW\xfd"\x8e \x0bu\x9eX\xaez\xbb\xbehKa\x85\xc1\xe3\xb3T\'\xd7E6\xd0\xdb\xff\xdd\x95{\x83_m\x8b\x00\xd2R\x15\xfe\xbc\x96\x16E\xfeU\x8e<\xa99\x12\xc3k\x17\x9b\x86\x95L_y\x83\xad\xc0\x7f\x8a5\x05N-\x1a(\xeaO\\T\xca\xa37\xcc\x9f%\x9f\xa3\xcc@\nF&1\xa9yp\x98x\x8b\xf3\xc7\x88\xf1\x1e\x14{\x16\xf0\x987\x08\x04[0\xa5\xf8\x99\xd5\xba\x89]\x11\xc5\xf5\xe2\xc2\x0cm\x16\xdeE\xd9\xf9\xe8\xd4\x11\xf4\x9dI\xc0sN\x90\r\xb4/\xe5\x9c;\x03\x1c|8\xd6\xdf\xaaD\xcb\x7f\xbb\xd4\xa4\xc3\xc2|\x8c\xad\xb9\xb2\xa3\xfa"\xf5\xa0\x86\xbf\x98\xc26\xdbZ\x15\xca\xa8\x0e\xb6T[\xb9q\x9f\x7f\x01\xe5\x04\xf4`\xcae\x07\xc9 1\xa5b\x06\xf3Xb:W\xd4ES\x05i\x1b\xcd\xf8\x7f\x0c 4\x94\xdf}D\x860\xa7"U\xfe\x1d\xd6A\x04\xc9\x16\x00\xf6\x91T\x9e\x05\xf4[\x84\xdf\x00j+\xf33\xd8\x8fkZ\xc7}X\xda+\xf7\x1c\xe4O\xe4\x0b\x90\xf9\x19i\xdf\xeb\xd9N\xb4>\x9e\xf0amh\x83\xe9Z\t\xd7\xd4\xd1J\xe6v\xe0{,\xa8\x8a\x86<T\xbb~p\xffJ\xd95bo\xef\x88\xd7\x03\xa9fhUL\t\x12Y\xb3\xf9R\xb8\xc3,\xf4gr)\x043W\x03\xd9\x0f%\xef\xdb\x06\xd7X\xb8V\x95m\xe3\xf3\xfb<uSS\x85\xed\xcd\x8a\xec\xc5\xfb\x1a\xa79\xc2\xd0rv\xaa\x93\x16T\x88#\xd4%1\xa8\xb4\x1e4rn>\xd3\xfd(-\x87x\x00\xe5\xfb{\x05\xd3\xbf\x0b\xff\xc1Y\x9f\x9dL\x91q\x8d\x19\xbb>\xd3\x19]\xd2\xbe\x95o\xc2\x0c\xf1\x04\xd1\xdb\xfc\xfb\xecd\xfb(\x00j\xf7`9\x14\xe2\x04\x89Dp5\x98\xb5\x96\xaet)\xe6\xbc\x8b\x04\x85\xc3\xdf\x8a\xc6\x17\xd3\xab\xb4-IElH\x95\x9a\xf7\xb6\''
tbI624
I0
F0
tb.