# time 	 divergence 	 # of mutations 	 # IGC chances 	 IGC length 	 # IGC failures 	 Changes due to IGC  	 % change due to IGC 
0.0	0.0122699386503	0	0	0	0	0	0.0
0.000162115738606	0.0122699386503	0	1	1	0	0	0.0
0.000230509797296	0.0122699386503	0	2	1	0	0	0.0
0.0015216627228	0.0122699386503	0	3	1	0	0	0.0
0.0018421998259	0.0143149284254	1	3	1	0	0	0.0
0.00460196040086	0.0143149284254	1	4	1	0	0	0.0
0.0053648180216	0.0143149284254	1	5	1	0	0	0.0
0.00601068718402	0.0143149284254	1	6	1	0	0	0.0
0.00612267414006	0.0143149284254	1	7	1	0	0	0.0
0.00635756996764	0.0143149284254	1	8	1	0	0	0.0
0.00739403132845	0.0163599182004	2	8	1	0	0	0.0
0.011128928888	0.0163599182004	2	9	1	0	0	0.0
0.012310070214	0.0163599182004	2	10	1	0	0	0.0
0.0131812921166	0.0163599182004	2	11	1	0	0	0.0
0.0143355639623	0.0163599182004	2	12	1	0	0	0.0
0.0152731029343	0.0163599182004	2	13	1	0	0	0.0
0.0152778286045	0.0163599182004	2	14	1	0	0	0.0
0.0159015979905	0.0163599182004	2	15	1	0	0	0.0
0.0160722094853	0.0163599182004	2	16	1	0	0	0.0
0.0164742073952	0.0163599182004	2	17	1	0	0	0.0
0.0166325964229	0.0163599182004	2	18	1	0	0	0.0
0.01785984514	0.0163599182004	2	19	1	0	0	0.0
0.0183290004419	0.0163599182004	2	20	1	0	0	0.0
0.0184907978285	0.0163599182004	2	21	1	0	0	0.0
0.0196952697455	0.0163599182004	2	22	1	0	0	0.0
0.0198658269863	0.0163599182004	2	23	1	0	0	0.0
0.0205613200101	0.0184049079755	3	23	1	0	0	0.0
0.0219587811833	0.0184049079755	3	24	1	0	0	0.0
0.0219720890223	0.0184049079755	3	25	1	0	0	0.0
0.0224923861829	0.0184049079755	3	26	1	0	0	0.0
0.0225849211808	0.0184049079755	3	27	1	0	0	0.0
0.0227683629347	0.0204498977505	4	27	1	0	0	0.0
0.0232617267112	0.0224948875256	5	27	1	0	0	0.0
0.0232950328078	0.0224948875256	5	28	1	0	0	0.0
0.0236539345972	0.0245398773006	6	28	1	0	0	0.0
0.0247294631624	0.0245398773006	6	29	1	0	0	0.0
0.0248212295512	0.0245398773006	6	30	1	0	0	0.0
0.0249186494509	0.0245398773006	6	31	1	0	0	0.0
0.0261103699896	0.0265848670757	7	31	1	0	0	0.0
0.0263496341097	0.0265848670757	7	32	1	0	0	0.0
0.0271048258058	0.0286298568507	8	32	1	0	0	0.0
0.0279034429323	0.0286298568507	8	33	1	0	0	0.0
0.0281238087914	0.0286298568507	8	34	1	0	0	0.0
0.0289554510577	0.0286298568507	8	35	1	0	0	0.0
0.031549397245	0.0265848670757	8	36	1	0	1	0.111111111111
0.0315576039641	0.0265848670757	8	37	1	0	1	0.111111111111
0.0318196088122	0.0265848670757	8	38	1	0	1	0.111111111111
0.033052848522	0.0245398773006	8	39	1	0	2	0.2
0.0334879357155	0.0245398773006	8	40	1	0	2	0.2
0.0335352969063	0.0224948875256	8	41	1	0	3	0.272727272727
0.0337930833072	0.0245398773006	9	41	1	0	3	0.25
0.0341932946265	0.0245398773006	9	42	1	0	3	0.25
0.0350523747308	0.0245398773006	9	43	1	0	3	0.25
0.0362466930635	0.0265848670757	10	43	1	0	3	0.230769230769
0.0364304519125	0.0265848670757	10	44	1	0	3	0.230769230769
0.0368199406358	0.0265848670757	10	45	1	0	3	0.230769230769
0.037104832444	0.0265848670757	10	46	1	0	3	0.230769230769
0.0376464411252	0.0265848670757	10	47	1	0	3	0.230769230769
0.0379658007164	0.0265848670757	10	48	1	0	3	0.230769230769
0.0385876911681	0.0265848670757	10	49	1	0	3	0.230769230769
0.0389299833497	0.0265848670757	10	50	1	0	3	0.230769230769
0.039128486528	0.0265848670757	10	51	1	0	3	0.230769230769
0.0400522774331	0.0265848670757	10	52	1	0	3	0.230769230769
0.0409123218807	0.0265848670757	10	53	1	0	3	0.230769230769
0.041815649395	0.0245398773006	10	54	1	0	4	0.285714285714
0.0428401677102	0.0245398773006	10	55	1	0	4	0.285714285714
0.0442799238498	0.0245398773006	10	56	1	0	4	0.285714285714
0.0465991691975	0.0245398773006	10	57	1	0	4	0.285714285714
0.046921729288	0.0245398773006	10	58	1	0	4	0.285714285714
0.0471217321875	0.0265848670757	11	58	1	0	4	0.266666666667
0.0476371622319	0.0265848670757	11	59	1	0	4	0.266666666667
0.0477034601219	0.0265848670757	11	60	1	0	4	0.266666666667
0.0477839508159	0.0265848670757	11	61	1	0	4	0.266666666667
0.0477950601169	0.0265848670757	11	62	1	0	4	0.266666666667
0.0481824279562	0.0265848670757	11	63	1	0	4	0.266666666667
0.0482411464838	0.0265848670757	11	64	1	0	4	0.266666666667
0.048591281623	0.0265848670757	11	65	1	0	4	0.266666666667
0.0515260981876	0.0265848670757	11	66	1	0	4	0.266666666667
0.0526320130802	0.0286298568507	12	66	1	0	4	0.25
0.0528708977496	0.0286298568507	12	67	1	0	4	0.25
0.0562510821195	0.0286298568507	12	68	1	0	4	0.25
0.0567592240054	0.0286298568507	12	69	1	0	4	0.25
0.0580766352659	0.0286298568507	12	70	1	0	4	0.25
0.0595457940582	0.0265848670757	12	71	1	0	5	0.294117647059
0.0601833389202	0.0265848670757	12	72	1	0	5	0.294117647059
0.0604199444177	0.0265848670757	12	73	1	0	5	0.294117647059
0.0615126531969	0.0265848670757	12	74	1	0	5	0.294117647059
0.0621449432489	0.0265848670757	12	75	1	0	5	0.294117647059
0.0634788880687	0.0265848670757	12	76	1	0	5	0.294117647059
0.0636149127998	0.0265848670757	12	77	1	0	5	0.294117647059
0.064122645849	0.0265848670757	12	78	1	0	5	0.294117647059
0.0645555970766	0.0265848670757	12	79	1	0	5	0.294117647059
0.0649305932553	0.0265848670757	12	80	1	0	5	0.294117647059
0.0650025248376	0.0286298568507	13	80	1	0	5	0.277777777778
0.0654162934942	0.0286298568507	13	81	1	0	5	0.277777777778
0.0658765242481	0.0286298568507	13	82	1	0	5	0.277777777778
0.067014068115	0.0286298568507	13	83	1	0	5	0.277777777778
0.0678144391228	0.0306748466258	14	83	1	0	5	0.263157894737
0.0679482039784	0.0306748466258	14	84	1	0	5	0.263157894737
0.0683808207662	0.0306748466258	14	85	1	0	5	0.263157894737
0.0684349735551	0.0327198364008	15	85	1	0	5	0.25
0.0703091627774	0.0327198364008	15	86	1	0	5	0.25
0.0703293103107	0.0327198364008	15	87	1	0	5	0.25
0.070639777695	0.0327198364008	15	88	1	0	5	0.25
0.0710016013654	0.0327198364008	15	89	1	0	5	0.25
0.0711111890506	0.0327198364008	15	90	1	0	5	0.25
0.071439536241	0.0347648261759	16	90	1	0	5	0.238095238095
0.0716651882899	0.0347648261759	16	91	1	0	5	0.238095238095
0.0722006695037	0.0347648261759	16	92	1	0	5	0.238095238095
0.0726253123589	0.0347648261759	16	93	1	0	5	0.238095238095
0.0727220362605	0.0347648261759	16	94	1	0	5	0.238095238095
0.072827011431	0.0347648261759	16	95	1	0	5	0.238095238095
0.0731004485713	0.0347648261759	16	96	1	0	5	0.238095238095
0.0733461372459	0.0347648261759	16	97	1	0	5	0.238095238095
0.0734067141346	0.0347648261759	16	98	1	0	5	0.238095238095
0.0740888087942	0.0347648261759	16	99	1	0	5	0.238095238095
0.0751487593774	0.0368098159509	17	99	1	0	5	0.227272727273
0.0752422786804	0.038854805726	18	99	1	0	5	0.217391304348
0.0779336873296	0.040899795501	19	99	1	0	5	0.208333333333
0.0779962580989	0.040899795501	19	100	1	0	5	0.208333333333
0.0786484392804	0.040899795501	19	101	1	0	5	0.208333333333
0.0789086900587	0.040899795501	19	102	1	0	5	0.208333333333
0.0833012821021	0.040899795501	19	103	1	0	5	0.208333333333
0.0843354333177	0.040899795501	19	104	1	0	5	0.208333333333
0.0845865952944	0.040899795501	19	105	1	0	5	0.208333333333
0.0850163111275	0.0429447852761	20	105	1	0	5	0.2
0.0858709895843	0.0429447852761	20	106	1	0	5	0.2
0.0868447942711	0.0429447852761	20	107	1	0	5	0.2
0.0871141532796	0.0429447852761	20	108	1	0	5	0.2
0.0871318001211	0.0429447852761	20	109	1	0	5	0.2
0.0872462102747	0.0429447852761	20	110	1	0	5	0.2
0.0883983697064	0.0429447852761	20	111	1	0	5	0.2
0.0892671273404	0.0449897750511	21	111	1	0	5	0.192307692308
0.0894417472443	0.0449897750511	21	112	1	0	5	0.192307692308
0.0894509685717	0.0449897750511	21	113	1	0	5	0.192307692308
0.090014094076	0.0449897750511	21	114	1	0	5	0.192307692308
0.0903424899975	0.0449897750511	21	115	1	0	5	0.192307692308
0.0904979021669	0.0449897750511	21	116	1	0	5	0.192307692308
0.0910198618023	0.0449897750511	21	117	1	0	5	0.192307692308
0.0911221428297	0.0449897750511	21	118	1	0	5	0.192307692308
0.0918082744256	0.0449897750511	21	119	1	0	5	0.192307692308
0.0921274954659	0.0470347648262	22	119	1	0	5	0.185185185185
0.0922902215784	0.0470347648262	22	120	1	0	5	0.185185185185
0.0923549176186	0.0470347648262	22	121	1	0	5	0.185185185185
0.0936338249253	0.0490797546012	23	121	1	0	5	0.178571428571
0.094106375737	0.0490797546012	23	122	1	0	5	0.178571428571
0.0942394899109	0.0490797546012	23	123	1	0	5	0.178571428571
0.0948304956762	0.0490797546012	23	124	1	0	5	0.178571428571
0.0956551269651	0.0490797546012	23	125	1	0	5	0.178571428571
0.0962272768499	0.0490797546012	23	126	1	0	5	0.178571428571
0.0967370063629	0.0490797546012	23	127	1	0	5	0.178571428571
0.0991478117396	0.0490797546012	23	128	1	0	5	0.178571428571
0.0993610984946	0.0490797546012	23	129	1	0	5	0.178571428571
0.100766622678	0.0490797546012	23	130	1	0	5	0.178571428571
0.101053749988	0.0490797546012	23	131	1	0	5	0.178571428571
0.101210398539	0.0490797546012	23	132	1	0	5	0.178571428571
0.101299363188	0.0490797546012	23	133	1	0	5	0.178571428571
0.101305780539	0.0511247443763	24	133	1	0	5	0.172413793103
0.102347751817	0.0511247443763	24	134	1	0	5	0.172413793103
0.102434390099	0.0511247443763	24	135	1	0	5	0.172413793103
0.102921416649	0.0511247443763	24	136	1	0	5	0.172413793103
0.103458669261	0.0511247443763	24	137	1	0	5	0.172413793103
0.103672445107	0.0511247443763	24	138	1	0	5	0.172413793103
0.103743017829	0.0511247443763	24	139	1	0	5	0.172413793103
0.103879788391	0.0511247443763	24	140	1	0	5	0.172413793103
0.10742172664	0.0511247443763	24	141	1	0	5	0.172413793103
0.108221431326	0.0511247443763	24	142	1	0	5	0.172413793103
0.108578466461	0.0511247443763	24	143	1	0	5	0.172413793103
0.109689930164	0.0531697341513	25	143	1	0	5	0.166666666667
0.110960907778	0.0531697341513	25	144	1	0	5	0.166666666667
0.111117995808	0.0531697341513	25	145	1	0	5	0.166666666667
0.111461328329	0.0531697341513	25	146	1	0	5	0.166666666667
0.113300891405	0.0531697341513	25	147	1	0	5	0.166666666667
0.114386430782	0.0531697341513	25	148	1	0	5	0.166666666667
0.115016780243	0.0531697341513	25	149	1	0	5	0.166666666667
0.115605213159	0.0531697341513	25	150	1	0	5	0.166666666667
0.115630381744	0.0531697341513	25	151	1	0	5	0.166666666667
0.115692146033	0.0531697341513	25	152	1	0	5	0.166666666667
0.116754358373	0.0531697341513	25	153	1	0	5	0.166666666667
0.117126354379	0.0531697341513	25	154	1	0	5	0.166666666667
0.117518070825	0.0531697341513	25	155	1	0	5	0.166666666667
0.11762496002	0.0552147239264	26	155	1	0	5	0.161290322581
0.118024454089	0.0552147239264	26	156	1	0	5	0.161290322581
0.118601724307	0.0552147239264	26	157	1	0	5	0.161290322581
0.118679964332	0.0552147239264	26	158	1	0	5	0.161290322581
0.119892541188	0.0552147239264	26	159	1	0	5	0.161290322581
0.121178995739	0.0552147239264	26	160	1	0	5	0.161290322581
0.121818089283	0.0552147239264	26	161	1	0	5	0.161290322581
0.122170738377	0.0531697341513	26	162	1	0	6	0.1875
0.123015212681	0.0531697341513	26	163	1	0	6	0.1875
0.124007728722	0.0531697341513	26	164	1	0	6	0.1875
0.124356051957	0.0531697341513	26	165	1	0	6	0.1875
0.125628819879	0.0552147239264	27	165	1	0	6	0.181818181818
0.126304448561	0.0552147239264	27	166	1	0	6	0.181818181818
0.12633533782	0.0572597137014	28	166	1	0	6	0.176470588235
0.126779423894	0.0572597137014	28	167	1	0	6	0.176470588235
0.126812631082	0.0572597137014	28	168	1	0	6	0.176470588235
0.127236597619	0.0552147239264	28	169	1	0	7	0.2
0.12741136575	0.0552147239264	28	170	1	0	7	0.2
0.127809349839	0.0552147239264	28	171	1	0	7	0.2
0.128146679648	0.0552147239264	28	172	1	0	7	0.2
0.128589673007	0.0552147239264	28	173	1	0	7	0.2
0.128637067165	0.0572597137014	29	173	1	0	7	0.194444444444
0.128954506356	0.0593047034765	30	173	1	0	7	0.189189189189
0.129008989018	0.0593047034765	30	174	1	0	7	0.189189189189
0.129735505851	0.0593047034765	30	175	1	0	7	0.189189189189
0.130240354946	0.0593047034765	30	176	1	0	7	0.189189189189
0.130626945772	0.0613496932515	31	176	1	0	7	0.184210526316
0.130643196011	0.0633946830266	32	176	1	0	7	0.179487179487
0.130791719404	0.0613496932515	32	177	1	0	8	0.2
0.130887847676	0.0633946830266	33	177	1	0	8	0.19512195122
0.131771053407	0.0633946830266	33	178	1	0	8	0.19512195122
0.132097332686	0.0633946830266	33	179	1	0	8	0.19512195122
0.132406576279	0.0633946830266	33	180	1	0	8	0.19512195122
0.132689961856	0.0633946830266	33	181	1	0	8	0.19512195122
0.13356441536	0.0633946830266	33	182	1	0	8	0.19512195122
0.133849441814	0.0633946830266	33	183	1	0	8	0.19512195122
0.133940518648	0.0633946830266	33	184	1	0	8	0.19512195122
0.135098882121	0.0633946830266	33	185	1	0	8	0.19512195122
0.136172246422	0.0654396728016	34	185	1	0	8	0.190476190476
0.136429446177	0.0654396728016	34	186	1	0	8	0.190476190476
0.136579927419	0.0654396728016	34	187	1	0	8	0.190476190476
0.136855311112	0.0654396728016	34	188	1	0	8	0.190476190476
0.137014243848	0.0654396728016	34	189	1	0	8	0.190476190476
0.137019730698	0.0654396728016	34	190	1	0	8	0.190476190476
0.138172500683	0.0654396728016	34	191	1	0	8	0.190476190476
0.1386564019	0.0654396728016	34	192	1	0	8	0.190476190476
0.139523018067	0.0654396728016	34	193	1	0	8	0.190476190476
0.139779584871	0.0654396728016	34	194	1	0	8	0.190476190476
0.140992604802	0.0654396728016	34	195	1	0	8	0.190476190476
0.141403377878	0.0654396728016	34	196	1	0	8	0.190476190476
0.142026787167	0.0654396728016	34	197	1	0	8	0.190476190476
0.143436426395	0.0654396728016	34	198	1	0	8	0.190476190476
0.143855280568	0.0674846625767	35	198	1	0	8	0.186046511628
0.143870228371	0.0674846625767	35	199	1	0	8	0.186046511628
0.144074626384	0.0695296523517	36	199	1	0	8	0.181818181818
0.144429556132	0.0695296523517	36	200	1	0	8	0.181818181818
0.144443494018	0.0695296523517	36	201	1	0	8	0.181818181818
0.144681981868	0.0695296523517	36	202	1	0	8	0.181818181818
0.145168491757	0.0674846625767	36	203	1	0	9	0.2
0.145904027337	0.0674846625767	36	204	1	0	9	0.2
0.146444983495	0.0654396728016	36	205	1	0	10	0.217391304348
0.146481380572	0.0654396728016	36	206	1	0	10	0.217391304348
0.147088229305	0.0654396728016	36	207	1	0	10	0.217391304348
0.147393289521	0.0654396728016	36	208	1	0	10	0.217391304348
0.147548439675	0.0654396728016	36	209	1	0	10	0.217391304348
0.148363054445	0.0654396728016	36	210	1	0	10	0.217391304348
0.149757703052	0.0654396728016	36	211	1	0	10	0.217391304348
0.149862022904	0.0633946830266	36	212	1	0	11	0.234042553191
0.150716088114	0.0654396728016	37	212	1	0	11	0.229166666667
0.15081642444	0.0674846625767	38	212	1	0	11	0.224489795918
0.152068500614	0.0674846625767	38	213	1	0	11	0.224489795918
0.152847760938	0.0695296523517	39	213	1	0	11	0.22
0.153032774975	0.0695296523517	39	214	1	0	11	0.22
0.153118380048	0.0674846625767	39	215	1	0	12	0.235294117647
0.153538583888	0.0674846625767	39	216	1	0	12	0.235294117647
0.153574875698	0.0674846625767	39	217	1	0	12	0.235294117647
0.153689076519	0.0674846625767	39	218	1	0	12	0.235294117647
0.155157329292	0.0674846625767	39	219	1	0	12	0.235294117647
0.155249521353	0.0674846625767	39	220	1	0	12	0.235294117647
0.155437138785	0.0674846625767	39	221	1	0	12	0.235294117647
0.155790179123	0.0674846625767	39	222	1	0	12	0.235294117647
0.155955244953	0.0674846625767	39	223	1	0	12	0.235294117647
0.156021845641	0.0674846625767	39	224	1	0	12	0.235294117647
0.156694622186	0.0674846625767	39	225	1	0	12	0.235294117647
0.156992090108	0.0674846625767	39	226	1	0	12	0.235294117647
0.157397122788	0.0654396728016	39	227	1	0	13	0.25
0.157837310756	0.0654396728016	39	228	1	0	13	0.25
0.158793859898	0.0654396728016	39	229	1	0	13	0.25
0.16022448839	0.0654396728016	39	230	1	0	13	0.25
0.161658793692	0.0654396728016	39	231	1	0	13	0.25
0.163378083231	0.0654396728016	39	232	1	0	13	0.25
0.163525191896	0.0654396728016	39	233	1	0	13	0.25
0.163590500266	0.0654396728016	39	234	1	0	13	0.25
0.164949599632	0.0654396728016	39	235	1	0	13	0.25
0.165053900001	0.0654396728016	39	236	1	0	13	0.25
0.165235019902	0.0654396728016	39	237	1	0	13	0.25
0.166366743434	0.0654396728016	39	238	1	0	13	0.25
0.16701638888	0.0654396728016	39	239	1	0	13	0.25
0.16785042842	0.0674846625767	40	239	1	0	13	0.245283018868
0.168271029589	0.0674846625767	40	240	1	0	13	0.245283018868
0.169018046574	0.0674846625767	40	241	1	0	13	0.245283018868
0.169188045883	0.0674846625767	40	242	1	0	13	0.245283018868
0.169382953944	0.0654396728016	40	243	1	0	14	0.259259259259
0.170435641425	0.0654396728016	40	244	1	0	14	0.259259259259
0.171468521817	0.0654396728016	40	245	1	0	14	0.259259259259
