# time 	 divergence 	 # of mutations 	 # IGC chances 	 IGC length 	 # IGC failures 	 Changes due to IGC  	 % change due to IGC 
0.0	0.0122699386503	0	0	0	0	0	0.0
4.09755056368e-05	0.0143149284254	1	0	0	0	0	0.0
0.00527959770339	0.0163599182004	2	0	0	0	0	0.0
0.0123456734529	0.0184049079755	3	0	0	0	0	0.0
0.0154929151878	0.0204498977505	4	0	0	0	0	0.0
0.0175647348395	0.0224948875256	5	0	0	0	0	0.0
0.020926201443	0.0224948875256	5	1	31	0	0	0.0
0.0229663833505	0.0245398773006	6	1	31	0	0	0.0
0.024837395988	0.0265848670757	7	1	31	0	0	0.0
0.0292453556789	0.0286298568507	8	1	31	0	0	0.0
0.031262811407	0.0306748466258	9	1	31	0	0	0.0
0.0320785878439	0.0327198364008	10	1	31	0	0	0.0
0.0359498546839	0.0347648261759	11	1	31	0	0	0.0
0.0415487752651	0.0327198364008	12	1	31	0	0	0.0
0.0449426774523	0.0306748466258	13	1	31	0	0	0.0
0.045598960695	0.0327198364008	14	1	31	0	0	0.0
0.0459695024817	0.0347648261759	15	1	31	0	0	0.0
0.0486463119324	0.0368098159509	16	1	31	0	0	0.0
0.0533551273885	0.038854805726	17	1	31	0	0	0.0
0.0581020776916	0.040899795501	18	1	31	0	0	0.0
0.0620696018913	0.0429447852761	19	1	31	0	0	0.0
0.0693536019962	0.0449897750511	20	1	31	0	0	0.0
0.0717915130197	0.0429447852761	21	1	31	0	0	0.0
0.0750403559647	0.0449897750511	22	1	31	0	0	0.0
0.0792737746592	0.0470347648262	23	1	31	0	0	0.0
0.0828627520059	0.0490797546012	24	1	31	0	0	0.0
0.0843849875352	0.0511247443763	25	1	31	0	0	0.0
0.0921566098178	0.0531697341513	26	1	31	0	0	0.0
0.0923393849788	0.0552147239264	27	1	31	0	0	0.0
0.0955689942846	0.0572597137014	28	1	31	0	0	0.0
0.0956356506923	0.0593047034765	29	1	31	0	0	0.0
0.0998111910053	0.0613496932515	30	1	31	0	0	0.0
0.101307443519	0.0633946830266	31	1	31	0	0	0.0
0.103850158833	0.0633946830266	32	1	31	0	0	0.0
0.105025117529	0.0654396728016	33	1	31	0	0	0.0
0.105172663942	0.0633946830266	34	1	31	0	0	0.0
0.107659065231	0.0654396728016	35	1	31	0	0	0.0
0.10857546463	0.0674846625767	36	1	31	0	0	0.0
0.109540653698	0.0695296523517	37	1	31	0	0	0.0
0.113703190452	0.0715746421268	38	1	31	0	0	0.0
0.116820092348	0.0736196319018	39	1	31	0	0	0.0
0.121782817789	0.0756646216769	40	1	31	0	0	0.0
0.129193369995	0.0777096114519	41	1	31	0	0	0.0
0.132038988158	0.079754601227	42	1	31	0	0	0.0
0.136038068425	0.081799591002	43	1	31	0	0	0.0
0.139174724023	0.0838445807771	44	1	31	0	0	0.0
0.145373958614	0.0858895705521	45	1	31	0	0	0.0
0.146066219567	0.0879345603272	46	1	31	0	0	0.0
0.146279173254	0.0899795501022	47	1	31	0	0	0.0
0.149879831239	0.0920245398773	48	1	31	0	0	0.0
0.150738591008	0.0940695296524	49	1	31	0	0	0.0
0.150767069214	0.0940695296524	50	1	31	0	0	0.0
0.156429136565	0.0961145194274	51	1	31	0	0	0.0
0.156492682117	0.0981595092025	52	1	31	0	0	0.0
0.166143238596	0.100204498978	53	1	31	0	0	0.0
0.166379399778	0.0981595092025	54	1	31	0	0	0.0
0.166846090087	0.100204498978	55	1	31	0	0	0.0
0.168543947093	0.0981595092025	56	1	31	0	0	0.0
0.175135757196	0.0920245398773	56	2	20	0	3	0.0508474576271
0.175524445584	0.0940695296524	57	2	20	0	3	0.05
0.175639989104	0.0961145194274	58	2	20	0	3	0.0491803278689
0.17589518658	0.0981595092025	59	2	20	0	3	0.0483870967742
0.179916786724	0.100204498978	60	2	20	0	3	0.047619047619
0.185723214131	0.102249488753	61	2	20	0	3	0.046875
0.186615386298	0.104294478528	62	2	20	0	3	0.0461538461538
0.187653219677	0.106339468303	63	2	20	0	3	0.0454545454545
0.189154092955	0.104294478528	64	2	20	0	3	0.044776119403
0.189777215548	0.106339468303	65	2	20	0	3	0.0441176470588
0.190418825063	0.108384458078	66	2	20	0	3	0.0434782608696
0.193380205283	0.110429447853	67	2	20	0	3	0.0428571428571
0.195842936568	0.112474437628	68	2	20	0	3	0.0422535211268
0.19676402009	0.114519427403	69	2	20	0	3	0.0416666666667
0.197851569627	0.116564417178	70	2	20	0	3	0.041095890411
0.202773053689	0.118609406953	71	2	20	0	3	0.0405405405405
0.203938244271	0.120654396728	72	2	20	0	3	0.04
0.206800263435	0.122699386503	73	2	20	0	3	0.0394736842105
