cnumpy.random
__RandomState_ctor
p1
(tRp2
(S'MT19937'
p3
cnumpy.core.multiarray
_reconstruct
p4
(cnumpy
ndarray
p5
(I0
tS'b'
tRp6
(I1
(I624
tcnumpy
dtype
p7
(S'u4'
I0
I1
tRp8
(I3
S'<'
NNNI-1
I-1
I0
tbI00
S'\xc1}T\xcdONX\xa1^\x94\xaaRB\xc9\x1b\xf8od\x91\xc2\x98\xc8\xcb|X\x86\x90\xb6\x15l:7\xdd\x8e$\xf2\x86\xe8o\x9e\xd5\xce\'s\xd1\x97\xb78\x03\xaeL\x10\xbeyu&\xa6/\xff\x1d\xec\xdb\x1b\xa6Z\xd5\xe1\'\xbaC\xcc\x1d\xc0\xff\x0b\xc8j=#%\x85\xda\xbc\xc6\x9d\xab\xca\xda\xb9\x8fM\xd9\xfc\x85\x1e\xf6{\xae\xfd\x8d\x8a\xbc3\x0f\\\xbc\xaf(\x82\x86A-\xd3\x17\xa8\xf5S6n\x96m\x0f\x80f2\xa7)|4\x9d,\x89\x8an\x15^i\xf7\x12\xd2A`!\xc2\x8a\xd0{\x8b\xe7\x80\xde\x12\xf3\x9f*L(jK\xf9\xd5n\x883\xd2\xaf\xc3\x97`\xfdb\xfb\x87\x1b\xeaj\xeec\x8b\x18\xebux^\x15\x1aZ\xb9\xcc\x15\x8b\xf6\xf5\xda\xf9\xaa\x95^\xbf\xc9z\xa1\x05\xaa\x08\t\x9b(`P\xad\xb2\xbb\x07\x8f{+\x0c\xbcO\xb66\xc3\x1e\x14\x15\x93\xcb9C\x10k\x84\xbaU\xdd\xf2\xb2\xdf\xac\xfe\xb2h\xce%\xc6&_\x1eO;\x1e&/\xed\x9a\xf1\xa5\xa4\x13\x9c\x1aQ\x81p\xc8\\\xe5Qj^\x19S\xf7J\xc3\xf1{\xd1\xc4\xee\x08OU\x06\xc4\xf42PUgC\xe1\x94\xd3\x8fL\x10\xa5\x08\x8f\xb0R\xfd\x8c\xe9\r\x9a\x0e \xd6m\x15\x8bS\x18\xa8\x93\x03\xcf\xba\x13K}\xb0\xf9\x13\xa7d\xdf\xe6""\xd6eRa\x10t4<\xe1\x0fUF\xbb\x8ff\x9c\xd6\xa0>aLW\xebN\xa6\xcf\x97t\xe4\tM\xb9\xc1\xbb@Q\x00L6\xef\xb76&\n\x01O\x9b|\xf6+j\x15\x1a/\x06\x15cp\x7f-\x15\xfdw:\xe6\x1f\xc3\xd0Hl\xc3\x93!U\x1b\xee\x1c\xce\xc5[)\xa9\x88M\x8a<\xf6\xca\x81M\xfa;\xc2)o\x98Q3<\xa1y\xf6j\xea\xce\x0e\xf9\xa8\xc8\xb7\xc3\xbd\xf8\x11\xf6R\xb6b\xce\xacNm\xb4\x8e\xab`T8\xf2\x8d,\xe1?\x8a\x02{\xebR!9A\xfb\xcdP\x05\x8a\xa4=\x82|\x06p\xef#\xa9\x8b\xb05/t&\xcc\x02F\xd1\x9b\x8a\xa4]\x9f\xf9\xb0\xbf\x12_\x9c\xcf\'\x15d\xfc\x10\xa0\xe6\xba*v*\n&\x82\xed\x19?P&\xea\x17\x00z\xc0n\xfa\xc6&@V\x948\x18\xe8Wt\x00\xb5\xba\xef&\x0b \xf9\x08b\xb1l1\x04m\x98o\xa4\xb1\x08J \xdaG 5\xfe\xd6]\x0f!e\'\xb4X\xc3\xcb\xdb\xab7\x08\x08\x98\xf2k:X.\xd7\xdf\x02\x93\xc1\xb2AE\xbaw\xebwQ\x1bU\xf8\xbeC\xe2\x9e\x8f,\xfd\xd1\xb0\x81\xd8\x1cq\xc0\xf3\x80\x0b-A\xe8,\xf6\xe3\xae]\xe4\x9d\x8f\xbc\x9a&>\xbd\xea\x12m\x99-\x95\xd4|\x9b\xa5\xf7\x08\x06\x96\xf5E\xb1\xbf|\x96\x18\xb8<\xa9\xa0F^-\x0ekE\xf9;\x141-\xc1\x8e\xd6\x9a\x18f/\xa5\xd9\x84\'\xadj\xf4\xccqW\xacU%\r\xea\xb2\x02\xd7\xaf\xcc\xd9bN\xe3i\x9d\xa8\\\x87\xb5\x8bQ\xa8\xf2^{&\xb6\x8c\x9b\xecbb\xb2\xac\x08\x1f\xca\xb7\xb6\x9e(\xf6\xd3\xaa%{\x80p<\xe3\xb4)0\xb9\xb6\x9f\xe9(\xed\xe1\xb6\xc7\xfd\x91c\x9a\xb9\x89\x02/\xff\x06Pc_\xce\x02\xe3o\x16\x9f\xb2\x0c\x99\xa3A\x11\x81QQ\x8b\xec\x8f\xf2t\xb7\x85\xa7\xa9\xb7\x8f\xa2\xc5(\xc0,\xdc-\xe0\xde\x9f\x80n\x8cX\xfc\xbd\xab:\x8d\xa5$8\xa4\xf96\xf2\x1f\x05\xb3\xab1#\x89\x0f\xc3\xde\x8c\xd5?\xd1cs7\xd3\x81$}O\x14\xba\x9b?V0#Z*\xf0\x8a\xde]W\x8a\xefy\xa4e\xf7\x0c\xf6\xd6\xa6<\xae\xa4R,\x9a\x88I\xe3k\x96v\x16\x1c\x15/\x0f\xb5\xd6\x91wF\x0c \x91\xd7G\x90\x88\xbb0\x8a\xb7\xcf\xfb\xc0\r\x9f\xd6\xe0\xec\xbb\xdd\x19tC\xcd\r\x91\x7fMX\x9d\x86&>cq\xd4\xfa\x02x\xfdh\xf2\xcb\x9d\x8b4S\xba7\x1dY\x00\x1c=\x1a\xaf(zZ\xae\xe3\xd2\xd0:\x97O\xa6\xbf|\xa4\x8ff\xae\x89\xec\xbd6S\xd8r\xab\x97\x8f>]fIC\xc7\xa2Z0\xcaI`\xa1\x02\xd4\xd5h\x91\xd3\xa7\xc4\xfcg{\x904\xc7\xeal\xce\xd8\xe0\xa1=\x8d\x7f\xe1\xd8\x1f\x1a\xbd\x9aN\x08/\xaf\xea\xf0\x83\xf8E\x9e\x97\xc4gg\x98\xe6\xbdL\xd7b\xd3\xa3\xaa\x05z\xf9\xadP^\xf5DT\x0c\n\xa7\xbd\x85\xcd=\xea\xf7h$m\xc4}\xb9>\x8c\xc2\xb8f\x8a\xae8\xc0\xa2^\xf55v\x1dv\x836\xf4\x01\xa1\xf5\xaa\xe4B4d\xb2a@\n\xd0\x11y\x9c@lg\xab\xc5\xbb\x0e]\xd9\xcb\xb3\x17x\xfe\\\xb0\xa0i.\xb1i\x0e\xc8p\xb1]h\x8c\xd9\x83(~\x99\xfaNu\xdf%\x03\x19U\x17\xc7\x03\x8f\x9b\xe8\x9cgDb\nt\x0f\xf9&\x00R4\xef\x10PV\xae\xe5X.\xa8*f\x80S\xa3\x87u\xe4,&\xb8\x10\x92\x85pIq\xe0Z\xf7\xe2\'Gt\x86\xcc\x08\x9eQ`qy\xf9\xc5\xff\x86\xf9Y\xa5\xf8_\xd7\xed\xd9&\x13<B\xd9\xa0\x17}\x86\x89\x8cl\xab\xae\xf8\x9d:}o\xfc\xfcd\xb0\xd1\x98\xabX\xd4\x04\xb4\x1f\xb0\xc6\xc9k\xe7\xc7\xd6\xf7\x89\x8532\xaeS5+\xd0\xbd\xb3U\xb9\x95\xb6\x0fv\x08\xe5\x10;\xfek\xc7\xd1\xabu6CV\x07\xd3\xba\x940y\xc7\xa7?_\xc5\xfa\x18\xb0\x06\x07\xb5\xfe\xa2D\x93\x14\xab\xc9\xb77\x19\xc8\xf7z-t\xfd\x97v\xe4\xa5\xac{\xfa}\x80@\xb6\x14\x1bS\xb9\xcb<\xbd\xdf\xe0m\xa5f\xe0\xbd4\x95\xbb\x0e\x9a|\x80E\x8e\x96\xa3~\xf9\'fN\xca\x91\x06+N\x9b\x92\xc7Pm\xb2\xa3q\x91j\xdd\x87e>\xd2\x13\xc1\xfc"\xf7\xd3\xa7\xf9\xf2,s\xb8H\x15B3\xd79\xa7_\x94\xb2\xda\xad\x16\xe8\xf8}s\xd3\t\xd7\xa8\x90>\x8e\xb9\xe8\xaa\xf3\x91?\x87\xbbj3P#gw`q\xcc\xaa\xef\xda\xad\xf3)\x95\x9b>\xd7\xd4U\xbc\xe1\xb1\xda\xd4/\xb9N\xc9U\xf4\xdd\x82i\x8d\xf7\x97\xdeG\x1cn\xe2\x190U\x18\xa0b\xfe\x86\xc3l\xc2\xabz\xabTj"\xa8\x9e\xc7\xb3\xec\xd3i1nz\x95\xdd\t\x0eFw\xb83\x9a\x89\nG\x82\x84\x81\xb1\xf3\xa9\x92\x9eC\x87\xca\x89\xdd\xb8a*\xd1y\xd4h\xfc)Se\xa0\xe8qm&eJ\xbaH\x07\xfd\x94\xbaC\x08t+K\x8a\xdcY\xa8\xedTS\xfc\x06\xe6~v\x83\x1e\xe6n\xc5\xb9*\x1a\x9d\x06eQ#\x92\xbd\xfc\xf7\x1f\xa6JsY\x13qN\x0b-H\xf4\x8e\xcc\xb3\xf2\x01\x0f\xd0X\xfb\xe4\x9f\x85\x16\x8eOb\xa9I\xf00\x92\t\xeb82x3\x86\xb0\x95\x90\xa1\xb2\tQ\xa5\xe9aHI!\x93Q\xd6\xc40r\xd9mp\xc7\x16\xbc\xb2\xa71\xba\xeag\xc2\xc3{\xb3\xc35J\xc9\x13$jG[\xcf\xa0\xb5\xb5\xff\xe6\x97\xaeZ \xc6\x07\xbd}\xf5\xb5hM\x12\xc4I\x901\xa9c\xa3A\xd2\xf0o\xa5\x93\xdc\x8dd\xc5\xeb\x9a\xddP)\x08|}Y\x1d\x92\x89r!\xe8\xf2\x06l\\\xc6\xf7\xdb\x941\xc2\xd7J\xbe\xe6d\xdb\x1a.\xdcc\x0cN\xa7\xa8s\xab\x85\xe3\xcaL?2\xe0_\x9c\xc2\xf5\xe6\xd8\xfb\x8d\xdaa;\x88o\xab\x17J-\x91?2\xe1_R\x08\x7f\xfe\xb2YV]5>\xeb{\xc7\xafP\x07\xb2\x10\xb3\x82\xd1\xb4>\xceR\xff\x17,\x97\xe4\x04\xcd\xe2hr\xb7\x94\xdci\xab4\\R\xc4\xb0\xac\xe9hy\xce\xb4\xc6o_)\x08\x8ax\\\n\xcd+\xdf\x83\x9ftH\x1f\xbeW"\xf1&\x04\xc0\xe8\xdfz\xb6\xef\xb6\x08\xea\x08\xfe\x13U\xea\x1d\xbd\xbf\x19o\xebU\xdbG\xd6\xd2d \x14\xbez\xde\xde(-\'\xb1N\x81\x97\xf7^\xaa\xa9P[&[\xea}\xfc\x8a\xdd\xd2 Y!H\x0c"\x8f\x00tb\xe3x\x84\xb2\x99\xc6\xa8\xa3\xe6\x14\xd8C\xc9\xb5Z\x06x\xe1\x9eA\x89\x08\t\xe5 \x95R\x8c\xbb\xd9\xa7\x93\xffH\xcf5\x11/[\x1f\x0e\x07\x85\xe3d\xe7\xa8\xe4\x90g`3\xa7D%B\xdc\x93\xce\x8c\x05G\xb8bOq\xe8\x1amZ\x03M@|\x8b\x1bn#\xf0[\xd6\xaa%\xba\x87\xcf\x05\x89\x13\x8b\xfb\xe1\xdd\xd0\x97\xba\xfdja\x14\xcfU;N:u&\x8c\xe72\xad\xf03R(\xb4\xba\x05o\xda&\x03\xc8\x16\xda0\x06\xdf_\x00\xdcF>D\xf0\n\'\x1a\x81m\xc0\x8fr\xef\xdc\xc99u8\xa6A:\xfc\xe8\xe1\xd1\x19\x07\xbe9\x96\xfc\x1e\xe1h\xa4\xa8"Q\\a_\x91\xcc\x1cM\xc8Z\xcf\xc6\xf2C\x1e\x90\xb7\x0e\xc9\xb9\xa2\xd5\xa0u\x00\x9a\x08Lh\xf8\xc7\xeb\x1dnP\x8ft\xb1\xd2\x04\xaf\x04\x80\x10\xaf/B\xa7\x83\xde\xb6\xc4W\xc2\x9c_\x92\x8d}\x82\xedF\xb7\xf9\xcc!\x85\x9b\xde\xdc#\xb0\x02j\x8cU\x8c\xacq\xa6\xe3\x02@\n\x91\xae\xa6oN8\xb7\xaa\xa2\xfc\x02\xa6;-\x9c\xb42H\xb3D\xa7\xca",\xc0\x1eT\x1c\xd7\xddv_\xc0!\xfbHd\xa2Q\xbb\x94\x16\xb9D=V\xaf\t\xf8{!\xed\xbf:\xe4\x91\xbea\xdb\xb5ke\xb0\xf14c\x02\x0e\xeb\x8b\x18\xc4EXFQ\x96>SJ\xee\xa5\x8a\xacHG\xd2(\x01\xfe*\t\xc6\x0b;\xcb\x8c^\xc7\xb2\xd17\x8be\xa3\xfd\xf8\xfe\xa0S\x85\xcd=~*\x16bV\x84\xbb3\xcf\xdf\t2\xd8\xa1\xb8R\x1d\x03\xf8\x88^\xb5\xab\xa5\xc6\xc7\x98:!\xe7\xee\xa0\xb6\xc1\xa7\xae[3wVc\x90q`\x96\x04_v\xde\x15\x03__\xef\x8a2\x93b\x801;G2\x0eZ\xf0[TO\xec\x14W\x95\xf8\xf6\x02\xbe\x81\xcb\xe1\xca\xca\xa8eE`\x00\x00\xdd\x98\xd7tV\xd9\x1b\xea\x04Q\xf4#s\xbc\xae\xec=\xc1\x02\xf7.\xda\xab"\xe9,-\xfe\xa7\xd2\xde\x07\x85I0\xd6\n\xf5<i\xaa\x95\x0e\xf3\x9fQ\xc2\xe8\xf3\xcf\xe2\xfe\x81\x86\xf6v\xff\x91\xb2\x1bk\x97H\xe9\xbb\x99\xcdRp\xa3\xb9\x00\xc2C\x053\x92<\x90>\xc8d\xeb-\x85\x05\xd1\x9e\xc4\xfa\xd2\xb9\xb9\xfc\x18\xb1f|\x97\xf9\xf7\xf7)\x19\xe9\xb7\xdeM\xc0\xea\x8c\xf5B>\x93"\xe2\xa9\x01j\xac/iip\x00\x7fg\x0e\x1aB\x07\xdf \xac\xba\x97V\xe1\x9e\xfb\xef\xf4#'
tbI624
I0
F0
tb.