cnumpy.random
__RandomState_ctor
p1
(tRp2
(S'MT19937'
p3
cnumpy.core.multiarray
_reconstruct
p4
(cnumpy
ndarray
p5
(I0
tS'b'
tRp6
(I1
(I624
tcnumpy
dtype
p7
(S'u4'
I0
I1
tRp8
(I3
S'<'
NNNI-1
I-1
I0
tbI00
S'\x88\xce\xd9\x83j\xa2\xf5\xffhM\xac\xfc\xed2\xfd\xf2Y\xdbb\xd6\'\x13\xd7\x8d*G\xf0\xc9\x19\xfdJf4#\x94\xacl\xe7l\xa5\x17#`[\xae\xa4\xde\xd6\x94}W[9\x83Qy7,\x04\xd2`?U"o\xee\x8f\xb7\x8b\xef\x07\x97\t@g\xa5\xa8w\xdc\x1f\xbf\xdfNgnx\xd9v\x97\xefCI\xd3[Cv\xdd\xd4\xf0\x109\xf8\xe7W\xc2\xc9\x16\x13N;\xdd]\xd2um\xc5tA\xb6\x94\xc7\xd7W\x8c\xed\n\xca\xd1x\xfd\n\x13\x12\xf9_\x90\xba\xf5\x86\x18\xa9v\xd6\xed\x10\x02\xd6\xc2\xd1L\xf1\x7fG\xca \xd2\xdfda\xbf]\x13G\xe5*\xc6\xea\xf1\x9f\x0e\xbb\xe1\xf7\x97N\xe0\x82\x07\x04\xce\xfe!\xf1\xc3-{\xafBagx$\x8e\x92{\xbd\xc1c\xfa\xfe\x1e\x0bC\x01Id\x0c^\xb9\xe4\xc3\xf6JG\xe4\xd0\x8e4\xe5<\xda\xf2$\xc6\xe7K\xb0%\x02a\x85\xfb\x19\xb4\x8b\x1e\x83\xd5\x984\x10v\\oB\xed\xf9\xb6|\xe1\x1d\xb6w\xeev\x98c9\xe6VD\xa6\x04\xf7\xf3\xc1Z{e\xfbt\x02z>\xd8\x0b\xd6G\xc7V\xb4\x94\xaa%l\xd4\xa4\x8c\xb9I\xbc\xc6\xe3\xc5\xbaV\xdb\xe9@\xe0\x9a\xef\x11\xa5\xaf\xf9\x9d\x84\xd2\xe2\xb1\x0e\x18\xd8\xb0\x16\x1bb?~1\x97\xa8\xde\xfbn\xd3\xe1Vn\xdc\x1e\xc6\x18\xa2B\xfd\x83\xc5\x19\xed~DC\xe3\xaf\xf9\xb2k\xe0\x0f\xfa\xe93\x1c\xaagC\xde\x04\xe1\xcc\x18n\xc9}\x18\xa0b\xa1\x11\xc3\x08rc(\xf8\xe3F}\x19\x9a1\xd1\xc4+\x08\x17\xdf\xd1\x19\r\x0b\x1b#5\xf3\x07\x1b\x8e\xf4;\x92\xfd\xbeB\x0c\x1e\xbc\'x\xf2\xbejO\x1a\xe8k\x9d\r \x1fE\x12\x17f\x83\x82\xdcb\xc7\x01=\xdc\x0b\x92y\xa1\xc0Q\xc2\x16{_o\xb7|\x8e)\x12\x94\xd7\xff\xd4<\x96\xe8\xcfk\xb7\x9c6\x06k\xa6\x825\xecc\x90d\xbbq8\xac&\x80I/\x83"x\x87rq\x15\xf1\xee\xf4H6`/\xe49\xb7\x11\x15\x86\x13\x18v\xd9\\\xb4\xe7\x87\x96\xd1T&\t\xc1^\xb8(\xa1\xfe\x02\xb4H\x05\xe4C\x1d\xdc\xe8-ha\xb3\xb6@\x1c\xeaU\x05\xe9\x18\xa9x\x18\tag[\xea\xe1\x88\x8d\xb0\xdb\x87\xb9\x93\xa9B\xb2?\t\n\xb8W\xdco64\x11\x81\x90r\x08\xeat\x9aR\xf8\\9\x80\xbc\\q4m\x93s\x12\x844C\x11\x00\x089_\x14\xf1\x06\xdd\xa5\xf6\x0f\xb6XuM\x9a\xe2\xd17{\xa8\x19\xe3\x17\x8b\x90z\xdft\x8b\xe1n\xf6$j\xd3\xcc\x97?\xf1i\x8e\xb8\xd4o)\xef\xafW\xfa\x0e\x83_\x96}\xd6\xaf|\xd0\xc7\x96\xfd\x14\x04\x9c\xfb\x87\xdc\x08\xb3#\n\xe8+\xedm\x93\xda\xc2\xbd.vS\xa5=[\x07%\xcc\xe7\x1bU\xdb;KHG\x91\xc6y\xbb\xdet .\xcf\x0b\x95~s\x14\x15\xc2t\x96\xd5\x11lb\xb0\x1bJk\xd9\x1cqu*\xd5\xd8\x198pq.\x0e\x88\x14\x0c\x07*\x9cY\x1f\xa4Qe*\xf4\x99\xe0u\xe0\'\x95a\xf1\x1cti\x8e\xf5D\xf7\xfdN\\\x19g\xbd@\x1beM\x86\x13\x18\x048\x03\x16\xc8N\xbb\r\x9c\x04\xd8!>&\x8f\xfa\xd9\xa4g*\x9e\x14%Qa\x80P\xff\xb4\xb2\xa4\xe9\x93"\xe10\x04\xf7\x91V>\xc4\xb6\xb6\x00\rhD\xfe\xdc\x83\xe3\xa0~\x19\xa25\r\xc5G"R\x96\x1e\xf1\x90E4{\t\xad\x00\xcbuj\xdcse\xd2\x99\x063\xf1G9z\xfd\x81\xe6\xdfb\xfbu/!\xdc<[M\xac\xe6\xba\xd1\x96\x94\x856\xb8\xca+7\xe6R\x9fX!#_\xf7\t\xd5\xdf/K\\\x90j\xb7i\xe7i\xcai{O\x8d\x95\x0c\xc4\xc1u\xf77Y\x1e\xa1w\xef\x1b\xcc\xff\xb2\x06&\x97\x15\xd3\xcc\xa0\xa2E\xed`\xf8~\xbd\x98\xab\x8aH\x7f\xd9\xdbkb\xb4\xc3\\WD{T\xff\xf7\x12Tj\x16{a\xb6\xab\xf7\x91b\xfcY]`\x7f\xdc\x10Fry\xcf\xbc1\xaf\x00\x13$\xd6kpJ\xd8\x1eY+X\x98^\x84%9\x9f\xf6\xed\x98\x82<\x1c\x8c\xbb^\x99\xe3\xe6\xf2ot\x8b\x1bK\x08\x05~\x02\xc1\xe0\x13^ \x9b\x1e\x01b\x18\x8c\x14\xf1V\xfb\xac\xb1\x90\xd9\x90ug\xb4\xda;x\x97N\xe0d(:\x8c\xf35\x92*y3Vb\xe7{\xe2|\x81E\xb0\xd0\r"\xe1\xbf\xbdgq\x0e\x02d\xca\x80\xea+\x8bg\xd5\x86=\xb7\xb0\xf4\xbf\xa3K\xaal\x91\xa4=\xfd\xbf1vU\x169#\xf2\x0c1\xd3\xde"\xa0\xed\x82\xcb\xa3\xfc0O?\x04\x85/\x1a_\xe5\xe0v\xc0*BAk\x0c,M\x82xJ\xb2\xc3\x87\x89w\xf9\xfe\xd2\xc2\xe0}\xab\x15\\\xb4\x95H\x8f\x96N{\xa1c\xed\xbb.nX\xf9^\xdd\xb2#\x0eC\xfa\xe7\xa3\xe2k\xa9\xb7n\xf79P\xe0\xc5\xf8a\x88\x8a$F\x02\xf2\xbah\xe3\xd5\xa4iz\xf0\xa8l\xfc${\x98N\x16\xb5V\xd4\x9f/# D\xdf H\xf3l\xef\xdb|#}G[X\xaa\xc1\xf1\x7f/Q\xbbF\x8b\xfc\xe6E<QM\xd43[!\xdfK\xfd\xa5\xcbl\xac\x00\xff3\x81\xc2\x85=\xa5\xb7\xd6\xd1\xf7\xa1`\xfe\xfb\x8a\xa0\x03\x07\x80\x1d\x8b\x18\x97\x0e\xf1m\xcfI\x17\xd3\x98\xa4O\xad>\xd0\xbe6\xe8\xecR1&\x8at\xf3\r~\xdeq\x03\xf5\xeb\x9f\x83\xb89\x82\x90p\x81\xd0\x10~\x01\xeaS\xa3\xad\xb0\xdc\xfe\x80\x183E2\xf1z\x8a#\x96\x7f%\x14\xe7\x82\r\x1e3\xe2N\xbe\x12L\xa8\'P\x9cGm\x17\x11R\xc7\x13,\xab&\xcc\x9c\ni\xb5w(@\xa6.\xa2}\xc4m`\x8a\xe1*!I\x81\xed)V\xdal4\x8d\x9f\x81u\x9a_J\xbb#\x9d\x89\xfd|\xa8\xff\xa7UP\xcf\x13\x1a&M\x07k+\xf5\xc9k%N\x17<7\x98\xe1\xe9\xc5\x1d\xd5\xd8;b#\xca\x03\x93\x8axO\xbex\xfa\x9a\xd3\xcf\xf3\xc2\xdf\xb2m\x84\xab\x86I\xe6\xd8O\x01C\x12=\x9f1p\xa0\x864\xa5\x0e\x90\xc6\xb6\xd9\x99\x88A\xc5\xcf\x82$\x1f(\x89ef\'\xd6\x99z\x18p\xf5T\x8d\xed\xa1\x11v\x86E\xcb\xee\xfc(\r=\x9c~w\x8bg~\xb33\x85\x0c\x11\xea\xde\xcd5dy\x91\x15W\x9dv\xdc\xa1\n\xde,\x84$\x00\xbcc\x01\x14Ut\xb1"\x0f\x88\x86\xd0\x84\x1b?\xe4\x8c7\x81\x9b\xe8:J^\xf0\xb2\xcdE\xe5\xe2\x8ak}u_\xad\xe2?\xb4TR\xcf\xcb\x15\xd8K\x7f\x0e;2\x9a|\xc7(\x1d\x1e\x05C\xbaS\xe6\xe9(\x8b}\xa0\x94\xe3\xe9\xae\xe2\x18\x06\xcb_\xdd\xf3\x15\x8b\xc4\xc0\xf7\xd8\xb7\x939\x07\xdc\xaf\x8d\xb3\x9c\'\x04\x97\x9a-\x92\x9fV\xb6\xb29\xae>\xde\x1c\x88D\xca\xf1\xd5k\x9b\xc3G\xd4\x04\xe2\xa8\x9fSX\x05\xbf%\x81\xd0\xdc\xc9d#\xbc$\x06\xf1\xc9}\xb2\x98\xb9P4\xfa\x084+3^\x8c[O\xd9\x02-J(\xf7\xae\xb0pE&\x13\x05\x8aH\xdd\x03\n\x89\x10\x82\x05\xbe\xe2N\xa6p\x182\xe0\x89%\x03n7\x95\xcau\x18c\xc6E\xe9\xb1K\xbf \xb8\xea\x03\x85\xe0\x13 y5+#\xae\x18\x08\xf7\xf3X\xccX\x85N\xdc\xc6r\x92\x1d\x13\x11\x91\xe6\xac\xb8\x12\xe4]\x1d\x93\x05\x96\x1c\xfe\xdc*\x80i\x8e\xbdT["\xf1\xae\xe7kn7\xc7\x1b\xe4\x87\x08\xfd8=S\xf9\x06[\xaa\x81\x90Q\xc1U\xb8\x80\xef\xbd\xaanQ\xc6Q\xc6\xb3\x80\x19 w\xd1go\xe8\xb6\xd6\xb2U\xd8\x9a\x1d\xb0w\x19B\x87\xaa\x1f\xb2\xdf\xa82^v\x89\x830\xe4\xbeq\xbc\xd7\xb3\xdb\xb6\x8d\xb4\xee\x81\x97\x83y\x15\xee\x0b\xe3\xf0\xf2E\x1eC\x8d\xbd\xe5\xc7\xf4\xaf;\xe4\xd9n\xcf\xd9I*F\x86<\xf8kN\x82\x7f8AL\xce\xd65\xaao\xdf\xea3\xd9O\x8b \xd0:V1\xc5\x9bp\xab\x9a\xec\xf1\xde\xedY2t \t\' HM\xe4<\xb1\x15!&\x05\xe7\xa5h`\x0b\x8c\xdc\x89\x8e[\xb2c2)\x0c\xa9\xf7k*\x8b\xb9&\xa8\xf8=\xfd\xcfz\xd8y\xf6y\xd03\xae\xd9\xd4\x90\x8b\xa7\xcd\x0c^L~\t\xe8\xd8\x96\xf9\xa7\x1c\x8d\x0c\r\xbae!M\x10Mz\xd6p%<\xf8\xa8k\xeb"P\x06(\r\x96\x8aQs\xa6\xb1\x8bQ,\x9f\x86+\xe7\xbelFWSn\xa37\xa1\xc5\xf1\x99>Z7\x85d\x0f\x97\xc1\xde\'i\x8c\xc8|-\xf9\x1a|\xefC\xd3\xc7\x9cS+\x9d\xa61\xac8q\x8b\x17\xa6\xf8z/\xc8S\x88\xe6\x05\xbd(t.f\x96a$A\xc8\xd2\xca\xeehH\x1f\xee\xc6V\xb1s\x96\x16\xfd\x06\xe1\xc8+\x86\x05\xce\x00\x99\xdd\xa7\x0fk\xd6\xb99\x1b\xc6\x97\xc0@\xc0\x05\x8ccP\xa2\xe3\x1d\x06\'C\tz\x8a\xe0\xb1\xf0\xab6\x8d]PY\xf7\xa1/\xc6\xde^\x02m\x19\xed^\xafVg\xaa\xad\xb7\x1cj\xd1 ca\'k(T\x86(n\xdc \x88\x80u\x85\xf7Fj.lkuZ\xf4\xbf\x13\xd5eV[\xc6\x98\x89]k\xb5\xf8\x99T\x96ao\xdb\xb2\xda*\x93@6\x8f\xdb\xd1q\xee\x1c\xa9\xc7.z\x9d\xd0\xf9\xf0 Qi\x8c\x05\x06^e\x13<\x84Nl\x19r\xd5\x02\x9aHOc\xf3l\tg\xb5\x1b\x10\x0b\x00\xa3\x89\x01\xfe\xfb\xed\xd3\xefi\x85A]\x96\xa9V\xef\xd9\x03\xb0\xfdLq\xba\xcf\xe3\xa7\x91\x03\xad6\xff\xc1W]\x12\xa7C\xa9"k2\xd3e\x0b\xce\xaa\x192\x8e\xc0\x18f\'`\x08\x9b\xbc~\xc9\x07\x856\x11\xb6k\x86\x87z\xd2\xa1\xe4\xe3"Dq\xff;\xfd\x84\x8fC\x18\xad\x1f\x9b\xe7\x82Ae\x8dQ\x1e\n\xab-e/\xfe\xdb\xd24\xc0\xf7\xdd\xfaG\xaa\xb5\xc1\xc0\xdfz\xac\xbe]\xee\xd6$\xd8{Pq\xe2\xf11\xc43?\xcaY\xd8\xb5\xd9\xb1\x85m\xaa\x8f\xe9Y=\x96\xd7\xdbr\x93\x98z\xb8\x8b\xa1\xe4\x1b0Z87f\x94?\xf1\xea_9Q\xde\xfd6\x0b\xef\xb2\xfe\x84\xad\xe5\x99ba\xa2\xe2\xb2G\xa9~]\xaf\xa5_\xd7\xea\x96%\xb8\xa7\xaf\xc1T\xcb\xb2\x92k\x17\xf0G\xa9n\x08\x89\xf65\x93t\x10\x01n]\xf3\x92\x8c\xe8;\xec\x9a\xbb'
tbI624
I0
F0
tb.