cnumpy.random
__RandomState_ctor
p1
(tRp2
(S'MT19937'
p3
cnumpy.core.multiarray
_reconstruct
p4
(cnumpy
ndarray
p5
(I0
tS'b'
tRp6
(I1
(I624
tcnumpy
dtype
p7
(S'u4'
I0
I1
tRp8
(I3
S'<'
NNNI-1
I-1
I0
tbI00
S'c\x0b\xc3\xd4\xc9$\xd3\x95\xdf\xf6\xa7l\xd1\xa1\xd0\x8d\x08\xc7\x94D\xe5\x03\xa4\xf6\xe6\x95\xcb\x07X[\x9a\xf4R\x98\x03\xcd\x1f\x06\x88\xff\xa6\x0f\x0b\x8b\xea\xa3o\xd0\xf6[j\xf8\xdf&\xa5\x8b\xe1b\x0c\x0f\xd4{ah\x0b\t\x0b=\xdc\x8b`\xe0,|\xf6x\x9f\xa2n\x89od\x89N\x7fW*\x925\xc7\x8f\xc2`\xbd\x8d\xda\xc0-"U\x03#\x95\xa1\xd2Bh\x141\xa5V\x18\xf0\x95Z!\xcf\xb2\xb3e\x9c\xe7\xc4\x8c\x9c\xaa\xfc\xb9-\xbbk\t[\xf71\x97\x97\x8c\xac\xfb(\xc53k\x9e\xdc\x05E\x10\xed\x0c\xf9\xe1\x06\xb4\xad\xe1vX\x8c\xf3\x94\xff\x8d;h\xfeX\xa8\xad\x07\xfc\xd2\x050\xff\x8e\xaeu\x98\xd1\x8bhz\x88\x1cBQY\\\x82v3\x8c\xd3\xc1\xb0\xe7\xbe\xfdh\xf9QJ\x92\t\x982=\x7fp\xb0\x00\xfa*X-H\x8b\xdb9\x81Ri\x01\x7f4\xd2\t\xd4\x90\x1fQO%\xf7\xdd\x9dR\xd7\\\xcd\x83\xa3\x93\x17j\x8e*\xe8;C\x97\xa1L_\x0b\x8fZ\x81`\xb6\x04l@\x9dfX\x0fC\n]\xf6\xaa\xfcP\xb6\x06/5A\xae49\x92\xd5\xeeD"Y\xaf=_r\x16\xd7\xf9v!\xe1*,\xfb\xd7\xa9k\xfe\xdf\xcf\xc1\xa5\x0e\xd0\x8f>\xc1\xa6\x19N!\xc4wRB2dQ\xe4\xca\xe8k\xd3#\xca\x16(F;\x88\xbf\xd5\xc8\xb1(\xe1,\tm\xa2\xd9\xeb\xeb\x89\xaf\x17\xc9\x9f\xb9\x19\xf8\xbb\x91\x1aS\xc5\xa9\x9a\x03\x92\xf5\xd0\x7f\xaaA\x17\x06<F\xf6\xcc\xc8V>\xc0\xd678FK\xd3\xbe\xadS\x87\x94\xf5\xe0\x02\x83\xb5\x88\xca\x82?\x98\xa3\xbf\xf3\xb4\xc0w\xc5\x1a\xf7\xc9I\xf2\xdbmw\x1bD\x12h\x80@\x87o\'\xcb\x0fJ F\xeb\x0e"\x8c\x92\x19\xe1Bo\xdfM\x83*\xae4"u\x01\xbd\xa6S\xc4:\xa9U\x98\x83\xab\xb5\xac\xbf\x82\xad\xc9b\xbb?e\xd9\xae\x05\x90Vc|\xcaG\xd4\xb8|3\xf4\x949cx#\x90^\xdaa\xe8\xc1,\xbc\x05\xd7\x0f\x8f[b\xbf\x01\xd6\x0bI\\W6\x0c\xbd\xf2\xd0?\xa8:\x1d\xe1\x06hR"\x8a\x95i\x83"\x1fm\xc7l)Z\xfa\xa9F\xb7\xdd\xdd\x91\x0c\xf4\xdd\x1a\x96\x1f]@\x01\x8a\xda\xaf\xd5@\x92\xf8B\xc9\x15)c\xe9\xb8$\xc8\x08\'\xf0\nVIm\x88\x8d\xabr\x05P\xf4]\xa2p,\xc2\xa2\xcd\xda\xcc\xfd\xa1\x05\xc3\x9c\xb8L\xc2G\x0b\xe9W\xcb/\x07\x92r\xc2\r\x1c\x84\xd0\xb5CG\xbe\x12T\xf0`T\xff\xa5d\xf7\xc1I\x9c\x89\xc2}"#\x1f\xa8\xe7\xc9\xb9\xf9o\xa7\xc1\xb9\xae\x1a\xbe\xd3\xc9\xf4\x95{]\x10\xa7\xb7R\x8a\xed\x11\xb2\xb8\xa4@Z\xe81\xbaH\x16Ry\xab\xb1\xb9[O\x99\xb8\xfc\x1f\x90\xe2\xf1\xf1\x82\xe1k\xd7\xfe\xe9/n\xfc\x84\x12)W\xba]\xde\x98\x90\x17\xcb\xe7\xa7(\xed\x86\xcf\x08<\xe6\xb9&\xaf\x0b\xbbc\xad\xa0B\xe2|=K\xc8\xc1\xe6\xd5h\xb6\x92^\x93\x0bE"I\xce\xd0\x95\xf3\xd7eo\xfdC\x94\xbeu\t>jBM|%\x13X\x00\xaf1\xb6\xce\x1a\xbch\xf2\x06\xaa\xc4\xb1+\x149!\x9bWU|\x87\x80\x8f\xc5\x81tdl.\\?=\xfc\x92a\xb6\xf8\xa8\x88\x87\xc9\xc4k\xb4\x19ad7\xbf\xff B\xb8\xd1\x10\xcb=\xeb\x16`\\\xc2#\xea(\xffY\x93\xc3OF.\x80\x85K\xc4=3\xc8\xf0\xbb\xc51\t\x08\xa9]\xab\xef\x1fv+y\xd1\xdd\x18\x9f\x1f?\xda\x99y-Y\xb0\xf5DW\'\xc5*\x87{&U\xd5\xe7\x8a1-\x8c$\x82\x07w]d~ D]3\xbf.\x90\xc7\xdd\xb2A\xc6\xb1\x8d\xec=\xef\xe2\x11\xcb\x19\xd4\xa07Jo\x91\xe0U\xa2\x1e\xec\xe2;\xc7iSx\xfb\xacx\x86Q\x94\xee\xc7\xe3;\x1d\n\xe5\xdc\x1fE\xe8\x88\xdet\x8a\xcd\r\xd6\xda\xbe\x15\xad\xf7))\x99\xde\x03\x1e\x1fv\xa3j\xa8>H\x19j\xfb\xde\x7f\x879\xb2\xf7_0\xa3y\x9f\x8c\xc4>\x95u\xd2MKM\xcaga\xf8\xb8\xcb\xcb\xbe\xa7\x17b,\x8d\x90\xeb\'\x84\xa4]Q\xa0\xc8\x7f!\x10\xe9\xf1V\xbba\xa4\xc6\x08b]\xe1k|\x9b\xc8\xeac\x8dy\x85Q\xdd\xfd\x9dr\x8e\xfb0l\\Rb\xcc9\x19:\x1c\xd0u\xcd\xe6\x8d\'\x8f?c\xb0\xbf\x93DH\xb8\xb2\x8fu_\x80\xf0\\|\'\x9b\x7f\x06\x02\x18RrZ \xbcr\x8fCi\xc0\x85Y<\x9a4:\xb5\xbax\xea\xa4\xd2\xac\x00P\xc9$S&\x13v\xbd\x93\x08\xe2\x1c\xd83\t}(tL\xc1\xf9*4\xc7{f)\x8d\x19\n\xfa:\xfc\xa00\xa7E\x1b \x08[\x1c\x18\x1268~g\x0c\xcc\xa3\trH\x81\x80\x94\x10}\x8d\xce\xe65s\xd9\x84\x8e\x0b\xb0z!\xe7G&y\xc7z+\r\xbf\xc7\'AE^&e,\xf7\xb5=wJ\xcb\x80\x01\x86\x7fe\x1d\x80\xe2\x84\x14H,\xa8H\xac\xdc\x1f\xb3k\x8eq\x97\x19\x88\xc0.8\xac\x00\xbd\xa4\xe8\xecqJX\xfeU\xcb\xd3\x1d:\xf0\x0e\x00\x0b\xc2ow(\xc7\x7f\x9e \x82sk\xfb\n\x7f|-?0cE\xb4F\x96\xd2\xec\x85H\xf02\xa6\xde\r6\xbb\x8af\xf1\xf0+\xee\xb03.\x9bu,\xd0\xe8\xa7\xda\x81\x80\x97\xec\x94\x95\r\x1e\x9f\t\xf9\x10z\xad\x16h\xde\xb6\xfe\x99\t\xd2~\xc6\xc6\x1ck\xd2pl\xa9\x063\x97p\xdb\x0fp\xe8\xb9\xfd\x0e\x9d\x8d\xb8!\x1dE\xdb\xc7K\x16\xa3\xc8\x84\x99\x03\x866\xec\x96 #\x15\xdfb\xcf\x10\xac\x0b{-\x9eM\x00\xd2D\x16\xe1&\xb2|_\xc7r\xb1\x86\xdf\x88\x90\xde\x97\xaf[\x19\xfdo\xeaW\xbf:\xd5\xa7\xfd\x8b\x00\xdb<\\\x15ieEn0@c\xf1q\x9f&\xb4|\x11\x1cL;\xec\x8f\t{\xf91\x92\xdf\xc5?\xf0Vu\xf7\x83\\\xde\xa8\xef\xe5\xc8\x0b\x1b\x00\xd1o\xfb\x81\xef\x9c#0\x08\x8b\x85\xcb\x85\xa3\x81\xff\x0c\x94k$\x83\xfe\x9fB\x7f\xb57\xd8\x02B2\xbb\xef\x97\x98\x9a\xf2\x8c\xf6\xb4\xe0\xbbd\xa7\x03\x89}\xd9\xab\xfd\x16\xa9yy\xd17~\x96g\xc3\xcc\xe2\n\t^\x07\x1a\xc6\xb5\xdb\xca\x19\xcb^\\\xe4\xc0\x1a\x90\x07\x80\xa5\x94\x03\xf0\xb0\xcd\n\x04\xf9_o5\x02G\xe5\xd9]\x0c\x1cw0\xa3\xe8E\xb7\xd4\x07\x89>\xbf\xd7GR\x8d\x8f\x83\x06\xc5$57D+\x8a\xbc\xbf1\xb2\xca\x93\x98!\x02\xfa\x12l\xc5>\x9a\xd8\xf7u f\x83\xe7*\x9fO\x1b\xa0Po\x87.\xf7\xf4T\x1c\xff\xe7\x8c\x81\xe3\x13\xd5\x8f\x9c$\x84\x18W.\xd1\xc0\x8c\x9d\x1e\x0f\x0c\xbfc\x8bc\xdd\xb1V\\I\x00\xa1\x99d+\x9bQO_\xbf, \xc7\x9b\xb3\xb8\'t\x97\x1e\x97\x0f\xa9\xda*\xe7\x97\x84\xcf\x00M\xa8\x13SN_\x96 \xaaJ\xb4@\xddN\x8f\xd8\x1e\x03\xc8\xef^\x86\xb6\xda]\x01I\x0eo\xf5\xc3`\xfe\xf7\x98\x8a\x1eUr\x8b\xb7\x11\xef\x84\xcd\x8f\xce\x9b\xfd\xd4\xb1\xc8\xfe\xa3\xb4L\xaf\x1aPm\xfe\x8f\xae\x88\xf6\xd8\x9b\xc2\xd1D \xbb!VF/\xff\x0e\r\x1d\xb0\xf3\x84m\x01\x84E%-\x03\xf79\x0e\x18Q\xb5)4\xbb\xeb\xe1\x8d(\xbf\xfb\x9c<\xb4\x00\x0e\xae\x1azw\xf5*c\xa2W\xdbV]8&\xec!A\x9b\x8b\xc6\x05\x8b\x19o\xb3\x81-m\x14\x02.\xe93G\xd5\xed\xa8OGa\xf0\x1a\xf8\x8aL\x991A\xc7\xa5\xaa\x9d\x0f;5\xea\xca\x1e\xa2\x84\xcc\xf2\xf6\x1e\x8c\xb6\x10\x1d\x7fQ\x19\n\t\xea\'\xb7\x9dr\x13C\xe1\xe7n\x8ec\xef\x85\xe7\x8c\x06\x92%\x1e\xd3\xad/5\xa2a\x9fi\x8e\xfd\x93O\x08G\x05\x8aw\xfa\xa5\x99\xa2\x9e\xdab640\xad.\x18\xfd\xee\x89\xa7\xedP=\xee\xfe\x84jH^\xbdWU?\xef\x13\xbf\xe8\x13]\xa7\xbfZ\x18\xefh\xe6\'\x85-!\xccd6D7\x8b.X<W\x15\xde\n2.\x03\x85\x19:\xdb\xe4\x1fM\x84P\xff\xcb\xe4\xde\'>iq\x96\xae4\xe6\x15\x04]\xc7\xd8R\xbe\xa9\x10M\x97+H\xfe\x93X\x93\xe0\xe6\x1a\xa4\xd2~\xc3\x01K8\x00}uSbR\xfa\xea\x9d\xc1"\x02\xc58\x8e\xec\x13\x95\xfa(\x0c\x06.\xba\rwK*I\x17\xcc3\x164\xfb\xef\xac\xb8p\xe0$BLq\x05\\=*\xd8\xf9{\xe6\xf1\xae\x01G\xb2\x9d\x13|\xee^\x1c\xc8\x1d\xe46\x8c`}=6\xc9~\x93/\xde\x0f\xd1\x90H\xc8kQ\xef%\x16{\xc5\x07\x86n\x04\xc6\xd8\xd0\x10\x7f\xedM\xbc3k\xe8\xde|<\xcbxkP\x845\x0fC\xe4r\x8b\x91\xbf\xf8\xb3\xc6\x02\xd6\xe1\xfe\xb4\xc5\xa7\xdc#\xc7l\r\x85\x80\x13\xe5\x1d\x94\xb7\x9b\xfd\xd8\x078\x9e\x17\x8d3\xeal\xd7\x1c2%\xca\xa7l\x9f\x0c|\xfd\xea\x87\xdf\xe7k\xfe!H`\x94J\x89f?\x87\x93\xa1\x0f.\xd1\xf78\r2\xff\xe6:cU\xfbG \xc2\x02\xef4F>\xf6\x16\xeb\xc0uh\xf6\x95:DE\xc1f\xdb6\x90\xfd\xfb\xcdd&K\x9e\n\x07-=|\x043E\x89%\xca\xca\xda\x04\x14\x13F\xd1\xb9M\xc6x\xf34\x9b\xfch\x95\xa6\xab\x91\x9dnb\xce\x95\x1f\xc8\x0fy\xb0\xc3\xd4\xe8[m\x9fqR\xd0.g\r3\x97\xcd2\xd7q\x0c\x04\x0f\xb9\x1d\x1b\xae|\x85\xec\xa8\x04:x\r\xc4\x93V\xb9\x92\xe3$r*\x1d\x0f\x1a3\xbd\x84\xd0\x9bN"DS\x81\x18\x03\xf9\xcei\xe8\xe1)\xf3W\xd9KG:\xdb\xad\xb6\xde \xdc\x12\xee\x10\xe0\x1e#4\xcd\x95\xda\xf8{\x10\xc9\xe8L\xf9\x02\xc9\xac[\x13\x13\x0b\x1a\x8c\xcdf\x86\xcaD\xb8\xae\xfd\'@\x98\xff\x8d\x06\x96\x05\xd5l\xa1\xf9\xf5gPU\xf54|\x96wdc\xfb\x1c\xc8\xe4\xdbj_\xf2kh,\x9f\x8e\xeab_\x8a\x1d\xae\x0e\t*\x0f\x97\xcd\x0f\x9f{l(h\xd9A7\xfb\xe8\xc8\x82>\x01\xa42K^\xb4\xcb\x9f\x83H\xed\x92\xd3\xb11#\xba\x9d\x85\xa5S\x99\xaa\xdb\xb6\xf6T\xc8\x8e\xf3\xf4F\xcd\xfb:sgJ\xe7\xe7H3y\xa4\xcb\xb5b+\xa1\xa0\xab\xf7\x86\x15\x9e\xc45\x01'
tbI624
I0
F0
tb.