cnumpy.random
__RandomState_ctor
p1
(tRp2
(S'MT19937'
p3
cnumpy.core.multiarray
_reconstruct
p4
(cnumpy
ndarray
p5
(I0
tS'b'
tRp6
(I1
(I624
tcnumpy
dtype
p7
(S'u4'
I0
I1
tRp8
(I3
S'<'
NNNI-1
I-1
I0
tbI00
S'pd\xe1\xb3\x8e\x0eF\x00\x17y\xa0\xe8\xf9\x11:\xe0\xdb\xb1\x05\xf4\xd9;\xa6a\xcf\xa2\xf0\xa4\xb5M\xc7|`\xa2\xff|\xae\xc1\x8d\x11\xceX\x92y\x1au8\x10\x0bE\xe1\xcb\x94b2}\x88O\xc4\x98\xc8|]\x91\xe41\x87}\xb1\x9b\xd6L9O\xdf\xf4\x0b\x80>d!h\x87Q\xbe\xe4\'t\x1c\xe4\xee\x15\xcb\xa7\x01\xc7R\xfc\xc9\xa8\xe8\x8b\x00\xbd\xc7\xab2\xcf\x15\xaey0l\x1e\xce\x8a\xd3\xe5a\x8a\xe3yg\xb4\xcc\']\xd3^\x8c\xaau|\x15Ci#\'\x14\xaf\xf3\x00$M}XI\xf6\xa3\t!~\x03\x14\xb1=6\xa5\x01\xdf\xf3>\x8a\xb3[d\x95\xb1\xd5V\xd4.\xf0\x86\xdc\xe1\x03\xcbB\xeei\xed\xae\xf0\xb6$\x03\'\xad\x0c\x018(\xed%*\xdag\xeb\x17\xfe\xf2\x1e\x03@\xacv\x11f\x7f\xa48\x9e\xcffj\xbf \xd0BrGj\x1f\xf3\x1d\x90\x13\xf9\x8fE\x0eTsM\xe6\x93\x0c\x0e+\xa9\xa0YG\x88d\xa0\xfc\xf4\x82\x97a^\xe5\x87\x8e\x9e\x0c*+\xd9\x94\x19\x1a\t\xd1d\x837\xc8\xff\x96\x035\xa3\x89J\xe0\x81\xe3z\xdf\xc90\xa1\xe0\xc2@\xa0\x86\x1d\xd6{7S\xe1\xadH{\xc5m\xf5\x98\x0e\xf3e\xe2\x1e\xd3"\xb1\xdb\xf96\xfb\xf6\xf7b\x8f\xbb\x87\x94\xe1c\x081\x108\xd0\xbb\xc2\xfb\x9f\x8a\xbfrx*\x8e\x18\x9b\xa2\x18\n\x82\xd3\xe0/\xecT\xb8\x9c1z%j\xf7[\x10\xda&^D(A0m\xb1\x91\xcd\x8b\xd8\x95\x86\x00\xee\xe3@\x9b\xb4Ns\xfb\xba\xf0\xd5\x98\xad\x9aa\xf1\x89G6\x83\xd2\x85\xbf\xfd`\xddh\x8d\xc2\n\xaa\xdb\t\x0fh:"\xcc\x00\xa2\xa2;\xa4W\x88\xc5[\xd2\xcc\xeb\x8c\xec\xe3zq\x13,J\xc6\xe1\x95\xdd\xcf\xc7o\xa4\'\x9c\xdeg5U\xdeF\x8bn([W=\x7f\xa8\xder\x80\xef\x9a\xfb\r]\xcf$A\x17\x8dD\xf2\x0f\xd1\x11d\x0c3\xc6\xd3\x90C\xef\xce\x9b\xc7\x8fc\xc9n\x04\xdf\xdc\xa3\x11+\xcf\xc8\xad\x8e\x04^\xfee\xf3Zur-\x14\x14\xd5\xd4\x91.d\x0c\x99\x9f\xa1(\xdd\x9eKH\xd2\x12\xac\x08\xf0\xf1\x12\x86\xc1n\x88_7\xda\xd1\x93\xff\x9b8\xbd\x8ax8\x96gv6\xbc;\xd3\x05\x9f_\x95 m\xe9%5\xe1\xf6\xbcD\x02\tf+\x9c\xd7\x7f%\xbb\x87=\xbb\t\xdc\xc2\xe2V\xb9\xd8=\x18/yS\xfcg\xbf\xdd.\xa7u\xdcl\xe6\x15\x98\xe5\xa3 J\xdb\xcc\x18\x14+rB\x12\xd6\x85\x19\x1d\x0e\xa7\xdc\x99E\x92\x90\x05v\xd8%\x13m\xd0\xc9c\x96\xa5\x8f\x1f--5\xfd$@V\xf6nnI\xef}\x01\x19\xda\x94E\x8d\xc2" \x92\x15\x1dm\xe0K\xb1\xcd&\xa4\x82\x049a\xa0\xbeD2!\xe2\xd3\x87\xeb\xe4\x9d\xb6*1$(\x02~!\x7f\x150\xad\x85(\xbe4P\xe7\x93\x19\xfc\xe5\x94Ut\x13~T%R\x04\xb4ovgO\xfe&4\x1az\x90\x0e\x96I\xe7\x0e\xcak\xf9\xf9\xad\xb8\xe2\xa6\x87\x80\xf9\xac\x8c\xc4g\xba+\n\x8c\xabV #\x8cx@\xceU\xfb()\'\xeb\x8e\xffi\x04\x18\x1575`{\xee\xea@\x1e\x93\xaeB=\xf2\xac\xbe\xfd\n\xdd\x0f\xac\xb0\xc1\x9c>\xa9\x16<\x86\x97\xab\xc7\x8f\x0f\xd1\x9d\xc9Q(\xb8a\xd0\xe5\xa7\x10/\x8c(\x11\x06\x0f\xf5\t6b\x06\xb9^\xc8b<\xf0\xc4\x03j\xe1\xe4Z\x83\xe8lZG\xe5\xfaM)\xa3H4\xdb\rQ\x8d\xd9\xa6\x89\xbfI([Jr\xb1\xb1\xa208\x94\x95bF\xfb3X:\xc4j\xd4\xa6s\xdc\xf5\xf3,\xc0\x14\xa3\xfd\x04\xeb\x97\xe3\xcb1\xd0S\x92\xc6\xd6\xffD\x8c\x81\xb1\xa6p\xaf\xb6Ne\xe8$\x0bV}~\xdc\xf7\x17uc\xf2\x10\xe4v\xe3\xff\t&\x16z\xba~\x84\xae\r\xee\n\xaa\xba=t\x12\x98\xde>m\x9b\xbc\xc3w\xea\xcf\xfc%\x1d\xc4\xef\xf0\xfcQ"\x01\xf0ST\\6\xc1\xf7)wi\xfa\xb62\x1d\xc9\xfc5\xb8\x01_\x94\xae\xa3\xb9&\x92ua\xf1(L\xb1\xf5\x8c\xa7^0~W\xdd\x93\x97\xee\xed\xed\xee;A\x80\xe7uLDQ"l\xb6\xbd\x8c\x1c~\xdd\xaa\xbe\x90&-o\xa25T\x02\xd7\xa3\xb78H\xdeb,\xee\xb8=\x00\xcdQ\x05Y\x84x\xc3\xc4\x9br\xd9\x9c1W\x81\xed\x0b\x03\xab}\xeaV\xa1\x12:\xd2$\x91\xb6\xf14\xaa\xbc:`\xfd\xb5\xec\xca\xca\xb4\xf5\xd7\xc7\xc8I\x89\xb4!\x1b\xf3@\xb3\xba\xf9\x16\xbf\x13\x10\x85\xb8r\xb6e\x15\xb1m\xae`\xf1|\x8c\xf6\xa0r\x06\xc9\xee\x1e\xc9\xb1&\x93\x05Zm\xec\x88\xe4\x076\x83\x93\xdc\xfd8\x0c\xa7T\x93\xf9\xba\xba\xe1\x80D\xb1\xe3\t\xa6\x03\x0f$\xf6\x10\xa6\xa0_\xcc\xf1\xe3P\xb9\xff\x16\xdf\xbbRT\xe9\x8b;\x9bR{\x0f\x05a@.O{\x86U\xb9!\x0b\x03f\xb3\xaf\x88h:\xbeHX\xc4\x01\x16\xa4\xbb\x8d;3\xe4o\xea\xe0\xfe\xfd\x19b;\x7f\xa3\x8f\xedgrr\xe4\xf0Up\xaf\xa7w\x89-\x13\xc4\xfa\x0e\xe7D\x88\xbeq<\x9bP\x1d\t\x9c\x97\xd7\t\xd7\x17\x9d\xf1u$\x1a\x1c\xbd{5\x8c\x82\xee$\xc3=\xdf\xafP\xcd\x8d\xfb\x87k\xb0\x8e5\xd0\x94Wu2\x83\xf1\xb1\xe4V\xce\xde,z\x06H\x7fxH\x94\x0f?\x9d\xf5!dLl\xea\xe8>+\xfcD\xb48\xbfu&\xed\xa1f\xcb\x84\xdb\xa4\'E\xff\xcb\xc8\xad\x86.Vj\x94\x9b\x88\xfb\xd6\x7f\x9adfb\xd3~,G\x96R):\xdf\xed]m\xfb{\xfcxp\x98\xae\x87\x93\xf0\xf2d\xb1\x98\xd8C6\xea+\xaf\xa00\x1aLr\x83\xd0\xe2\xc5 \xc4\xdbh\xb8\x82M\x89\xd2\xc2Bl\xc7\xf1 ?_\xbbr\x85\xea\xfcER\x16ud\x01\xdb\xdf\xe4\xfae,\xd9\x1b64\xc9\x08\xdf\xe8\x9c\xf4\xf0\xfc<\xdbE\x1d\xee\x85\xee2 P\x00\x80\xd8\xdc\xc4\x00q\ns\xa5\xf6"\x9e;hi\x87G\x8b\x8d\x90\xb0\xd4\xac\x9d/h\x8dd\x9ah\x0f*\xa1R\x12\x01aL\xaf\x17.2t\x84`\xd0\x84d\xdcj\xde\xdc\xa9~\x7f\xad\xfe\x02J\xbd\xd5\xfe5\x07\xc2M\xd4\x91p*\xe0\x9e\xed\xc1D\x90\xba\x0c\x02Y\xfa\xb1W\x07\x1a\xba\x9b/e\x86\x06\xce3\xbe\x0fK;\xda\xf6\xde8"f\x16I\x0e+\x82b\xd1\x92lJ\x95\xd5\xf2)T\xe7\xde\x81\xcf\xaa\xcf-\x9a\x83Q[\xc3x^\x02l\xf1\x8a@\xf7u\xe1~\xd8JG-\xa3\x8f\xb8\xe0$\x98n@y3$\xf2\x02\xe4\xfb\xa8H-UM\x1f\xb5P\xd1_\r5\x11huh\xba\xcfw\x90\x13\xb5\xb6\xe3\xb7\x11=\xcdb\xd1\xfe\x08\xf5Huv\xf5\x90\x02\xac\xca93\x8e\x8f\x92p\x89\xf5\xe4\xa1<+\xe4uC\x9a\\<$\xd6\xd9\xf0g}\xc1\x86nqi\xcd\xdb\xa1\x98#J]\xbe\xc7\xa8\xedP\xde2\xa2\x9f\x93V\x08\x9f\xdf?w\xa8\xd1\x12\x8e\x95.~\xfa\xc6;+\xe1\x89s\xd47\x82Nv\x15-\r\tP\xa6G`N\xd6\xd1\x068\xc3_\xfc\x01\x93\xc1\xfb7\xf3\x82#\xe9\x1b\xa6\xa3\xac\x8e\xa3F%+\xb9u\x80\x94\x85\xee\xa8\x82\xbaX\xf1W%\xc6\xebB\xc0\xb8X\xde\xc2\x9cxI@u\xad\x0e\x8fi\xaf\x94\x87\x93\xca{{s\xba\xe89\xa2\x11\x99,i\x18\x11\xc6${!\x18\xc1_G\xc78k\xb9\xa7\x11\xf7\xe8\xca\x95\xdf\x1e\xc9\xa4\xbc\x07\x15=\x9c\xa5\xe9\x89\xb3Y\x8e\x0f&\x9d\x81%\x15\xed\x02\xadT7\x1f\x94\xe6#6\xb1\xf4{\x12f\xc5\xb4cJ-\xd7\xed\x92jv\xdb\t\x90TRU+J\x85\xaf>\x1e5\x18\xbf*_\xe1\x02\xb9\x8b\xf9\xff[\t2\x9c<c\xc8-\x89K\x89\xfe\x12[\x91I\x99\x9aRi\x83a\xef\xb0f\xfd:\x07\x97\x89\x90\xb3\x18y\xc0kPj\x8dT\xc3\xd3\x8e\xdd\x15M\xc4\xed0\xc3\x1fU\xd4Ii\xd7\x1a\x99\xca\xcc\xc6\x80\xf40\x95U\x0c\xed\xbay!LY\x14\x8e\x1b\x19\xd8\xb1\xad4R\xc5\xfd\xed\x08\xd42^I\x05^\xde\x9d\xfe\x8b\x1b-\xa0t\xf5\xc4\x02\xcf\t\xb5\xce\xfe\x0f+\xf1\x870\x8e:$\xf1[\x8e=2\x13/\\Z\x1f\x1b\xd1\xde\xb9\x9f\xda\xa5w\xdf\xc2aLT^\xd9\xc7\\\xc8\xa5\xc1X{\xe6+\xb4\xae2\xbe\x1e;\xfb&\xf7\xd4{v\xb6\xa0\xa4c\xb1p+\xceVH\xa1$\x93\x80\x11\x84\xc0\xc0\x8e<\x89\x80\xd9J\xf8o\xb8\xc1\x93\xfd\xed\xd1\xb5\'YABNO\x141\xc5\x90@\x1a\xa1q\xdd\xfa\xbd\x0e\xb8u=\x01\xff\xb51\x80\xf9\xa5\x9dm\x91\xc5\xad\x1e\x8d[\x19H\t\xc1/\\\xafx\xf1{\x9ec\xbe\xf8e\x8d\x80\xa1\xe1\xd18\xde&\xce\xf1\xdf\xe7Y\x0f\x9a\xb6zr\xac\xa4\xc7\xa7\xd6\x88\x18\xae\x7f\x01$\xb8S\x9eLO\xd10&\x8b\xbd\xcbp\xba\xae\x1bi%\xeb\xc0\xc7s\x84\x9f\xec\xcf\x1a\xf2\xac\xf9h\xff\x98\x13\xb0\x80\x8c\xde\xa1\x98{\xad\xb2\xb7!\xa6\x8c\xea[\xe8\xbc]\xa91\xa5\xe4Ap\xdc\x175T;\xbe\xe4\xacR\xa3\xb9\x81[\xecX6\xbf\x1f\xe8\x86~\xc0\xf5\xe6\xf3\x9d\x8c\x05\xa2\\\x9fq\xef1\x039\x95\xffS\xbc\xac\xbe\xe8o\x0c\x9c\xe44\xac\x82\xff\x10\xacZ~\x9cz\x19yD \x90A\x14\x14\xea\xc2\x08\xba\xca\r\x15\xa1y\x80\x14?}\xe2\xf9b)o\xa1:\x96\x9a\x86\x96\xb6\xe13\x0e\x8e4(x]\xd6h*s(\xfb\x86\xe0l\xc0\x8d\x0b\x91\xd0N\x82Bw6\x1b\xebR\xd7\xc0Z\xc4%]lt\xe4\xd4\xb4\xd1\xb0%wz\xbd\xef@P\x99\xa6O\x89\xe3;\x03g\xc6\xed\xcc\x0eJ\x9c[\xa1\x89B\x90\xef\x9a=\xe1rk\xeam~T\x02\xe4\x13<\xed\x80\xb8\x13\x8b\x80{\x1dz\x89|w\xf0U\xf4\xe2\x04p 5\'r\xb0\xfb\xc7t\x92;\x81\x03\xf5\x8c\xc6\xb6\xb8]\x98\xfd\xc6I\x83\x19V\xbf\x00\xe3G:\xfd\x11\xa5\xb6\x9f\x90Z&s-Jib\x9f\xea?:\x8bX\x9863\xc9\xe5V\x02c\xa6\x95\x0c\xddT\xa6u\x93\x10\xc4\x1a\xca\xb0f\\)Uj)\xf5BJ{\xacn'
tbI624
I0
F0
tb.