# time 	 divergence 	 # of mutations 	 # IGC chances 	 IGC length 	 # IGC failures 	 Changes due to IGC  	 % change due to IGC 
0.0	0.0143149284254	0	0	0	0	0	0.0
0.00285284711604	0.0163599182004	1	0	0	0	0	0.0
0.00347041793421	0.0184049079755	2	0	0	0	0	0.0
0.00432079481302	0.0204498977505	3	0	0	0	0	0.0
0.00468975465634	0.0224948875256	4	0	0	0	0	0.0
0.0125170166677	0.0245398773006	5	0	0	0	0	0.0
0.0133052696994	0.0265848670757	6	0	0	0	0	0.0
0.0141833060727	0.0286298568507	7	0	0	0	0	0.0
0.0157346025559	0.0306748466258	8	0	0	0	0	0.0
0.0182344966259	0.0327198364008	9	0	0	0	0	0.0
0.0199505633099	0.0347648261759	10	0	0	0	0	0.0
0.0226148701574	0.0368098159509	11	0	0	0	0	0.0
0.0363128905775	0.038854805726	12	0	0	0	0	0.0
0.0374423385363	0.038854805726	13	0	0	0	0	0.0
0.0424422699641	0.040899795501	14	0	0	0	0	0.0
0.0425597735787	0.038854805726	15	0	0	0	0	0.0
0.0443379374155	0.040899795501	16	0	0	0	0	0.0
0.0448069374842	0.0429447852761	17	0	0	0	0	0.0
0.0467956812131	0.0449897750511	18	0	0	0	0	0.0
0.0490898662072	0.0470347648262	19	0	0	0	0	0.0
0.0570582998259	0.0490797546012	20	0	0	0	0	0.0
0.0586675730413	0.0511247443763	21	0	0	0	0	0.0
0.0631898738833	0.0531697341513	22	0	0	0	0	0.0
0.0677522949585	0.0552147239264	23	0	0	0	0	0.0
0.0677683577237	0.0572597137014	24	0	0	0	0	0.0
0.0687560850718	0.0593047034765	25	0	0	0	0	0.0
0.0693712530408	0.0613496932515	26	0	0	0	0	0.0
0.077475557813	0.0633946830266	27	0	0	0	0	0.0
0.078095440927	0.0654396728016	28	0	0	0	0	0.0
0.0789506127929	0.0674846625767	29	0	0	0	0	0.0
0.0812850222972	0.0695296523517	30	0	0	0	0	0.0
0.0825345842273	0.0715746421268	31	0	0	0	0	0.0
0.0843937579169	0.0715746421268	32	0	0	0	0	0.0
0.0874059092372	0.0695296523517	33	0	0	0	0	0.0
0.0874769706742	0.0715746421268	34	0	0	0	0	0.0
0.10896653548	0.0736196319018	35	0	0	0	0	0.0
0.111291311424	0.0756646216769	36	0	0	0	0	0.0
0.114667192193	0.0777096114519	37	0	0	0	0	0.0
0.117357853184	0.0756646216769	38	0	0	0	0	0.0
0.117527671829	0.0736196319018	39	0	0	0	0	0.0
0.120308340712	0.0715746421268	40	0	0	0	0	0.0
0.124906990821	0.0736196319018	41	0	0	0	0	0.0
0.125491074272	0.0756646216769	42	0	0	0	0	0.0
0.125896922644	0.0777096114519	43	0	0	0	0	0.0
0.131697664943	0.079754601227	44	0	0	0	0	0.0
0.137751711319	0.0777096114519	45	0	0	0	0	0.0
0.141098216107	0.079754601227	46	0	0	0	0	0.0
0.150591721916	0.081799591002	47	0	0	0	0	0.0
0.155098307288	0.0838445807771	48	0	0	0	0	0.0
0.155212895874	0.0858895705521	49	0	0	0	0	0.0
0.156673730961	0.0879345603272	50	0	0	0	0	0.0
0.16317534002	0.0899795501022	51	0	0	0	0	0.0
0.164526154443	0.0899795501022	52	0	0	0	0	0.0
0.171357665369	0.0920245398773	53	0	0	0	0	0.0
