# time 	 divergence 	 # of mutations 	 # IGC chances 	 IGC length 	 # IGC failures 	 Changes due to IGC  	 % change due to IGC 
0.0	0.0163599182004	0	0	0	0	0	0.0
6.07283011052e-05	0.0184049079755	1	0	0	0	0	0.0
0.000352684177838	0.0204498977505	2	0	0	0	0	0.0
0.00304747218924	0.0224948875256	3	0	0	0	0	0.0
0.00334615540214	0.0245398773006	4	0	0	0	0	0.0
0.00430834550889	0.0224948875256	5	0	0	0	0	0.0
0.00476073020065	0.0245398773006	6	0	0	0	0	0.0
0.00555719174412	0.0265848670757	7	0	0	0	0	0.0
0.00958290593452	0.0286298568507	8	0	0	0	0	0.0
0.0102664161889	0.0306748466258	9	0	0	0	0	0.0
0.0117438011987	0.0327198364008	10	0	0	0	0	0.0
0.0165415895161	0.0347648261759	11	0	0	0	0	0.0
0.0206884987745	0.0368098159509	12	0	0	0	0	0.0
0.0212814745303	0.038854805726	13	0	0	0	0	0.0
0.0219074114352	0.040899795501	14	0	0	0	0	0.0
0.0220803043709	0.0429447852761	15	0	0	0	0	0.0
0.0223165373337	0.0449897750511	16	0	0	0	0	0.0
0.023659998086	0.0470347648262	17	0	0	0	0	0.0
0.0275873764917	0.0490797546012	18	0	0	0	0	0.0
0.0300783688469	0.0511247443763	19	0	0	0	0	0.0
0.0318157596567	0.0531697341513	20	0	0	0	0	0.0
0.0323914084831	0.0552147239264	21	0	0	0	0	0.0
0.0347042892588	0.0572597137014	22	0	0	0	0	0.0
0.0446333963735	0.0593047034765	23	0	0	0	0	0.0
0.0512526936578	0.0613496932515	24	0	0	0	0	0.0
0.0554630144602	0.0633946830266	25	0	0	0	0	0.0
0.05681149786	0.0654396728016	26	0	0	0	0	0.0
0.0585032805873	0.0674846625767	27	0	0	0	0	0.0
0.0605908476503	0.0695296523517	28	0	0	0	0	0.0
0.0636661249642	0.0715746421268	29	0	0	0	0	0.0
0.0721768494594	0.0736196319018	30	0	0	0	0	0.0
0.0746135212198	0.0756646216769	31	0	0	0	0	0.0
0.0746985154201	0.0777096114519	32	0	0	0	0	0.0
0.0781122288791	0.0756646216769	33	0	0	0	0	0.0
0.0888486381244	0.0777096114519	34	0	0	0	0	0.0
0.0894021350455	0.079754601227	35	0	0	0	0	0.0
0.0898700550537	0.081799591002	36	0	0	0	0	0.0
0.0971623460495	0.079754601227	37	0	0	0	0	0.0
0.0988265844086	0.0777096114519	38	0	0	0	0	0.0
0.100144019894	0.079754601227	39	0	0	0	0	0.0
0.102946157411	0.081799591002	40	0	0	0	0	0.0
0.103264235974	0.0838445807771	41	0	0	0	0	0.0
0.103342858486	0.0858895705521	42	0	0	0	0	0.0
0.104677798181	0.0879345603272	43	0	0	0	0	0.0
0.105555353622	0.0858895705521	44	0	0	0	0	0.0
0.109677025234	0.0879345603272	45	0	0	0	0	0.0
0.110244772172	0.0899795501022	46	0	0	0	0	0.0
0.113991140632	0.0920245398773	47	0	0	0	0	0.0
0.121642320473	0.0940695296524	48	0	0	0	0	0.0
0.128206722409	0.0961145194274	49	0	0	0	0	0.0
0.129637994308	0.0981595092025	50	0	0	0	0	0.0
0.129856953333	0.100204498978	51	0	0	0	0	0.0
0.131400771795	0.102249488753	52	0	0	0	0	0.0
0.133050884616	0.100204498978	53	0	0	0	0	0.0
0.134131029984	0.102249488753	54	0	0	0	0	0.0
0.136434110569	0.104294478528	55	0	0	0	0	0.0
0.140119421011	0.106339468303	56	0	0	0	0	0.0
0.144746543072	0.108384458078	57	0	0	0	0	0.0
0.1448223001	0.110429447853	58	0	0	0	0	0.0
0.149009414856	0.112474437628	59	0	0	0	0	0.0
0.151081726215	0.114519427403	60	0	0	0	0	0.0
0.151287613658	0.112474437628	61	0	0	0	0	0.0
0.156240549753	0.114519427403	62	0	0	0	0	0.0
0.158954085985	0.112474437628	63	0	0	0	0	0.0
0.164272181646	0.114519427403	64	0	0	0	0	0.0
0.164563983708	0.116564417178	65	0	0	0	0	0.0
0.165982428562	0.118609406953	66	0	0	0	0	0.0
0.166012104835	0.116564417178	67	0	0	0	0	0.0
0.171322540648	0.114519427403	68	0	0	0	0	0.0
0.17592915114	0.112474437628	69	0	0	0	0	0.0
0.181372540883	0.114519427403	70	0	0	0	0	0.0
0.183060129755	0.116564417178	71	0	0	0	0	0.0
0.183060375547	0.118609406953	72	0	0	0	0	0.0
0.183198806342	0.116564417178	73	0	0	0	0	0.0
0.186171406447	0.118609406953	74	0	0	0	0	0.0
0.187717986081	0.116564417178	75	0	0	0	0	0.0
0.189048676285	0.118609406953	76	0	0	0	0	0.0
0.19025198065	0.120654396728	77	0	0	0	0	0.0
0.190280407367	0.122699386503	78	0	0	0	0	0.0
0.19095756628	0.114519427403	78	1	43	0	4	0.0487804878049
0.191039038695	0.116564417178	79	1	43	0	4	0.0481927710843
0.192835935589	0.118609406953	80	1	43	0	4	0.047619047619
0.195175223507	0.116564417178	81	1	43	0	4	0.0470588235294
0.195299630167	0.118609406953	82	1	43	0	4	0.046511627907
0.199599376289	0.120654396728	83	1	43	0	4	0.0459770114943
0.203913839715	0.122699386503	84	1	43	0	4	0.0454545454545
0.205847474852	0.124744376278	85	1	43	0	4	0.0449438202247
