# time 	 divergence 	 # of mutations 	 # IGC chances 	 IGC length 	 # IGC failures 	 Changes due to IGC  	 % change due to IGC 
0.0	0.0184049079755	0	0	0	0	0	0.0
0.0145688731143	0.0204498977505	1	0	0	0	0	0.0
0.0157972146811	0.0224948875256	2	0	0	0	0	0.0
0.0180112628075	0.0245398773006	3	0	0	0	0	0.0
0.0235355794061	0.0265848670757	4	0	0	0	0	0.0
0.0236525838005	0.0286298568507	5	0	0	0	0	0.0
0.025299641198	0.0306748466258	6	0	0	0	0	0.0
0.0259872861553	0.0327198364008	7	0	0	0	0	0.0
0.0287885689171	0.0347648261759	8	0	0	0	0	0.0
0.0329908918986	0.0368098159509	9	0	0	0	0	0.0
0.0339338346242	0.038854805726	10	0	0	0	0	0.0
0.0349765282977	0.040899795501	11	0	0	0	0	0.0
0.0448394347903	0.0429447852761	12	0	0	0	0	0.0
0.0495503505692	0.0449897750511	13	0	0	0	0	0.0
0.0495971852697	0.0470347648262	14	0	0	0	0	0.0
0.0529564914358	0.0490797546012	15	0	0	0	0	0.0
0.0534375954984	0.0511247443763	16	0	0	0	0	0.0
0.0542556632362	0.0490797546012	17	0	0	0	0	0.0
0.0639745382	0.0511247443763	18	0	0	0	0	0.0
0.0641905220149	0.0531697341513	19	0	0	0	0	0.0
0.0652701630991	0.0552147239264	20	0	0	0	0	0.0
0.0681698685133	0.0572597137014	21	0	0	0	0	0.0
0.0686593391287	0.0593047034765	22	0	0	0	0	0.0
0.0689312534112	0.0613496932515	23	0	0	0	0	0.0
0.0737701238474	0.0593047034765	24	0	0	0	0	0.0
0.0758302275847	0.0613496932515	25	0	0	0	0	0.0
0.0804445419155	0.0633946830266	26	0	0	0	0	0.0
0.0842891427757	0.0613496932515	27	0	0	0	0	0.0
0.0879751259608	0.0633946830266	28	0	0	0	0	0.0
0.089844397316	0.0654396728016	29	0	0	0	0	0.0
0.0961603068767	0.0674846625767	30	0	0	0	0	0.0
0.100564863654	0.0695296523517	31	0	0	0	0	0.0
0.109654144384	0.0715746421268	32	0	0	0	0	0.0
0.112705910578	0.0695296523517	33	0	0	0	0	0.0
0.123457263	0.0715746421268	34	0	0	0	0	0.0
0.124144023933	0.0695296523517	35	0	0	0	0	0.0
0.129529605297	0.0715746421268	36	0	0	0	0	0.0
0.13036576695	0.0715746421268	37	0	0	0	0	0.0
0.13181108034	0.0736196319018	38	0	0	0	0	0.0
0.131850913322	0.0756646216769	39	0	0	0	0	0.0
0.135575363105	0.0777096114519	40	0	0	0	0	0.0
0.135935313893	0.079754601227	41	0	0	0	0	0.0
0.136644677779	0.081799591002	42	0	0	0	0	0.0
0.137625512227	0.0838445807771	43	0	0	0	0	0.0
0.144071308451	0.0858895705521	44	0	0	0	0	0.0
0.144895274817	0.0879345603272	45	0	0	0	0	0.0
0.148523953123	0.0899795501022	46	0	0	0	0	0.0
0.150318501	0.0920245398773	47	0	0	0	0	0.0
0.15039109721	0.0940695296524	48	0	0	0	0	0.0
0.151647463548	0.0961145194274	49	0	0	0	0	0.0
0.152689973704	0.0981595092025	50	0	0	0	0	0.0
0.155390587762	0.100204498978	51	0	0	0	0	0.0
0.156160271812	0.102249488753	52	0	0	0	0	0.0
0.157757448647	0.100204498978	53	0	0	0	0	0.0
0.165903206433	0.102249488753	54	0	0	0	0	0.0
0.17052021693	0.104294478528	55	0	0	0	0	0.0
