cnumpy.random
__RandomState_ctor
p1
(tRp2
(S'MT19937'
p3
cnumpy.core.multiarray
_reconstruct
p4
(cnumpy
ndarray
p5
(I0
tS'b'
tRp6
(I1
(I624
tcnumpy
dtype
p7
(S'u4'
I0
I1
tRp8
(I3
S'<'
NNNI-1
I-1
I0
tbI00
S'\xdc\x04\xf5\xa4?\x99\xe6\xd0\xd13\xcd\xf5\xcft\xd6D\x7f\xf5C\'Fu\x034\x8b,\x83[\r1\n\xbf?Lx\xe3\xe1\x01YX%\xf9\xde9\xd9{\r\xac\xba)\x04o<Jm\x9a\xe8i\xdb\xc5\x11\xcer\xf6\xb84\xf3\xb4WN\x91)\x08\xcds\xc8\xbdM\x14\xd5B\x94~^\x98P\xb0\'y+\x1b\xd2J\xd8\x0b@\xb6\x0cZ*,g\xa0\xd0\xd89\x82z\xab\xae\xc9\x8ef\x8e"\x0f\x03Z\xc6\x963\x85\xc9p\xe6Wr\x9d\xc2e\x18\xa47\x8b)\x9b\xa5\xb7e\xbb\xab\xca\x82\xa3\x0e\x0e\x10x~m\xac\x82\xe0Jj\xeb\x87t\x88{{\x04 \x95\x90"\x11\xea\x96\x9eN\xd1Sp\xc0\x1e\x8fa\xed\xd8!q\xe4\x1ffF\x13U\xc7t\xae\x19L\xca/T\xbf\xc6%2\xc7&A.\x9aP\xc8d\xb1\x0b!16xx\\O\xfb\xd8Y\xcd\xc5Nc\x1b\xa0e\x96C\x82*U\x8d\xfc`\x91,\x97\xad\x93\xf8s\xd7\xa7\xc3%\xb0\xeb\xd2b-S\xb9\x9dZ3\x99\x03\xe2|\x83\xdc\xc1c\x9c\xfe\xf5R\xb8\x94.\xaa\x00\x10\xec\xee\xa6\xde^Kf\x90|\xb5/\xc2"}\x0f\xa0\xe3\xce\xed\xb4\xf9O\xe44>J\x85U\xec&\x88\\ep\xce\x84\xc0\xcc$B\x18\xe8\x84\xe6\xf3\xa3\xb6\xb9\xfa\xc9\xf8\x10\xf6(x];\xa2\x80\xd4?9\xfc98\xad\xe6x6\xb5\x17\x13\xc9\\k\xf1\xd5V\xf6;H\x13\x0ez^\xd3\xf7n\xed\x06\x12\tn\x88XM\xd7\xab=}\x94=\x88\xe3\xb9\x14\x98"6sB\x15\xdbhu\xdc~\xf6\x0f\xec\ny\xedB\xd7\x04n\xa9\x9a\xb7y\x93\x81w\x84\x1b\\\xf4\xc5\xcd\xadB+\x02^\xc3pq\x85Ch\x10\xedY\t\xa8!2)z\x8d\x1fk\x18\xa1:\x9a\x0e\xe6\xfb\xa9ig\x08\xc9;\xbf\\o\x1c\xb7\xb4)\x8d\xdca$\xb5\xe8\xd3bn\x88\x88\x87\xdf\xeb\xf8\x0f\xe3\r\xaa{\x9e\xc1\xc2\xd9\xc0\x01\xe5\xb5\x1c\xb6Zs\x91\x88\x07\xd0p\x02\xdc\xc8\xae\x05wm\xce\xa8b\xeblpQI\xb0\x11\xed\x08\x90\xd7\x08\xca\xecR\xfb\x1a\xf7B\x0f\xeb\xff\x97\xe6\xc8\xb5\xc9\x8f\xd1w\x98\x84t\xc4W\xc1\xb4\xb0>0\n2g\xcdE\x17T\xaf\xc0\'\xb9k\xb6\xb4\xd3\xc8IM\t\x19#\xa6P\n/\x96\x85\x9fI&)L\xe97\x8d\xa4\x8c\\)4-\x80;j\x04n\xd1\x7f\x9d\x8cI>p\xb59]\x8c\x90\xeaz\x04<\xf9\x83\xd0\xf2$\x97\xd8\xdc\xeb\xcf1\x07\x03\xdaA\x9eA\xf8\xd3\xf4\xfcB\x18R\xab"q\xd9\xd5\xafa\xb2YkZ\xda\n\xe0\x88|\x8e\x06\xd1\x94\xcc\xb9\x9d\xc4=\xfeM\x1e}!\x8et6^\x8d\x11\xa3\x17y\x84\x99\xdc\x8c\xa3\x96\x97\xa7\xe47G\xe8\xf6.\x927\xf3\xff\xa40\xcb\xf8s\xaa\x7fM\x8c\x98\x075[J\xcc\x93\x1fu\xa0\xa5\x8f\x852MF\x86\x14\xf6\xfc\x1b\xb4\xa5\xc4\x06a\x927\x81\xaa\x17\xe0\xf2\x93%M\x80<\xce\x03W\xbb7\x19\xc5\xef\xfb\x8ew\xd83\x1a\xbf\x00\xdf9\xff\xd8\x03\xf3.\xde\xb52\xd7\x90\x06\xd5\xa38\x04\x95\xd5@Lq\x95\xc9\\\r\xd5\x93\xc7\x83\xea\xe9\xd5\xb5Oa\xae~u4\'\n\xd4\xe3\x1f\x90\xad0\xd6\xce\x88\xca6\xdb\xcd\x9e\t\x99e\x08\xcb\x17^H\xcb\x9f4\x82\x8a]BsT\x92\xa3\xafzl\xd9\n\xdav\xe1N\x9a\xdc\x0e5\x82P\x85\xcaA\xfa\xd0\x1ej\xc7\xcbqd\xce]r\tx\xeb\x7fo\xb5\x1f\x80\xc9y\x1a\xcb\xa6\xd5M:K\xba\xa3k|\x1b\xbc\xbc\xe8\x18\xdc\xf8\xbc\x94l\n\x9b\x93`\x9a\xcc\x83\xbevt\x82\xec\x80\x98\xe6\x1b\xe9Iu\xa9\xfd\xaaom\x0f\x10\xfev\xe2\x0b\xa1\x92~\xa4\xb4\xe9WT\x15\xcf\xd0y\xcfm\xdd\x89\xd1\'g\xcfNE\xc9\xb9X\xcfdNJ-59\x11\x98\xc5\xa4\xff^\xbf.\x11\xc4\xa8\xfe\xb4\x0b\xbd\xe4o+\x0e\x1a\xce\x8cg{\xc1Kzge1\x7f\x0e\x17L\xc4\xe9e!ty6\xcedAq^\xf9\xc8=`\xa2\xb0\x8f/a\xdec\xb6\xb4m<g<\xa9\x06w&\xfcC\x98\xc9\xa8\x1cG^\x7f\x90\xdd\x06\xe6\x16\xd8dU^\xedJ\xe0\x99Eh?\x8b\x00q\xd3h14\x16\xd4\'\xfe\x19sA\xd8\xe0\x8a\xe0$\x8b;\xbb\xa8N\xae\xe6\xa2\xe6\x8e\x1d\xc2w\xe0+f\xee\x19\xcb\\\x89\xd1\x93<\xfa\xce\xc8\x83\xf4\xed\xdc\xe3\xf9\x9fOP\xdf\x83R#.\rT\x1e\xec\x9c\x18ba\x11\xc0o\xd2\xa1\xce\'\xf2\xa7\x1a\xd7\xfc<4\xa9\xb6\xf7d\x8bt)\xe4\xe1\xa9\xa8-+;\xb7^\x9d\xd74E-\xb6\x1f&>\x98\xa7\x96<\x11\x0c\x879\xd0\xe2?\xde\x11\xd5\xceE\xbd\xa7\xd083L\xee\xddJy\xb2\x9b\xbe\x1c\x87\xd3`\x84[\xe2\x05:y8c<\xc7\x1f6\xda\xf8\xf3\xbc\xd2s\x97)\xdc\xa1\x13H\xf6O\xc7H\x0c\xd4\xf6\xba\xc8\xa3\xf1\x05\xcay\xd6\x9at,v9\xa8\xab?!\xa56\xa0\x8cE\xfd-=u\x8eg\x16@Htzg->\x07J\xb2\x80*\x05/\xcd\xe0\xb0"\x9c1|fN\xe7r\x88\xc7\xe2\x89\xb6\xad\x0e\xa3\x8c\xc6\x92g[\xd9Wp\xcbjb\x0bJ\x18\xcd\xcbKBj\x0fGd~\xa6|\xe0\xc5{\xb9\x91*\x8f\xc3dP\xf4\x03\xb7(\x9e\xb8v\'\xe5-! \x7f\xcf\x03\xc7\xb1\xf9\x8f_\x1eR\xda\xb8u\xe6\xa1~Dr\xf2!\xcbe\xeduWc\xa65%\\\x8ei\xbe\xd0\xb3$T<4\xa9T\xa2D\xda\xd5<\x0b\xcb\xc1\x18JS\xd8\xe5\xf0w\xb5\xb5\x89G\xf4\xf6Hw(Z\x9c\x14\xe3\x19\xf6\x89Nw\x11J\xd5\xa5\xa4\x0bcS\xb9\x9d\x92\x04\xa7\x17\xf3\xc17\xcb\xa4\xeeR^\xc5\xb1\xf2\x0e@\xbay\xe4\x89w\xe3\xf2\x8f\x95\x9b>\x1f\xff\xd8f\x02\x01\x9a\x00\xb8\x1b\xde#\x04\x88|\xd3\xa3+\xc7\\_\xa0\x95=`i\x1f\x7f5\x871\x84/\x1a\xce\xe0\xc0\x1d\xe7\x99N\xd1\xa0\xe0\x0bm^)\x9c\xa2\x0e\xd5\xe2z\x90\x15\xb2\x7fY\xc4\xea\xa3a\x96\xd6\xe8bnsm\xc1G\x12Ml`Z\xcd\x85|\x86W\xf4y`\xb2\xf2\xd3~\x96Z\xd2<\xd79\xef\xdc<K\xec\r\xe6\xdct\r\xb0\xca\xc8\x0b\xbe\x8d.n\x8f\\\x00\x153yc\t\xe5\xac\xf6\x05D\x9amQ;\xb7K$\x05w^=:#\x8f\xc2\xb2\xcf\xe8@\x1c9\xff8\xf2eF\xac\xb3\x9d\xa8\xab%\xf8I\xca\x84\xb9F#.^\\\x03\x17L\xe38\xeeJy\xd0\xbc[\x00\x00}\xe1\xc2\x92\x8d\x81\x00I\xfd\xdf\t\x1d\xad>\xc2\xd9\x1e8\x81J\xb6\x9dD$\xc3\xb8\xf8\xc9x\xdc#[@t\xa1Ms\xbc\xf8\x1f\xb1\xf9\xfbv|\xc2\xb7,\x86%Ma\xb9\x9a\t\xc5r#L\x06\x84\xd3Y=\xe1\x82$\xd4Nj\xf68\x93\x99\xfeu\x07\xe9\x04\x1e"(\x88\xe7:|\x83\x8d\x1a=f\x8d\xdbeVmm\xb4\x07H*U\xd2R\xc8\xe5\xef\x92sAi9\x92\xaa\xa5\x93?\xcd\x12\xa7$\xf5\xfb\x125\xd7\xfd\xce9X8\x02\xf1TUX\xfa3\x1a3\xfbG;\x9b\xb2e\x15l\xea\xb6"\x9a3<\xbao\xae\x9ajM\x03+\xbbn\xa1\x18\xe13\xc0\x86H\xb7j\x19\xce\xffu@\xc0v[\x9f\xb6H\x92\x17\xdfO\\m<I\x1aY\xe5\x06\xd5\xdfjf\x81\xc7k\xf8\x9a\x04\xc7;\xd4\xe5\xce\xaa\x9d\xcc\xdb\x1b\x13z\xe7+w\xc8\x02\x99\x9c\x15*\xc4k\xbb+N,\xbcq"\xe9U\x9e\xd0\x19\xbe.\xcc\xa9 \x00:\x8b\xd1p\x16\xaex\x88\xb7\x15\xf0\xd4*U=E\x05\x0b\xb1\xbd\x85\x11\xef\xc1\xd4\xfe\x98Z6\x84\xa2a\xa03\x08\xbdR\xe3\x8c\xf1PnF\x8a\x8e[( \xca\xde\xf3\x02\xabp7\xc3\xf3\x0e%\xabxr\xb3\x87Mf\xa4\x1d"Z\x9d&\xa8L\x89\xac\xbb\x1b\xb5~\x08\x03\xee\xe5\xd9\xc5,}\xa7Z\x88e\x13=Oa\xad\xad\xc4\xa3\x0cg\x1f!\xb6\xe7$M\xfd\x84\x13@\xb4\xa0-C\x04\xae\xaf^/\x82_6\x91\xf5\x9e\xe2\x9a<\xbc\x9b\xb3B|WX\xc05{\xa7\xa5\x8d\xcb\xd6\x87\x88\x14\x93\xed\x89\x05T\xec\ng\xe4\x14Q\xb9\xbb|\xf7+\xa6\xfa\xdfu\xb9\t\x8c5\xa9Ob\xe6\x90\xe1\x9e\xea\xec\x06\xfd\xfb\xc9\x7f\xaf\x95q+:\xe8\x8a\x95\x1f+j\xb8X4_\xbb\x81Y\'\xb5\x1c\x075\xf9\xfc\x9d`\xdb\xc9\'\xb0\x1d\x84]\xae\xe3Z9\xc0\x8f\xf5\xed\x03K\xef\x1eGg$\x96\xb4X\xb9\xd5\xc3\xca\xbd\xd5\xf1b\x17\xd7\x82\x0f\xb7\xe6u^\xd8VV\xc2(\x1c\x85J\xf8\xb7\xbd\x99\xe6\xf2\xf4f3\xa0\xacc\x9c\xf8\x17\x0f\x1cZO\xf7\t\xb5\x95\xe5\xa0g\xe3:\xd4\x90\xa91=\x80\xeb1\x11\x8b\xe0(\x0el^\xaaKV\xcb*n\xa7\xbd\xe30\xbb0\x85\x81\x9c\x00\xea\x01\xc9\x95 \xc3;\xb6\xee\x93(r\x00\x8a\n\xd3\xc8\xfe\xcc\x17\xce\xc9\xd2\x1dB\xbc\xef\xc9f\x01\x9f\xb7\x1f\xb6;f\xd9\x97\x16M)!<\xb2\xe5\x00\xe0eK\xbc\x95<\xb1\x9f\xa8\n\x9d=;\xe6\x93\x9bN\xa4\x95\xf2\xdc\xe9\x0e\x81Y\x88\xe684\xea\x0c\x85\xb1e\xadU\xfb\x133j\xc8\xcb\xf7\xfa\xf4t\x95\xf6$lqUU\x1e]\xdc\x9e\x8f)\x10\xe0\xa4_h\x84\xd2\xeaCU\xf8:\xea6\xa7\xfa\x10\x8f\xfe"m\x8d\x827\xa2\xc9o\xde\xb3\x82\x0c{\x07m\x9a\xa1*\xa7\x10\x0e\xaa\x02\x16\xd3\x13l\xfbto\xe5Us0\xf2\xb8\x7f\x10\xc9\x04#\xfb\xb9&\x18%\xc1-%\xac\x16\x1e\xe6\xf3\xb2i\xbd\xe9e\xed\xa6\xc0@r\x00pB\x9fS!X\xbd@2\xe0pR\x17\xf8\xa6\x03\x16\x81\x03\xder\xf5\xd9F@\x19\xc7<\xfe\x1bv\xc6\xb1\x1f?\xacC\x956\xfe\xdfZ\xf9\xffy\x08\xd3{\xe4\xca\x1f\xf4\xc5v\x03xN\xceL\x91\xf6YV\xb9\xf4\xf7I\xdd\xf0\xf5b`P_n\xca\x92\xc7}g\x98*\x80\x9a\xcd\x9c\xa5\xb8\xc9\x1b\xc8\\vz^\xa7\x1f\xabK\xf7\xab`zC\xcbdk\x13\xd5\x03(\xc4\x1f5\x1c;\xa1E\xa7I\xb5\xabx\xc3\x0fo\xcb'
tbI624
I0
F0
tb.