cnumpy.random
__RandomState_ctor
p1
(tRp2
(S'MT19937'
p3
cnumpy.core.multiarray
_reconstruct
p4
(cnumpy
ndarray
p5
(I0
tS'b'
tRp6
(I1
(I624
tcnumpy
dtype
p7
(S'u4'
I0
I1
tRp8
(I3
S'<'
NNNI-1
I-1
I0
tbI00
S'S\xfd~\xd7j\xf4\xfb\x17\xbc\x8e\x9b\xe0\xf3\xfb\x07\xa9m\x90\xe6\xdcB\x9d\x92\t\xa4\x8ap\xbc=\x17[OJ\xe8\xe1\xa2\xc3\xb8?\x06\xea\x87h\xa0!|D\x03\x01\xdcU\t\x99\xac\x85A\xee\xdb:\x07\xa3v\x83\xffwf\xc9K\r\xea\xca^\n\x0f6xG\x9c5\x19(H\x0b\xfa\x96x\xc7\x1a\xeb\xd1\x91\x80\xd6i\xb1[\xb2\xbcq\xeaK\xbaG\xdd\x16\xdafX\xebL\x82\xad\xceZ\xb7\rz\x8d\xf5\xc0\xf4~E&QX\x06\x18\xdb\xaf8]\xa5\xc3\xd2\xd0hu:\xd9\xcb\x01\xea\xe5\xc5\xd6(\xae\xb8\xe7\xf0\xd3\x7f\x80\xf0h\x06\xaaz\x12\xfd\xb9\xc6P\xe7\xbe\xb3\xcdr\x971_\xc4\xd5`Ak\xa3\x85[j\x8b\x83Pw\x98k\x91?_uP\xc9z\x07\xc28\x97w(\xbd\x9d\x93\x04\xf99.\xef\xde\x82\x14_\xe3Ij?\xd8`\xa7g\xe3\xf5(\r\xf1\xbc!\x1e\xb3R\xef)\xac\x0e\x96\x01?\x86\xf6E\xc72\xd0\xca}\xf4\xfb\x91g2\x9a\xb4\xac\xef\xf9\x85\xbdD\xeb\x9a\'\xda\xeaK\xba\x99\xa1\xed\xb8\xbcG%\x84\x89\xa8\x1dA\x9c\x12#-\x0e\xd7\xbfy\x87\x12\xb0\xb4\xa9\x13\x0c\x93\x9c7\xed\xf1\x921\xd0\x00L\xd8\xd2\xdd6+Q\xa4\x8aj\xb5\xb7\x9c\x80M\xd4_\xe6\xee\x9a\xa1\xba\x1a_\x0f\x16\xa5\x9e\xce\x02q\xed\xf0n\x19Q\xd6\xac\x95\xb5X\xdc\x12\xac\xd5\xda\xfaW\xba-\xfc\x9c\xb2/\xdd\xc4\xfe\x91Y\xb4q\x0b\xc4\x06\xdaD9%(\x1a\xf2t\x0e\x13\x7f$K\xb5&\x933?\x0e\xeb\xa1\x83\xf7\xba\xedtV\xa7\xbe\xaf_\x1c-:\xba\x04\xada\x80\x07e\xaf\x8e\x03\xf6\xeaV\xa8}!\'\xd6F\x8cP\xd8$w\x1f:\xb8)w2\x15\xf9\xed\xda\xbc\x85\x9bk\xadt\xbfED\x03\xe3d\x86n\x16J\x1f\xdfp[!\xc9#\xa6\xe4\xec\x88_m\x89y\x00\x01Y\x9e\xcc\xcaM\x81\x19r\xa9\xb2\xc1=].\x11\xffLr\x0bB\xd75!\xa4\xef\x7fb\xa0\x06\xe5"\xb0\x0c\xb8\xf5\x84I\xdd\xbd\xfeH\xce\x03uj\xf7>]\xb3\xcdG\xbb\x16\xf4F\xf66\\\xbd\xae\x90\xc2\x07\xe9!\xa4\xec\xccU\x94?\xd4G\xf83\x04\xdc\xf6\x08\'\xbf\xb84=x\xcb\xddg(R\xda\xd2\xb7\'d\xeeN\xf4\x07\xf9[\x8c\xd1\x04_|4^\x17U\xee\xbb\x98\xa3\x91\xb1\xa5\x1b\x86\xe3.b\x90\xff\xd5_:\xad`\xfc\x81\x10\x02\x03\x1a\xc1\xednAb\x7f\n\xe8[\xfa\xa9\x83\xc3 B9\x10\r\xffbV\xeau\xf3\xc3jj\xeb\x80\xf7l@\xd50\xa3d\xc0G\x89=Z\xfa\x168i#T\xa1\xf0\x12\xcc\xffXG\xb42\xc3\x80\xeb%\xd0\x1a\xd7\xeaS\x0e\x83\xa6\xcd\x9a}&\xb6\x17\xe5s\xa7xH\xfc\xef\'!\xb5\x03\xaa\xa5\xf1\xb1\xbb\xe4I\xe3*\x9fVGb\x06U\xf9\x92\xd5O\xe3wG\x058n\x8d\xe8`\n\x98S\xd0\x93\xcb\xee\x9e\xba\xcf\xfd\xbd\x8az\xd9\xef^\xd6\xc5\xf4$\xe4|\x17\x98\xd3\xce\xbc\xe5\xc6\xd2\xa0j\xd0\xee\x87\xcd\x820:\xe9\x98\x9fT\\"\xf9\xb6\xc0D\x81\x81;W\xc3\x1b\xfe\x0bi\xe5\x17\xcbSD\n+\x1b\xde\x10q%\x888\xc9\x04\xa2\xbe\x18\x16\x9a\x95\xcde\xd9j\x95\x87\xe4\xa1\x83$\xe4\x81\x05XK,\x85\xdd<3\xce\x08\x9fw\x1b\xe0SX.Uy\xf7\x99\xa50\xcf\x84\xdaJg\x17\xach\xda-,\x97\xb5\x99`|\x9e\xf0\xe3\xc6\x11P\xfa &o\x1c\xf9v\x99i\xbb\xb3\x94KI\xf0>\x16\'\xe6z\xbc0*]4\'u\x80\x97\x8d\x19\x8aP\x12\x9c\xed\x03u\xf8Y\x80%\xb7\x9d\x85\xb3\xbc\xfe\x8e?\xd1\xd5\xcf\xa4\xbb\x8f\xa5i\xbf\xe8\xa5\xe2FP\xfc5E(\xb7\xf2\xbao\xact\xc0$b\xf1a\xe6\xc4\xe7xY,K\xc4\xfd\xe4qxLH\x8a8\xfa\x9e=O$Ss\xce\x84\xe8\x90k\xa1\xbe%\xe6K\x9e\xed$C\xb1\xc1\x1d\xc5>\xbd2{\x84\x880=\xb4b(\xf4 t\xa2\xe5\xfe]\x16\xc8\xf2\x0b\xe7\x89\x01\xea\x88\x04v\x0c\xd7\x9a\x1a\xc6!\x18H|\x8d\xea\x98\x95\xddGj\x9fK6s\x938\xc2\x9d\xd0}\tS\xdc\x1bPcwa\x172\x11\x855Tow$\xc8_\x03\xe7\x0f\x93\\D\xe3\xe5\xd9\xf5\xfe\'\x1f_\x13\xfa\xa6\x9a\xb8\x83\x05\xe0\x81AuS\n\xb5>\xd3p\x91\xa8\x15\xb6\x8f\xdao\xb6\x93g1\x01\x03;\x8b\x0c\x9a\x1c\x16T\x91\x03\xc2\xf6:,\xf3\xcf\xa5~\xbb\xcc\xe5\x8f\x80\xacv\xcb\x9dAnv\xa2l\xfd{\x0f7jZ\x07\xdf\x83]}\x0c\xb6\xe1\x7f\x7f+\x83\x94^\xa9\xf5aE\xf4\xe2Y\xb7\xf4#\xe4P\xf8\x13\x10\xa1\xe9n\xff\x05\xb7:m\xcc\x9du\x93\x85\xa4B\xdf\xaf8\x7fL\xe6\x1c.\xe0\xb9E\x1f\x0bx\x94\x0e\xe70\xe0YT\x02\xeb\x12\xca\xeb`-D\xa23\x86\x07>Y\xbb\x85\xab\xe7\xf2\xf2\xe7\xed\x9c4\xc6A\xd4\n\xda=\xb2bz\x7f\xa0+\xa7\x0b\t\xf0\xe8\xc3\xfb\x9a\x04~\x8bU\x88\x19\x1c16\xca\x16\xe3C\xf2\xfc\xeaZ\x92\xdb/2\x1f\xedn\xabHv\x0f\x85\xf7U-\xf7;\x9c\xe3\xa9\xad|aR\x1aeu`\x12\x88\xa2\x11\x01u\xe8\r:\x8e.\xcc\xa3\x1d\x99\x076\xaf\xceNu{L\xbdMYl\xaf\x04G\xa6\'\xe9\x11\xbf\xb6\x11\x8b\xa6L!\xb0\xfb\'#*\xc6\xc5m\xe7"=\x89\xa9(0\x91\x83M\x98N\xa0"\x10<b\xe11I\x07MG\xb5\t(\xf3\xf19|\x8a52\xe2\x1e\x1a\x95\xd1\x03\xaf\x1a\x08\xc1\xaf\xa7q\x05\x99\x05X_\xf9\xf5\x93\xea\xf3H>\x90\xc2<N\'\x88$+\xa9~ \x12]\xb1\x11\r\xd6q\r9\x8dK\x92\x13!\x81\xa1\xfa^\xfd\x0b\x8a\x02\xc9\xec\xc9\x88\xe8\xb8\xbc_\x0f\x92D\xff\x91\x1c\x86\x9b\xe6s\xf7h\x00E?\xd4?g\x8d7\x01*9\x18\xcfI7\xfc\xaf\xcb\x9c\xdb\xd6\x90X\x99G\x0e\x19\xa1\xac\x10\xe0\xfb\xbf\x8b\x81\x0e6WA\xe1\xf1\xcd\x7f\xb8\xc3P$xf,\x04\x87F\xac\x1f\x00\xe0\x02\xedp\x01\xc1KQ\xca\x12\xde\xfd\x8a\xb8\x9d\x99\x009\x1e\x92\x14%\x93~\xce\x9b\x84\xfea^`\x85\x1a\xdc\xe0\x06s]\xd1\xcd\xdeg\x83;\xeeE\x07\xb7:E\x89\xc8Qe\x9c\x04\x86\x1e\x91\x03\xb9\xa3&\xdb\xaa\x15I\x06n\x11\xfa\xcb\xaf\xbf\xedGh;\xb3b*\xd2\xf57\xc7\xf5i\x00P\x05|\xe3D\xdaO\xdaTz\xb9\xf3\x00\x96s)\xa7\xcb\x98\xbfgE\xcf\x83\xe1\x8d\x95seT\x12t\xc4^\xcb\x10\xdbA\x11\xe4\xedr\xabo~`\x99 \x13\x99\xea\xe7\x03,\xdb\xbb\x01\x1c\xcf\xee\x1aHZ#\xdb]\xd3a\xae\x18N\x8cG\x89\x16D\xa3\xd0\x18\x88\xc3k[\xc0\xc71v\x1bN\x82[\x98q\xcf-To\xdb<\xd7\xe2\xf4\x1e)\xb8\x9e.;l\xc1L\x80rDZ\x89XI\xa9\xb6w\x944\xdf\xc1\xf8\x84i\xf7\xfe\xb3B\xbc;\xb6\xd8\xec0l\xbd\xfb\x0b2Y\x98a~\xd3\x1f\xcc\xb5\xbfa\xdf\x1fD\xd3\xfd\xb5\x12\x9c\xa1\xed\x14@=\xd8\x00vt\xaf\x88g\xc7\xb08h\xe4\xf3~\x1a\x00\x07Q\x9f\xad\\\x0c\x13\xcaF1}\xf6\x95\xf0a\xcc\x02\xa9\x8bm\xfb\xbfR\x13\xb6?\xb6\xd3S\x87l\xb7\x1e\x01\xfc:3\xdc\xab\xd5\x98\x9bYn\x9bc\x9e\xed\xb5\xa4\xcd\xb4>@\xc8)\x93\xcf\xe0bh#-\x94\r\'\x08\x10\xeagB\x1e\x9c)\x7f\xd8\xf5\xeck\xc0\t\xcc\xe22m\'8\xbfm\xd1#\xf2bY\xa0\xf8\xd6\x80\xd5\x90\x81\x97O\x11a\x99\x00\xc8\x97\xad\x9dh\xad%\xacP \xc4^\xee\xa6"\xe7\xba\xb4y\xa8\x0f(\x10\xd0\x8c\x0e\xf8f\xa4\xdb]rr&\xf7a\x95\xb2\x00,\x03\xb3\x9bE\x07\x8f\x0b~\xab}\x08\xedR\x1b\x99!5>\x9f\xc1\xa9\x8b\x0e{\xfe\xe5@\xccz\xdf\xb7$\xa2s\xa0\xa2\x12\xca\xa1\xffII\x13\x070\xee\xe7C6d8/K\xe2C{\xa77\xe5\xf4Nu\xba\xa0\xcd\x11\xeax\xca\x83\xe9\x19\xb5c\xfbb0\x8f\xba\xcc\x89\xe3\x81\xb6}\xe8\xf9\xe6\x14\x03A\x16D\x92g\x9b|\xcf?\xb2\xd4\xc6R\x9eZ\xff\xe0\xa1\xd8\x13\xb9=2\x9dI\xea\xaf\xf9\xca\x8a\x10\x043\xe7.\xb2\xce.\xa1\x10\xd6\xfc\xa4S\x99@#\x01\xb8\xdfU:\xea\xc8g\x16\x9a;\x9b\t&\xc3\xec\xd3^6\xd0^\x86\xe9k\xa0\xcf\xf6\xa1/\x8a\xf9\xc0b\x16\x84\xca\x8d\xbc*\x03\xbf\xe0\xa2\x89\x16j\xa2P\xb9\xc6\xe4Ore\x06\x15\x00\xea\x1c\xedj\xc1\r\x99\x9e\xd0\t\x10jo9\x87\xfb\x06\xcadxJF\xbb\xf77\x0b\xc9\xc4\x8f \xe2\xa0"\xa9\xce\xa8\xdf\xfcT>\xa3\x9a\xadG\x0b\xe8\x90\x1d\x80\x85\x8e#1!\xd6\xf9\xc5H\xbb,\xac$\x84\x98\x81\x00\x84\xad\xc3\x0bx\xf1\xb6\x7f\x04\n\x8aFp\xd0\x0f\xa4Pd\xbf\x93\x1d\xdee\xe0\xef\xdf\x86\x02\xd5\x12GYf\xcb\xca\xfdf\xb9t\x9b\xcb,\x03\x9b\xda\xc4\x0fsM\xb7Y\xe7\x08\x1eEY<\xd6\x00\x00+\xbcP\xf1\xe1\xc2\x05?\xb7B\xfc^\x9e\xb0&\x0c\x86-\x06\xfb\xefFT\xa4!I\x87j\x81\xe5\x8a\'\xb3=\x01\xc7mh\xaf\x16\xb4$/*y/\xb0\x9a\xfap\xb57+\xe0h\xe7\xd7v\xc7\xac\x81=NP2\xf8k\xcb\x8e\xfcI\xee\xc7\xe7\x89\xe1\xfb\x9d\x8aP,\xfcN\xe7~6\xdeI\x94z\x13n\x1f\x86_$\x0cH\t\x95\xae{\xcaPb.\x9e\xf3c\x96y\xa7[\x90O\x81_\x97\xa2\x07\x16\x1b\x1em\x1f\xb4\xacy\xacF\x04\x10\xa8\xe3\x98@\xdaIa\x1fs\x9eV\xa2\xba}\xed;\xdf\x89\x9c\xb3g2\x84#\xc1\x13h\xa9\x04\x1fs\xd9\x8b\xc7\xb7\x04\xc72\x9f,\x88\'KCA\xe8;5\xb5y?D\x89t\xae\xb1\x94\xd6b\xd5s\xd3F\xc5M\x0f?`c\x85hI\xc2\xfb\xd9\xc4X\x97C_\x9amBoZ\x03P\xb6\xce\x10\xca\x0eG%F\xc4\x1d\x054\xcc\xa8\x10\xa5\xe6\xf1\xf0\xcb\x05\x1b/\xe6\xbe\x06\x87z\xfa\'\xad\x90\xaa\x1f7\x8eMu\x0f.4\x8ef'
tbI624
I0
F0
tb.