cnumpy.random
__RandomState_ctor
p1
(tRp2
(S'MT19937'
p3
cnumpy.core.multiarray
_reconstruct
p4
(cnumpy
ndarray
p5
(I0
tS'b'
tRp6
(I1
(I624
tcnumpy
dtype
p7
(S'u4'
I0
I1
tRp8
(I3
S'<'
NNNI-1
I-1
I0
tbI00
S'E\x11\xa8\xde\x11\xc5\x9e.\x93\x1f\xb9\xb3s\xf7\x0fBTHmh\xa2\xd0\xa2(b\x00\x0e\x1b\xc7/\x80\xea\xf9\x9c\xf00E\x04\x0e\xf28\xb2*y\xfc\xed\xa1\xe4s\xef\xbbc\xbd\x1a|\xdd\xbf&\x99\xfd\x9bV\x17\x7f\xc8\x90\x85\x91@\xb4{\xc2\xa4\x10l\xcfZ@y\xe4S\xb2d\xcd\x02\x03\xfc\x08\x1b\xb7\xd0sU\xec\xe5\xc4\xcd\x1aO3\rt\x1d\x91\xf9z\xe2y\xed\xe1+\xa4F\xa5</o\xe2\t\x1d)\x81\x19Q\xb3)K\x14\xfc\xc2l\x15tO\xe1yV\xaay\xef\xd8\x86L\xfb7\xf6\xe5\x1e\xf5\xcfN"\xfcJ\x93\xe43Z\xc1\x89\xa6\x96\xfe)\x05\xfc\x8c\t\x10\xd0\xf9\x8e\x87\xcd\xeb\xa5\xb4\xe5y\xd8,\xc7l!\x81P\x86\xf1\xe1^\xde<Y\xabNy\xba\x82\xe4\x97\xb0\xc7K{\xe7\x18\xd9\xb8<\xbeYI\xe3*\x0b\xb5\x03V\x18\x96\xabU;\xccHv 4\x086\xb6\xca\xc83A\xde\xda\xe7S\n\x02\x87\x85\xcau+\xfakv\t\xa7\xc0\x0b\\\x8f\x0b\xe1\xff\x06\x85=$\xd1\xe5\x83\xed~T\xfbn\xb6\x08\xd5\xd0\xe3\xaf|,|C\xb8\xcb\xce\'\xae\x13\x15\xdc\x1c\x8dIf\xb3\xad\xd6oI\x1dY\x8940\x8cT\x9c\xeb\x18\x1d4\xfd\xc8b[r8w\x04^\xe1^\xa1f\xd99\xfet\x9e\xc8\x93\xa4\xb4\xb0\xa1\xffVF\x8f\xef\x86E\xc3\xac\xd2\xc5\x19\x1d\xcc\xb1\x1c\xa9\xe9\xc9g\xdfo\x1bS\x1aQ\x98\xa4s\xff+\xcc\x1a\xe8\xde\x19\xd3\x04\x10V\x82H\xf4;\x9d\x05!<\x9c\xa8\xd0\xe0\xa0\xc6\xadQ\xd1\x95\xbdz\xb4\x1b\xe5N\xac\xb5<\x8a\xf2\xe1\xe0\xbcQ\xc3)\x90].Y\x9aX\x04\xadd\x0f\xbbvi\x1bBO\xdb=E\xdb\xe1\x83\x92.Sq\x1a\x149\xf9\x93ZF\xd9\xce}\xb1d*\xad)\x1a\xf2sE\x042\x81[\x93\x97\xa2v\x83\xbb\xe3a\xe1\xc5\x86"\xd0\xc5\x11\xb448\xbc\x8f\x84}3\xc3\x17C;\xb0\xb9\xb0\xfdBb\xec\x10N\xe8\x12\xcbu\x106\x19\xb7\xd72\xba_\xc4L\xec3\xc2\x12\xaar\xbd\xad2w\'\xf6UD\x8eDI\xe6\xe0\xa2\xb2\x9f\xbb2\x1f\xd6F\xa3u*fC\xeeh\x97\xb7\xf1(\xd7#\xd0?\xe2\xafJ>\xea\x037\xd4\xed-e\x1f\x07\xdd)#/YgIfS\x88\x8b?qkv\x1cM}\xcc\xe0\xfd\xe0\xfb\x9cB\x0cv\x04\x9b4P!\xb4\x9e\xc0?\xe7\xba\x06 M\xb6\xc5\x85\xbd\xc9[*\xeb\xd7\xc1<\xeb\x0eM\x02\xb5 \xc1\xe7 ON\x92\xb0\xe8\xef\x9b\xcb_\xe1B:odW0}\r]3\xab\xfe\xc8\xc4\xf0\xcb\x82\x04\xb7C \xf6``\x95[9\x8b\x19\x0e$&\x8fk\xa8\nNfBd;7.\x84\x81a+8O2i<Y\xf6\x88\xa1\x7fSV\x0e\x18\xeek_\xd0ka\xe4\x05NB\xbe\xbf\x7fo\xa6\x9cX\x05\xf51V\'{e\x82=\xfc\x18\xe6\xa7\xdc\xde\xd4\x97L\x87`\x84]\x98to\x1a\xa7A\x14\xf8\x94l\x8c\xa8\x02\x91\xb4\xc6o\x04\x0e\x9d\xb1\xc0\xd3\x96^9q\xea\x06,\xecr\xf3~[\xf4v\xbf\xfd\xa7\xa2\xea\x07\xd2\xe33\x0c\x87\xf3QCF\x1c(\x99\xf6\x18j+e\x11\xac-\x03\x04\x82\xed\x90\xae3\xc4\xfdt\x7f\xa1\xa1\x84f\\\xa9V\x03\xc0D\xb7\xeb\x19\x18\xfc\xc9\x95\x12\n+\xae\xc1\x02n\xc5\xa6&[w|\xc2\xb2HJZ\x87\xd4\x1a\xaf\xa6\x13Ub\x8bZ-\x02\xacT\x9d\x86\xc2@>\x82f\xae-\xb1`\xea2\x8f\x8f\x85.\t\x13U\xb7F:\x98\xe4\xe5\x19\x10\xf6?\x12\x068\xb2\x94\xed~\xa6\x9c\xf79\xe7n\x7f\xbatJ\xf5w\xee\xbaa3\x84-Y\x87j(\xfe\x85p\x07@e\xac:\xac\xda\x87\xbb\xe4\xd3\x18\x08\x89M\xfa\xa2\x98}0\xc68\xa2o8NM\xb7\xa8\x01\x9f\x00\xca\xc5\xeejE8\xa4<\xa4\xb8e\xdb6\x94NOI-\x85\xa3\xc6\xd4\xe1\x9f,\xb1f\x184u\x82\x9d\x1c\x18\xeb\xa4\xebM\xae\xca+\x92\xcahx[\xea\xc4R\xb51;\xd6\x03\x1a\x0e?\xc0\xca\x9a\x1fjAP\xca\x10\x0c\x16\x9e\x9fN$\xa2\xe7\xc7\x9cu\xdd\x8bQ\xda\x00\xf1\x11\xef\xf7t|\xfa\xc0m\xe3LL!\xad\xce\x95>\x96\xec\xab\x99F\xccd\x8d\x7fh;=\xa2ZA\xe8>\xb8\xc8\xd5\x88\xa7\xc0\x99x\x96m\x10p\xd8\xd6\xe8\x15\xadc\xaf\x00m\xbc\xdb\xa1`\xa1\xf1\xb4\xf5\xf8H\x13\x9f|\xfemx\xc0q\xbd\x8dc\x18\xcf\xd5z\xdf\x1d#sc\xc3\xa8\x8b\xac\x13\xf6\x186\xe5\xb8\xc9E\x1c\xf9\x92\xb4\xfe\xc9\xf1*\xa5/R\xc36\xde\xcd\xc5\xc8 ;\xdfGYUC_\x11?\x08\x0bu\xd5\xa0\x198cc\xea\r\xdbS\x7f1L\x93s\xae\xafa{\x94\xffi-$x\xbd\xee?\xd6~$\x17\xa2\xcf\xb8\xce\x99\x07T\x83k9\xff\xa8\x1d\r\x05\x14 \x8dq\xa8\xa2\x87\xe4\x00\x84y!D\x12[\xcb\xb9\xba~\x0b%\xbch\xda\xbf\x88\x96\xe9\x99\xa2\xfb\x8c\xd3\xaa\x0c\x12\xb2\xf85\xb3L\x01\xa3\t\xf6\x8a\xe9\xf8< \xc0x}@P\xfb\xe4\xadD\x9b^\xd4\xe0Q\'.\x8e\x7f"\xef\xe9\'\xfa\xb3z\xce\xb7\x7f\x99d\xa4\xb3\x912=\xadB(a\xa1\x17\x81J\x08\x85\xf2I5\xc4NA\x13\xcaM\x9e"_\x02f\xb8\xadD\xe7\x16\x03\xf9/\xc4\x8bk\xe3\t\xf3pL\\\x08\x0b\x93\xb3\xc2\xf9g\xca\x9e\xf1\x00\xb7\xa7h9\xf6\xa6\x15sB\x103r\xef\x9cK\x91\xbe\x0f\xc5O\xd3O8\xe75T\xd6\x99*\\c\xf1\xa4\x98\x0f\x06\x9e\x8b\xca\xb5>\x84FQ\x1ce\xdau\xdd\xae\xd3\xe4\xca\xb91\xdd\x89\x1b\xe8\xac\xff^\xb5\xa8\xf6\nWA#\xe4-\x96m\xb6v\xc6\x12^\xbd\x08\xdb\xc7E\x14\x1fB\xae\xe3\xf6o\t\xaa\x02\x1d\xa1Z\xa4+9^L\x8a9Y^d\x14l\x9c\xb9&S`hh\xc1~[*+\xc1/\x12;\x05\x80\xa4:-\xef\xa0\xe2\x10P\x1f2\xed\xe8 \x9f\xf9\x1f6\xf2\xaf4\x03\xd1\x1c\x12\x1c@\xe7\xe9sNd\xd1\xcb\xb8<\xeel\xb1G"\x9a@\x8c\xe7\x95:\xe9\x87\x8d\xa6;\xa2\xcc\xee\xb40\xee\\\xcf\x15\xba\xadX\x94p\x10\xf7]y{\r\x02\xc12\x93|\x1e\xc1\xb4\xe8\xed\x9dxt\xca\x1e\x03<\x86\xb2&\xcb}&2\xff\xba\x8c\x1ab\x8a0\x12@\x8b\x04\xfae\x07\xd1Lq<#\xd3\x17H\xd1\x07\x93\x0f\x14\x8d\xe2%\xd2\x0e\x8a-C@\t6\xad\xac\x18\xfd[%\xe19\xf8\xf4\xc7\xa9\x06\xc7\xda|\xe2l2=\xf3\x8f\xc4\xa2\xd8\xb0[n\xcd\xe1\xe2\xe7s\xfd\x1a\x95\x93\xf5\x15\xf1\xe6\xf4*\xcb\xc9/}EL\xf6\xc5\xc4\xf4\xdd\x97\xa8#_\xb3\x897;\t:\r\x01\x10\xc7\x0bJ\x9b/\x84\x9c\x06\xac\xc4\xac#v^o\x1e\x98\r\xabR\x06\xc1\xf8z\xc7\xa4\xf1\x0b\xc0\\\x19\x80Y\x9b\xed\x9a \x92\xe8T\x93\x96\x90\xc4S\xc2\x82\x19\x82\xfb[\xca\xec;X\xbd\xc8\xf7!i\x89\xddZ\xb3%~\xcc\xd0\x9c\x90\xf1\xc0)\xdcq8\x06\'b/\x11n\x8cW\xbf\xe1?\xa7G\xa5\xba\x9c\xbd\xd5\x86\x9es\xae\xf5\x89\xde7 \xef\xa1Ap\xdf\x0f\x95B\x86EM\xde\xfb\xf5hK\xc1\x97C\xbfd\xb4IAzf*\xed\xa76\xe66+^r\xd1\xb6T\x0cA\x9fH\x12\xd9b% FZ\xaf\xackv6\x13v\x8a\xf3\xa3\xd1\x91\x02f\xed\x95\r\xeaF\x9b&\xdf\x98\x9e;\xae>\xb2\x8b\xce\x02\xe0\x15F\xf6T&-\xf1\xf5\x90 \x16K\xb1F\xee\xf4\xcc\xa7\x83\r\x08X\xceg\xbdK1J\xda\xdd\x9f\xfa\x88\xed\x02\n2\xef\x99\xcf\xf0\xeb4k\xefw\x9e[\x0fC\xb9\x9f\xbb\xab\xb1\xb5w(\xe8\xf3\xdcl\x19\xb3,\x16\xe4\x19\xa5i5\x96\x16xW\x12y\x93\x06\xad:\xda)\xad\x81\x84X\xe0\x1dH\xbc\x13\xbe\xcezZ\xec\x11\xb7\xb6\xfcR\xc0\x1eN\x10nDq\xec\x12\xf03\x1dcC\xa4\xa6\x8b\xb2\xb3\xce\xbe{\xbc\x95\x94\xa2\xe7\xf1\xf1\x04\x1fR\xbam1\xef\x1f\xe2f$uw\xb7\xc6\xcd3LV\xc5=U\xb1HT\xfe\xc6\x81\xd1 e\xaew\xe5\x1252\x83\'=\xd3i4-3Ll\xff\x8a\xb0\x07\xca\xf1B\x1f l{\x0fk\\A/\x9e](\xd0\x97\x8cc\x17._f\xfao\xd2H\xb8\x8b\xa8l$r<e\xdf 0\xc0#Y\x97\xa86Oby\xc4\x8dY\n\x0f\xb4i\x0f\xc7\xe5\xb4\xd2\xdb\xbe\xf2\x9a\xe8\x0c\x8b\xe5iK<z\xb9\xaa&\x8e\x87\xe7#\xa4\xa5\xb6\xf6\x96\xa0)\x91s\x88X\xc9\xa6\xeed\xd4\xc8\xef\x86\xcc[Fg~ n\xc42\x13\xe5\xaf9\xde\xcd\x14Zw\x93]\x01\x04\xee\xe9\xc3\x95D\xe3\xcfc\x029\x9b\xc3\xc1\x87\x1f\x8e\xa8\xb8\xfe\xccH\xc4P\xab~\x1e\xe2T\x13\xc3\xe7!\x93!\xeaU?l\x98\xc0\x9e\x08|\xe0\x1d\x85\x83WP\xa6H-3"\x1eY0\xeb\xb6\xd9\x8a\xa0I\x7f\x93B\xffU\x9eF\xa4\xf5\x98\xd9\xe0\x1c \xf0\x0fY\xba( \x9a\x83\xd4\x0f:\xc1\x8aZq\xc6^KQ\tL\xd2\xcb\x16Z\xd2\xf3o\x8bW\xf8\xb7m=*\xc0\xc5\xf7\x0f\x9fk\xc6m\x8b\xef1\xc2~\'\xf4[ct\x80\x90J\x1a\xc7\xfc:\x9c\xb5\x9eB\x81$\xb7\xf0\r{d\x90X\xe4|\xce\xfcT\xca\x0f\x84\xe7\x03^\xfdM\x88\xfd^\xe2\x87\x1e\xcd\xfd\x1d\x1b\x929.=A\x0b\x12Y\xac\xb6p\x01Fy\xa8)\xd9hN\xed\x1bD\xb8\x17\x84\xc8\xbfj=\xd49\xfe\xc2\xc4\xb2\xb8\x9c`Do\xc6\xa3\xd9\xf6d\xd38\xa3rZ\xf7\x00\xbe\x84\xe7\xbfS\xac/\xeen|\x93)q\xc8\xdb\x8f\xdf\xfaH\xef&\x06\xe9\x1b;\x1f\xa5d\x90\xbb\xaakj\x03x\x80\xceF\x11\x074eh\xf3b+\xbb\x84e\xb1\xb7[\xc5\xb7-:\x85|\xa4\x08\'\xb3\xd2\xa1Q\x82\xecU\xd8\xbb\xf5\xdc\xff\x9c\x8d\xe9\xdf\xef\x0e\xf4$\x9eo\x1b\xd8x03z\xed\x82+\xf2\xf4\xaa\xe7w\xc2\xe1\x117\x16}\x9a\x04\xbd%cL\xd8\xf1j(\xf0\xa8\xe7+'
tbI624
I0
F0
tb.