cnumpy.random
__RandomState_ctor
p1
(tRp2
(S'MT19937'
p3
cnumpy.core.multiarray
_reconstruct
p4
(cnumpy
ndarray
p5
(I0
tS'b'
tRp6
(I1
(I624
tcnumpy
dtype
p7
(S'u4'
I0
I1
tRp8
(I3
S'<'
NNNI-1
I-1
I0
tbI00
S'\x18\x0f\x98\xfb\xbe\x0e\x8fz\xf6\x95p\x0eB3\xcec6\xfd\xa7cIsH.\xfa\x02e\xa3\x9e\xe3\x97\x9e\x1an\xc0p\x01iM\xd2\xe5\xbd\x0b8\xce\xf4X\x8eP\x92\xa8I6\nh\xf7F\xd9S\xf4\xb0\xb4\xf1\xa3;E\xcaVd^\xab\x1fd\x16R\xd68j27\xf9\x95\xd0\xafq\xcf\xb9\xa8\x91\x96\x16%\x03\xad\x83\xd1\x12+\x19\xe0\xc9\xbd\xd0\xabvb\xec\xb1l\x1b\x19\xad\xeb\xc1ih&Q\xb8\xb12\xf0\xe9\xcb\x82\xae\xfd\xad\xba\xd2\xe4\xe7\xf4\x0e\xd5\x88\x88\xe4\xb7\x8f\xcc\x8d\x7f\x02\t\xd5\xa8\xac~<;\xd9]i\xdeO\xaa\xf5\x0f%j\x9c"\x1c\xac"\x1b\xe7\x80$\xfb!\x9fi\xe6Kit\x06\x0c\xc0g\x90i\x196aD9zq\x7f\xba\x81<\x0f\xa1\xab\xd42[z[\x04G\xd8\x97\x150\x1c+L[\xf36e\xf6\x9c\xd0\x84Vw\xc0K\xaa\xff}\xd0{\x80\xe3\x888\xfd\x9fqA\xec\x90\xceq\xb8\x8b1D\x99\x9cdm\'\xc1ms\x05+\x86\x134\xa4\x1d\x90\x1c\xaf\x83\x15Y\xb9\xf81\x86Hu\xdd\x85cJ\x87n\xd5\xd5+\xb9\xa9\xb3n\x1e\xe6Y7\x19\x0b0\x1d\xdf\xef\x8a:\x1d\xadY\xac2\xe5\xd3\x94t\xbf\x8f\x144\xaa\xa7R\xcd\'\x04\x8c\x0cy\xe5\xeau|\xcd,\xdc\xdc_vD*F\x14\xbc\x1d\xab\x95N\x0e\xff\x7f\x9d\xe6\xfb7\xde\xb6\x901\xea\x1eA\xefk\xe34\xc9*\xd7\x050[\xf3\x02\xa8\xbdm\x1e\xfd\'S\xfer7+\xdc\xb2\x01\x00\xd3\x10Q \xf9D4R\x13\xa4p\xe0j8C{tg\xac\xd6/\xc3\x7f*\xd1\xf2G8\xc85\x98A\xd6_P\xd3\xe5\xff\x90\xe9\x1c\xb2\xfd\xe9?\x80\xd4v9\x99 \x8f\xa7\xb1\xff\x16\xf8\xb6\xde\xf0mF\xb9\xb1\xe5B^\xc4\xd6\xef\xf2~nP;\xb9H\t\x0c\x9c\x82\x7fP\x03KM\x86\xfa\xcd\r\xd2\xfa2k$\x81?1\x05*\xfd\x9f\x85\xcc\xe4\xc2\xb7\xd8\xa7v\xe1\x9et\t,\xd43\x7f\xb6\xfeg?d\xe6\xe8\x8bN\xd8\x9b8\x04\xb2\xdf\xbb|+\xa6\x12\xa5\xa4\x95\xd5\xfe\xcar\xca\x8a\xbe\xa2\xa5\xaf\r\xb3[K\r\xbd\x02\x85\xab\x16/bW\x03\xc5%\x89)\xc2\x1e\xcc\xc2\x94\x8b\x10\xed\xb1l\x00\xe9\xb4\x8bh^\x83\xe3\x89\xc0\x88\xfen\xc6\xd55\xe6H\xfde\xc3\x05\xbf~I\xfd\xbbd\xdeJ\x95\x0cp\xe3j\x10\xe1\xab\x19\xb4\x88\x1cv\xeb\xf6\xe7r+V\x8d\x93\\r\xe4\xb2\xc7\xf9\xb4\xe5-\xc4\x8a\x10\x82\xfblx\x88d$i\xfe\xaf\x94\x9a\xf4S\xd9GB\x8f\xb9\x81\x18\xd2\x8e\xb4\xa3\xc1(D\xed\xcd\xe4F\x88\x9b\x9c\xae\xf0\xe4V\xff{\x1e\t\x9f\x14\x16\xe7\x86cR<z \x85\x0e \xc1\x972\xe1\x8c\xaa\xdf}\xb7\xb4D\xa5\xd2#\x020\xf1Z\xd6\x80\xe7>9[\xe6\x9e%H\\/[\xf3\xa4]\xe2V\xd0T\x92\xbe\xb83e\r\xd1\xdb*;p\x1a\x13\t\x87\x04\x86LAR\xc9\xb35+u/d\xce\xe2,\xb5[1\x8a)\\\xe6\x82\xf8\xc9Q\xff\xf3\xbb\x07\xc8\xa7Y\x0e\xca\xe1\xe7\xa0\x06\xe8Y\x83t\xaf\xd18#\x1f\xe2!\x81\x9a5L3o\x95\xcb\x03{\xf1\x07<\x93\xc2\xb3\x85\xaf\xe2\x99\x98\xad\xf0%\xd4\xe8\t\xbc\xbb\xa1\xe4|\xc5\xae\xd0\xac\x90\xe2I\x99\xb5\xe0\xf4o"\xd1\xdb|\xdaR\xd05jF\xc58\'\x1e+\xb3\xe1p\xf1\xd1\x1coY\xe6\xdf#K\xfayF\x02id\xbe\x984z\x9e\x84\xd5*\xe9=4\x96+\x89)\x16\xb0\x1a2\xe7j\xe0\xadN\x9b\x01g ^\xd4\xd6\x8aUWA\xf7\xa9\xae\x98\xb3\xc3\xf9\xbaV\xc1m\x07\xf0\x97oZd\xfb43\xde0\xd7\xa2\x9c\xceq\x0f\xbale]=\xc4\x17\xd8KHS1+\x91\x04n\xc7D\x94C\x08:\x02\xcd+)\x88\x94t}\xe9\xe1\xe3\xcd\xaap.@_6\xee\xb0\xd8\x1f\xe6\xe90\x8cK\x84\xea\xb50\x01j\xces\xe5O\xbb4q/\x0e\xc5\xe0\xf0 G\xddbT\xf5\xfe\x10#\xe9\x9b\x7f\x93\xb7O\xba#^\x8d\xc4\xf9\xd7\x943\x88Ur:,\xb4Jg=C\x0fG\xf7\xe1a\x17\xc6\xb0\x9fe\xd7\n4,\x0e\x9f\xde/:JwF\x9cA;,C\xaaW\xf2\xdf\xf6\xde\x9b\xb0\x9fn\xaf\x8c\r\x00\x99\xc0\xfa3\'JC\xd7\xef\x07\xb4\xf7\xd9\xcf`\xdc\xc6\x14\x91 \x15x?\xb4 \xd0\x8c=\x8d\xeb\xda3\xd6\x84\x15p\x14\x15\xce\x80\x7f3A\x7f\xbd\xf3\x8b\xf6\xf2d\xe9\x9c:\x1bC\xc6.*\xf4!\xb0\x96oo\x8d\xd7\x0bZ[\xbe\xcb\xb5N\xf6\x8d\xdd\n\xc4\x8e43\x17\xab\xca\xcf\x8b\xbb\xc4\x8cUE\xba%\x15:\xdd\xa05\x8c\\]LG\xb3B\x05\xc56t\x1c\xcc\x1a3-\x98\xd9\xe1\x8bp\xb2\x8e\xe6\xd5\x0c\xa1\x17\xdd\x17\x0c\x070\x91\xdee\x0b\xf3\xb02N\xf5\xeb%\xc2|xJ!RVj[,\xf1$8B\xc5\xa6\x9a\x86\xe8-<+\xa3\xca\xc6\xf0\xa1\xf7\x02\x17)x\x05]\t\x06i[,E\xb1:\x17\n\x8e@\xcfq\t,\xac\xd4^1\xf5\xa1Ua&\xe3\x05\x10_\xecKD~\x8c\xc11\xc2x\xf7\'\t\x1d\xdc\xf7\xac\x8a\x8aJ\xb8a*\xf6\xa0\xe5\xce<x\\\x10ADA\xb0\xacv\x90\x15\xc4\xe1F\x85\xf8\x95\xbe\xbd\xc4<\xb7\x8d\x83\xe5q\x03>\x97j#\\\xc7\xae.\xe8L\x1b\xbe\xc4\x03\x8dM\xba\xfaS\xf5\x85rBgrV\x06,e\xdbpb\xf6\xe4\xb83<\xa9i\xc5)\x06uNF\x1e.\x1f<\xda\x8d.*xZuu\x95\x0c\xe7\xc8kw\xf2\xb1\x0b\x0b5{\x08\xd6.Y0~\xe5\xd7\xfb2\xc6I\xa0]\xd9-\x12\xfa\x17\x13-\x8c1\xbe\xb8\xf9\xa6\x00\xab\xca\x96b@\x98DT\x06\xa9L"\x9b\xb7\xb0\xf3C.F\xfc|\xb2T\xc1\xe5pu\xbb\x8bZ\x12R\x96\x93\xba\xb6:\xec\x99\x1f\xd8\xa5\x96\x95\xcd*\x9e\x80^x\xee2\xec\xbd\xd3e6\xf0\t\x05\x12-\xb2\x1f\xdeK\xbb\xf0\xa8\xa9\x8at3\x03\x9d\x9c\x97\xf5\x03\x13\xf1P\xea\x83\x9af\xbeBg\xc3\x8d\x1a<k\xeb\x16\xf0g\x01\xaf\x8fp\xae\xe0\xd3\x80)@\xb5h<\xbd6\x03\x85x\x04\xa1J\xb0\x01\xc9c\xc3\xbf\x07ZJHD\x88t\x80S\x81~\xf1\xea\xbe\xecz\xb3U\x8d\x05\xef\xc0[\x06\xf2|=\x90Q\xf5@\rc\xe3\xd2\xe82S\x19\xf2\xdcH\xb2\x92OU\xf9\x01\x9d\x9f\xf8\xc9\x02g@\xab\x04\xae[\xe5\xaa+\xb1\x81\x91\xe2a?r\xd4\xc6s\x89\xed2\n\xd5d\x93(E\x9aK\xb9\x01@\x07\xbb\x83S\xd1%x$Z`\xe0p\x11\xf3l3\x83\x94PT\xed\x80\x0b\xb1l\xc1\x08\xe4\xa5\xcd\xda\x90j\x89\xf1\x9d\x1f\xd2\xf4\x84\x8d\xf2\x91\xd184\x93\x19@\x17\x1a\xde7\xb4\xd5\x0f\xd6w\xa8w\xafP\xf0\xb8\xa3Ej\x01t\xa5\x1eH\x03\xa0|\x06Z\x1f\xeek\x88\xc4 \xb5B\x8a\x118\x86\xf5&\xd4\x84\x92~\xcb\xee\xa9\x90\x84jQ\x8d\xcdt\x19U\xa4\xa6\xba\xe1Z]\x99\x01\xe1\xd9\xed\xc8\xad5\xd5\xbe\xa8\xdc\x99Y\xc7\xb7\xdf\x9e\xf6\x15N\'\xc3*\xfe\x98CQ\xa9\x03\x8b3Q\xbeXi\xa3\'\x8e\x02\xed"\x04\x85$D\x12]\xcc\xdf\xd0\xc6\x18\x9f\xc9G\xba\x8b\xab&\xe7\xf2J .{\xf4\xd0w\xcc\xb4\xb7y\xfeTh\xb5\x9c%n\xc1/C\xfa\xd7k:(T9#\x18A\xb7p\xe1\xdf\xd9\xc8\xf2\xb4\xba|g\xba9f\x02CT\x1e\xbd\xd9\x99\x91\xc4;\x13\xb1\x84\xe61\x05\xd6qz\xcb\xd1\x1ct}?\xae\x85\x07\xd6x\x07hr\x8e @0\x17+\xd1\xa0\xdd\x146x|\r\xb0\xd9c\x17\xe4\xf6\xc1\xc2F\xe3\x88y\xb5P\x02=\xca\xf5k\xf5\x036W\xe9\xcf\xeb\xe9a\xefk\x95\xe1\xa7CsAG\xe0i\x00E\xae\xb9p|\x83\xaf\x17\xbd\xb0C\x0cm\xff\xe0\xd8\xba\xe7\xa8\r\x82\xe0y#g\x06V\xee\xbdj\n\x06\x86u\x86\xb1r8w\xca\xa8\xe6\xe5\x88$\xd6\xdb\t\x95m|z\r\xb3\x85*\xa1\xe0\x8fK\xff\x02G\x9a\xdc\xc9w\xcf\x8f\xa5\xef\xab8\\8\x7fnS\xba\x0e\xa4\xb2{i4\xe0\n\xf6ju\xea\xef\x80\x8c\xbc\x06\x7f\xa4\x9c\xee\xd3A\xc0M\xa6\x9d\xaeW]\xec\x0f\xfc\x1a)\xb9V\x8bv\xf7l_\x066\xc9\xe8\x91qFE@\rNJ\x1c\xf9\xa0\x9a\xfd\xb5*,\xb2\x07W\x1f\x07\xb7\x99Cm,B\xfd\xcb45\x85x\xc0M\xb2\x85E\xddO\xe8\xd4\xbe\xc2&p\xaa\x0ea\'j\xadF^\'Z\x84\xd2\xec\xc6C\x88\xfa\x85\xac\xe7Vm\r\xe3\x9d\xb5\xfa`P\x13Cj_B}\x83O9\x11\xe3\x9a\xfeZ\xb1\x07\xa4\xdb\xd2\x8c\xe6l\x1a\x13\xce\x07<\x10\xd3&!]c\xd2\\)\x87(\x0e5\xc3z\r5h\xd0\xd4u:\x1f\xe6\xb6\x9e\x9b\n\x95\xb6\x18\xae\xa4\xb6"\xebuU\x90\xbc\x98\xd8\xcfk\x0f\xe9\x0e\xf5\xe7\xa5PRg8-\x897\xe26\x07\xea\xbfI\xa7t\xb4\xfcY\x8a\x8ecH(\x9c\x02\xeb0\xfak>\x0b<YU=\xbc^KM&\xd0p\xda\x10\xad\x98\n\x06}l^\xb5\xfaFaF\xb8\x12\'\x94i\x95\xe0Gl\xac#\xc1\xf7q%\x03\xe6R~\xc9\xdb\x9fAE\xa1\xbe\xbc\x89WY!]\x86\x91\xe2\x17\xe1\x9dLz7\xce\xa28H\xe5<\xd1~Iy\xf7\xbcHT\x9d\xf1\xa6\xcea\xac\n\xbe\xd4\x8a\xb0\xa5\xd4x\xfc\x92Y!\xc51x\xf6\x07\x8d\xb4\xb3h\xd8\\\x9b\x81\xa9\x01\xe4\x05|@\xb5\xae\xee\xa7 ?\xa3\xb7b*\xa1\x7fO\xe6\xdd\xf4\xb2C\xf7\xc4SO;\x86\xc4\xfd\x05\xe7`\xb3\x94n-\rZ{I\x1b\xaf\xc1l\x86BT\xd8\xdcf\xf3b\x83l\x87\xfa\x03\x17\xcb\xa6\x05\x02\x08\xaa\x88#m\x01\xe0\xd7;\x13\x0f\xfcknD\x04\xfat6\xa0y\x89\x12\x11\xffg\xc4z\x04\xd4\x80S\xda\xa4\xa7_\xe6\xe3\xc3\xe3W\xdc$\xf3\xce\x89\x87\x959LU\xee\x12V0M\x1b\x05\xb1\xb9--\xb0\xe3\x89\xcf\x12\x17,\xecm\xd5\xdc\x0fN\x87'
tbI624
I0
F0
tb.