# time 	 divergence 	 # of mutations 	 # IGC chances 	 IGC length 	 # IGC failures 	 Changes due to IGC  	 % change due to IGC 
0.0	0.0122699386503	0	0	0	0	0	0.0
0.00938012761603	0.0143149284254	1	0	0	0	0	0.0
0.0118719351623	0.0163599182004	2	0	0	0	0	0.0
0.0168129932761	0.0184049079755	3	0	0	0	0	0.0
0.0187398412568	0.0204498977505	4	0	0	0	0	0.0
0.0204082101413	0.0224948875256	5	0	0	0	0	0.0
0.0237632824526	0.0245398773006	6	0	0	0	0	0.0
0.024009416925	0.0265848670757	7	0	0	0	0	0.0
0.029581666376	0.0286298568507	8	0	0	0	0	0.0
0.030615378824	0.0306748466258	9	0	0	0	0	0.0
0.03177401185	0.0327198364008	10	0	0	0	0	0.0
0.032751044395	0.0306748466258	11	0	0	0	0	0.0
0.0334949181263	0.0327198364008	12	0	0	0	0	0.0
0.0359975895687	0.0347648261759	13	0	0	0	0	0.0
0.0362780359816	0.0368098159509	14	0	0	0	0	0.0
0.041979787256	0.038854805726	15	0	0	0	0	0.0
0.0450379301182	0.040899795501	16	0	0	0	0	0.0
0.0545918091558	0.0429447852761	17	0	0	0	0	0.0
0.0552895630343	0.040899795501	18	0	0	0	0	0.0
0.0596689928008	0.0429447852761	19	0	0	0	0	0.0
0.059988788479	0.0449897750511	20	0	0	0	0	0.0
0.0612087229497	0.0470347648262	21	0	0	0	0	0.0
0.0626540207834	0.0490797546012	22	0	0	0	0	0.0
0.0667586463371	0.0511247443763	23	0	0	0	0	0.0
0.066839636156	0.0531697341513	24	0	0	0	0	0.0
0.0679419201791	0.0552147239264	25	0	0	0	0	0.0
0.0702222845762	0.0572597137014	26	0	0	0	0	0.0
0.0707110368056	0.0593047034765	27	0	0	0	0	0.0
0.0732289372217	0.0613496932515	28	0	0	0	0	0.0
0.0733005428505	0.0633946830266	29	0	0	0	0	0.0
0.0772618445041	0.0654396728016	30	0	0	0	0	0.0
0.0809296521458	0.0674846625767	31	0	0	0	0	0.0
0.0826006641619	0.0695296523517	32	0	0	0	0	0.0
0.0862512171498	0.0715746421268	33	0	0	0	0	0.0
0.0896182007526	0.0736196319018	34	0	0	0	0	0.0
0.0903763056459	0.0756646216769	35	0	0	0	0	0.0
0.0942034073639	0.0777096114519	36	0	0	0	0	0.0
0.10101419907	0.079754601227	37	0	0	0	0	0.0
0.102037429687	0.081799591002	38	0	0	0	0	0.0
0.10320533248	0.0838445807771	39	0	0	0	0	0.0
0.10601712753	0.0858895705521	40	0	0	0	0	0.0
0.107405714092	0.0879345603272	41	0	0	0	0	0.0
0.113213104775	0.0899795501022	42	0	0	0	0	0.0
0.121517650326	0.0920245398773	43	0	0	0	0	0.0
0.129502747246	0.0940695296524	44	0	0	0	0	0.0
0.130479314733	0.0940695296524	45	0	0	0	0	0.0
0.13322998737	0.0920245398773	46	0	0	0	0	0.0
0.13355250574	0.0920245398773	47	0	0	0	0	0.0
0.136193817646	0.0940695296524	48	0	0	0	0	0.0
0.137634965242	0.0961145194274	49	0	0	0	0	0.0
0.141071154389	0.0961145194274	50	0	0	0	0	0.0
0.141306267612	0.0961145194274	51	0	0	0	0	0.0
0.144501716219	0.0961145194274	52	0	0	0	0	0.0
0.152724094333	0.0981595092025	53	0	0	0	0	0.0
0.1529647677	0.100204498978	54	0	0	0	0	0.0
0.153151970218	0.102249488753	55	0	0	0	0	0.0
0.155880092793	0.104294478528	56	0	0	0	0	0.0
0.160169386685	0.106339468303	57	0	0	0	0	0.0
0.162714764263	0.106339468303	58	0	0	0	0	0.0
0.162871762819	0.108384458078	59	0	0	0	0	0.0
0.16577778706	0.110429447853	60	0	0	0	0	0.0
0.167025826338	0.112474437628	61	0	0	0	0	0.0
0.171154645279	0.110429447853	62	0	0	0	0	0.0
0.171407420439	0.112474437628	63	0	0	0	0	0.0
