cnumpy.random
__RandomState_ctor
p1
(tRp2
(S'MT19937'
p3
cnumpy.core.multiarray
_reconstruct
p4
(cnumpy
ndarray
p5
(I0
tS'b'
tRp6
(I1
(I624
tcnumpy
dtype
p7
(S'u4'
I0
I1
tRp8
(I3
S'<'
NNNI-1
I-1
I0
tbI00
S'\x92\x87"\xfc\xb7H}\x86\x11tn\xb163:\xed\xaex\xa2vT\xfe\xc4qI\xf6\x83b\xf6\x87Z\x076VF#b\x8f\x18\x84\xbax\x94\x80\xd4\xa7\xcef\x8fU\xdc:\x13\xde\xfe\x03h\x9a\x013\xce\xab2\x98[J+M\xa5g\x8b(n\xad\xcd\xb3\x028\xb5\xaf^\xc9q\x12\xe7\xf8k{\x8eX\x15\x90\xf1\xbcr]+\x99\x85\x0f\xd1\x02\xcb\xa4\xa4\xd8\xd07\x1e\xd8T\xb5\xeb\xd1\xc8Pov\xa1~\x89\xc3\x84~W\xdf=\xfc\x9a\xde\xb9\'\x88s`^\xffG\xf8\xa9ha\x19\x90\xb5\xc5\xca\xb2\xf0\x11\xaa\xca\xb8\x8a=IpF\x95\xb39\xd2\xd0\xb8\x0c\xfcS)|d\xd0\xd9\xbfd\xe3\xce\xaf\x9b\x01\xbf\x83W\xe6<dq\x93\xcb\xed\xcb\xa1ND"\x80h\x02vf\xebU\xac[\x86|\x15\xfbX\xa2(Y\xb8\'/\x13\xaf\xfb-\xa1l*\xe30\xef^4\xc3#\x02]+,\xd0\xfbp\x8c\xe8K+\xab\xa4[:\x0e\x9e\x16\xb6T\xf7\xf4@Xoc\x8b-\xd9\x1e\x18\x13\x9c\x1e\x18\x18\x87\x0f\xcb\xd8P\xe6\xaf%\xcb=\x9c\x07P\xd2\x87\x14\x9e\xc5v \x8er\xb5P\n\x9a\xc3<\x9fai\xf0\x90\xb2\xa7\xef\x9e\\\xa30~\x9e\x88\x9eb\xa3\xeb\x81\xf2`]{\xaa\x1f\xcds\xcbZ0\xac>T\x12\xd1\xbf\x1c\xe7I\xc5g\xb1*\x06\xfe4\x9a\n\x08\x8b\x90\xcec\xdf\xd9b\xe5\xe1\xf4^1\xd9U\xb4\x94\x86n\x13|\xddI\xa07\xf7\xb4\x9c\xf1\x01\xb1e\xba\x9d.\xe8rA\xf0N<\xd8\xd1MC\xf4\xa1\x99GPC\xe2\x16%\xf8\xc0\x12$\x1d!\xb3g{\t\xd8\x10\xd0\x98}\xa3\x10gz\xe0\xeaG\xd9\x7f\x18\xac\x93\xec\xa6\xdd.ixl\xda"$ \x12\xff\x84/\x1ch+\xd5\x9d\xfc\xd3\x9d\x95%\xb3\x92O\x8c\xe0\xa3\xb5\xf9P\xfb*\xd7\xdbVB\xd7\x83\xde.le\x9fd\xcfpK!2\xcc\xaa\x19=2z?\xaaV\x8dF\x868\xd6\x9e-\xef\xda\x9a\x1f\n\xca\r\xfc$8\xae,\x84\x05\rRA\xc6\x9f\xdeB\xf3\x1e\xcc\xc6\xa7.\xf09\xa6B\xf1\x97\xa4\xd7\xc2k\x11\t\xbd\x89\xff\xfe\xd2\x9b6\r\x0f\x85\xcc\x83\xf0\xbe\xe0\x96\xef0\xab#\xab\x07\xd4\x89\xc9w7g\xd3tC\xcb\x01\x8a\xa3\xb8\xb2\x19\xd4\x05\xbb8\t\xf0\xb3_\xf3\xa5\x06L\xdejX\xd3H\xb7\xe5w\xb8\x8fk>l\x14\xc8\xad\x95\x1c\xd4=\xeaibn\xa0[N1\xb0\xd6\xa5\x81\x96\n3u\xbc\xd4\xb5(XZ\xea\xe3\x8d\x89Q\xefQ\xfc\x92\x15\xf6\x91,Ls\x99\x86;Q\x01X\xc6}\xad5\x95\x8e\xe6\xf1\xb1\xea\x0e\x7f\x107w\xe1){\x9b\xc5d\x14WN\xf3\xdf `\xe1]\x88\xd6\x06\xf0\xcc \xa2\xfe\xb2zw;7\xaa8\x8f~\xd5\x8bC\xe0l$\'\xbd\xf1\x14\xd4\xdf\xb8\xfd\xc4E\x9c\x9aaY1\x9fq\xd9\xf1%Ty\xe2i{\x1f\xb0\xd9\xfd#m\xc3\x8d\xc0\xfd\x16\xf6\xd1\x1c)\x18\xb6\x0c\x00.\xd9\xec\x11\xb1\xd5L\xa3\xc4:\xf1\xb0\x8fRL\x9e\xd0iI\xff\xd0\x1a\xe9\x92p\x9c\x08\xfe\xc7\x8a\xeb\xa4\xc7\xaa\xa2\xcf\xbc\xdb\xaa\x84\xffQS\x0cW\x95\x86\xc7+\x7f(H\xf9\x8aW\x1d\x8b\xa4\xc5\x15q\xe5\xb3\\\'t\x04\x12\xba\xbd \x9eIs\xeb\x92\x8b\xe7\xe3O:\x9f\xb7}\x14\xc2\x11\x9ffV\xd8\xca}\xd1\xebH\xbd\xd1\x81\xc4\xe9\xfbE#`\xdf\x91\x14\x93\x9e\xbci\xf6\xb0\xbdL\xd4\xab\xcb\x08\xf0\x9ab/\xb8\\_\xa4\xe0\xb4\x8c\xe0\x00\xd2\'\x02\\\xdbx\xf0\xfbjv\x8c\xac_\xceX\xde\xe2\'\xbbU\xb3\x891$\x14*\xda\xba;\x0f\xbd\xb0(E,Z\xac\xdf\xe5\x0b\xd0N\x1d%E\x94H~\x01F\xbf\x94\xbaD\xd8\xe1 \x96\xe5\xf4R\x06\xd9#eG\x7f\x9bt\xad&\xe2$\x1ar\xc8\x19\xa9\x1f\x81\x9ca\ts\xdf\xa3\xe3$.\x1e8@:}UB\xa6\xeeL\x1db\x91\t\x01\xc5xh\x02-\x00\x97_hjA7\xe04\xfcD;\x17\xeb\xffJ\xf9\xae\xb4\x0f\x97^;!\x82\xc1\x1f\xf4\x19c\x9ba\xd0eY\xb9\xcf\xd9\xc2\xc1\x86s\x02\t\xc4\xc1iL\xe9h\xbf\x08J\xca\xa4\xa9\xe0^J\xb4\xa8|\\#\x1fVK\x00\xab\x1f2\x9c]j\xcbk\xe7\xca\x03\x92\xb3V\x1a^\x8e\xf2]\x07\xf6(Q\x87\xf7\xce\xbd\xdf/\xee\x00\xe5\xd5E\x9ct\xa4\xfeN\xe7\x9dZ\x98\xab|\x0bC\xf3\xc9\xa5\xcf\r\x87\xa8(5\xc6\xbc\x12\x96\xdd\x0f\x87\n\x1a\xf3\xd2\x83n\xee\x93\x0e\xfc\\:\\\r\x83: \x83\x8a\xf0\xf8\xe4\xa0\x9e]\x9c7`\x9eb\x84\xf2\x90\xc5\x8a<\xb1\x9dG\xdd\xf3*\xb2x\xfd\xecQ[\xb85*\x01\xad\x95t\x9a\xc5\x8d\xbf\'\r#\x1cM\xdf(CS\x97\x89K\xaa\x884\x89\'\xdf\xcb\x0c\x93\x16\xa3T\xcf@p\xe71B\xcd\x08l\xa5tN\x1c2\xb5A\xcc\x1d\x00\xcbd\x8du\x97\'\x0e\xa1\x96\xb4\xedu\x8c\x0b\xf7\xcci\xf10\xb0\x85\xa8c%\xb5IX\xd0\x80\x1d\xb6\xde\xf5\xb0|\x8dn`\x13\xd7e\xaa\xa6\x92\xe0\x9e://n\x84\xf2\xfb5\xa9\xaf\xa5\x0fp\x03dh\x9d\xc7+5\xf2\xd5\xb09&\x0c;\x1b?N\x00\x14\xca_F\x963\x9a\x19\xf9\xac\x8c\xfa\x11\x9c\xd9\x1fOo8\xcc#\xa2\x13*\xed\xc4\x7f\x04\x0b\xb3\xcd1 \x10]\x14\x0b\xf3\xe1\xc3\xc8\x03\x8ej\xe4\xc9\xf0!\xddE\x87\xecd/y\xc7\xee}\xe1\x08\x94\x03\x81\x86\xfb\x9aC\x94iB\xe30\xe3o\x18\xee\xf3\xfb\x83\x03\xc2\xd5\xaaB\xc6X\xb9\x17\x84\x89\xc63\xca\xe6\xcf\xf4\x07N\x86\x1a\x1aCP\xb9\x90+\xb9\x98\xc3\xdcJ\xcf6\xbc.}\xb9\x16pZ}O\xe3\x9a\xf7T\x12;si\xe12\xe2K96\xfa\x8bf\xb7\xbe\xeb\x80\xb6:\xdf\xfbI\xfa9\xe1\xd3\x95\x1dCu\x00\xd4tc\xc1\xe4\xadfh\xe8$\x97}\xa2\xe2\x0c\x17\xbe"\xd4\x8c \nK{\x8d\x0e#\x0bzhS\xf2\x16]\xfcH\xb4L\xf6\xaf\xa8\x81T6L\x8a\x96\xd5\xce0-^(\x8bx\xf5\xba\xd1];iX\x07\xcb\xacYD\xc8\xc3\xf2\x1a\x1f\x1d\x1a\xe7\xc7\xb0.Y\xe9\xe7\t\xf4\xd1M\x15n\x08\x07\x9f\x80\x04\\\\\xd4h/\'\xd9\x96\xb8\xb8c\xd9\xd7\x8b\xed\xf3vg\xbb\x16\xe8{R\x12\x1f\xa5\x83\xb5(@\xa3\xda8\x94s\xa7.\t\xc0\x0e\xd6\xc6\x8f\xce\xa8i\x8c2\x08\xff\x91\xe4\xa5<zc?h2\x9b|yG\xc3\x8d\xe0)tIBh\xfd=+\x82\xf4\xe5\x19m~\xc3\xb99/\xfel\xb0.\xd9\xf4\xa1d@\xd6\xaf+\x01SPY\x1c7\xf5\xcf \xcfZD\x0f\xe5M\x8b\xdbX\xe6\xb2\xbb\xfc\xe4\xa4\xcf\xabx}v\xe5)\x8d\x8be\x1a\x90C|\xd5\x15\x99\xd5\x99\xce\x8da\x05\x1f\xbd\xaf\xf4Vh\xe7\x8a\xdf\xdd\xac\xa3p\xf8\xa3\n\xdbC\x07h\x91\xb9-\x1d\xcd\xcdr\x0c\xcd?\xe4\xa6\x98\x1a/\xdf\xc6\xfb\x8b\x1d\xfb\xd8\xe4\x1d\xba\xc0TE\x94\xae\x07\xaa\x86\xb0\xc94\x93\x0c\x89\xbb\x1d\x1c^Q\xcf31\x08^\xadM\xc3\xde\x19Y\xc1\x07\xa3\xa1\xea$Y\xc3\xd00|\xfb)\xc6\xe9\x11$w\x11\xc2\x99\x9d\xe8\xbe\xc0\xd6\xe5%\x1c&\xcb\xa9B\xb3\xe7\xd8\x0c\x0c1\x98\xf8\n\xe2&\xe6 \x15B\xc9h\xd2\xf8\x013\xccR,\xf75\x9c\xe7\x84\xac\xd0\xed}\x83\xa3E\xefhmkJ\x80\xbc/P\x08\x7fXA.I\xc3\x1d\x80\xc9K\x00\x80\xa8\xf7Do\x81j\x86R_\xe2{\xe3\x92\xad\xb4H^Yu\xb7H\xed>\xd6,\xc4\x88K8\xbd1\x95\xba\x8a\x00\xe9.\xe7\x90\xf8?\xc1\xe3O\xa8\x9b\x1f\x1b%\xcf\xdc\xc7\xec\x06\x04\xa7\xe2\t+J\xe0\x13\xbb\xe2\x1a3\xf8\xe9]\xeex\xd1}\r\xdb\xe8[s\xfc\xa9\xeb@\xaf\xd3&\xc9\x11\xd9\x92q\x1c\x07\x06\x02\xbe\xb9H\\\xc7\x14\xd9\x12R\xa0\x8a\x93\xfe\x17&\x8b\x1de\xee\xac\xfe\x1c\xb4\x9cy\t\xb1\xeb\xdd\t\x1f\xb3~\xbdQ/`\x8aOj\x1cQ\x07\xa2\x88F\x8b\xf9[w\x95;\xf3\xf3\r\xad\xd6\x1b\xf9K\r\xe22-\xe7\xbd\xe7\xba\xf6\xa5,\xbc\x1d\x82\x9b\xfd\xe0\xf4\x89m\xac\xe8C\xe3\xd2\xccH\x1a\x94\xe4\x10\x1b\x05o\xe4\x1f{R\xdffk\'!\x7f\xf5p*\x1c{\x1eN\xef\xf7Jh\xef\xa8#GQ\xe3\xf7\xdeM\xae|&\xe5\x9cJ\'e\xceg\x8e\x00\xe626p\xa3\xae\x8f$\xe4\x99\xa6L\x1bc\xd9{\xd28\x13E\xc5Q8\x04{\xf6v\xeb\xc6\xac\xe0F\x8cQRM\x91G\xc6{R.\x1a\xad\xc2Dq\xcd\xa7i\x96\r\x9a\x13\x17wU\x02#`\xba!\xa6\x96t\xa7\xac\xfe9.C&\x85\x12\xa6\x82\x0b\x93\x90N\x02\x0cr\r\x89\xdah\xd4Z\xf0h+\xc4I\xab\x0b\x82\xd4\xf2D\xc7\n7\xa8\xe7\x9b\xd0\x01\xac_\xdc\xa8\xd4\x89\x8f}M\xcf%t\xa2$*\x1b\xb3c\xf0\xe7\xb8\xb2\xc6\xa2\xbcR\xa2\x89\xc5\xe9\xd6\xec\x84\xce\\\xd8=v\x0f\xfc\xcfrOlX\x9e}\x7f0[\xc1#\x8d\x1a\xf0K\x19uQW\xf8\xfa@v\xf2\xc8C\x1c\xbc\xeaO\x16\xbe\xa4\xfe\x9f\xf3\xd8\xe1\xe6\x96p\x8e\xa2\x8c\xee\xfb\x12u~c\xdbP\x97[U\xa6?\xd0:Zp\xb5\xe7QA\x034\xe23\xb4sC\x07\xfe\xec\xd5\xa8~\xbc\xf5\xd6-\xfa\xf0\xa7\x8e\rE\xca"\x1e\x9b\x9a\x9e\x03\xe9\x89l\r\xefB\xf1\x9f\r\xf5\xdd\xaduj\x8d\xdf\x0f\x1dH\xc4Sk\xc2\x02W\x99f&\x1dLM \xeb\t\x00\xd4\x84\xf4\xddm\x93\x82t\xc5\xd4\xf7\xa8\xc4\xad\xae\x17\xd7\x90\xf13\x89\x89;\'(x\x05\x81\xac\xb0\xba\xf2\xd3E"\xc4,\xb8\xf1.|\x9a\x9b\xe4\xa7\n\xc9\xe3]\x84\xc2q<*\xaa\xb1\x92J\x07\xa5\x8cW\xc2\xf9\xe1g\xcd\x8al\xbf=\xef\x7f\x99\xc5\x7f\xd9:V\xbd\xe5\x02\x14\xb0M\x80x(g5\x02h\xe6\xa54 0G\xbb\x00Z\xe7\xca\\\x01Cj\xef{\x05\xa5A\xdb \xb2\x9a\x07Q\xc1E^\xc7; \xc7{q\xd3\xb27l\xfa\x1alD\xb4\x8f'
tbI624
I0
F0
tb.