cnumpy.random
__RandomState_ctor
p1
(tRp2
(S'MT19937'
p3
cnumpy.core.multiarray
_reconstruct
p4
(cnumpy
ndarray
p5
(I0
tS'b'
tRp6
(I1
(I624
tcnumpy
dtype
p7
(S'u4'
I0
I1
tRp8
(I3
S'<'
NNNI-1
I-1
I0
tbI00
S'\x12t\x1b\xb1\x02(\x04\x8f\xb4\xe2Ag&\x88\xbc\r\xf4\xc2W\x8a\xa6\xb64tfl\x869|xI\xc0\xd0\xba\x1co\x96%8\x8e\xae`r*\xe7DLA\x86\x82F\xc9]\xaeQ\xe0\xde\x8e\x92\xb2\t\x00\xe5\x1er\xc5HJ89\x88\xba\xaf\xdd\xeaC\xc2\xe0c\x17K\x9c\x85}G\\\x9c\xbd\\\xedTR\x86es\xdb\x1bB\x8c\x8a\xe0\x02H\x91r\x97\xd6d\xdf\xb7|]\x11e!y\xdd\xa9\xc2\x1d\xd7\xd4\x00"\x92\xaf*\x9b\xe4\x9b\xaf\xa8\xa3\xe5K\x17\xb2\xacg\xd7\xf8\xac\x000\x8f\xa1\xbcN\x1b2&9\x96\x1bBv\\\x9b\xde\xe5\xbdC,1h\xad\xe2p\xa9u\xb0\xb4"Q\xa28\x1de@{=\xd8B\xed\xed\x8cx\xfb\xc0\xe3\xb8\xc5\xe4\x08?\x07\xbb\x10\xcd\xf9\xe3\xc02\x15\x97\xefaiRDg97W\x10p\x92x\xb7\xb1\x13\x82.\x92 M\xf1[]d\t\x0f\xc3\xfc\xad\x8fe\x0fC\x07L@\xa3\x15\xda$r\xc1\x88\xf9(\x12\xbd\x80\xd4\x84\x8c\x9e\x92\xbe\x12Z\xeem\x9c\xf6:S!cqt^\xe6\x86\x93b\xbf\x83\xe9+\x0f\xbf6\x1e.\x07\xc6$\xb3\x19\xe3\xa6\x03*\xb9S\xd5\xf1\xb0\xba\xf7\xf8`,\x0eA\xebs\xd7\x8d)A2\xa8F\xe0WEk\xbe\xab\xd9\x96\xe7m\xa5\xd5#\xd4\xe3\x85\\\x10\x84\x0e\x1dr\xcd\x1d\x0f\x0c}\x15\xe4"\x90\x82\x8d4\x18\x8dk9\xac\xd0_\x01Bgu)qe\xd9K\'3 \xe1\xcb?1B\x97PIe=\xa1*u\xd2\xe3\xb7\xe0\xc7\xf6\xd3V\xdb\x85T\xa1\x91\x12.\xf8\xc5\xc12\xa1\xa5\xd3`r\xfa\x16\x1cHi\x15\xb8N\xca\xad\x158\xcd<\xa6\xed\xc0\xcb\xa9\xbb$\xda\x88\xef\r\x17p\x12\x15CJh\xd1\xa00I!,\xa7\xefR\xfb\xbb\xc1e\x90;\x7faFD\x1b\x0c\xe3\xb5\x1aL\xb3\xe0\x9f\\\xac\xf4F\xfe\xea@N\x16=\x99R\x17\xc7n\xc4U\xe1\xb9\xf03\xfe.\xdd\xba\x07I\xb5DyI\x14n@\xcd^\xb3\x10\x84f\xbc\xad\x0e\x10\xf2\xb4\xfe\xb3\xdai\x9d\x9b\xff\xf6\x9b\xdf\x9cTI\xd2}\x94f\x17\xa840\x00\x81\x00\x1b7&\xdd?\x91<\xc4\xa8^\xbb\xd3\xbf:\x80\xc9-G\xa8)\xcf\xa44/\xb6\xd2\xfc\xabjq<\xa2\xfc\x9e\x10\xf1\xa8\xf4\x87\x8d\x96dYa\xc2`n\xe3+Ht}O\xb8\xfb\x01\xd5\xdc""\xd0x:\xdd\xcc\xbc\xd6qqF~\xa8\x8cAt\x05\x88\x19\x10\x06\x89\xa4\x9eg\xffI\xa4s\x00\x10!\x10\x0e\xbe\x17+\xc5\x9a\xcbk\xd7${\x84\xfb\x0f\xdd#\xd96I\x1cn*;\xb49\xa6){\xb9g#~\xac6%\x8e\xc0\x83(\x1a\xac\xdeh\xd3\x9b\x08(\x8d\x80\xd2i\xbc\x05\'\x90\xf6F\xbaJ\x02):(\x80s\xf6\xb6M\x05G\xe8\xd1t\xb2A\x8b\x8a\x8f\xf75(\x199\x05\xe9\xfc\xdd\xed\xf1\xcbx\xa6\x0c\x1f\xf2G\xf1\x8f\xe6\x88\n(\x86\x1b2Q\xd9\xfc\x91\xae\x8f\x8f\xdf\xa9Y\x9d\x0b\x0brs~N\xa8N\xd0\x055KL\x1b\xe6\n\xab$\x1b\xf1\x87zIIa&\xe11\xe9\x085\x92\x8f\xde\x8dX\xf9\x8f\x18\x08\x04\xf8\x8e\x1f\x0bs\x14\x06\xd9\x18\xb5\x99`\r\x84\x196\xe2\xcc\xa4\xa0\x1eR\xd7-4!\x06\xd3\xd8\x91\xbfi\xdb\x12\xdbH\xe2\x044\x9aG$\x99\xcb8j\xfd/,y\xc1\xd8\xbfe#*\x9c\x98\xd3C\xd7V\xaea%#\x87\xb1a\x98\x1e\x8c;\xd1^p\xff\xa1\xceX\xf9\x9f|1z\xa1\x04\xcb<\xc4\xbe\xfc\xcf\xdf\xbf\xb8\x84\xaf!\x14\xd8m\x05V\x91\x83\x94\xc3\xd0\x9a\xc0g\x8b\xdd\x15B9\xab@\xdc\x88\xd8\x0f\x81\xe7"\xd6\x81W\x07]IY\xb1c\x98\xb0\xc5\xac"\x1f\xd7\x19\xd3&\x15\x8a\xd7\x9a\xd2j\xfc\x93\x02\xb1z:E\r\x1d{\xb9JM\x00q\x15\xca\xf6\xf5\xc11N?\xbc\xe3\xf4\xf5t<\x94\x88\xa6B\x9e\x92\xfa\xbe\x15\xda\x8c#wl5_o\xeb\x0c\xf3kf\xfd\x02c\x89!/\xfa\x92[a25n\'\xda\x0by\xd8\xb7\xbd\xea\tE\xed\xc0\x9c\xd1\n\x97\xed~\xed\xf3\x9e\x17\\\x96\x99\xcc\xfb\xca\x16F\xf1\xde>\x15c\x94\xd9s\x1f\xd7A\xebW!O\xd9Dj\xbbq\xec\xb0\xb6\xc4!\xc34\xe3\x9c\xa1c\x14\xf02\xc7Xb\xd0\x12\xd65O\xc00v\\p9\xa1\x01\xa96\x1ea\xbb\xc2\x9a%\x031G\xe5\xc6C\xbco\xa9\x1b\xc0\xc0`8\x12L3\xd2zq\x93*\xb5bV\x19\xa5V\xf04\x85tw\xee\x98[~{\xdf\x84\xecX\xd6\xa7\xdc\xe6s\xfd+<\x00.\x92\x921zZ\x1f\x1e\xc0\x82\xccM\xda\xf1\xd8\xf1O%dw\xbb2\x99\xab[E\x19\x19\xd1\x18uT\x0c\xe3\x8b\x11\r\xf2t\x00t\xfb\x8d\xcc\xf9\xe7ID\xa0j~\x7f\xa9\x1bu\xb3 \x89b\x96\x02\xdd\xeb\xd4\xacY\xde\xbe\xaf\xa9\xa6z\xae\xe7I\x95\x9fk\x02T\xc6\x9e]\xea\x06\xd0\xf3\xe2S\xd2\x1e\x94\xa6?\x7fd\x8a\xd3\xdb\xef\xa21!\xfa\xf1\x93\xd0\xdb7\\\x8d\xee\x84\xacn\x00\xd7b\x0b6\xb0[\x1b\xdeHw\xfe\x06\x02\n\xa4\x88\xd8{w\x92U8\x9b\xdc\xe6\x954;o\xe6\x8ec\xdc\x07\x92\xf0~\x03\xbb\xe2!\xd8\xc0\xb4F\x7f\x1b\xf6r\x9f\xe5\xa4~\x88\xbf\xf6\xbf:\xb8\xf1\x13J\x14\xe2\xfa\xf3\xa0\x7f)=e\xbc2\xeeV\x90\xaa\xc2D\xd0\x01%\xc2\x13\xb6\xc1\xf47\x87w\n\xf0A\xfe\xb7\'\xe1@\xb6\xd4\'\xe8\x86\xae\x8a\xdb\xe1\xb9\x1f\x99A\xb7J\xd0\xb7\xc0\xc4\x80\xcbc\xc7\xb8v\xe7\xf6\xb8H\xd0\xb3\xa6\xd5~\xc4\x00\xc9\xcclUo8\x92\xf5\x93GY\xb4\xc7]\x08\xcf\x9e\xa3\xbbqm\x9d\x9cw{\xef\xa3\xbd\x9c_\x8d\x8f6Z\x01\x89\xad|\xe9\xa0\xbd\x96\x8d\x89eUv\xe9#\xf5\x9a\xcbm-\xf6\x9f\x9e\xc0R\xeb\xd7\x1a\x97j\x8aalr\t\xc9_;\x81:\xc35\xef\x84\x03\x83\xe9\xe6\xc7\xba\x17dj\xb7\x8e\xef\xb53\xbb:\xaa\xb2\xffU\x0f\xf3\xce\x0cO\xf4Zl\xcf\x12l\x0c\x03.\x7f\x0c\x93\xb0\xa6J\\7\xda\xf1$,*"\xea=t\n\x98\x14\xdbJ\xcbM\x99\xbb\x01\xc8\xe4\xac\xc6yG\xad`\x07I2\x84\x11\xc4\xd2ZP\x06\x005T\xfc#m\xee\x91\xa6~\xed\x0bw\x99d\xf1<\x00\x96\xd6\n\x9c4\x89\x90\xc6"\xa9\x0e\xef^\xc4\xaf\xefJ\x86\x8e \x86p\x957\x19F%\x14\xd1\xa23`b\x7fP\xa8=\x00\xa9\xf1\x13\xfd#p\x1a\x1b/_k\xe2\xb3]i\x02\xf1\xfdD\xd2\xfa%o\xb1\xfd\xb7\xe3u\'\xb0\x04\xd6V\x883\xbe\xd8\xb4\xc0\xe9\x7f\xdcXE\x92\xf3\x06\xf0\xa0\xb7\xef{Y\xa9Q7L\xc9\xb0\xbc,e\x15\x0c\x04\xbb\x93t\x96\x1b\x91"\xac\x00NE$\x15\xaf\x1d\xfc\x95\xe8\'\xdd\xb1~\xe6\xf3`u\xef@\xef,\xe5BN\xb1K;\x9f~Z\x80z\xbc\xaa\xf2\xe5\xc8\xe7\x83U]W\x88\x7fv\xd9\x82\xf9\x12\x1f1\xd0\xfad~|\xb8\xe5\x82x\xa3\xb8\xe1\x0f-c\x12I`\xce\xa7\r\xf8\n\xe3\xaf%`\x1bh\xe2vF\x05\xf9[\xfc\xddjw\xef\xb0\xf0\'[\xd3|\x18\x1ao2\xe8\xe1\xb9\xc1\xce\nV\xfc\xa05|\xd7\xce\xa89\xfby\xb5\x9fN?\x05\xfd\xd3s\x8f\xe5\xb8}\xbc\x88\xc1\xdc*\xea\xb7JV\x93q\xe8\xe3\x84\xe8\xe2\x9bHT\xf0\x86\xde\x00\x9fC,\x85)\x8b\xd4=\xf4\xdc\x84\x19\x05\xe53\xa9\x05Nm\xed\x8c,\x1a*jbrI\xb8K\xb3\x03\xae\x86n\x8fvk\x10\xf1q\x08\xdc[w\x17\x92N_\xadHo\xa4\xc2\xae\x98\x99\xecD\xf1{"\xb9|\x03\xf8G\xfb3\x9f\x81\x0b\\x\x1f\x92\xaf\x90,\x86\xfe\xf0\x8a\xe0\xe1\xf0\xe2%LgK\x86h\x8c\xd9\x00H\xc5\x92\xa0Xb\xe5<\x9b!\xd6\xbb\x17\x9b|I\\-\xdd\x99\x81\xe46\xd2\x8a53\xb1\x96m<.~|\xcc{\xad\xce\xe1\x8a\x14\xaaVQ\xda\x94x\x16W\xbe\xbf\xefar\xf8\xa7^\xfe\xb8\xed\xd0\x8c\x88\xbc\xd1\xfb\x12E\xdd\x82}6/)\xa3\xde\xba\xd1\xde\xea\xfc\xd1)\xf6gp\xbe\x8c\xdc)\xf0\x15\x9a\xfdv\x8a\xa2SN\na\xc5QX<\xba;\xb7\xfe\x9aF\x8f\x88\xb9\xd5kNi\x02|Q\x1e\xdb\xf9\xab\xe9B\xa1\xafv\x81j\xda\xf3x\'3\xae7\xac+iF^\xf2\x90v\xd7\xd42\x05\xa6o\x1c@\xbb\xb0\xc6\x17\x0b\xf6\xd4\x97\x9ag\x8a\x1e\x9e\x17\xac\xbf\x00<\xf6d\xefa\x1c\xd6\x93\x95q\x86"\xb3\xae \x1c\xc0\xafnm\xdaH\x95KZ\xb1\xe2\xc5\x95s\x003\xc8\x8bs\xae\xedB;s+Q\xd9\xc0\x11X\x15\x9e\x93P3\xdb\xdb\x87\xa5\xa6\x9d\xe2\xcc\xdf&II\xafo\xa9\xc0\xb4\xcc\xb8>\x04\tT\xfbgh;\xc0N\xbacs\x02\x8d\x7fsS9\xf3\xa5\xe0"(y\xf0t\xf1\xcf\x12\xe1\xf6\xa8\xcc4f\x0f\xf7W\xb0H\xceV\xc9"-\xd8\xf5L-\x8b\xe0\xffA>0{H>\xc7\xdfF\xc5/\x16\xe5\xa6-\xf34P\xe9RR|A\xbaF\x88w\xb2\xd4.\xaf\xa5\x99\x93\xf4\xa9\xd2\xa7\xa5T\x02\xf5&\xfeQ\x8c\xff1\x02I5\x84\xe4Q\xb1\xc6W\xc1\xf2\xd7\t#\xea"\x9f\xa8\xe9\xd3C\xbd\x05k\x92;}\xce\xaeu\xe0\xc0\xa6f\xd8\xd0\x8d\xf1\xa5\x04\n\xbf\xcb\xe2\xde{\xdde\x99\xdb^8\x8b\xc6\xe1\xd8\xe7\x041\xfa\x9c\xed$\xd6]\x9d`?\n\x05h\xbc:t\xaf\\\xc6\x916\x12\xe5=)\x12\x91\xae\xae\xc7\xe9\xee\xae\xae\xbf\x85@\xf3\xe0?\x95j\\s\r\x8f\x8b\xde\'\xc0\x08e\x0e\xa2\x94EEom\t\x9fJt\xf6\xc2l\xc7\xc3)XGa\x04\xddbr\xae%\xf1O\n\xaaD|j\x02\xf5\xacK\xdd\xf5\x02\x13{G\xa3L\xbe\x05]\x80\xa3\xb2\xf0j\xeeA\xa9\xec\x04%A\x94\x18\x840\x87&"-.\x81\xbf\x89\x9c\xbf\xc2\x8fbe\xced\x0fH\xe9\x99\xd5j\xe4\x01t\xf6\xfb\xf6\xd2\x11/\xe1\xdc:\x8c\x83\x12\xdaj8\x874\xb9\xa4\xd3(P_\xaf\xdc\xef\xd7\x83V'
tbI624
I0
F0
tb.