# time 	 divergence 	 # of mutations 	 # IGC chances 	 IGC length 	 # IGC failures 	 Changes due to IGC  	 % change due to IGC 
0.0	0.0122699386503	0	0	0	0	0	0.0
7.98238696689e-06	0.0143149284254	1	0	0	0	0	0.0
0.00055918833878	0.0163599182004	2	0	0	0	0	0.0
0.00234553629117	0.0163599182004	2	1	1	0	0	0.0
0.00498224589664	0.0163599182004	2	2	1	0	0	0.0
0.00535645227961	0.0163599182004	2	3	1	0	0	0.0
0.00675661733432	0.0184049079755	3	3	1	0	0	0.0
0.00692913738899	0.0204498977505	4	3	1	0	0	0.0
0.0079629006742	0.0204498977505	4	4	1	0	0	0.0
0.0110157041484	0.0224948875256	5	4	1	0	0	0.0
0.0119462783877	0.0224948875256	5	5	1	0	0	0.0
0.0179267520745	0.0224948875256	5	6	1	0	0	0.0
0.018906767066	0.0245398773006	6	6	1	0	0	0.0
0.0209249979461	0.0245398773006	6	7	1	0	0	0.0
0.0230710870883	0.0265848670757	7	7	1	0	0	0.0
0.0258862902902	0.0245398773006	8	7	1	0	0	0.0
0.0297606604422	0.0245398773006	8	8	1	0	0	0.0
0.0299440132998	0.0245398773006	8	9	1	0	0	0.0
0.0306982855892	0.0265848670757	9	9	1	0	0	0.0
0.0308184370991	0.0265848670757	10	9	1	0	0	0.0
0.0314107582918	0.0265848670757	10	10	1	0	0	0.0
0.0320805011987	0.0286298568507	11	10	1	0	0	0.0
0.0335723143562	0.0286298568507	11	11	1	0	0	0.0
0.0339372202753	0.0286298568507	11	12	1	0	0	0.0
0.0341552836696	0.0286298568507	11	13	1	0	0	0.0
0.0381241372244	0.0286298568507	11	14	1	0	0	0.0
0.0401158262318	0.0286298568507	11	15	1	0	0	0.0
0.042222638906	0.0306748466258	12	15	1	0	0	0.0
0.0466569219301	0.0327198364008	13	15	1	0	0	0.0
0.0467206884264	0.0327198364008	13	16	1	0	0	0.0
0.0471333079089	0.0347648261759	14	16	1	0	0	0.0
0.0472867704509	0.0347648261759	15	16	1	0	0	0.0
0.049074787619	0.0347648261759	15	17	1	0	0	0.0
0.0498761490779	0.0347648261759	15	18	1	0	0	0.0
0.0524961163202	0.0368098159509	16	18	1	0	0	0.0
0.0525026248044	0.0368098159509	16	19	1	0	0	0.0
0.053104873004	0.038854805726	17	19	1	0	0	0.0
0.0535342236038	0.040899795501	18	19	1	0	0	0.0
0.054766518945	0.0429447852761	19	19	1	0	0	0.0
0.0551704735245	0.0429447852761	19	20	1	0	0	0.0
0.0560030440138	0.0429447852761	19	21	1	0	0	0.0
0.056590538601	0.0449897750511	20	21	1	0	0	0.0
0.0568704638784	0.0449897750511	20	22	1	0	0	0.0
0.0582468694741	0.0449897750511	20	23	1	0	0	0.0
0.0593443168352	0.0470347648262	21	23	1	0	0	0.0
0.0600712328534	0.0470347648262	21	24	1	0	0	0.0
0.0637538062643	0.0470347648262	21	25	1	0	0	0.0
0.0643486982541	0.0490797546012	22	25	1	0	0	0.0
0.0646264226734	0.0511247443763	23	25	1	0	0	0.0
0.0648413129464	0.0511247443763	23	26	1	0	0	0.0
0.0661471745332	0.0511247443763	23	27	1	0	0	0.0
0.0672482402379	0.0531697341513	24	27	1	0	0	0.0
0.0682096532702	0.0531697341513	24	28	1	0	0	0.0
0.0700232707862	0.0531697341513	24	29	1	0	0	0.0
0.07026226016	0.0531697341513	24	30	1	0	0	0.0
0.0716462158674	0.0552147239264	25	30	1	0	0	0.0
0.0745403281674	0.0531697341513	26	30	1	0	0	0.0
0.074543280467	0.0531697341513	27	30	1	0	0	0.0
0.0756575903492	0.0531697341513	27	31	1	0	0	0.0
0.0764489596919	0.0552147239264	28	31	1	0	0	0.0
0.0764539669781	0.0572597137014	29	31	1	0	0	0.0
0.0774049015951	0.0572597137014	29	32	1	0	0	0.0
0.0783065986498	0.0572597137014	29	33	1	0	0	0.0
0.0790353553693	0.0572597137014	29	34	1	0	0	0.0
0.0805989315625	0.0593047034765	30	34	1	0	0	0.0
0.0817409315128	0.0572597137014	30	35	1	0	1	0.0322580645161
0.0823950128871	0.0593047034765	31	35	1	0	1	0.03125
0.0825187641485	0.0613496932515	32	35	1	0	1	0.030303030303
0.0832195962871	0.0633946830266	33	35	1	0	1	0.0294117647059
0.085397553997	0.0633946830266	33	36	1	0	1	0.0294117647059
0.0857336400073	0.0633946830266	33	37	1	0	1	0.0294117647059
0.0858930035572	0.0633946830266	34	37	1	0	1	0.0285714285714
0.0866030177334	0.0633946830266	34	38	1	0	1	0.0285714285714
0.0895842207052	0.0633946830266	34	39	1	0	1	0.0285714285714
0.0904107575307	0.0654396728016	35	39	1	0	1	0.0277777777778
0.0936335764767	0.0654396728016	35	40	1	0	1	0.0277777777778
0.0940653556837	0.0633946830266	36	40	1	0	1	0.027027027027
0.0975396166762	0.0633946830266	36	41	1	0	1	0.027027027027
0.0975764255221	0.0613496932515	37	41	1	0	1	0.0263157894737
0.0976864882986	0.0613496932515	37	42	1	0	1	0.0263157894737
0.0981329822211	0.0613496932515	37	43	1	0	1	0.0263157894737
0.0983853501936	0.0613496932515	37	44	1	0	1	0.0263157894737
0.101699989556	0.0613496932515	37	45	1	0	1	0.0263157894737
0.102198439215	0.0613496932515	37	46	1	0	1	0.0263157894737
0.103987408392	0.0613496932515	37	47	1	0	1	0.0263157894737
0.104847271039	0.0633946830266	38	47	1	0	1	0.025641025641
0.105159203125	0.0654396728016	39	47	1	0	1	0.025
0.105403711307	0.0674846625767	40	47	1	0	1	0.0243902439024
0.107218979824	0.0695296523517	41	47	1	0	1	0.0238095238095
0.108139089947	0.0674846625767	42	47	1	0	1	0.0232558139535
0.108574288474	0.0695296523517	43	47	1	0	1	0.0227272727273
0.109132459953	0.0695296523517	43	48	1	0	1	0.0227272727273
0.113924316143	0.0695296523517	43	49	1	0	1	0.0227272727273
0.114547065619	0.0715746421268	44	49	1	0	1	0.0222222222222
0.115345836619	0.0715746421268	44	50	1	0	1	0.0222222222222
0.118674907952	0.0715746421268	44	51	1	0	1	0.0222222222222
0.120306066379	0.0715746421268	44	52	1	0	1	0.0222222222222
0.120865935862	0.0736196319018	45	52	1	0	1	0.0217391304348
0.122440283713	0.0736196319018	45	53	1	0	1	0.0217391304348
0.124725176704	0.0736196319018	45	54	1	0	1	0.0217391304348
0.125071566709	0.0756646216769	46	54	1	0	1	0.0212765957447
0.133333154921	0.0756646216769	46	55	1	0	1	0.0212765957447
0.134270066788	0.0736196319018	46	56	1	0	2	0.0416666666667
0.134844504707	0.0736196319018	46	57	1	0	2	0.0416666666667
0.140542546626	0.0736196319018	46	58	1	0	2	0.0416666666667
0.141182755615	0.0736196319018	46	59	1	0	2	0.0416666666667
0.145416628497	0.0756646216769	47	59	1	0	2	0.0408163265306
0.145710507131	0.0756646216769	47	60	1	0	2	0.0408163265306
0.148788967576	0.0777096114519	48	60	1	0	2	0.04
0.15165032702	0.0777096114519	48	61	1	0	2	0.04
0.1527421733	0.0777096114519	48	62	1	0	2	0.04
0.153301467222	0.0777096114519	48	63	1	0	2	0.04
0.154860627354	0.0777096114519	48	64	1	0	2	0.04
0.155391019767	0.079754601227	49	64	1	0	2	0.0392156862745
0.155858983678	0.079754601227	49	65	1	0	2	0.0392156862745
0.156032500389	0.079754601227	49	66	1	0	2	0.0392156862745
0.160405379894	0.081799591002	50	66	1	0	2	0.0384615384615
0.160735139603	0.081799591002	50	67	1	0	2	0.0384615384615
0.161891814867	0.081799591002	50	68	1	0	2	0.0384615384615
0.163296904498	0.0838445807771	51	68	1	0	2	0.0377358490566
0.163467927237	0.0838445807771	51	69	1	0	2	0.0377358490566
0.163479209264	0.0838445807771	51	70	1	0	2	0.0377358490566
0.166761622699	0.081799591002	51	71	1	0	3	0.0555555555556
0.168891566525	0.081799591002	51	72	1	0	3	0.0555555555556
0.169230067007	0.081799591002	51	73	1	0	3	0.0555555555556
0.17185232447	0.081799591002	51	74	1	0	3	0.0555555555556
0.172088097321	0.0838445807771	52	74	1	0	3	0.0545454545455
0.173056663512	0.0838445807771	52	75	1	0	3	0.0545454545455
0.173518129859	0.0858895705521	53	75	1	0	3	0.0535714285714
0.173946500277	0.0858895705521	53	76	1	0	3	0.0535714285714
0.174838644409	0.0858895705521	53	77	1	0	3	0.0535714285714
0.177121028654	0.0879345603272	54	77	1	0	3	0.0526315789474
0.178136110688	0.0879345603272	54	78	1	0	3	0.0526315789474
0.179168946158	0.0879345603272	54	79	1	0	3	0.0526315789474
0.181832260485	0.0879345603272	54	80	1	0	3	0.0526315789474
0.187453327621	0.0879345603272	54	81	1	0	3	0.0526315789474
0.19022384554	0.0879345603272	54	82	1	0	3	0.0526315789474
0.190630062837	0.0899795501022	55	82	1	0	3	0.051724137931
0.192672035422	0.0879345603272	56	82	1	0	3	0.0508474576271
0.193803436066	0.0879345603272	56	83	1	0	3	0.0508474576271
0.194255597554	0.0879345603272	56	84	1	0	3	0.0508474576271
0.195105879125	0.0879345603272	56	85	1	0	3	0.0508474576271
0.200139803767	0.0899795501022	57	85	1	0	3	0.05
0.200897742666	0.0899795501022	57	86	1	0	3	0.05
0.202159724428	0.0899795501022	57	87	1	0	3	0.05
0.202313257921	0.0899795501022	57	88	1	0	3	0.05
0.202442949118	0.0899795501022	57	89	1	0	3	0.05
0.205407323053	0.0920245398773	58	89	1	0	3	0.0491803278689
0.206084911492	0.0899795501022	58	90	1	0	4	0.0645161290323
0.207774192135	0.0899795501022	58	91	1	0	4	0.0645161290323
