cnumpy.random
__RandomState_ctor
p1
(tRp2
(S'MT19937'
p3
cnumpy.core.multiarray
_reconstruct
p4
(cnumpy
ndarray
p5
(I0
tS'b'
tRp6
(I1
(I624
tcnumpy
dtype
p7
(S'u4'
I0
I1
tRp8
(I3
S'<'
NNNI-1
I-1
I0
tbI00
S'\xad1\xf2\xfd*\xc4p\x9d\xc1\x98\xf2\xd0P\xf1\x99\r\xc2\xf1KQ\xf19\xea\xbd\x18\x7f9\x93\x8a\x91\xa7\xbc\xd9\x99NX\xb97G>\xc0\xd2\xcb\xd6:\xac\xd0\xa6\x9f\xc7m\x9dM\x1a\x8a!\xbcI\xbb\xec\xee\xc1E\xe0\x9b\x9d\x16\xfa\xef\xb7\x1e+\x95U\xba\xdd\xd6\\\x03\x9dM3U\x92\x1e}F\xa4\x98\xff\xe27\x01xK\xd9\xc0\x8d3\xc3`_\r9\xdf\xf3\x17W\x143\x08\x9e\xff\xc0\xc7Q\xcd-^\x82#\xb7\x8a\xc7\xc1lv\xb1\xcbN\x8d\xfcz\xdf\xa8\xedt\x19V\x81\r\x04\xc1\x10\xd4vQ\x07\xe9\xfbv\x8f\xd5\xfe\xbad\x95\x0cH>[QB\x160j\x1a\xa2\x07+\xbb\xa5-\xe2\xeeM4\xe7.\x15%9\xa3O\xb7\xfb\xf8\xa2\xa8\x1f87\x1fm\x03?\xd4o\x1d\xf7\x9c\xa5e\x9c8\xc0\xf4dF\x8d\xb1{\xcd\xa4`\xad\x83\xd8m\x7f+h\xae#\x18\xda\xf8\xb2\xed\x0f=\x10Nf\x9c+\tf\x18\xd0a,H\x0e,\xdd\xb3L\xd0\xaa\x14y\xfa\x9d\xe6\xb0\x17\x85\xfep\x1c~\xb8\x1a;x\xdc\xecOl\xd2\xa3\x9bth\xa2\n\xcdw\xda\xd0\x88=pb\x9a\x19\x0b!\xd0\xdbX_c\x96l\x94G\x9fm2\xbe\xda#\xe6\x93q\xb7\x9aY\x92bSP,\xdb\xca\x89\x03\xbe\xdc!I/%\xfd\x9d{\xfc\xcf\xa6\xbe\x8a\x97P@\xff\x00e\x08/\xe8\xa4E\xe39\x16X\xf9\x0f\x85kh\xecb\x19El6\xac\xbd\x01\xba\xa8@\xe0\xc2\xe4O\xed\xd9\xea\xa5e\xd97\x0f\x9ea\xde\xd1hUZ&z\x17j\x18\x8b\xdd\xb72\x95\xf8\xbc\t\xe9IS\x8e\x9dL\x98(\x83\xa8\xdf\x975@m\xe33~XI\xddcAX\x95\xa9\xbb\xf3h=,f\xe1\x05F|\xcf5\x850BFU\x062\n\xbe\x8003spH\xa8h?\xec\x9b(\t\xf7\xe8X\x18\xaa\xca\x86v\xd6\xd9\x8a\xe1\n3\xb7rZ\x9d\xb5\x92e"\x19\xc4\x88H#/\xb6\xaf\xd3\xdb\x99\xbdT\xb4\x1e\x03\xef;F\xd7\xd2\xd9,\xfd\xad\x1e\xbb\xa5\xe5\xfa \x07\x82\xcd\xa1\xde\x17\xdc\xfb\'\xbd~\xcb\x8d\xbd~\x99\x93\xca,\x00\x14\xfc\xb7\xc3Q\xf37\x97w)jm\x17\xd4l\xe8\xbe\x93\xd7\ty\xd5\xfe\x8c\xfc\x89*_\xe8Y\xfb\xc2J\x8a\xf0A5\x05\x0cVI\xe1\x91>U\xab s\xec\x9b|~\x0f\x04~\x12h\xbb\x9c\xa5\xbe\x19\x8dA.8k\x0e\xed\xdd\x93\xcb\xb8\xe4\xd9\x18(\xe3"t0d]\xdf\xc4\xec\xfa\x88pH\x93\xcd/\xd9\x05h\xb1*.\x01\xad\xee\xf2\xb3\xc7J2\x87\xbd\xfc\xb98@\xa7\xfb\x95\xd3]\xed\xe9\xa7;\xbb\xe4\x14\xc8\xf6\x0e\xc4\x9f\xad\x94\x8b\x9e$qS\xd0\xac\xa3q\xa9\xc2\xb3d\xe0 A\xac\xf7|d\x00\xe0\x8d\xf8E\xacR\xbf\xf3\xed\x8a?m\xa4\xb7\xf4\x05 \r\xcfo\x95\x8ez\xe7\xfd\xb2ca\x1dW\xa2\xc9\xa4\x02\xc6nQ\x93\x08\x95\x1e\x96\xdd\x16<\x94\xfc\xf9\xc9\xdcD\xe6\xbe\x03t\xebk\x99u(_\xcbS\xd4\t\xd2\x08\x86`\xa2Dy\xaa\xd6\xa9\x9b\xe58\xa7\x89\xb3_\x169|\\\xe9\x98\xec\x9b_\xaa\xda\xeb\x81\xf6\x1b\x06`\xa0\xe5f\x92F\xfd>\x84\xea\xef\xb6\xc3\xca%\xbb\xad\x038<s\xac<\x1f\x85p\xb2\xc7Q\x88]\xf0\xed\x8aK5\x84P\xff\x1d\xed\r\xf6-$\xfeY\'\x98\x18x\x87\xeb\xecA\x8d\xa4\x8c\x96\x89\x84\x917\x0b\x1b\x9e\xa33\x1c\x17\xf8\xa6\xd9\xa6\x1d-\xc8\xe6\xd68P}\xe7\xe0I\xe6{\xd9\x9e\x08\xbd\xf2G\xa8\xb6A$\xcb\x98\xf7\xdd\x10\x92e\xc9y/\xeb|y\xb8CG\xfe\x1b\xd7\n\xaeB\xcc3\xecT\x88\xc5\xd9\xb7\xa3\xa0\xb4\xac\x1a\xe6|\xfbS=\xbc\xb5\x17\xef\x9e~*\x16f\x88\x82&0\xed\xc7\xb0\x8e\x11\x80u6\x1aV\xfe\x1a\xfc[\x01\xb2T\xf5\xf3\xb9*5\xbe\x99\x03\xae\x1fD\x93\x07\x19\xb9\x08\xb0\xbc\xe5\x0e\x94\x0e\xf74\xba\xf1\xa0\x02jP\xd1\xdb\x18\x0e\x95\xacu\x89\xfa-\xad\x96\xe9\xa0\xc9\xe4\xe0\xa1\xc2\x0f\x02\x03S5hSv\xb2|\xad\xee{\x8af\xa1\xf0\xb8\x7fP\xf7\xa7\x1f(aC\x14\xf7\xbd\x8e\xf5)\x97\xa6\x98\xc27:D\xfd\xc5\x13p\x07\xc0\x1e(\xd9=\x94X\x8d&%i\xfb\x0c\x8c#\x03M\x97\xd6\xefE\xa9V\xd2*\x1bh\t$\xde2\xc5P="\x98X,3\xff\x12i\xf2bu\x0c\xdb\x89r\x06>H\x9e\xb8!\x98\xcc\x19X4U\xe0\x03V4>B)\x1f`f\xbe\x95\xfe\xdb\xc6\xf6>\xf69\xc6)\xbeW\xa9\xf5\xdf\xa2\x05\xed\x97\xe5B\xbf+r\xa3\xc1s\xc1w\xb7\x7f\xbf\xdaf9}\x9b\xd1\x11q\x14r\x88\xac1\x0em\x9d]\x1b\x8a\x01\xbb\xf0\x10p\x9c\x96\xf0G-\xaa\xd9\x14\t\xaf \xee\xc1K\xa7\xd8\\\xab\xf3\x9c\xd2\x8eZ\xb50\x1e~\x91\x9a\x0c\x89\x905\xab<\xde\x07>\xc1\x90\xfc\xfa$\xf4r\x854\xd7\xaaD\x8b\x13\xb5sr\xb5H\xaf\xfd\x9c\x80\x9d\x992\x80>\xf7\x8c/\x86Y\x08\x029Ii\x95n\x86\xfa\xf7N\xb3\x90eO\xb3C2\xcbIC \xf7~\x03\n~\xecu\xafmi*2y_\xf9\x08\xf4\x90+L\xcb\x185\xf7\x1a \xf0\xbb\xaa\x9a\x84\xb8"\x90\xf2s\xaa\x15J\x1b\xab\x8bz25r\xe4\x1f\xdc\xfc\xd7\xd1u\xd0\x98z\xc4y\x95\xc6\xfaj\xc4~\xff:&\xe6?\x99j5T\xb6A\xdc\xb3\xf5\x82\xa6\x92q3A\x83\x88\xf7y\xf6\x16\xaf\x08\x9c\t^\xaa\xca,k\x14\xbedK\xc2d\x92\xa6\x17\xb8\xee\x91(\x9d\xcb\x1f<b?_\xa9\xaf\xf5\xc2\xa7\xb9\x86\xab!\x9a\x1c3\xb7\x171\x89\xe4)\x96\x80\xbd{\x8cd:\xa7\x8b\x18q\xd5%\x85\xf1;U\xa0\x1dp9 -\xc5\x0bU\xdb\x96/qY\x8e2\xde\x01\xfet\x9c\xd3\xe9\x1e\xb8\x15\xff"1~\xe9Lg@\xbe\xd3/`o~\xce\x01\xbcL\xc7\x04A\xef\xe1\xebFSG\x02]*\xc7\'\xf1\x13\x1eV\xf0\xc4.\xe3\xdes\xb3\xc1\x1b\xa7\xdan\n\xa3\x9f\xc5;\x14P%\x88\xd5\xcd2\xf2\x93\xfc\x9c\xe9\xb6\xc9qb\xba\x953\x9b|\n\n\x99\xf3\xf0\xf5\xb2K\x91C Q\x0fQjS3\xe4\x14\x8d\xb7\xbe\x8c\xee"\xc5o\xb6\x94\x91[\x81\xee\x11\xccDg\xc1 |5r\xbb\xdf\xa0u\'\r\xbb_\x95\xce\x829h\x15\xa2P\xe4w"\x0f~\xbb\x12\x12\x06>~\xbf\x9a\xf8\x8b\xc8\xfa\x92\xefOh\xca`\xf2\t\x1e:\x81\x8a\x18D\x0e\xa0\xf3-\x15\xd6v\x1e \n}\xb1\xdf\n\xd2"\x88\xea\x975\xe8UN\xedQZy\xe7\x07\xb8^\x01\xf9\xf5\x8d\xc1\x80\x97\xac~\xe8\xe3\xe9\t\xf7\x1a\xc4y\x05T\x10\x9a\n\xa9\xf8R_\x9a\xc27\xba\x80\xe4\xaaT_9\x17\xf1\x1b\xe1:\xb4\xba\xbaf<\xbc\x07<s_\xf7\x00\xfa\xd7QE\xdb\xb0q\x19E\xad\x02\xae\xc7\xd1.\x00\x12\xdd%\xecE<s\xe0\x9c\x80\x9dJ`\xd4\x1a\x06\xfao@\xe3\x9a!\x97\xbe\xc7.\x84\x13\t\x19N\x99\xc3\xf1\xc5\xe1gw"\xb0\x1eN\xd8s\xa4\\\x9co\xae/\xd3r\xa5m\x0eM\xc3\x84X:\xf3\xcc\xc7\xc1X\x9dW\xf8\x94\xa2\xb9\xbf\xe8=<\xe2.\xed\xa7\x17\xa2\x8cK2yeh\xc9Z\x9eN}\xfct\x00\x98\xa3M\x0bs\x04\x1e\xb4\x13%\x9a\xe0\xee\x05\xd0\xdd\xec!\xa5MMs|\xb4;\xe4\x9a,\xc6\xc4\xea\xae\xff\xea.\xfa\x08\xe1\xe0\x1e\xe0j\xfb\xe5\x1b\x07\xd0.\xfa\xa1\xaa|"\xd6yu\x16\xedN\xff\xcc\xa8\x9d\xbexny\x1b\xe24\xee\x89\xf5\x00j\xfa\x04g\xd5\x8cq\\@\xea\xdd\xbb\xeaV_\xb9\xf88\x02\xf2\xd6wZj\xf8@\xae`\xb4D\xa5\x12f\xf4B\xe5\x9b\xdb\x9e\x85\x98\x87<=\x19\xc2\xc3p\x1b\xb1/\xc6\xc0\xdb)\xb1\xb2\x83\x90\xb9>\x08\xb8\x19\xb1\x9c\xf0I9<\xb3:=\xdf\x81\x92\x85\xda6|\xdb\x13~\xcd\x99\xb9\x1a\xa0\xa7\x052\x1a\xcd7\x97\x0c\xb2\xef\xd9\xe6D\xcaOx\xee\x93\x0er\xb5\xb7[><\x84\x8b5\x83\x1c\x0b\xf9\x0f\xb7R@_\xaf\x85\xa5\xdc\x13\x96FU\xf6\xe7\xe57\x91F\xe2\x13\xa6"\x89n\xa91\x03"\xd5\x80\xce\x14Q\x990`\xc8\xf6\xee\'\xbfDV\x95\xbb\xe86d\x11\xd3\xbf\xd4\xec\x15y\xb8\xf5\xfd\xc2\xfb\xa7P"#\x1aq\xc3\xa2\xec\x12y\xbbw\x83@\x98\x13\x06\xce\xb08\xf4\'\xcb\xa7\xd3V\x83\xac\xb2v\x03Y\x80i\xe01\x1auF\xc8|}x(\xf6r\x1eEA[S\x8c(\xb0\xb5P7\xb8\x0f\xfb\xd3\x8b\xa7\xfb\x0f\x82\x17)\x13d\xb4\xe5\xdf\xf9T\x17\x0c,\x87y\x17\x7fl\xd4\xc58\x7fm\xb6\x97o\xe8\xbe\x18\x00a?\x97@P8r!\xc4\xb8\xb5\xe4\xd3U\xc0\xe1\x99\x16;m\xc2ETa\xb2g0\xbc\xfe0\x05\xcc\xef\x9c\xf7\xa9\xd7\xfd\x8dt\x0c\xfc\xbfD,R\xac^j\xca\x89\xf5\x0b^\xb1\xf5\xf9\xbc\x9f\x1f\r\x95\x02\x90\xc6&\x06\xe9+\x84\xc8\xc0\x10\xcf5\xab\xf4|4\xea\xca\xfb\xc5\xbe\x94\xb9\xbf\xfbv\xb4\x0c\xad\xa8\xdc\x82L\xa2\x9d\xf3\xe0\xc7\xdd<\xb0D\x05\xb2\x8f\xca\xf2T\xfcb\xb6\x96>\xe3;\xf3\xc1Y}~\xd7\x8a\x0cR\xf5p>\xfb\xa2\xe5\xf7\x8aQ,>\xf2\xf4\xa4\x0c\x91*\xe9]\x15\x19\x1d/\x9b\xaf\x927\x90\x02\x98\xeb*\x87\xa2\xd3\xc9\xca\x1a\xe8o\xc5\xf2\t\x9b\x80!])\xc3\xaf\x03\x05[\x83\xa2f\x11\x0bW\r\xa2q*\x14\x97*\x7f\xf6p\xd0"}\xd5\xd4C\x11\xc3\xaf@\x0f\x9fVZ\x7fX\xb6\xd6\xaf(\x85\x8a\xff\xea\x03\x1cx\xf1\x1e\xd8\xff\xe1\x90\x1aH\xbb+F\x89~\xa3\x83\xf9\xf1Y\n\xc6\x89\x1c [ix?\xf7VFHz\xe3\xad\xe0\xbb\x96F\xaf(\xceya\xd9\xb3\x89\x9d\xacuk\xd6\xe0\n"\xc1\xc8\x90\xd8\xf8t"d\x86\t\x12i\x06w;\xe4\x90\xc7\xdfj\xa3|8\xf2\xe1\xfc\xbb\xd4\xed\x9c(\xc5\xba\xbfl\xee6\xe2r\x95l\x19\xd2\xfb28Y\x12\xf4\xd4\xcb\xe7\xc8\xb6\xfaAf\x8f\xe6\xfacq\x13\xd6\x81$\x85\x98'
tbI624
I0
F0
tb.