cnumpy.random
__RandomState_ctor
p1
(tRp2
(S'MT19937'
p3
cnumpy.core.multiarray
_reconstruct
p4
(cnumpy
ndarray
p5
(I0
tS'b'
tRp6
(I1
(I624
tcnumpy
dtype
p7
(S'u4'
I0
I1
tRp8
(I3
S'<'
NNNI-1
I-1
I0
tbI00
S'e\xf4\xb9\xf1J\xf2\x89YE\xddR\x02\xe8\\\xae\x1b*\x06\xf2\xad~\xd7\xe2\x14\xa3\xcb\xe4\xd4S\x1a:\xa01\x04\xb8\x92\xe7\xe3\r\xc00\xa4j\xfaAy\xcb&\xe2\xe2\xc7\x94!\x87\xf4\xff\xc1\xfc\x04\xe3\xfb\xe9w\xc9\xdb\xb6\x13\xbd\xdb\xe86uH\xee]i\x02\xe4\x84\xb1\xd1\x92\x95>\xde>\xe7+\xb6\x8dV\x0c\xbf!\xfa\xba\xfe7\xe1j\xc4U[.\x0f\xc3U\xf8\xa8{\xce\xb8\xab\xc9&nmu\xf6`\x81\xf3\x8c+\xa3!\xaeN\xe4`r\xe7\xec{\x11\xe1\xd7}\xff\xf0-cv6\xc6pK>[\xe6\xf1\\\xe3\x9b\xc5!\xe2p8W0\x96\xc5Z\x8d\x0bE\xdc\xa2\xe9AF4\x96\x17LX\xb8@\x91(\xcf\xf1&v\xe2W\x08\xa6r<\x99\'\xf9\x9f\x05\x06c\x81\xf9\xfa\xb6\xb9F\x92\x10\x810\xbe(\xaf\xc9V\xddW`\xbe\xba\x07\x16g$T\xe2\x95@\x1a\xf5\x83g\xc7N\x9cw\x17\x0b\x91\xffK\xb7\x8bE\xcck\xa5\x9e\xf0\x01UC38\x9fyX\x0c\xc2s\xe4\xb3\xcb\x15\x08p\x12\x94\x03,\xe3\xf4\x05\xfcW.\xc6\x84n}\x0b\x14\x833\x97\x15\xe3l\x8a\x83\xefq4\x06b]^3\xadf\xc5\x91[\xe1\x84_\xbd\xd7\xa0V\x95\x1b\xa73\xda\x9f\xa0M\x1bs\xa5eX\xa9\xc8\xef\x17\xd7\x05\xb0U\x9f4\x05\x95\x1cr\xff\xfb\xa3\xfd:\x0e6X\x145\xb2\xac\r\xc7\xd3l\xf5\x93\xbe\xdb\xba\xfd\x8a#\xfd\xbb\xe56\xd6\x8e>E\xfb\x92\x89\xa4jzha\x08~j\xb3\x070X%\r:E\x15\xf3\xf41\xf7\xbf\xc30}\xc3\xf3\x0cI\x8d\nK\xf5]eG\x89\x83\xe7J\xbcc\xf0E\x9dt#\xe4w\x9d/!\'\xd9!2`X\xa0*\x81\'\xa2G,\xc1\x81\x1d\xa5@l\xe0\x98\x07H\xc7O\x8b\xa2\xdb|\x82\x14|\xcb\xbd\xa8\xe3I\xa4b\x05\x05\xcf\xc2\xf8%\xef\x03\xf7\xac\n"\x1f\x804\xbc\xeeK\xb3\x86\x9c\x1f\xa8\x96H\xd0\xdc\xe7\xfet\x17\xd9\x02\xb6\x0b\x88\xaaY\x86[\x84!\x96\xe4\xa0<\x14\x03\x7fG\xfd\xd5M\xe8v\xbf\x80\x17gy\x00\xf15}=\xa9/?%\x05\xf3\xbf\x08\xeee>\x0b\xa6A\x85G\xc9\x8c\x95\x08yK\x9b)\\\x05\xed:Ky\xe7p\xda\xc5\x1c\xb7\xfb\x06[?!\xe6\xa2\x9d\x92P\xdd\x1br\x160I\x85"W?/\xed\xd1\x96\x1d\xad\x95\xa0\xc8\x02d\xa2\x95(\xca\xa2M\x07van\x85Q\xc2\x8a\x07c\x0f+\x93\xac\x9d\xf0\xcf\xf2\x97{N\xd4\x1b\x19%\xf1\xb4o\xc2\xcd8\xe8,\xa1\xa40\xac\x83f\x1a\xb4:R\xd7|\xadd\x02@\x01\xe4\x836\xf1\x7fEg\x80\xd3!^\xa3\xc5\x0cc\xc6\x1fL^\xb1\xdb\xf2\x0f*\xb4,\x9cGdf\xd7\xa1\x9f\xf6~\xe5 \x1a\xc9z\xd6\x02\xaa\xa3\xde\xb2\x15\xa8\xc5\xcf\x8dX\x9b\xba\xdc\xa1Y:\xa1\xf4N\x7f\x08\x1fm\x80[\xc4)\xf7ym\xe4\xdd8\xd9W\xc6;\xe5\xa6\x83[\xb0e\x05\x1a{\xda\xca\x04\xe4\x8fh\xdd\x89\xd0\xf7\x13\x01f\x01<}\xe2\xb3C\xcci\x0c%?:\xb4\xd3\x8c\x8e\xbb\xaa\x8c\xefn\xbc\xd9\xd9\xda\xf1(I\xb2m(\xaa\x81#\xa6\xcd%H\xb1|\x1a\x03\xfe\x91\x8cv\xf0\x88n^\xc5\xa7t"|\x15\xed\x99\xdfK\xcb.wV\x90\xa7\xbf\xdd5\x94m\x03\x0f\xbd\'\xd9\xcc\xb4\x8f\x0b\xa4Zr\x9f\x8e\xfa\x8b\x9a\xc9\x12A\xa7%\x11\xea\x13]\xbc\xcd\xff\xc04\x9c\xad\x08\xf8\x88\xda\xe2~\xe2\xa9\xfd\xceQ\xbe\xff\xd3\x1d\xf0i\x03\xa24\xaf\xb0\x9b\xa8\xdb\x83<\'\xb0\xc9?s\xda\x7f\xd5\xdd\xd8\xac\xc5\xa4\x17\x03HM\xbar6M\xfel\xba\x0c\xec\xe0\xec"\xfb\x8e(\xac\xd6*]KW\x8b`\xa5\xfdI\xdb\xba;\x10\xf5\xcfb\xbc\x0b\')\x16\xd7B\xec)\xec\xe1\x83r\xe0{\xf2\xf5\xb0\x81\xa3\x97@\xbb>_C7r\xce\x0c\xa9\xde\xe1v=\xa9\xc5\xfc\xc6\xb1\r}\x0c\x96\xd2\xcb\x92q\xad\xe9\xf2ZUT\xc9/1\xc5\x80\xbb\xbd\x99\xa1%\';@\xeb\xbcKWq\xdb[\x07\x89\'\x8aR#\xa2\x11\xd3r6\xbe\x87\xa0\x86B\xd5\x8d^6\xacF+\xfb[y\xa5TZ\'\x1d\xb9\xf1T\xd4\x06#\xbcM\xea\xd8\xfe\xe5\x94\x01\r?\xae\xba=R\xce\x15\x84\x83D\x18\xe9~Y\xce\xd2\xef\xdcq;A\xb6\x0e\xec\xeah\xe6\x9c5\x96\xa9}\x87\xb8\xf2\x8bP\xeb^Y\xf8\x9f\x82\xa5\x115\x85\x9c\xc1\xc5\xb8h\x17\x9b3\xd1\xec?{\x86u\xeaE\xf0\xb9"e\xfd\xf2cZ\xaayT\xd8\xacJf\xbb\xa1\x92\xb7t\x16|\xb1\xca\x88\xefC\x16!\xaa\xa5\xc5-XQLp\xc7N\x83\xaf\xc1s|\x92k@\r\x9es\rSH\xceRe\x85u\xdce\x1a\x08+a\x83\xa7\xb0\xd4(u\x86g\x04\xf2\x84\xeb\xe5\xfc\x83\xd4v\x9b\xe8]\xbf\x1a\x0fK\x1e\'\xbb0\x9b\x10\xa44\xb1[lj\x88\x81\xb2\xb3\xf7\xac\xde\x179\xf3O\x05\xdb\xc4\x17HX\xef\xfc\xa3]~\xa9\xa9\xa3Jz\xca\xddo%\xc3\x8d/\xf0\xa9\x14\xeb\x8a6\x98\xe1:<\x06\\\x95\x00\xfcz\xb8\xf6#q`\x0e\x12t<\xbc\xe6\x9f\xb7\xa2\x89\x13\x16-D\xc7\xdb\x1c=\x03-\nO\xa0\xbf\x0fb\xbe\xe2R`$\xa5y\xc6\xb4z\xeb\xa1u^Zs\x9e\x9a\xb3\x17@\xe6\xea\xec\xde\xd5D\x8f\xd6\x9e\xc2B\xe0|x&%^\xdd\xe33\x06:4\xccAd(\x8a\xa0\xc1[\x82\xc2\x99}\xb6\xdc\xf2\xfb\xff\x1bG2\x15X\xe3\xbb\xd3.\xc7OW\xb8\x13\xc8\xdbI=7\x10\xff:\x13J\xfa#\xeey\xd3\x0fT\xa6\x7fD{\xeb+\x1f\x0c\xb9\xf5\n\x96\n\xd9\xc7\xf2\x7f|\xb4\x8b\x82\xd9\x8a\x17\xdf&\xd5P\xe4\xedI\xf6\x0c\xc5\xd1\x8d\x07\xfd\xd4\xacRz\xf4\xf7\x06\x18-9-k\xbf\xccT\xb0\xf7\xd7T\x94\'\xf6<\x1f\xa9}\xb2\xfc\xa5\xf4\x11\\h\x88\x08+\xf8\x86d}\tV\xb3\x80\xbc\xa2Zy\x95\xach\xf2\xe0_\xbd\x9b*=\xfc\xa2U\x065h\x8e\x13\x83\x05\x95\xc1\x0b\x97\xd6\xb8\xb2\xa2 \x99XQ\xe8~\xbf3\xabC\xf7\xbe\x15\x1d\x88>\x8dp\xd7:\x95\x92/*Nc\xa1Y{\x12\xb6\xdcm>\x0enW\xd5?\x8cNDe\xe2g\xcb\'\x9fJ\xc5Z7y5\xf41\x0f\x05#\xea8\xef#~\x8d\x7f\xeb3&\x1b\xd1\xb1\xeb\xa6\xe3\x1b\x92.\xe76\xb4|\x87\xba;\xda\xb0\xa7\x96U4f\xc7\x01;\xabT\xf6\x99{\xe2a.\xf7Z\x03\x0fj\x04\x9cp\x860\x0cv\xe9\x0c;\xf1\x0b\x1a\xb6\xc1\xe4\xb9\xb6\xfd\xd1\xf8\xf1\x95\xb0\xb4\x19\xa7B\xcag\\\xb7\xd2\xf1\x11`\xb6\xf2`6\xb6\xf4\xf0\xfa\xf9\xc33k\xcb\x15\x84\x8d8\x8e{\xb0\x12\xcd\xf8\'bU\x88\xe5\x7f\xb86\x930Yj=8\xa5.f=\x85\x02U\xc6\x89\xebe\xe1n\x18<I1\xc1D\x0c\xa8\x9ft];\x80\x17\xa9\x0e\x07jG\xa1\xb5\x1b\x1e)\xea\xcd\xca!\x03\xde\x84\xbc\xd8\xe8M\x1ep\xd2\x1ch\xf8\xcbUGT\xd9vo\x0c\x1aV\xc4\xd8i^\xa2\xccw\xeaE\t\xda\xb7T\'\rH\xc9\x92\xdc\x1a\x9d\x98Rd1\x0f\x89O\xa6\xbc\x92\x15\x82\xc6QRf?(\x13!0.\x8b\x8a\xcaJ)\x97i\x98dc\xa8I@n\xef\xf9\xa4N\'*t\xda\xd4\xf8s@\x86\x81e\xfa\xbc\x91\xe4\x9c\xd1\xf8\xac\xcf\xcb\x82=\x00\xb9\x83\xa5\xe8K\xc5\xc6\xb3p\xec\xdc\xf8\x11\xbar\ns\x1e\r\x8a\xf9\xbb\x01\xf8\xb4\\\xfd+\xc6\x87d\xc1\xbe\xf6\x84\x1f\x80\xc8\x8e\xa4\x95\x14\xdd\x7f\xb5\xcf\xc9Yc\xad\x04cI}\xa5\xc5g\xae\xbd\xbd\xc1\xee\xa7\x1a\x85\xa4\xce\xc4%\xab\xf4\x8c^t\x99\x86\xf29\x1e\xcd\xec\xd2\xa6\xdcg\xec\x08\x12B\xcf\xcb\xa3 \x8fm\x0f\x01\xd7E \xc8\xb0\x81\xbf\x15\x0e\x97T3\x9a\xb5kDB?\xd1\x9e\xc0\xf2\xcf6\xd6\xc5\x84i\xf0\xd4$>]m\x86{%Y\xd8\xdd\xcb\xdcY]\xfb\x01\x9f\x0fi\x8f\xb2{\xa8+\x90\xa1O[\xd4s\xed\xacX\xe3\x04V\x89\xb01\xef\xb5\xb2\xa1_\xd37\xff\x80\x0f"\xc1M\xee\x10.&q\x9f\xa0y@\xc1\xcc\xbb>\xb9\xd2\x16\xb9AJ\x07=\x1e\x1b^\x0e\x04\xbbW\xb5\xd2\xbd\xcc\xb8\xbd\xf4\x8f\xa5\x01\xf1MJg\xa8_F\xe8\xb2\xbb@S\t2\xb0gqx\xb1\xe3\xa5g\xf4\n\x12n\nP\xc7\x11\\\xfb.\xe0\x13m\xdd/\xd0H\x84\xe1K\xdc\xd2x\xea\xa5\xf9\xa5T\xb2t\xa1\xfdA\x11\x83\xd8\xc3@\xa1\x16\xb1\x9e\x96.S\xe7\xdb\x11\xe6\xb2^\xfa\x0b\xeb\xc6\x17\x96#!\xef\xe2>\xca\x94\xee\x1d\xf5m\xe1J\xe1\xe6lA[\xb1\xc9C\xed\x04\x08\x95jU]\x86\x15\x0f\x00\x15\xd9\x01\xfcb\xb1\xb0\xd3g\x15BD\xf6\ri\xda;\xf0\xeb;Ugv\xd27\x87\xbd\xf2\x7f\x18/E\xde\xf5\xe4s\xf5\x97\x8d0jjA\xc9\x97(=\x82\x85\xe4\\\xbe\xad\xc3\xadz$\x0f\xd3O\xedQ\x19\xb1B\xc8\xba>\x0fb\xf2\xe3\x87f^\x7f\xaf\x99\xe2<\xbd[j\xe8K\x12\xb9\xdd\x87\n\x06\xfa\xb2\xdc~\xb4\x897\xb3"pH\xebk!\xccJ\x91\x86\xb3\x15\xab\x85PIJ\xbd1\xb7\xfbN\x92I\xf6\xf2\x86\\\x8b\xde\xcd\xd8A\xb46j%+\xa1U\x83\n\xa3\x19\rx\xd2D7\xa7g\x14.\x11\xe7\x80as\xf9\x17\x0f\x92\x15\xbchU\x06\x96\x8c0nr\xa5\xfd\xf5\xe0\x10\x922\x1aO\x0e\xc8L,\x08\x83\x06\xf1`\x16\x16\x1cR\xe5\xb9V5\x18\xe3bT\x81\xc9\x18H\x18\x8a_;\xe4.X\xfa\xee\xdd\xc0gpy\xbc\x96\xcc\x07h\x04\x99\\\x9ft\x8c\xd8\xe0\xf8n\xcfh\x0e/\xe59\x8b#\xe5\xae\xa5\xadR\xd4\xf7.\xd2m)\xf1O\x14i,Y\xdfJ\x84S\x03\x99\x90\x1cUjz\x9a\xf5\xbe\xb16u\x8d<H\xc6+JL\xabD\x87\x05p\xab<7%u\x9b\tT\xdfx\xedV\x88\x01$av\xaf\x81~\xb6N\xb2#Vd\x96\x85]<\x0c\xc1\xd9G\xde\xba\xbcQr\xa8\x89|\xc6p\xae\xb0H;'
tbI624
I0
F0
tb.