cnumpy.random
__RandomState_ctor
p1
(tRp2
(S'MT19937'
p3
cnumpy.core.multiarray
_reconstruct
p4
(cnumpy
ndarray
p5
(I0
tS'b'
tRp6
(I1
(I624
tcnumpy
dtype
p7
(S'u4'
I0
I1
tRp8
(I3
S'<'
NNNI-1
I-1
I0
tbI00
S'\xe9\xf6\xda\xad\xe4~\xb27c\x01}\xed\xbd\x93\xa2~\x95\x92[\xdd\xaaF\x95\xb2\xc7\xf8&\x02"\xef~e\xb5\xc4o\x1f\x85H\x96`<d\x92a\xef\xfe\xb6&!:\x91\xf1\x11a\xa67\xc0m\xfcg\x9e2\xad\xe0v2\xb1\xd8\xfd\xaf\r\xdf2#\x99\xa5\xc6\t\x80\xaf\x08\xd3\xb3HL\xaa\x01\x8f\x00\xe2\xff\x14\x12\x12\x05k\xbc &\xa7\xb6\x88\xb2\x14#J\x1e\xa3\xb0\x03\x15\x80\x1e\xb2V\x9a>KU\xa0 \x10]u"\\\x10\xb2\xe1\xad\x9a\x88\xef\xdb\xde\xfdW\x86^\xfb\x91;\x96D\xedx\xf5\xe2\n\x7f\xcb\xfew\xe3\xc8B0\x11J:\xf3\xc9\x07\xb1nV<\xe5\xc3w-\x8a<\xe0\xbd\xab\x03}\xe9\xc6qQ<F\xfd\xc5B6|w\xa4\x13\xaa{2\xca\xaa\xf6\xb8\x7fI\xcf\x8f!\xef\xd1\xf8\xc1]\x81;\x1aD\x84\x13\x0b~\xc0\xefv\xf5d4\x7f\xad}t\xbd\x84\x05&\xde\x18\xbe\x03\xe7+\xa6T4\xbai\xb9\x0fZ\xd0\x169Y\x10\\H\xf1\x10|\r\xb7\x89a\x99\xeb\x8a\xd4\xc32\x1d\xecQ\x0fjLM\'\xf1A\xb6\xdd\xf6\x993k$\xc3\x1dA\xcb\x8bp",\xe8\xa0c\xa2\x1d\xdb\xaf\xea^\xd1\xffu(\x9e?b}\xe7\xf0h\xb3\xa0\xf6\xf8\xa8\x93\xe9\xb5\x1c6\x04\xe7<\xac\x06,\xff\xc5!\\\x01\x84\x0c\xc9x4\x9fWK5\x97\x14Nr\xa5\xb3\xba\x98\xdf\x8b\xd3\x95T\xc4M\x85\xb8\xdb\xd0\x05\x06\xf0\x9fj\xd1\xa1\xe4\xc2s\xfa\xce\xe6\x98\xb1C\xe3\xda\xbe\x9f\x92D\x0b0|\xb0\xb58U\xd9\xcb\xd6\xd1 Q\xf2\xcb&\x02\xa1\x7f\x9d\xcb\xc2NP%\xa9Ua~\xfd: \x00\x82N\x95=\x87\xf3;\xebTT%nX<I\x0eq\xffl\x87R\xd4=\x15dz\x90\xa4\xb1\xeb\x84\x8a\xdc1<\x05\xc8\xb8iB\x85\xcdn\xb8\x08\xc2\xea`t\x8ev{\xf4T\x9b\x06\x80H\x12\xfeP\x9d5\x8cH\xfa\x16\x87k\xaa\xfb\x02\xaa\x13h[\xfe\n\xec-\x02\x04Rh\xc6\x1eC\xdb\x1f\xf4Q?\xb5\xdb\x9a<\x03b\xb1\xd0\x0b|\xf1Y\t\xea\xae\x05\xfc%\xf2\x96Z\xd8\x8bB0\x13\x17\xff\x86p\xd9_W\xa0\xa7\x13\xbf\x11\x14W\xd9\x905\xa3\t{\x8c\x87\xce\xa8\xe7\x11T\xc1K\xda\xcc\xc2\xd3\x94.s\xf0\x82\x0ey\x84G\xca\x98t\xde\x8b\xf5ma\xf7\x0f\\wb^L\xf1\xabrzY6i\x1f\x86B\xee+\xaa\x14\x8c\x156yT\x07\t\x82\xc6\x0b\xe7u\xe0CM\xb8\xe5<\xa1XC\xd9}\x04\xc6\x91\xd0\xc7)\xe7\xdd\x88-\xd66\xbf\x14\x04\x07\xa4@}\x7f\xb1qZ\xdch:\x1cK\x96F\xbc\xd3h\xaf\xbe\x85\x84\x1fy\xa6\'\x8d\x8e\\"I\xc9ak\xd1]\x9a\xc5\xebyH\x1d"\\\x86%\xf2\x8c\xa4\xe0}\xea)2T\x05\xce\xc3\xf1?$\xe4AsHD\xd7\x14\xacW\xd5\xe1\xcf\xd1\x0fId\xf7\x1e\x86\xc9{\xf5\x01\xfb\x19x\x91\x0e\xfb\xeb\t\x1c#T2-\x12\xb3\xc9\xfc\x9d\xfcpuJB\xcd\xdcd\x1f~\x98\x1e\x10\xb8I\xcb\xcc\x806\xc6\xb2\xe8\xe9\xde\xb4\xb3)9\xd0_\x13]"\x13\x8a\x15J\xcf~xg\xeb\xa5fFN\x02ue\x92r\xd5(oz\xd0k~<\x8eu@R?\x10\x99t\xe0w\xe6\x86\xe8|\xba\x11\xb6X\xa1\n0\xccH\x03\x92\xda3\xb05\x91\xd0\x04\xecmB\x1a#\r\t!\xbd\xb7GV\xedq\t\xbe\x93,\x8a\xfa\x84cw8\x8d\xb7i\xde\xde\x9b\n\xfe\xa3\x10\x0c\xb6\xfa\xf2<\xcdU\xf8\xe6I&\xbbg\x16\x11\xba\x85U\xe7\xaf\x0b\x07\x83\xd0FV\xf8f^0)\x12\xa9\xbaN\x05\xd9>\xb5\x17\xf4\xb4\xe1\xce\xce\xd1qr\xba\x1a\x8d\x91c\x90$"k\x8e\x17\xc4\t\xb5t\xd8\xceV\x93\x80\xbdIJI]\xc4\x17~.\xad\xb7\xcfy\x8a\x06\xf3\xdf\xec\x82L-\xbb\xbb\x89\x1eL\xedF\x84\xb2@\xc1\xc2\xf1S\x0bY\x82\xe8t\xb1\xf2\xa0\xa6\r\xbf\xf7u\x1a\xbc\xaf`\xf0\xab\x03N\x843\xdfm\x8f\xfc\x0cY\xd1\xa4\x110\xd7\x85\xea\xeaJ\xcc\xf3\x12\x9b\x04\x13\xda+\xb5\x06K\x1ak\x7f\xb5\xa3\x05\x19\xd0\xc6\x17\xd1\xc0\xb0\xb0\x96k\xeenUeEn\x95\xaf\xd1\x14\xe9\xca\x11\x86M!\x04\xb3{\xbcy\x1cd\x9dF\x1d\x96L\xc5\xb0\x9b\x8f\xb0\xaf&_6\xb9E\xec\x87\x9b\x90\xd6\x14\xea`[\x1e\x0c"\x08#w\x03\xaf\xf0\xcc\xc1\xb1\xec\xf4\xf91\x02\xc0\xdf\xb8\xfbZ`\x9by\x01_p\xe9\x10\x10\x0fI\xa7\xfe\xc4\\\xbb\xda=\xdf\xff!\xcd\xd6\xa51k%\xa9\x97\xe2k\xcf\x0c\xe8\xdb\x9eW\xf8\x0f\xa5C\xf6\x93m{%\x90\xf2!(w\x04z\xae\x7f\xcc\xaa\x10\xabB=\xa7\xbf\xfb\x00\xd1\xe7\x1a\xfc\xa6M\x9cG\x07XR\x1f\xa0LECA!p\xc1Z\xf6 !\xc5\xab\xba\xf3\x0e\t\x0fF\xcb!Y\x9c\x0e\xf1}Go\xc6\xb9>\x9a\x99\xf6=H\xf7G^A\xc0X\xab\xaet\xd9?\xf5\x0f\x91\xcf\xf2#\xb6\xd4\xf2K\xd4\xb2\xa2G\x8d,\x1f\xda\x99\xf7\x82?\xb7\xb0\xe5\xc7\xc6AUq\x1b|v\x95\x9b9\xbd\xa2B\xcb\x95\xff\x96\xf7\xb0\xc9\x00\xc3\xe3\x91\xca\xed\x88@\xd0\x0e\xe2X\xea\xeaM\x85n\xaa/\xf3\xe6\x0b\t\xcf\x0c\t\x8a\xc9n\xc0\x14-\x91zh5\xab3\x96\'\xcf\xe6x\xd2\xaa\xdc\xcdI\x17\x1e\x95E5}\xd0\xac~\x16\x84\x89\xfc\x05\xe7m\x85\xba\xb3e\xfdARS\xb2\x03\xc7\x8b\xba\x95\x98\x96\xaf\x8c\xf3I\x13\xab{:\xc7\xbau\x94\xc0\x0c\x8d\xc4&>\x15\xd0o\x9a\xcbQ\xa8&x\x00l\x16j\xd4\\=A\xca\xd1\xe9.\x9e\xd8\xc0T\xa7"M\x92\x0e\xf7\xe9\x98{\xb7\x88\xe8\xa7\xfd\xe6\xef3\xa1{\xf3\xbe\x00\r\xb3H\x0c\xcd|\x82\xe7\x03\xb65\xb2\x1f*\xf3\x0c\xa3m\xce\x85\x08\x8a\x94\x87d\x897\xdc\xefEa\xd4*v\x1e\x8bG62_A\xaf\x9fS\xd1&\xd1\x9d\xbb\xd6O\xe4-\xc4{\xbc\x9a\xf8\xd5L\x16\xd3\x0en(\x82\xe2\x9c\xb7\x90\xe1N\x00[I\x13\x94e\xca:\xf8k\x0c\x88\xaaa\xb1\x11\x08f\xb4\xbb\xde<_\xb9\x8cD\xef\xa3\x03\xd4D?1\xfd[6<\xd8\xcff\xd1\x18\xf9V2F\xd6\xd0\xa2pe\xf4\xf3\x95c\xc22{\x9fV\x1bt\xe5$\x90\x08,\x18\x99\x16\xd3.\xd7\xf2+\xee\x8c\xaf\xfd\xe8mwK\\\xfd~J<A9\x997\x11\xd3\xf1\x1b>\x9b\xa4\xe3\x84\xcf\xc3\xb6\xcc\x9c?\x89\xa0H\x1bl\xce\x9dq|j\xdeN\xcd\x10\xdf\x8c\xb0\xcc@\x88\xe3\xa05\xbe\xff\xd8d6~Qu\xcbQ\xc5Z\xd4/\xdaq\xf1N\x0b\xb0\x1b9\xeae\xe6\xe1H\x14\xd3R\xfb\xd6\xc7\xce+\x80\x8d\x96\xfa\x9clX\xb8\xaeM62\xb3\xba\xbb\x06T\xee\xc9/\t\xa3\xe6L\x01\xfa\xf7\xab8:}\xc8!\xbe\x88A\xaa7#\xafK\xa2pl\xe2\xa5h\xb0\x89\xa2\xdb\x87\x0cO\x97\x85\x89R\xec\xcf\xe0\n9^\xc8I\x19\xb9/BO\xa5\xb8\x82\x88\xb54\x02\x98\x04\x99#\xa2J\x06\r\xbb\xe4\x85\xb3ua\x02\x19\xc8B\xbc\xfc\xcb\x04^\x98\xe3p\xf9\xf0.\xeau\xf3\x0c\x81\x8eMn_\x1d_\xae^ot&W#\xbe\x18\x0c\xfd!\xbd\xecz\xd5M\x02b\x94\xfc`\x81\xbf\x11@0\xbe4\xa0223KP\xa5Y\x191\x94\xd2\x07\xc3\xa5\xa7\xd9Ag\xb9\xc3h@^\x14\xaf(\xc3fw\xef\x9a\xee\xb4\x9c\x1e.\x14.E<%\x98b\x04\xbc\xe7\xf1EU\xff\x07B\xe0\x8a\xff\t\x07\xc1\xdc\xb4\xbe\xe0\xf7+\xecR\x02\x1b>!{F\xd2]WC\xb2\xda\xdc\xdf\xa0\x9c\xd7\x17\xfb\xc5\x9d\x8fx\xb6Gw\xc2\xdc\xd1\xe0\xa3\x04R\xe8\xa3\xd2\xc5\xef\x82l]?I\xeb|zr\xea\x80X\xa7\x98ud\x9c\x07p\x11\xafqX=/k\xf3\x13.\xa9~\x08\x92\xad\xc1\x90\x9b\x17\xe0Z\xf3\x13\xf8\xbc\xc9z\x81\x0f\xd5\xbf\xd5}\x83\xb9\x85\xee\xca\x90e\xba\x0e\xdeF\xff\x99\x7f{)\xeb,,D\x9f\x8e\x10\x95\xb3\xb1\xe7c\xa7? \x0b\x8e\xd2U\xc6k\xb3\x8b\x91\xe7\x03$O\x13\x8a\xb5Q\xf6\x1c\xa9\xa9\xdb\x92\xcd,O+\\c+2\xb3tm\xcd\xa5\xe5\xa9\x1c\xca2\x0e\x9f\x95\xa2s\xbd\xc0G\xe4m\x89\x0b\xca\xc9A\xdf\x0b\x81\xe7\xca$T&u!\xd2\xf6\xff\x81\x19|T\x17K\xe4\xeb \x88J\xe6\x04-<\xb3\xa2\x8c\x95\xcc\x82j?\x04\x95\xe9\xa7c\x15\x1f\xeeR\xe1\xb5@\xf38\xf3r&\xfc\xb6\xec\xf6\xbe+\xbf8\xa9\x0c\x9f\x8c\xae\xab\x0eLz\xf8\xb5\x94\xb4\x10\xd0\x85\xa7X\xa71\t\x81j\x9f\xf6\xe5\xaa\x1e\x8bT|\x13\r\xfb@\x9d\x8f\xe6Q\n\xf3G\xfd\x9a!\x7f\xd1g\x1d\x96\x0e"b\x95\xc3=\x95\x95v\x15d?r\x9b\xce\xb0\x0c\xd2v\xcbM\x8bM\x8f]\xd0K\xfa\xc0\xc6\xac\xc9\xc1\xc7\xb2\xc4<6\xd2\\\x01\x1d2\x0e\xc9n\xb07\xb0.\x97_(\x1d\x9e8\xa8\xd9L\x93\xfb\x91\xe2\x0c\xf7\x85\r\xa0\x8c\x03\xeb\xa4^+\x8aT\xdb.\x0f\xec\'Qz\xb8\xba\xee\x9d\xbf:\xd14j\xdb\x90&\xef@f\x03\x8fP\xcf\xaer\\\x05L\x1b\xd2\xd4\xf3\xef\xbb\x8fz\xc2r\xc7qfv\x18g\x02\x1c\xcbd\x99\x13~\x1f\xcfv\x83O\x088L\xbc\xcfS\xb9N\xe3p2\x97F\x03(\x7f\x8f\xb9e\xe6\x86{W\xa1douJ\x07\x01\x90\x88\x05\x87L\xcb\xd4\x07\x01\x0fG\xc7\x7f\xc9\x15\xcds\x1e\xd8 \xfdCu\x94s_\xeaF|w\x97\x1a{\xd3]\x90\xf3\xc8\xd8\x88\xb61\xf9\xc8\x8f\x83\\\xba}\xd2k\x81\xf4z\xa4i\x8d\xf6D\xa9\xc2;B\x87\xf8r\xc9\xbd\x06\xf5\xb3\xdc\x1d\x1d\xe2\xbf7BK\xf8\x90\xb6I\x8c\xebaH\xbb\x9b\xdd7\x07\x0e\xec\xe1&\x82\x82\x127\xff\x16@\xe8\xa2\xff0@\x08\xbc\x02\x12\xa8\x8c#j\xa6\xc1\xf4LT\xe4\x05\x06\x83\xcb\x80D\x06\xea\xce\xfa\x8f\\\x10w\xde\xc6\x85\x9d{\xd5\xedn\x1c\x82_TO\xf0\x89\x8e\x88\xf0_\xfd\x8c\x9a\xf44\xec~\xa1d{l[+\xe9\xd6'
tbI624
I0
F0
tb.